timestamp_iso,n_events,score,inf_ms,queue_depth
2026-03-30T18:06:17.733291,17976,9.414564,4384.47,50
2026-03-30T18:06:19.382329,8,12.426563,1151.17,50
2026-03-30T18:06:25.307444,3153,7.419442,4797.32,50
2026-03-30T18:06:28.800102,300,9.844712,2698.09,50
2026-03-30T18:06:32.997012,1091,10.055456,3429.35,50
2026-03-30T18:06:36.628543,369,10.448258,3548.75,50
2026-03-30T18:06:40.216708,389,10.246326,3196.31,50
2026-03-30T18:06:42.228799,9,10.184109,1270.02,50
2026-03-30T18:06:44.755784,240,9.158726,1921.27,50
2026-03-30T18:06:48.323100,215,12.180154,2407.45,50
2026-03-30T18:06:50.396280,91,9.426661,1465.39,50
2026-03-30T18:06:53.425027,292,10.229026,2386.34,50
2026-03-30T18:06:56.671585,290,10.261641,2742.32,50
2026-03-30T18:07:00.819497,393,10.053841,3685.92,50
2026-03-30T18:07:05.821667,2021,7.392391,4462.70,50
2026-03-30T18:07:08.003074,110,10.468771,1606.88,50
2026-03-30T18:07:12.838468,367,12.466894,3957.09,50
2026-03-30T18:07:15.685671,37,10.554199,1454.95,50
2026-03-30T18:07:17.084919,96,12.298787,1238.59,50
2026-03-30T18:07:19.485792,284,9.565286,1859.38,50
2026-03-30T18:07:20.889417,9,10.618366,357.09,50
2026-03-30T18:07:22.623164,54,10.390938,1119.60,50
2026-03-30T18:07:27.665584,5058,9.825153,4771.90,50
2026-03-30T18:07:30.590817,278,11.899350,2855.23,50
2026-03-30T18:07:35.714887,512,11.589655,4602.95,50
2026-03-30T18:07:37.428562,118,9.451396,1251.96,50
2026-03-30T18:07:41.258228,358,9.836040,3334.62,50
2026-03-30T18:07:50.594277,1301,9.038452,4558.97,49
2026-03-30T18:08:10.392573,399,9.892554,10170.59,49
2026-03-30T18:08:28.514628,345,10.062201,9986.83,50
2026-03-30T18:08:47.565943,173,10.536409,12989.74,50
2026-03-30T18:09:01.755024,2355,8.882303,9253.23,49
2026-03-30T18:09:14.341729,28,8.515439,8774.96,50
2026-03-30T18:09:29.313491,10,7.588959,9035.42,49
2026-03-30T18:09:42.185813,1668,10.237729,7428.75,49
2026-03-30T18:09:54.911049,9,10.481006,7535.11,50
2026-03-30T18:10:07.789136,12,8.217714,7406.75,50
2026-03-30T18:10:30.651554,525,8.172789,14318.71,50
2026-03-30T18:10:47.989185,12766,11.502644,9384.75,50
2026-03-30T18:10:54.895070,92,12.276999,3710.14,50
2026-03-30T18:11:05.454878,96,10.160435,6624.73,50
2026-03-30T18:11:18.656630,12,7.906483,7586.61,49
2026-03-30T18:11:35.036384,545,8.110476,7685.12,49
2026-03-30T18:11:46.014385,42,7.784030,1806.53,50
2026-03-30T18:12:00.572396,983,11.396133,9782.67,50
2026-03-30T18:12:22.841466,1487,15.212973,13537.20,50
2026-03-30T18:12:32.167992,78,10.371161,3942.37,50
2026-03-30T18:12:50.324058,291,12.972927,11206.63,50
2026-03-30T18:13:03.926100,88,11.187908,8723.88,50
2026-03-30T18:13:13.830760,16,11.226950,5714.51,50
2026-03-30T18:13:29.651545,127,9.717402,9010.16,50
2026-03-30T18:13:42.172637,1968,8.782825,8992.82,50
2026-03-30T18:13:52.132888,142,9.936763,3938.11,50
2026-03-30T18:13:59.080030,10,8.368958,1252.76,50
2026-03-30T18:14:11.017320,127,9.604022,6505.30,50
2026-03-30T18:14:28.514712,120,8.870089,13000.28,50
2026-03-30T18:14:40.862109,56,11.315817,8714.82,50
2026-03-30T18:14:51.083713,17,9.356814,6747.71,50
2026-03-30T18:15:00.522182,179,10.171084,7123.86,50
2026-03-30T18:15:17.491420,537,7.424133,11974.62,50
2026-03-30T18:15:37.616430,286,13.618798,12301.48,50
2026-03-30T18:15:53.843804,598,12.431828,11688.67,50
2026-03-30T18:16:09.712799,41,12.024489,10452.66,50
2026-03-30T18:16:27.651393,33,10.215202,12677.03,50
2026-03-30T18:16:40.432327,1205,15.348778,9204.90,50
2026-03-30T18:16:57.650579,134,12.190125,8620.28,50
2026-03-30T18:17:09.862827,948,12.769976,8204.96,50
2026-03-30T18:17:25.653592,9,9.421449,10013.42,50
2026-03-30T18:17:33.660622,148,11.333105,4684.08,50
2026-03-30T18:17:45.806098,329,10.592394,6030.67,50
2026-03-30T18:17:59.755330,151,9.885406,11017.44,50
2026-03-30T18:18:14.651985,201,13.656658,10178.20,50
2026-03-30T18:18:32.796980,1131,12.951757,12743.37,50
2026-03-30T18:18:48.655524,5802,10.954312,8953.72,50
2026-03-30T18:19:00.131895,11,12.533629,6510.30,50
2026-03-30T18:19:12.224740,10,7.788782,6028.44,50
2026-03-30T18:19:25.981096,200,8.457631,9853.64,49
2026-03-30T18:19:38.651498,24,10.289273,6979.21,50
2026-03-30T18:19:51.571558,484,10.544966,7457.00,49
2026-03-30T18:20:01.563001,17,9.627606,6370.10,50
2026-03-30T18:20:06.876303,9,10.022973,2599.30,50
2026-03-30T18:20:20.805251,329,4.468156,8605.41,50
2026-03-30T18:20:35.805872,16,11.212892,8613.00,50
2026-03-30T18:20:50.879579,62,12.174653,8964.51,50
2026-03-30T18:21:01.944101,12,7.767708,7090.64,50
2026-03-30T18:21:12.831001,10,9.500589,6950.83,50
2026-03-30T18:21:32.755610,3225,8.298615,12727.37,49
2026-03-30T18:21:50.651405,10,9.230305,10273.37,50
2026-03-30T18:22:00.651545,576,9.638855,5610.57,50
2026-03-30T18:22:15.589157,61,9.637785,8323.04,50
2026-03-30T18:22:34.560836,674,11.154100,13935.78,50
2026-03-30T18:22:48.913528,13,9.124621,5630.83,50
2026-03-30T18:22:58.189951,76,12.370138,5727.64,50
2026-03-30T18:23:11.014524,444,13.012997,9249.36,50
2026-03-30T18:23:24.099913,937,12.322991,9421.05,49
2026-03-30T18:23:36.213045,13,8.007804,5930.53,50
2026-03-30T18:23:46.934682,20,11.818457,6751.35,49
2026-03-30T18:23:58.761584,12,8.808182,4465.55,50
2026-03-30T18:24:06.441181,78,10.942189,4989.18,50
2026-03-30T18:24:19.312755,202,9.802299,7623.54,50
2026-03-30T18:24:36.739784,727,11.252856,10699.33,50
2026-03-30T18:24:51.069571,1105,10.477422,11532.63,50
2026-03-30T18:25:00.398634,449,8.118406,4649.67,50
2026-03-30T18:25:13.651335,3310,9.173597,9325.78,50
2026-03-30T18:25:25.804939,286,9.932558,9256.46,50
2026-03-30T18:25:36.652963,38,10.074385,6541.29,50
2026-03-30T18:25:54.568031,156,10.963815,10483.08,50
2026-03-30T18:26:06.357661,67,10.109810,7883.54,50
2026-03-30T18:26:22.198661,11,7.574696,9564.05,50
2026-03-30T18:26:43.514581,21,10.388997,11981.71,50
2026-03-30T18:26:59.040207,13,8.569448,7432.89,49
2026-03-30T18:27:13.514485,21,12.155682,7320.64,50
2026-03-30T18:27:27.746679,208,10.118278,10351.93,50
2026-03-30T18:27:40.805396,158,10.870218,8781.18,50
2026-03-30T18:27:56.235136,105,10.255597,10195.01,49
2026-03-30T18:28:08.444013,25,10.641650,7301.98,50
2026-03-30T18:28:28.881014,1187,12.241569,12906.84,50
2026-03-30T18:28:45.165321,656,12.153218,11800.69,49
2026-03-30T18:29:00.612978,466,11.536709,12908.48,50
2026-03-30T18:29:08.153135,187,12.334494,4842.84,50
2026-03-30T18:29:21.862985,225,11.256378,5701.02,49
2026-03-30T18:29:33.798942,78,9.432333,9999.40,50
2026-03-30T18:29:44.811981,30,9.431953,6280.19,50
2026-03-30T18:29:52.894741,9,9.537164,4063.81,49
2026-03-30T18:30:02.174042,24,9.017765,7423.64,50
2026-03-30T18:30:13.052068,12,8.033671,4801.44,50
2026-03-30T18:30:26.014756,43,9.971296,8787.33,50
2026-03-30T18:30:38.161449,3523,8.848674,8612.67,50
2026-03-30T18:30:45.208936,1109,12.351401,4733.94,50
2026-03-30T18:30:51.082157,24,14.294523,3886.22,50
2026-03-30T18:30:54.063602,39,10.024814,2979.81,50
2026-03-30T18:30:58.042127,8,9.237933,1629.72,50
2026-03-30T18:31:06.080449,136,15.500695,7000.23,50
2026-03-30T18:31:07.946927,20,9.641035,600.92,50
2026-03-30T18:31:12.262237,29,10.520422,2853.33,50
2026-03-30T18:31:13.923764,12,8.273026,794.18,50
2026-03-30T18:31:22.602975,1452,14.684666,5867.36,50
2026-03-30T18:31:25.147553,14,8.017224,814.26,50
2026-03-30T18:31:31.291905,16,10.984203,4545.89,50
2026-03-30T18:31:39.430330,673,15.055843,6100.89,50
2026-03-30T18:31:42.722082,11,9.029589,755.00,50
2026-03-30T18:31:54.687749,2589,8.818513,6703.50,50
2026-03-30T18:32:01.853860,10,7.980825,3542.64,50
2026-03-30T18:32:12.821084,355,9.538263,8927.89,50
2026-03-30T18:32:24.688525,4031,9.285190,7860.19,50
2026-03-30T18:32:32.509770,26,9.145072,5971.84,50
2026-03-30T18:32:46.316993,94,9.204659,9561.87,50
2026-03-30T18:32:51.912541,13,9.524358,4711.71,50
2026-03-30T18:33:00.561576,334,13.215181,6961.86,50
2026-03-30T18:33:09.251174,842,11.628732,5936.84,50
2026-03-30T18:33:20.049232,259,9.926517,6347.81,50
2026-03-30T18:33:28.609447,130,9.929547,5277.64,50
2026-03-30T18:33:39.978874,272,9.771431,8705.64,50
2026-03-30T18:33:50.666000,246,9.408854,6408.82,49
2026-03-30T18:34:02.221758,528,9.455635,8088.95,50
2026-03-30T18:34:09.222823,39,5.100626,3569.39,50
2026-03-30T18:34:11.297507,162,15.086351,1442.77,49
2026-03-30T18:34:24.723970,257,11.465706,9943.90,50
2026-03-30T18:34:32.196379,10,10.545338,4962.18,50
2026-03-30T18:34:40.411301,1430,12.588393,6973.95,50
2026-03-30T18:34:45.990171,284,8.502698,2973.62,50
2026-03-30T18:34:51.070549,116,9.065884,4538.51,49
2026-03-30T18:34:59.680874,2821,10.457572,5867.60,50
2026-03-30T18:35:03.231642,12,8.260356,2121.82,50
2026-03-30T18:35:08.514206,161,9.688365,3338.30,50
2026-03-30T18:35:19.705980,656,9.488774,8521.00,50
2026-03-30T18:35:27.395782,14,10.404180,4525.67,50
2026-03-30T18:35:35.831315,726,8.088854,5188.74,49
2026-03-30T18:35:41.317922,12,7.804240,2834.77,50
2026-03-30T18:35:48.578534,13,9.054878,5536.79,50
2026-03-30T18:35:52.818768,8,10.039312,2928.10,50
2026-03-30T18:35:57.651326,325,13.256461,3199.62,50
2026-03-30T18:36:00.373249,12,8.116690,688.33,50
2026-03-30T18:36:03.611515,92,8.458295,1800.37,50
2026-03-30T18:36:14.109866,27710,9.762313,6256.23,49
2026-03-30T18:36:26.517010,2509,10.413990,9102.22,50
2026-03-30T18:36:33.673637,644,9.146791,4521.37,50
2026-03-30T18:36:37.936307,52,9.721126,3304.26,50
2026-03-30T18:36:40.985094,26,8.261102,2466.86,50
2026-03-30T18:36:43.141300,50,9.543348,1829.17,50
2026-03-30T18:36:44.181833,22,11.090270,1039.35,50
2026-03-30T18:36:45.826488,11,12.681866,1328.91,50
2026-03-30T18:36:48.919963,109,10.346585,2750.27,50
2026-03-30T18:36:53.078324,22,11.289920,3207.01,50
2026-03-30T18:36:59.864847,11,9.110043,4829.24,50
2026-03-30T18:37:01.934202,11,10.047053,719.48,50
2026-03-30T18:37:05.202486,13,9.850139,1734.78,50
2026-03-30T18:37:14.522978,1217,8.936995,7117.54,50
2026-03-30T18:37:19.171971,11,8.809121,1582.04,50
2026-03-30T18:37:28.190096,427,10.870198,6039.01,50
2026-03-30T18:37:30.652408,14,9.972279,978.57,50
2026-03-30T18:37:39.708655,56,7.586350,5914.78,50
2026-03-30T18:37:44.631250,39,10.134470,3134.60,49
2026-03-30T18:37:48.659808,46,10.578523,1685.34,50
2026-03-30T18:37:52.310802,37,8.030815,2558.91,50
2026-03-30T18:38:00.646050,136,9.615660,4311.58,50
2026-03-30T18:38:11.497329,229,9.580331,7824.47,49
2026-03-30T18:38:19.194479,111,11.446100,4765.37,50
2026-03-30T18:38:22.569327,11,12.750766,1233.58,50
2026-03-30T18:38:27.922454,9,10.265812,1563.72,50
2026-03-30T18:38:35.764935,17,10.333801,3740.49,49
2026-03-30T18:38:46.676001,713,9.245538,7548.86,50
2026-03-30T18:38:53.709036,10,7.666199,5632.68,50
2026-03-30T18:38:54.747977,18,9.841100,571.12,50
2026-03-30T18:38:59.704072,11,11.703089,2354.95,49
2026-03-30T18:39:02.895507,12,8.197307,1994.30,50
2026-03-30T18:39:10.435479,380,8.697386,4857.68,50
2026-03-30T18:39:15.573592,10,8.409937,3204.11,50
2026-03-30T18:39:20.897293,68,10.848646,3657.64,50
2026-03-30T18:39:27.045322,18,10.446279,4634.99,49
2026-03-30T18:39:37.034253,3047,9.441869,7431.10,50
2026-03-30T18:39:50.131518,2899,8.215828,7598.75,50
2026-03-30T18:39:57.542332,59,10.229672,4128.95,50
2026-03-30T18:40:04.176463,705,8.931488,5864.40,50
2026-03-30T18:40:13.780575,1314,11.851842,7428.38,50
2026-03-30T18:40:21.891785,118,9.782004,4098.28,50
2026-03-30T18:40:28.933901,192,9.895103,2480.74,49
2026-03-30T18:40:43.039529,1731,8.149764,9495.57,50
2026-03-30T18:40:52.917044,275,9.984221,5646.15,50
2026-03-30T18:40:59.936731,21,10.891351,4244.79,50
2026-03-30T18:41:01.443309,52,9.510848,808.15,50
2026-03-30T18:41:08.668241,22,10.413022,5385.35,50
2026-03-30T18:41:12.002060,22,11.317980,2927.79,50
2026-03-30T18:41:20.609902,1488,11.686066,5354.47,49
2026-03-30T18:41:24.008286,45,9.645394,2343.46,50
2026-03-30T18:41:26.144564,86,3.866065,1197.68,50
2026-03-30T18:41:29.117490,262,9.586770,2495.95,50
2026-03-30T18:41:33.314986,31,9.748285,1746.17,50
2026-03-30T18:41:38.629204,10,8.219276,4949.58,50
2026-03-30T18:41:41.194549,40,6.561528,1783.59,50
2026-03-30T18:41:50.170275,1119,9.351681,5620.21,50
2026-03-30T18:41:58.613729,387,12.580232,5686.89,50
2026-03-30T18:42:07.577039,37,9.853412,6170.11,50
2026-03-30T18:42:19.621312,945,12.324767,7704.31,50
2026-03-30T18:42:29.597003,675,11.850855,7827.94,50
2026-03-30T18:42:34.133117,21,11.518524,2797.09,50
2026-03-30T18:42:41.014873,254,11.087389,5385.95,50
2026-03-30T18:42:48.218034,72,11.668821,2977.50,50
2026-03-30T18:42:52.842603,23,9.711215,2115.33,50
2026-03-30T18:43:03.824091,976,11.115228,8887.16,50
2026-03-30T18:43:08.836620,22,10.054225,2642.20,50
2026-03-30T18:43:16.897412,226,9.896183,5537.89,49
2026-03-30T18:43:24.673066,2489,8.775233,6201.89,50
2026-03-30T18:43:29.721812,8,9.893340,4015.11,50
2026-03-30T18:43:36.234957,20,9.131289,5025.27,50
2026-03-30T18:43:45.966304,128,9.287297,5679.50,50
2026-03-30T18:43:53.846508,203,9.860366,5854.91,50
2026-03-30T18:44:00.305439,124,11.426999,2146.10,49
2026-03-30T18:44:05.897027,1363,8.268641,3897.10,50
2026-03-30T18:44:21.014795,455,10.323719,10355.23,50
2026-03-30T18:44:32.043567,1648,8.378879,6130.82,49
2026-03-30T18:44:41.415333,359,13.703740,7476.30,49
2026-03-30T18:44:54.428634,917,14.458202,8846.03,50
2026-03-30T18:45:04.391074,1133,12.552755,7277.21,49
2026-03-30T18:45:17.651702,522,8.244789,9377.01,50
2026-03-30T18:45:29.411805,30580,9.204750,7671.33,50
2026-03-30T18:45:37.651871,105,10.519952,6234.56,50
2026-03-30T18:45:46.041577,10,9.898255,4354.47,49
2026-03-30T18:45:53.887922,21,9.927945,4464.57,50
2026-03-30T18:45:58.622035,20,10.035304,2637.36,50
2026-03-30T18:46:05.303410,43,12.124342,3538.05,49
2026-03-30T18:46:16.305394,21,12.083193,6618.41,50
2026-03-30T18:46:25.655488,687,10.179963,5314.77,50
2026-03-30T18:46:33.653492,69,10.976385,4580.29,50
2026-03-30T18:46:39.002211,152,10.218600,3754.93,50
2026-03-30T18:46:46.885091,292,8.510018,6646.94,50
2026-03-30T18:46:51.424016,104,10.994827,1419.26,50
2026-03-30T18:47:01.201121,2284,13.203188,8075.29,50
2026-03-30T18:47:11.651547,1064,9.429424,6904.39,50
2026-03-30T18:47:22.806135,209,11.053885,7726.47,50
2026-03-30T18:47:28.793535,211,9.921175,4064.19,50
2026-03-30T18:47:33.682090,113,11.095875,2087.56,50
2026-03-30T18:47:42.116558,22,8.362683,6443.90,49
2026-03-30T18:47:49.934026,110,9.434373,6000.13,49
2026-03-30T18:48:00.325132,212,9.427503,5875.40,50
2026-03-30T18:48:10.254464,1541,9.761572,6737.09,50
2026-03-30T18:48:16.727953,34,10.155391,2826.10,50
2026-03-30T18:48:21.992441,10,8.316190,3048.61,50
2026-03-30T18:48:33.637883,15069,10.829695,8400.72,50
2026-03-30T18:48:40.805754,176,12.208695,4381.54,50
2026-03-30T18:48:46.652416,112,11.476491,4772.77,50
2026-03-30T18:48:47.444759,45,7.493998,776.94,50
2026-03-30T18:48:57.503270,25944,9.052899,5169.32,49
2026-03-30T18:48:59.839814,40,10.162362,1872.84,50
2026-03-30T18:48:59.934951,12,11.051302,94.10,49
2026-03-30T18:49:00.061045,20,10.830892,125.14,48
2026-03-30T18:49:00.213890,25,11.412911,151.86,47
2026-03-30T18:49:00.386666,28,6.924677,171.58,46
2026-03-30T18:49:00.526694,20,10.314233,139.01,45
2026-03-30T18:49:00.626967,13,8.487400,99.35,44
2026-03-30T18:49:01.003708,69,11.534698,375.18,43
2026-03-30T18:49:01.104398,13,8.374423,99.58,42
2026-03-30T18:49:01.198513,10,8.996492,93.22,41
2026-03-30T18:49:01.325995,19,9.430785,126.47,40
2026-03-30T18:49:01.467675,20,10.264077,140.64,39
2026-03-30T18:49:01.597163,20,9.361925,128.50,38
2026-03-30T18:49:01.743114,20,10.308776,144.95,37
2026-03-30T18:49:01.832976,10,9.913300,88.90,36
2026-03-30T18:49:01.934366,12,8.634498,100.36,35
2026-03-30T18:49:02.034098,10,8.238961,98.83,34
2026-03-30T18:49:02.122715,10,8.793978,86.18,33
2026-03-30T18:49:02.221514,12,7.821271,97.80,32
2026-03-30T18:49:02.312492,12,8.361428,89.96,31
2026-03-30T18:49:02.463314,26,9.845209,149.63,30
2026-03-30T18:49:02.562401,13,7.993179,97.85,29
2026-03-30T18:49:02.652702,10,8.261936,89.38,28
2026-03-30T18:49:02.788283,20,10.083368,134.58,27
2026-03-30T18:49:02.920177,22,8.531277,130.81,26
2026-03-30T18:49:03.885266,224,11.212556,963.21,25
2026-03-30T18:49:04.223694,66,10.262646,336.66,24
2026-03-30T18:49:04.306592,10,8.660568,81.82,23
2026-03-30T18:49:06.609823,728,2.863967,2297.42,22
2026-03-30T18:49:07.039310,90,8.086539,426.71,21
2026-03-30T18:49:07.815363,165,9.161363,773.76,20
2026-03-30T18:49:08.875859,244,7.001090,1057.50,19
2026-03-30T18:49:08.953522,8,9.744136,76.35,18
2026-03-30T18:49:09.173698,40,10.744003,219.18,17
2026-03-30T18:49:10.972636,337,9.034790,1796.04,16
2026-03-30T18:49:13.490126,2137,10.069116,2508.36,15
2026-03-30T18:49:14.141684,129,6.439785,646.74,14
2026-03-30T18:49:16.592737,658,7.729612,2445.75,13
2026-03-30T18:49:16.698544,12,8.061695,103.33,12
2026-03-30T18:49:16.847703,22,9.549080,148.14,11
2026-03-30T18:49:17.109071,45,6.889807,260.16,10
2026-03-30T18:49:17.666020,110,9.251842,555.48,9
2026-03-30T18:49:17.789081,15,10.937503,121.97,8
2026-03-30T18:49:17.928865,20,9.299716,138.77,7
2026-03-30T18:49:18.017776,10,8.950286,87.90,6
2026-03-30T18:49:18.262786,45,11.320232,243.82,5
2026-03-30T18:49:19.771536,294,11.246800,1505.84,4
2026-03-30T18:49:20.014907,39,4.735155,241.65,3
2026-03-30T18:49:20.118410,15,8.208376,102.23,2
2026-03-30T18:49:20.244150,18,10.869443,124.55,1
2026-03-30T18:49:20.335973,12,8.124388,90.87,0
