[14:30:44][rank0] Vocab: 176 syscalls / 129 processes
[14:30:44][rank0] Train shards for this rank: 65  (total=65)  Valid shards: 22
[14:30:44][rank0] Model: TRANSFORMER  params=2,773,038
[14:30:44][rank0]   n_hidden=1024  n_layer=6  n_head=8
[14:30:44][rank0]   AMP(bf16)=True  compile=False  chk=False  DDP=False
[14:30:44][rank0]   batch=512  accum_steps=4  world_size=1  eff_batch=2048
[14:30:44][rank0] ======================================================================
[14:30:44][rank0] Starting training  device=cuda:0  total_steps~=15775  world_size=1
[14:30:44][rank0] ======================================================================
[14:34:36][rank0] Epoch   1/100  loss=1.5438  acc_e=0.00%  acc_l=32.21%  elapsed=0:03:52
[14:35:32][rank0] --- Validation @ step 200 ---
[14:36:02][rank0]   val loss=1.4304  loss_e=0.0000  acc_e=0.00%  acc_l=38.26%
[14:36:03][rank0]   New best val loss=1.4304 -> /scratch/yuvraj17/adaptive_tracing_scratch/adaptive_tracer/logs/transformer_duration_cats6_10954573/model_best.pt
[14:38:59][rank0] Epoch   2/100  loss=1.4112  acc_e=0.00%  acc_l=38.36%  elapsed=0:08:14
[14:40:51][rank0] --- Validation @ step 400 ---
[14:41:21][rank0]   val loss=1.2380  loss_e=0.0000  acc_e=0.00%  acc_l=46.82%
[14:41:21][rank0]   New best val loss=1.2380 -> /scratch/yuvraj17/adaptive_tracing_scratch/adaptive_tracer/logs/transformer_duration_cats6_10954573/model_best.pt
[14:43:21][rank0] Epoch   3/100  loss=1.2632  acc_e=0.00%  acc_l=45.53%  elapsed=0:12:37
[14:43:46][rank0] step=   500  epoch=4  loss=1.1789  acc_e=0.00%  lr=3.00e-04  elapsed=0:13:01
[14:46:08][rank0] --- Validation @ step 600 ---
[14:46:38][rank0]   val loss=1.1130  loss_e=0.0000  acc_e=0.00%  acc_l=52.37%
[14:46:38][rank0]   New best val loss=1.1130 -> /scratch/yuvraj17/adaptive_tracing_scratch/adaptive_tracer/logs/transformer_duration_cats6_10954573/model_best.pt
[14:47:42][rank0] Epoch   4/100  loss=1.1612  acc_e=0.00%  acc_l=50.07%  elapsed=0:16:58
[14:51:26][rank0] --- Validation @ step 800 ---
[14:51:57][rank0]   val loss=0.9936  loss_e=0.0000  acc_e=0.00%  acc_l=58.26%
[14:51:57][rank0]   New best val loss=0.9936 -> /scratch/yuvraj17/adaptive_tracing_scratch/adaptive_tracer/logs/transformer_duration_cats6_10954573/model_best.pt
[14:52:05][rank0] Epoch   5/100  loss=1.0809  acc_e=0.00%  acc_l=53.79%  elapsed=0:21:20
[14:55:55][rank0] Epoch   6/100  loss=0.9970  acc_e=0.00%  acc_l=57.39%  elapsed=0:25:11
[14:56:44][rank0] step=  1000  epoch=7  loss=0.9503  acc_e=0.00%  lr=2.99e-04  elapsed=0:26:00
[14:56:44][rank0] --- Validation @ step 1000 ---
[14:57:15][rank0]   val loss=0.9115  loss_e=0.0000  acc_e=0.00%  acc_l=61.30%
[14:57:15][rank0]   New best val loss=0.9115 -> /scratch/yuvraj17/adaptive_tracing_scratch/adaptive_tracer/logs/transformer_duration_cats6_10954573/model_best.pt
[15:00:16][rank0] Epoch   7/100  loss=0.9476  acc_e=0.00%  acc_l=59.49%  elapsed=0:29:31
[15:02:01][rank0] --- Validation @ step 1200 ---
[15:02:31][rank0]   val loss=0.8701  loss_e=0.0000  acc_e=0.00%  acc_l=62.94%
[15:02:31][rank0]   New best val loss=0.8701 -> /scratch/yuvraj17/adaptive_tracing_scratch/adaptive_tracer/logs/transformer_duration_cats6_10954573/model_best.pt
[15:04:38][rank0] Epoch   8/100  loss=0.9152  acc_e=0.00%  acc_l=60.88%  elapsed=0:33:54
[15:07:18][rank0] --- Validation @ step 1400 ---
[15:07:49][rank0]   val loss=0.8461  loss_e=0.0000  acc_e=0.00%  acc_l=64.04%
[15:07:49][rank0]   New best val loss=0.8461 -> /scratch/yuvraj17/adaptive_tracing_scratch/adaptive_tracer/logs/transformer_duration_cats6_10954573/model_best.pt
[15:08:59][rank0] Epoch   9/100  loss=0.8925  acc_e=0.00%  acc_l=61.88%  elapsed=0:38:15
[15:10:12][rank0] step=  1500  epoch=10  loss=0.8699  acc_e=0.00%  lr=2.97e-04  elapsed=0:39:27
[15:12:35][rank0] --- Validation @ step 1600 ---
[15:13:06][rank0]   val loss=0.8351  loss_e=0.0000  acc_e=0.00%  acc_l=64.40%
[15:13:06][rank0]   New best val loss=0.8351 -> /scratch/yuvraj17/adaptive_tracing_scratch/adaptive_tracer/logs/transformer_duration_cats6_10954573/model_best.pt
[15:13:21][rank0] Epoch  10/100  loss=0.8760  acc_e=0.00%  acc_l=62.60%  elapsed=0:42:37
[15:17:13][rank0] Epoch  11/100  loss=0.8623  acc_e=0.00%  acc_l=63.20%  elapsed=0:46:28
[15:17:55][rank0] --- Validation @ step 1800 ---
[15:18:25][rank0]   val loss=0.8241  loss_e=0.0000  acc_e=0.00%  acc_l=64.80%
[15:18:25][rank0]   New best val loss=0.8241 -> /scratch/yuvraj17/adaptive_tracing_scratch/adaptive_tracer/logs/transformer_duration_cats6_10954573/model_best.pt
[15:21:34][rank0] Epoch  12/100  loss=0.8513  acc_e=0.00%  acc_l=63.69%  elapsed=0:50:49
[15:23:11][rank0] step=  2000  epoch=13  loss=0.8371  acc_e=0.00%  lr=2.93e-04  elapsed=0:52:27
[15:23:11][rank0] --- Validation @ step 2000 ---
[15:23:42][rank0]   val loss=0.8087  loss_e=0.0000  acc_e=0.00%  acc_l=65.61%
[15:23:42][rank0]   New best val loss=0.8087 -> /scratch/yuvraj17/adaptive_tracing_scratch/adaptive_tracer/logs/transformer_duration_cats6_10954573/model_best.pt
[15:25:56][rank0] Epoch  13/100  loss=0.8424  acc_e=0.00%  acc_l=64.08%  elapsed=0:55:12
[15:28:30][rank0] --- Validation @ step 2200 ---
[15:29:00][rank0]   val loss=0.8011  loss_e=0.0000  acc_e=0.00%  acc_l=65.91%
[15:29:00][rank0]   New best val loss=0.8011 -> /scratch/yuvraj17/adaptive_tracing_scratch/adaptive_tracer/logs/transformer_duration_cats6_10954573/model_best.pt
[15:30:19][rank0] Epoch  14/100  loss=0.8349  acc_e=0.00%  acc_l=64.40%  elapsed=0:59:34
[15:33:47][rank0] --- Validation @ step 2400 ---
[15:34:17][rank0]   val loss=0.7983  loss_e=0.0000  acc_e=0.00%  acc_l=66.06%
[15:34:17][rank0]   New best val loss=0.7983 -> /scratch/yuvraj17/adaptive_tracing_scratch/adaptive_tracer/logs/transformer_duration_cats6_10954573/model_best.pt
[15:34:39][rank0] Epoch  15/100  loss=0.8289  acc_e=0.00%  acc_l=64.66%  elapsed=1:03:55
[15:36:41][rank0] step=  2500  epoch=16  loss=0.8212  acc_e=0.00%  lr=2.88e-04  elapsed=1:05:57
[15:38:31][rank0] Epoch  16/100  loss=0.8233  acc_e=0.00%  acc_l=64.92%  elapsed=1:07:46
[15:39:05][rank0] --- Validation @ step 2600 ---
[15:39:36][rank0]   val loss=0.7984  loss_e=0.0000  acc_e=0.00%  acc_l=65.96%
[15:42:52][rank0] Epoch  17/100  loss=0.8184  acc_e=0.00%  acc_l=65.14%  elapsed=1:12:07
[15:44:22][rank0] --- Validation @ step 2800 ---
[15:44:52][rank0]   val loss=0.7872  loss_e=0.0000  acc_e=0.00%  acc_l=66.51%
[15:44:52][rank0]   New best val loss=0.7872 -> /scratch/yuvraj17/adaptive_tracing_scratch/adaptive_tracer/logs/transformer_duration_cats6_10954573/model_best.pt
[15:47:13][rank0] Epoch  18/100  loss=0.8144  acc_e=0.00%  acc_l=65.32%  elapsed=1:16:28
[15:49:39][rank0] step=  3000  epoch=19  loss=0.8106  acc_e=0.00%  lr=2.82e-04  elapsed=1:18:54
[15:49:39][rank0] --- Validation @ step 3000 ---
[15:50:09][rank0]   val loss=0.7894  loss_e=0.0000  acc_e=0.00%  acc_l=66.40%
[15:51:35][rank0] Epoch  19/100  loss=0.8109  acc_e=0.00%  acc_l=65.47%  elapsed=1:20:51
[15:54:56][rank0] --- Validation @ step 3200 ---
[15:55:26][rank0]   val loss=0.7876  loss_e=0.0000  acc_e=0.00%  acc_l=66.48%
[15:55:56][rank0] Epoch  20/100  loss=0.8073  acc_e=0.00%  acc_l=65.62%  elapsed=1:25:11
[15:59:46][rank0] Epoch  21/100  loss=0.8043  acc_e=0.00%  acc_l=65.76%  elapsed=1:29:01
[16:00:14][rank0] --- Validation @ step 3400 ---
[16:00:44][rank0]   val loss=0.7829  loss_e=0.0000  acc_e=0.00%  acc_l=66.64%
[16:00:44][rank0]   New best val loss=0.7829 -> /scratch/yuvraj17/adaptive_tracing_scratch/adaptive_tracer/logs/transformer_duration_cats6_10954573/model_best.pt
[16:03:06][rank0] step=  3500  epoch=22  loss=0.8014  acc_e=0.00%  lr=2.74e-04  elapsed=1:32:22
[16:04:07][rank0] Epoch  22/100  loss=0.8017  acc_e=0.00%  acc_l=65.87%  elapsed=1:33:22
[16:05:29][rank0] --- Validation @ step 3600 ---
[16:06:00][rank0]   val loss=0.7747  loss_e=0.0000  acc_e=0.00%  acc_l=67.01%
[16:06:00][rank0]   New best val loss=0.7747 -> /scratch/yuvraj17/adaptive_tracing_scratch/adaptive_tracer/logs/transformer_duration_cats6_10954573/model_best.pt
[16:08:27][rank0] Epoch  23/100  loss=0.7989  acc_e=0.00%  acc_l=66.00%  elapsed=1:37:43
[16:10:45][rank0] --- Validation @ step 3800 ---
[16:11:16][rank0]   val loss=0.7748  loss_e=0.0000  acc_e=0.00%  acc_l=67.01%
[16:12:47][rank0] Epoch  24/100  loss=0.7965  acc_e=0.00%  acc_l=66.10%  elapsed=1:42:03
[16:16:01][rank0] step=  4000  epoch=25  loss=0.7944  acc_e=0.00%  lr=2.65e-04  elapsed=1:45:16
[16:16:01][rank0] --- Validation @ step 4000 ---
[16:16:31][rank0]   val loss=0.7773  loss_e=0.0000  acc_e=0.00%  acc_l=66.81%
[16:17:08][rank0] Epoch  25/100  loss=0.7942  acc_e=0.00%  acc_l=66.20%  elapsed=1:46:23
[16:20:58][rank0] Epoch  26/100  loss=0.7923  acc_e=0.00%  acc_l=66.28%  elapsed=1:50:13
[16:21:18][rank0] --- Validation @ step 4200 ---
[16:21:48][rank0]   val loss=0.7750  loss_e=0.0000  acc_e=0.00%  acc_l=67.04%
[16:25:18][rank0] Epoch  27/100  loss=0.7903  acc_e=0.00%  acc_l=66.37%  elapsed=1:54:33
[16:26:33][rank0] --- Validation @ step 4400 ---
[16:27:04][rank0]   val loss=0.7688  loss_e=0.0000  acc_e=0.00%  acc_l=67.34%
[16:27:04][rank0]   New best val loss=0.7688 -> /scratch/yuvraj17/adaptive_tracing_scratch/adaptive_tracer/logs/transformer_duration_cats6_10954573/model_best.pt
[16:29:26][rank0] step=  4500  epoch=28  loss=0.7886  acc_e=0.00%  lr=2.54e-04  elapsed=1:58:41
[16:29:38][rank0] Epoch  28/100  loss=0.7886  acc_e=0.00%  acc_l=66.44%  elapsed=1:58:53
[16:31:49][rank0] --- Validation @ step 4600 ---
[16:32:19][rank0]   val loss=0.7718  loss_e=0.0000  acc_e=0.00%  acc_l=67.18%
[16:33:58][rank0] Epoch  29/100  loss=0.7867  acc_e=0.00%  acc_l=66.52%  elapsed=2:03:14
[16:37:05][rank0] --- Validation @ step 4800 ---
[16:37:35][rank0]   val loss=0.7665  loss_e=0.0000  acc_e=0.00%  acc_l=67.41%
[16:37:35][rank0]   New best val loss=0.7665 -> /scratch/yuvraj17/adaptive_tracing_scratch/adaptive_tracer/logs/transformer_duration_cats6_10954573/model_best.pt
[16:38:19][rank0] Epoch  30/100  loss=0.7852  acc_e=0.00%  acc_l=66.59%  elapsed=2:07:34
[16:42:09][rank0] Epoch  31/100  loss=0.7838  acc_e=0.00%  acc_l=66.65%  elapsed=2:11:24
[16:42:22][rank0] step=  5000  epoch=32  loss=0.7761  acc_e=0.00%  lr=2.43e-04  elapsed=2:11:38
[16:42:22][rank0] --- Validation @ step 5000 ---
[16:42:53][rank0]   val loss=0.7675  loss_e=0.0000  acc_e=0.00%  acc_l=67.40%
[16:42:53][rank0]   Checkpoint -> /scratch/yuvraj17/adaptive_tracing_scratch/adaptive_tracer/logs/transformer_duration_cats6_10954573/ckpt_0005000.pt
[16:46:29][rank0] Epoch  32/100  loss=0.7825  acc_e=0.00%  acc_l=66.71%  elapsed=2:15:45
[16:47:38][rank0] --- Validation @ step 5200 ---
[16:48:09][rank0]   val loss=0.7639  loss_e=0.0000  acc_e=0.00%  acc_l=67.53%
[16:48:09][rank0]   New best val loss=0.7639 -> /scratch/yuvraj17/adaptive_tracing_scratch/adaptive_tracer/logs/transformer_duration_cats6_10954573/model_best.pt
[16:50:50][rank0] Epoch  33/100  loss=0.7811  acc_e=0.00%  acc_l=66.77%  elapsed=2:20:06
[16:52:54][rank0] --- Validation @ step 5400 ---
[16:53:25][rank0]   val loss=0.7627  loss_e=0.0000  acc_e=0.00%  acc_l=67.57%
[16:53:25][rank0]   New best val loss=0.7627 -> /scratch/yuvraj17/adaptive_tracing_scratch/adaptive_tracer/logs/transformer_duration_cats6_10954573/model_best.pt
[16:55:11][rank0] Epoch  34/100  loss=0.7798  acc_e=0.00%  acc_l=66.83%  elapsed=2:24:26
[16:55:48][rank0] step=  5500  epoch=35  loss=0.7770  acc_e=0.00%  lr=2.31e-04  elapsed=2:25:04
[16:58:10][rank0] --- Validation @ step 5600 ---
[16:58:41][rank0]   val loss=0.7620  loss_e=0.0000  acc_e=0.00%  acc_l=67.63%
[16:58:41][rank0]   New best val loss=0.7620 -> /scratch/yuvraj17/adaptive_tracing_scratch/adaptive_tracer/logs/transformer_duration_cats6_10954573/model_best.pt
[16:59:31][rank0] Epoch  35/100  loss=0.7787  acc_e=0.00%  acc_l=66.87%  elapsed=2:28:47
[17:03:22][rank0] Epoch  36/100  loss=0.7776  acc_e=0.00%  acc_l=66.91%  elapsed=2:32:38
[17:03:28][rank0] --- Validation @ step 5800 ---
[17:03:59][rank0]   val loss=0.7624  loss_e=0.0000  acc_e=0.00%  acc_l=67.56%
[17:07:44][rank0] Epoch  37/100  loss=0.7766  acc_e=0.00%  acc_l=66.97%  elapsed=2:36:59
[17:08:46][rank0] step=  6000  epoch=38  loss=0.7756  acc_e=0.00%  lr=2.18e-04  elapsed=2:38:02
[17:08:46][rank0] --- Validation @ step 6000 ---
[17:09:17][rank0]   val loss=0.7617  loss_e=0.0000  acc_e=0.00%  acc_l=67.63%
[17:09:17][rank0]   New best val loss=0.7617 -> /scratch/yuvraj17/adaptive_tracing_scratch/adaptive_tracer/logs/transformer_duration_cats6_10954573/model_best.pt
[17:12:06][rank0] Epoch  38/100  loss=0.7756  acc_e=0.00%  acc_l=67.01%  elapsed=2:41:21
[17:14:03][rank0] --- Validation @ step 6200 ---
[17:14:33][rank0]   val loss=0.7602  loss_e=0.0000  acc_e=0.00%  acc_l=67.67%
[17:14:33][rank0]   New best val loss=0.7602 -> /scratch/yuvraj17/adaptive_tracing_scratch/adaptive_tracer/logs/transformer_duration_cats6_10954573/model_best.pt
[17:16:26][rank0] Epoch  39/100  loss=0.7749  acc_e=0.00%  acc_l=67.03%  elapsed=2:45:42
[17:19:18][rank0] --- Validation @ step 6400 ---
[17:19:49][rank0]   val loss=0.7561  loss_e=0.0000  acc_e=0.00%  acc_l=67.85%
[17:19:49][rank0]   New best val loss=0.7561 -> /scratch/yuvraj17/adaptive_tracing_scratch/adaptive_tracer/logs/transformer_duration_cats6_10954573/model_best.pt
[17:20:47][rank0] Epoch  40/100  loss=0.7740  acc_e=0.00%  acc_l=67.07%  elapsed=2:50:02
[17:22:12][rank0] step=  6500  epoch=41  loss=0.7731  acc_e=0.00%  lr=2.05e-04  elapsed=2:51:28
[17:24:35][rank0] --- Validation @ step 6600 ---
[17:25:05][rank0]   val loss=0.7580  loss_e=0.0000  acc_e=0.00%  acc_l=67.82%
[17:25:08][rank0] Epoch  41/100  loss=0.7732  acc_e=0.00%  acc_l=67.11%  elapsed=2:54:23
[17:28:59][rank0] Epoch  42/100  loss=0.7724  acc_e=0.00%  acc_l=67.14%  elapsed=2:58:14
[17:29:54][rank0] --- Validation @ step 6800 ---
[17:30:24][rank0]   val loss=0.7588  loss_e=0.0000  acc_e=0.00%  acc_l=67.78%
[17:33:20][rank0] Epoch  43/100  loss=0.7718  acc_e=0.00%  acc_l=67.17%  elapsed=3:02:36
[17:35:10][rank0] step=  7000  epoch=44  loss=0.7708  acc_e=0.00%  lr=1.91e-04  elapsed=3:04:25
[17:35:10][rank0] --- Validation @ step 7000 ---
[17:35:40][rank0]   val loss=0.7542  loss_e=0.0000  acc_e=0.00%  acc_l=67.91%
[17:35:40][rank0]   New best val loss=0.7542 -> /scratch/yuvraj17/adaptive_tracing_scratch/adaptive_tracer/logs/transformer_duration_cats6_10954573/model_best.pt
[17:37:41][rank0] Epoch  44/100  loss=0.7709  acc_e=0.00%  acc_l=67.21%  elapsed=3:06:56
[17:40:28][rank0] --- Validation @ step 7200 ---
[17:40:58][rank0]   val loss=0.7535  loss_e=0.0000  acc_e=0.00%  acc_l=67.99%
[17:40:58][rank0]   New best val loss=0.7535 -> /scratch/yuvraj17/adaptive_tracing_scratch/adaptive_tracer/logs/transformer_duration_cats6_10954573/model_best.pt
[17:42:03][rank0] Epoch  45/100  loss=0.7702  acc_e=0.00%  acc_l=67.25%  elapsed=3:11:19
[17:45:44][rank0] --- Validation @ step 7400 ---
[17:46:15][rank0]   val loss=0.7555  loss_e=0.0000  acc_e=0.00%  acc_l=67.90%
[17:46:24][rank0] Epoch  46/100  loss=0.7694  acc_e=0.00%  acc_l=67.27%  elapsed=3:15:40
[17:48:38][rank0] step=  7500  epoch=47  loss=0.7694  acc_e=0.00%  lr=1.76e-04  elapsed=3:17:54
[17:50:15][rank0] Epoch  47/100  loss=0.7689  acc_e=0.00%  acc_l=67.30%  elapsed=3:19:30
[17:51:02][rank0] --- Validation @ step 7600 ---
[17:51:33][rank0]   val loss=0.7542  loss_e=0.0000  acc_e=0.00%  acc_l=67.96%
[17:54:36][rank0] Epoch  48/100  loss=0.7683  acc_e=0.00%  acc_l=67.32%  elapsed=3:23:51
[17:56:18][rank0] --- Validation @ step 7800 ---
[17:56:49][rank0]   val loss=0.7535  loss_e=0.0000  acc_e=0.00%  acc_l=68.01%
[17:56:49][rank0]   New best val loss=0.7535 -> /scratch/yuvraj17/adaptive_tracing_scratch/adaptive_tracer/logs/transformer_duration_cats6_10954573/model_best.pt
[17:58:56][rank0] Epoch  49/100  loss=0.7676  acc_e=0.00%  acc_l=67.35%  elapsed=3:28:12
[18:01:34][rank0] step=  8000  epoch=50  loss=0.7665  acc_e=0.00%  lr=1.62e-04  elapsed=3:30:50
[18:01:34][rank0] --- Validation @ step 8000 ---
[18:02:05][rank0]   val loss=0.7565  loss_e=0.0000  acc_e=0.00%  acc_l=67.83%
[18:03:17][rank0] Epoch  50/100  loss=0.7671  acc_e=0.00%  acc_l=67.37%  elapsed=3:32:33
[18:06:51][rank0] --- Validation @ step 8200 ---
[18:07:21][rank0]   val loss=0.7547  loss_e=0.0000  acc_e=0.00%  acc_l=67.93%
[18:07:38][rank0] Epoch  51/100  loss=0.7666  acc_e=0.00%  acc_l=67.40%  elapsed=3:36:53
[18:11:29][rank0] Epoch  52/100  loss=0.7660  acc_e=0.00%  acc_l=67.42%  elapsed=3:40:44
[18:12:09][rank0] --- Validation @ step 8400 ---
[18:12:40][rank0]   val loss=0.7525  loss_e=0.0000  acc_e=0.00%  acc_l=68.04%
[18:12:40][rank0]   New best val loss=0.7525 -> /scratch/yuvraj17/adaptive_tracing_scratch/adaptive_tracer/logs/transformer_duration_cats6_10954573/model_best.pt
[18:15:02][rank0] step=  8500  epoch=53  loss=0.7646  acc_e=0.00%  lr=1.47e-04  elapsed=3:44:17
[18:15:50][rank0] Epoch  53/100  loss=0.7656  acc_e=0.00%  acc_l=67.44%  elapsed=3:45:05
[18:17:25][rank0] --- Validation @ step 8600 ---
[18:17:56][rank0]   val loss=0.7530  loss_e=0.0000  acc_e=0.00%  acc_l=68.02%
[18:20:10][rank0] Epoch  54/100  loss=0.7650  acc_e=0.00%  acc_l=67.46%  elapsed=3:49:25
[18:22:41][rank0] --- Validation @ step 8800 ---
[18:23:12][rank0]   val loss=0.7512  loss_e=0.0000  acc_e=0.00%  acc_l=68.05%
[18:23:12][rank0]   New best val loss=0.7512 -> /scratch/yuvraj17/adaptive_tracing_scratch/adaptive_tracer/logs/transformer_duration_cats6_10954573/model_best.pt
[18:24:31][rank0] Epoch  55/100  loss=0.7646  acc_e=0.00%  acc_l=67.48%  elapsed=3:53:46
[18:27:58][rank0] step=  9000  epoch=56  loss=0.7639  acc_e=0.00%  lr=1.32e-04  elapsed=3:57:13
[18:27:58][rank0] --- Validation @ step 9000 ---
[18:28:28][rank0]   val loss=0.7510  loss_e=0.0000  acc_e=0.00%  acc_l=68.12%
[18:28:28][rank0]   New best val loss=0.7510 -> /scratch/yuvraj17/adaptive_tracing_scratch/adaptive_tracer/logs/transformer_duration_cats6_10954573/model_best.pt
[18:28:52][rank0] Epoch  56/100  loss=0.7643  acc_e=0.00%  acc_l=67.49%  elapsed=3:58:07
[18:32:43][rank0] Epoch  57/100  loss=0.7637  acc_e=0.00%  acc_l=67.51%  elapsed=4:01:58
[18:33:16][rank0] --- Validation @ step 9200 ---
[18:33:46][rank0]   val loss=0.7538  loss_e=0.0000  acc_e=0.00%  acc_l=67.95%
[18:37:04][rank0] Epoch  58/100  loss=0.7634  acc_e=0.00%  acc_l=67.53%  elapsed=4:06:19
[18:38:32][rank0] --- Validation @ step 9400 ---
[18:39:03][rank0]   val loss=0.7519  loss_e=0.0000  acc_e=0.00%  acc_l=68.05%
[18:41:24][rank0] Epoch  59/100  loss=0.7630  acc_e=0.00%  acc_l=67.54%  elapsed=4:10:40
[18:41:26][rank0] step=  9500  epoch=60  loss=0.7553  acc_e=0.00%  lr=1.18e-04  elapsed=4:10:41
[18:43:48][rank0] --- Validation @ step 9600 ---
[18:44:18][rank0]   val loss=0.7507  loss_e=0.0000  acc_e=0.00%  acc_l=68.12%
[18:44:18][rank0]   New best val loss=0.7507 -> /scratch/yuvraj17/adaptive_tracing_scratch/adaptive_tracer/logs/transformer_duration_cats6_10954573/model_best.pt
[18:45:44][rank0] Epoch  60/100  loss=0.7625  acc_e=0.00%  acc_l=67.56%  elapsed=4:15:00
[18:49:04][rank0] --- Validation @ step 9800 ---
[18:49:34][rank0]   val loss=0.7517  loss_e=0.0000  acc_e=0.00%  acc_l=68.01%
[18:50:05][rank0] Epoch  61/100  loss=0.7624  acc_e=0.00%  acc_l=67.57%  elapsed=4:19:21
[18:53:55][rank0] Epoch  62/100  loss=0.7618  acc_e=0.00%  acc_l=67.60%  elapsed=4:23:11
[18:54:21][rank0] step= 10000  epoch=63  loss=0.7627  acc_e=0.00%  lr=1.04e-04  elapsed=4:23:37
[18:54:21][rank0] --- Validation @ step 10000 ---
[18:54:51][rank0]   val loss=0.7501  loss_e=0.0000  acc_e=0.00%  acc_l=68.13%
[18:54:51][rank0]   New best val loss=0.7501 -> /scratch/yuvraj17/adaptive_tracing_scratch/adaptive_tracer/logs/transformer_duration_cats6_10954573/model_best.pt
[18:54:51][rank0]   Checkpoint -> /scratch/yuvraj17/adaptive_tracing_scratch/adaptive_tracer/logs/transformer_duration_cats6_10954573/ckpt_0010000.pt
[18:58:16][rank0] Epoch  63/100  loss=0.7616  acc_e=0.00%  acc_l=67.61%  elapsed=4:27:31
[18:59:37][rank0] --- Validation @ step 10200 ---
[19:00:08][rank0]   val loss=0.7489  loss_e=0.0000  acc_e=0.00%  acc_l=68.18%
[19:00:08][rank0]   New best val loss=0.7489 -> /scratch/yuvraj17/adaptive_tracing_scratch/adaptive_tracer/logs/transformer_duration_cats6_10954573/model_best.pt
[19:02:36][rank0] Epoch  64/100  loss=0.7613  acc_e=0.00%  acc_l=67.62%  elapsed=4:31:52
[19:04:53][rank0] --- Validation @ step 10400 ---
[19:05:23][rank0]   val loss=0.7487  loss_e=0.0000  acc_e=0.00%  acc_l=68.18%
[19:05:23][rank0]   New best val loss=0.7487 -> /scratch/yuvraj17/adaptive_tracing_scratch/adaptive_tracer/logs/transformer_duration_cats6_10954573/model_best.pt
[19:06:57][rank0] Epoch  65/100  loss=0.7609  acc_e=0.00%  acc_l=67.64%  elapsed=4:36:12
[19:07:47][rank0] step= 10500  epoch=66  loss=0.7629  acc_e=0.00%  lr=9.10e-05  elapsed=4:37:02
[19:10:09][rank0] --- Validation @ step 10600 ---
[19:10:39][rank0]   val loss=0.7489  loss_e=0.0000  acc_e=0.00%  acc_l=68.16%
[19:11:17][rank0] Epoch  66/100  loss=0.7607  acc_e=0.00%  acc_l=67.65%  elapsed=4:40:33
[19:15:07][rank0] Epoch  67/100  loss=0.7604  acc_e=0.00%  acc_l=67.66%  elapsed=4:44:23
[19:15:26][rank0] --- Validation @ step 10800 ---
[19:15:56][rank0]   val loss=0.7488  loss_e=0.0000  acc_e=0.00%  acc_l=68.21%
[19:19:28][rank0] Epoch  68/100  loss=0.7602  acc_e=0.00%  acc_l=67.68%  elapsed=4:48:43
[19:20:43][rank0] step= 11000  epoch=69  loss=0.7605  acc_e=0.00%  lr=7.84e-05  elapsed=4:49:58
[19:20:43][rank0] --- Validation @ step 11000 ---
[19:21:13][rank0]   val loss=0.7484  loss_e=0.0000  acc_e=0.00%  acc_l=68.21%
[19:21:13][rank0]   New best val loss=0.7484 -> /scratch/yuvraj17/adaptive_tracing_scratch/adaptive_tracer/logs/transformer_duration_cats6_10954573/model_best.pt
[19:23:50][rank0] Epoch  69/100  loss=0.7600  acc_e=0.00%  acc_l=67.68%  elapsed=4:53:05
[19:25:59][rank0] --- Validation @ step 11200 ---
[19:26:30][rank0]   val loss=0.7464  loss_e=0.0000  acc_e=0.00%  acc_l=68.29%
[19:26:30][rank0]   New best val loss=0.7464 -> /scratch/yuvraj17/adaptive_tracing_scratch/adaptive_tracer/logs/transformer_duration_cats6_10954573/model_best.pt
[19:28:11][rank0] Epoch  70/100  loss=0.7597  acc_e=0.00%  acc_l=67.69%  elapsed=4:57:26
[19:31:17][rank0] --- Validation @ step 11400 ---
[19:31:48][rank0]   val loss=0.7476  loss_e=0.0000  acc_e=0.00%  acc_l=68.24%
[19:32:33][rank0] Epoch  71/100  loss=0.7595  acc_e=0.00%  acc_l=67.71%  elapsed=5:01:49
[19:34:12][rank0] step= 11500  epoch=72  loss=0.7604  acc_e=0.00%  lr=6.66e-05  elapsed=5:03:27
[19:36:25][rank0] Epoch  72/100  loss=0.7594  acc_e=0.00%  acc_l=67.72%  elapsed=5:05:41
[19:36:37][rank0] --- Validation @ step 11600 ---
[19:37:08][rank0]   val loss=0.7490  loss_e=0.0000  acc_e=0.00%  acc_l=68.18%
[19:40:48][rank0] Epoch  73/100  loss=0.7591  acc_e=0.00%  acc_l=67.71%  elapsed=5:10:04
[19:41:56][rank0] --- Validation @ step 11800 ---
[19:42:26][rank0]   val loss=0.7492  loss_e=0.0000  acc_e=0.00%  acc_l=68.19%
[19:45:10][rank0] Epoch  74/100  loss=0.7588  acc_e=0.00%  acc_l=67.73%  elapsed=5:14:25
[19:47:12][rank0] step= 12000  epoch=75  loss=0.7598  acc_e=0.00%  lr=5.58e-05  elapsed=5:16:28
[19:47:12][rank0] --- Validation @ step 12000 ---
[19:47:43][rank0]   val loss=0.7469  loss_e=0.0000  acc_e=0.00%  acc_l=68.26%
[19:49:30][rank0] Epoch  75/100  loss=0.7586  acc_e=0.00%  acc_l=67.74%  elapsed=5:18:46
[19:52:29][rank0] --- Validation @ step 12200 ---
[19:52:59][rank0]   val loss=0.7486  loss_e=0.0000  acc_e=0.00%  acc_l=68.20%
[19:53:51][rank0] Epoch  76/100  loss=0.7584  acc_e=0.00%  acc_l=67.75%  elapsed=5:23:06
[19:57:42][rank0] Epoch  77/100  loss=0.7583  acc_e=0.00%  acc_l=67.75%  elapsed=5:26:57
[19:57:46][rank0] --- Validation @ step 12400 ---
[19:58:17][rank0]   val loss=0.7472  loss_e=0.0000  acc_e=0.00%  acc_l=68.26%
[20:00:39][rank0] step= 12500  epoch=78  loss=0.7571  acc_e=0.00%  lr=4.61e-05  elapsed=5:29:54
[20:02:02][rank0] Epoch  78/100  loss=0.7581  acc_e=0.00%  acc_l=67.76%  elapsed=5:31:17
[20:03:02][rank0] --- Validation @ step 12600 ---
[20:03:32][rank0]   val loss=0.7468  loss_e=0.0000  acc_e=0.00%  acc_l=68.28%
[20:06:23][rank0] Epoch  79/100  loss=0.7579  acc_e=0.00%  acc_l=67.77%  elapsed=5:35:38
[20:08:19][rank0] --- Validation @ step 12800 ---
[20:08:49][rank0]   val loss=0.7460  loss_e=0.0000  acc_e=0.00%  acc_l=68.31%
[20:08:49][rank0]   New best val loss=0.7460 -> /scratch/yuvraj17/adaptive_tracing_scratch/adaptive_tracer/logs/transformer_duration_cats6_10954573/model_best.pt
[20:10:44][rank0] Epoch  80/100  loss=0.7578  acc_e=0.00%  acc_l=67.77%  elapsed=5:40:00
[20:13:35][rank0] step= 13000  epoch=81  loss=0.7571  acc_e=0.00%  lr=3.76e-05  elapsed=5:42:51
[20:13:35][rank0] --- Validation @ step 13000 ---
[20:14:06][rank0]   val loss=0.7469  loss_e=0.0000  acc_e=0.00%  acc_l=68.27%
[20:15:05][rank0] Epoch  81/100  loss=0.7576  acc_e=0.00%  acc_l=67.78%  elapsed=5:44:20
[20:18:53][rank0] --- Validation @ step 13200 ---
[20:19:23][rank0]   val loss=0.7482  loss_e=0.0000  acc_e=0.00%  acc_l=68.23%
[20:19:27][rank0] Epoch  82/100  loss=0.7575  acc_e=0.00%  acc_l=67.79%  elapsed=5:48:42
[20:23:18][rank0] Epoch  83/100  loss=0.7574  acc_e=0.00%  acc_l=67.79%  elapsed=5:52:33
[20:24:11][rank0] --- Validation @ step 13400 ---
[20:24:42][rank0]   val loss=0.7471  loss_e=0.0000  acc_e=0.00%  acc_l=68.24%
[20:27:06][rank0] step= 13500  epoch=84  loss=0.7571  acc_e=0.00%  lr=3.03e-05  elapsed=5:56:22
[20:27:41][rank0] Epoch  84/100  loss=0.7573  acc_e=0.00%  acc_l=67.81%  elapsed=5:56:57
[20:29:30][rank0] --- Validation @ step 13600 ---
[20:30:00][rank0]   val loss=0.7457  loss_e=0.0000  acc_e=0.00%  acc_l=68.33%
[20:30:00][rank0]   New best val loss=0.7457 -> /scratch/yuvraj17/adaptive_tracing_scratch/adaptive_tracer/logs/transformer_duration_cats6_10954573/model_best.pt
[20:32:02][rank0] Epoch  85/100  loss=0.7571  acc_e=0.00%  acc_l=67.81%  elapsed=6:01:18
[20:34:47][rank0] --- Validation @ step 13800 ---
[20:35:17][rank0]   val loss=0.7465  loss_e=0.0000  acc_e=0.00%  acc_l=68.30%
[20:36:24][rank0] Epoch  86/100  loss=0.7570  acc_e=0.00%  acc_l=67.81%  elapsed=6:05:39
[20:40:03][rank0] step= 14000  epoch=87  loss=0.7568  acc_e=0.00%  lr=2.44e-05  elapsed=6:09:18
[20:40:03][rank0] --- Validation @ step 14000 ---
[20:40:33][rank0]   val loss=0.7457  loss_e=0.0000  acc_e=0.00%  acc_l=68.33%
[20:40:44][rank0] Epoch  87/100  loss=0.7569  acc_e=0.00%  acc_l=67.81%  elapsed=6:09:59
[20:44:34][rank0] Epoch  88/100  loss=0.7569  acc_e=0.00%  acc_l=67.81%  elapsed=6:13:49
[20:45:20][rank0] --- Validation @ step 14200 ---
[20:45:50][rank0]   val loss=0.7457  loss_e=0.0000  acc_e=0.00%  acc_l=68.32%
[20:45:50][rank0]   New best val loss=0.7457 -> /scratch/yuvraj17/adaptive_tracing_scratch/adaptive_tracer/logs/transformer_duration_cats6_10954573/model_best.pt
[20:48:55][rank0] Epoch  89/100  loss=0.7568  acc_e=0.00%  acc_l=67.82%  elapsed=6:18:10
[20:50:36][rank0] --- Validation @ step 14400 ---
[20:51:07][rank0]   val loss=0.7471  loss_e=0.0000  acc_e=0.00%  acc_l=68.26%
[20:53:16][rank0] Epoch  90/100  loss=0.7567  acc_e=0.00%  acc_l=67.82%  elapsed=6:22:31
[20:53:30][rank0] step= 14500  epoch=91  loss=0.7540  acc_e=0.00%  lr=1.99e-05  elapsed=6:22:46
[20:55:53][rank0] --- Validation @ step 14600 ---
[20:56:23][rank0]   val loss=0.7454  loss_e=0.0000  acc_e=0.00%  acc_l=68.35%
[20:56:23][rank0]   New best val loss=0.7454 -> /scratch/yuvraj17/adaptive_tracing_scratch/adaptive_tracer/logs/transformer_duration_cats6_10954573/model_best.pt
[20:57:37][rank0] Epoch  91/100  loss=0.7566  acc_e=0.00%  acc_l=67.83%  elapsed=6:26:52
[21:01:09][rank0] --- Validation @ step 14800 ---
[21:01:40][rank0]   val loss=0.7461  loss_e=0.0000  acc_e=0.00%  acc_l=68.30%
[21:01:58][rank0] Epoch  92/100  loss=0.7565  acc_e=0.00%  acc_l=67.83%  elapsed=6:31:13
[21:05:48][rank0] Epoch  93/100  loss=0.7565  acc_e=0.00%  acc_l=67.83%  elapsed=6:35:03
[21:06:26][rank0] step= 15000  epoch=94  loss=0.7579  acc_e=0.00%  lr=1.68e-05  elapsed=6:35:42
[21:06:26][rank0] --- Validation @ step 15000 ---
[21:06:57][rank0]   val loss=0.7470  loss_e=0.0000  acc_e=0.00%  acc_l=68.26%
[21:06:57][rank0]   Checkpoint -> /scratch/yuvraj17/adaptive_tracing_scratch/adaptive_tracer/logs/transformer_duration_cats6_10954573/ckpt_0015000.pt
[21:10:08][rank0] Epoch  94/100  loss=0.7564  acc_e=0.00%  acc_l=67.84%  elapsed=6:39:23
[21:11:42][rank0] --- Validation @ step 15200 ---
[21:12:12][rank0]   val loss=0.7461  loss_e=0.0000  acc_e=0.00%  acc_l=68.31%
[21:14:28][rank0] Epoch  95/100  loss=0.7564  acc_e=0.00%  acc_l=67.84%  elapsed=6:43:43
[21:16:57][rank0] --- Validation @ step 15400 ---
[21:17:28][rank0]   val loss=0.7455  loss_e=0.0000  acc_e=0.00%  acc_l=68.34%
[21:18:48][rank0] Epoch  96/100  loss=0.7564  acc_e=0.00%  acc_l=67.84%  elapsed=6:48:03
[21:19:51][rank0] step= 15500  epoch=97  loss=0.7580  acc_e=0.00%  lr=1.52e-05  elapsed=6:49:07
[21:22:13][rank0] --- Validation @ step 15600 ---
[21:22:43][rank0]   val loss=0.7461  loss_e=0.0000  acc_e=0.00%  acc_l=68.30%
[21:23:09][rank0] Epoch  97/100  loss=0.7563  acc_e=0.00%  acc_l=67.85%  elapsed=6:52:24
[21:26:58][rank0] Epoch  98/100  loss=0.7563  acc_e=0.00%  acc_l=67.84%  elapsed=6:56:14
[21:27:30][rank0] --- Validation @ step 15800 ---
[21:28:00][rank0]   val loss=0.7458  loss_e=0.0000  acc_e=0.00%  acc_l=68.33%
[21:31:18][rank0] Epoch  99/100  loss=0.7563  acc_e=0.00%  acc_l=67.84%  elapsed=7:00:34
[21:32:46][rank0] step= 16000  epoch=100  loss=0.7577  acc_e=0.00%  lr=1.52e-05  elapsed=7:02:01
[21:32:46][rank0] --- Validation @ step 16000 ---
[21:33:16][rank0]   val loss=0.7452  loss_e=0.0000  acc_e=0.00%  acc_l=68.36%
[21:33:16][rank0]   New best val loss=0.7452 -> /scratch/yuvraj17/adaptive_tracing_scratch/adaptive_tracer/logs/transformer_duration_cats6_10954573/model_best.pt
[21:35:39][rank0] Epoch 100/100  loss=0.7562  acc_e=0.00%  acc_l=67.85%  elapsed=7:04:55
[21:35:40][rank0] ======================================================================
[21:35:40][rank0] Training complete — OOD evaluation
[21:35:40][rank0] ======================================================================
[21:35:40][rank0] Loaded best model from /scratch/yuvraj17/adaptive_tracing_scratch/adaptive_tracer/logs/transformer_duration_cats6_10954573/model_best.pt
[21:38:43][rank0] [OOD] cpu     AUROC=0.5846  AUPR=0.5745  bal=108483/108483  full=108,483/220,454  F1=0.6667  P=0.5000  R=1.0000  thr=0.000946045
[21:42:14][rank0] [OOD] disk    AUROC=0.5551  AUPR=0.5563  bal=108483/108483  full=108,483/268,102  F1=0.6674  P=0.5031  R=0.9907  thr=0.0495476
[21:45:24][rank0] [OOD] mem     AUROC=0.7536  AUPR=0.7600  bal=108483/108483  full=108,483/234,136  F1=0.6670  P=0.5028  R=0.9905  thr=0.0429188
[21:47:32][rank0] [OOD] net     AUROC=0.6488  AUPR=0.6246  bal=108483/108483  full=108,483/120,006  F1=0.6667  P=0.5000  R=1.0000  thr=0.000946045
[21:47:32][rank0] OOD results -> /scratch/yuvraj17/adaptive_tracing_scratch/adaptive_tracer/logs/transformer_duration_cats6_10954573/ood_results.json
