[14:30:03][rank0] Vocab: 176 syscalls / 129 processes
[14:30:03][rank0] Train shards for this rank: 65  (total=65)  Valid shards: 22
[14:30:03][rank0] Model: TRANSFORMER  params=2,802,782
[14:30:03][rank0]   n_hidden=1024  n_layer=6  n_head=8
[14:30:03][rank0]   AMP(bf16)=True  compile=False  chk=False  DDP=False
[14:30:03][rank0]   batch=512  accum_steps=4  world_size=1  eff_batch=2048
[14:30:03][rank0] ======================================================================
[14:30:03][rank0] Starting training  device=cuda:0  total_steps~=15775  world_size=1
[14:30:03][rank0] ======================================================================
[14:33:58][rank0] Epoch   1/100  loss=2.5727  acc_e=25.79%  acc_l=30.82%  elapsed=0:03:54
[14:34:55][rank0] --- Validation @ step 200 ---
[14:35:26][rank0]   val loss=1.8072  loss_e=2.1843  acc_e=54.79%  acc_l=37.76%
[14:35:26][rank0]   New best val loss=1.8072 -> /scratch/yuvraj17/adaptive_tracing_scratch/adaptive_tracer/logs/transformer_multitask_cats6_10954576/model_best.pt
[14:38:24][rank0] Epoch   2/100  loss=1.6779  acc_e=61.29%  acc_l=38.04%  elapsed=0:08:20
[14:40:18][rank0] --- Validation @ step 400 ---
[14:40:49][rank0]   val loss=1.2824  loss_e=1.3295  acc_e=83.91%  acc_l=47.31%
[14:40:49][rank0]   New best val loss=1.2824 -> /scratch/yuvraj17/adaptive_tracing_scratch/adaptive_tracer/logs/transformer_multitask_cats6_10954576/model_best.pt
[14:42:50][rank0] Epoch   3/100  loss=1.3288  acc_e=81.92%  acc_l=44.74%  elapsed=0:12:47
[14:43:16][rank0] step=   500  epoch=4  loss=1.2085  acc_e=86.44%  lr=3.00e-04  elapsed=0:13:12
[14:45:41][rank0] --- Validation @ step 600 ---
[14:46:12][rank0]   val loss=1.1547  loss_e=1.1773  acc_e=88.05%  acc_l=51.42%
[14:46:12][rank0]   New best val loss=1.1547 -> /scratch/yuvraj17/adaptive_tracing_scratch/adaptive_tracer/logs/transformer_multitask_cats6_10954576/model_best.pt
[14:47:17][rank0] Epoch   4/100  loss=1.2066  acc_e=86.19%  acc_l=48.88%  elapsed=0:17:13
[14:51:03][rank0] --- Validation @ step 800 ---
[14:51:34][rank0]   val loss=1.1041  loss_e=1.1285  acc_e=89.36%  acc_l=54.46%
[14:51:34][rank0]   New best val loss=1.1041 -> /scratch/yuvraj17/adaptive_tracing_scratch/adaptive_tracer/logs/transformer_multitask_cats6_10954576/model_best.pt
[14:51:43][rank0] Epoch   5/100  loss=1.1498  acc_e=87.76%  acc_l=51.54%  elapsed=0:21:39
[14:55:38][rank0] Epoch   6/100  loss=1.1074  acc_e=88.66%  acc_l=54.05%  elapsed=0:25:34
[14:56:27][rank0] step=  1000  epoch=7  loss=1.0653  acc_e=89.51%  lr=2.99e-04  elapsed=0:26:23
[14:56:27][rank0] --- Validation @ step 1000 ---
[14:56:58][rank0]   val loss=1.0376  loss_e=1.0978  acc_e=90.50%  acc_l=58.76%
[14:56:58][rank0]   New best val loss=1.0376 -> /scratch/yuvraj17/adaptive_tracing_scratch/adaptive_tracer/logs/transformer_multitask_cats6_10954576/model_best.pt
[15:00:03][rank0] Epoch   7/100  loss=1.0628  acc_e=89.58%  acc_l=56.84%  elapsed=0:29:59
[15:01:49][rank0] --- Validation @ step 1200 ---
[15:02:20][rank0]   val loss=0.9881  loss_e=1.0693  acc_e=91.53%  acc_l=61.44%
[15:02:20][rank0]   New best val loss=0.9881 -> /scratch/yuvraj17/adaptive_tracing_scratch/adaptive_tracer/logs/transformer_multitask_cats6_10954576/model_best.pt
[15:04:29][rank0] Epoch   8/100  loss=1.0272  acc_e=90.41%  acc_l=59.00%  elapsed=0:34:25
[15:07:11][rank0] --- Validation @ step 1400 ---
[15:07:42][rank0]   val loss=0.9608  loss_e=1.0502  acc_e=92.16%  acc_l=62.89%
[15:07:42][rank0]   New best val loss=0.9608 -> /scratch/yuvraj17/adaptive_tracing_scratch/adaptive_tracer/logs/transformer_multitask_cats6_10954576/model_best.pt
[15:08:54][rank0] Epoch   9/100  loss=1.0017  acc_e=91.00%  acc_l=60.45%  elapsed=0:38:50
[15:10:08][rank0] step=  1500  epoch=10  loss=0.9786  acc_e=91.44%  lr=2.97e-04  elapsed=0:40:04
[15:12:33][rank0] --- Validation @ step 1600 ---
[15:13:04][rank0]   val loss=0.9484  loss_e=1.0403  acc_e=92.43%  acc_l=63.45%
[15:13:04][rank0]   New best val loss=0.9484 -> /scratch/yuvraj17/adaptive_tracing_scratch/adaptive_tracer/logs/transformer_multitask_cats6_10954576/model_best.pt
[15:13:20][rank0] Epoch  10/100  loss=0.9843  acc_e=91.41%  acc_l=61.41%  elapsed=0:43:16
[15:17:14][rank0] Epoch  11/100  loss=0.9707  acc_e=91.72%  acc_l=62.15%  elapsed=0:47:10
[15:17:57][rank0] --- Validation @ step 1800 ---
[15:18:28][rank0]   val loss=0.9331  loss_e=1.0284  acc_e=92.78%  acc_l=64.18%
[15:18:28][rank0]   New best val loss=0.9331 -> /scratch/yuvraj17/adaptive_tracing_scratch/adaptive_tracer/logs/transformer_multitask_cats6_10954576/model_best.pt
[15:21:40][rank0] Epoch  12/100  loss=0.9586  acc_e=92.02%  acc_l=62.78%  elapsed=0:51:36
[15:23:18][rank0] step=  2000  epoch=13  loss=0.9442  acc_e=92.26%  lr=2.93e-04  elapsed=0:53:15
[15:23:18][rank0] --- Validation @ step 2000 ---
[15:23:49][rank0]   val loss=0.9204  loss_e=1.0218  acc_e=92.99%  acc_l=65.07%
[15:23:49][rank0]   New best val loss=0.9204 -> /scratch/yuvraj17/adaptive_tracing_scratch/adaptive_tracer/logs/transformer_multitask_cats6_10954576/model_best.pt
[15:26:05][rank0] Epoch  13/100  loss=0.9501  acc_e=92.23%  acc_l=63.23%  elapsed=0:56:01
[15:28:41][rank0] --- Validation @ step 2200 ---
[15:29:12][rank0]   val loss=0.9172  loss_e=1.0194  acc_e=92.93%  acc_l=65.26%
[15:29:12][rank0]   New best val loss=0.9172 -> /scratch/yuvraj17/adaptive_tracing_scratch/adaptive_tracer/logs/transformer_multitask_cats6_10954576/model_best.pt
[15:30:31][rank0] Epoch  14/100  loss=0.9435  acc_e=92.40%  acc_l=63.57%  elapsed=1:00:27
[15:34:02][rank0] --- Validation @ step 2400 ---
[15:34:33][rank0]   val loss=0.9089  loss_e=1.0088  acc_e=93.36%  acc_l=65.52%
[15:34:33][rank0]   New best val loss=0.9089 -> /scratch/yuvraj17/adaptive_tracing_scratch/adaptive_tracer/logs/transformer_multitask_cats6_10954576/model_best.pt
[15:34:56][rank0] Epoch  15/100  loss=0.9363  acc_e=92.56%  acc_l=63.98%  elapsed=1:04:52
[15:36:59][rank0] step=  2500  epoch=16  loss=0.9288  acc_e=92.67%  lr=2.88e-04  elapsed=1:06:55
[15:38:50][rank0] Epoch  16/100  loss=0.9311  acc_e=92.70%  acc_l=64.24%  elapsed=1:08:47
[15:39:25][rank0] --- Validation @ step 2600 ---
[15:39:56][rank0]   val loss=0.9069  loss_e=1.0049  acc_e=93.48%  acc_l=65.43%
[15:39:56][rank0]   New best val loss=0.9069 -> /scratch/yuvraj17/adaptive_tracing_scratch/adaptive_tracer/logs/transformer_multitask_cats6_10954576/model_best.pt
[15:43:15][rank0] Epoch  17/100  loss=0.9263  acc_e=92.81%  acc_l=64.51%  elapsed=1:13:11
[15:44:46][rank0] --- Validation @ step 2800 ---
[15:45:17][rank0]   val loss=0.8988  loss_e=1.0016  acc_e=93.59%  acc_l=66.01%
[15:45:17][rank0]   New best val loss=0.8988 -> /scratch/yuvraj17/adaptive_tracing_scratch/adaptive_tracer/logs/transformer_multitask_cats6_10954576/model_best.pt
[15:47:40][rank0] Epoch  18/100  loss=0.9221  acc_e=92.92%  acc_l=64.73%  elapsed=1:17:36
[15:50:08][rank0] step=  3000  epoch=19  loss=0.9185  acc_e=93.03%  lr=2.82e-04  elapsed=1:20:04
[15:50:08][rank0] --- Validation @ step 3000 ---
[15:50:38][rank0]   val loss=0.8999  loss_e=1.0015  acc_e=93.40%  acc_l=65.84%
[15:52:05][rank0] Epoch  19/100  loss=0.9185  acc_e=93.00%  acc_l=64.92%  elapsed=1:22:01
[15:55:28][rank0] --- Validation @ step 3200 ---
[15:55:59][rank0]   val loss=0.8938  loss_e=0.9952  acc_e=93.74%  acc_l=66.18%
[15:55:59][rank0]   New best val loss=0.8938 -> /scratch/yuvraj17/adaptive_tracing_scratch/adaptive_tracer/logs/transformer_multitask_cats6_10954576/model_best.pt
[15:56:29][rank0] Epoch  20/100  loss=0.9153  acc_e=93.09%  acc_l=65.09%  elapsed=1:26:25
[16:00:22][rank0] Epoch  21/100  loss=0.9125  acc_e=93.16%  acc_l=65.24%  elapsed=1:30:18
[16:00:50][rank0] --- Validation @ step 3400 ---
[16:01:20][rank0]   val loss=0.8923  loss_e=0.9938  acc_e=93.79%  acc_l=66.20%
[16:01:21][rank0]   New best val loss=0.8923 -> /scratch/yuvraj17/adaptive_tracing_scratch/adaptive_tracer/logs/transformer_multitask_cats6_10954576/model_best.pt
[16:03:45][rank0] step=  3500  epoch=22  loss=0.9099  acc_e=93.22%  lr=2.74e-04  elapsed=1:33:41
[16:04:46][rank0] Epoch  22/100  loss=0.9098  acc_e=93.23%  acc_l=65.38%  elapsed=1:34:42
[16:06:10][rank0] --- Validation @ step 3600 ---
[16:06:40][rank0]   val loss=0.8875  loss_e=0.9918  acc_e=93.86%  acc_l=66.60%
[16:06:41][rank0]   New best val loss=0.8875 -> /scratch/yuvraj17/adaptive_tracing_scratch/adaptive_tracer/logs/transformer_multitask_cats6_10954576/model_best.pt
[16:09:10][rank0] Epoch  23/100  loss=0.9074  acc_e=93.28%  acc_l=65.51%  elapsed=1:39:06
[16:11:30][rank0] --- Validation @ step 3800 ---
[16:12:01][rank0]   val loss=0.8863  loss_e=0.9905  acc_e=93.89%  acc_l=66.60%
[16:12:01][rank0]   New best val loss=0.8863 -> /scratch/yuvraj17/adaptive_tracing_scratch/adaptive_tracer/logs/transformer_multitask_cats6_10954576/model_best.pt
[16:13:35][rank0] Epoch  24/100  loss=0.9054  acc_e=93.34%  acc_l=65.62%  elapsed=1:43:31
[16:16:51][rank0] step=  4000  epoch=25  loss=0.9038  acc_e=93.37%  lr=2.65e-04  elapsed=1:46:48
[16:16:51][rank0] --- Validation @ step 4000 ---
[16:17:22][rank0]   val loss=0.8862  loss_e=0.9891  acc_e=93.94%  acc_l=66.50%
[16:17:22][rank0]   New best val loss=0.8862 -> /scratch/yuvraj17/adaptive_tracing_scratch/adaptive_tracer/logs/transformer_multitask_cats6_10954576/model_best.pt
[16:17:59][rank0] Epoch  25/100  loss=0.9034  acc_e=93.39%  acc_l=65.73%  elapsed=1:47:55
[16:21:52][rank0] Epoch  26/100  loss=0.9015  acc_e=93.43%  acc_l=65.82%  elapsed=1:51:49
[16:22:13][rank0] --- Validation @ step 4200 ---
[16:22:43][rank0]   val loss=0.8844  loss_e=0.9874  acc_e=94.00%  acc_l=66.73%
[16:22:44][rank0]   New best val loss=0.8844 -> /scratch/yuvraj17/adaptive_tracing_scratch/adaptive_tracer/logs/transformer_multitask_cats6_10954576/model_best.pt
[16:26:16][rank0] Epoch  27/100  loss=0.8998  acc_e=93.47%  acc_l=65.92%  elapsed=1:56:12
[16:27:33][rank0] --- Validation @ step 4400 ---
[16:28:03][rank0]   val loss=0.8817  loss_e=0.9860  acc_e=94.05%  acc_l=66.85%
[16:28:03][rank0]   New best val loss=0.8817 -> /scratch/yuvraj17/adaptive_tracing_scratch/adaptive_tracer/logs/transformer_multitask_cats6_10954576/model_best.pt
[16:30:28][rank0] step=  4500  epoch=28  loss=0.8984  acc_e=93.51%  lr=2.54e-04  elapsed=2:00:24
[16:30:40][rank0] Epoch  28/100  loss=0.8983  acc_e=93.51%  acc_l=65.99%  elapsed=2:00:36
[16:32:53][rank0] --- Validation @ step 4600 ---
[16:33:25][rank0]   val loss=0.8820  loss_e=0.9849  acc_e=94.06%  acc_l=66.75%
[16:35:05][rank0] Epoch  29/100  loss=0.8967  acc_e=93.54%  acc_l=66.08%  elapsed=2:05:01
[16:38:13][rank0] --- Validation @ step 4800 ---
[16:38:44][rank0]   val loss=0.8781  loss_e=0.9837  acc_e=94.09%  acc_l=67.07%
[16:38:45][rank0]   New best val loss=0.8781 -> /scratch/yuvraj17/adaptive_tracing_scratch/adaptive_tracer/logs/transformer_multitask_cats6_10954576/model_best.pt
[16:39:29][rank0] Epoch  30/100  loss=0.8954  acc_e=93.58%  acc_l=66.16%  elapsed=2:09:25
[16:43:25][rank0] Epoch  31/100  loss=0.8942  acc_e=93.61%  acc_l=66.22%  elapsed=2:13:21
[16:43:38][rank0] step=  5000  epoch=32  loss=0.8856  acc_e=93.79%  lr=2.43e-04  elapsed=2:13:34
[16:43:38][rank0] --- Validation @ step 5000 ---
[16:44:09][rank0]   val loss=0.8776  loss_e=0.9827  acc_e=94.13%  acc_l=67.07%
[16:44:09][rank0]   New best val loss=0.8776 -> /scratch/yuvraj17/adaptive_tracing_scratch/adaptive_tracer/logs/transformer_multitask_cats6_10954576/model_best.pt
[16:44:09][rank0]   Checkpoint -> /scratch/yuvraj17/adaptive_tracing_scratch/adaptive_tracer/logs/transformer_multitask_cats6_10954576/ckpt_0005000.pt
[16:47:51][rank0] Epoch  32/100  loss=0.8930  acc_e=93.63%  acc_l=66.29%  elapsed=2:17:47
[16:49:01][rank0] --- Validation @ step 5200 ---
[16:49:33][rank0]   val loss=0.8766  loss_e=0.9825  acc_e=94.15%  acc_l=67.13%
[16:49:33][rank0]   New best val loss=0.8766 -> /scratch/yuvraj17/adaptive_tracing_scratch/adaptive_tracer/logs/transformer_multitask_cats6_10954576/model_best.pt
[16:52:18][rank0] Epoch  33/100  loss=0.8920  acc_e=93.66%  acc_l=66.34%  elapsed=2:22:14
[16:54:26][rank0] --- Validation @ step 5400 ---
[16:54:57][rank0]   val loss=0.8745  loss_e=0.9814  acc_e=94.16%  acc_l=67.28%
[16:54:58][rank0]   New best val loss=0.8745 -> /scratch/yuvraj17/adaptive_tracing_scratch/adaptive_tracer/logs/transformer_multitask_cats6_10954576/model_best.pt
[16:56:46][rank0] Epoch  34/100  loss=0.8910  acc_e=93.69%  acc_l=66.39%  elapsed=2:26:42
[16:57:24][rank0] step=  5500  epoch=35  loss=0.8865  acc_e=93.71%  lr=2.31e-04  elapsed=2:27:20
[16:59:50][rank0] --- Validation @ step 5600 ---
[17:00:21][rank0]   val loss=0.8751  loss_e=0.9806  acc_e=94.19%  acc_l=67.18%
[17:01:13][rank0] Epoch  35/100  loss=0.8899  acc_e=93.71%  acc_l=66.45%  elapsed=2:31:09
[17:05:08][rank0] Epoch  36/100  loss=0.8891  acc_e=93.73%  acc_l=66.50%  elapsed=2:35:04
[17:05:14][rank0] --- Validation @ step 5800 ---
[17:05:46][rank0]   val loss=0.8745  loss_e=0.9798  acc_e=94.22%  acc_l=67.22%
[17:05:46][rank0]   New best val loss=0.8745 -> /scratch/yuvraj17/adaptive_tracing_scratch/adaptive_tracer/logs/transformer_multitask_cats6_10954576/model_best.pt
[17:09:35][rank0] Epoch  37/100  loss=0.8881  acc_e=93.75%  acc_l=66.56%  elapsed=2:39:31
[17:10:38][rank0] step=  6000  epoch=38  loss=0.8864  acc_e=93.69%  lr=2.18e-04  elapsed=2:40:34
[17:10:38][rank0] --- Validation @ step 6000 ---
[17:11:09][rank0]   val loss=0.8736  loss_e=0.9793  acc_e=94.24%  acc_l=67.28%
[17:11:10][rank0]   New best val loss=0.8736 -> /scratch/yuvraj17/adaptive_tracing_scratch/adaptive_tracer/logs/transformer_multitask_cats6_10954576/model_best.pt
[17:14:02][rank0] Epoch  38/100  loss=0.8874  acc_e=93.77%  acc_l=66.60%  elapsed=2:43:58
[17:16:02][rank0] --- Validation @ step 6200 ---
[17:16:33][rank0]   val loss=0.8721  loss_e=0.9787  acc_e=94.25%  acc_l=67.38%
[17:16:33][rank0]   New best val loss=0.8721 -> /scratch/yuvraj17/adaptive_tracing_scratch/adaptive_tracer/logs/transformer_multitask_cats6_10954576/model_best.pt
[17:18:29][rank0] Epoch  39/100  loss=0.8867  acc_e=93.78%  acc_l=66.63%  elapsed=2:48:25
[17:21:25][rank0] --- Validation @ step 6400 ---
[17:21:57][rank0]   val loss=0.8722  loss_e=0.9789  acc_e=94.24%  acc_l=67.37%
[17:22:56][rank0] Epoch  40/100  loss=0.8860  acc_e=93.80%  acc_l=66.67%  elapsed=2:52:52
[17:24:23][rank0] step=  6500  epoch=41  loss=0.8843  acc_e=93.72%  lr=2.05e-04  elapsed=2:54:19
[17:26:47][rank0] --- Validation @ step 6600 ---
[17:27:19][rank0]   val loss=0.8712  loss_e=0.9777  acc_e=94.28%  acc_l=67.47%
[17:27:19][rank0]   New best val loss=0.8712 -> /scratch/yuvraj17/adaptive_tracing_scratch/adaptive_tracer/logs/transformer_multitask_cats6_10954576/model_best.pt
[17:27:21][rank0] Epoch  41/100  loss=0.8852  acc_e=93.82%  acc_l=66.72%  elapsed=2:57:17
[17:31:17][rank0] Epoch  42/100  loss=0.8845  acc_e=93.84%  acc_l=66.76%  elapsed=3:01:13
[17:32:13][rank0] --- Validation @ step 6800 ---
[17:32:44][rank0]   val loss=0.8699  loss_e=0.9777  acc_e=94.29%  acc_l=67.57%
[17:32:44][rank0]   New best val loss=0.8699 -> /scratch/yuvraj17/adaptive_tracing_scratch/adaptive_tracer/logs/transformer_multitask_cats6_10954576/model_best.pt
[17:35:43][rank0] Epoch  43/100  loss=0.8839  acc_e=93.85%  acc_l=66.79%  elapsed=3:05:40
[17:37:35][rank0] step=  7000  epoch=44  loss=0.8830  acc_e=93.79%  lr=1.91e-04  elapsed=3:07:31
[17:37:35][rank0] --- Validation @ step 7000 ---
[17:38:06][rank0]   val loss=0.8689  loss_e=0.9767  acc_e=94.31%  acc_l=67.55%
[17:38:06][rank0]   New best val loss=0.8689 -> /scratch/yuvraj17/adaptive_tracing_scratch/adaptive_tracer/logs/transformer_multitask_cats6_10954576/model_best.pt
[17:40:09][rank0] Epoch  44/100  loss=0.8834  acc_e=93.86%  acc_l=66.81%  elapsed=3:10:06
[17:42:57][rank0] --- Validation @ step 7200 ---
[17:43:27][rank0]   val loss=0.8697  loss_e=0.9774  acc_e=94.30%  acc_l=67.56%
[17:44:33][rank0] Epoch  45/100  loss=0.8829  acc_e=93.87%  acc_l=66.85%  elapsed=3:14:29
[17:48:15][rank0] --- Validation @ step 7400 ---
[17:48:47][rank0]   val loss=0.8696  loss_e=0.9761  acc_e=94.32%  acc_l=67.51%
[17:48:56][rank0] Epoch  46/100  loss=0.8824  acc_e=93.89%  acc_l=66.87%  elapsed=3:18:52
[17:51:11][rank0] step=  7500  epoch=47  loss=0.8816  acc_e=93.88%  lr=1.76e-04  elapsed=3:21:07
[17:52:47][rank0] Epoch  47/100  loss=0.8817  acc_e=93.91%  acc_l=66.91%  elapsed=3:22:44
[17:53:35][rank0] --- Validation @ step 7600 ---
[17:54:06][rank0]   val loss=0.8675  loss_e=0.9760  acc_e=94.33%  acc_l=67.69%
[17:54:06][rank0]   New best val loss=0.8675 -> /scratch/yuvraj17/adaptive_tracing_scratch/adaptive_tracer/logs/transformer_multitask_cats6_10954576/model_best.pt
[17:57:12][rank0] Epoch  48/100  loss=0.8813  acc_e=93.92%  acc_l=66.93%  elapsed=3:27:08
[17:58:55][rank0] --- Validation @ step 7800 ---
[17:59:26][rank0]   val loss=0.8677  loss_e=0.9756  acc_e=94.36%  acc_l=67.66%
[18:01:34][rank0] Epoch  49/100  loss=0.8808  acc_e=93.93%  acc_l=66.96%  elapsed=3:31:30
[18:04:13][rank0] step=  8000  epoch=50  loss=0.8799  acc_e=93.97%  lr=1.62e-04  elapsed=3:34:09
[18:04:13][rank0] --- Validation @ step 8000 ---
[18:04:43][rank0]   val loss=0.8694  loss_e=0.9764  acc_e=94.12%  acc_l=67.48%
[18:05:56][rank0] Epoch  50/100  loss=0.8804  acc_e=93.94%  acc_l=66.98%  elapsed=3:35:52
[18:09:30][rank0] --- Validation @ step 8200 ---
[18:10:01][rank0]   val loss=0.8673  loss_e=0.9749  acc_e=94.36%  acc_l=67.65%
[18:10:01][rank0]   New best val loss=0.8673 -> /scratch/yuvraj17/adaptive_tracing_scratch/adaptive_tracer/logs/transformer_multitask_cats6_10954576/model_best.pt
[18:10:18][rank0] Epoch  51/100  loss=0.8800  acc_e=93.95%  acc_l=67.00%  elapsed=3:40:14
[18:14:09][rank0] Epoch  52/100  loss=0.8795  acc_e=93.96%  acc_l=67.03%  elapsed=3:44:05
[18:14:50][rank0] --- Validation @ step 8400 ---
[18:15:20][rank0]   val loss=0.8661  loss_e=0.9747  acc_e=94.37%  acc_l=67.78%
[18:15:20][rank0]   New best val loss=0.8661 -> /scratch/yuvraj17/adaptive_tracing_scratch/adaptive_tracer/logs/transformer_multitask_cats6_10954576/model_best.pt
[18:17:42][rank0] step=  8500  epoch=53  loss=0.8788  acc_e=93.97%  lr=1.47e-04  elapsed=3:47:39
[18:18:30][rank0] Epoch  53/100  loss=0.8791  acc_e=93.97%  acc_l=67.06%  elapsed=3:48:27
[18:20:08][rank0] --- Validation @ step 8600 ---
[18:20:38][rank0]   val loss=0.8668  loss_e=0.9745  acc_e=94.39%  acc_l=67.69%
[18:22:55][rank0] Epoch  54/100  loss=0.8787  acc_e=93.98%  acc_l=67.08%  elapsed=3:52:51
[18:25:32][rank0] --- Validation @ step 8800 ---
[18:26:03][rank0]   val loss=0.8660  loss_e=0.9749  acc_e=94.39%  acc_l=67.76%
[18:26:03][rank0]   New best val loss=0.8660 -> /scratch/yuvraj17/adaptive_tracing_scratch/adaptive_tracer/logs/transformer_multitask_cats6_10954576/model_best.pt
[18:27:25][rank0] Epoch  55/100  loss=0.8783  acc_e=93.99%  acc_l=67.10%  elapsed=3:57:21
[18:30:59][rank0] step=  9000  epoch=56  loss=0.8779  acc_e=94.01%  lr=1.32e-04  elapsed=4:00:55
[18:30:59][rank0] --- Validation @ step 9000 ---
[18:31:31][rank0]   val loss=0.8654  loss_e=0.9739  acc_e=94.40%  acc_l=67.80%
[18:31:31][rank0]   New best val loss=0.8654 -> /scratch/yuvraj17/adaptive_tracing_scratch/adaptive_tracer/logs/transformer_multitask_cats6_10954576/model_best.pt
[18:31:56][rank0] Epoch  56/100  loss=0.8780  acc_e=94.00%  acc_l=67.12%  elapsed=4:01:52
[18:35:54][rank0] Epoch  57/100  loss=0.8777  acc_e=94.00%  acc_l=67.13%  elapsed=4:05:50
[18:36:28][rank0] --- Validation @ step 9200 ---
[18:37:01][rank0]   val loss=0.8671  loss_e=0.9737  acc_e=94.41%  acc_l=67.61%
[18:40:25][rank0] Epoch  58/100  loss=0.8774  acc_e=94.01%  acc_l=67.15%  elapsed=4:10:21
[18:41:56][rank0] --- Validation @ step 9400 ---
[18:42:27][rank0]   val loss=0.8651  loss_e=0.9737  acc_e=94.41%  acc_l=67.80%
[18:42:27][rank0]   New best val loss=0.8651 -> /scratch/yuvraj17/adaptive_tracing_scratch/adaptive_tracer/logs/transformer_multitask_cats6_10954576/model_best.pt
[18:44:53][rank0] Epoch  59/100  loss=0.8771  acc_e=94.02%  acc_l=67.16%  elapsed=4:14:49
[18:44:54][rank0] step=  9500  epoch=60  loss=0.8720  acc_e=93.96%  lr=1.18e-04  elapsed=4:14:51
[18:47:22][rank0] --- Validation @ step 9600 ---
[18:47:55][rank0]   val loss=0.8649  loss_e=0.9737  acc_e=94.40%  acc_l=67.84%
[18:47:55][rank0]   New best val loss=0.8649 -> /scratch/yuvraj17/adaptive_tracing_scratch/adaptive_tracer/logs/transformer_multitask_cats6_10954576/model_best.pt
[18:49:24][rank0] Epoch  60/100  loss=0.8767  acc_e=94.03%  acc_l=67.18%  elapsed=4:19:20
[18:52:51][rank0] --- Validation @ step 9800 ---
[18:53:23][rank0]   val loss=0.8647  loss_e=0.9732  acc_e=94.41%  acc_l=67.78%
[18:53:23][rank0]   New best val loss=0.8647 -> /scratch/yuvraj17/adaptive_tracing_scratch/adaptive_tracer/logs/transformer_multitask_cats6_10954576/model_best.pt
[18:53:54][rank0] Epoch  61/100  loss=0.8765  acc_e=94.03%  acc_l=67.21%  elapsed=4:23:50
[18:57:53][rank0] Epoch  62/100  loss=0.8762  acc_e=94.04%  acc_l=67.21%  elapsed=4:27:49
[18:58:20][rank0] step= 10000  epoch=63  loss=0.8743  acc_e=94.06%  lr=1.04e-04  elapsed=4:28:16
[18:58:20][rank0] --- Validation @ step 10000 ---
[18:58:52][rank0]   val loss=0.8645  loss_e=0.9730  acc_e=94.43%  acc_l=67.84%
[18:58:52][rank0]   New best val loss=0.8645 -> /scratch/yuvraj17/adaptive_tracing_scratch/adaptive_tracer/logs/transformer_multitask_cats6_10954576/model_best.pt
[18:58:52][rank0]   Checkpoint -> /scratch/yuvraj17/adaptive_tracing_scratch/adaptive_tracer/logs/transformer_multitask_cats6_10954576/ckpt_0010000.pt
[19:02:24][rank0] Epoch  63/100  loss=0.8760  acc_e=94.05%  acc_l=67.22%  elapsed=4:32:20
[19:03:48][rank0] --- Validation @ step 10200 ---
[19:04:20][rank0]   val loss=0.8630  loss_e=0.9728  acc_e=94.44%  acc_l=67.96%
[19:04:20][rank0]   New best val loss=0.8630 -> /scratch/yuvraj17/adaptive_tracing_scratch/adaptive_tracer/logs/transformer_multitask_cats6_10954576/model_best.pt
[19:06:54][rank0] Epoch  64/100  loss=0.8757  acc_e=94.05%  acc_l=67.25%  elapsed=4:36:50
[19:09:16][rank0] --- Validation @ step 10400 ---
[19:09:48][rank0]   val loss=0.8628  loss_e=0.9725  acc_e=94.43%  acc_l=67.96%
[19:09:48][rank0]   New best val loss=0.8628 -> /scratch/yuvraj17/adaptive_tracing_scratch/adaptive_tracer/logs/transformer_multitask_cats6_10954576/model_best.pt
[19:11:24][rank0] Epoch  65/100  loss=0.8754  acc_e=94.05%  acc_l=67.26%  elapsed=4:41:20
[19:12:16][rank0] step= 10500  epoch=66  loss=0.8757  acc_e=93.96%  lr=9.10e-05  elapsed=4:42:12
[19:14:44][rank0] --- Validation @ step 10600 ---
[19:15:17][rank0]   val loss=0.8635  loss_e=0.9727  acc_e=94.43%  acc_l=67.88%
[19:15:56][rank0] Epoch  66/100  loss=0.8753  acc_e=94.06%  acc_l=67.28%  elapsed=4:45:52
[19:19:55][rank0] Epoch  67/100  loss=0.8750  acc_e=94.07%  acc_l=67.29%  elapsed=4:49:51
[19:20:14][rank0] --- Validation @ step 10800 ---
[19:20:46][rank0]   val loss=0.8635  loss_e=0.9722  acc_e=94.46%  acc_l=67.91%
[19:24:25][rank0] Epoch  68/100  loss=0.8748  acc_e=94.07%  acc_l=67.31%  elapsed=4:54:22
[19:25:42][rank0] step= 11000  epoch=69  loss=0.8745  acc_e=93.96%  lr=7.84e-05  elapsed=4:55:39
[19:25:42][rank0] --- Validation @ step 11000 ---
[19:26:14][rank0]   val loss=0.8637  loss_e=0.9724  acc_e=94.46%  acc_l=67.86%
[19:28:56][rank0] Epoch  69/100  loss=0.8746  acc_e=94.07%  acc_l=67.31%  elapsed=4:58:53
[19:31:11][rank0] --- Validation @ step 11200 ---
[19:31:43][rank0]   val loss=0.8623  loss_e=0.9722  acc_e=94.46%  acc_l=67.97%
[19:31:43][rank0]   New best val loss=0.8623 -> /scratch/yuvraj17/adaptive_tracing_scratch/adaptive_tracer/logs/transformer_multitask_cats6_10954576/model_best.pt
[19:33:27][rank0] Epoch  70/100  loss=0.8744  acc_e=94.08%  acc_l=67.32%  elapsed=5:03:23
[19:36:39][rank0] --- Validation @ step 11400 ---
[19:37:11][rank0]   val loss=0.8625  loss_e=0.9717  acc_e=94.48%  acc_l=67.95%
[19:37:58][rank0] Epoch  71/100  loss=0.8742  acc_e=94.09%  acc_l=67.33%  elapsed=5:07:54
[19:39:40][rank0] step= 11500  epoch=72  loss=0.8741  acc_e=93.99%  lr=6.66e-05  elapsed=5:09:36
[19:41:57][rank0] Epoch  72/100  loss=0.8740  acc_e=94.09%  acc_l=67.35%  elapsed=5:11:53
[19:42:09][rank0] --- Validation @ step 11600 ---
[19:42:40][rank0]   val loss=0.8634  loss_e=0.9718  acc_e=94.47%  acc_l=67.88%
[19:46:26][rank0] Epoch  73/100  loss=0.8739  acc_e=94.09%  acc_l=67.36%  elapsed=5:16:23
[19:47:36][rank0] --- Validation @ step 11800 ---
[19:48:08][rank0]   val loss=0.8631  loss_e=0.9717  acc_e=94.47%  acc_l=67.90%
[19:50:57][rank0] Epoch  74/100  loss=0.8737  acc_e=94.10%  acc_l=67.36%  elapsed=5:20:53
[19:53:04][rank0] step= 12000  epoch=75  loss=0.8740  acc_e=94.02%  lr=5.58e-05  elapsed=5:23:00
[19:53:04][rank0] --- Validation @ step 12000 ---
[19:53:36][rank0]   val loss=0.8621  loss_e=0.9717  acc_e=94.48%  acc_l=67.95%
[19:53:36][rank0]   New best val loss=0.8621 -> /scratch/yuvraj17/adaptive_tracing_scratch/adaptive_tracer/logs/transformer_multitask_cats6_10954576/model_best.pt
[19:55:28][rank0] Epoch  75/100  loss=0.8736  acc_e=94.10%  acc_l=67.37%  elapsed=5:25:24
[19:58:33][rank0] --- Validation @ step 12200 ---
[19:59:04][rank0]   val loss=0.8632  loss_e=0.9715  acc_e=94.48%  acc_l=67.86%
[19:59:58][rank0] Epoch  76/100  loss=0.8735  acc_e=94.10%  acc_l=67.38%  elapsed=5:29:54
[20:03:56][rank0] Epoch  77/100  loss=0.8733  acc_e=94.10%  acc_l=67.39%  elapsed=5:33:53
[20:04:01][rank0] --- Validation @ step 12400 ---
[20:04:34][rank0]   val loss=0.8631  loss_e=0.9713  acc_e=94.49%  acc_l=67.88%
[20:07:01][rank0] step= 12500  epoch=78  loss=0.8724  acc_e=94.15%  lr=4.61e-05  elapsed=5:36:57
[20:08:27][rank0] Epoch  78/100  loss=0.8732  acc_e=94.11%  acc_l=67.40%  elapsed=5:38:24
[20:09:29][rank0] --- Validation @ step 12600 ---
[20:10:01][rank0]   val loss=0.8616  loss_e=0.9711  acc_e=94.49%  acc_l=68.01%
[20:10:01][rank0]   New best val loss=0.8616 -> /scratch/yuvraj17/adaptive_tracing_scratch/adaptive_tracer/logs/transformer_multitask_cats6_10954576/model_best.pt
[20:12:57][rank0] Epoch  79/100  loss=0.8730  acc_e=94.11%  acc_l=67.40%  elapsed=5:42:53
[20:14:56][rank0] --- Validation @ step 12800 ---
[20:15:29][rank0]   val loss=0.8614  loss_e=0.9713  acc_e=94.49%  acc_l=68.00%
[20:15:29][rank0]   New best val loss=0.8614 -> /scratch/yuvraj17/adaptive_tracing_scratch/adaptive_tracer/logs/transformer_multitask_cats6_10954576/model_best.pt
[20:17:28][rank0] Epoch  80/100  loss=0.8729  acc_e=94.11%  acc_l=67.41%  elapsed=5:47:24
[20:20:25][rank0] step= 13000  epoch=81  loss=0.8725  acc_e=94.12%  lr=3.76e-05  elapsed=5:50:21
[20:20:25][rank0] --- Validation @ step 13000 ---
[20:20:57][rank0]   val loss=0.8615  loss_e=0.9713  acc_e=94.49%  acc_l=68.02%
[20:21:58][rank0] Epoch  81/100  loss=0.8728  acc_e=94.12%  acc_l=67.42%  elapsed=5:51:54
[20:25:54][rank0] --- Validation @ step 13200 ---
[20:26:25][rank0]   val loss=0.8625  loss_e=0.9710  acc_e=94.50%  acc_l=67.92%
[20:26:29][rank0] Epoch  82/100  loss=0.8727  acc_e=94.12%  acc_l=67.42%  elapsed=5:56:25
[20:30:28][rank0] Epoch  83/100  loss=0.8726  acc_e=94.12%  acc_l=67.43%  elapsed=6:00:24
[20:31:22][rank0] --- Validation @ step 13400 ---
[20:31:54][rank0]   val loss=0.8625  loss_e=0.9712  acc_e=94.49%  acc_l=67.91%
[20:34:21][rank0] step= 13500  epoch=84  loss=0.8726  acc_e=94.12%  lr=3.03e-05  elapsed=6:04:17
[20:34:57][rank0] Epoch  84/100  loss=0.8725  acc_e=94.12%  acc_l=67.43%  elapsed=6:04:53
[20:36:49][rank0] --- Validation @ step 13600 ---
[20:37:21][rank0]   val loss=0.8610  loss_e=0.9709  acc_e=94.50%  acc_l=68.03%
[20:37:21][rank0]   New best val loss=0.8610 -> /scratch/yuvraj17/adaptive_tracing_scratch/adaptive_tracer/logs/transformer_multitask_cats6_10954576/model_best.pt
[20:39:27][rank0] Epoch  85/100  loss=0.8724  acc_e=94.13%  acc_l=67.45%  elapsed=6:09:23
[20:42:17][rank0] --- Validation @ step 13800 ---
[20:42:49][rank0]   val loss=0.8614  loss_e=0.9711  acc_e=94.50%  acc_l=68.01%
[20:43:58][rank0] Epoch  86/100  loss=0.8723  acc_e=94.12%  acc_l=67.44%  elapsed=6:13:54
[20:47:46][rank0] step= 14000  epoch=87  loss=0.8722  acc_e=94.14%  lr=2.44e-05  elapsed=6:17:42
[20:47:46][rank0] --- Validation @ step 14000 ---
[20:48:17][rank0]   val loss=0.8612  loss_e=0.9709  acc_e=94.50%  acc_l=68.02%
[20:48:29][rank0] Epoch  87/100  loss=0.8723  acc_e=94.13%  acc_l=67.44%  elapsed=6:18:25
[20:52:27][rank0] Epoch  88/100  loss=0.8723  acc_e=94.13%  acc_l=67.45%  elapsed=6:22:23
[20:53:15][rank0] --- Validation @ step 14200 ---
[20:53:46][rank0]   val loss=0.8608  loss_e=0.9709  acc_e=94.51%  acc_l=68.04%
[20:53:46][rank0]   New best val loss=0.8608 -> /scratch/yuvraj17/adaptive_tracing_scratch/adaptive_tracer/logs/transformer_multitask_cats6_10954576/model_best.pt
[20:56:57][rank0] Epoch  89/100  loss=0.8721  acc_e=94.13%  acc_l=67.46%  elapsed=6:26:53
[20:58:42][rank0] --- Validation @ step 14400 ---
[20:59:14][rank0]   val loss=0.8614  loss_e=0.9709  acc_e=94.50%  acc_l=68.00%
[21:01:27][rank0] Epoch  90/100  loss=0.8721  acc_e=94.13%  acc_l=67.46%  elapsed=6:31:23
[21:01:42][rank0] step= 14500  epoch=91  loss=0.8676  acc_e=94.19%  lr=1.99e-05  elapsed=6:31:38
[21:04:10][rank0] --- Validation @ step 14600 ---
[21:04:40][rank0]   val loss=0.8608  loss_e=0.9710  acc_e=94.50%  acc_l=68.07%
[21:04:40][rank0]   New best val loss=0.8608 -> /scratch/yuvraj17/adaptive_tracing_scratch/adaptive_tracer/logs/transformer_multitask_cats6_10954576/model_best.pt
[21:05:56][rank0] Epoch  91/100  loss=0.8720  acc_e=94.14%  acc_l=67.46%  elapsed=6:35:52
[21:09:37][rank0] --- Validation @ step 14800 ---
[21:10:09][rank0]   val loss=0.8609  loss_e=0.9708  acc_e=94.50%  acc_l=68.04%
[21:10:28][rank0] Epoch  92/100  loss=0.8719  acc_e=94.13%  acc_l=67.47%  elapsed=6:40:24
[21:14:27][rank0] Epoch  93/100  loss=0.8719  acc_e=94.14%  acc_l=67.47%  elapsed=6:44:23
[21:15:07][rank0] step= 15000  epoch=94  loss=0.8717  acc_e=94.05%  lr=1.68e-05  elapsed=6:45:03
[21:15:07][rank0] --- Validation @ step 15000 ---
[21:15:38][rank0]   val loss=0.8615  loss_e=0.9708  acc_e=94.51%  acc_l=67.97%
[21:15:39][rank0]   Checkpoint -> /scratch/yuvraj17/adaptive_tracing_scratch/adaptive_tracer/logs/transformer_multitask_cats6_10954576/ckpt_0015000.pt
[21:18:57][rank0] Epoch  94/100  loss=0.8719  acc_e=94.13%  acc_l=67.48%  elapsed=6:48:53
[21:20:33][rank0] --- Validation @ step 15200 ---
[21:21:05][rank0]   val loss=0.8612  loss_e=0.9708  acc_e=94.50%  acc_l=68.01%
[21:23:26][rank0] Epoch  95/100  loss=0.8719  acc_e=94.14%  acc_l=67.47%  elapsed=6:53:22
[21:26:01][rank0] --- Validation @ step 15400 ---
[21:26:33][rank0]   val loss=0.8608  loss_e=0.9708  acc_e=94.50%  acc_l=68.05%
[21:27:57][rank0] Epoch  96/100  loss=0.8718  acc_e=94.14%  acc_l=67.47%  elapsed=6:57:53
[21:29:02][rank0] step= 15500  epoch=97  loss=0.8724  acc_e=94.03%  lr=1.52e-05  elapsed=6:58:58
[21:31:29][rank0] --- Validation @ step 15600 ---
[21:32:00][rank0]   val loss=0.8615  loss_e=0.9708  acc_e=94.50%  acc_l=67.97%
[21:32:26][rank0] Epoch  97/100  loss=0.8718  acc_e=94.14%  acc_l=67.48%  elapsed=7:02:22
[21:36:25][rank0] Epoch  98/100  loss=0.8717  acc_e=94.14%  acc_l=67.48%  elapsed=7:06:21
[21:36:58][rank0] --- Validation @ step 15800 ---
[21:37:29][rank0]   val loss=0.8612  loss_e=0.9707  acc_e=94.51%  acc_l=68.01%
[21:40:53][rank0] Epoch  99/100  loss=0.8716  acc_e=94.15%  acc_l=67.48%  elapsed=7:10:49
[21:42:22][rank0] step= 16000  epoch=100  loss=0.8723  acc_e=94.02%  lr=1.52e-05  elapsed=7:12:18
[21:42:22][rank0] --- Validation @ step 16000 ---
[21:42:55][rank0]   val loss=0.8607  loss_e=0.9707  acc_e=94.51%  acc_l=68.05%
[21:42:55][rank0]   New best val loss=0.8607 -> /scratch/yuvraj17/adaptive_tracing_scratch/adaptive_tracer/logs/transformer_multitask_cats6_10954576/model_best.pt
[21:45:23][rank0] Epoch 100/100  loss=0.8717  acc_e=94.14%  acc_l=67.49%  elapsed=7:15:20
[21:45:24][rank0] ======================================================================
[21:45:24][rank0] Training complete — OOD evaluation
[21:45:24][rank0] ======================================================================
[21:45:24][rank0] Loaded best model from /scratch/yuvraj17/adaptive_tracing_scratch/adaptive_tracer/logs/transformer_multitask_cats6_10954576/model_best.pt
[21:48:33][rank0] [OOD] cpu     AUROC=0.6332  AUPR=0.6127  bal=108483/108483  full=108,483/220,454  F1=0.6687  P=0.5378  R=0.8838  thr=0.386542
[21:52:07][rank0] [OOD] disk    AUROC=0.5675  AUPR=0.5603  bal=108483/108483  full=108,483/268,102  F1=0.6670  P=0.5026  R=0.9910  thr=0.15025
[21:55:19][rank0] [OOD] mem     AUROC=0.7565  AUPR=0.7471  bal=108483/108483  full=108,483/234,136  F1=0.6666  P=0.5000  R=1.0000  thr=0.0526505
[21:57:29][rank0] [OOD] net     AUROC=0.7197  AUPR=0.7146  bal=108483/108483  full=108,483/120,006  F1=0.7096  P=0.6300  R=0.8122  thr=0.487528
[21:57:29][rank0] OOD results -> /scratch/yuvraj17/adaptive_tracing_scratch/adaptive_tracer/logs/transformer_multitask_cats6_10954576/ood_results.json
