[03:52:38][rank0] Vocab: 175 syscalls / 113 processes
[03:52:38][rank0] Train shards for this rank: 119  (total=119)  Valid shards: 40
[03:52:38][rank0] Model: TRANSFORMER  params=2,801,459
[03:52:38][rank0]   n_hidden=1024  n_layer=6  n_head=8
[03:52:38][rank0]   AMP(bf16)=True  compile=False  chk=False  DDP=False
[03:52:38][rank0]   batch=64  accum_steps=1  world_size=1  eff_batch=64
[03:52:38][rank0] ======================================================================
[03:52:38][rank0] Starting training  device=cuda:0  total_steps~=278100  world_size=1
[03:52:38][rank0] ======================================================================
[03:53:07][rank0] step=   500  epoch=1  loss=1.7717  acc_e=50.08%  lr=3.00e-04  elapsed=0:00:28
[03:53:35][rank0] step=  1000  epoch=1  loss=1.4148  acc_e=66.96%  lr=3.00e-04  elapsed=0:00:56
[03:54:03][rank0] step=  1500  epoch=1  loss=1.2588  acc_e=73.84%  lr=3.00e-04  elapsed=0:01:24
[03:54:30][rank0] step=  2000  epoch=1  loss=1.1757  acc_e=77.35%  lr=3.00e-04  elapsed=0:01:52
[03:54:30][rank0] --- Validation @ step 2000 ---
[03:55:40][rank0]   val loss=0.8889  loss_e=1.1460  acc_e=88.40%  acc_l=72.06%
[03:55:40][rank0]   New best val loss=0.8889 -> /scratch/yuvraj17/adaptive_tracing_scratch/adaptive_tracer/logs/transformer_multitask_cats3_seq512_382060/model_best.pt
[03:56:08][rank0] step=  2500  epoch=1  loss=1.1205  acc_e=79.60%  lr=3.00e-04  elapsed=0:03:29
[03:56:35][rank0] step=  3000  epoch=1  loss=1.0765  acc_e=81.29%  lr=3.00e-04  elapsed=0:03:56
[03:57:03][rank0] step=  3500  epoch=1  loss=1.0403  acc_e=82.64%  lr=3.00e-04  elapsed=0:04:24
[03:57:30][rank0] step=  4000  epoch=1  loss=1.0141  acc_e=83.63%  lr=3.00e-04  elapsed=0:04:51
[03:57:30][rank0] --- Validation @ step 4000 ---
[03:58:36][rank0]   val loss=0.7941  loss_e=1.0613  acc_e=91.13%  acc_l=77.29%
[03:58:36][rank0]   New best val loss=0.7941 -> /scratch/yuvraj17/adaptive_tracing_scratch/adaptive_tracer/logs/transformer_multitask_cats3_seq512_382060/model_best.pt
[03:59:03][rank0] step=  4500  epoch=1  loss=0.9929  acc_e=84.44%  lr=3.00e-04  elapsed=0:06:24
[03:59:31][rank0] step=  5000  epoch=1  loss=0.9741  acc_e=85.11%  lr=3.00e-04  elapsed=0:06:52
[03:59:57][rank0] step=  5500  epoch=1  loss=0.9581  acc_e=85.71%  lr=3.00e-04  elapsed=0:07:19
[04:00:25][rank0] step=  6000  epoch=1  loss=0.9435  acc_e=86.23%  lr=3.00e-04  elapsed=0:07:46
[04:00:25][rank0] --- Validation @ step 6000 ---
[04:01:32][rank0]   val loss=0.7693  loss_e=1.0367  acc_e=92.31%  acc_l=78.50%
[04:01:32][rank0]   New best val loss=0.7693 -> /scratch/yuvraj17/adaptive_tracing_scratch/adaptive_tracer/logs/transformer_multitask_cats3_seq512_382060/model_best.pt
[04:02:00][rank0] step=  6500  epoch=1  loss=0.9305  acc_e=86.68%  lr=3.00e-04  elapsed=0:09:21
[04:02:28][rank0] step=  7000  epoch=1  loss=0.9193  acc_e=87.07%  lr=3.00e-04  elapsed=0:09:49
[04:02:55][rank0] step=  7500  epoch=1  loss=0.9101  acc_e=87.41%  lr=3.00e-04  elapsed=0:10:16
[04:03:23][rank0] step=  8000  epoch=1  loss=0.9014  acc_e=87.71%  lr=2.99e-04  elapsed=0:10:44
[04:03:23][rank0] --- Validation @ step 8000 ---
[04:04:31][rank0]   val loss=0.7579  loss_e=1.0231  acc_e=92.71%  acc_l=79.05%
[04:04:31][rank0]   New best val loss=0.7579 -> /scratch/yuvraj17/adaptive_tracing_scratch/adaptive_tracer/logs/transformer_multitask_cats3_seq512_382060/model_best.pt
[04:04:58][rank0] step=  8500  epoch=1  loss=0.8939  acc_e=87.96%  lr=2.99e-04  elapsed=0:12:20
[04:05:25][rank0] step=  9000  epoch=1  loss=0.8870  acc_e=88.21%  lr=2.99e-04  elapsed=0:12:47
[04:05:46][rank0] Epoch   1/30  loss=0.8821  acc_e=88.38%  acc_l=73.00%  elapsed=0:13:07
[04:05:53][rank0] step=  9500  epoch=2  loss=0.7661  acc_e=92.72%  lr=2.99e-04  elapsed=0:13:14
[04:06:20][rank0] step= 10000  epoch=2  loss=0.7620  acc_e=92.74%  lr=2.99e-04  elapsed=0:13:41
[04:06:20][rank0] --- Validation @ step 10000 ---
[04:07:26][rank0]   val loss=0.7491  loss_e=1.0148  acc_e=92.93%  acc_l=79.39%
[04:07:26][rank0]   New best val loss=0.7491 -> /scratch/yuvraj17/adaptive_tracing_scratch/adaptive_tracer/logs/transformer_multitask_cats3_seq512_382060/model_best.pt
[04:07:26][rank0]   Checkpoint -> /scratch/yuvraj17/adaptive_tracing_scratch/adaptive_tracer/logs/transformer_multitask_cats3_seq512_382060/ckpt_0010000.pt
[04:07:54][rank0] step= 10500  epoch=2  loss=0.7577  acc_e=92.73%  lr=2.99e-04  elapsed=0:15:15
[04:08:22][rank0] step= 11000  epoch=2  loss=0.7566  acc_e=92.67%  lr=2.99e-04  elapsed=0:15:43
[04:08:49][rank0] step= 11500  epoch=2  loss=0.7573  acc_e=92.67%  lr=2.99e-04  elapsed=0:16:10
[04:09:16][rank0] step= 12000  epoch=2  loss=0.7570  acc_e=92.72%  lr=2.99e-04  elapsed=0:16:37
[04:09:16][rank0] --- Validation @ step 12000 ---
[04:10:22][rank0]   val loss=0.7415  loss_e=1.0079  acc_e=93.14%  acc_l=79.61%
[04:10:22][rank0]   New best val loss=0.7415 -> /scratch/yuvraj17/adaptive_tracing_scratch/adaptive_tracer/logs/transformer_multitask_cats3_seq512_382060/model_best.pt
[04:10:50][rank0] step= 12500  epoch=2  loss=0.7558  acc_e=92.73%  lr=2.99e-04  elapsed=0:18:11
[04:11:18][rank0] step= 13000  epoch=2  loss=0.7547  acc_e=92.75%  lr=2.99e-04  elapsed=0:18:39
[04:11:44][rank0] step= 13500  epoch=2  loss=0.7553  acc_e=92.77%  lr=2.98e-04  elapsed=0:19:06
[04:12:12][rank0] step= 14000  epoch=2  loss=0.7551  acc_e=92.77%  lr=2.98e-04  elapsed=0:19:33
[04:12:12][rank0] --- Validation @ step 14000 ---
[04:13:18][rank0]   val loss=0.7377  loss_e=1.0051  acc_e=93.22%  acc_l=79.84%
[04:13:18][rank0]   New best val loss=0.7377 -> /scratch/yuvraj17/adaptive_tracing_scratch/adaptive_tracer/logs/transformer_multitask_cats3_seq512_382060/model_best.pt
[04:13:45][rank0] step= 14500  epoch=2  loss=0.7550  acc_e=92.77%  lr=2.98e-04  elapsed=0:21:06
[04:14:12][rank0] step= 15000  epoch=2  loss=0.7545  acc_e=92.80%  lr=2.98e-04  elapsed=0:21:33
[04:14:40][rank0] step= 15500  epoch=2  loss=0.7537  acc_e=92.82%  lr=2.98e-04  elapsed=0:22:01
[04:15:08][rank0] step= 16000  epoch=2  loss=0.7527  acc_e=92.84%  lr=2.98e-04  elapsed=0:22:29
[04:15:08][rank0] --- Validation @ step 16000 ---
[04:16:14][rank0]   val loss=0.7413  loss_e=1.0131  acc_e=93.18%  acc_l=79.95%
[04:16:14][rank0]   No improvement count: 1/10
[04:16:44][rank0] step= 16500  epoch=2  loss=0.7523  acc_e=92.86%  lr=2.98e-04  elapsed=0:24:05
[04:17:11][rank0] step= 17000  epoch=2  loss=0.7520  acc_e=92.87%  lr=2.98e-04  elapsed=0:24:32
[04:17:39][rank0] step= 17500  epoch=2  loss=0.7516  acc_e=92.88%  lr=2.97e-04  elapsed=0:25:00
[04:18:06][rank0] step= 18000  epoch=2  loss=0.7514  acc_e=92.88%  lr=2.97e-04  elapsed=0:25:27
[04:18:06][rank0] --- Validation @ step 18000 ---
[04:19:13][rank0]   val loss=0.7340  loss_e=1.0015  acc_e=93.06%  acc_l=80.00%
[04:19:13][rank0]   New best val loss=0.7340 -> /scratch/yuvraj17/adaptive_tracing_scratch/adaptive_tracer/logs/transformer_multitask_cats3_seq512_382060/model_best.pt
[04:19:41][rank0] step= 18500  epoch=2  loss=0.7510  acc_e=92.89%  lr=2.97e-04  elapsed=0:27:02
[04:19:54][rank0] Epoch   2/30  loss=0.7508  acc_e=92.89%  acc_l=78.84%  elapsed=0:27:15
[04:20:08][rank0] step= 19000  epoch=3  loss=0.7423  acc_e=93.35%  lr=2.97e-04  elapsed=0:27:29
[04:20:35][rank0] step= 19500  epoch=3  loss=0.7400  acc_e=93.35%  lr=2.97e-04  elapsed=0:27:56
[04:21:03][rank0] step= 20000  epoch=3  loss=0.7387  acc_e=93.26%  lr=2.97e-04  elapsed=0:28:24
[04:21:03][rank0] --- Validation @ step 20000 ---
[04:22:09][rank0]   val loss=0.7343  loss_e=1.0025  acc_e=93.44%  acc_l=80.07%
[04:22:09][rank0]   No improvement count: 1/10
[04:22:09][rank0]   Checkpoint -> /scratch/yuvraj17/adaptive_tracing_scratch/adaptive_tracer/logs/transformer_multitask_cats3_seq512_382060/ckpt_0020000.pt
[04:22:37][rank0] step= 20500  epoch=3  loss=0.7390  acc_e=93.19%  lr=2.96e-04  elapsed=0:29:58
[04:23:04][rank0] step= 21000  epoch=3  loss=0.7395  acc_e=93.22%  lr=2.96e-04  elapsed=0:30:25
[04:23:31][rank0] step= 21500  epoch=3  loss=0.7395  acc_e=93.24%  lr=2.96e-04  elapsed=0:30:52
[04:23:58][rank0] step= 22000  epoch=3  loss=0.7390  acc_e=93.23%  lr=2.96e-04  elapsed=0:31:20
[04:23:58][rank0] --- Validation @ step 22000 ---
[04:25:05][rank0]   val loss=0.7332  loss_e=1.0009  acc_e=93.47%  acc_l=80.06%
[04:25:05][rank0]   New best val loss=0.7332 -> /scratch/yuvraj17/adaptive_tracing_scratch/adaptive_tracer/logs/transformer_multitask_cats3_seq512_382060/model_best.pt
[04:25:33][rank0] step= 22500  epoch=3  loss=0.7386  acc_e=93.23%  lr=2.96e-04  elapsed=0:32:54
[04:25:59][rank0] step= 23000  epoch=3  loss=0.7394  acc_e=93.25%  lr=2.95e-04  elapsed=0:33:20
[04:26:26][rank0] step= 23500  epoch=3  loss=0.7395  acc_e=93.23%  lr=2.95e-04  elapsed=0:33:47
[04:26:53][rank0] step= 24000  epoch=3  loss=0.7396  acc_e=93.24%  lr=2.95e-04  elapsed=0:34:14
[04:26:53][rank0] --- Validation @ step 24000 ---
[04:28:00][rank0]   val loss=0.7281  loss_e=0.9960  acc_e=93.54%  acc_l=80.36%
[04:28:00][rank0]   New best val loss=0.7281 -> /scratch/yuvraj17/adaptive_tracing_scratch/adaptive_tracer/logs/transformer_multitask_cats3_seq512_382060/model_best.pt
[04:28:27][rank0] step= 24500  epoch=3  loss=0.7395  acc_e=93.26%  lr=2.95e-04  elapsed=0:35:48
[04:28:55][rank0] step= 25000  epoch=3  loss=0.7390  acc_e=93.26%  lr=2.95e-04  elapsed=0:36:16
[04:29:23][rank0] step= 25500  epoch=3  loss=0.7384  acc_e=93.27%  lr=2.94e-04  elapsed=0:36:44
[04:29:51][rank0] step= 26000  epoch=3  loss=0.7385  acc_e=93.28%  lr=2.94e-04  elapsed=0:37:12
[04:29:51][rank0] --- Validation @ step 26000 ---
[04:30:57][rank0]   val loss=0.7297  loss_e=0.9975  acc_e=93.56%  acc_l=80.29%
[04:30:57][rank0]   No improvement count: 1/10
[04:31:24][rank0] step= 26500  epoch=3  loss=0.7384  acc_e=93.28%  lr=2.94e-04  elapsed=0:38:45
[04:31:52][rank0] step= 27000  epoch=3  loss=0.7383  acc_e=93.27%  lr=2.94e-04  elapsed=0:39:13
[04:32:19][rank0] step= 27500  epoch=3  loss=0.7383  acc_e=93.28%  lr=2.93e-04  elapsed=0:39:40
[04:32:46][rank0] step= 28000  epoch=3  loss=0.7382  acc_e=93.28%  lr=2.93e-04  elapsed=0:40:07
[04:32:46][rank0] --- Validation @ step 28000 ---
[04:33:52][rank0]   val loss=0.7283  loss_e=0.9974  acc_e=93.56%  acc_l=80.39%
[04:33:52][rank0]   No improvement count: 2/10
[04:33:59][rank0] Epoch   3/30  loss=0.7382  acc_e=93.28%  acc_l=79.45%  elapsed=0:41:20
[04:34:19][rank0] step= 28500  epoch=4  loss=0.7323  acc_e=93.60%  lr=2.93e-04  elapsed=0:41:41
[04:34:47][rank0] step= 29000  epoch=4  loss=0.7320  acc_e=93.55%  lr=2.93e-04  elapsed=0:42:08
[04:35:14][rank0] step= 29500  epoch=4  loss=0.7309  acc_e=93.48%  lr=2.92e-04  elapsed=0:42:35
[04:35:42][rank0] step= 30000  epoch=4  loss=0.7315  acc_e=93.42%  lr=2.92e-04  elapsed=0:43:03
[04:35:42][rank0] --- Validation @ step 30000 ---
[04:36:49][rank0]   val loss=0.7285  loss_e=0.9990  acc_e=93.53%  acc_l=80.39%
[04:36:49][rank0]   No improvement count: 3/10
[04:36:49][rank0]   Checkpoint -> /scratch/yuvraj17/adaptive_tracing_scratch/adaptive_tracer/logs/transformer_multitask_cats3_seq512_382060/ckpt_0030000.pt
[04:37:15][rank0] step= 30500  epoch=4  loss=0.7321  acc_e=93.45%  lr=2.92e-04  elapsed=0:44:37
[04:37:43][rank0] step= 31000  epoch=4  loss=0.7322  acc_e=93.45%  lr=2.92e-04  elapsed=0:45:04
[04:38:11][rank0] step= 31500  epoch=4  loss=0.7318  acc_e=93.44%  lr=2.91e-04  elapsed=0:45:32
[04:38:39][rank0] step= 32000  epoch=4  loss=0.7321  acc_e=93.43%  lr=2.91e-04  elapsed=0:46:00
[04:38:39][rank0] --- Validation @ step 32000 ---
[04:39:45][rank0]   val loss=0.7262  loss_e=0.9958  acc_e=93.65%  acc_l=80.49%
[04:39:45][rank0]   New best val loss=0.7262 -> /scratch/yuvraj17/adaptive_tracing_scratch/adaptive_tracer/logs/transformer_multitask_cats3_seq512_382060/model_best.pt
[04:40:11][rank0] step= 32500  epoch=4  loss=0.7325  acc_e=93.46%  lr=2.91e-04  elapsed=0:47:33
[04:40:39][rank0] step= 33000  epoch=4  loss=0.7326  acc_e=93.43%  lr=2.90e-04  elapsed=0:48:00
[04:41:06][rank0] step= 33500  epoch=4  loss=0.7328  acc_e=93.45%  lr=2.90e-04  elapsed=0:48:27
[04:41:32][rank0] step= 34000  epoch=4  loss=0.7327  acc_e=93.46%  lr=2.90e-04  elapsed=0:48:54
[04:41:32][rank0] --- Validation @ step 34000 ---
[04:42:39][rank0]   val loss=0.7244  loss_e=0.9927  acc_e=93.67%  acc_l=80.54%
[04:42:39][rank0]   New best val loss=0.7244 -> /scratch/yuvraj17/adaptive_tracing_scratch/adaptive_tracer/logs/transformer_multitask_cats3_seq512_382060/model_best.pt
[04:43:07][rank0] step= 34500  epoch=4  loss=0.7323  acc_e=93.46%  lr=2.90e-04  elapsed=0:50:28
[04:43:35][rank0] step= 35000  epoch=4  loss=0.7318  acc_e=93.47%  lr=2.89e-04  elapsed=0:50:56
[04:44:02][rank0] step= 35500  epoch=4  loss=0.7321  acc_e=93.47%  lr=2.89e-04  elapsed=0:51:23
[04:44:29][rank0] step= 36000  epoch=4  loss=0.7320  acc_e=93.47%  lr=2.89e-04  elapsed=0:51:50
[04:44:29][rank0] --- Validation @ step 36000 ---
[04:45:35][rank0]   val loss=0.7246  loss_e=0.9928  acc_e=93.70%  acc_l=80.50%
[04:45:35][rank0]   No improvement count: 1/10
[04:46:03][rank0] step= 36500  epoch=4  loss=0.7321  acc_e=93.46%  lr=2.88e-04  elapsed=0:53:24
[04:46:29][rank0] step= 37000  epoch=4  loss=0.7322  acc_e=93.46%  lr=2.88e-04  elapsed=0:53:50
[04:46:57][rank0] Epoch   4/30  loss=0.7321  acc_e=93.46%  acc_l=79.75%  elapsed=0:54:18
[04:46:57][rank0] step= 37500  epoch=5  loss=0.7178  acc_e=93.77%  lr=2.88e-04  elapsed=0:54:18
[04:47:24][rank0] step= 38000  epoch=5  loss=0.7274  acc_e=93.75%  lr=2.87e-04  elapsed=0:54:45
[04:47:24][rank0] --- Validation @ step 38000 ---
[04:48:30][rank0]   val loss=0.7227  loss_e=0.9911  acc_e=93.73%  acc_l=80.57%
[04:48:30][rank0]   New best val loss=0.7227 -> /scratch/yuvraj17/adaptive_tracing_scratch/adaptive_tracer/logs/transformer_multitask_cats3_seq512_382060/model_best.pt
[04:48:58][rank0] step= 38500  epoch=5  loss=0.7274  acc_e=93.65%  lr=2.87e-04  elapsed=0:56:19
[04:49:25][rank0] step= 39000  epoch=5  loss=0.7267  acc_e=93.58%  lr=2.87e-04  elapsed=0:56:47
[04:49:53][rank0] step= 39500  epoch=5  loss=0.7275  acc_e=93.56%  lr=2.86e-04  elapsed=0:57:14
[04:50:20][rank0] step= 40000  epoch=5  loss=0.7278  acc_e=93.59%  lr=2.86e-04  elapsed=0:57:41
[04:50:20][rank0] --- Validation @ step 40000 ---
[04:51:26][rank0]   val loss=0.7213  loss_e=0.9896  acc_e=93.74%  acc_l=80.66%
[04:51:26][rank0]   New best val loss=0.7213 -> /scratch/yuvraj17/adaptive_tracing_scratch/adaptive_tracer/logs/transformer_multitask_cats3_seq512_382060/model_best.pt
[04:51:26][rank0]   Checkpoint -> /scratch/yuvraj17/adaptive_tracing_scratch/adaptive_tracer/logs/transformer_multitask_cats3_seq512_382060/ckpt_0040000.pt
[04:51:54][rank0] step= 40500  epoch=5  loss=0.7277  acc_e=93.58%  lr=2.86e-04  elapsed=0:59:15
[04:52:21][rank0] step= 41000  epoch=5  loss=0.7273  acc_e=93.57%  lr=2.85e-04  elapsed=0:59:43
[04:52:49][rank0] step= 41500  epoch=5  loss=0.7280  acc_e=93.57%  lr=2.85e-04  elapsed=1:00:10
[04:53:15][rank0] step= 42000  epoch=5  loss=0.7283  acc_e=93.58%  lr=2.85e-04  elapsed=1:00:36
[04:53:15][rank0] --- Validation @ step 42000 ---
[04:54:22][rank0]   val loss=0.7218  loss_e=0.9901  acc_e=93.74%  acc_l=80.61%
[04:54:22][rank0]   No improvement count: 1/10
[04:54:49][rank0] step= 42500  epoch=5  loss=0.7285  acc_e=93.56%  lr=2.84e-04  elapsed=1:02:11
[04:55:16][rank0] step= 43000  epoch=5  loss=0.7286  acc_e=93.58%  lr=2.84e-04  elapsed=1:02:37
[04:55:43][rank0] step= 43500  epoch=5  loss=0.7284  acc_e=93.58%  lr=2.83e-04  elapsed=1:03:04
[04:56:11][rank0] step= 44000  epoch=5  loss=0.7281  acc_e=93.58%  lr=2.83e-04  elapsed=1:03:32
[04:56:11][rank0] --- Validation @ step 44000 ---
[04:57:17][rank0]   val loss=0.7254  loss_e=0.9978  acc_e=93.69%  acc_l=80.69%
[04:57:17][rank0]   No improvement count: 2/10
[04:57:45][rank0] step= 44500  epoch=5  loss=0.7279  acc_e=93.59%  lr=2.83e-04  elapsed=1:05:06
[04:58:12][rank0] step= 45000  epoch=5  loss=0.7280  acc_e=93.59%  lr=2.82e-04  elapsed=1:05:33
[04:58:40][rank0] step= 45500  epoch=5  loss=0.7281  acc_e=93.59%  lr=2.82e-04  elapsed=1:06:01
[04:59:07][rank0] step= 46000  epoch=5  loss=0.7282  acc_e=93.58%  lr=2.82e-04  elapsed=1:06:28
[04:59:07][rank0] --- Validation @ step 46000 ---
[05:00:13][rank0]   val loss=0.7215  loss_e=0.9901  acc_e=93.70%  acc_l=80.65%
[05:00:13][rank0]   No improvement count: 3/10
[05:00:40][rank0] step= 46500  epoch=5  loss=0.7283  acc_e=93.58%  lr=2.81e-04  elapsed=1:08:01
[05:01:01][rank0] Epoch   5/30  loss=0.7282  acc_e=93.57%  acc_l=79.94%  elapsed=1:08:22
[05:01:08][rank0] step= 47000  epoch=6  loss=0.7255  acc_e=93.84%  lr=2.81e-04  elapsed=1:08:29
[05:01:35][rank0] step= 47500  epoch=6  loss=0.7246  acc_e=93.85%  lr=2.80e-04  elapsed=1:08:56
[05:02:02][rank0] step= 48000  epoch=6  loss=0.7237  acc_e=93.74%  lr=2.80e-04  elapsed=1:09:24
[05:02:02][rank0] --- Validation @ step 48000 ---
[05:03:09][rank0]   val loss=0.7225  loss_e=0.9923  acc_e=93.80%  acc_l=80.65%
[05:03:09][rank0]   No improvement count: 4/10
[05:03:37][rank0] step= 48500  epoch=6  loss=0.7241  acc_e=93.66%  lr=2.79e-04  elapsed=1:10:58
[05:04:04][rank0] step= 49000  epoch=6  loss=0.7250  acc_e=93.65%  lr=2.79e-04  elapsed=1:11:25
[05:04:31][rank0] step= 49500  epoch=6  loss=0.7250  acc_e=93.68%  lr=2.79e-04  elapsed=1:11:52
[05:04:59][rank0] step= 50000  epoch=6  loss=0.7247  acc_e=93.66%  lr=2.78e-04  elapsed=1:12:20
[05:04:59][rank0] --- Validation @ step 50000 ---
[05:06:06][rank0]   val loss=0.7225  loss_e=0.9913  acc_e=93.79%  acc_l=80.54%
[05:06:06][rank0]   No improvement count: 5/10
[05:06:06][rank0]   Checkpoint -> /scratch/yuvraj17/adaptive_tracing_scratch/adaptive_tracer/logs/transformer_multitask_cats3_seq512_382060/ckpt_0050000.pt
[05:06:34][rank0] step= 50500  epoch=6  loss=0.7245  acc_e=93.66%  lr=2.78e-04  elapsed=1:13:55
[05:07:00][rank0] step= 51000  epoch=6  loss=0.7253  acc_e=93.67%  lr=2.77e-04  elapsed=1:14:22
[05:07:28][rank0] step= 51500  epoch=6  loss=0.7255  acc_e=93.66%  lr=2.77e-04  elapsed=1:14:49
[05:07:55][rank0] step= 52000  epoch=6  loss=0.7257  acc_e=93.65%  lr=2.76e-04  elapsed=1:15:16
[05:07:55][rank0] --- Validation @ step 52000 ---
[05:09:02][rank0]   val loss=0.7194  loss_e=0.9881  acc_e=93.83%  acc_l=80.67%
[05:09:02][rank0]   New best val loss=0.7194 -> /scratch/yuvraj17/adaptive_tracing_scratch/adaptive_tracer/logs/transformer_multitask_cats3_seq512_382060/model_best.pt
[05:09:28][rank0] step= 52500  epoch=6  loss=0.7258  acc_e=93.67%  lr=2.76e-04  elapsed=1:16:50
[05:09:56][rank0] step= 53000  epoch=6  loss=0.7256  acc_e=93.67%  lr=2.76e-04  elapsed=1:17:17
[05:10:24][rank0] step= 53500  epoch=6  loss=0.7253  acc_e=93.67%  lr=2.75e-04  elapsed=1:17:45
[05:10:51][rank0] step= 54000  epoch=6  loss=0.7254  acc_e=93.67%  lr=2.75e-04  elapsed=1:18:12
[05:10:51][rank0] --- Validation @ step 54000 ---
[05:11:57][rank0]   val loss=0.7214  loss_e=0.9918  acc_e=93.52%  acc_l=80.70%
[05:11:57][rank0]   No improvement count: 1/10
[05:12:24][rank0] step= 54500  epoch=6  loss=0.7253  acc_e=93.68%  lr=2.74e-04  elapsed=1:19:45
[05:12:52][rank0] step= 55000  epoch=6  loss=0.7254  acc_e=93.67%  lr=2.74e-04  elapsed=1:20:14
[05:13:20][rank0] step= 55500  epoch=6  loss=0.7255  acc_e=93.66%  lr=2.73e-04  elapsed=1:20:41
[05:13:47][rank0] step= 56000  epoch=6  loss=0.7256  acc_e=93.66%  lr=2.73e-04  elapsed=1:21:08
[05:13:47][rank0] --- Validation @ step 56000 ---
[05:14:54][rank0]   val loss=0.7197  loss_e=0.9891  acc_e=93.83%  acc_l=80.76%
[05:14:54][rank0]   No improvement count: 2/10
[05:15:07][rank0] Epoch   6/30  loss=0.7256  acc_e=93.66%  acc_l=80.08%  elapsed=1:22:28
[05:15:21][rank0] step= 56500  epoch=7  loss=0.7223  acc_e=93.93%  lr=2.72e-04  elapsed=1:22:42
[05:15:48][rank0] step= 57000  epoch=7  loss=0.7218  acc_e=93.89%  lr=2.72e-04  elapsed=1:23:09
[05:16:16][rank0] step= 57500  epoch=7  loss=0.7214  acc_e=93.78%  lr=2.71e-04  elapsed=1:23:37
[05:16:44][rank0] step= 58000  epoch=7  loss=0.7220  acc_e=93.70%  lr=2.71e-04  elapsed=1:24:05
[05:16:44][rank0] --- Validation @ step 58000 ---
[05:17:50][rank0]   val loss=0.7217  loss_e=0.9929  acc_e=93.73%  acc_l=80.73%
[05:17:50][rank0]   No improvement count: 3/10
[05:18:17][rank0] step= 58500  epoch=7  loss=0.7226  acc_e=93.73%  lr=2.70e-04  elapsed=1:25:38
[05:18:44][rank0] step= 59000  epoch=7  loss=0.7226  acc_e=93.75%  lr=2.70e-04  elapsed=1:26:05
[05:19:12][rank0] step= 59500  epoch=7  loss=0.7225  acc_e=93.73%  lr=2.69e-04  elapsed=1:26:33
[05:19:40][rank0] step= 60000  epoch=7  loss=0.7224  acc_e=93.72%  lr=2.69e-04  elapsed=1:27:01
[05:19:40][rank0] --- Validation @ step 60000 ---
[05:20:46][rank0]   val loss=0.7230  loss_e=0.9964  acc_e=93.77%  acc_l=80.78%
[05:20:46][rank0]   No improvement count: 4/10
[05:20:46][rank0]   Checkpoint -> /scratch/yuvraj17/adaptive_tracing_scratch/adaptive_tracer/logs/transformer_multitask_cats3_seq512_382060/ckpt_0060000.pt
[05:21:12][rank0] step= 60500  epoch=7  loss=0.7231  acc_e=93.74%  lr=2.68e-04  elapsed=1:28:33
[05:21:39][rank0] step= 61000  epoch=7  loss=0.7233  acc_e=93.72%  lr=2.68e-04  elapsed=1:29:01
[05:22:06][rank0] step= 61500  epoch=7  loss=0.7235  acc_e=93.72%  lr=2.67e-04  elapsed=1:29:27
[05:22:33][rank0] step= 62000  epoch=7  loss=0.7236  acc_e=93.73%  lr=2.67e-04  elapsed=1:29:54
[05:22:33][rank0] --- Validation @ step 62000 ---
[05:23:39][rank0]   val loss=0.7180  loss_e=0.9863  acc_e=93.87%  acc_l=80.81%
[05:23:39][rank0]   New best val loss=0.7180 -> /scratch/yuvraj17/adaptive_tracing_scratch/adaptive_tracer/logs/transformer_multitask_cats3_seq512_382060/model_best.pt
[05:24:07][rank0] step= 62500  epoch=7  loss=0.7233  acc_e=93.73%  lr=2.66e-04  elapsed=1:31:28
[05:24:35][rank0] step= 63000  epoch=7  loss=0.7230  acc_e=93.74%  lr=2.66e-04  elapsed=1:31:56
[05:25:02][rank0] step= 63500  epoch=7  loss=0.7233  acc_e=93.74%  lr=2.65e-04  elapsed=1:32:23
[05:25:29][rank0] step= 64000  epoch=7  loss=0.7233  acc_e=93.74%  lr=2.65e-04  elapsed=1:32:50
[05:25:29][rank0] --- Validation @ step 64000 ---
[05:26:35][rank0]   val loss=0.7185  loss_e=0.9870  acc_e=93.88%  acc_l=80.74%
[05:26:35][rank0]   No improvement count: 1/10
[05:27:03][rank0] step= 64500  epoch=7  loss=0.7234  acc_e=93.72%  lr=2.64e-04  elapsed=1:34:24
[05:27:30][rank0] step= 65000  epoch=7  loss=0.7235  acc_e=93.73%  lr=2.64e-04  elapsed=1:34:52
[05:27:58][rank0] step= 65500  epoch=7  loss=0.7236  acc_e=93.72%  lr=2.63e-04  elapsed=1:35:19
[05:28:04][rank0] Epoch   7/30  loss=0.7236  acc_e=93.72%  acc_l=80.18%  elapsed=1:35:25
[05:28:25][rank0] step= 66000  epoch=8  loss=0.7197  acc_e=93.99%  lr=2.63e-04  elapsed=1:35:46
[05:28:25][rank0] --- Validation @ step 66000 ---
[05:29:31][rank0]   val loss=0.7167  loss_e=0.9863  acc_e=93.88%  acc_l=80.89%
[05:29:31][rank0]   New best val loss=0.7167 -> /scratch/yuvraj17/adaptive_tracing_scratch/adaptive_tracer/logs/transformer_multitask_cats3_seq512_382060/model_best.pt
[05:29:59][rank0] step= 66500  epoch=8  loss=0.7202  acc_e=93.91%  lr=2.62e-04  elapsed=1:37:20
[05:30:26][rank0] step= 67000  epoch=8  loss=0.7195  acc_e=93.83%  lr=2.62e-04  elapsed=1:37:48
[05:30:55][rank0] step= 67500  epoch=8  loss=0.7203  acc_e=93.76%  lr=2.61e-04  elapsed=1:38:16
[05:31:21][rank0] step= 68000  epoch=8  loss=0.7208  acc_e=93.80%  lr=2.60e-04  elapsed=1:38:43
[05:31:21][rank0] --- Validation @ step 68000 ---
[05:32:28][rank0]   val loss=0.7166  loss_e=0.9859  acc_e=93.90%  acc_l=80.91%
[05:32:28][rank0]   New best val loss=0.7166 -> /scratch/yuvraj17/adaptive_tracing_scratch/adaptive_tracer/logs/transformer_multitask_cats3_seq512_382060/model_best.pt
[05:32:55][rank0] step= 68500  epoch=8  loss=0.7208  acc_e=93.80%  lr=2.60e-04  elapsed=1:40:16
[05:33:23][rank0] step= 69000  epoch=8  loss=0.7207  acc_e=93.78%  lr=2.59e-04  elapsed=1:40:44
[05:33:50][rank0] step= 69500  epoch=8  loss=0.7211  acc_e=93.77%  lr=2.59e-04  elapsed=1:41:12
[05:34:17][rank0] step= 70000  epoch=8  loss=0.7215  acc_e=93.79%  lr=2.58e-04  elapsed=1:41:38
[05:34:17][rank0] --- Validation @ step 70000 ---
[05:35:23][rank0]   val loss=0.7165  loss_e=0.9861  acc_e=93.92%  acc_l=80.90%
[05:35:23][rank0]   New best val loss=0.7165 -> /scratch/yuvraj17/adaptive_tracing_scratch/adaptive_tracer/logs/transformer_multitask_cats3_seq512_382060/model_best.pt
[05:35:23][rank0]   Checkpoint -> /scratch/yuvraj17/adaptive_tracing_scratch/adaptive_tracer/logs/transformer_multitask_cats3_seq512_382060/ckpt_0070000.pt
[05:35:51][rank0] step= 70500  epoch=8  loss=0.7217  acc_e=93.77%  lr=2.58e-04  elapsed=1:43:12
[05:36:18][rank0] step= 71000  epoch=8  loss=0.7218  acc_e=93.78%  lr=2.57e-04  elapsed=1:43:39
[05:36:45][rank0] step= 71500  epoch=8  loss=0.7218  acc_e=93.79%  lr=2.56e-04  elapsed=1:44:06
[05:37:12][rank0] step= 72000  epoch=8  loss=0.7216  acc_e=93.78%  lr=2.56e-04  elapsed=1:44:34
[05:37:12][rank0] --- Validation @ step 72000 ---
[05:38:19][rank0]   val loss=0.7206  loss_e=0.9937  acc_e=93.85%  acc_l=80.85%
[05:38:19][rank0]   No improvement count: 1/10
[05:38:47][rank0] step= 72500  epoch=8  loss=0.7212  acc_e=93.79%  lr=2.55e-04  elapsed=1:46:08
[05:39:14][rank0] step= 73000  epoch=8  loss=0.7216  acc_e=93.79%  lr=2.55e-04  elapsed=1:46:35
[05:39:41][rank0] step= 73500  epoch=8  loss=0.7216  acc_e=93.79%  lr=2.54e-04  elapsed=1:47:02
[05:40:09][rank0] step= 74000  epoch=8  loss=0.7219  acc_e=93.77%  lr=2.53e-04  elapsed=1:47:30
[05:40:09][rank0] --- Validation @ step 74000 ---
[05:41:15][rank0]   val loss=0.7181  loss_e=0.9896  acc_e=93.87%  acc_l=80.92%
[05:41:15][rank0]   No improvement count: 2/10
[05:41:42][rank0] step= 74500  epoch=8  loss=0.7220  acc_e=93.77%  lr=2.53e-04  elapsed=1:49:03
[05:42:09][rank0] Epoch   8/30  loss=0.7220  acc_e=93.77%  acc_l=80.26%  elapsed=1:49:30
[05:42:09][rank0] step= 75000  epoch=9  loss=0.7222  acc_e=94.34%  lr=2.52e-04  elapsed=1:49:31
[05:42:36][rank0] step= 75500  epoch=9  loss=0.7181  acc_e=94.03%  lr=2.52e-04  elapsed=1:49:58
[05:43:04][rank0] step= 76000  epoch=9  loss=0.7189  acc_e=93.91%  lr=2.51e-04  elapsed=1:50:25
[05:43:04][rank0] --- Validation @ step 76000 ---
[05:44:11][rank0]   val loss=0.7176  loss_e=0.9883  acc_e=93.89%  acc_l=80.90%
[05:44:11][rank0]   No improvement count: 3/10
[05:44:38][rank0] step= 76500  epoch=9  loss=0.7184  acc_e=93.84%  lr=2.50e-04  elapsed=1:52:00
[05:45:06][rank0] step= 77000  epoch=9  loss=0.7192  acc_e=93.81%  lr=2.50e-04  elapsed=1:52:27
[05:45:33][rank0] step= 77500  epoch=9  loss=0.7195  acc_e=93.84%  lr=2.49e-04  elapsed=1:52:54
[05:46:01][rank0] step= 78000  epoch=9  loss=0.7195  acc_e=93.83%  lr=2.49e-04  elapsed=1:53:22
[05:46:01][rank0] --- Validation @ step 78000 ---
[05:47:07][rank0]   val loss=0.7171  loss_e=0.9873  acc_e=93.91%  acc_l=80.88%
[05:47:07][rank0]   No improvement count: 4/10
[05:47:35][rank0] step= 78500  epoch=9  loss=0.7192  acc_e=93.82%  lr=2.48e-04  elapsed=1:54:56
[05:48:02][rank0] step= 79000  epoch=9  loss=0.7198  acc_e=93.82%  lr=2.47e-04  elapsed=1:55:24
[05:48:29][rank0] step= 79500  epoch=9  loss=0.7201  acc_e=93.82%  lr=2.47e-04  elapsed=1:55:51
[05:48:58][rank0] step= 80000  epoch=9  loss=0.7204  acc_e=93.81%  lr=2.46e-04  elapsed=1:56:19
[05:48:58][rank0] --- Validation @ step 80000 ---
[05:50:04][rank0]   val loss=0.7154  loss_e=0.9841  acc_e=93.96%  acc_l=80.91%
[05:50:04][rank0]   New best val loss=0.7154 -> /scratch/yuvraj17/adaptive_tracing_scratch/adaptive_tracer/logs/transformer_multitask_cats3_seq512_382060/model_best.pt
[05:50:04][rank0]   Checkpoint -> /scratch/yuvraj17/adaptive_tracing_scratch/adaptive_tracer/logs/transformer_multitask_cats3_seq512_382060/ckpt_0080000.pt
[05:50:30][rank0] step= 80500  epoch=9  loss=0.7204  acc_e=93.82%  lr=2.45e-04  elapsed=1:57:52
[05:50:58][rank0] step= 81000  epoch=9  loss=0.7203  acc_e=93.82%  lr=2.45e-04  elapsed=1:58:19
[05:51:26][rank0] step= 81500  epoch=9  loss=0.7202  acc_e=93.82%  lr=2.44e-04  elapsed=1:58:47
[05:51:53][rank0] step= 82000  epoch=9  loss=0.7201  acc_e=93.83%  lr=2.44e-04  elapsed=1:59:15
[05:51:53][rank0] --- Validation @ step 82000 ---
[05:52:59][rank0]   val loss=0.7200  loss_e=0.9932  acc_e=93.90%  acc_l=80.87%
[05:52:59][rank0]   No improvement count: 1/10
[05:53:26][rank0] step= 82500  epoch=9  loss=0.7202  acc_e=93.83%  lr=2.43e-04  elapsed=2:00:48
[05:53:54][rank0] step= 83000  epoch=9  loss=0.7203  acc_e=93.82%  lr=2.42e-04  elapsed=2:01:15
[05:54:21][rank0] step= 83500  epoch=9  loss=0.7205  acc_e=93.81%  lr=2.42e-04  elapsed=2:01:42
[05:54:48][rank0] step= 84000  epoch=9  loss=0.7206  acc_e=93.81%  lr=2.41e-04  elapsed=2:02:09
[05:54:48][rank0] --- Validation @ step 84000 ---
[05:55:54][rank0]   val loss=0.7158  loss_e=0.9858  acc_e=93.94%  acc_l=80.96%
[05:55:54][rank0]   No improvement count: 2/10
[05:56:14][rank0] Epoch   9/30  loss=0.7206  acc_e=93.81%  acc_l=80.33%  elapsed=2:03:36
[05:56:22][rank0] step= 84500  epoch=10  loss=0.7186  acc_e=94.08%  lr=2.40e-04  elapsed=2:03:43
[05:56:49][rank0] step= 85000  epoch=10  loss=0.7175  acc_e=94.05%  lr=2.40e-04  elapsed=2:04:10
[05:57:16][rank0] step= 85500  epoch=10  loss=0.7171  acc_e=93.94%  lr=2.39e-04  elapsed=2:04:38
[05:57:44][rank0] step= 86000  epoch=10  loss=0.7174  acc_e=93.86%  lr=2.38e-04  elapsed=2:05:06
[05:57:44][rank0] --- Validation @ step 86000 ---
[05:58:50][rank0]   val loss=0.7177  loss_e=0.9893  acc_e=93.88%  acc_l=80.90%
[05:58:50][rank0]   No improvement count: 3/10
[05:59:18][rank0] step= 86500  epoch=10  loss=0.7183  acc_e=93.85%  lr=2.38e-04  elapsed=2:06:39
[05:59:44][rank0] step= 87000  epoch=10  loss=0.7183  acc_e=93.89%  lr=2.37e-04  elapsed=2:07:06
[06:00:12][rank0] step= 87500  epoch=10  loss=0.7182  acc_e=93.86%  lr=2.36e-04  elapsed=2:07:33
[06:00:40][rank0] step= 88000  epoch=10  loss=0.7180  acc_e=93.86%  lr=2.36e-04  elapsed=2:08:01
[06:00:40][rank0] --- Validation @ step 88000 ---
[06:01:46][rank0]   val loss=0.7220  loss_e=0.9986  acc_e=93.87%  acc_l=80.91%
[06:01:46][rank0]   No improvement count: 4/10
[06:02:13][rank0] step= 88500  epoch=10  loss=0.7187  acc_e=93.87%  lr=2.35e-04  elapsed=2:09:34
[06:02:40][rank0] step= 89000  epoch=10  loss=0.7189  acc_e=93.86%  lr=2.34e-04  elapsed=2:10:01
[06:03:07][rank0] step= 89500  epoch=10  loss=0.7192  acc_e=93.85%  lr=2.34e-04  elapsed=2:10:28
[06:03:33][rank0] step= 90000  epoch=10  loss=0.7192  acc_e=93.87%  lr=2.33e-04  elapsed=2:10:55
[06:03:33][rank0] --- Validation @ step 90000 ---
[06:04:40][rank0]   val loss=0.7145  loss_e=0.9843  acc_e=93.98%  acc_l=80.99%
[06:04:40][rank0]   New best val loss=0.7145 -> /scratch/yuvraj17/adaptive_tracing_scratch/adaptive_tracer/logs/transformer_multitask_cats3_seq512_382060/model_best.pt
[06:04:40][rank0]   Checkpoint -> /scratch/yuvraj17/adaptive_tracing_scratch/adaptive_tracer/logs/transformer_multitask_cats3_seq512_382060/ckpt_0090000.pt
[06:05:07][rank0] step= 90500  epoch=10  loss=0.7191  acc_e=93.86%  lr=2.32e-04  elapsed=2:12:28
[06:05:35][rank0] step= 91000  epoch=10  loss=0.7189  acc_e=93.86%  lr=2.32e-04  elapsed=2:12:56
[06:06:02][rank0] step= 91500  epoch=10  loss=0.7190  acc_e=93.86%  lr=2.31e-04  elapsed=2:13:24
[06:06:29][rank0] step= 92000  epoch=10  loss=0.7190  acc_e=93.87%  lr=2.30e-04  elapsed=2:13:51
[06:06:29][rank0] --- Validation @ step 92000 ---
[06:07:36][rank0]   val loss=0.7149  loss_e=0.9842  acc_e=93.95%  acc_l=80.94%
[06:07:36][rank0]   No improvement count: 1/10
[06:08:04][rank0] step= 92500  epoch=10  loss=0.7191  acc_e=93.86%  lr=2.29e-04  elapsed=2:15:25
[06:08:31][rank0] step= 93000  epoch=10  loss=0.7193  acc_e=93.85%  lr=2.29e-04  elapsed=2:15:52
[06:08:58][rank0] step= 93500  epoch=10  loss=0.7194  acc_e=93.85%  lr=2.28e-04  elapsed=2:16:19
[06:09:11][rank0] Epoch  10/30  loss=0.7194  acc_e=93.85%  acc_l=80.39%  elapsed=2:16:32
[06:09:25][rank0] step= 94000  epoch=11  loss=0.7164  acc_e=94.11%  lr=2.27e-04  elapsed=2:16:47
[06:09:25][rank0] --- Validation @ step 94000 ---
[06:10:32][rank0]   val loss=0.7141  loss_e=0.9843  acc_e=93.95%  acc_l=81.02%
[06:10:32][rank0]   New best val loss=0.7141 -> /scratch/yuvraj17/adaptive_tracing_scratch/adaptive_tracer/logs/transformer_multitask_cats3_seq512_382060/model_best.pt
[06:10:59][rank0] step= 94500  epoch=11  loss=0.7161  acc_e=94.06%  lr=2.27e-04  elapsed=2:18:20
[06:11:27][rank0] step= 95000  epoch=11  loss=0.7158  acc_e=93.96%  lr=2.26e-04  elapsed=2:18:48
[06:11:55][rank0] step= 95500  epoch=11  loss=0.7165  acc_e=93.88%  lr=2.25e-04  elapsed=2:19:16
[06:12:22][rank0] step= 96000  epoch=11  loss=0.7171  acc_e=93.91%  lr=2.25e-04  elapsed=2:19:43
[06:12:22][rank0] --- Validation @ step 96000 ---
[06:13:28][rank0]   val loss=0.7137  loss_e=0.9837  acc_e=93.98%  acc_l=81.02%
[06:13:28][rank0]   New best val loss=0.7137 -> /scratch/yuvraj17/adaptive_tracing_scratch/adaptive_tracer/logs/transformer_multitask_cats3_seq512_382060/model_best.pt
[06:13:55][rank0] step= 96500  epoch=11  loss=0.7171  acc_e=93.92%  lr=2.24e-04  elapsed=2:21:16
[06:14:23][rank0] step= 97000  epoch=11  loss=0.7170  acc_e=93.90%  lr=2.23e-04  elapsed=2:21:44
[06:14:51][rank0] step= 97500  epoch=11  loss=0.7171  acc_e=93.88%  lr=2.22e-04  elapsed=2:22:12
[06:15:17][rank0] step= 98000  epoch=11  loss=0.7177  acc_e=93.90%  lr=2.22e-04  elapsed=2:22:39
[06:15:17][rank0] --- Validation @ step 98000 ---
[06:16:24][rank0]   val loss=0.7138  loss_e=0.9839  acc_e=93.98%  acc_l=81.04%
[06:16:24][rank0]   No improvement count: 1/10
[06:16:51][rank0] step= 98500  epoch=11  loss=0.7179  acc_e=93.89%  lr=2.21e-04  elapsed=2:24:12
[06:17:18][rank0] step= 99000  epoch=11  loss=0.7180  acc_e=93.89%  lr=2.20e-04  elapsed=2:24:39
[06:17:45][rank0] step= 99500  epoch=11  loss=0.7182  acc_e=93.90%  lr=2.20e-04  elapsed=2:25:06
[06:18:13][rank0] step=100000  epoch=11  loss=0.7180  acc_e=93.89%  lr=2.19e-04  elapsed=2:25:34
[06:18:13][rank0] --- Validation @ step 100000 ---
[06:19:19][rank0]   val loss=0.7167  loss_e=0.9893  acc_e=93.98%  acc_l=80.98%
[06:19:19][rank0]   No improvement count: 2/10
[06:19:19][rank0]   Checkpoint -> /scratch/yuvraj17/adaptive_tracing_scratch/adaptive_tracer/logs/transformer_multitask_cats3_seq512_382060/ckpt_0100000.pt
[06:19:46][rank0] step=100500  epoch=11  loss=0.7177  acc_e=93.90%  lr=2.18e-04  elapsed=2:27:08
[06:20:14][rank0] step=101000  epoch=11  loss=0.7180  acc_e=93.90%  lr=2.17e-04  elapsed=2:27:35
[06:20:41][rank0] step=101500  epoch=11  loss=0.7180  acc_e=93.90%  lr=2.17e-04  elapsed=2:28:02
[06:21:08][rank0] step=102000  epoch=11  loss=0.7182  acc_e=93.88%  lr=2.16e-04  elapsed=2:28:30
[06:21:08][rank0] --- Validation @ step 102000 ---
[06:22:15][rank0]   val loss=0.7163  loss_e=0.9881  acc_e=93.97%  acc_l=80.99%
[06:22:15][rank0]   No improvement count: 3/10
[06:22:42][rank0] step=102500  epoch=11  loss=0.7183  acc_e=93.88%  lr=2.15e-04  elapsed=2:30:03
[06:23:09][rank0] step=103000  epoch=11  loss=0.7184  acc_e=93.88%  lr=2.14e-04  elapsed=2:30:30
[06:23:15][rank0] Epoch  11/30  loss=0.7184  acc_e=93.88%  acc_l=80.45%  elapsed=2:30:36
[06:23:36][rank0] step=103500  epoch=12  loss=0.7148  acc_e=94.14%  lr=2.14e-04  elapsed=2:30:57
[06:24:03][rank0] step=104000  epoch=12  loss=0.7155  acc_e=94.04%  lr=2.13e-04  elapsed=2:31:24
[06:24:03][rank0] --- Validation @ step 104000 ---
[06:25:09][rank0]   val loss=0.7148  loss_e=0.9855  acc_e=93.99%  acc_l=81.04%
[06:25:09][rank0]   No improvement count: 4/10
[06:25:37][rank0] step=104500  epoch=12  loss=0.7149  acc_e=93.96%  lr=2.12e-04  elapsed=2:32:58
[06:26:05][rank0] step=105000  epoch=12  loss=0.7158  acc_e=93.89%  lr=2.11e-04  elapsed=2:33:26
[06:26:31][rank0] step=105500  epoch=12  loss=0.7162  acc_e=93.93%  lr=2.11e-04  elapsed=2:33:53
[06:26:59][rank0] step=106000  epoch=12  loss=0.7163  acc_e=93.93%  lr=2.10e-04  elapsed=2:34:20
[06:26:59][rank0] --- Validation @ step 106000 ---
[06:28:05][rank0]   val loss=0.7137  loss_e=0.9834  acc_e=94.02%  acc_l=81.03%
[06:28:05][rank0]   No improvement count: 5/10
[06:28:33][rank0] step=106500  epoch=12  loss=0.7162  acc_e=93.91%  lr=2.09e-04  elapsed=2:35:54
[06:29:00][rank0] step=107000  epoch=12  loss=0.7166  acc_e=93.90%  lr=2.08e-04  elapsed=2:36:21
[06:29:27][rank0] step=107500  epoch=12  loss=0.7169  acc_e=93.93%  lr=2.08e-04  elapsed=2:36:48
[06:29:54][rank0] step=108000  epoch=12  loss=0.7170  acc_e=93.91%  lr=2.07e-04  elapsed=2:37:15
[06:29:54][rank0] --- Validation @ step 108000 ---
[06:31:00][rank0]   val loss=0.7136  loss_e=0.9836  acc_e=94.01%  acc_l=81.01%
[06:31:00][rank0]   New best val loss=0.7136 -> /scratch/yuvraj17/adaptive_tracing_scratch/adaptive_tracer/logs/transformer_multitask_cats3_seq512_382060/model_best.pt
[06:31:27][rank0] step=108500  epoch=12  loss=0.7172  acc_e=93.92%  lr=2.06e-04  elapsed=2:38:48
[06:31:54][rank0] step=109000  epoch=12  loss=0.7173  acc_e=93.92%  lr=2.05e-04  elapsed=2:39:15
[06:32:22][rank0] step=109500  epoch=12  loss=0.7171  acc_e=93.92%  lr=2.05e-04  elapsed=2:39:43
[06:32:50][rank0] step=110000  epoch=12  loss=0.7167  acc_e=93.92%  lr=2.04e-04  elapsed=2:40:11
[06:32:50][rank0] --- Validation @ step 110000 ---
[06:33:56][rank0]   val loss=0.7220  loss_e=0.9998  acc_e=93.91%  acc_l=81.03%
[06:33:56][rank0]   No improvement count: 1/10
[06:33:56][rank0]   Checkpoint -> /scratch/yuvraj17/adaptive_tracing_scratch/adaptive_tracer/logs/transformer_multitask_cats3_seq512_382060/ckpt_0110000.pt
[06:34:23][rank0] step=110500  epoch=12  loss=0.7171  acc_e=93.93%  lr=2.03e-04  elapsed=2:41:44
[06:34:50][rank0] step=111000  epoch=12  loss=0.7171  acc_e=93.92%  lr=2.02e-04  elapsed=2:42:11
[06:35:18][rank0] step=111500  epoch=12  loss=0.7173  acc_e=93.90%  lr=2.02e-04  elapsed=2:42:39
[06:35:44][rank0] step=112000  epoch=12  loss=0.7175  acc_e=93.91%  lr=2.01e-04  elapsed=2:43:06
[06:35:44][rank0] --- Validation @ step 112000 ---
[06:36:51][rank0]   val loss=0.7129  loss_e=0.9831  acc_e=93.98%  acc_l=81.07%
[06:36:51][rank0]   New best val loss=0.7129 -> /scratch/yuvraj17/adaptive_tracing_scratch/adaptive_tracer/logs/transformer_multitask_cats3_seq512_382060/model_best.pt
[06:37:18][rank0] Epoch  12/30  loss=0.7175  acc_e=93.90%  acc_l=80.49%  elapsed=2:44:39
[06:37:19][rank0] step=112500  epoch=13  loss=0.7182  acc_e=94.24%  lr=2.00e-04  elapsed=2:44:40
[06:37:46][rank0] step=113000  epoch=13  loss=0.7142  acc_e=94.16%  lr=1.99e-04  elapsed=2:45:07
[06:38:14][rank0] step=113500  epoch=13  loss=0.7149  acc_e=94.04%  lr=1.99e-04  elapsed=2:45:35
[06:38:41][rank0] step=114000  epoch=13  loss=0.7144  acc_e=93.96%  lr=1.98e-04  elapsed=2:46:03
[06:38:41][rank0] --- Validation @ step 114000 ---
[06:39:48][rank0]   val loss=0.7163  loss_e=0.9888  acc_e=93.81%  acc_l=81.04%
[06:39:48][rank0]   No improvement count: 1/10
[06:40:15][rank0] step=114500  epoch=13  loss=0.7152  acc_e=93.93%  lr=1.97e-04  elapsed=2:47:37
[06:40:43][rank0] step=115000  epoch=13  loss=0.7154  acc_e=93.97%  lr=1.96e-04  elapsed=2:48:04
[06:41:10][rank0] step=115500  epoch=13  loss=0.7155  acc_e=93.95%  lr=1.95e-04  elapsed=2:48:32
[06:41:38][rank0] step=116000  epoch=13  loss=0.7153  acc_e=93.94%  lr=1.95e-04  elapsed=2:48:59
[06:41:38][rank0] --- Validation @ step 116000 ---
[06:42:44][rank0]   val loss=0.7187  loss_e=0.9936  acc_e=94.01%  acc_l=81.04%
[06:42:44][rank0]   No improvement count: 2/10
[06:43:11][rank0] step=116500  epoch=13  loss=0.7158  acc_e=93.95%  lr=1.94e-04  elapsed=2:50:33
[06:43:38][rank0] step=117000  epoch=13  loss=0.7161  acc_e=93.95%  lr=1.93e-04  elapsed=2:50:59
[06:44:06][rank0] step=117500  epoch=13  loss=0.7163  acc_e=93.94%  lr=1.92e-04  elapsed=2:51:27
[06:44:32][rank0] step=118000  epoch=13  loss=0.7164  acc_e=93.95%  lr=1.92e-04  elapsed=2:51:54
[06:44:32][rank0] --- Validation @ step 118000 ---
[06:45:39][rank0]   val loss=0.7124  loss_e=0.9826  acc_e=94.02%  acc_l=81.09%
[06:45:39][rank0]   New best val loss=0.7124 -> /scratch/yuvraj17/adaptive_tracing_scratch/adaptive_tracer/logs/transformer_multitask_cats3_seq512_382060/model_best.pt
[06:46:06][rank0] step=118500  epoch=13  loss=0.7163  acc_e=93.95%  lr=1.91e-04  elapsed=2:53:28
[06:46:34][rank0] step=119000  epoch=13  loss=0.7162  acc_e=93.95%  lr=1.90e-04  elapsed=2:53:55
[06:47:02][rank0] step=119500  epoch=13  loss=0.7161  acc_e=93.95%  lr=1.89e-04  elapsed=2:54:23
[06:47:29][rank0] step=120000  epoch=13  loss=0.7161  acc_e=93.96%  lr=1.88e-04  elapsed=2:54:50
[06:47:29][rank0] --- Validation @ step 120000 ---
[06:48:35][rank0]   val loss=0.7122  loss_e=0.9824  acc_e=94.05%  acc_l=81.09%
[06:48:35][rank0]   New best val loss=0.7122 -> /scratch/yuvraj17/adaptive_tracing_scratch/adaptive_tracer/logs/transformer_multitask_cats3_seq512_382060/model_best.pt
[06:48:35][rank0]   Checkpoint -> /scratch/yuvraj17/adaptive_tracing_scratch/adaptive_tracer/logs/transformer_multitask_cats3_seq512_382060/ckpt_0120000.pt
[06:49:03][rank0] step=120500  epoch=13  loss=0.7163  acc_e=93.95%  lr=1.88e-04  elapsed=2:56:24
[06:49:30][rank0] step=121000  epoch=13  loss=0.7165  acc_e=93.94%  lr=1.87e-04  elapsed=2:56:52
[06:49:58][rank0] step=121500  epoch=13  loss=0.7166  acc_e=93.93%  lr=1.86e-04  elapsed=2:57:19
[06:50:17][rank0] Epoch  13/30  loss=0.7166  acc_e=93.93%  acc_l=80.54%  elapsed=2:57:39
[06:50:25][rank0] step=122000  epoch=14  loss=0.7138  acc_e=94.20%  lr=1.85e-04  elapsed=2:57:46
[06:50:25][rank0] --- Validation @ step 122000 ---
[06:51:31][rank0]   val loss=0.7127  loss_e=0.9833  acc_e=93.75%  acc_l=81.12%
[06:51:31][rank0]   No improvement count: 1/10
[06:51:58][rank0] step=122500  epoch=14  loss=0.7137  acc_e=94.18%  lr=1.84e-04  elapsed=2:59:19
[06:52:26][rank0] step=123000  epoch=14  loss=0.7134  acc_e=94.06%  lr=1.84e-04  elapsed=2:59:47
[06:52:54][rank0] step=123500  epoch=14  loss=0.7139  acc_e=93.97%  lr=1.83e-04  elapsed=3:00:15
[06:53:21][rank0] step=124000  epoch=14  loss=0.7147  acc_e=93.97%  lr=1.82e-04  elapsed=3:00:43
[06:53:21][rank0] --- Validation @ step 124000 ---
[06:54:28][rank0]   val loss=0.7125  loss_e=0.9839  acc_e=94.01%  acc_l=81.13%
[06:54:28][rank0]   No improvement count: 2/10
[06:54:55][rank0] step=124500  epoch=14  loss=0.7147  acc_e=94.00%  lr=1.81e-04  elapsed=3:02:16
[06:55:23][rank0] step=125000  epoch=14  loss=0.7146  acc_e=93.98%  lr=1.80e-04  elapsed=3:02:44
[06:55:51][rank0] step=125500  epoch=14  loss=0.7145  acc_e=93.97%  lr=1.80e-04  elapsed=3:03:12
[06:56:17][rank0] step=126000  epoch=14  loss=0.7151  acc_e=93.98%  lr=1.79e-04  elapsed=3:03:38
[06:56:17][rank0] --- Validation @ step 126000 ---
[06:57:23][rank0]   val loss=0.7131  loss_e=0.9841  acc_e=94.03%  acc_l=81.09%
[06:57:23][rank0]   No improvement count: 3/10
[06:57:51][rank0] step=126500  epoch=14  loss=0.7153  acc_e=93.97%  lr=1.78e-04  elapsed=3:05:12
[06:58:18][rank0] step=127000  epoch=14  loss=0.7155  acc_e=93.96%  lr=1.77e-04  elapsed=3:05:39
[06:58:44][rank0] step=127500  epoch=14  loss=0.7156  acc_e=93.98%  lr=1.76e-04  elapsed=3:06:06
[06:59:12][rank0] step=128000  epoch=14  loss=0.7155  acc_e=93.97%  lr=1.76e-04  elapsed=3:06:33
[06:59:12][rank0] --- Validation @ step 128000 ---
[07:00:18][rank0]   val loss=0.7137  loss_e=0.9859  acc_e=94.06%  acc_l=81.13%
[07:00:18][rank0]   No improvement count: 4/10
[07:00:46][rank0] step=128500  epoch=14  loss=0.7153  acc_e=93.97%  lr=1.75e-04  elapsed=3:08:07
[07:01:14][rank0] step=129000  epoch=14  loss=0.7154  acc_e=93.98%  lr=1.74e-04  elapsed=3:08:35
[07:01:41][rank0] step=129500  epoch=14  loss=0.7154  acc_e=93.98%  lr=1.73e-04  elapsed=3:09:02
[07:02:09][rank0] step=130000  epoch=14  loss=0.7155  acc_e=93.97%  lr=1.72e-04  elapsed=3:09:30
[07:02:09][rank0] --- Validation @ step 130000 ---
[07:03:15][rank0]   val loss=0.7131  loss_e=0.9850  acc_e=94.02%  acc_l=81.15%
[07:03:15][rank0]   No improvement count: 5/10
[07:03:15][rank0]   Checkpoint -> /scratch/yuvraj17/adaptive_tracing_scratch/adaptive_tracer/logs/transformer_multitask_cats3_seq512_382060/ckpt_0130000.pt
[07:03:42][rank0] step=130500  epoch=14  loss=0.7157  acc_e=93.96%  lr=1.72e-04  elapsed=3:11:03
[07:04:09][rank0] step=131000  epoch=14  loss=0.7158  acc_e=93.96%  lr=1.71e-04  elapsed=3:11:30
[07:04:22][rank0] Epoch  14/30  loss=0.7158  acc_e=93.95%  acc_l=80.58%  elapsed=3:11:43
[07:04:36][rank0] step=131500  epoch=15  loss=0.7126  acc_e=94.22%  lr=1.70e-04  elapsed=3:11:58
[07:05:03][rank0] step=132000  epoch=15  loss=0.7128  acc_e=94.15%  lr=1.69e-04  elapsed=3:12:24
[07:05:03][rank0] --- Validation @ step 132000 ---
[07:06:10][rank0]   val loss=0.7123  loss_e=0.9823  acc_e=94.05%  acc_l=81.12%
[07:06:10][rank0]   No improvement count: 6/10
[07:06:37][rank0] step=132500  epoch=15  loss=0.7126  acc_e=94.05%  lr=1.68e-04  elapsed=3:13:59
[07:07:06][rank0] step=133000  epoch=15  loss=0.7133  acc_e=93.97%  lr=1.68e-04  elapsed=3:14:27
[07:07:33][rank0] step=133500  epoch=15  loss=0.7139  acc_e=94.00%  lr=1.67e-04  elapsed=3:14:54
[07:08:00][rank0] step=134000  epoch=15  loss=0.7139  acc_e=94.01%  lr=1.66e-04  elapsed=3:15:21
[07:08:00][rank0] --- Validation @ step 134000 ---
[07:09:06][rank0]   val loss=0.7118  loss_e=0.9816  acc_e=94.07%  acc_l=81.13%
[07:09:06][rank0]   New best val loss=0.7118 -> /scratch/yuvraj17/adaptive_tracing_scratch/adaptive_tracer/logs/transformer_multitask_cats3_seq512_382060/model_best.pt
[07:09:34][rank0] step=134500  epoch=15  loss=0.7139  acc_e=93.99%  lr=1.65e-04  elapsed=3:16:55
[07:10:02][rank0] step=135000  epoch=15  loss=0.7139  acc_e=93.97%  lr=1.64e-04  elapsed=3:17:23
[07:10:28][rank0] step=135500  epoch=15  loss=0.7144  acc_e=94.00%  lr=1.64e-04  elapsed=3:17:49
[07:10:56][rank0] step=136000  epoch=15  loss=0.7146  acc_e=93.98%  lr=1.63e-04  elapsed=3:18:17
[07:10:56][rank0] --- Validation @ step 136000 ---
[07:12:05][rank0]   val loss=0.7122  loss_e=0.9838  acc_e=94.07%  acc_l=81.19%
[07:12:05][rank0]   No improvement count: 1/10
[07:12:31][rank0] step=136500  epoch=15  loss=0.7147  acc_e=93.98%  lr=1.62e-04  elapsed=3:19:53
[07:12:58][rank0] step=137000  epoch=15  loss=0.7149  acc_e=93.99%  lr=1.61e-04  elapsed=3:20:19
[07:13:26][rank0] step=137500  epoch=15  loss=0.7147  acc_e=93.99%  lr=1.60e-04  elapsed=3:20:47
[07:13:54][rank0] step=138000  epoch=15  loss=0.7145  acc_e=93.99%  lr=1.60e-04  elapsed=3:21:15
[07:13:54][rank0] --- Validation @ step 138000 ---
[07:15:00][rank0]   val loss=0.7164  loss_e=0.9908  acc_e=94.04%  acc_l=81.11%
[07:15:00][rank0]   No improvement count: 2/10
[07:15:27][rank0] step=138500  epoch=15  loss=0.7147  acc_e=94.00%  lr=1.59e-04  elapsed=3:22:48
[07:15:54][rank0] step=139000  epoch=15  loss=0.7147  acc_e=94.00%  lr=1.58e-04  elapsed=3:23:15
[07:16:22][rank0] step=139500  epoch=15  loss=0.7148  acc_e=93.98%  lr=1.57e-04  elapsed=3:23:43
[07:16:49][rank0] step=140000  epoch=15  loss=0.7150  acc_e=93.98%  lr=1.56e-04  elapsed=3:24:10
[07:16:49][rank0] --- Validation @ step 140000 ---
[07:17:55][rank0]   val loss=0.7112  loss_e=0.9818  acc_e=94.07%  acc_l=81.18%
[07:17:55][rank0]   New best val loss=0.7112 -> /scratch/yuvraj17/adaptive_tracing_scratch/adaptive_tracer/logs/transformer_multitask_cats3_seq512_382060/model_best.pt
[07:17:55][rank0]   Checkpoint -> /scratch/yuvraj17/adaptive_tracing_scratch/adaptive_tracer/logs/transformer_multitask_cats3_seq512_382060/ckpt_0140000.pt
[07:18:23][rank0] step=140500  epoch=15  loss=0.7151  acc_e=93.98%  lr=1.56e-04  elapsed=3:25:44
[07:18:29][rank0] Epoch  15/30  loss=0.7151  acc_e=93.97%  acc_l=80.62%  elapsed=3:25:50
[07:18:50][rank0] step=141000  epoch=16  loss=0.7118  acc_e=94.23%  lr=1.55e-04  elapsed=3:26:11
[07:19:17][rank0] step=141500  epoch=16  loss=0.7125  acc_e=94.14%  lr=1.54e-04  elapsed=3:26:39
[07:19:45][rank0] step=142000  epoch=16  loss=0.7120  acc_e=94.06%  lr=1.53e-04  elapsed=3:27:06
[07:19:45][rank0] --- Validation @ step 142000 ---
[07:20:51][rank0]   val loss=0.7137  loss_e=0.9851  acc_e=94.04%  acc_l=81.09%
[07:20:51][rank0]   No improvement count: 1/10
[07:21:19][rank0] step=142500  epoch=16  loss=0.7129  acc_e=93.99%  lr=1.52e-04  elapsed=3:28:40
[07:21:46][rank0] step=143000  epoch=16  loss=0.7133  acc_e=94.03%  lr=1.52e-04  elapsed=3:29:07
[07:22:13][rank0] step=143500  epoch=16  loss=0.7133  acc_e=94.03%  lr=1.51e-04  elapsed=3:29:34
[07:22:41][rank0] step=144000  epoch=16  loss=0.7133  acc_e=94.01%  lr=1.50e-04  elapsed=3:30:02
[07:22:41][rank0] --- Validation @ step 144000 ---
[07:23:48][rank0]   val loss=0.7133  loss_e=0.9857  acc_e=94.08%  acc_l=81.17%
[07:23:48][rank0]   No improvement count: 2/10
[07:24:15][rank0] step=144500  epoch=16  loss=0.7136  acc_e=94.00%  lr=1.49e-04  elapsed=3:31:36
[07:24:41][rank0] step=145000  epoch=16  loss=0.7138  acc_e=94.03%  lr=1.48e-04  elapsed=3:32:03
[07:25:09][rank0] step=145500  epoch=16  loss=0.7140  acc_e=94.00%  lr=1.48e-04  elapsed=3:32:30
[07:25:36][rank0] step=146000  epoch=16  loss=0.7142  acc_e=94.01%  lr=1.47e-04  elapsed=3:32:57
[07:25:36][rank0] --- Validation @ step 146000 ---
[07:26:42][rank0]   val loss=0.7110  loss_e=0.9813  acc_e=94.09%  acc_l=81.13%
[07:26:42][rank0]   New best val loss=0.7110 -> /scratch/yuvraj17/adaptive_tracing_scratch/adaptive_tracer/logs/transformer_multitask_cats3_seq512_382060/model_best.pt
[07:27:09][rank0] step=146500  epoch=16  loss=0.7142  acc_e=94.02%  lr=1.46e-04  elapsed=3:34:30
[07:27:37][rank0] step=147000  epoch=16  loss=0.7141  acc_e=94.01%  lr=1.45e-04  elapsed=3:34:58
[07:28:05][rank0] step=147500  epoch=16  loss=0.7138  acc_e=94.02%  lr=1.44e-04  elapsed=3:35:26
[07:28:32][rank0] step=148000  epoch=16  loss=0.7140  acc_e=94.02%  lr=1.43e-04  elapsed=3:35:53
[07:28:32][rank0] --- Validation @ step 148000 ---
[07:29:38][rank0]   val loss=0.7118  loss_e=0.9822  acc_e=94.05%  acc_l=81.14%
[07:29:38][rank0]   No improvement count: 1/10
[07:30:05][rank0] step=148500  epoch=16  loss=0.7140  acc_e=94.02%  lr=1.43e-04  elapsed=3:37:26
[07:30:33][rank0] step=149000  epoch=16  loss=0.7143  acc_e=94.00%  lr=1.42e-04  elapsed=3:37:54
[07:31:00][rank0] step=149500  epoch=16  loss=0.7144  acc_e=94.00%  lr=1.41e-04  elapsed=3:38:21
[07:31:27][rank0] Epoch  16/30  loss=0.7144  acc_e=93.99%  acc_l=80.64%  elapsed=3:38:48
[07:31:28][rank0] step=150000  epoch=17  loss=0.7162  acc_e=94.41%  lr=1.40e-04  elapsed=3:38:49
[07:31:28][rank0] --- Validation @ step 150000 ---
[07:32:34][rank0]   val loss=0.7132  loss_e=0.9852  acc_e=94.03%  acc_l=81.16%
[07:32:34][rank0]   No improvement count: 2/10
[07:32:34][rank0]   Checkpoint -> /scratch/yuvraj17/adaptive_tracing_scratch/adaptive_tracer/logs/transformer_multitask_cats3_seq512_382060/ckpt_0150000.pt
[07:33:01][rank0] step=150500  epoch=17  loss=0.7114  acc_e=94.22%  lr=1.39e-04  elapsed=3:40:22
[07:33:29][rank0] step=151000  epoch=17  loss=0.7122  acc_e=94.11%  lr=1.39e-04  elapsed=3:40:50
[07:33:56][rank0] step=151500  epoch=17  loss=0.7117  acc_e=94.04%  lr=1.38e-04  elapsed=3:41:18
[07:34:24][rank0] step=152000  epoch=17  loss=0.7125  acc_e=94.01%  lr=1.37e-04  elapsed=3:41:45
[07:34:24][rank0] --- Validation @ step 152000 ---
[07:35:30][rank0]   val loss=0.7114  loss_e=0.9827  acc_e=94.07%  acc_l=81.21%
[07:35:30][rank0]   No improvement count: 3/10
[07:35:57][rank0] step=152500  epoch=17  loss=0.7127  acc_e=94.05%  lr=1.36e-04  elapsed=3:43:18
[07:36:24][rank0] step=153000  epoch=17  loss=0.7128  acc_e=94.03%  lr=1.35e-04  elapsed=3:43:46
[07:36:52][rank0] step=153500  epoch=17  loss=0.7126  acc_e=94.02%  lr=1.35e-04  elapsed=3:44:13
[07:37:19][rank0] step=154000  epoch=17  loss=0.7130  acc_e=94.03%  lr=1.34e-04  elapsed=3:44:40
[07:37:19][rank0] --- Validation @ step 154000 ---
[07:38:25][rank0]   val loss=0.7117  loss_e=0.9835  acc_e=93.79%  acc_l=81.21%
[07:38:25][rank0]   No improvement count: 4/10
[07:38:52][rank0] step=154500  epoch=17  loss=0.7133  acc_e=94.03%  lr=1.33e-04  elapsed=3:46:13
[07:39:20][rank0] step=155000  epoch=17  loss=0.7135  acc_e=94.02%  lr=1.32e-04  elapsed=3:46:41
[07:39:47][rank0] step=155500  epoch=17  loss=0.7136  acc_e=94.03%  lr=1.32e-04  elapsed=3:47:08
[07:40:14][rank0] step=156000  epoch=17  loss=0.7135  acc_e=94.03%  lr=1.31e-04  elapsed=3:47:35
[07:40:14][rank0] --- Validation @ step 156000 ---
[07:41:21][rank0]   val loss=0.7118  loss_e=0.9839  acc_e=93.96%  acc_l=81.20%
[07:41:21][rank0]   No improvement count: 5/10
[07:41:49][rank0] step=156500  epoch=17  loss=0.7134  acc_e=94.03%  lr=1.30e-04  elapsed=3:49:10
[07:42:17][rank0] step=157000  epoch=17  loss=0.7133  acc_e=94.03%  lr=1.29e-04  elapsed=3:49:38
[07:42:44][rank0] step=157500  epoch=17  loss=0.7133  acc_e=94.04%  lr=1.28e-04  elapsed=3:50:05
[07:43:11][rank0] step=158000  epoch=17  loss=0.7134  acc_e=94.03%  lr=1.28e-04  elapsed=3:50:32
[07:43:11][rank0] --- Validation @ step 158000 ---
[07:44:17][rank0]   val loss=0.7119  loss_e=0.9837  acc_e=94.09%  acc_l=81.18%
[07:44:17][rank0]   No improvement count: 6/10
[07:44:45][rank0] step=158500  epoch=17  loss=0.7136  acc_e=94.02%  lr=1.27e-04  elapsed=3:52:06
[07:45:12][rank0] step=159000  epoch=17  loss=0.7138  acc_e=94.02%  lr=1.26e-04  elapsed=3:52:33
[07:45:31][rank0] Epoch  17/30  loss=0.7138  acc_e=94.01%  acc_l=80.68%  elapsed=3:52:53
[07:45:39][rank0] step=159500  epoch=18  loss=0.7109  acc_e=94.27%  lr=1.25e-04  elapsed=3:53:00
[07:46:06][rank0] step=160000  epoch=18  loss=0.7111  acc_e=94.24%  lr=1.24e-04  elapsed=3:53:27
[07:46:06][rank0] --- Validation @ step 160000 ---
[07:47:12][rank0]   val loss=0.7121  loss_e=0.9822  acc_e=94.06%  acc_l=81.13%
[07:47:12][rank0]   No improvement count: 7/10
[07:47:12][rank0]   Checkpoint -> /scratch/yuvraj17/adaptive_tracing_scratch/adaptive_tracer/logs/transformer_multitask_cats3_seq512_382060/ckpt_0160000.pt
[07:47:40][rank0] step=160500  epoch=18  loss=0.7109  acc_e=94.13%  lr=1.24e-04  elapsed=3:55:02
[07:48:08][rank0] step=161000  epoch=18  loss=0.7114  acc_e=94.04%  lr=1.23e-04  elapsed=3:55:29
[07:48:35][rank0] step=161500  epoch=18  loss=0.7122  acc_e=94.04%  lr=1.22e-04  elapsed=3:55:57
[07:49:02][rank0] step=162000  epoch=18  loss=0.7122  acc_e=94.07%  lr=1.21e-04  elapsed=3:56:24
[07:49:02][rank0] --- Validation @ step 162000 ---
[07:50:09][rank0]   val loss=0.7102  loss_e=0.9810  acc_e=94.08%  acc_l=81.22%
[07:50:09][rank0]   New best val loss=0.7102 -> /scratch/yuvraj17/adaptive_tracing_scratch/adaptive_tracer/logs/transformer_multitask_cats3_seq512_382060/model_best.pt
[07:50:37][rank0] step=162500  epoch=18  loss=0.7120  acc_e=94.05%  lr=1.21e-04  elapsed=3:57:58
[07:51:04][rank0] step=163000  epoch=18  loss=0.7120  acc_e=94.04%  lr=1.20e-04  elapsed=3:58:26
[07:51:31][rank0] step=163500  epoch=18  loss=0.7125  acc_e=94.05%  lr=1.19e-04  elapsed=3:58:52
[07:51:58][rank0] step=164000  epoch=18  loss=0.7127  acc_e=94.05%  lr=1.18e-04  elapsed=3:59:19
[07:51:58][rank0] --- Validation @ step 164000 ---
[07:53:04][rank0]   val loss=0.7110  loss_e=0.9821  acc_e=94.10%  acc_l=81.24%
[07:53:04][rank0]   No improvement count: 1/10
[07:53:31][rank0] step=164500  epoch=18  loss=0.7129  acc_e=94.04%  lr=1.17e-04  elapsed=4:00:52
[07:53:58][rank0] step=165000  epoch=18  loss=0.7130  acc_e=94.05%  lr=1.17e-04  elapsed=4:01:19
[07:54:26][rank0] step=165500  epoch=18  loss=0.7129  acc_e=94.05%  lr=1.16e-04  elapsed=4:01:47
[07:54:53][rank0] step=166000  epoch=18  loss=0.7128  acc_e=94.04%  lr=1.15e-04  elapsed=4:02:15
[07:54:53][rank0] --- Validation @ step 166000 ---
[07:55:59][rank0]   val loss=0.7128  loss_e=0.9860  acc_e=94.10%  acc_l=81.23%
[07:55:59][rank0]   No improvement count: 2/10
[07:56:27][rank0] step=166500  epoch=18  loss=0.7128  acc_e=94.05%  lr=1.14e-04  elapsed=4:03:48
[07:56:53][rank0] step=167000  epoch=18  loss=0.7127  acc_e=94.06%  lr=1.14e-04  elapsed=4:04:15
[07:57:21][rank0] step=167500  epoch=18  loss=0.7129  acc_e=94.04%  lr=1.13e-04  elapsed=4:04:43
[07:57:48][rank0] step=168000  epoch=18  loss=0.7131  acc_e=94.03%  lr=1.12e-04  elapsed=4:05:10
[07:57:48][rank0] --- Validation @ step 168000 ---
[07:58:55][rank0]   val loss=0.7110  loss_e=0.9821  acc_e=93.81%  acc_l=81.19%
[07:58:55][rank0]   No improvement count: 3/10
[07:59:22][rank0] step=168500  epoch=18  loss=0.7132  acc_e=94.03%  lr=1.11e-04  elapsed=4:06:43
[07:59:35][rank0] Epoch  18/30  loss=0.7132  acc_e=94.03%  acc_l=80.71%  elapsed=4:06:56
[07:59:49][rank0] step=169000  epoch=19  loss=0.7104  acc_e=94.27%  lr=1.11e-04  elapsed=4:07:11
[08:00:16][rank0] step=169500  epoch=19  loss=0.7104  acc_e=94.23%  lr=1.10e-04  elapsed=4:07:38
[08:00:44][rank0] step=170000  epoch=19  loss=0.7103  acc_e=94.11%  lr=1.09e-04  elapsed=4:08:05
[08:00:44][rank0] --- Validation @ step 170000 ---
[08:01:50][rank0]   val loss=0.7122  loss_e=0.9840  acc_e=94.08%  acc_l=81.20%
[08:01:50][rank0]   No improvement count: 4/10
[08:01:50][rank0]   Checkpoint -> /scratch/yuvraj17/adaptive_tracing_scratch/adaptive_tracer/logs/transformer_multitask_cats3_seq512_382060/ckpt_0170000.pt
[08:02:18][rank0] step=170500  epoch=19  loss=0.7111  acc_e=94.04%  lr=1.08e-04  elapsed=4:09:40
[08:02:45][rank0] step=171000  epoch=19  loss=0.7115  acc_e=94.07%  lr=1.07e-04  elapsed=4:10:06
[08:03:12][rank0] step=171500  epoch=19  loss=0.7116  acc_e=94.08%  lr=1.07e-04  elapsed=4:10:33
[08:03:40][rank0] step=172000  epoch=19  loss=0.7115  acc_e=94.06%  lr=1.06e-04  elapsed=4:11:01
[08:03:40][rank0] --- Validation @ step 172000 ---
[08:04:46][rank0]   val loss=0.7115  loss_e=0.9834  acc_e=94.08%  acc_l=81.20%
[08:04:46][rank0]   No improvement count: 5/10
[08:05:14][rank0] step=172500  epoch=19  loss=0.7116  acc_e=94.04%  lr=1.05e-04  elapsed=4:12:35
[08:05:40][rank0] step=173000  epoch=19  loss=0.7120  acc_e=94.07%  lr=1.04e-04  elapsed=4:13:01
[08:06:07][rank0] step=173500  epoch=19  loss=0.7123  acc_e=94.05%  lr=1.04e-04  elapsed=4:13:29
[08:06:34][rank0] step=174000  epoch=19  loss=0.7124  acc_e=94.06%  lr=1.03e-04  elapsed=4:13:55
[08:06:34][rank0] --- Validation @ step 174000 ---
[08:07:40][rank0]   val loss=0.7104  loss_e=0.9814  acc_e=94.11%  acc_l=81.21%
[08:07:40][rank0]   No improvement count: 6/10
[08:08:07][rank0] step=174500  epoch=19  loss=0.7125  acc_e=94.07%  lr=1.02e-04  elapsed=4:15:28
[08:08:35][rank0] step=175000  epoch=19  loss=0.7124  acc_e=94.06%  lr=1.01e-04  elapsed=4:15:56
[08:09:03][rank0] step=175500  epoch=19  loss=0.7122  acc_e=94.06%  lr=1.01e-04  elapsed=4:16:24
[08:09:30][rank0] step=176000  epoch=19  loss=0.7123  acc_e=94.07%  lr=1.00e-04  elapsed=4:16:51
[08:09:30][rank0] --- Validation @ step 176000 ---
[08:10:36][rank0]   val loss=0.7106  loss_e=0.9819  acc_e=94.10%  acc_l=81.23%
[08:10:36][rank0]   No improvement count: 7/10
[08:11:03][rank0] step=176500  epoch=19  loss=0.7123  acc_e=94.07%  lr=9.93e-05  elapsed=4:18:24
[08:11:31][rank0] step=177000  epoch=19  loss=0.7125  acc_e=94.05%  lr=9.85e-05  elapsed=4:18:52
[08:11:58][rank0] step=177500  epoch=19  loss=0.7126  acc_e=94.05%  lr=9.78e-05  elapsed=4:19:19
[08:12:25][rank0] step=178000  epoch=19  loss=0.7127  acc_e=94.05%  lr=9.71e-05  elapsed=4:19:46
[08:12:25][rank0] --- Validation @ step 178000 ---
[08:13:31][rank0]   val loss=0.7112  loss_e=0.9829  acc_e=94.11%  acc_l=81.23%
[08:13:31][rank0]   No improvement count: 8/10
[08:13:37][rank0] Epoch  19/30  loss=0.7127  acc_e=94.04%  acc_l=80.74%  elapsed=4:20:58
[08:13:58][rank0] step=178500  epoch=20  loss=0.7093  acc_e=94.31%  lr=9.63e-05  elapsed=4:21:20
[08:14:26][rank0] step=179000  epoch=20  loss=0.7104  acc_e=94.20%  lr=9.56e-05  elapsed=4:21:47
[08:14:53][rank0] step=179500  epoch=20  loss=0.7097  acc_e=94.12%  lr=9.49e-05  elapsed=4:22:14
[08:15:21][rank0] step=180000  epoch=20  loss=0.7106  acc_e=94.05%  lr=9.42e-05  elapsed=4:22:42
[08:15:21][rank0] --- Validation @ step 180000 ---
[08:16:27][rank0]   val loss=0.7130  loss_e=0.9859  acc_e=94.01%  acc_l=81.22%
[08:16:27][rank0]   No improvement count: 9/10
[08:16:27][rank0]   Checkpoint -> /scratch/yuvraj17/adaptive_tracing_scratch/adaptive_tracer/logs/transformer_multitask_cats3_seq512_382060/ckpt_0180000.pt
[08:16:54][rank0] step=180500  epoch=20  loss=0.7111  acc_e=94.09%  lr=9.34e-05  elapsed=4:24:15
[08:17:22][rank0] step=181000  epoch=20  loss=0.7111  acc_e=94.09%  lr=9.27e-05  elapsed=4:24:43
[08:17:50][rank0] step=181500  epoch=20  loss=0.7111  acc_e=94.07%  lr=9.20e-05  elapsed=4:25:11
[08:18:17][rank0] step=182000  epoch=20  loss=0.7114  acc_e=94.06%  lr=9.13e-05  elapsed=4:25:38
[08:18:17][rank0] --- Validation @ step 182000 ---
[08:19:23][rank0]   val loss=0.7096  loss_e=0.9808  acc_e=94.12%  acc_l=81.27%
[08:19:23][rank0]   New best val loss=0.7096 -> /scratch/yuvraj17/adaptive_tracing_scratch/adaptive_tracer/logs/transformer_multitask_cats3_seq512_382060/model_best.pt
[08:19:50][rank0] step=182500  epoch=20  loss=0.7116  acc_e=94.08%  lr=9.06e-05  elapsed=4:27:12
[08:20:18][rank0] step=183000  epoch=20  loss=0.7118  acc_e=94.06%  lr=8.99e-05  elapsed=4:27:39
[08:20:45][rank0] step=183500  epoch=20  loss=0.7120  acc_e=94.07%  lr=8.92e-05  elapsed=4:28:06
[08:21:12][rank0] step=184000  epoch=20  loss=0.7120  acc_e=94.08%  lr=8.84e-05  elapsed=4:28:33
[08:21:12][rank0] --- Validation @ step 184000 ---
[08:22:18][rank0]   val loss=0.7096  loss_e=0.9811  acc_e=94.13%  acc_l=81.29%
[08:22:18][rank0]   New best val loss=0.7096 -> /scratch/yuvraj17/adaptive_tracing_scratch/adaptive_tracer/logs/transformer_multitask_cats3_seq512_382060/model_best.pt
[08:22:46][rank0] step=184500  epoch=20  loss=0.7119  acc_e=94.07%  lr=8.77e-05  elapsed=4:30:07
[08:23:14][rank0] step=185000  epoch=20  loss=0.7116  acc_e=94.07%  lr=8.70e-05  elapsed=4:30:35
[08:23:41][rank0] step=185500  epoch=20  loss=0.7117  acc_e=94.08%  lr=8.63e-05  elapsed=4:31:02
[08:24:08][rank0] step=186000  epoch=20  loss=0.7118  acc_e=94.08%  lr=8.56e-05  elapsed=4:31:30
[08:24:08][rank0] --- Validation @ step 186000 ---
[08:25:15][rank0]   val loss=0.7102  loss_e=0.9826  acc_e=94.08%  acc_l=81.29%
[08:25:15][rank0]   No improvement count: 1/10
[08:25:42][rank0] step=186500  epoch=20  loss=0.7120  acc_e=94.06%  lr=8.50e-05  elapsed=4:33:03
[08:26:09][rank0] step=187000  epoch=20  loss=0.7122  acc_e=94.06%  lr=8.43e-05  elapsed=4:33:30
[08:26:36][rank0] Epoch  20/30  loss=0.7122  acc_e=94.05%  acc_l=80.77%  elapsed=4:33:57
[08:26:37][rank0] step=187500  epoch=21  loss=0.7115  acc_e=94.54%  lr=8.36e-05  elapsed=4:33:58
[08:27:04][rank0] step=188000  epoch=21  loss=0.7093  acc_e=94.29%  lr=8.29e-05  elapsed=4:34:25
[08:27:04][rank0] --- Validation @ step 188000 ---
[08:28:10][rank0]   val loss=0.7095  loss_e=0.9805  acc_e=94.13%  acc_l=81.27%
[08:28:10][rank0]   New best val loss=0.7095 -> /scratch/yuvraj17/adaptive_tracing_scratch/adaptive_tracer/logs/transformer_multitask_cats3_seq512_382060/model_best.pt
[08:28:38][rank0] step=188500  epoch=21  loss=0.7101  acc_e=94.17%  lr=8.22e-05  elapsed=4:35:59
[08:29:05][rank0] step=189000  epoch=21  loss=0.7097  acc_e=94.10%  lr=8.15e-05  elapsed=4:36:27
[08:29:33][rank0] step=189500  epoch=21  loss=0.7104  acc_e=94.08%  lr=8.08e-05  elapsed=4:36:54
[08:30:00][rank0] step=190000  epoch=21  loss=0.7106  acc_e=94.11%  lr=8.02e-05  elapsed=4:37:21
[08:30:00][rank0] --- Validation @ step 190000 ---
[08:31:06][rank0]   val loss=0.7090  loss_e=0.9804  acc_e=94.11%  acc_l=81.31%
[08:31:06][rank0]   New best val loss=0.7090 -> /scratch/yuvraj17/adaptive_tracing_scratch/adaptive_tracer/logs/transformer_multitask_cats3_seq512_382060/model_best.pt
[08:31:06][rank0]   Checkpoint -> /scratch/yuvraj17/adaptive_tracing_scratch/adaptive_tracer/logs/transformer_multitask_cats3_seq512_382060/ckpt_0190000.pt
[08:31:34][rank0] step=190500  epoch=21  loss=0.7107  acc_e=94.09%  lr=7.95e-05  elapsed=4:38:55
[08:32:01][rank0] step=191000  epoch=21  loss=0.7106  acc_e=94.08%  lr=7.88e-05  elapsed=4:39:23
[08:32:28][rank0] step=191500  epoch=21  loss=0.7110  acc_e=94.09%  lr=7.81e-05  elapsed=4:39:49
[08:32:55][rank0] step=192000  epoch=21  loss=0.7113  acc_e=94.09%  lr=7.75e-05  elapsed=4:40:16
[08:32:55][rank0] --- Validation @ step 192000 ---
[08:34:01][rank0]   val loss=0.7093  loss_e=0.9802  acc_e=94.15%  acc_l=81.28%
[08:34:01][rank0]   No improvement count: 1/10
[08:34:29][rank0] step=192500  epoch=21  loss=0.7115  acc_e=94.08%  lr=7.68e-05  elapsed=4:41:51
[08:34:56][rank0] step=193000  epoch=21  loss=0.7115  acc_e=94.09%  lr=7.61e-05  elapsed=4:42:17
[08:35:24][rank0] step=193500  epoch=21  loss=0.7115  acc_e=94.09%  lr=7.55e-05  elapsed=4:42:45
[08:35:52][rank0] step=194000  epoch=21  loss=0.7114  acc_e=94.09%  lr=7.48e-05  elapsed=4:43:13
[08:35:52][rank0] --- Validation @ step 194000 ---
[08:36:58][rank0]   val loss=0.7106  loss_e=0.9832  acc_e=94.12%  acc_l=81.32%
[08:36:58][rank0]   No improvement count: 2/10
[08:37:26][rank0] step=194500  epoch=21  loss=0.7112  acc_e=94.09%  lr=7.42e-05  elapsed=4:44:47
[08:37:53][rank0] step=195000  epoch=21  loss=0.7113  acc_e=94.10%  lr=7.35e-05  elapsed=4:45:14
[08:38:20][rank0] step=195500  epoch=21  loss=0.7114  acc_e=94.09%  lr=7.29e-05  elapsed=4:45:42
[08:38:48][rank0] step=196000  epoch=21  loss=0.7116  acc_e=94.08%  lr=7.22e-05  elapsed=4:46:09
[08:38:48][rank0] --- Validation @ step 196000 ---
[08:39:54][rank0]   val loss=0.7095  loss_e=0.9806  acc_e=94.09%  acc_l=81.26%
[08:39:54][rank0]   No improvement count: 3/10
[08:40:21][rank0] step=196500  epoch=21  loss=0.7118  acc_e=94.07%  lr=7.16e-05  elapsed=4:47:42
[08:40:40][rank0] Epoch  21/30  loss=0.7118  acc_e=94.07%  acc_l=80.79%  elapsed=4:48:02
[08:40:49][rank0] step=197000  epoch=22  loss=0.7097  acc_e=94.33%  lr=7.09e-05  elapsed=4:48:10
[08:41:15][rank0] step=197500  epoch=22  loss=0.7093  acc_e=94.30%  lr=7.03e-05  elapsed=4:48:37
[08:41:43][rank0] step=198000  epoch=22  loss=0.7092  acc_e=94.18%  lr=6.96e-05  elapsed=4:49:04
[08:41:43][rank0] --- Validation @ step 198000 ---
[08:42:49][rank0]   val loss=0.7100  loss_e=0.9819  acc_e=94.12%  acc_l=81.29%
[08:42:49][rank0]   No improvement count: 4/10
[08:43:17][rank0] step=198500  epoch=22  loss=0.7096  acc_e=94.10%  lr=6.90e-05  elapsed=4:50:38
[08:43:44][rank0] step=199000  epoch=22  loss=0.7104  acc_e=94.10%  lr=6.84e-05  elapsed=4:51:05
[08:44:11][rank0] step=199500  epoch=22  loss=0.7104  acc_e=94.13%  lr=6.78e-05  elapsed=4:51:32
[08:44:39][rank0] step=200000  epoch=22  loss=0.7103  acc_e=94.10%  lr=6.71e-05  elapsed=4:52:00
[08:44:39][rank0] --- Validation @ step 200000 ---
[08:45:45][rank0]   val loss=0.7102  loss_e=0.9819  acc_e=94.01%  acc_l=81.27%
[08:45:45][rank0]   No improvement count: 5/10
[08:45:45][rank0]   Checkpoint -> /scratch/yuvraj17/adaptive_tracing_scratch/adaptive_tracer/logs/transformer_multitask_cats3_seq512_382060/ckpt_0200000.pt
[08:46:13][rank0] step=200500  epoch=22  loss=0.7103  acc_e=94.09%  lr=6.65e-05  elapsed=4:53:34
[08:46:39][rank0] step=201000  epoch=22  loss=0.7107  acc_e=94.11%  lr=6.59e-05  elapsed=4:54:01
[08:47:06][rank0] step=201500  epoch=22  loss=0.7109  acc_e=94.10%  lr=6.53e-05  elapsed=4:54:28
[08:47:33][rank0] step=202000  epoch=22  loss=0.7111  acc_e=94.09%  lr=6.47e-05  elapsed=4:54:55
[08:47:33][rank0] --- Validation @ step 202000 ---
[08:48:40][rank0]   val loss=0.7093  loss_e=0.9799  acc_e=94.13%  acc_l=81.24%
[08:48:40][rank0]   No improvement count: 6/10
[08:49:06][rank0] step=202500  epoch=22  loss=0.7112  acc_e=94.10%  lr=6.40e-05  elapsed=4:56:28
[08:49:34][rank0] step=203000  epoch=22  loss=0.7111  acc_e=94.10%  lr=6.34e-05  elapsed=4:56:55
[08:50:02][rank0] step=203500  epoch=22  loss=0.7110  acc_e=94.10%  lr=6.28e-05  elapsed=4:57:23
[08:50:29][rank0] step=204000  epoch=22  loss=0.7110  acc_e=94.10%  lr=6.22e-05  elapsed=4:57:50
[08:50:29][rank0] --- Validation @ step 204000 ---
[08:51:36][rank0]   val loss=0.7095  loss_e=0.9807  acc_e=94.16%  acc_l=81.25%
[08:51:36][rank0]   No improvement count: 7/10
[08:52:03][rank0] step=204500  epoch=22  loss=0.7109  acc_e=94.11%  lr=6.16e-05  elapsed=4:59:24
[08:52:31][rank0] step=205000  epoch=22  loss=0.7111  acc_e=94.09%  lr=6.10e-05  elapsed=4:59:52
[08:52:58][rank0] step=205500  epoch=22  loss=0.7112  acc_e=94.09%  lr=6.05e-05  elapsed=5:00:19
[08:53:25][rank0] step=206000  epoch=22  loss=0.7114  acc_e=94.08%  lr=5.99e-05  elapsed=5:00:46
[08:53:25][rank0] --- Validation @ step 206000 ---
[08:54:31][rank0]   val loss=0.7093  loss_e=0.9807  acc_e=94.14%  acc_l=81.29%
[08:54:31][rank0]   No improvement count: 8/10
[08:54:44][rank0] Epoch  22/30  loss=0.7114  acc_e=94.08%  acc_l=80.82%  elapsed=5:02:05
[08:54:58][rank0] step=206500  epoch=23  loss=0.7087  acc_e=94.32%  lr=5.93e-05  elapsed=5:02:20
[08:55:25][rank0] step=207000  epoch=23  loss=0.7089  acc_e=94.27%  lr=5.87e-05  elapsed=5:02:47
[08:55:53][rank0] step=207500  epoch=23  loss=0.7088  acc_e=94.16%  lr=5.81e-05  elapsed=5:03:14
[08:56:21][rank0] step=208000  epoch=23  loss=0.7095  acc_e=94.09%  lr=5.75e-05  elapsed=5:03:42
[08:56:21][rank0] --- Validation @ step 208000 ---
[08:57:27][rank0]   val loss=0.7106  loss_e=0.9830  acc_e=94.12%  acc_l=81.28%
[08:57:27][rank0]   No improvement count: 9/10
[08:57:54][rank0] step=208500  epoch=23  loss=0.7099  acc_e=94.12%  lr=5.70e-05  elapsed=5:05:15
[08:58:21][rank0] step=209000  epoch=23  loss=0.7099  acc_e=94.13%  lr=5.64e-05  elapsed=5:05:42
[08:58:49][rank0] step=209500  epoch=23  loss=0.7098  acc_e=94.11%  lr=5.58e-05  elapsed=5:06:10
[08:59:17][rank0] step=210000  epoch=23  loss=0.7099  acc_e=94.09%  lr=5.53e-05  elapsed=5:06:38
[08:59:17][rank0] --- Validation @ step 210000 ---
[09:00:25][rank0]   val loss=0.7099  loss_e=0.9828  acc_e=94.15%  acc_l=81.32%
[09:00:25][rank0]   No improvement count: 10/10
[09:00:25][rank0]   Early stopping triggered after 10 validations without improvement.
[09:00:25][rank0] Stopping early at epoch 23/30  elapsed=5:07:46
[09:00:25][rank0] ======================================================================
[09:00:25][rank0] Training complete — OOD evaluation
[09:00:25][rank0] ======================================================================
[09:00:25][rank0] Loaded best model from /scratch/yuvraj17/adaptive_tracing_scratch/adaptive_tracer/logs/transformer_multitask_cats3_seq512_382060/model_best.pt
[09:10:17][rank0] [OOD] global validation threshold (paper_mad_sum) thr=-0.387875 F1=0.6714 bal=197476/197476 full=197,476/646,822
[09:10:17][rank0] [OOD] MAD stats event(median=0.231445, mad=0.0722656) latency(median=0.396484, mad=0.115234)
[09:10:17][rank0] [OOD] cpu     AUROC=0.6469  AUPR=0.6273  bal=197044/190902  full=197,044/190,902  F1=0.6476  P=0.5588  R=0.7699  thr=-0.387875
[09:10:17][rank0] [OOD] disk    AUROC=0.6973  AUPR=0.6599  bal=197044/123783  full=197,044/123,783  F1=0.5777  P=0.4564  R=0.7869  thr=-0.387875
[09:10:17][rank0] [OOD] mem     AUROC=0.6796  AUPR=0.6958  bal=197044/217461  full=197,044/217,461  F1=0.6880  P=0.6011  R=0.8041  thr=-0.387875
[09:10:17][rank0] [OOD] net     AUROC=0.7334  AUPR=0.6187  bal=197044/120006  full=197,044/120,006  F1=0.6119  P=0.4728  R=0.8669  thr=-0.387875
[09:10:17][rank0] OOD results -> /scratch/yuvraj17/adaptive_tracing_scratch/adaptive_tracer/logs/transformer_multitask_cats3_seq512_382060/ood_results.json
