[03:54:10][rank0] Vocab: 175 syscalls / 113 processes
[03:54:10][rank0] Train shards for this rank: 119  (total=119)  Valid shards: 40
[03:54:11][rank0] Model: LSTM  params=47,067,895
[03:54:11][rank0]   n_hidden=1024  n_layer=6  n_head=8
[03:54:11][rank0]   AMP(bf16)=True  compile=False  chk=False  DDP=False
[03:54:11][rank0]   batch=64  accum_steps=4  world_size=1  eff_batch=256
[03:54:11][rank0] ======================================================================
[03:54:11][rank0] Starting training  device=cuda:0  total_steps~=69525  world_size=1
[03:54:11][rank0] ======================================================================
[03:56:21][rank0] step=   500  epoch=1  loss=2.4974  acc_e=35.17%  lr=3.00e-04  elapsed=0:02:10
[03:58:31][rank0] step=  1000  epoch=1  loss=1.6637  acc_e=54.58%  lr=3.00e-04  elapsed=0:04:20
[04:00:39][rank0] step=  1500  epoch=1  loss=1.2152  acc_e=66.25%  lr=3.00e-04  elapsed=0:06:28
[04:02:50][rank0] step=  2000  epoch=1  loss=0.9703  acc_e=72.59%  lr=3.00e-04  elapsed=0:08:39
[04:02:50][rank0] --- Validation @ step 2000 ---
[04:04:09][rank0]   val loss=0.2264  loss_e=0.2264  acc_e=92.14%  acc_l=0.00%
[04:04:09][rank0]   New best val loss=0.2264 -> /scratch/yuvraj17/adaptive_tracing_scratch/adaptive_tracer/logs/lstm_event_cats3_seq512_382068/model_best.pt
[04:05:38][rank0] Epoch   1/30  loss=0.8608  acc_e=75.43%  acc_l=0.00%  elapsed=0:11:27
[04:06:19][rank0] step=  2500  epoch=2  loss=0.2046  acc_e=92.62%  lr=2.99e-04  elapsed=0:12:08
[04:08:29][rank0] step=  3000  epoch=2  loss=0.1990  acc_e=92.70%  lr=2.99e-04  elapsed=0:14:18
[04:10:39][rank0] step=  3500  epoch=2  loss=0.1948  acc_e=92.81%  lr=2.99e-04  elapsed=0:16:28
[04:12:49][rank0] step=  4000  epoch=2  loss=0.1906  acc_e=92.94%  lr=2.98e-04  elapsed=0:18:38
[04:12:49][rank0] --- Validation @ step 4000 ---
[04:14:08][rank0]   val loss=0.1890  loss_e=0.1890  acc_e=93.25%  acc_l=0.00%
[04:14:08][rank0]   New best val loss=0.1890 -> /scratch/yuvraj17/adaptive_tracing_scratch/adaptive_tracer/logs/lstm_event_cats3_seq512_382068/model_best.pt
[04:16:19][rank0] step=  4500  epoch=2  loss=0.1882  acc_e=93.02%  lr=2.98e-04  elapsed=0:22:07
[04:17:07][rank0] Epoch   2/30  loss=0.1873  acc_e=93.05%  acc_l=0.00%  elapsed=0:22:56
[04:18:29][rank0] step=  5000  epoch=3  loss=0.1705  acc_e=93.59%  lr=2.97e-04  elapsed=0:24:18
[04:20:40][rank0] step=  5500  epoch=3  loss=0.1707  acc_e=93.58%  lr=2.96e-04  elapsed=0:26:29
[04:22:49][rank0] step=  6000  epoch=3  loss=0.1699  acc_e=93.61%  lr=2.96e-04  elapsed=0:28:38
[04:22:49][rank0] --- Validation @ step 6000 ---
[04:24:07][rank0]   val loss=0.1726  loss_e=0.1726  acc_e=93.66%  acc_l=0.00%
[04:24:07][rank0]   New best val loss=0.1726 -> /scratch/yuvraj17/adaptive_tracing_scratch/adaptive_tracer/logs/lstm_event_cats3_seq512_382068/model_best.pt
[04:26:18][rank0] step=  6500  epoch=3  loss=0.1681  acc_e=93.66%  lr=2.95e-04  elapsed=0:32:07
[04:28:28][rank0] step=  7000  epoch=3  loss=0.1677  acc_e=93.67%  lr=2.94e-04  elapsed=0:34:17
[04:28:36][rank0] Epoch   3/30  loss=0.1678  acc_e=93.67%  acc_l=0.00%  elapsed=0:34:25
[04:30:40][rank0] step=  7500  epoch=4  loss=0.1615  acc_e=93.86%  lr=2.93e-04  elapsed=0:36:29
[04:32:50][rank0] step=  8000  epoch=4  loss=0.1612  acc_e=93.89%  lr=2.92e-04  elapsed=0:38:39
[04:32:50][rank0] --- Validation @ step 8000 ---
[04:34:08][rank0]   val loss=0.1697  loss_e=0.1697  acc_e=93.83%  acc_l=0.00%
[04:34:08][rank0]   New best val loss=0.1697 -> /scratch/yuvraj17/adaptive_tracing_scratch/adaptive_tracer/logs/lstm_event_cats3_seq512_382068/model_best.pt
[04:36:17][rank0] step=  8500  epoch=4  loss=0.1602  acc_e=93.93%  lr=2.91e-04  elapsed=0:42:06
[04:38:28][rank0] step=  9000  epoch=4  loss=0.1595  acc_e=93.95%  lr=2.89e-04  elapsed=0:44:17
[04:40:06][rank0] Epoch   4/30  loss=0.1597  acc_e=93.94%  acc_l=0.00%  elapsed=0:45:54
[04:40:39][rank0] step=  9500  epoch=5  loss=0.1519  acc_e=94.26%  lr=2.88e-04  elapsed=0:46:27
[04:42:50][rank0] step= 10000  epoch=5  loss=0.1554  acc_e=94.09%  lr=2.87e-04  elapsed=0:48:38
[04:42:50][rank0] --- Validation @ step 10000 ---
[04:44:08][rank0]   val loss=0.1626  loss_e=0.1626  acc_e=94.01%  acc_l=0.00%
[04:44:08][rank0]   New best val loss=0.1626 -> /scratch/yuvraj17/adaptive_tracing_scratch/adaptive_tracer/logs/lstm_event_cats3_seq512_382068/model_best.pt
[04:44:08][rank0]   Checkpoint -> /scratch/yuvraj17/adaptive_tracing_scratch/adaptive_tracer/logs/lstm_event_cats3_seq512_382068/ckpt_0010000.pt
[04:46:18][rank0] step= 10500  epoch=5  loss=0.1553  acc_e=94.09%  lr=2.85e-04  elapsed=0:52:07
[04:48:29][rank0] step= 11000  epoch=5  loss=0.1550  acc_e=94.10%  lr=2.84e-04  elapsed=0:54:18
[04:50:42][rank0] step= 11500  epoch=5  loss=0.1550  acc_e=94.10%  lr=2.83e-04  elapsed=0:56:30
[04:51:39][rank0] Epoch   5/30  loss=0.1550  acc_e=94.10%  acc_l=0.00%  elapsed=0:57:27
[04:52:53][rank0] step= 12000  epoch=6  loss=0.1505  acc_e=94.26%  lr=2.81e-04  elapsed=0:58:42
[04:52:53][rank0] --- Validation @ step 12000 ---
[04:54:12][rank0]   val loss=0.1630  loss_e=0.1630  acc_e=94.07%  acc_l=0.00%
[04:54:12][rank0]   No improvement count: 1/10
[04:56:24][rank0] step= 12500  epoch=6  loss=0.1520  acc_e=94.20%  lr=2.79e-04  elapsed=1:02:13
[04:58:34][rank0] step= 13000  epoch=6  loss=0.1522  acc_e=94.20%  lr=2.78e-04  elapsed=1:04:23
[05:00:45][rank0] step= 13500  epoch=6  loss=0.1515  acc_e=94.21%  lr=2.76e-04  elapsed=1:06:34
[05:02:56][rank0] step= 14000  epoch=6  loss=0.1518  acc_e=94.20%  lr=2.74e-04  elapsed=1:08:45
[05:02:56][rank0] --- Validation @ step 14000 ---
[05:04:14][rank0]   val loss=0.1602  loss_e=0.1602  acc_e=94.11%  acc_l=0.00%
[05:04:14][rank0]   New best val loss=0.1602 -> /scratch/yuvraj17/adaptive_tracing_scratch/adaptive_tracer/logs/lstm_event_cats3_seq512_382068/model_best.pt
[05:04:30][rank0] Epoch   6/30  loss=0.1519  acc_e=94.20%  acc_l=0.00%  elapsed=1:10:18
[05:06:26][rank0] step= 14500  epoch=7  loss=0.1501  acc_e=94.25%  lr=2.72e-04  elapsed=1:12:15
[05:08:36][rank0] step= 15000  epoch=7  loss=0.1502  acc_e=94.25%  lr=2.70e-04  elapsed=1:14:25
[05:10:44][rank0] step= 15500  epoch=7  loss=0.1496  acc_e=94.29%  lr=2.68e-04  elapsed=1:16:33
[05:12:56][rank0] step= 16000  epoch=7  loss=0.1492  acc_e=94.30%  lr=2.66e-04  elapsed=1:18:44
[05:12:56][rank0] --- Validation @ step 16000 ---
[05:14:14][rank0]   val loss=0.1586  loss_e=0.1586  acc_e=94.16%  acc_l=0.00%
[05:14:14][rank0]   New best val loss=0.1586 -> /scratch/yuvraj17/adaptive_tracing_scratch/adaptive_tracer/logs/lstm_event_cats3_seq512_382068/model_best.pt
[05:15:59][rank0] Epoch   7/30  loss=0.1497  acc_e=94.28%  acc_l=0.00%  elapsed=1:21:48
[05:16:25][rank0] step= 16500  epoch=8  loss=0.1445  acc_e=94.53%  lr=2.64e-04  elapsed=1:22:14
[05:18:36][rank0] step= 17000  epoch=8  loss=0.1476  acc_e=94.35%  lr=2.62e-04  elapsed=1:24:24
[05:20:46][rank0] step= 17500  epoch=8  loss=0.1476  acc_e=94.35%  lr=2.59e-04  elapsed=1:26:34
[05:22:56][rank0] step= 18000  epoch=8  loss=0.1476  acc_e=94.34%  lr=2.57e-04  elapsed=1:28:45
[05:22:56][rank0] --- Validation @ step 18000 ---
[05:24:15][rank0]   val loss=0.1616  loss_e=0.1616  acc_e=94.06%  acc_l=0.00%
[05:24:15][rank0]   No improvement count: 1/10
[05:26:26][rank0] step= 18500  epoch=8  loss=0.1478  acc_e=94.34%  lr=2.55e-04  elapsed=1:32:15
[05:27:30][rank0] Epoch   8/30  loss=0.1478  acc_e=94.34%  acc_l=0.00%  elapsed=1:33:19
[05:28:37][rank0] step= 19000  epoch=9  loss=0.1446  acc_e=94.46%  lr=2.52e-04  elapsed=1:34:26
[05:30:48][rank0] step= 19500  epoch=9  loss=0.1462  acc_e=94.40%  lr=2.50e-04  elapsed=1:36:37
[05:32:58][rank0] step= 20000  epoch=9  loss=0.1464  acc_e=94.39%  lr=2.47e-04  elapsed=1:38:47
[05:32:58][rank0] --- Validation @ step 20000 ---
[05:34:17][rank0]   val loss=0.1564  loss_e=0.1564  acc_e=94.22%  acc_l=0.00%
[05:34:17][rank0]   New best val loss=0.1564 -> /scratch/yuvraj17/adaptive_tracing_scratch/adaptive_tracer/logs/lstm_event_cats3_seq512_382068/model_best.pt
[05:34:17][rank0]   Checkpoint -> /scratch/yuvraj17/adaptive_tracing_scratch/adaptive_tracer/logs/lstm_event_cats3_seq512_382068/ckpt_0020000.pt
[05:36:28][rank0] step= 20500  epoch=9  loss=0.1458  acc_e=94.41%  lr=2.45e-04  elapsed=1:42:17
[05:38:39][rank0] step= 21000  epoch=9  loss=0.1461  acc_e=94.39%  lr=2.42e-04  elapsed=1:44:27
[05:39:02][rank0] Epoch   9/30  loss=0.1463  acc_e=94.39%  acc_l=0.00%  elapsed=1:44:50
[05:40:50][rank0] step= 21500  epoch=10  loss=0.1450  acc_e=94.42%  lr=2.40e-04  elapsed=1:46:39
[05:43:01][rank0] step= 22000  epoch=10  loss=0.1450  acc_e=94.43%  lr=2.37e-04  elapsed=1:48:50
[05:43:01][rank0] --- Validation @ step 22000 ---
[05:44:20][rank0]   val loss=0.1596  loss_e=0.1596  acc_e=94.20%  acc_l=0.00%
[05:44:20][rank0]   No improvement count: 1/10
[05:46:28][rank0] step= 22500  epoch=10  loss=0.1445  acc_e=94.46%  lr=2.34e-04  elapsed=1:52:17
[05:48:40][rank0] step= 23000  epoch=10  loss=0.1442  acc_e=94.46%  lr=2.32e-04  elapsed=1:54:28
[05:50:32][rank0] Epoch  10/30  loss=0.1448  acc_e=94.44%  acc_l=0.00%  elapsed=1:56:21
[05:50:51][rank0] step= 23500  epoch=11  loss=0.1405  acc_e=94.67%  lr=2.29e-04  elapsed=1:56:40
[05:53:02][rank0] step= 24000  epoch=11  loss=0.1435  acc_e=94.49%  lr=2.26e-04  elapsed=1:58:50
[05:53:02][rank0] --- Validation @ step 24000 ---
[05:54:20][rank0]   val loss=0.1561  loss_e=0.1561  acc_e=94.22%  acc_l=0.00%
[05:54:20][rank0]   New best val loss=0.1561 -> /scratch/yuvraj17/adaptive_tracing_scratch/adaptive_tracer/logs/lstm_event_cats3_seq512_382068/model_best.pt
[05:56:31][rank0] step= 24500  epoch=11  loss=0.1433  acc_e=94.49%  lr=2.23e-04  elapsed=2:02:19
[05:58:41][rank0] step= 25000  epoch=11  loss=0.1433  acc_e=94.49%  lr=2.20e-04  elapsed=2:04:30
[06:00:52][rank0] step= 25500  epoch=11  loss=0.1434  acc_e=94.48%  lr=2.17e-04  elapsed=2:06:41
[06:02:04][rank0] Epoch  11/30  loss=0.1436  acc_e=94.48%  acc_l=0.00%  elapsed=2:07:52
[06:03:03][rank0] step= 26000  epoch=12  loss=0.1401  acc_e=94.63%  lr=2.14e-04  elapsed=2:08:51
[06:03:03][rank0] --- Validation @ step 26000 ---
[06:04:21][rank0]   val loss=0.1592  loss_e=0.1592  acc_e=94.20%  acc_l=0.00%
[06:04:21][rank0]   No improvement count: 1/10
[06:06:32][rank0] step= 26500  epoch=12  loss=0.1421  acc_e=94.54%  lr=2.11e-04  elapsed=2:12:21
[06:08:43][rank0] step= 27000  epoch=12  loss=0.1425  acc_e=94.52%  lr=2.08e-04  elapsed=2:14:31
[06:10:54][rank0] step= 27500  epoch=12  loss=0.1419  acc_e=94.54%  lr=2.05e-04  elapsed=2:16:42
[06:13:04][rank0] step= 28000  epoch=12  loss=0.1423  acc_e=94.53%  lr=2.02e-04  elapsed=2:18:53
[06:13:04][rank0] --- Validation @ step 28000 ---
[06:14:22][rank0]   val loss=0.1567  loss_e=0.1567  acc_e=94.17%  acc_l=0.00%
[06:14:22][rank0]   No improvement count: 2/10
[06:14:53][rank0] Epoch  12/30  loss=0.1424  acc_e=94.52%  acc_l=0.00%  elapsed=2:20:42
[06:16:34][rank0] step= 28500  epoch=13  loss=0.1410  acc_e=94.57%  lr=1.99e-04  elapsed=2:22:22
[06:18:45][rank0] step= 29000  epoch=13  loss=0.1413  acc_e=94.56%  lr=1.96e-04  elapsed=2:24:33
[06:20:54][rank0] step= 29500  epoch=13  loss=0.1410  acc_e=94.58%  lr=1.93e-04  elapsed=2:26:42
[06:23:05][rank0] step= 30000  epoch=13  loss=0.1406  acc_e=94.59%  lr=1.90e-04  elapsed=2:28:54
[06:23:05][rank0] --- Validation @ step 30000 ---
[06:24:23][rank0]   val loss=0.1553  loss_e=0.1553  acc_e=94.29%  acc_l=0.00%
[06:24:23][rank0]   New best val loss=0.1553 -> /scratch/yuvraj17/adaptive_tracing_scratch/adaptive_tracer/logs/lstm_event_cats3_seq512_382068/model_best.pt
[06:24:24][rank0]   Checkpoint -> /scratch/yuvraj17/adaptive_tracing_scratch/adaptive_tracer/logs/lstm_event_cats3_seq512_382068/ckpt_0030000.pt
[06:26:24][rank0] Epoch  13/30  loss=0.1412  acc_e=94.56%  acc_l=0.00%  elapsed=2:32:13
[06:26:35][rank0] step= 30500  epoch=14  loss=0.1388  acc_e=94.75%  lr=1.87e-04  elapsed=2:32:24
[06:28:47][rank0] step= 31000  epoch=14  loss=0.1403  acc_e=94.60%  lr=1.83e-04  elapsed=2:34:36
[06:30:59][rank0] step= 31500  epoch=14  loss=0.1398  acc_e=94.62%  lr=1.80e-04  elapsed=2:36:48
[06:33:11][rank0] step= 32000  epoch=14  loss=0.1399  acc_e=94.61%  lr=1.77e-04  elapsed=2:38:59
[06:33:11][rank0] --- Validation @ step 32000 ---
[06:34:29][rank0]   val loss=0.1571  loss_e=0.1571  acc_e=94.24%  acc_l=0.00%
[06:34:29][rank0]   No improvement count: 1/10
[06:36:40][rank0] step= 32500  epoch=14  loss=0.1399  acc_e=94.61%  lr=1.74e-04  elapsed=2:42:29
[06:37:59][rank0] Epoch  14/30  loss=0.1401  acc_e=94.60%  acc_l=0.00%  elapsed=2:43:48
[06:38:51][rank0] step= 33000  epoch=15  loss=0.1361  acc_e=94.77%  lr=1.71e-04  elapsed=2:44:39
[06:41:02][rank0] step= 33500  epoch=15  loss=0.1386  acc_e=94.66%  lr=1.67e-04  elapsed=2:46:50
[06:43:12][rank0] step= 34000  epoch=15  loss=0.1391  acc_e=94.64%  lr=1.64e-04  elapsed=2:49:01
[06:43:12][rank0] --- Validation @ step 34000 ---
[06:44:30][rank0]   val loss=0.1574  loss_e=0.1574  acc_e=94.26%  acc_l=0.00%
[06:44:30][rank0]   No improvement count: 2/10
[06:46:42][rank0] step= 34500  epoch=15  loss=0.1387  acc_e=94.65%  lr=1.61e-04  elapsed=2:52:30
[06:48:52][rank0] step= 35000  epoch=15  loss=0.1388  acc_e=94.65%  lr=1.58e-04  elapsed=2:54:41
[06:49:31][rank0] Epoch  15/30  loss=0.1390  acc_e=94.64%  acc_l=0.00%  elapsed=2:55:19
[06:51:04][rank0] step= 35500  epoch=16  loss=0.1372  acc_e=94.71%  lr=1.54e-04  elapsed=2:56:53
[06:53:15][rank0] step= 36000  epoch=16  loss=0.1380  acc_e=94.68%  lr=1.51e-04  elapsed=2:59:04
[06:53:15][rank0] --- Validation @ step 36000 ---
[06:54:33][rank0]   val loss=0.1575  loss_e=0.1575  acc_e=94.28%  acc_l=0.00%
[06:54:33][rank0]   No improvement count: 3/10
[06:56:43][rank0] step= 36500  epoch=16  loss=0.1377  acc_e=94.70%  lr=1.48e-04  elapsed=3:02:31
[06:58:54][rank0] step= 37000  epoch=16  loss=0.1373  acc_e=94.70%  lr=1.45e-04  elapsed=3:04:43
[07:01:02][rank0] Epoch  16/30  loss=0.1379  acc_e=94.68%  acc_l=0.00%  elapsed=3:06:51
[07:01:06][rank0] step= 37500  epoch=17  loss=0.1324  acc_e=95.04%  lr=1.41e-04  elapsed=3:06:55
[07:03:17][rank0] step= 38000  epoch=17  loss=0.1373  acc_e=94.71%  lr=1.38e-04  elapsed=3:09:06
[07:03:17][rank0] --- Validation @ step 38000 ---
[07:04:35][rank0]   val loss=0.1567  loss_e=0.1567  acc_e=94.23%  acc_l=0.00%
[07:04:35][rank0]   No improvement count: 4/10
[07:06:46][rank0] step= 38500  epoch=17  loss=0.1368  acc_e=94.73%  lr=1.35e-04  elapsed=3:12:35
[07:08:56][rank0] step= 39000  epoch=17  loss=0.1365  acc_e=94.74%  lr=1.32e-04  elapsed=3:14:44
[07:11:07][rank0] step= 39500  epoch=17  loss=0.1365  acc_e=94.73%  lr=1.29e-04  elapsed=3:16:56
[07:12:34][rank0] Epoch  17/30  loss=0.1369  acc_e=94.72%  acc_l=0.00%  elapsed=3:18:23
[07:13:18][rank0] step= 40000  epoch=18  loss=0.1321  acc_e=94.93%  lr=1.25e-04  elapsed=3:19:07
[07:13:18][rank0] --- Validation @ step 40000 ---
[07:14:36][rank0]   val loss=0.1572  loss_e=0.1572  acc_e=94.25%  acc_l=0.00%
[07:14:36][rank0]   No improvement count: 5/10
[07:14:36][rank0]   Checkpoint -> /scratch/yuvraj17/adaptive_tracing_scratch/adaptive_tracer/logs/lstm_event_cats3_seq512_382068/ckpt_0040000.pt
[07:16:47][rank0] step= 40500  epoch=18  loss=0.1353  acc_e=94.78%  lr=1.22e-04  elapsed=3:22:36
[07:18:58][rank0] step= 41000  epoch=18  loss=0.1358  acc_e=94.76%  lr=1.19e-04  elapsed=3:24:47
[07:21:09][rank0] step= 41500  epoch=18  loss=0.1355  acc_e=94.77%  lr=1.16e-04  elapsed=3:26:57
[07:23:20][rank0] step= 42000  epoch=18  loss=0.1357  acc_e=94.76%  lr=1.13e-04  elapsed=3:29:08
[07:23:20][rank0] --- Validation @ step 42000 ---
[07:24:38][rank0]   val loss=0.1575  loss_e=0.1575  acc_e=94.23%  acc_l=0.00%
[07:24:38][rank0]   No improvement count: 6/10
[07:25:24][rank0] Epoch  18/30  loss=0.1358  acc_e=94.76%  acc_l=0.00%  elapsed=3:31:12
[07:26:50][rank0] step= 42500  epoch=19  loss=0.1339  acc_e=94.83%  lr=1.10e-04  elapsed=3:32:39
[07:29:01][rank0] step= 43000  epoch=19  loss=0.1349  acc_e=94.80%  lr=1.07e-04  elapsed=3:34:50
[07:31:11][rank0] step= 43500  epoch=19  loss=0.1347  acc_e=94.81%  lr=1.04e-04  elapsed=3:36:59
[07:33:22][rank0] step= 44000  epoch=19  loss=0.1344  acc_e=94.81%  lr=1.01e-04  elapsed=3:39:11
[07:33:22][rank0] --- Validation @ step 44000 ---
[07:34:40][rank0]   val loss=0.1569  loss_e=0.1569  acc_e=94.25%  acc_l=0.00%
[07:34:40][rank0]   No improvement count: 7/10
[07:36:52][rank0] step= 44500  epoch=19  loss=0.1348  acc_e=94.80%  lr=9.79e-05  elapsed=3:42:40
[07:36:56][rank0] Epoch  19/30  loss=0.1349  acc_e=94.79%  acc_l=0.00%  elapsed=3:42:45
[07:39:03][rank0] step= 45000  epoch=20  loss=0.1342  acc_e=94.81%  lr=9.49e-05  elapsed=3:44:52
[07:41:14][rank0] step= 45500  epoch=20  loss=0.1341  acc_e=94.83%  lr=9.20e-05  elapsed=3:47:03
[07:43:23][rank0] step= 46000  epoch=20  loss=0.1336  acc_e=94.85%  lr=8.92e-05  elapsed=3:49:12
[07:43:23][rank0] --- Validation @ step 46000 ---
[07:44:41][rank0]   val loss=0.1568  loss_e=0.1568  acc_e=94.26%  acc_l=0.00%
[07:44:41][rank0]   No improvement count: 8/10
[07:46:53][rank0] step= 46500  epoch=20  loss=0.1335  acc_e=94.85%  lr=8.63e-05  elapsed=3:52:41
[07:48:27][rank0] Epoch  20/30  loss=0.1340  acc_e=94.83%  acc_l=0.00%  elapsed=3:54:16
[07:49:03][rank0] step= 47000  epoch=21  loss=0.1292  acc_e=95.04%  lr=8.36e-05  elapsed=3:54:52
[07:51:14][rank0] step= 47500  epoch=21  loss=0.1326  acc_e=94.88%  lr=8.08e-05  elapsed=3:57:03
[07:53:25][rank0] step= 48000  epoch=21  loss=0.1328  acc_e=94.87%  lr=7.81e-05  elapsed=3:59:14
[07:53:25][rank0] --- Validation @ step 48000 ---
[07:54:43][rank0]   val loss=0.1569  loss_e=0.1569  acc_e=94.25%  acc_l=0.00%
[07:54:43][rank0]   No improvement count: 9/10
[07:56:54][rank0] step= 48500  epoch=21  loss=0.1328  acc_e=94.87%  lr=7.54e-05  elapsed=4:02:43
[07:59:06][rank0] step= 49000  epoch=21  loss=0.1330  acc_e=94.87%  lr=7.28e-05  elapsed=4:04:54
[07:59:59][rank0] Epoch  21/30  loss=0.1331  acc_e=94.86%  acc_l=0.00%  elapsed=4:05:48
[08:01:17][rank0] step= 49500  epoch=22  loss=0.1312  acc_e=94.94%  lr=7.02e-05  elapsed=4:07:06
[08:03:28][rank0] step= 50000  epoch=22  loss=0.1322  acc_e=94.90%  lr=6.77e-05  elapsed=4:09:17
[08:03:28][rank0] --- Validation @ step 50000 ---
[08:04:47][rank0]   val loss=0.1590  loss_e=0.1590  acc_e=94.23%  acc_l=0.00%
[08:04:47][rank0]   No improvement count: 10/10
[08:04:47][rank0]   Early stopping triggered after 10 validations without improvement.
[08:04:47][rank0] Stopping early at epoch 22/30  elapsed=4:10:36
[08:04:47][rank0] ======================================================================
[08:04:47][rank0] Training complete — OOD evaluation
[08:04:47][rank0] ======================================================================
[08:04:47][rank0] Loaded best model from /scratch/yuvraj17/adaptive_tracing_scratch/adaptive_tracer/logs/lstm_event_cats3_seq512_382068/model_best.pt
[08:16:14][rank0] [OOD] global validation threshold (event_loss) thr=0.00178528 F1=0.6667 bal=197476/197476 full=197,476/646,822
[08:16:14][rank0] [OOD] cpu     AUROC=0.5426  AUPR=0.5406  bal=197044/190902  full=197,044/190,902  F1=0.6596  P=0.4921  R=1.0000  thr=0.00178528
[08:16:14][rank0] [OOD] disk    AUROC=0.7203  AUPR=0.6868  bal=197044/123783  full=197,044/123,783  F1=0.5568  P=0.3858  R=1.0000  thr=0.00178528
[08:16:14][rank0] [OOD] mem     AUROC=0.5650  AUPR=0.6001  bal=197044/217461  full=197,044/217,461  F1=0.6882  P=0.5246  R=1.0000  thr=0.00178528
[08:16:14][rank0] [OOD] net     AUROC=0.6937  AUPR=0.6159  bal=197044/120006  full=197,044/120,006  F1=0.5492  P=0.3785  R=1.0000  thr=0.00178528
[08:16:14][rank0] OOD results -> /scratch/yuvraj17/adaptive_tracing_scratch/adaptive_tracer/logs/lstm_event_cats3_seq512_382068/ood_results.json
