[03:53:44][rank0] Vocab: 175 syscalls / 113 processes
[03:53:44][rank0] Train shards for this rank: 119  (total=119)  Valid shards: 40
[03:53:45][rank0] Model: TRANSFORMER  params=2,802,473
[03:53:45][rank0]   n_hidden=1024  n_layer=6  n_head=8
[03:53:45][rank0]   AMP(bf16)=True  compile=False  chk=False  DDP=False
[03:53:45][rank0]   batch=64  accum_steps=1  world_size=1  eff_batch=64
[03:53:45][rank0] ======================================================================
[03:53:45][rank0] Starting training  device=cuda:0  total_steps~=278100  world_size=1
[03:53:45][rank0] ======================================================================
[03:54:13][rank0] step=   500  epoch=1  loss=2.3117  acc_e=49.15%  lr=3.00e-04  elapsed=0:00:28
[03:54:41][rank0] step=  1000  epoch=1  loss=1.9051  acc_e=66.41%  lr=3.00e-04  elapsed=0:00:56
[03:55:09][rank0] step=  1500  epoch=1  loss=1.7240  acc_e=73.44%  lr=3.00e-04  elapsed=0:01:24
[03:55:37][rank0] step=  2000  epoch=1  loss=1.6273  acc_e=77.02%  lr=3.00e-04  elapsed=0:01:51
[03:55:37][rank0] --- Validation @ step 2000 ---
[03:56:44][rank0]   val loss=1.2843  loss_e=1.1513  acc_e=88.47%  acc_l=44.93%
[03:56:44][rank0]   New best val loss=1.2843 -> /scratch/yuvraj17/adaptive_tracing_scratch/adaptive_tracer/logs/transformer_multitask_cats9_seq512_382067/model_best.pt
[03:57:11][rank0] step=  2500  epoch=1  loss=1.5627  acc_e=79.28%  lr=3.00e-04  elapsed=0:03:26
[03:57:39][rank0] step=  3000  epoch=1  loss=1.5102  acc_e=81.00%  lr=3.00e-04  elapsed=0:03:53
[03:58:06][rank0] step=  3500  epoch=1  loss=1.4660  acc_e=82.37%  lr=3.00e-04  elapsed=0:04:21
[03:58:34][rank0] step=  4000  epoch=1  loss=1.4342  acc_e=83.37%  lr=3.00e-04  elapsed=0:04:48
[03:58:34][rank0] --- Validation @ step 4000 ---
[03:59:40][rank0]   val loss=1.1568  loss_e=1.0647  acc_e=91.24%  acc_l=50.60%
[03:59:40][rank0]   New best val loss=1.1568 -> /scratch/yuvraj17/adaptive_tracing_scratch/adaptive_tracer/logs/transformer_multitask_cats9_seq512_382067/model_best.pt
[04:00:07][rank0] step=  4500  epoch=1  loss=1.4085  acc_e=84.19%  lr=3.00e-04  elapsed=0:06:21
[04:00:35][rank0] step=  5000  epoch=1  loss=1.3855  acc_e=84.87%  lr=3.00e-04  elapsed=0:06:49
[04:01:01][rank0] step=  5500  epoch=1  loss=1.3659  acc_e=85.47%  lr=3.00e-04  elapsed=0:07:16
[04:01:29][rank0] step=  6000  epoch=1  loss=1.3478  acc_e=86.00%  lr=3.00e-04  elapsed=0:07:44
[04:01:29][rank0] --- Validation @ step 6000 ---
[04:02:40][rank0]   val loss=1.1226  loss_e=1.0420  acc_e=92.19%  acc_l=52.15%
[04:02:40][rank0]   New best val loss=1.1226 -> /scratch/yuvraj17/adaptive_tracing_scratch/adaptive_tracer/logs/transformer_multitask_cats9_seq512_382067/model_best.pt
[04:03:08][rank0] step=  6500  epoch=1  loss=1.3314  acc_e=86.46%  lr=3.00e-04  elapsed=0:09:23
[04:03:37][rank0] step=  7000  epoch=1  loss=1.3171  acc_e=86.85%  lr=3.00e-04  elapsed=0:09:52
[04:04:05][rank0] step=  7500  epoch=1  loss=1.3057  acc_e=87.19%  lr=3.00e-04  elapsed=0:10:20
[04:04:33][rank0] step=  8000  epoch=1  loss=1.2948  acc_e=87.49%  lr=2.99e-04  elapsed=0:10:48
[04:04:33][rank0] --- Validation @ step 8000 ---
[04:05:44][rank0]   val loss=1.1069  loss_e=1.0301  acc_e=92.52%  acc_l=52.87%
[04:05:44][rank0]   New best val loss=1.1069 -> /scratch/yuvraj17/adaptive_tracing_scratch/adaptive_tracer/logs/transformer_multitask_cats9_seq512_382067/model_best.pt
[04:06:12][rank0] step=  8500  epoch=1  loss=1.2853  acc_e=87.75%  lr=2.99e-04  elapsed=0:12:27
[04:06:40][rank0] step=  9000  epoch=1  loss=1.2767  acc_e=88.00%  lr=2.99e-04  elapsed=0:12:55
[04:07:02][rank0] Epoch   1/30  loss=1.2704  acc_e=88.17%  acc_l=46.11%  elapsed=0:13:17
[04:07:09][rank0] step=  9500  epoch=2  loss=1.1269  acc_e=92.46%  lr=2.99e-04  elapsed=0:13:24
[04:07:36][rank0] step= 10000  epoch=2  loss=1.1202  acc_e=92.54%  lr=2.99e-04  elapsed=0:13:51
[04:07:36][rank0] --- Validation @ step 10000 ---
[04:08:44][rank0]   val loss=1.0946  loss_e=1.0197  acc_e=92.83%  acc_l=53.45%
[04:08:44][rank0]   New best val loss=1.0946 -> /scratch/yuvraj17/adaptive_tracing_scratch/adaptive_tracer/logs/transformer_multitask_cats9_seq512_382067/model_best.pt
[04:08:44][rank0]   Checkpoint -> /scratch/yuvraj17/adaptive_tracing_scratch/adaptive_tracer/logs/transformer_multitask_cats9_seq512_382067/ckpt_0010000.pt
[04:09:12][rank0] step= 10500  epoch=2  loss=1.1124  acc_e=92.56%  lr=2.99e-04  elapsed=0:15:27
[04:09:40][rank0] step= 11000  epoch=2  loss=1.1105  acc_e=92.50%  lr=2.99e-04  elapsed=0:15:55
[04:10:07][rank0] step= 11500  epoch=2  loss=1.1116  acc_e=92.50%  lr=2.99e-04  elapsed=0:16:22
[04:10:35][rank0] step= 12000  epoch=2  loss=1.1114  acc_e=92.55%  lr=2.99e-04  elapsed=0:16:50
[04:10:35][rank0] --- Validation @ step 12000 ---
[04:11:46][rank0]   val loss=1.0843  loss_e=1.0121  acc_e=93.02%  acc_l=53.95%
[04:11:46][rank0]   New best val loss=1.0843 -> /scratch/yuvraj17/adaptive_tracing_scratch/adaptive_tracer/logs/transformer_multitask_cats9_seq512_382067/model_best.pt
[04:12:14][rank0] step= 12500  epoch=2  loss=1.1094  acc_e=92.56%  lr=2.99e-04  elapsed=0:18:29
[04:12:42][rank0] step= 13000  epoch=2  loss=1.1075  acc_e=92.59%  lr=2.99e-04  elapsed=0:18:57
[04:13:09][rank0] step= 13500  epoch=2  loss=1.1085  acc_e=92.60%  lr=2.98e-04  elapsed=0:19:24
[04:13:36][rank0] step= 14000  epoch=2  loss=1.1083  acc_e=92.61%  lr=2.98e-04  elapsed=0:19:51
[04:13:36][rank0] --- Validation @ step 14000 ---
[04:14:48][rank0]   val loss=1.0789  loss_e=1.0091  acc_e=93.14%  acc_l=54.13%
[04:14:48][rank0]   New best val loss=1.0789 -> /scratch/yuvraj17/adaptive_tracing_scratch/adaptive_tracer/logs/transformer_multitask_cats9_seq512_382067/model_best.pt
[04:15:15][rank0] step= 14500  epoch=2  loss=1.1082  acc_e=92.60%  lr=2.98e-04  elapsed=0:21:30
[04:15:42][rank0] step= 15000  epoch=2  loss=1.1076  acc_e=92.64%  lr=2.98e-04  elapsed=0:21:57
[04:16:10][rank0] step= 15500  epoch=2  loss=1.1063  acc_e=92.66%  lr=2.98e-04  elapsed=0:22:25
[04:16:38][rank0] step= 16000  epoch=2  loss=1.1048  acc_e=92.68%  lr=2.98e-04  elapsed=0:22:53
[04:16:38][rank0] --- Validation @ step 16000 ---
[04:17:44][rank0]   val loss=1.0823  loss_e=1.0187  acc_e=93.07%  acc_l=54.25%
[04:17:44][rank0]   No improvement count: 1/10
[04:18:12][rank0] step= 16500  epoch=2  loss=1.1041  acc_e=92.69%  lr=2.98e-04  elapsed=0:24:27
[04:18:40][rank0] step= 17000  epoch=2  loss=1.1036  acc_e=92.71%  lr=2.98e-04  elapsed=0:24:55
[04:19:09][rank0] step= 17500  epoch=2  loss=1.1028  acc_e=92.71%  lr=2.97e-04  elapsed=0:25:24
[04:19:37][rank0] step= 18000  epoch=2  loss=1.1024  acc_e=92.72%  lr=2.97e-04  elapsed=0:25:52
[04:19:37][rank0] --- Validation @ step 18000 ---
[04:20:49][rank0]   val loss=1.0718  loss_e=1.0052  acc_e=92.96%  acc_l=54.55%
[04:20:49][rank0]   New best val loss=1.0718 -> /scratch/yuvraj17/adaptive_tracing_scratch/adaptive_tracer/logs/transformer_multitask_cats9_seq512_382067/model_best.pt
[04:21:17][rank0] step= 18500  epoch=2  loss=1.1020  acc_e=92.73%  lr=2.97e-04  elapsed=0:27:32
[04:21:31][rank0] Epoch   2/30  loss=1.1016  acc_e=92.73%  acc_l=52.65%  elapsed=0:27:46
[04:21:46][rank0] step= 19000  epoch=3  loss=1.0908  acc_e=93.21%  lr=2.97e-04  elapsed=0:28:00
[04:22:13][rank0] step= 19500  epoch=3  loss=1.0868  acc_e=93.20%  lr=2.97e-04  elapsed=0:28:28
[04:22:42][rank0] step= 20000  epoch=3  loss=1.0836  acc_e=93.12%  lr=2.97e-04  elapsed=0:28:57
[04:22:42][rank0] --- Validation @ step 20000 ---
[04:23:53][rank0]   val loss=1.0732  loss_e=1.0075  acc_e=93.33%  acc_l=54.55%
[04:23:53][rank0]   No improvement count: 1/10
[04:23:53][rank0]   Checkpoint -> /scratch/yuvraj17/adaptive_tracing_scratch/adaptive_tracer/logs/transformer_multitask_cats9_seq512_382067/ckpt_0020000.pt
[04:24:22][rank0] step= 20500  epoch=3  loss=1.0838  acc_e=93.05%  lr=2.96e-04  elapsed=0:30:37
[04:24:50][rank0] step= 21000  epoch=3  loss=1.0848  acc_e=93.07%  lr=2.96e-04  elapsed=0:31:05
[04:25:18][rank0] step= 21500  epoch=3  loss=1.0847  acc_e=93.09%  lr=2.96e-04  elapsed=0:31:33
[04:25:47][rank0] step= 22000  epoch=3  loss=1.0839  acc_e=93.08%  lr=2.96e-04  elapsed=0:32:02
[04:25:47][rank0] --- Validation @ step 22000 ---
[04:26:58][rank0]   val loss=1.0701  loss_e=1.0057  acc_e=93.34%  acc_l=54.69%
[04:26:58][rank0]   New best val loss=1.0701 -> /scratch/yuvraj17/adaptive_tracing_scratch/adaptive_tracer/logs/transformer_multitask_cats9_seq512_382067/model_best.pt
[04:27:27][rank0] step= 22500  epoch=3  loss=1.0830  acc_e=93.08%  lr=2.96e-04  elapsed=0:33:42
[04:27:54][rank0] step= 23000  epoch=3  loss=1.0845  acc_e=93.10%  lr=2.95e-04  elapsed=0:34:09
[04:28:23][rank0] step= 23500  epoch=3  loss=1.0846  acc_e=93.09%  lr=2.95e-04  elapsed=0:34:38
[04:28:51][rank0] step= 24000  epoch=3  loss=1.0849  acc_e=93.09%  lr=2.95e-04  elapsed=0:35:06
[04:28:51][rank0] --- Validation @ step 24000 ---
[04:30:01][rank0]   val loss=1.0667  loss_e=1.0004  acc_e=93.41%  acc_l=54.78%
[04:30:01][rank0]   New best val loss=1.0667 -> /scratch/yuvraj17/adaptive_tracing_scratch/adaptive_tracer/logs/transformer_multitask_cats9_seq512_382067/model_best.pt
[04:30:29][rank0] step= 24500  epoch=3  loss=1.0849  acc_e=93.11%  lr=2.95e-04  elapsed=0:36:44
[04:30:58][rank0] step= 25000  epoch=3  loss=1.0839  acc_e=93.11%  lr=2.95e-04  elapsed=0:37:13
[04:31:27][rank0] step= 25500  epoch=3  loss=1.0830  acc_e=93.13%  lr=2.94e-04  elapsed=0:37:42
[04:31:55][rank0] step= 26000  epoch=3  loss=1.0830  acc_e=93.13%  lr=2.94e-04  elapsed=0:38:10
[04:31:55][rank0] --- Validation @ step 26000 ---
[04:33:06][rank0]   val loss=1.0660  loss_e=1.0014  acc_e=93.16%  acc_l=54.89%
[04:33:06][rank0]   New best val loss=1.0660 -> /scratch/yuvraj17/adaptive_tracing_scratch/adaptive_tracer/logs/transformer_multitask_cats9_seq512_382067/model_best.pt
[04:33:34][rank0] step= 26500  epoch=3  loss=1.0828  acc_e=93.14%  lr=2.94e-04  elapsed=0:39:49
[04:34:03][rank0] step= 27000  epoch=3  loss=1.0826  acc_e=93.13%  lr=2.94e-04  elapsed=0:40:18
[04:34:31][rank0] step= 27500  epoch=3  loss=1.0826  acc_e=93.13%  lr=2.93e-04  elapsed=0:40:46
[04:35:00][rank0] step= 28000  epoch=3  loss=1.0824  acc_e=93.13%  lr=2.93e-04  elapsed=0:41:15
[04:35:00][rank0] --- Validation @ step 28000 ---
[04:36:11][rank0]   val loss=1.0658  loss_e=1.0010  acc_e=93.48%  acc_l=54.86%
[04:36:11][rank0]   New best val loss=1.0658 -> /scratch/yuvraj17/adaptive_tracing_scratch/adaptive_tracer/logs/transformer_multitask_cats9_seq512_382067/model_best.pt
[04:36:17][rank0] Epoch   3/30  loss=1.0823  acc_e=93.13%  acc_l=53.67%  elapsed=0:42:32
[04:36:38][rank0] step= 28500  epoch=4  loss=1.0754  acc_e=93.48%  lr=2.93e-04  elapsed=0:42:53
[04:37:06][rank0] step= 29000  epoch=4  loss=1.0740  acc_e=93.43%  lr=2.93e-04  elapsed=0:43:21
[04:37:34][rank0] step= 29500  epoch=4  loss=1.0714  acc_e=93.36%  lr=2.92e-04  elapsed=0:43:49
[04:38:03][rank0] step= 30000  epoch=4  loss=1.0722  acc_e=93.29%  lr=2.92e-04  elapsed=0:44:17
[04:38:03][rank0] --- Validation @ step 30000 ---
[04:39:14][rank0]   val loss=1.0633  loss_e=1.0027  acc_e=93.44%  acc_l=55.12%
[04:39:14][rank0]   New best val loss=1.0633 -> /scratch/yuvraj17/adaptive_tracing_scratch/adaptive_tracer/logs/transformer_multitask_cats9_seq512_382067/model_best.pt
[04:39:14][rank0]   Checkpoint -> /scratch/yuvraj17/adaptive_tracing_scratch/adaptive_tracer/logs/transformer_multitask_cats9_seq512_382067/ckpt_0030000.pt
[04:39:41][rank0] step= 30500  epoch=4  loss=1.0733  acc_e=93.33%  lr=2.92e-04  elapsed=0:45:56
[04:40:10][rank0] step= 31000  epoch=4  loss=1.0732  acc_e=93.33%  lr=2.92e-04  elapsed=0:46:25
[04:40:39][rank0] step= 31500  epoch=4  loss=1.0725  acc_e=93.32%  lr=2.91e-04  elapsed=0:46:53
[04:41:07][rank0] step= 32000  epoch=4  loss=1.0726  acc_e=93.31%  lr=2.91e-04  elapsed=0:47:22
[04:41:07][rank0] --- Validation @ step 32000 ---
[04:42:19][rank0]   val loss=1.0608  loss_e=0.9996  acc_e=93.55%  acc_l=55.19%
[04:42:19][rank0]   New best val loss=1.0608 -> /scratch/yuvraj17/adaptive_tracing_scratch/adaptive_tracer/logs/transformer_multitask_cats9_seq512_382067/model_best.pt
[04:42:46][rank0] step= 32500  epoch=4  loss=1.0736  acc_e=93.33%  lr=2.91e-04  elapsed=0:49:01
[04:43:14][rank0] step= 33000  epoch=4  loss=1.0738  acc_e=93.31%  lr=2.90e-04  elapsed=0:49:29
[04:43:42][rank0] step= 33500  epoch=4  loss=1.0742  acc_e=93.32%  lr=2.90e-04  elapsed=0:49:57
[04:44:10][rank0] step= 34000  epoch=4  loss=1.0740  acc_e=93.33%  lr=2.90e-04  elapsed=0:50:25
[04:44:10][rank0] --- Validation @ step 34000 ---
[04:45:18][rank0]   val loss=1.0582  loss_e=0.9953  acc_e=93.59%  acc_l=55.13%
[04:45:18][rank0]   New best val loss=1.0582 -> /scratch/yuvraj17/adaptive_tracing_scratch/adaptive_tracer/logs/transformer_multitask_cats9_seq512_382067/model_best.pt
[04:45:47][rank0] step= 34500  epoch=4  loss=1.0734  acc_e=93.33%  lr=2.90e-04  elapsed=0:52:02
[04:46:16][rank0] step= 35000  epoch=4  loss=1.0725  acc_e=93.35%  lr=2.89e-04  elapsed=0:52:31
[04:46:44][rank0] step= 35500  epoch=4  loss=1.0728  acc_e=93.35%  lr=2.89e-04  elapsed=0:52:59
[04:47:12][rank0] step= 36000  epoch=4  loss=1.0727  acc_e=93.35%  lr=2.89e-04  elapsed=0:53:27
[04:47:12][rank0] --- Validation @ step 36000 ---
[04:48:24][rank0]   val loss=1.0576  loss_e=0.9955  acc_e=93.62%  acc_l=55.16%
[04:48:24][rank0]   New best val loss=1.0576 -> /scratch/yuvraj17/adaptive_tracing_scratch/adaptive_tracer/logs/transformer_multitask_cats9_seq512_382067/model_best.pt
[04:48:52][rank0] step= 36500  epoch=4  loss=1.0727  acc_e=93.33%  lr=2.88e-04  elapsed=0:55:07
[04:49:20][rank0] step= 37000  epoch=4  loss=1.0729  acc_e=93.34%  lr=2.88e-04  elapsed=0:55:35
[04:49:49][rank0] Epoch   4/30  loss=1.0726  acc_e=93.33%  acc_l=54.17%  elapsed=0:56:03
[04:49:49][rank0] step= 37500  epoch=5  loss=1.0506  acc_e=93.90%  lr=2.88e-04  elapsed=0:56:04
[04:50:17][rank0] step= 38000  epoch=5  loss=1.0674  acc_e=93.64%  lr=2.87e-04  elapsed=0:56:32
[04:50:17][rank0] --- Validation @ step 38000 ---
[04:51:23][rank0]   val loss=1.0555  loss_e=0.9947  acc_e=93.31%  acc_l=55.38%
[04:51:23][rank0]   New best val loss=1.0555 -> /scratch/yuvraj17/adaptive_tracing_scratch/adaptive_tracer/logs/transformer_multitask_cats9_seq512_382067/model_best.pt
[04:51:51][rank0] step= 38500  epoch=5  loss=1.0660  acc_e=93.54%  lr=2.87e-04  elapsed=0:58:05
[04:52:18][rank0] step= 39000  epoch=5  loss=1.0643  acc_e=93.47%  lr=2.87e-04  elapsed=0:58:33
[04:52:46][rank0] step= 39500  epoch=5  loss=1.0656  acc_e=93.44%  lr=2.86e-04  elapsed=0:59:01
[04:53:13][rank0] step= 40000  epoch=5  loss=1.0662  acc_e=93.47%  lr=2.86e-04  elapsed=0:59:28
[04:53:13][rank0] --- Validation @ step 40000 ---
[04:54:19][rank0]   val loss=1.0539  loss_e=0.9925  acc_e=93.66%  acc_l=55.46%
[04:54:20][rank0]   New best val loss=1.0539 -> /scratch/yuvraj17/adaptive_tracing_scratch/adaptive_tracer/logs/transformer_multitask_cats9_seq512_382067/model_best.pt
[04:54:20][rank0]   Checkpoint -> /scratch/yuvraj17/adaptive_tracing_scratch/adaptive_tracer/logs/transformer_multitask_cats9_seq512_382067/ckpt_0040000.pt
[04:54:47][rank0] step= 40500  epoch=5  loss=1.0660  acc_e=93.47%  lr=2.86e-04  elapsed=1:01:02
[04:55:16][rank0] step= 41000  epoch=5  loss=1.0653  acc_e=93.47%  lr=2.85e-04  elapsed=1:01:30
[04:55:44][rank0] step= 41500  epoch=5  loss=1.0661  acc_e=93.46%  lr=2.85e-04  elapsed=1:01:58
[04:56:11][rank0] step= 42000  epoch=5  loss=1.0669  acc_e=93.47%  lr=2.85e-04  elapsed=1:02:26
[04:56:11][rank0] --- Validation @ step 42000 ---
[04:57:23][rank0]   val loss=1.0542  loss_e=0.9930  acc_e=93.65%  acc_l=55.42%
[04:57:23][rank0]   No improvement count: 1/10
[04:57:51][rank0] step= 42500  epoch=5  loss=1.0672  acc_e=93.45%  lr=2.84e-04  elapsed=1:04:06
[04:58:18][rank0] step= 43000  epoch=5  loss=1.0674  acc_e=93.46%  lr=2.84e-04  elapsed=1:04:32
[04:58:45][rank0] step= 43500  epoch=5  loss=1.0671  acc_e=93.47%  lr=2.83e-04  elapsed=1:05:00
[04:59:13][rank0] step= 44000  epoch=5  loss=1.0667  acc_e=93.47%  lr=2.83e-04  elapsed=1:05:28
[04:59:13][rank0] --- Validation @ step 44000 ---
[05:00:19][rank0]   val loss=1.0574  loss_e=1.0006  acc_e=93.59%  acc_l=55.53%
[05:00:19][rank0]   No improvement count: 2/10
[05:00:47][rank0] step= 44500  epoch=5  loss=1.0662  acc_e=93.48%  lr=2.83e-04  elapsed=1:07:02
[05:01:14][rank0] step= 45000  epoch=5  loss=1.0664  acc_e=93.48%  lr=2.82e-04  elapsed=1:07:29
[05:01:43][rank0] step= 45500  epoch=5  loss=1.0663  acc_e=93.47%  lr=2.82e-04  elapsed=1:07:58
[05:02:11][rank0] step= 46000  epoch=5  loss=1.0665  acc_e=93.46%  lr=2.82e-04  elapsed=1:08:26
[05:02:11][rank0] --- Validation @ step 46000 ---
[05:03:20][rank0]   val loss=1.0525  loss_e=0.9930  acc_e=93.65%  acc_l=55.54%
[05:03:20][rank0]   New best val loss=1.0525 -> /scratch/yuvraj17/adaptive_tracing_scratch/adaptive_tracer/logs/transformer_multitask_cats9_seq512_382067/model_best.pt
[05:03:49][rank0] step= 46500  epoch=5  loss=1.0667  acc_e=93.46%  lr=2.81e-04  elapsed=1:10:03
[05:04:10][rank0] Epoch   5/30  loss=1.0665  acc_e=93.46%  acc_l=54.51%  elapsed=1:10:24
[05:04:17][rank0] step= 47000  epoch=6  loss=1.0646  acc_e=93.76%  lr=2.81e-04  elapsed=1:10:32
[05:04:45][rank0] step= 47500  epoch=6  loss=1.0623  acc_e=93.74%  lr=2.80e-04  elapsed=1:11:00
[05:05:14][rank0] step= 48000  epoch=6  loss=1.0597  acc_e=93.64%  lr=2.80e-04  elapsed=1:11:29
[05:05:14][rank0] --- Validation @ step 48000 ---
[05:06:20][rank0]   val loss=1.0539  loss_e=0.9957  acc_e=93.68%  acc_l=55.52%
[05:06:20][rank0]   No improvement count: 1/10
[05:06:49][rank0] step= 48500  epoch=6  loss=1.0599  acc_e=93.55%  lr=2.79e-04  elapsed=1:13:04
[05:07:17][rank0] step= 49000  epoch=6  loss=1.0615  acc_e=93.54%  lr=2.79e-04  elapsed=1:13:32
[05:07:45][rank0] step= 49500  epoch=6  loss=1.0617  acc_e=93.58%  lr=2.79e-04  elapsed=1:14:00
[05:08:14][rank0] step= 50000  epoch=6  loss=1.0611  acc_e=93.56%  lr=2.78e-04  elapsed=1:14:29
[05:08:14][rank0] --- Validation @ step 50000 ---
[05:09:24][rank0]   val loss=1.0539  loss_e=0.9936  acc_e=93.72%  acc_l=55.45%
[05:09:24][rank0]   No improvement count: 2/10
[05:09:24][rank0]   Checkpoint -> /scratch/yuvraj17/adaptive_tracing_scratch/adaptive_tracer/logs/transformer_multitask_cats9_seq512_382067/ckpt_0050000.pt
[05:09:53][rank0] step= 50500  epoch=6  loss=1.0606  acc_e=93.56%  lr=2.78e-04  elapsed=1:16:07
[05:10:20][rank0] step= 51000  epoch=6  loss=1.0618  acc_e=93.56%  lr=2.77e-04  elapsed=1:16:35
[05:10:48][rank0] step= 51500  epoch=6  loss=1.0623  acc_e=93.55%  lr=2.77e-04  elapsed=1:17:03
[05:11:16][rank0] step= 52000  epoch=6  loss=1.0627  acc_e=93.54%  lr=2.76e-04  elapsed=1:17:31
[05:11:16][rank0] --- Validation @ step 52000 ---
[05:12:26][rank0]   val loss=1.0504  loss_e=0.9902  acc_e=93.73%  acc_l=55.59%
[05:12:26][rank0]   New best val loss=1.0504 -> /scratch/yuvraj17/adaptive_tracing_scratch/adaptive_tracer/logs/transformer_multitask_cats9_seq512_382067/model_best.pt
[05:12:54][rank0] step= 52500  epoch=6  loss=1.0629  acc_e=93.56%  lr=2.76e-04  elapsed=1:19:08
[05:13:22][rank0] step= 53000  epoch=6  loss=1.0625  acc_e=93.56%  lr=2.76e-04  elapsed=1:19:37
[05:13:51][rank0] step= 53500  epoch=6  loss=1.0621  acc_e=93.56%  lr=2.75e-04  elapsed=1:20:06
[05:14:20][rank0] step= 54000  epoch=6  loss=1.0621  acc_e=93.56%  lr=2.75e-04  elapsed=1:20:34
[05:14:20][rank0] --- Validation @ step 54000 ---
[05:15:30][rank0]   val loss=1.0530  loss_e=0.9956  acc_e=93.41%  acc_l=55.68%
[05:15:30][rank0]   No improvement count: 1/10
[05:15:56][rank0] step= 54500  epoch=6  loss=1.0621  acc_e=93.57%  lr=2.74e-04  elapsed=1:22:11
[05:16:24][rank0] step= 55000  epoch=6  loss=1.0621  acc_e=93.56%  lr=2.74e-04  elapsed=1:22:39
[05:16:52][rank0] step= 55500  epoch=6  loss=1.0622  acc_e=93.55%  lr=2.73e-04  elapsed=1:23:06
[05:17:19][rank0] step= 56000  epoch=6  loss=1.0624  acc_e=93.55%  lr=2.73e-04  elapsed=1:23:34
[05:17:19][rank0] --- Validation @ step 56000 ---
[05:18:25][rank0]   val loss=1.0507  loss_e=0.9909  acc_e=93.77%  acc_l=55.70%
[05:18:25][rank0]   No improvement count: 2/10
[05:18:39][rank0] Epoch   6/30  loss=1.0623  acc_e=93.55%  acc_l=54.75%  elapsed=1:24:53
[05:18:53][rank0] step= 56500  epoch=7  loss=1.0591  acc_e=93.83%  lr=2.72e-04  elapsed=1:25:08
[05:19:21][rank0] step= 57000  epoch=7  loss=1.0576  acc_e=93.78%  lr=2.72e-04  elapsed=1:25:36
[05:19:50][rank0] step= 57500  epoch=7  loss=1.0561  acc_e=93.68%  lr=2.71e-04  elapsed=1:26:05
[05:20:19][rank0] step= 58000  epoch=7  loss=1.0569  acc_e=93.60%  lr=2.71e-04  elapsed=1:26:34
[05:20:19][rank0] --- Validation @ step 58000 ---
[05:21:30][rank0]   val loss=1.0520  loss_e=0.9948  acc_e=93.65%  acc_l=55.76%
[05:21:30][rank0]   No improvement count: 3/10
[05:21:57][rank0] step= 58500  epoch=7  loss=1.0579  acc_e=93.63%  lr=2.70e-04  elapsed=1:28:12
[05:22:24][rank0] step= 59000  epoch=7  loss=1.0578  acc_e=93.65%  lr=2.70e-04  elapsed=1:28:39
[05:22:52][rank0] step= 59500  epoch=7  loss=1.0576  acc_e=93.62%  lr=2.69e-04  elapsed=1:29:06
[05:23:20][rank0] step= 60000  epoch=7  loss=1.0573  acc_e=93.61%  lr=2.69e-04  elapsed=1:29:34
[05:23:20][rank0] --- Validation @ step 60000 ---
[05:24:31][rank0]   val loss=1.0536  loss_e=1.0001  acc_e=93.65%  acc_l=55.77%
[05:24:31][rank0]   No improvement count: 4/10
[05:24:31][rank0]   Checkpoint -> /scratch/yuvraj17/adaptive_tracing_scratch/adaptive_tracer/logs/transformer_multitask_cats9_seq512_382067/ckpt_0060000.pt
[05:24:58][rank0] step= 60500  epoch=7  loss=1.0586  acc_e=93.63%  lr=2.68e-04  elapsed=1:31:12
[05:25:26][rank0] step= 61000  epoch=7  loss=1.0590  acc_e=93.61%  lr=2.68e-04  elapsed=1:31:41
[05:25:54][rank0] step= 61500  epoch=7  loss=1.0594  acc_e=93.61%  lr=2.67e-04  elapsed=1:32:09
[05:26:22][rank0] step= 62000  epoch=7  loss=1.0596  acc_e=93.62%  lr=2.67e-04  elapsed=1:32:36
[05:26:22][rank0] --- Validation @ step 62000 ---
[05:27:30][rank0]   val loss=1.0484  loss_e=0.9890  acc_e=93.78%  acc_l=55.75%
[05:27:30][rank0]   New best val loss=1.0484 -> /scratch/yuvraj17/adaptive_tracing_scratch/adaptive_tracer/logs/transformer_multitask_cats9_seq512_382067/model_best.pt
[05:27:59][rank0] step= 62500  epoch=7  loss=1.0591  acc_e=93.62%  lr=2.66e-04  elapsed=1:34:14
[05:28:28][rank0] step= 63000  epoch=7  loss=1.0586  acc_e=93.63%  lr=2.66e-04  elapsed=1:34:43
[05:28:56][rank0] step= 63500  epoch=7  loss=1.0589  acc_e=93.63%  lr=2.65e-04  elapsed=1:35:11
[05:29:24][rank0] step= 64000  epoch=7  loss=1.0588  acc_e=93.63%  lr=2.65e-04  elapsed=1:35:39
[05:29:24][rank0] --- Validation @ step 64000 ---
[05:30:35][rank0]   val loss=1.0488  loss_e=0.9907  acc_e=93.75%  acc_l=55.79%
[05:30:35][rank0]   No improvement count: 1/10
[05:31:03][rank0] step= 64500  epoch=7  loss=1.0589  acc_e=93.62%  lr=2.64e-04  elapsed=1:37:18
[05:31:31][rank0] step= 65000  epoch=7  loss=1.0591  acc_e=93.62%  lr=2.64e-04  elapsed=1:37:46
[05:31:59][rank0] step= 65500  epoch=7  loss=1.0591  acc_e=93.61%  lr=2.63e-04  elapsed=1:38:14
[05:32:06][rank0] Epoch   7/30  loss=1.0591  acc_e=93.61%  acc_l=54.93%  elapsed=1:38:20
[05:32:27][rank0] step= 66000  epoch=8  loss=1.0555  acc_e=93.87%  lr=2.63e-04  elapsed=1:38:42
[05:32:27][rank0] --- Validation @ step 66000 ---
[05:33:37][rank0]   val loss=1.0465  loss_e=0.9886  acc_e=93.80%  acc_l=55.93%
[05:33:37][rank0]   New best val loss=1.0465 -> /scratch/yuvraj17/adaptive_tracing_scratch/adaptive_tracer/logs/transformer_multitask_cats9_seq512_382067/model_best.pt
[05:34:05][rank0] step= 66500  epoch=8  loss=1.0549  acc_e=93.80%  lr=2.62e-04  elapsed=1:40:19
[05:34:33][rank0] step= 67000  epoch=8  loss=1.0531  acc_e=93.72%  lr=2.62e-04  elapsed=1:40:48
[05:35:03][rank0] step= 67500  epoch=8  loss=1.0544  acc_e=93.65%  lr=2.61e-04  elapsed=1:41:17
[05:35:30][rank0] step= 68000  epoch=8  loss=1.0553  acc_e=93.69%  lr=2.60e-04  elapsed=1:41:45
[05:35:30][rank0] --- Validation @ step 68000 ---
[05:36:41][rank0]   val loss=1.0468  loss_e=0.9889  acc_e=93.79%  acc_l=55.88%
[05:36:41][rank0]   No improvement count: 1/10
[05:37:09][rank0] step= 68500  epoch=8  loss=1.0552  acc_e=93.69%  lr=2.60e-04  elapsed=1:43:24
[05:37:37][rank0] step= 69000  epoch=8  loss=1.0548  acc_e=93.67%  lr=2.59e-04  elapsed=1:43:52
[05:38:06][rank0] step= 69500  epoch=8  loss=1.0552  acc_e=93.66%  lr=2.59e-04  elapsed=1:44:20
[05:38:33][rank0] step= 70000  epoch=8  loss=1.0561  acc_e=93.69%  lr=2.58e-04  elapsed=1:44:48
[05:38:33][rank0] --- Validation @ step 70000 ---
[05:39:44][rank0]   val loss=1.0458  loss_e=0.9889  acc_e=93.52%  acc_l=55.99%
[05:39:44][rank0]   New best val loss=1.0458 -> /scratch/yuvraj17/adaptive_tracing_scratch/adaptive_tracer/logs/transformer_multitask_cats9_seq512_382067/model_best.pt
[05:39:44][rank0]   Checkpoint -> /scratch/yuvraj17/adaptive_tracing_scratch/adaptive_tracer/logs/transformer_multitask_cats9_seq512_382067/ckpt_0070000.pt
[05:40:12][rank0] step= 70500  epoch=8  loss=1.0563  acc_e=93.66%  lr=2.58e-04  elapsed=1:46:26
[05:40:40][rank0] step= 71000  epoch=8  loss=1.0567  acc_e=93.67%  lr=2.57e-04  elapsed=1:46:54
[05:41:07][rank0] step= 71500  epoch=8  loss=1.0568  acc_e=93.68%  lr=2.56e-04  elapsed=1:47:22
[05:41:35][rank0] step= 72000  epoch=8  loss=1.0564  acc_e=93.67%  lr=2.56e-04  elapsed=1:47:50
[05:41:35][rank0] --- Validation @ step 72000 ---
[05:42:46][rank0]   val loss=1.0501  loss_e=0.9959  acc_e=93.79%  acc_l=55.91%
[05:42:46][rank0]   No improvement count: 1/10
[05:43:15][rank0] step= 72500  epoch=8  loss=1.0557  acc_e=93.68%  lr=2.55e-04  elapsed=1:49:29
[05:43:42][rank0] step= 73000  epoch=8  loss=1.0562  acc_e=93.68%  lr=2.55e-04  elapsed=1:49:57
[05:44:09][rank0] step= 73500  epoch=8  loss=1.0562  acc_e=93.68%  lr=2.54e-04  elapsed=1:50:24
[05:44:37][rank0] step= 74000  epoch=8  loss=1.0564  acc_e=93.66%  lr=2.53e-04  elapsed=1:50:52
[05:44:37][rank0] --- Validation @ step 74000 ---
[05:45:43][rank0]   val loss=1.0468  loss_e=0.9921  acc_e=93.80%  acc_l=55.98%
[05:45:43][rank0]   No improvement count: 2/10
[05:46:11][rank0] step= 74500  epoch=8  loss=1.0566  acc_e=93.66%  lr=2.53e-04  elapsed=1:52:26
[05:46:39][rank0] Epoch   8/30  loss=1.0565  acc_e=93.66%  acc_l=55.09%  elapsed=1:52:54
[05:46:40][rank0] step= 75000  epoch=9  loss=1.0534  acc_e=93.92%  lr=2.52e-04  elapsed=1:52:55
[05:47:08][rank0] step= 75500  epoch=9  loss=1.0530  acc_e=93.92%  lr=2.52e-04  elapsed=1:53:22
[05:47:36][rank0] step= 76000  epoch=9  loss=1.0527  acc_e=93.81%  lr=2.51e-04  elapsed=1:53:51
[05:47:36][rank0] --- Validation @ step 76000 ---
[05:48:46][rank0]   val loss=1.0455  loss_e=0.9895  acc_e=93.83%  acc_l=56.03%
[05:48:46][rank0]   New best val loss=1.0455 -> /scratch/yuvraj17/adaptive_tracing_scratch/adaptive_tracer/logs/transformer_multitask_cats9_seq512_382067/model_best.pt
[05:49:13][rank0] step= 76500  epoch=9  loss=1.0513  acc_e=93.73%  lr=2.50e-04  elapsed=1:55:28
[05:49:41][rank0] step= 77000  epoch=9  loss=1.0527  acc_e=93.70%  lr=2.50e-04  elapsed=1:55:55
[05:50:08][rank0] step= 77500  epoch=9  loss=1.0532  acc_e=93.73%  lr=2.49e-04  elapsed=1:56:23
[05:50:35][rank0] step= 78000  epoch=9  loss=1.0530  acc_e=93.72%  lr=2.49e-04  elapsed=1:56:50
[05:50:35][rank0] --- Validation @ step 78000 ---
[05:51:42][rank0]   val loss=1.0456  loss_e=0.9889  acc_e=93.76%  acc_l=56.00%
[05:51:42][rank0]   No improvement count: 1/10
[05:52:10][rank0] step= 78500  epoch=9  loss=1.0525  acc_e=93.72%  lr=2.48e-04  elapsed=1:58:25
[05:52:38][rank0] step= 79000  epoch=9  loss=1.0534  acc_e=93.72%  lr=2.47e-04  elapsed=1:58:53
[05:53:06][rank0] step= 79500  epoch=9  loss=1.0541  acc_e=93.72%  lr=2.47e-04  elapsed=1:59:21
[05:53:34][rank0] step= 80000  epoch=9  loss=1.0544  acc_e=93.70%  lr=2.46e-04  elapsed=1:59:49
[05:53:34][rank0] --- Validation @ step 80000 ---
[05:54:46][rank0]   val loss=1.0441  loss_e=0.9865  acc_e=93.86%  acc_l=56.04%
[05:54:46][rank0]   New best val loss=1.0441 -> /scratch/yuvraj17/adaptive_tracing_scratch/adaptive_tracer/logs/transformer_multitask_cats9_seq512_382067/model_best.pt
[05:54:46][rank0]   Checkpoint -> /scratch/yuvraj17/adaptive_tracing_scratch/adaptive_tracer/logs/transformer_multitask_cats9_seq512_382067/ckpt_0080000.pt
[05:55:14][rank0] step= 80500  epoch=9  loss=1.0547  acc_e=93.71%  lr=2.45e-04  elapsed=2:01:28
[05:55:42][rank0] step= 81000  epoch=9  loss=1.0545  acc_e=93.72%  lr=2.45e-04  elapsed=2:01:57
[05:56:11][rank0] step= 81500  epoch=9  loss=1.0542  acc_e=93.72%  lr=2.44e-04  elapsed=2:02:26
[05:56:39][rank0] step= 82000  epoch=9  loss=1.0539  acc_e=93.72%  lr=2.44e-04  elapsed=2:02:54
[05:56:39][rank0] --- Validation @ step 82000 ---
[05:57:49][rank0]   val loss=1.0493  loss_e=0.9966  acc_e=93.81%  acc_l=56.08%
[05:57:49][rank0]   No improvement count: 1/10
[05:58:17][rank0] step= 82500  epoch=9  loss=1.0541  acc_e=93.73%  lr=2.43e-04  elapsed=2:04:32
[05:58:45][rank0] step= 83000  epoch=9  loss=1.0541  acc_e=93.72%  lr=2.42e-04  elapsed=2:05:00
[05:59:14][rank0] step= 83500  epoch=9  loss=1.0543  acc_e=93.71%  lr=2.42e-04  elapsed=2:05:28
[05:59:42][rank0] step= 84000  epoch=9  loss=1.0546  acc_e=93.71%  lr=2.41e-04  elapsed=2:05:56
[05:59:42][rank0] --- Validation @ step 84000 ---
[06:00:53][rank0]   val loss=1.0442  loss_e=0.9871  acc_e=93.87%  acc_l=56.05%
[06:00:53][rank0]   No improvement count: 2/10
[06:01:14][rank0] Epoch   9/30  loss=1.0545  acc_e=93.70%  acc_l=55.20%  elapsed=2:07:29
[06:01:21][rank0] step= 84500  epoch=10  loss=1.0533  acc_e=93.95%  lr=2.40e-04  elapsed=2:07:36
[06:01:49][rank0] step= 85000  epoch=10  loss=1.0513  acc_e=93.94%  lr=2.40e-04  elapsed=2:08:04
[06:02:18][rank0] step= 85500  epoch=10  loss=1.0494  acc_e=93.84%  lr=2.39e-04  elapsed=2:08:33
[06:02:47][rank0] step= 86000  epoch=10  loss=1.0497  acc_e=93.76%  lr=2.38e-04  elapsed=2:09:01
[06:02:47][rank0] --- Validation @ step 86000 ---
[06:03:57][rank0]   val loss=1.0450  loss_e=0.9918  acc_e=93.77%  acc_l=56.18%
[06:03:57][rank0]   No improvement count: 3/10
[06:04:25][rank0] step= 86500  epoch=10  loss=1.0511  acc_e=93.75%  lr=2.38e-04  elapsed=2:10:39
[06:04:52][rank0] step= 87000  epoch=10  loss=1.0513  acc_e=93.78%  lr=2.37e-04  elapsed=2:11:07
[06:05:21][rank0] step= 87500  epoch=10  loss=1.0509  acc_e=93.76%  lr=2.36e-04  elapsed=2:11:36
[06:05:50][rank0] step= 88000  epoch=10  loss=1.0504  acc_e=93.76%  lr=2.36e-04  elapsed=2:12:05
[06:05:50][rank0] --- Validation @ step 88000 ---
[06:07:01][rank0]   val loss=1.0512  loss_e=1.0035  acc_e=93.75%  acc_l=56.14%
[06:07:01][rank0]   No improvement count: 4/10
[06:07:28][rank0] step= 88500  epoch=10  loss=1.0516  acc_e=93.76%  lr=2.35e-04  elapsed=2:13:43
[06:07:56][rank0] step= 89000  epoch=10  loss=1.0521  acc_e=93.75%  lr=2.34e-04  elapsed=2:14:11
[06:08:24][rank0] step= 89500  epoch=10  loss=1.0525  acc_e=93.74%  lr=2.34e-04  elapsed=2:14:39
[06:08:52][rank0] step= 90000  epoch=10  loss=1.0528  acc_e=93.76%  lr=2.33e-04  elapsed=2:15:07
[06:08:52][rank0] --- Validation @ step 90000 ---
[06:10:03][rank0]   val loss=1.0423  loss_e=0.9863  acc_e=93.90%  acc_l=56.19%
[06:10:03][rank0]   New best val loss=1.0423 -> /scratch/yuvraj17/adaptive_tracing_scratch/adaptive_tracer/logs/transformer_multitask_cats9_seq512_382067/model_best.pt
[06:10:03][rank0]   Checkpoint -> /scratch/yuvraj17/adaptive_tracing_scratch/adaptive_tracer/logs/transformer_multitask_cats9_seq512_382067/ckpt_0090000.pt
[06:10:31][rank0] step= 90500  epoch=10  loss=1.0525  acc_e=93.76%  lr=2.32e-04  elapsed=2:16:45
[06:10:58][rank0] step= 91000  epoch=10  loss=1.0521  acc_e=93.76%  lr=2.32e-04  elapsed=2:17:13
[06:11:26][rank0] step= 91500  epoch=10  loss=1.0522  acc_e=93.76%  lr=2.31e-04  elapsed=2:17:41
[06:11:54][rank0] step= 92000  epoch=10  loss=1.0522  acc_e=93.76%  lr=2.30e-04  elapsed=2:18:08
[06:11:54][rank0] --- Validation @ step 92000 ---
[06:13:04][rank0]   val loss=1.0434  loss_e=0.9868  acc_e=93.87%  acc_l=56.07%
[06:13:04][rank0]   No improvement count: 1/10
[06:13:32][rank0] step= 92500  epoch=10  loss=1.0523  acc_e=93.75%  lr=2.29e-04  elapsed=2:19:47
[06:14:00][rank0] step= 93000  epoch=10  loss=1.0524  acc_e=93.74%  lr=2.29e-04  elapsed=2:20:14
[06:14:27][rank0] step= 93500  epoch=10  loss=1.0527  acc_e=93.74%  lr=2.28e-04  elapsed=2:20:42
[06:14:40][rank0] Epoch  10/30  loss=1.0526  acc_e=93.74%  acc_l=55.31%  elapsed=2:20:55
[06:14:54][rank0] step= 94000  epoch=11  loss=1.0499  acc_e=94.00%  lr=2.27e-04  elapsed=2:21:09
[06:14:54][rank0] --- Validation @ step 94000 ---
[06:16:02][rank0]   val loss=1.0419  loss_e=0.9868  acc_e=93.84%  acc_l=56.24%
[06:16:02][rank0]   New best val loss=1.0419 -> /scratch/yuvraj17/adaptive_tracing_scratch/adaptive_tracer/logs/transformer_multitask_cats9_seq512_382067/model_best.pt
[06:16:28][rank0] step= 94500  epoch=11  loss=1.0488  acc_e=93.95%  lr=2.27e-04  elapsed=2:22:43
[06:16:56][rank0] step= 95000  epoch=11  loss=1.0475  acc_e=93.85%  lr=2.26e-04  elapsed=2:23:11
[06:17:24][rank0] step= 95500  epoch=11  loss=1.0484  acc_e=93.77%  lr=2.25e-04  elapsed=2:23:39
[06:17:51][rank0] step= 96000  epoch=11  loss=1.0494  acc_e=93.80%  lr=2.25e-04  elapsed=2:24:05
[06:17:51][rank0] --- Validation @ step 96000 ---
[06:18:57][rank0]   val loss=1.0405  loss_e=0.9857  acc_e=93.90%  acc_l=56.31%
[06:18:57][rank0]   New best val loss=1.0405 -> /scratch/yuvraj17/adaptive_tracing_scratch/adaptive_tracer/logs/transformer_multitask_cats9_seq512_382067/model_best.pt
[06:19:24][rank0] step= 96500  epoch=11  loss=1.0493  acc_e=93.82%  lr=2.24e-04  elapsed=2:25:39
[06:19:51][rank0] step= 97000  epoch=11  loss=1.0492  acc_e=93.79%  lr=2.23e-04  elapsed=2:26:06
[06:20:19][rank0] step= 97500  epoch=11  loss=1.0490  acc_e=93.78%  lr=2.22e-04  elapsed=2:26:34
[06:20:45][rank0] step= 98000  epoch=11  loss=1.0501  acc_e=93.80%  lr=2.22e-04  elapsed=2:27:00
[06:20:45][rank0] --- Validation @ step 98000 ---
[06:21:52][rank0]   val loss=1.0419  loss_e=0.9866  acc_e=93.86%  acc_l=56.17%
[06:21:52][rank0]   No improvement count: 1/10
[06:22:19][rank0] step= 98500  epoch=11  loss=1.0506  acc_e=93.78%  lr=2.21e-04  elapsed=2:28:34
[06:22:47][rank0] step= 99000  epoch=11  loss=1.0509  acc_e=93.78%  lr=2.20e-04  elapsed=2:29:01
[06:23:14][rank0] step= 99500  epoch=11  loss=1.0511  acc_e=93.79%  lr=2.20e-04  elapsed=2:29:29
[06:23:43][rank0] step=100000  epoch=11  loss=1.0508  acc_e=93.79%  lr=2.19e-04  elapsed=2:29:58
[06:23:43][rank0] --- Validation @ step 100000 ---
[06:24:54][rank0]   val loss=1.0432  loss_e=0.9912  acc_e=93.90%  acc_l=56.29%
[06:24:54][rank0]   No improvement count: 2/10
[06:24:54][rank0]   Checkpoint -> /scratch/yuvraj17/adaptive_tracing_scratch/adaptive_tracer/logs/transformer_multitask_cats9_seq512_382067/ckpt_0100000.pt
[06:25:23][rank0] step=100500  epoch=11  loss=1.0503  acc_e=93.79%  lr=2.18e-04  elapsed=2:31:38
[06:25:51][rank0] step=101000  epoch=11  loss=1.0506  acc_e=93.79%  lr=2.17e-04  elapsed=2:32:06
[06:26:19][rank0] step=101500  epoch=11  loss=1.0506  acc_e=93.79%  lr=2.17e-04  elapsed=2:32:34
[06:26:48][rank0] step=102000  epoch=11  loss=1.0507  acc_e=93.78%  lr=2.16e-04  elapsed=2:33:02
[06:26:48][rank0] --- Validation @ step 102000 ---
[06:27:57][rank0]   val loss=1.0440  loss_e=0.9897  acc_e=93.86%  acc_l=56.14%
[06:27:57][rank0]   No improvement count: 3/10
[06:28:25][rank0] step=102500  epoch=11  loss=1.0509  acc_e=93.78%  lr=2.15e-04  elapsed=2:34:40
[06:28:53][rank0] step=103000  epoch=11  loss=1.0510  acc_e=93.77%  lr=2.14e-04  elapsed=2:35:08
[06:28:59][rank0] Epoch  11/30  loss=1.0509  acc_e=93.77%  acc_l=55.40%  elapsed=2:35:14
[06:29:21][rank0] step=103500  epoch=12  loss=1.0476  acc_e=94.03%  lr=2.14e-04  elapsed=2:35:35
[06:29:48][rank0] step=104000  epoch=12  loss=1.0474  acc_e=93.94%  lr=2.13e-04  elapsed=2:36:03
[06:29:48][rank0] --- Validation @ step 104000 ---
[06:30:54][rank0]   val loss=1.0416  loss_e=0.9867  acc_e=93.90%  acc_l=56.23%
[06:30:54][rank0]   No improvement count: 4/10
[06:31:23][rank0] step=104500  epoch=12  loss=1.0458  acc_e=93.86%  lr=2.12e-04  elapsed=2:37:38
[06:31:52][rank0] step=105000  epoch=12  loss=1.0472  acc_e=93.79%  lr=2.11e-04  elapsed=2:38:07
[06:32:20][rank0] step=105500  epoch=12  loss=1.0481  acc_e=93.83%  lr=2.11e-04  elapsed=2:38:35
[06:32:48][rank0] step=106000  epoch=12  loss=1.0479  acc_e=93.83%  lr=2.10e-04  elapsed=2:39:03
[06:32:48][rank0] --- Validation @ step 106000 ---
[06:33:57][rank0]   val loss=1.0412  loss_e=0.9861  acc_e=93.84%  acc_l=56.26%
[06:33:57][rank0]   No improvement count: 5/10
[06:34:26][rank0] step=106500  epoch=12  loss=1.0477  acc_e=93.81%  lr=2.09e-04  elapsed=2:40:41
[06:34:54][rank0] step=107000  epoch=12  loss=1.0481  acc_e=93.80%  lr=2.08e-04  elapsed=2:41:09
[06:35:22][rank0] step=107500  epoch=12  loss=1.0489  acc_e=93.82%  lr=2.08e-04  elapsed=2:41:37
[06:35:50][rank0] step=108000  epoch=12  loss=1.0492  acc_e=93.80%  lr=2.07e-04  elapsed=2:42:05
[06:35:50][rank0] --- Validation @ step 108000 ---
[06:37:02][rank0]   val loss=1.0413  loss_e=0.9857  acc_e=93.85%  acc_l=56.24%
[06:37:02][rank0]   No improvement count: 6/10
[06:37:29][rank0] step=108500  epoch=12  loss=1.0495  acc_e=93.81%  lr=2.06e-04  elapsed=2:43:44
[06:37:56][rank0] step=109000  epoch=12  loss=1.0496  acc_e=93.82%  lr=2.05e-04  elapsed=2:44:11
[06:38:24][rank0] step=109500  epoch=12  loss=1.0493  acc_e=93.81%  lr=2.05e-04  elapsed=2:44:39
[06:38:52][rank0] step=110000  epoch=12  loss=1.0487  acc_e=93.82%  lr=2.04e-04  elapsed=2:45:07
[06:38:52][rank0] --- Validation @ step 110000 ---
[06:39:59][rank0]   val loss=1.0500  loss_e=1.0032  acc_e=93.76%  acc_l=56.28%
[06:39:59][rank0]   No improvement count: 7/10
[06:39:59][rank0]   Checkpoint -> /scratch/yuvraj17/adaptive_tracing_scratch/adaptive_tracer/logs/transformer_multitask_cats9_seq512_382067/ckpt_0110000.pt
[06:40:26][rank0] step=110500  epoch=12  loss=1.0491  acc_e=93.82%  lr=2.03e-04  elapsed=2:46:40
[06:40:53][rank0] step=111000  epoch=12  loss=1.0491  acc_e=93.82%  lr=2.02e-04  elapsed=2:47:08
[06:41:21][rank0] step=111500  epoch=12  loss=1.0493  acc_e=93.80%  lr=2.02e-04  elapsed=2:47:35
[06:41:47][rank0] step=112000  epoch=12  loss=1.0496  acc_e=93.80%  lr=2.01e-04  elapsed=2:48:02
[06:41:47][rank0] --- Validation @ step 112000 ---
[06:42:54][rank0]   val loss=1.0398  loss_e=0.9854  acc_e=93.88%  acc_l=56.32%
[06:42:54][rank0]   New best val loss=1.0398 -> /scratch/yuvraj17/adaptive_tracing_scratch/adaptive_tracer/logs/transformer_multitask_cats9_seq512_382067/model_best.pt
[06:43:22][rank0] Epoch  12/30  loss=1.0495  acc_e=93.80%  acc_l=55.49%  elapsed=2:49:37
[06:43:23][rank0] step=112500  epoch=13  loss=1.0432  acc_e=94.07%  lr=2.00e-04  elapsed=2:49:38
[06:43:51][rank0] step=113000  epoch=13  loss=1.0465  acc_e=94.04%  lr=1.99e-04  elapsed=2:50:06
[06:44:19][rank0] step=113500  epoch=13  loss=1.0461  acc_e=93.93%  lr=1.99e-04  elapsed=2:50:34
[06:44:47][rank0] step=114000  epoch=13  loss=1.0449  acc_e=93.86%  lr=1.98e-04  elapsed=2:51:02
[06:44:47][rank0] --- Validation @ step 114000 ---
[06:45:59][rank0]   val loss=1.0424  loss_e=0.9905  acc_e=93.74%  acc_l=56.36%
[06:45:59][rank0]   No improvement count: 1/10
[06:46:27][rank0] step=114500  epoch=13  loss=1.0463  acc_e=93.83%  lr=1.97e-04  elapsed=2:52:42
[06:46:55][rank0] step=115000  epoch=13  loss=1.0467  acc_e=93.86%  lr=1.96e-04  elapsed=2:53:10
[06:47:24][rank0] step=115500  epoch=13  loss=1.0466  acc_e=93.85%  lr=1.95e-04  elapsed=2:53:39
[06:47:53][rank0] step=116000  epoch=13  loss=1.0462  acc_e=93.84%  lr=1.95e-04  elapsed=2:54:07
[06:47:53][rank0] --- Validation @ step 116000 ---
[06:49:04][rank0]   val loss=1.0458  loss_e=0.9972  acc_e=93.90%  acc_l=56.37%
[06:49:04][rank0]   No improvement count: 2/10
[06:49:32][rank0] step=116500  epoch=13  loss=1.0470  acc_e=93.84%  lr=1.94e-04  elapsed=2:55:46
[06:49:59][rank0] step=117000  epoch=13  loss=1.0477  acc_e=93.84%  lr=1.93e-04  elapsed=2:56:14
[06:50:28][rank0] step=117500  epoch=13  loss=1.0480  acc_e=93.83%  lr=1.92e-04  elapsed=2:56:43
[06:50:55][rank0] step=118000  epoch=13  loss=1.0483  acc_e=93.84%  lr=1.92e-04  elapsed=2:57:10
[06:50:55][rank0] --- Validation @ step 118000 ---
[06:52:05][rank0]   val loss=1.0383  loss_e=0.9847  acc_e=93.85%  acc_l=56.43%
[06:52:05][rank0]   New best val loss=1.0383 -> /scratch/yuvraj17/adaptive_tracing_scratch/adaptive_tracer/logs/transformer_multitask_cats9_seq512_382067/model_best.pt
[06:52:33][rank0] step=118500  epoch=13  loss=1.0481  acc_e=93.84%  lr=1.91e-04  elapsed=2:58:48
[06:53:02][rank0] step=119000  epoch=13  loss=1.0479  acc_e=93.84%  lr=1.90e-04  elapsed=2:59:17
[06:53:31][rank0] step=119500  epoch=13  loss=1.0475  acc_e=93.84%  lr=1.89e-04  elapsed=2:59:45
[06:53:58][rank0] step=120000  epoch=13  loss=1.0477  acc_e=93.85%  lr=1.88e-04  elapsed=3:00:13
[06:53:58][rank0] --- Validation @ step 120000 ---
[06:55:09][rank0]   val loss=1.0387  loss_e=0.9845  acc_e=93.96%  acc_l=56.42%
[06:55:09][rank0]   No improvement count: 1/10
[06:55:09][rank0]   Checkpoint -> /scratch/yuvraj17/adaptive_tracing_scratch/adaptive_tracer/logs/transformer_multitask_cats9_seq512_382067/ckpt_0120000.pt
[06:55:38][rank0] step=120500  epoch=13  loss=1.0478  acc_e=93.84%  lr=1.88e-04  elapsed=3:01:52
[06:56:06][rank0] step=121000  epoch=13  loss=1.0480  acc_e=93.83%  lr=1.87e-04  elapsed=3:02:21
[06:56:34][rank0] step=121500  epoch=13  loss=1.0483  acc_e=93.83%  lr=1.86e-04  elapsed=3:02:49
[06:56:55][rank0] Epoch  13/30  loss=1.0482  acc_e=93.82%  acc_l=55.57%  elapsed=3:03:09
[06:57:02][rank0] step=122000  epoch=14  loss=1.0461  acc_e=94.08%  lr=1.85e-04  elapsed=3:03:17
[06:57:02][rank0] --- Validation @ step 122000 ---
[06:58:10][rank0]   val loss=1.0390  loss_e=0.9855  acc_e=93.64%  acc_l=56.46%
[06:58:10][rank0]   No improvement count: 2/10
[06:58:37][rank0] step=122500  epoch=14  loss=1.0452  acc_e=94.06%  lr=1.84e-04  elapsed=3:04:52
[06:59:06][rank0] step=123000  epoch=14  loss=1.0436  acc_e=93.95%  lr=1.84e-04  elapsed=3:05:21
[06:59:35][rank0] step=123500  epoch=14  loss=1.0441  acc_e=93.86%  lr=1.83e-04  elapsed=3:05:50
[07:00:03][rank0] step=124000  epoch=14  loss=1.0454  acc_e=93.86%  lr=1.82e-04  elapsed=3:06:18
[07:00:03][rank0] --- Validation @ step 124000 ---
[07:01:14][rank0]   val loss=1.0384  loss_e=0.9858  acc_e=93.87%  acc_l=56.50%
[07:01:14][rank0]   No improvement count: 3/10
[07:01:42][rank0] step=124500  epoch=14  loss=1.0456  acc_e=93.89%  lr=1.81e-04  elapsed=3:07:57
[07:02:11][rank0] step=125000  epoch=14  loss=1.0452  acc_e=93.87%  lr=1.80e-04  elapsed=3:08:25
[07:02:39][rank0] step=125500  epoch=14  loss=1.0449  acc_e=93.86%  lr=1.80e-04  elapsed=3:08:54
[07:03:07][rank0] step=126000  epoch=14  loss=1.0459  acc_e=93.87%  lr=1.79e-04  elapsed=3:09:21
[07:03:07][rank0] --- Validation @ step 126000 ---
[07:04:16][rank0]   val loss=1.0394  loss_e=0.9864  acc_e=93.55%  acc_l=56.42%
[07:04:16][rank0]   No improvement count: 4/10
[07:04:44][rank0] step=126500  epoch=14  loss=1.0465  acc_e=93.86%  lr=1.78e-04  elapsed=3:10:59
[07:05:12][rank0] step=127000  epoch=14  loss=1.0469  acc_e=93.85%  lr=1.77e-04  elapsed=3:11:27
[07:05:39][rank0] step=127500  epoch=14  loss=1.0471  acc_e=93.87%  lr=1.76e-04  elapsed=3:11:54
[07:06:08][rank0] step=128000  epoch=14  loss=1.0468  acc_e=93.86%  lr=1.76e-04  elapsed=3:12:23
[07:06:08][rank0] --- Validation @ step 128000 ---
[07:07:19][rank0]   val loss=1.0404  loss_e=0.9887  acc_e=93.90%  acc_l=56.48%
[07:07:19][rank0]   No improvement count: 5/10
[07:07:48][rank0] step=128500  epoch=14  loss=1.0465  acc_e=93.86%  lr=1.75e-04  elapsed=3:14:02
[07:08:16][rank0] step=129000  epoch=14  loss=1.0466  acc_e=93.86%  lr=1.74e-04  elapsed=3:14:31
[07:08:44][rank0] step=129500  epoch=14  loss=1.0466  acc_e=93.87%  lr=1.73e-04  elapsed=3:14:59
[07:09:13][rank0] step=130000  epoch=14  loss=1.0467  acc_e=93.86%  lr=1.72e-04  elapsed=3:15:28
[07:09:13][rank0] --- Validation @ step 130000 ---
[07:10:24][rank0]   val loss=1.0390  loss_e=0.9866  acc_e=93.92%  acc_l=56.46%
[07:10:24][rank0]   No improvement count: 6/10
[07:10:24][rank0]   Checkpoint -> /scratch/yuvraj17/adaptive_tracing_scratch/adaptive_tracer/logs/transformer_multitask_cats9_seq512_382067/ckpt_0130000.pt
[07:10:52][rank0] step=130500  epoch=14  loss=1.0468  acc_e=93.85%  lr=1.72e-04  elapsed=3:17:07
[07:11:20][rank0] step=131000  epoch=14  loss=1.0471  acc_e=93.85%  lr=1.71e-04  elapsed=3:17:35
[07:11:33][rank0] Epoch  14/30  loss=1.0470  acc_e=93.84%  acc_l=55.63%  elapsed=3:17:48
[07:11:48][rank0] step=131500  epoch=15  loss=1.0437  acc_e=94.12%  lr=1.70e-04  elapsed=3:18:03
[07:12:16][rank0] step=132000  epoch=15  loss=1.0433  acc_e=94.05%  lr=1.69e-04  elapsed=3:18:31
[07:12:16][rank0] --- Validation @ step 132000 ---
[07:13:28][rank0]   val loss=1.0384  loss_e=0.9845  acc_e=93.90%  acc_l=56.48%
[07:13:28][rank0]   No improvement count: 7/10
[07:13:56][rank0] step=132500  epoch=15  loss=1.0422  acc_e=93.95%  lr=1.68e-04  elapsed=3:20:11
[07:14:25][rank0] step=133000  epoch=15  loss=1.0432  acc_e=93.88%  lr=1.68e-04  elapsed=3:20:40
[07:14:53][rank0] step=133500  epoch=15  loss=1.0442  acc_e=93.90%  lr=1.67e-04  elapsed=3:21:08
[07:15:21][rank0] step=134000  epoch=15  loss=1.0441  acc_e=93.91%  lr=1.66e-04  elapsed=3:21:36
[07:15:21][rank0] --- Validation @ step 134000 ---
[07:16:33][rank0]   val loss=1.0382  loss_e=0.9841  acc_e=93.88%  acc_l=56.46%
[07:16:33][rank0]   New best val loss=1.0382 -> /scratch/yuvraj17/adaptive_tracing_scratch/adaptive_tracer/logs/transformer_multitask_cats9_seq512_382067/model_best.pt
[07:17:02][rank0] step=134500  epoch=15  loss=1.0440  acc_e=93.89%  lr=1.65e-04  elapsed=3:23:16
[07:17:30][rank0] step=135000  epoch=15  loss=1.0439  acc_e=93.87%  lr=1.64e-04  elapsed=3:23:45
[07:17:58][rank0] step=135500  epoch=15  loss=1.0450  acc_e=93.89%  lr=1.64e-04  elapsed=3:24:12
[07:18:26][rank0] step=136000  epoch=15  loss=1.0454  acc_e=93.87%  lr=1.63e-04  elapsed=3:24:41
[07:18:26][rank0] --- Validation @ step 136000 ---
[07:19:36][rank0]   val loss=1.0375  loss_e=0.9854  acc_e=93.92%  acc_l=56.53%
[07:19:36][rank0]   New best val loss=1.0375 -> /scratch/yuvraj17/adaptive_tracing_scratch/adaptive_tracer/logs/transformer_multitask_cats9_seq512_382067/model_best.pt
[07:20:03][rank0] step=136500  epoch=15  loss=1.0457  acc_e=93.88%  lr=1.62e-04  elapsed=3:26:17
[07:20:29][rank0] step=137000  epoch=15  loss=1.0460  acc_e=93.89%  lr=1.61e-04  elapsed=3:26:44
[07:20:57][rank0] step=137500  epoch=15  loss=1.0456  acc_e=93.88%  lr=1.60e-04  elapsed=3:27:12
[07:21:25][rank0] step=138000  epoch=15  loss=1.0452  acc_e=93.89%  lr=1.60e-04  elapsed=3:27:40
[07:21:25][rank0] --- Validation @ step 138000 ---
[07:22:32][rank0]   val loss=1.0434  loss_e=0.9948  acc_e=93.82%  acc_l=56.46%
[07:22:32][rank0]   No improvement count: 1/10
[07:23:00][rank0] step=138500  epoch=15  loss=1.0455  acc_e=93.89%  lr=1.59e-04  elapsed=3:29:14
[07:23:28][rank0] step=139000  epoch=15  loss=1.0455  acc_e=93.89%  lr=1.58e-04  elapsed=3:29:42
[07:23:56][rank0] step=139500  epoch=15  loss=1.0456  acc_e=93.88%  lr=1.57e-04  elapsed=3:30:11
[07:24:24][rank0] step=140000  epoch=15  loss=1.0458  acc_e=93.87%  lr=1.56e-04  elapsed=3:30:39
[07:24:24][rank0] --- Validation @ step 140000 ---
[07:25:35][rank0]   val loss=1.0371  loss_e=0.9844  acc_e=93.91%  acc_l=56.57%
[07:25:35][rank0]   New best val loss=1.0371 -> /scratch/yuvraj17/adaptive_tracing_scratch/adaptive_tracer/logs/transformer_multitask_cats9_seq512_382067/model_best.pt
[07:25:35][rank0]   Checkpoint -> /scratch/yuvraj17/adaptive_tracing_scratch/adaptive_tracer/logs/transformer_multitask_cats9_seq512_382067/ckpt_0140000.pt
[07:26:03][rank0] step=140500  epoch=15  loss=1.0459  acc_e=93.87%  lr=1.56e-04  elapsed=3:32:18
[07:26:09][rank0] Epoch  15/30  loss=1.0459  acc_e=93.87%  acc_l=55.70%  elapsed=3:32:23
[07:26:30][rank0] step=141000  epoch=16  loss=1.0427  acc_e=94.11%  lr=1.55e-04  elapsed=3:32:45
[07:26:57][rank0] step=141500  epoch=16  loss=1.0425  acc_e=94.04%  lr=1.54e-04  elapsed=3:33:12
[07:27:25][rank0] step=142000  epoch=16  loss=1.0411  acc_e=93.95%  lr=1.53e-04  elapsed=3:33:40
[07:27:25][rank0] --- Validation @ step 142000 ---
[07:28:31][rank0]   val loss=1.0404  loss_e=0.9888  acc_e=93.79%  acc_l=56.45%
[07:28:31][rank0]   No improvement count: 1/10
[07:29:00][rank0] step=142500  epoch=16  loss=1.0425  acc_e=93.89%  lr=1.52e-04  elapsed=3:35:15
[07:29:28][rank0] step=143000  epoch=16  loss=1.0434  acc_e=93.92%  lr=1.52e-04  elapsed=3:35:43
[07:29:56][rank0] step=143500  epoch=16  loss=1.0432  acc_e=93.92%  lr=1.51e-04  elapsed=3:36:11
[07:30:25][rank0] step=144000  epoch=16  loss=1.0430  acc_e=93.90%  lr=1.50e-04  elapsed=3:36:39
[07:30:25][rank0] --- Validation @ step 144000 ---
[07:31:36][rank0]   val loss=1.0394  loss_e=0.9889  acc_e=93.92%  acc_l=56.53%
[07:31:36][rank0]   No improvement count: 2/10
[07:32:03][rank0] step=144500  epoch=16  loss=1.0434  acc_e=93.89%  lr=1.49e-04  elapsed=3:38:18
[07:32:31][rank0] step=145000  epoch=16  loss=1.0442  acc_e=93.92%  lr=1.48e-04  elapsed=3:38:46
[07:32:59][rank0] step=145500  epoch=16  loss=1.0444  acc_e=93.89%  lr=1.48e-04  elapsed=3:39:14
[07:33:27][rank0] step=146000  epoch=16  loss=1.0448  acc_e=93.90%  lr=1.47e-04  elapsed=3:39:41
[07:33:27][rank0] --- Validation @ step 146000 ---
[07:34:37][rank0]   val loss=1.0364  loss_e=0.9831  acc_e=93.92%  acc_l=56.53%
[07:34:37][rank0]   New best val loss=1.0364 -> /scratch/yuvraj17/adaptive_tracing_scratch/adaptive_tracer/logs/transformer_multitask_cats9_seq512_382067/model_best.pt
[07:35:05][rank0] step=146500  epoch=16  loss=1.0449  acc_e=93.91%  lr=1.46e-04  elapsed=3:41:20
[07:35:33][rank0] step=147000  epoch=16  loss=1.0446  acc_e=93.90%  lr=1.45e-04  elapsed=3:41:48
[07:36:01][rank0] step=147500  epoch=16  loss=1.0440  acc_e=93.91%  lr=1.44e-04  elapsed=3:42:16
[07:36:29][rank0] step=148000  epoch=16  loss=1.0444  acc_e=93.91%  lr=1.43e-04  elapsed=3:42:43
[07:36:29][rank0] --- Validation @ step 148000 ---
[07:37:39][rank0]   val loss=1.0374  loss_e=0.9851  acc_e=93.84%  acc_l=56.55%
[07:37:39][rank0]   No improvement count: 1/10
[07:38:08][rank0] step=148500  epoch=16  loss=1.0444  acc_e=93.91%  lr=1.43e-04  elapsed=3:44:22
[07:38:36][rank0] step=149000  epoch=16  loss=1.0447  acc_e=93.89%  lr=1.42e-04  elapsed=3:44:51
[07:39:04][rank0] step=149500  epoch=16  loss=1.0449  acc_e=93.89%  lr=1.41e-04  elapsed=3:45:19
[07:39:31][rank0] Epoch  16/30  loss=1.0449  acc_e=93.88%  acc_l=55.76%  elapsed=3:45:46
[07:39:33][rank0] step=150000  epoch=17  loss=1.0409  acc_e=94.31%  lr=1.40e-04  elapsed=3:45:47
[07:39:33][rank0] --- Validation @ step 150000 ---
[07:40:39][rank0]   val loss=1.0386  loss_e=0.9871  acc_e=93.92%  acc_l=56.55%
[07:40:39][rank0]   No improvement count: 2/10
[07:40:39][rank0]   Checkpoint -> /scratch/yuvraj17/adaptive_tracing_scratch/adaptive_tracer/logs/transformer_multitask_cats9_seq512_382067/ckpt_0150000.pt
[07:41:06][rank0] step=150500  epoch=17  loss=1.0419  acc_e=94.12%  lr=1.39e-04  elapsed=3:47:21
[07:41:34][rank0] step=151000  epoch=17  loss=1.0417  acc_e=94.01%  lr=1.39e-04  elapsed=3:47:49
[07:42:02][rank0] step=151500  epoch=17  loss=1.0405  acc_e=93.94%  lr=1.38e-04  elapsed=3:48:17
[07:42:30][rank0] step=152000  epoch=17  loss=1.0419  acc_e=93.91%  lr=1.37e-04  elapsed=3:48:45
[07:42:30][rank0] --- Validation @ step 152000 ---
[07:43:40][rank0]   val loss=1.0373  loss_e=0.9856  acc_e=93.95%  acc_l=56.58%
[07:43:40][rank0]   No improvement count: 3/10
[07:44:08][rank0] step=152500  epoch=17  loss=1.0423  acc_e=93.94%  lr=1.36e-04  elapsed=3:50:22
[07:44:36][rank0] step=153000  epoch=17  loss=1.0422  acc_e=93.93%  lr=1.35e-04  elapsed=3:50:51
[07:45:05][rank0] step=153500  epoch=17  loss=1.0418  acc_e=93.92%  lr=1.35e-04  elapsed=3:51:19
[07:45:32][rank0] step=154000  epoch=17  loss=1.0426  acc_e=93.92%  lr=1.34e-04  elapsed=3:51:47
[07:45:32][rank0] --- Validation @ step 154000 ---
[07:46:44][rank0]   val loss=1.0371  loss_e=0.9861  acc_e=93.66%  acc_l=56.61%
[07:46:44][rank0]   No improvement count: 4/10
[07:47:11][rank0] step=154500  epoch=17  loss=1.0433  acc_e=93.93%  lr=1.33e-04  elapsed=3:53:26
[07:47:40][rank0] step=155000  epoch=17  loss=1.0436  acc_e=93.91%  lr=1.32e-04  elapsed=3:53:55
[07:48:07][rank0] step=155500  epoch=17  loss=1.0438  acc_e=93.92%  lr=1.32e-04  elapsed=3:54:22
[07:48:35][rank0] step=156000  epoch=17  loss=1.0437  acc_e=93.92%  lr=1.31e-04  elapsed=3:54:50
[07:48:35][rank0] --- Validation @ step 156000 ---
[07:49:44][rank0]   val loss=1.0374  loss_e=0.9865  acc_e=93.81%  acc_l=56.62%
[07:49:44][rank0]   No improvement count: 5/10
[07:50:11][rank0] step=156500  epoch=17  loss=1.0435  acc_e=93.92%  lr=1.30e-04  elapsed=3:56:26
[07:50:39][rank0] step=157000  epoch=17  loss=1.0432  acc_e=93.92%  lr=1.29e-04  elapsed=3:56:54
[07:51:07][rank0] step=157500  epoch=17  loss=1.0434  acc_e=93.93%  lr=1.28e-04  elapsed=3:57:21
[07:51:35][rank0] step=158000  epoch=17  loss=1.0435  acc_e=93.92%  lr=1.28e-04  elapsed=3:57:50
[07:51:35][rank0] --- Validation @ step 158000 ---
[07:52:46][rank0]   val loss=1.0372  loss_e=0.9853  acc_e=93.93%  acc_l=56.50%
[07:52:46][rank0]   No improvement count: 6/10
[07:53:14][rank0] step=158500  epoch=17  loss=1.0436  acc_e=93.91%  lr=1.27e-04  elapsed=3:59:29
[07:53:42][rank0] step=159000  epoch=17  loss=1.0440  acc_e=93.91%  lr=1.26e-04  elapsed=3:59:57
[07:54:02][rank0] Epoch  17/30  loss=1.0438  acc_e=93.90%  acc_l=55.82%  elapsed=4:00:17
[07:54:10][rank0] step=159500  epoch=18  loss=1.0418  acc_e=94.16%  lr=1.25e-04  elapsed=4:00:25
[07:54:37][rank0] step=160000  epoch=18  loss=1.0411  acc_e=94.13%  lr=1.24e-04  elapsed=4:00:52
[07:54:37][rank0] --- Validation @ step 160000 ---
[07:55:47][rank0]   val loss=1.0368  loss_e=0.9834  acc_e=93.96%  acc_l=56.57%
[07:55:47][rank0]   No improvement count: 7/10
[07:55:47][rank0]   Checkpoint -> /scratch/yuvraj17/adaptive_tracing_scratch/adaptive_tracer/logs/transformer_multitask_cats9_seq512_382067/ckpt_0160000.pt
[07:56:15][rank0] step=160500  epoch=18  loss=1.0397  acc_e=94.02%  lr=1.24e-04  elapsed=4:02:30
[07:56:43][rank0] step=161000  epoch=18  loss=1.0401  acc_e=93.94%  lr=1.23e-04  elapsed=4:02:57
[07:57:10][rank0] step=161500  epoch=18  loss=1.0414  acc_e=93.93%  lr=1.22e-04  elapsed=4:03:24
[07:57:36][rank0] step=162000  epoch=18  loss=1.0416  acc_e=93.97%  lr=1.21e-04  elapsed=4:03:51
[07:57:36][rank0] --- Validation @ step 162000 ---
[07:58:48][rank0]   val loss=1.0348  loss_e=0.9830  acc_e=93.90%  acc_l=56.68%
[07:58:48][rank0]   New best val loss=1.0348 -> /scratch/yuvraj17/adaptive_tracing_scratch/adaptive_tracer/logs/transformer_multitask_cats9_seq512_382067/model_best.pt
[07:59:17][rank0] step=162500  epoch=18  loss=1.0412  acc_e=93.94%  lr=1.21e-04  elapsed=4:05:32
[07:59:45][rank0] step=163000  epoch=18  loss=1.0409  acc_e=93.93%  lr=1.20e-04  elapsed=4:06:00
[08:00:13][rank0] step=163500  epoch=18  loss=1.0419  acc_e=93.95%  lr=1.19e-04  elapsed=4:06:27
[08:00:41][rank0] step=164000  epoch=18  loss=1.0424  acc_e=93.94%  lr=1.18e-04  elapsed=4:06:55
[08:00:41][rank0] --- Validation @ step 164000 ---
[08:01:51][rank0]   val loss=1.0348  loss_e=0.9838  acc_e=93.95%  acc_l=56.70%
[08:01:51][rank0]   No improvement count: 1/10
[08:02:18][rank0] step=164500  epoch=18  loss=1.0427  acc_e=93.93%  lr=1.17e-04  elapsed=4:08:33
[08:02:45][rank0] step=165000  epoch=18  loss=1.0430  acc_e=93.94%  lr=1.17e-04  elapsed=4:08:59
[08:03:12][rank0] step=165500  epoch=18  loss=1.0427  acc_e=93.94%  lr=1.16e-04  elapsed=4:09:27
[08:03:40][rank0] step=166000  epoch=18  loss=1.0424  acc_e=93.94%  lr=1.15e-04  elapsed=4:09:55
[08:03:40][rank0] --- Validation @ step 166000 ---
[08:04:46][rank0]   val loss=1.0384  loss_e=0.9896  acc_e=93.94%  acc_l=56.68%
[08:04:46][rank0]   No improvement count: 2/10
[08:05:14][rank0] step=166500  epoch=18  loss=1.0425  acc_e=93.94%  lr=1.14e-04  elapsed=4:11:29
[08:05:42][rank0] step=167000  epoch=18  loss=1.0425  acc_e=93.95%  lr=1.14e-04  elapsed=4:11:56
[08:06:11][rank0] step=167500  epoch=18  loss=1.0427  acc_e=93.93%  lr=1.13e-04  elapsed=4:12:25
[08:06:39][rank0] step=168000  epoch=18  loss=1.0428  acc_e=93.93%  lr=1.12e-04  elapsed=4:12:53
[08:06:39][rank0] --- Validation @ step 168000 ---
[08:07:48][rank0]   val loss=1.0348  loss_e=0.9832  acc_e=93.71%  acc_l=56.68%
[08:07:48][rank0]   No improvement count: 3/10
[08:08:16][rank0] step=168500  epoch=18  loss=1.0431  acc_e=93.92%  lr=1.11e-04  elapsed=4:14:31
[08:08:29][rank0] Epoch  18/30  loss=1.0430  acc_e=93.92%  acc_l=55.87%  elapsed=4:14:44
[08:08:44][rank0] step=169000  epoch=19  loss=1.0398  acc_e=94.16%  lr=1.11e-04  elapsed=4:14:59
[08:09:11][rank0] step=169500  epoch=19  loss=1.0394  acc_e=94.12%  lr=1.10e-04  elapsed=4:15:26
[08:09:40][rank0] step=170000  epoch=19  loss=1.0385  acc_e=94.01%  lr=1.09e-04  elapsed=4:15:55
[08:09:40][rank0] --- Validation @ step 170000 ---
[08:10:50][rank0]   val loss=1.0372  loss_e=0.9860  acc_e=93.96%  acc_l=56.59%
[08:10:50][rank0]   No improvement count: 4/10
[08:10:50][rank0]   Checkpoint -> /scratch/yuvraj17/adaptive_tracing_scratch/adaptive_tracer/logs/transformer_multitask_cats9_seq512_382067/ckpt_0170000.pt
[08:11:19][rank0] step=170500  epoch=19  loss=1.0395  acc_e=93.94%  lr=1.08e-04  elapsed=4:17:33
[08:11:47][rank0] step=171000  epoch=19  loss=1.0404  acc_e=93.96%  lr=1.07e-04  elapsed=4:18:01
[08:12:14][rank0] step=171500  epoch=19  loss=1.0404  acc_e=93.97%  lr=1.07e-04  elapsed=4:18:29
[08:12:43][rank0] step=172000  epoch=19  loss=1.0402  acc_e=93.95%  lr=1.06e-04  elapsed=4:18:58
[08:12:43][rank0] --- Validation @ step 172000 ---
[08:13:54][rank0]   val loss=1.0364  loss_e=0.9854  acc_e=93.94%  acc_l=56.64%
[08:13:54][rank0]   No improvement count: 5/10
[08:14:23][rank0] step=172500  epoch=19  loss=1.0401  acc_e=93.94%  lr=1.05e-04  elapsed=4:20:38
[08:14:50][rank0] step=173000  epoch=19  loss=1.0412  acc_e=93.96%  lr=1.04e-04  elapsed=4:21:05
[08:15:18][rank0] step=173500  epoch=19  loss=1.0416  acc_e=93.94%  lr=1.04e-04  elapsed=4:21:33
[08:15:45][rank0] step=174000  epoch=19  loss=1.0419  acc_e=93.95%  lr=1.03e-04  elapsed=4:22:00
[08:15:45][rank0] --- Validation @ step 174000 ---
[08:16:51][rank0]   val loss=1.0347  loss_e=0.9831  acc_e=93.96%  acc_l=56.69%
[08:16:51][rank0]   New best val loss=1.0347 -> /scratch/yuvraj17/adaptive_tracing_scratch/adaptive_tracer/logs/transformer_multitask_cats9_seq512_382067/model_best.pt
[08:17:19][rank0] step=174500  epoch=19  loss=1.0421  acc_e=93.96%  lr=1.02e-04  elapsed=4:23:34
[08:17:48][rank0] step=175000  epoch=19  loss=1.0418  acc_e=93.95%  lr=1.01e-04  elapsed=4:24:03
[08:18:17][rank0] step=175500  epoch=19  loss=1.0414  acc_e=93.96%  lr=1.01e-04  elapsed=4:24:31
[08:18:45][rank0] step=176000  epoch=19  loss=1.0416  acc_e=93.96%  lr=1.00e-04  elapsed=4:24:59
[08:18:45][rank0] --- Validation @ step 176000 ---
[08:19:55][rank0]   val loss=1.0358  loss_e=0.9848  acc_e=93.97%  acc_l=56.69%
[08:19:55][rank0]   No improvement count: 1/10
[08:20:23][rank0] step=176500  epoch=19  loss=1.0416  acc_e=93.96%  lr=9.93e-05  elapsed=4:26:38
[08:20:52][rank0] step=177000  epoch=19  loss=1.0418  acc_e=93.94%  lr=9.85e-05  elapsed=4:27:06
[08:21:20][rank0] step=177500  epoch=19  loss=1.0420  acc_e=93.94%  lr=9.78e-05  elapsed=4:27:35
[08:21:48][rank0] step=178000  epoch=19  loss=1.0421  acc_e=93.94%  lr=9.71e-05  elapsed=4:28:03
[08:21:48][rank0] --- Validation @ step 178000 ---
[08:23:00][rank0]   val loss=1.0355  loss_e=0.9845  acc_e=94.00%  acc_l=56.70%
[08:23:00][rank0]   No improvement count: 2/10
[08:23:06][rank0] Epoch  19/30  loss=1.0421  acc_e=93.93%  acc_l=55.93%  elapsed=4:29:20
[08:23:28][rank0] step=178500  epoch=20  loss=1.0386  acc_e=94.18%  lr=9.63e-05  elapsed=4:29:42
[08:23:56][rank0] step=179000  epoch=20  loss=1.0390  acc_e=94.10%  lr=9.56e-05  elapsed=4:30:10
[08:24:24][rank0] step=179500  epoch=20  loss=1.0374  acc_e=94.02%  lr=9.49e-05  elapsed=4:30:39
[08:24:53][rank0] step=180000  epoch=20  loss=1.0388  acc_e=93.95%  lr=9.42e-05  elapsed=4:31:08
[08:24:53][rank0] --- Validation @ step 180000 ---
[08:26:02][rank0]   val loss=1.0377  loss_e=0.9887  acc_e=93.88%  acc_l=56.69%
[08:26:02][rank0]   No improvement count: 3/10
[08:26:02][rank0]   Checkpoint -> /scratch/yuvraj17/adaptive_tracing_scratch/adaptive_tracer/logs/transformer_multitask_cats9_seq512_382067/ckpt_0180000.pt
[08:26:29][rank0] step=180500  epoch=20  loss=1.0398  acc_e=93.98%  lr=9.34e-05  elapsed=4:32:44
[08:26:57][rank0] step=181000  epoch=20  loss=1.0396  acc_e=93.98%  lr=9.27e-05  elapsed=4:33:12
[08:27:25][rank0] step=181500  epoch=20  loss=1.0394  acc_e=93.96%  lr=9.20e-05  elapsed=4:33:39
[08:27:52][rank0] step=182000  epoch=20  loss=1.0398  acc_e=93.96%  lr=9.13e-05  elapsed=4:34:06
[08:27:52][rank0] --- Validation @ step 182000 ---
[08:29:01][rank0]   val loss=1.0346  loss_e=0.9846  acc_e=93.97%  acc_l=56.76%
[08:29:01][rank0]   New best val loss=1.0346 -> /scratch/yuvraj17/adaptive_tracing_scratch/adaptive_tracer/logs/transformer_multitask_cats9_seq512_382067/model_best.pt
[08:29:28][rank0] step=182500  epoch=20  loss=1.0406  acc_e=93.98%  lr=9.06e-05  elapsed=4:35:43
[08:29:57][rank0] step=183000  epoch=20  loss=1.0409  acc_e=93.95%  lr=8.99e-05  elapsed=4:36:11
[08:30:24][rank0] step=183500  epoch=20  loss=1.0412  acc_e=93.96%  lr=8.92e-05  elapsed=4:36:39
[08:30:52][rank0] step=184000  epoch=20  loss=1.0414  acc_e=93.97%  lr=8.84e-05  elapsed=4:37:07
[08:30:52][rank0] --- Validation @ step 184000 ---
[08:32:04][rank0]   val loss=1.0341  loss_e=0.9831  acc_e=94.01%  acc_l=56.76%
[08:32:04][rank0]   New best val loss=1.0341 -> /scratch/yuvraj17/adaptive_tracing_scratch/adaptive_tracer/logs/transformer_multitask_cats9_seq512_382067/model_best.pt
[08:32:32][rank0] step=184500  epoch=20  loss=1.0410  acc_e=93.96%  lr=8.77e-05  elapsed=4:38:47
[08:33:01][rank0] step=185000  epoch=20  loss=1.0405  acc_e=93.97%  lr=8.70e-05  elapsed=4:39:16
[08:33:29][rank0] step=185500  epoch=20  loss=1.0408  acc_e=93.97%  lr=8.63e-05  elapsed=4:39:43
[08:33:57][rank0] step=186000  epoch=20  loss=1.0409  acc_e=93.97%  lr=8.56e-05  elapsed=4:40:12
[08:33:57][rank0] --- Validation @ step 186000 ---
[08:35:08][rank0]   val loss=1.0351  loss_e=0.9847  acc_e=93.92%  acc_l=56.75%
[08:35:08][rank0]   No improvement count: 1/10
[08:35:37][rank0] step=186500  epoch=20  loss=1.0411  acc_e=93.95%  lr=8.50e-05  elapsed=4:41:52
[08:36:04][rank0] step=187000  epoch=20  loss=1.0414  acc_e=93.95%  lr=8.43e-05  elapsed=4:42:19
[08:36:31][rank0] Epoch  20/30  loss=1.0413  acc_e=93.95%  acc_l=55.97%  elapsed=4:42:46
[08:36:33][rank0] step=187500  epoch=21  loss=1.0361  acc_e=94.41%  lr=8.36e-05  elapsed=4:42:48
[08:37:00][rank0] step=188000  epoch=21  loss=1.0386  acc_e=94.18%  lr=8.29e-05  elapsed=4:43:15
[08:37:00][rank0] --- Validation @ step 188000 ---
[08:38:12][rank0]   val loss=1.0341  loss_e=0.9831  acc_e=93.93%  acc_l=56.74%
[08:38:12][rank0]   New best val loss=1.0341 -> /scratch/yuvraj17/adaptive_tracing_scratch/adaptive_tracer/logs/transformer_multitask_cats9_seq512_382067/model_best.pt
[08:38:40][rank0] step=188500  epoch=21  loss=1.0385  acc_e=94.07%  lr=8.22e-05  elapsed=4:44:55
[08:39:09][rank0] step=189000  epoch=21  loss=1.0373  acc_e=94.00%  lr=8.15e-05  elapsed=4:45:23
[08:39:37][rank0] step=189500  epoch=21  loss=1.0386  acc_e=93.97%  lr=8.08e-05  elapsed=4:45:52
[08:40:05][rank0] step=190000  epoch=21  loss=1.0390  acc_e=94.00%  lr=8.02e-05  elapsed=4:46:20
[08:40:05][rank0] --- Validation @ step 190000 ---
[08:41:16][rank0]   val loss=1.0331  loss_e=0.9821  acc_e=94.00%  acc_l=56.79%
[08:41:16][rank0]   New best val loss=1.0331 -> /scratch/yuvraj17/adaptive_tracing_scratch/adaptive_tracer/logs/transformer_multitask_cats9_seq512_382067/model_best.pt
[08:41:16][rank0]   Checkpoint -> /scratch/yuvraj17/adaptive_tracing_scratch/adaptive_tracer/logs/transformer_multitask_cats9_seq512_382067/ckpt_0190000.pt
[08:41:44][rank0] step=190500  epoch=21  loss=1.0390  acc_e=93.99%  lr=7.95e-05  elapsed=4:47:59
[08:42:12][rank0] step=191000  epoch=21  loss=1.0386  acc_e=93.98%  lr=7.88e-05  elapsed=4:48:27
[08:42:40][rank0] step=191500  epoch=21  loss=1.0393  acc_e=93.98%  lr=7.81e-05  elapsed=4:48:55
[08:43:08][rank0] step=192000  epoch=21  loss=1.0400  acc_e=93.98%  lr=7.75e-05  elapsed=4:49:22
[08:43:08][rank0] --- Validation @ step 192000 ---
[08:44:17][rank0]   val loss=1.0332  loss_e=0.9821  acc_e=94.03%  acc_l=56.78%
[08:44:17][rank0]   No improvement count: 1/10
[08:44:44][rank0] step=192500  epoch=21  loss=1.0403  acc_e=93.97%  lr=7.68e-05  elapsed=4:50:59
[08:45:12][rank0] step=193000  epoch=21  loss=1.0406  acc_e=93.98%  lr=7.61e-05  elapsed=4:51:27
[08:45:40][rank0] step=193500  epoch=21  loss=1.0405  acc_e=93.98%  lr=7.55e-05  elapsed=4:51:55
[08:46:09][rank0] step=194000  epoch=21  loss=1.0402  acc_e=93.98%  lr=7.48e-05  elapsed=4:52:24
[08:46:09][rank0] --- Validation @ step 194000 ---
[08:47:20][rank0]   val loss=1.0349  loss_e=0.9858  acc_e=93.98%  acc_l=56.81%
[08:47:20][rank0]   No improvement count: 2/10
[08:47:48][rank0] step=194500  epoch=21  loss=1.0399  acc_e=93.98%  lr=7.42e-05  elapsed=4:54:03
[08:48:15][rank0] step=195000  epoch=21  loss=1.0401  acc_e=93.99%  lr=7.35e-05  elapsed=4:54:30
[08:48:43][rank0] step=195500  epoch=21  loss=1.0402  acc_e=93.98%  lr=7.29e-05  elapsed=4:54:58
[08:49:11][rank0] step=196000  epoch=21  loss=1.0404  acc_e=93.97%  lr=7.22e-05  elapsed=4:55:26
[08:49:11][rank0] --- Validation @ step 196000 ---
[08:50:20][rank0]   val loss=1.0337  loss_e=0.9830  acc_e=93.93%  acc_l=56.77%
[08:50:20][rank0]   No improvement count: 3/10
[08:50:48][rank0] step=196500  epoch=21  loss=1.0407  acc_e=93.97%  lr=7.16e-05  elapsed=4:57:02
[08:51:08][rank0] Epoch  21/30  loss=1.0406  acc_e=93.96%  acc_l=56.02%  elapsed=4:57:22
[08:51:16][rank0] step=197000  epoch=22  loss=1.0389  acc_e=94.24%  lr=7.09e-05  elapsed=4:57:31
[08:51:43][rank0] step=197500  epoch=22  loss=1.0379  acc_e=94.18%  lr=7.03e-05  elapsed=4:57:58
[08:52:11][rank0] step=198000  epoch=22  loss=1.0366  acc_e=94.07%  lr=6.96e-05  elapsed=4:58:26
[08:52:11][rank0] --- Validation @ step 198000 ---
[08:53:18][rank0]   val loss=1.0341  loss_e=0.9840  acc_e=93.98%  acc_l=56.78%
[08:53:18][rank0]   No improvement count: 4/10
[08:53:46][rank0] step=198500  epoch=22  loss=1.0370  acc_e=93.98%  lr=6.90e-05  elapsed=5:00:01
[08:54:13][rank0] step=199000  epoch=22  loss=1.0383  acc_e=93.99%  lr=6.84e-05  elapsed=5:00:28
[08:54:40][rank0] step=199500  epoch=22  loss=1.0386  acc_e=94.02%  lr=6.78e-05  elapsed=5:00:55
[08:55:08][rank0] step=200000  epoch=22  loss=1.0382  acc_e=93.99%  lr=6.71e-05  elapsed=5:01:22
[08:55:08][rank0] --- Validation @ step 200000 ---
[08:56:14][rank0]   val loss=1.0344  loss_e=0.9846  acc_e=93.88%  acc_l=56.77%
[08:56:14][rank0]   No improvement count: 5/10
[08:56:14][rank0]   Checkpoint -> /scratch/yuvraj17/adaptive_tracing_scratch/adaptive_tracer/logs/transformer_multitask_cats9_seq512_382067/ckpt_0200000.pt
[08:56:41][rank0] step=200500  epoch=22  loss=1.0379  acc_e=93.98%  lr=6.65e-05  elapsed=5:02:56
[08:57:08][rank0] step=201000  epoch=22  loss=1.0388  acc_e=94.00%  lr=6.59e-05  elapsed=5:03:22
[08:57:35][rank0] step=201500  epoch=22  loss=1.0394  acc_e=93.99%  lr=6.53e-05  elapsed=5:03:49
[08:58:02][rank0] step=202000  epoch=22  loss=1.0397  acc_e=93.98%  lr=6.47e-05  elapsed=5:04:16
[08:58:02][rank0] --- Validation @ step 202000 ---
[08:59:08][rank0]   val loss=1.0331  loss_e=0.9817  acc_e=94.00%  acc_l=56.75%
[08:59:08][rank0]   No improvement count: 6/10
[08:59:34][rank0] step=202500  epoch=22  loss=1.0400  acc_e=93.99%  lr=6.40e-05  elapsed=5:05:49
[09:00:02][rank0] step=203000  epoch=22  loss=1.0398  acc_e=93.99%  lr=6.34e-05  elapsed=5:06:17
[09:00:30][rank0] step=203500  epoch=22  loss=1.0395  acc_e=93.99%  lr=6.28e-05  elapsed=5:06:44
[09:00:57][rank0] step=204000  epoch=22  loss=1.0394  acc_e=93.99%  lr=6.22e-05  elapsed=5:07:12
[09:00:57][rank0] --- Validation @ step 204000 ---
[09:02:03][rank0]   val loss=1.0342  loss_e=0.9843  acc_e=94.02%  acc_l=56.79%
[09:02:03][rank0]   No improvement count: 7/10
[09:02:30][rank0] step=204500  epoch=22  loss=1.0394  acc_e=94.00%  lr=6.16e-05  elapsed=5:08:44
[09:02:57][rank0] step=205000  epoch=22  loss=1.0396  acc_e=93.98%  lr=6.10e-05  elapsed=5:09:12
[09:03:24][rank0] step=205500  epoch=22  loss=1.0397  acc_e=93.98%  lr=6.05e-05  elapsed=5:09:39
[09:03:52][rank0] step=206000  epoch=22  loss=1.0400  acc_e=93.97%  lr=5.99e-05  elapsed=5:10:06
[09:03:52][rank0] --- Validation @ step 206000 ---
[09:04:58][rank0]   val loss=1.0338  loss_e=0.9834  acc_e=94.00%  acc_l=56.79%
[09:04:58][rank0]   No improvement count: 8/10
[09:05:10][rank0] Epoch  22/30  loss=1.0399  acc_e=93.97%  acc_l=56.06%  elapsed=5:11:25
[09:05:25][rank0] step=206500  epoch=23  loss=1.0371  acc_e=94.22%  lr=5.93e-05  elapsed=5:11:40
[09:05:52][rank0] step=207000  epoch=23  loss=1.0367  acc_e=94.17%  lr=5.87e-05  elapsed=5:12:06
[09:06:19][rank0] step=207500  epoch=23  loss=1.0358  acc_e=94.06%  lr=5.81e-05  elapsed=5:12:34
[09:06:47][rank0] step=208000  epoch=23  loss=1.0369  acc_e=93.99%  lr=5.75e-05  elapsed=5:13:02
[09:06:47][rank0] --- Validation @ step 208000 ---
[09:07:53][rank0]   val loss=1.0341  loss_e=0.9850  acc_e=93.96%  acc_l=56.83%
[09:07:53][rank0]   No improvement count: 9/10
[09:08:20][rank0] step=208500  epoch=23  loss=1.0377  acc_e=94.01%  lr=5.70e-05  elapsed=5:14:35
[09:08:47][rank0] step=209000  epoch=23  loss=1.0377  acc_e=94.03%  lr=5.64e-05  elapsed=5:15:02
[09:09:15][rank0] step=209500  epoch=23  loss=1.0375  acc_e=94.00%  lr=5.58e-05  elapsed=5:15:29
[09:09:43][rank0] step=210000  epoch=23  loss=1.0374  acc_e=93.99%  lr=5.53e-05  elapsed=5:15:57
[09:09:43][rank0] --- Validation @ step 210000 ---
[09:10:49][rank0]   val loss=1.0339  loss_e=0.9852  acc_e=94.03%  acc_l=56.85%
[09:10:49][rank0]   No improvement count: 10/10
[09:10:49][rank0]   Early stopping triggered after 10 validations without improvement.
[09:10:49][rank0] Stopping early at epoch 23/30  elapsed=5:17:03
[09:10:49][rank0] ======================================================================
[09:10:49][rank0] Training complete — OOD evaluation
[09:10:49][rank0] ======================================================================
[09:10:49][rank0] Loaded best model from /scratch/yuvraj17/adaptive_tracing_scratch/adaptive_tracer/logs/transformer_multitask_cats9_seq512_382067/model_best.pt
[09:20:44][rank0] [OOD] global validation threshold (paper_mad_sum) thr=-0.48293 F1=0.6847 bal=197476/197476 full=197,476/646,822
[09:20:44][rank0] [OOD] MAD stats event(median=0.235352, mad=0.0732422) latency(median=1, mad=0.1875)
[09:20:44][rank0] [OOD] cpu     AUROC=0.6613  AUPR=0.6353  bal=197044/190902  full=197,044/190,902  F1=0.6630  P=0.5658  R=0.8007  thr=-0.48293
[09:20:44][rank0] [OOD] disk    AUROC=0.7138  AUPR=0.6710  bal=197044/123783  full=197,044/123,783  F1=0.5923  P=0.4637  R=0.8195  thr=-0.48293
[09:20:44][rank0] [OOD] mem     AUROC=0.6911  AUPR=0.7045  bal=197044/217461  full=197,044/217,461  F1=0.6989  P=0.6052  R=0.8269  thr=-0.48293
[09:20:44][rank0] [OOD] net     AUROC=0.7841  AUPR=0.6763  bal=197044/120006  full=197,044/120,006  F1=0.6330  P=0.4837  R=0.9156  thr=-0.48293
[09:20:44][rank0] OOD results -> /scratch/yuvraj17/adaptive_tracing_scratch/adaptive_tracer/logs/transformer_multitask_cats9_seq512_382067/ood_results.json
