[03:51:42][rank0] Vocab: 175 syscalls / 113 processes
[03:51:42][rank0] Train shards for this rank: 119  (total=119)  Valid shards: 40
[03:51:42][rank0] Model: LSTM  params=47,071,995
[03:51:42][rank0]   n_hidden=1024  n_layer=6  n_head=8
[03:51:42][rank0]   AMP(bf16)=True  compile=False  chk=False  DDP=False
[03:51:42][rank0]   batch=64  accum_steps=4  world_size=1  eff_batch=256
[03:51:42][rank0] ======================================================================
[03:51:42][rank0] Starting training  device=cuda:0  total_steps~=69525  world_size=1
[03:51:42][rank0] ======================================================================
[03:53:55][rank0] step=   500  epoch=1  loss=1.7998  acc_e=33.42%  lr=3.00e-04  elapsed=0:02:12
[03:56:05][rank0] step=  1000  epoch=1  loss=1.3072  acc_e=53.64%  lr=3.00e-04  elapsed=0:04:23
[03:58:15][rank0] step=  1500  epoch=1  loss=1.0339  acc_e=65.32%  lr=3.00e-04  elapsed=0:06:33
[04:00:28][rank0] step=  2000  epoch=1  loss=0.8770  acc_e=71.82%  lr=3.00e-04  elapsed=0:08:45
[04:00:28][rank0] --- Validation @ step 2000 ---
[04:01:47][rank0]   val loss=0.3956  loss_e=0.2407  acc_e=91.79%  acc_l=76.01%
[04:01:47][rank0]   New best val loss=0.3956 -> /scratch/yuvraj17/adaptive_tracing_scratch/adaptive_tracer/logs/lstm_multitask_cats3_seq512_382059/model_best.pt
[04:03:18][rank0] Epoch   1/30  loss=0.8059  acc_e=74.74%  acc_l=66.98%  elapsed=0:11:35
[04:03:58][rank0] step=  2500  epoch=2  loss=0.3763  acc_e=92.43%  lr=2.99e-04  elapsed=0:12:16
[04:06:10][rank0] step=  3000  epoch=2  loss=0.3647  acc_e=92.56%  lr=2.99e-04  elapsed=0:14:27
[04:08:21][rank0] step=  3500  epoch=2  loss=0.3590  acc_e=92.68%  lr=2.99e-04  elapsed=0:16:38
[04:10:33][rank0] step=  4000  epoch=2  loss=0.3541  acc_e=92.80%  lr=2.98e-04  elapsed=0:18:50
[04:10:33][rank0] --- Validation @ step 4000 ---
[04:11:52][rank0]   val loss=0.3370  loss_e=0.1945  acc_e=93.14%  acc_l=79.46%
[04:11:52][rank0]   New best val loss=0.3370 -> /scratch/yuvraj17/adaptive_tracing_scratch/adaptive_tracer/logs/lstm_multitask_cats3_seq512_382059/model_best.pt
[04:14:04][rank0] step=  4500  epoch=2  loss=0.3506  acc_e=92.88%  lr=2.98e-04  elapsed=0:22:21
[04:14:53][rank0] Epoch   2/30  loss=0.3494  acc_e=92.91%  acc_l=78.11%  elapsed=0:23:10
[04:16:16][rank0] step=  5000  epoch=3  loss=0.3284  acc_e=93.46%  lr=2.97e-04  elapsed=0:24:33
[04:18:28][rank0] step=  5500  epoch=3  loss=0.3277  acc_e=93.46%  lr=2.96e-04  elapsed=0:26:45
[04:20:39][rank0] step=  6000  epoch=3  loss=0.3273  acc_e=93.49%  lr=2.96e-04  elapsed=0:28:56
[04:20:39][rank0] --- Validation @ step 6000 ---
[04:21:58][rank0]   val loss=0.3207  loss_e=0.1787  acc_e=93.54%  acc_l=80.12%
[04:21:59][rank0]   New best val loss=0.3207 -> /scratch/yuvraj17/adaptive_tracing_scratch/adaptive_tracer/logs/lstm_multitask_cats3_seq512_382059/model_best.pt
[04:24:11][rank0] step=  6500  epoch=3  loss=0.3253  acc_e=93.54%  lr=2.95e-04  elapsed=0:32:28
[04:26:23][rank0] step=  7000  epoch=3  loss=0.3246  acc_e=93.55%  lr=2.94e-04  elapsed=0:34:40
[04:26:30][rank0] Epoch   3/30  loss=0.3245  acc_e=93.54%  acc_l=79.44%  elapsed=0:34:47
[04:28:35][rank0] step=  7500  epoch=4  loss=0.3153  acc_e=93.73%  lr=2.93e-04  elapsed=0:36:53
[04:30:47][rank0] step=  8000  epoch=4  loss=0.3153  acc_e=93.76%  lr=2.92e-04  elapsed=0:39:04
[04:30:47][rank0] --- Validation @ step 8000 ---
[04:32:06][rank0]   val loss=0.3142  loss_e=0.1738  acc_e=93.70%  acc_l=80.51%
[04:32:06][rank0]   New best val loss=0.3142 -> /scratch/yuvraj17/adaptive_tracing_scratch/adaptive_tracer/logs/lstm_multitask_cats3_seq512_382059/model_best.pt
[04:34:16][rank0] step=  8500  epoch=4  loss=0.3151  acc_e=93.80%  lr=2.91e-04  elapsed=0:42:34
[04:36:29][rank0] step=  9000  epoch=4  loss=0.3139  acc_e=93.82%  lr=2.89e-04  elapsed=0:44:46
[04:38:08][rank0] Epoch   4/30  loss=0.3140  acc_e=93.80%  acc_l=80.02%  elapsed=0:46:25
[04:38:41][rank0] step=  9500  epoch=5  loss=0.3076  acc_e=94.15%  lr=2.88e-04  elapsed=0:46:58
[04:40:53][rank0] step= 10000  epoch=5  loss=0.3081  acc_e=93.96%  lr=2.87e-04  elapsed=0:49:11
[04:40:53][rank0] --- Validation @ step 10000 ---
[04:42:13][rank0]   val loss=0.3099  loss_e=0.1694  acc_e=93.77%  acc_l=80.71%
[04:42:13][rank0]   New best val loss=0.3099 -> /scratch/yuvraj17/adaptive_tracing_scratch/adaptive_tracer/logs/lstm_multitask_cats3_seq512_382059/model_best.pt
[04:42:13][rank0]   Checkpoint -> /scratch/yuvraj17/adaptive_tracing_scratch/adaptive_tracer/logs/lstm_multitask_cats3_seq512_382059/ckpt_0010000.pt
[04:44:25][rank0] step= 10500  epoch=5  loss=0.3083  acc_e=93.96%  lr=2.85e-04  elapsed=0:52:42
[04:46:37][rank0] step= 11000  epoch=5  loss=0.3080  acc_e=93.97%  lr=2.84e-04  elapsed=0:54:54
[04:48:49][rank0] step= 11500  epoch=5  loss=0.3076  acc_e=93.97%  lr=2.83e-04  elapsed=0:57:06
[04:49:46][rank0] Epoch   5/30  loss=0.3076  acc_e=93.97%  acc_l=80.34%  elapsed=0:58:03
[04:51:01][rank0] step= 12000  epoch=6  loss=0.3021  acc_e=94.17%  lr=2.81e-04  elapsed=0:59:18
[04:51:01][rank0] --- Validation @ step 12000 ---
[04:52:21][rank0]   val loss=0.3080  loss_e=0.1674  acc_e=93.89%  acc_l=80.74%
[04:52:21][rank0]   New best val loss=0.3080 -> /scratch/yuvraj17/adaptive_tracing_scratch/adaptive_tracer/logs/lstm_multitask_cats3_seq512_382059/model_best.pt
[04:54:33][rank0] step= 12500  epoch=6  loss=0.3027  acc_e=94.11%  lr=2.79e-04  elapsed=1:02:50
[04:56:44][rank0] step= 13000  epoch=6  loss=0.3031  acc_e=94.11%  lr=2.78e-04  elapsed=1:05:02
[04:58:57][rank0] step= 13500  epoch=6  loss=0.3026  acc_e=94.13%  lr=2.76e-04  elapsed=1:07:14
[05:01:09][rank0] step= 14000  epoch=6  loss=0.3028  acc_e=94.12%  lr=2.74e-04  elapsed=1:09:26
[05:01:09][rank0] --- Validation @ step 14000 ---
[05:02:29][rank0]   val loss=0.3056  loss_e=0.1631  acc_e=94.06%  acc_l=80.75%
[05:02:29][rank0]   New best val loss=0.3056 -> /scratch/yuvraj17/adaptive_tracing_scratch/adaptive_tracer/logs/lstm_multitask_cats3_seq512_382059/model_best.pt
[05:02:44][rank0] Epoch   6/30  loss=0.3027  acc_e=94.12%  acc_l=80.56%  elapsed=1:11:02
[05:04:42][rank0] step= 14500  epoch=7  loss=0.2992  acc_e=94.17%  lr=2.72e-04  elapsed=1:12:59
[05:06:55][rank0] step= 15000  epoch=7  loss=0.2993  acc_e=94.18%  lr=2.70e-04  elapsed=1:15:12
[05:09:04][rank0] step= 15500  epoch=7  loss=0.2998  acc_e=94.21%  lr=2.68e-04  elapsed=1:17:21
[05:11:17][rank0] step= 16000  epoch=7  loss=0.2993  acc_e=94.22%  lr=2.66e-04  elapsed=1:19:34
[05:11:17][rank0] --- Validation @ step 16000 ---
[05:12:37][rank0]   val loss=0.3037  loss_e=0.1627  acc_e=93.98%  acc_l=80.96%
[05:12:37][rank0]   New best val loss=0.3037 -> /scratch/yuvraj17/adaptive_tracing_scratch/adaptive_tracer/logs/lstm_multitask_cats3_seq512_382059/model_best.pt
[05:14:23][rank0] Epoch   7/30  loss=0.2996  acc_e=94.20%  acc_l=80.72%  elapsed=1:22:40
[05:14:49][rank0] step= 16500  epoch=8  loss=0.2955  acc_e=94.46%  lr=2.64e-04  elapsed=1:23:06
[05:17:01][rank0] step= 17000  epoch=8  loss=0.2969  acc_e=94.27%  lr=2.62e-04  elapsed=1:25:18
[05:19:13][rank0] step= 17500  epoch=8  loss=0.2971  acc_e=94.27%  lr=2.59e-04  elapsed=1:27:30
[05:21:25][rank0] step= 18000  epoch=8  loss=0.2972  acc_e=94.26%  lr=2.57e-04  elapsed=1:29:42
[05:21:25][rank0] --- Validation @ step 18000 ---
[05:22:44][rank0]   val loss=0.3043  loss_e=0.1658  acc_e=93.82%  acc_l=81.00%
[05:22:44][rank0]   No improvement count: 1/10
[05:24:57][rank0] step= 18500  epoch=8  loss=0.2971  acc_e=94.25%  lr=2.55e-04  elapsed=1:33:14
[05:26:01][rank0] Epoch   8/30  loss=0.2972  acc_e=94.25%  acc_l=80.86%  elapsed=1:34:18
[05:27:08][rank0] step= 19000  epoch=9  loss=0.2947  acc_e=94.38%  lr=2.52e-04  elapsed=1:35:25
[05:29:21][rank0] step= 19500  epoch=9  loss=0.2949  acc_e=94.31%  lr=2.50e-04  elapsed=1:37:38
[05:31:32][rank0] step= 20000  epoch=9  loss=0.2953  acc_e=94.30%  lr=2.47e-04  elapsed=1:39:50
[05:31:32][rank0] --- Validation @ step 20000 ---
[05:32:52][rank0]   val loss=0.3010  loss_e=0.1607  acc_e=94.08%  acc_l=81.11%
[05:32:52][rank0]   New best val loss=0.3010 -> /scratch/yuvraj17/adaptive_tracing_scratch/adaptive_tracer/logs/lstm_multitask_cats3_seq512_382059/model_best.pt
[05:32:52][rank0]   Checkpoint -> /scratch/yuvraj17/adaptive_tracing_scratch/adaptive_tracer/logs/lstm_multitask_cats3_seq512_382059/ckpt_0020000.pt
[05:35:04][rank0] step= 20500  epoch=9  loss=0.2949  acc_e=94.32%  lr=2.45e-04  elapsed=1:43:21
[05:37:16][rank0] step= 21000  epoch=9  loss=0.2953  acc_e=94.30%  lr=2.42e-04  elapsed=1:45:33
[05:37:39][rank0] Epoch   9/30  loss=0.2952  acc_e=94.30%  acc_l=80.98%  elapsed=1:45:56
[05:39:29][rank0] step= 21500  epoch=10  loss=0.2927  acc_e=94.33%  lr=2.40e-04  elapsed=1:47:46
[05:41:41][rank0] step= 22000  epoch=10  loss=0.2930  acc_e=94.33%  lr=2.37e-04  elapsed=1:49:58
[05:41:41][rank0] --- Validation @ step 22000 ---
[05:43:01][rank0]   val loss=0.3013  loss_e=0.1622  acc_e=94.09%  acc_l=81.17%
[05:43:01][rank0]   No improvement count: 1/10
[05:45:11][rank0] step= 22500  epoch=10  loss=0.2935  acc_e=94.36%  lr=2.34e-04  elapsed=1:53:28
[05:47:24][rank0] step= 23000  epoch=10  loss=0.2930  acc_e=94.36%  lr=2.32e-04  elapsed=1:55:41
[05:49:18][rank0] Epoch  10/30  loss=0.2935  acc_e=94.34%  acc_l=81.08%  elapsed=1:57:35
[05:49:36][rank0] step= 23500  epoch=11  loss=0.2905  acc_e=94.59%  lr=2.29e-04  elapsed=1:57:53
[05:51:48][rank0] step= 24000  epoch=11  loss=0.2914  acc_e=94.40%  lr=2.26e-04  elapsed=2:00:05
[05:51:48][rank0] --- Validation @ step 24000 ---
[05:53:08][rank0]   val loss=0.2993  loss_e=0.1598  acc_e=94.12%  acc_l=81.22%
[05:53:08][rank0]   New best val loss=0.2993 -> /scratch/yuvraj17/adaptive_tracing_scratch/adaptive_tracer/logs/lstm_multitask_cats3_seq512_382059/model_best.pt
[05:55:19][rank0] step= 24500  epoch=11  loss=0.2916  acc_e=94.40%  lr=2.23e-04  elapsed=2:03:36
[05:57:31][rank0] step= 25000  epoch=11  loss=0.2918  acc_e=94.39%  lr=2.20e-04  elapsed=2:05:48
[05:59:43][rank0] step= 25500  epoch=11  loss=0.2917  acc_e=94.38%  lr=2.17e-04  elapsed=2:08:00
[06:00:55][rank0] Epoch  11/30  loss=0.2919  acc_e=94.38%  acc_l=81.18%  elapsed=2:09:12
[06:01:55][rank0] step= 26000  epoch=12  loss=0.2893  acc_e=94.53%  lr=2.14e-04  elapsed=2:10:12
[06:01:55][rank0] --- Validation @ step 26000 ---
[06:03:14][rank0]   val loss=0.3005  loss_e=0.1617  acc_e=94.04%  acc_l=81.23%
[06:03:14][rank0]   No improvement count: 1/10
[06:05:27][rank0] step= 26500  epoch=12  loss=0.2898  acc_e=94.43%  lr=2.11e-04  elapsed=2:13:44
[06:07:38][rank0] step= 27000  epoch=12  loss=0.2903  acc_e=94.41%  lr=2.08e-04  elapsed=2:15:55
[06:09:51][rank0] step= 27500  epoch=12  loss=0.2901  acc_e=94.43%  lr=2.05e-04  elapsed=2:18:08
[06:12:03][rank0] step= 28000  epoch=12  loss=0.2904  acc_e=94.41%  lr=2.02e-04  elapsed=2:20:20
[06:12:03][rank0] --- Validation @ step 28000 ---
[06:13:22][rank0]   val loss=0.3006  loss_e=0.1620  acc_e=93.93%  acc_l=81.24%
[06:13:22][rank0]   No improvement count: 2/10
[06:13:53][rank0] Epoch  12/30  loss=0.2904  acc_e=94.41%  acc_l=81.27%  elapsed=2:22:10
[06:15:35][rank0] step= 28500  epoch=13  loss=0.2880  acc_e=94.46%  lr=1.99e-04  elapsed=2:23:52
[06:17:47][rank0] step= 29000  epoch=13  loss=0.2886  acc_e=94.44%  lr=1.96e-04  elapsed=2:26:04
[06:19:57][rank0] step= 29500  epoch=13  loss=0.2890  acc_e=94.46%  lr=1.93e-04  elapsed=2:28:14
[06:22:10][rank0] step= 30000  epoch=13  loss=0.2886  acc_e=94.46%  lr=1.90e-04  elapsed=2:30:27
[06:22:10][rank0] --- Validation @ step 30000 ---
[06:23:29][rank0]   val loss=0.2978  loss_e=0.1575  acc_e=94.21%  acc_l=81.27%
[06:23:30][rank0]   New best val loss=0.2978 -> /scratch/yuvraj17/adaptive_tracing_scratch/adaptive_tracer/logs/lstm_multitask_cats3_seq512_382059/model_best.pt
[06:23:30][rank0]   Checkpoint -> /scratch/yuvraj17/adaptive_tracing_scratch/adaptive_tracer/logs/lstm_multitask_cats3_seq512_382059/ckpt_0030000.pt
[06:25:31][rank0] Epoch  13/30  loss=0.2891  acc_e=94.44%  acc_l=81.36%  elapsed=2:33:48
[06:25:42][rank0] step= 30500  epoch=14  loss=0.2876  acc_e=94.64%  lr=1.87e-04  elapsed=2:33:59
[06:27:54][rank0] step= 31000  epoch=14  loss=0.2873  acc_e=94.47%  lr=1.83e-04  elapsed=2:36:11
[06:30:06][rank0] step= 31500  epoch=14  loss=0.2872  acc_e=94.49%  lr=1.80e-04  elapsed=2:38:23
[06:32:18][rank0] step= 32000  epoch=14  loss=0.2876  acc_e=94.48%  lr=1.77e-04  elapsed=2:40:35
[06:32:18][rank0] --- Validation @ step 32000 ---
[06:33:38][rank0]   val loss=0.2995  loss_e=0.1609  acc_e=94.13%  acc_l=81.30%
[06:33:38][rank0]   No improvement count: 1/10
[06:35:50][rank0] step= 32500  epoch=14  loss=0.2875  acc_e=94.48%  lr=1.74e-04  elapsed=2:44:07
[06:37:10][rank0] Epoch  14/30  loss=0.2877  acc_e=94.47%  acc_l=81.44%  elapsed=2:45:27
[06:38:02][rank0] step= 33000  epoch=15  loss=0.2850  acc_e=94.64%  lr=1.71e-04  elapsed=2:46:19
[06:40:14][rank0] step= 33500  epoch=15  loss=0.2859  acc_e=94.52%  lr=1.67e-04  elapsed=2:48:31
[06:42:26][rank0] step= 34000  epoch=15  loss=0.2863  acc_e=94.50%  lr=1.64e-04  elapsed=2:50:43
[06:42:26][rank0] --- Validation @ step 34000 ---
[06:43:45][rank0]   val loss=0.2994  loss_e=0.1611  acc_e=94.09%  acc_l=81.31%
[06:43:45][rank0]   No improvement count: 2/10
[06:45:57][rank0] step= 34500  epoch=15  loss=0.2863  acc_e=94.51%  lr=1.61e-04  elapsed=2:54:15
[06:48:09][rank0] step= 35000  epoch=15  loss=0.2864  acc_e=94.50%  lr=1.58e-04  elapsed=2:56:26
[06:48:48][rank0] Epoch  15/30  loss=0.2865  acc_e=94.49%  acc_l=81.52%  elapsed=2:57:05
[06:50:22][rank0] step= 35500  epoch=16  loss=0.2840  acc_e=94.55%  lr=1.54e-04  elapsed=2:58:39
[06:52:34][rank0] step= 36000  epoch=16  loss=0.2848  acc_e=94.52%  lr=1.51e-04  elapsed=3:00:52
[06:52:34][rank0] --- Validation @ step 36000 ---
[06:53:54][rank0]   val loss=0.2989  loss_e=0.1591  acc_e=94.22%  acc_l=81.30%
[06:53:54][rank0]   No improvement count: 3/10
[06:56:04][rank0] step= 36500  epoch=16  loss=0.2852  acc_e=94.53%  lr=1.48e-04  elapsed=3:04:21
[06:58:17][rank0] step= 37000  epoch=16  loss=0.2848  acc_e=94.54%  lr=1.45e-04  elapsed=3:06:34
[07:00:26][rank0] Epoch  16/30  loss=0.2853  acc_e=94.52%  acc_l=81.60%  elapsed=3:08:43
[07:00:30][rank0] step= 37500  epoch=17  loss=0.2824  acc_e=94.87%  lr=1.41e-04  elapsed=3:08:47
[07:02:42][rank0] step= 38000  epoch=17  loss=0.2837  acc_e=94.53%  lr=1.38e-04  elapsed=3:10:59
[07:02:42][rank0] --- Validation @ step 38000 ---
[07:04:01][rank0]   val loss=0.2992  loss_e=0.1596  acc_e=94.09%  acc_l=81.29%
[07:04:01][rank0]   No improvement count: 4/10
[07:06:13][rank0] step= 38500  epoch=17  loss=0.2837  acc_e=94.55%  lr=1.35e-04  elapsed=3:14:30
[07:08:24][rank0] step= 39000  epoch=17  loss=0.2840  acc_e=94.56%  lr=1.32e-04  elapsed=3:16:41
[07:10:37][rank0] step= 39500  epoch=17  loss=0.2838  acc_e=94.55%  lr=1.29e-04  elapsed=3:18:54
[07:12:04][rank0] Epoch  17/30  loss=0.2841  acc_e=94.54%  acc_l=81.67%  elapsed=3:20:21
[07:12:48][rank0] step= 40000  epoch=18  loss=0.2806  acc_e=94.75%  lr=1.25e-04  elapsed=3:21:05
[07:12:48][rank0] --- Validation @ step 40000 ---
[07:14:08][rank0]   val loss=0.2996  loss_e=0.1590  acc_e=94.14%  acc_l=81.25%
[07:14:08][rank0]   No improvement count: 5/10
[07:14:08][rank0]   Checkpoint -> /scratch/yuvraj17/adaptive_tracing_scratch/adaptive_tracer/logs/lstm_multitask_cats3_seq512_382059/ckpt_0040000.pt
[07:16:21][rank0] step= 40500  epoch=18  loss=0.2824  acc_e=94.59%  lr=1.22e-04  elapsed=3:24:38
[07:18:33][rank0] step= 41000  epoch=18  loss=0.2828  acc_e=94.57%  lr=1.19e-04  elapsed=3:26:50
[07:20:45][rank0] step= 41500  epoch=18  loss=0.2828  acc_e=94.57%  lr=1.16e-04  elapsed=3:29:02
[07:22:57][rank0] step= 42000  epoch=18  loss=0.2829  acc_e=94.57%  lr=1.13e-04  elapsed=3:31:14
[07:22:57][rank0] --- Validation @ step 42000 ---
[07:24:16][rank0]   val loss=0.2993  loss_e=0.1596  acc_e=94.10%  acc_l=81.27%
[07:24:16][rank0]   No improvement count: 6/10
[07:25:02][rank0] Epoch  18/30  loss=0.2830  acc_e=94.56%  acc_l=81.75%  elapsed=3:33:19
[07:26:29][rank0] step= 42500  epoch=19  loss=0.2806  acc_e=94.62%  lr=1.10e-04  elapsed=3:34:46
[07:28:41][rank0] step= 43000  epoch=19  loss=0.2814  acc_e=94.58%  lr=1.07e-04  elapsed=3:36:58
[07:30:51][rank0] step= 43500  epoch=19  loss=0.2816  acc_e=94.59%  lr=1.04e-04  elapsed=3:39:09
[07:33:04][rank0] step= 44000  epoch=19  loss=0.2815  acc_e=94.60%  lr=1.01e-04  elapsed=3:41:21
[07:33:04][rank0] --- Validation @ step 44000 ---
[07:34:23][rank0]   val loss=0.2995  loss_e=0.1597  acc_e=94.11%  acc_l=81.31%
[07:34:23][rank0]   No improvement count: 7/10
[07:36:36][rank0] step= 44500  epoch=19  loss=0.2820  acc_e=94.58%  lr=9.79e-05  elapsed=3:44:53
[07:36:40][rank0] Epoch  19/30  loss=0.2819  acc_e=94.58%  acc_l=81.82%  elapsed=3:44:57
[07:38:48][rank0] step= 45000  epoch=20  loss=0.2802  acc_e=94.59%  lr=9.49e-05  elapsed=3:47:06
[07:41:00][rank0] step= 45500  epoch=20  loss=0.2806  acc_e=94.60%  lr=9.20e-05  elapsed=3:49:17
[07:43:10][rank0] step= 46000  epoch=20  loss=0.2808  acc_e=94.62%  lr=8.92e-05  elapsed=3:51:27
[07:43:10][rank0] --- Validation @ step 46000 ---
[07:44:29][rank0]   val loss=0.2982  loss_e=0.1583  acc_e=94.21%  acc_l=81.37%
[07:44:29][rank0]   No improvement count: 8/10
[07:46:42][rank0] step= 46500  epoch=20  loss=0.2806  acc_e=94.62%  lr=8.63e-05  elapsed=3:54:59
[07:48:17][rank0] Epoch  20/30  loss=0.2810  acc_e=94.60%  acc_l=81.89%  elapsed=3:56:35
[07:48:54][rank0] step= 47000  epoch=21  loss=0.2780  acc_e=94.82%  lr=8.36e-05  elapsed=3:57:11
[07:51:06][rank0] step= 47500  epoch=21  loss=0.2791  acc_e=94.64%  lr=8.08e-05  elapsed=3:59:23
[07:53:18][rank0] step= 48000  epoch=21  loss=0.2796  acc_e=94.63%  lr=7.81e-05  elapsed=4:01:35
[07:53:18][rank0] --- Validation @ step 48000 ---
[07:54:37][rank0]   val loss=0.2986  loss_e=0.1579  acc_e=94.20%  acc_l=81.32%
[07:54:37][rank0]   No improvement count: 9/10
[07:56:49][rank0] step= 48500  epoch=21  loss=0.2799  acc_e=94.62%  lr=7.54e-05  elapsed=4:05:06
[07:59:01][rank0] step= 49000  epoch=21  loss=0.2798  acc_e=94.62%  lr=7.28e-05  elapsed=4:07:19
[07:59:55][rank0] Epoch  21/30  loss=0.2800  acc_e=94.61%  acc_l=81.96%  elapsed=4:08:12
[08:01:14][rank0] step= 49500  epoch=22  loss=0.2780  acc_e=94.69%  lr=7.02e-05  elapsed=4:09:31
[08:03:26][rank0] step= 50000  epoch=22  loss=0.2784  acc_e=94.64%  lr=6.77e-05  elapsed=4:11:43
[08:03:26][rank0] --- Validation @ step 50000 ---
[08:04:46][rank0]   val loss=0.3005  loss_e=0.1605  acc_e=94.13%  acc_l=81.31%
[08:04:46][rank0]   No improvement count: 10/10
[08:04:46][rank0]   Early stopping triggered after 10 validations without improvement.
[08:04:46][rank0] Stopping early at epoch 22/30  elapsed=4:13:03
[08:04:46][rank0] ======================================================================
[08:04:46][rank0] Training complete — OOD evaluation
[08:04:46][rank0] ======================================================================
[08:04:46][rank0] Loaded best model from /scratch/yuvraj17/adaptive_tracing_scratch/adaptive_tracer/logs/lstm_multitask_cats3_seq512_382059/model_best.pt
[08:16:25][rank0] [OOD] global validation threshold (paper_mad_sum) thr=-0.747859 F1=0.6707 bal=197476/197476 full=197,476/646,822
[08:16:25][rank0] [OOD] MAD stats event(median=0.141602, mad=0.0703125) latency(median=0.400391, mad=0.115234)
[08:16:25][rank0] [OOD] cpu     AUROC=0.6348  AUPR=0.6176  bal=197044/190902  full=197,044/190,902  F1=0.6466  P=0.5404  R=0.8047  thr=-0.747859
[08:16:25][rank0] [OOD] disk    AUROC=0.7085  AUPR=0.6823  bal=197044/123783  full=197,044/123,783  F1=0.5741  P=0.4395  R=0.8276  thr=-0.747859
[08:16:25][rank0] [OOD] mem     AUROC=0.6753  AUPR=0.7006  bal=197044/217461  full=197,044/217,461  F1=0.6847  P=0.5811  R=0.8334  thr=-0.747859
[08:16:25][rank0] [OOD] net     AUROC=0.7456  AUPR=0.6578  bal=197044/120006  full=197,044/120,006  F1=0.5996  P=0.4510  R=0.8943  thr=-0.747859
[08:16:25][rank0] OOD results -> /scratch/yuvraj17/adaptive_tracing_scratch/adaptive_tracer/logs/lstm_multitask_cats3_seq512_382059/ood_results.json
