[14:30:36][rank0] Vocab: 176 syscalls / 129 processes
[14:30:36][rank0] Train shards for this rank: 65  (total=65)  Valid shards: 22
[14:30:36][rank0] Model: TRANSFORMER  params=2,801,768
[14:30:36][rank0]   n_hidden=1024  n_layer=6  n_head=8
[14:30:36][rank0]   AMP(bf16)=True  compile=False  chk=False  DDP=False
[14:30:36][rank0]   batch=512  accum_steps=4  world_size=1  eff_batch=2048
[14:30:37][rank0] ======================================================================
[14:30:37][rank0] Starting training  device=cuda:0  total_steps~=15775  world_size=1
[14:30:37][rank0] ======================================================================
[14:34:31][rank0] Epoch   1/100  loss=3.3877  acc_e=28.88%  acc_l=0.00%  elapsed=0:03:54
[14:35:28][rank0] --- Validation @ step 200 ---
[14:35:59][rank0]   val loss=1.9592  loss_e=1.9592  acc_e=61.98%  acc_l=0.00%
[14:35:59][rank0]   New best val loss=1.9592 -> /scratch/yuvraj17/adaptive_tracing_scratch/adaptive_tracer/logs/transformer_event_cats6_10954569/model_best.pt
[14:38:56][rank0] Epoch   2/100  loss=1.7616  acc_e=67.96%  acc_l=0.00%  elapsed=0:08:19
[14:40:49][rank0] --- Validation @ step 400 ---
[14:41:19][rank0]   val loss=1.2649  loss_e=1.2649  acc_e=85.33%  acc_l=0.00%
[14:41:19][rank0]   New best val loss=1.2649 -> /scratch/yuvraj17/adaptive_tracing_scratch/adaptive_tracer/logs/transformer_event_cats6_10954569/model_best.pt
[14:43:20][rank0] Epoch   3/100  loss=1.2931  acc_e=84.28%  acc_l=0.00%  elapsed=0:12:43
[14:43:45][rank0] step=   500  epoch=4  loss=1.1638  acc_e=87.50%  lr=3.00e-04  elapsed=0:13:08
[14:46:09][rank0] --- Validation @ step 600 ---
[14:46:40][rank0]   val loss=1.1375  loss_e=1.1375  acc_e=88.99%  acc_l=0.00%
[14:46:40][rank0]   New best val loss=1.1375 -> /scratch/yuvraj17/adaptive_tracing_scratch/adaptive_tracer/logs/transformer_event_cats6_10954569/model_best.pt
[14:47:44][rank0] Epoch   4/100  loss=1.1745  acc_e=87.46%  acc_l=0.00%  elapsed=0:17:07
[14:51:28][rank0] --- Validation @ step 800 ---
[14:51:58][rank0]   val loss=1.0973  loss_e=1.0973  acc_e=89.93%  acc_l=0.00%
[14:51:58][rank0]   New best val loss=1.0973 -> /scratch/yuvraj17/adaptive_tracing_scratch/adaptive_tracer/logs/transformer_event_cats6_10954569/model_best.pt
[14:52:07][rank0] Epoch   5/100  loss=1.1275  acc_e=88.74%  acc_l=0.00%  elapsed=0:21:30
[14:55:59][rank0] Epoch   6/100  loss=1.0985  acc_e=89.64%  acc_l=0.00%  elapsed=0:25:22
[14:56:48][rank0] step=  1000  epoch=7  loss=1.0718  acc_e=90.37%  lr=2.99e-04  elapsed=0:26:11
[14:56:48][rank0] --- Validation @ step 1000 ---
[14:57:18][rank0]   val loss=1.0615  loss_e=1.0615  acc_e=91.27%  acc_l=0.00%
[14:57:18][rank0]   New best val loss=1.0615 -> /scratch/yuvraj17/adaptive_tracing_scratch/adaptive_tracer/logs/transformer_event_cats6_10954569/model_best.pt
[15:00:21][rank0] Epoch   7/100  loss=1.0730  acc_e=90.63%  acc_l=0.00%  elapsed=0:29:44
[15:02:05][rank0] --- Validation @ step 1200 ---
[15:02:36][rank0]   val loss=1.0351  loss_e=1.0351  acc_e=92.30%  acc_l=0.00%
[15:02:36][rank0]   New best val loss=1.0351 -> /scratch/yuvraj17/adaptive_tracing_scratch/adaptive_tracer/logs/transformer_event_cats6_10954569/model_best.pt
[15:04:42][rank0] Epoch   8/100  loss=1.0535  acc_e=91.39%  acc_l=0.00%  elapsed=0:34:05
[15:07:22][rank0] --- Validation @ step 1400 ---
[15:07:52][rank0]   val loss=1.0215  loss_e=1.0215  acc_e=92.81%  acc_l=0.00%
[15:07:52][rank0]   New best val loss=1.0215 -> /scratch/yuvraj17/adaptive_tracing_scratch/adaptive_tracer/logs/transformer_event_cats6_10954569/model_best.pt
[15:09:03][rank0] Epoch   9/100  loss=1.0398  acc_e=91.89%  acc_l=0.00%  elapsed=0:38:26
[15:10:15][rank0] step=  1500  epoch=10  loss=1.0279  acc_e=92.15%  lr=2.97e-04  elapsed=0:39:38
[15:12:38][rank0] --- Validation @ step 1600 ---
[15:13:08][rank0]   val loss=1.0117  loss_e=1.0117  acc_e=93.07%  acc_l=0.00%
[15:13:08][rank0]   New best val loss=1.0117 -> /scratch/yuvraj17/adaptive_tracing_scratch/adaptive_tracer/logs/transformer_event_cats6_10954569/model_best.pt
[15:13:24][rank0] Epoch  10/100  loss=1.0302  acc_e=92.23%  acc_l=0.00%  elapsed=0:42:46
[15:17:15][rank0] Epoch  11/100  loss=1.0220  acc_e=92.51%  acc_l=0.00%  elapsed=0:46:38
[15:17:57][rank0] --- Validation @ step 1800 ---
[15:18:27][rank0]   val loss=1.0039  loss_e=1.0039  acc_e=93.34%  acc_l=0.00%
[15:18:27][rank0]   New best val loss=1.0039 -> /scratch/yuvraj17/adaptive_tracing_scratch/adaptive_tracer/logs/transformer_event_cats6_10954569/model_best.pt
[15:21:36][rank0] Epoch  12/100  loss=1.0158  acc_e=92.72%  acc_l=0.00%  elapsed=0:50:59
[15:23:13][rank0] step=  2000  epoch=13  loss=1.0092  acc_e=92.83%  lr=2.93e-04  elapsed=0:52:36
[15:23:13][rank0] --- Validation @ step 2000 ---
[15:23:44][rank0]   val loss=0.9984  loss_e=0.9984  acc_e=93.48%  acc_l=0.00%
[15:23:44][rank0]   New best val loss=0.9984 -> /scratch/yuvraj17/adaptive_tracing_scratch/adaptive_tracer/logs/transformer_event_cats6_10954569/model_best.pt
[15:25:58][rank0] Epoch  13/100  loss=1.0114  acc_e=92.88%  acc_l=0.00%  elapsed=0:55:21
[15:28:31][rank0] --- Validation @ step 2200 ---
[15:29:01][rank0]   val loss=0.9975  loss_e=0.9975  acc_e=93.37%  acc_l=0.00%
[15:29:01][rank0]   New best val loss=0.9975 -> /scratch/yuvraj17/adaptive_tracing_scratch/adaptive_tracer/logs/transformer_event_cats6_10954569/model_best.pt
[15:30:19][rank0] Epoch  14/100  loss=1.0076  acc_e=93.01%  acc_l=0.00%  elapsed=0:59:42
[15:33:48][rank0] --- Validation @ step 2400 ---
[15:34:18][rank0]   val loss=0.9900  loss_e=0.9900  acc_e=93.73%  acc_l=0.00%
[15:34:18][rank0]   New best val loss=0.9900 -> /scratch/yuvraj17/adaptive_tracing_scratch/adaptive_tracer/logs/transformer_event_cats6_10954569/model_best.pt
[15:34:41][rank0] Epoch  15/100  loss=1.0037  acc_e=93.14%  acc_l=0.00%  elapsed=1:04:03
[15:36:42][rank0] step=  2500  epoch=16  loss=1.0009  acc_e=93.18%  lr=2.88e-04  elapsed=1:06:05
[15:38:33][rank0] Epoch  16/100  loss=1.0008  acc_e=93.24%  acc_l=0.00%  elapsed=1:07:56
[15:39:07][rank0] --- Validation @ step 2600 ---
[15:39:38][rank0]   val loss=0.9880  loss_e=0.9880  acc_e=93.83%  acc_l=0.00%
[15:39:38][rank0]   New best val loss=0.9880 -> /scratch/yuvraj17/adaptive_tracing_scratch/adaptive_tracer/logs/transformer_event_cats6_10954569/model_best.pt
[15:42:55][rank0] Epoch  17/100  loss=0.9983  acc_e=93.33%  acc_l=0.00%  elapsed=1:12:18
[15:44:25][rank0] --- Validation @ step 2800 ---
[15:44:55][rank0]   val loss=0.9861  loss_e=0.9861  acc_e=93.89%  acc_l=0.00%
[15:44:55][rank0]   New best val loss=0.9861 -> /scratch/yuvraj17/adaptive_tracing_scratch/adaptive_tracer/logs/transformer_event_cats6_10954569/model_best.pt
[15:47:17][rank0] Epoch  18/100  loss=0.9960  acc_e=93.41%  acc_l=0.00%  elapsed=1:16:40
[15:49:43][rank0] step=  3000  epoch=19  loss=0.9933  acc_e=93.52%  lr=2.82e-04  elapsed=1:19:06
[15:49:43][rank0] --- Validation @ step 3000 ---
[15:50:13][rank0]   val loss=0.9847  loss_e=0.9847  acc_e=93.77%  acc_l=0.00%
[15:50:13][rank0]   New best val loss=0.9847 -> /scratch/yuvraj17/adaptive_tracing_scratch/adaptive_tracer/logs/transformer_event_cats6_10954569/model_best.pt
[15:51:38][rank0] Epoch  19/100  loss=0.9938  acc_e=93.48%  acc_l=0.00%  elapsed=1:21:01
[15:54:58][rank0] --- Validation @ step 3200 ---
[15:55:28][rank0]   val loss=0.9813  loss_e=0.9813  acc_e=94.06%  acc_l=0.00%
[15:55:28][rank0]   New best val loss=0.9813 -> /scratch/yuvraj17/adaptive_tracing_scratch/adaptive_tracer/logs/transformer_event_cats6_10954569/model_best.pt
[15:55:58][rank0] Epoch  20/100  loss=0.9919  acc_e=93.55%  acc_l=0.00%  elapsed=1:25:21
[15:59:48][rank0] Epoch  21/100  loss=0.9903  acc_e=93.60%  acc_l=0.00%  elapsed=1:29:11
[16:00:15][rank0] --- Validation @ step 3400 ---
[16:00:46][rank0]   val loss=0.9799  loss_e=0.9799  acc_e=94.11%  acc_l=0.00%
[16:00:46][rank0]   New best val loss=0.9799 -> /scratch/yuvraj17/adaptive_tracing_scratch/adaptive_tracer/logs/transformer_event_cats6_10954569/model_best.pt
[16:03:07][rank0] step=  3500  epoch=22  loss=0.9887  acc_e=93.66%  lr=2.74e-04  elapsed=1:32:30
[16:04:08][rank0] Epoch  22/100  loss=0.9887  acc_e=93.66%  acc_l=0.00%  elapsed=1:33:30
[16:05:30][rank0] --- Validation @ step 3600 ---
[16:06:00][rank0]   val loss=0.9797  loss_e=0.9797  acc_e=94.12%  acc_l=0.00%
[16:06:00][rank0]   New best val loss=0.9797 -> /scratch/yuvraj17/adaptive_tracing_scratch/adaptive_tracer/logs/transformer_event_cats6_10954569/model_best.pt
[16:08:27][rank0] Epoch  23/100  loss=0.9874  acc_e=93.71%  acc_l=0.00%  elapsed=1:37:50
[16:10:45][rank0] --- Validation @ step 3800 ---
[16:11:15][rank0]   val loss=0.9783  loss_e=0.9783  acc_e=94.17%  acc_l=0.00%
[16:11:15][rank0]   New best val loss=0.9783 -> /scratch/yuvraj17/adaptive_tracing_scratch/adaptive_tracer/logs/transformer_event_cats6_10954569/model_best.pt
[16:12:48][rank0] Epoch  24/100  loss=0.9862  acc_e=93.75%  acc_l=0.00%  elapsed=1:42:10
[16:16:02][rank0] step=  4000  epoch=25  loss=0.9852  acc_e=93.78%  lr=2.65e-04  elapsed=1:45:25
[16:16:02][rank0] --- Validation @ step 4000 ---
[16:16:32][rank0]   val loss=0.9765  loss_e=0.9765  acc_e=94.21%  acc_l=0.00%
[16:16:32][rank0]   New best val loss=0.9765 -> /scratch/yuvraj17/adaptive_tracing_scratch/adaptive_tracer/logs/transformer_event_cats6_10954569/model_best.pt
[16:17:08][rank0] Epoch  25/100  loss=0.9849  acc_e=93.79%  acc_l=0.00%  elapsed=1:46:31
[16:20:57][rank0] Epoch  26/100  loss=0.9839  acc_e=93.83%  acc_l=0.00%  elapsed=1:50:20
[16:21:17][rank0] --- Validation @ step 4200 ---
[16:21:47][rank0]   val loss=0.9759  loss_e=0.9759  acc_e=94.25%  acc_l=0.00%
[16:21:47][rank0]   New best val loss=0.9759 -> /scratch/yuvraj17/adaptive_tracing_scratch/adaptive_tracer/logs/transformer_event_cats6_10954569/model_best.pt
[16:25:18][rank0] Epoch  27/100  loss=0.9830  acc_e=93.86%  acc_l=0.00%  elapsed=1:54:40
[16:26:33][rank0] --- Validation @ step 4400 ---
[16:27:03][rank0]   val loss=0.9748  loss_e=0.9748  acc_e=94.29%  acc_l=0.00%
[16:27:04][rank0]   New best val loss=0.9748 -> /scratch/yuvraj17/adaptive_tracing_scratch/adaptive_tracer/logs/transformer_event_cats6_10954569/model_best.pt
[16:29:26][rank0] step=  4500  epoch=28  loss=0.9820  acc_e=93.90%  lr=2.54e-04  elapsed=1:58:49
[16:29:38][rank0] Epoch  28/100  loss=0.9821  acc_e=93.90%  acc_l=0.00%  elapsed=1:59:01
[16:31:50][rank0] --- Validation @ step 4600 ---
[16:32:20][rank0]   val loss=0.9744  loss_e=0.9744  acc_e=94.27%  acc_l=0.00%
[16:32:20][rank0]   New best val loss=0.9744 -> /scratch/yuvraj17/adaptive_tracing_scratch/adaptive_tracer/logs/transformer_event_cats6_10954569/model_best.pt
[16:33:59][rank0] Epoch  29/100  loss=0.9813  acc_e=93.92%  acc_l=0.00%  elapsed=2:03:22
[16:37:06][rank0] --- Validation @ step 4800 ---
[16:37:36][rank0]   val loss=0.9730  loss_e=0.9730  acc_e=94.34%  acc_l=0.00%
[16:37:36][rank0]   New best val loss=0.9730 -> /scratch/yuvraj17/adaptive_tracing_scratch/adaptive_tracer/logs/transformer_event_cats6_10954569/model_best.pt
[16:38:20][rank0] Epoch  30/100  loss=0.9805  acc_e=93.95%  acc_l=0.00%  elapsed=2:07:43
[16:42:11][rank0] Epoch  31/100  loss=0.9798  acc_e=93.98%  acc_l=0.00%  elapsed=2:11:34
[16:42:24][rank0] step=  5000  epoch=32  loss=0.9748  acc_e=94.07%  lr=2.43e-04  elapsed=2:11:47
[16:42:24][rank0] --- Validation @ step 5000 ---
[16:42:54][rank0]   val loss=0.9722  loss_e=0.9722  acc_e=94.38%  acc_l=0.00%
[16:42:54][rank0]   New best val loss=0.9722 -> /scratch/yuvraj17/adaptive_tracing_scratch/adaptive_tracer/logs/transformer_event_cats6_10954569/model_best.pt
[16:42:54][rank0]   Checkpoint -> /scratch/yuvraj17/adaptive_tracing_scratch/adaptive_tracer/logs/transformer_event_cats6_10954569/ckpt_0005000.pt
[16:46:32][rank0] Epoch  32/100  loss=0.9792  acc_e=94.00%  acc_l=0.00%  elapsed=2:15:55
[16:47:40][rank0] --- Validation @ step 5200 ---
[16:48:11][rank0]   val loss=0.9720  loss_e=0.9720  acc_e=94.38%  acc_l=0.00%
[16:48:11][rank0]   New best val loss=0.9720 -> /scratch/yuvraj17/adaptive_tracing_scratch/adaptive_tracer/logs/transformer_event_cats6_10954569/model_best.pt
[16:50:53][rank0] Epoch  33/100  loss=0.9785  acc_e=94.02%  acc_l=0.00%  elapsed=2:20:16
[16:52:57][rank0] --- Validation @ step 5400 ---
[16:53:27][rank0]   val loss=0.9715  loss_e=0.9715  acc_e=94.39%  acc_l=0.00%
[16:53:27][rank0]   New best val loss=0.9715 -> /scratch/yuvraj17/adaptive_tracing_scratch/adaptive_tracer/logs/transformer_event_cats6_10954569/model_best.pt
[16:55:14][rank0] Epoch  34/100  loss=0.9781  acc_e=94.04%  acc_l=0.00%  elapsed=2:24:37
[16:55:51][rank0] step=  5500  epoch=35  loss=0.9759  acc_e=94.02%  lr=2.31e-04  elapsed=2:25:14
[16:58:14][rank0] --- Validation @ step 5600 ---
[16:58:44][rank0]   val loss=0.9704  loss_e=0.9704  acc_e=94.43%  acc_l=0.00%
[16:58:44][rank0]   New best val loss=0.9704 -> /scratch/yuvraj17/adaptive_tracing_scratch/adaptive_tracer/logs/transformer_event_cats6_10954569/model_best.pt
[16:59:35][rank0] Epoch  35/100  loss=0.9772  acc_e=94.07%  acc_l=0.00%  elapsed=2:28:58
[17:03:26][rank0] Epoch  36/100  loss=0.9768  acc_e=94.09%  acc_l=0.00%  elapsed=2:32:49
[17:03:32][rank0] --- Validation @ step 5800 ---
[17:04:02][rank0]   val loss=0.9706  loss_e=0.9706  acc_e=94.43%  acc_l=0.00%
[17:07:45][rank0] Epoch  37/100  loss=0.9762  acc_e=94.11%  acc_l=0.00%  elapsed=2:37:08
[17:08:46][rank0] step=  6000  epoch=38  loss=0.9768  acc_e=94.02%  lr=2.18e-04  elapsed=2:38:09
[17:08:46][rank0] --- Validation @ step 6000 ---
[17:09:16][rank0]   val loss=0.9700  loss_e=0.9700  acc_e=94.42%  acc_l=0.00%
[17:09:16][rank0]   New best val loss=0.9700 -> /scratch/yuvraj17/adaptive_tracing_scratch/adaptive_tracer/logs/transformer_event_cats6_10954569/model_best.pt
[17:12:05][rank0] Epoch  38/100  loss=0.9758  acc_e=94.12%  acc_l=0.00%  elapsed=2:41:28
[17:14:02][rank0] --- Validation @ step 6200 ---
[17:14:32][rank0]   val loss=0.9691  loss_e=0.9691  acc_e=94.46%  acc_l=0.00%
[17:14:33][rank0]   New best val loss=0.9691 -> /scratch/yuvraj17/adaptive_tracing_scratch/adaptive_tracer/logs/transformer_event_cats6_10954569/model_best.pt
[17:16:27][rank0] Epoch  39/100  loss=0.9752  acc_e=94.14%  acc_l=0.00%  elapsed=2:45:50
[17:19:22][rank0] --- Validation @ step 6400 ---
[17:19:53][rank0]   val loss=0.9690  loss_e=0.9690  acc_e=94.48%  acc_l=0.00%
[17:19:53][rank0]   New best val loss=0.9690 -> /scratch/yuvraj17/adaptive_tracing_scratch/adaptive_tracer/logs/transformer_event_cats6_10954569/model_best.pt
[17:20:51][rank0] Epoch  40/100  loss=0.9749  acc_e=94.15%  acc_l=0.00%  elapsed=2:50:14
[17:22:18][rank0] step=  6500  epoch=41  loss=0.9758  acc_e=94.04%  lr=2.05e-04  elapsed=2:51:41
[17:24:40][rank0] --- Validation @ step 6600 ---
[17:25:10][rank0]   val loss=0.9687  loss_e=0.9687  acc_e=94.47%  acc_l=0.00%
[17:25:10][rank0]   New best val loss=0.9687 -> /scratch/yuvraj17/adaptive_tracing_scratch/adaptive_tracer/logs/transformer_event_cats6_10954569/model_best.pt
[17:25:13][rank0] Epoch  41/100  loss=0.9744  acc_e=94.17%  acc_l=0.00%  elapsed=2:54:36
[17:29:02][rank0] Epoch  42/100  loss=0.9740  acc_e=94.19%  acc_l=0.00%  elapsed=2:58:25
[17:29:57][rank0] --- Validation @ step 6800 ---
[17:30:27][rank0]   val loss=0.9692  loss_e=0.9692  acc_e=94.47%  acc_l=0.00%
[17:33:22][rank0] Epoch  43/100  loss=0.9737  acc_e=94.20%  acc_l=0.00%  elapsed=3:02:45
[17:35:13][rank0] step=  7000  epoch=44  loss=0.9746  acc_e=94.11%  lr=1.91e-04  elapsed=3:04:36
[17:35:13][rank0] --- Validation @ step 7000 ---
[17:35:44][rank0]   val loss=0.9678  loss_e=0.9678  acc_e=94.51%  acc_l=0.00%
[17:35:44][rank0]   New best val loss=0.9678 -> /scratch/yuvraj17/adaptive_tracing_scratch/adaptive_tracer/logs/transformer_event_cats6_10954569/model_best.pt
[17:37:45][rank0] Epoch  44/100  loss=0.9733  acc_e=94.21%  acc_l=0.00%  elapsed=3:07:08
[17:40:30][rank0] --- Validation @ step 7200 ---
[17:41:01][rank0]   val loss=0.9678  loss_e=0.9678  acc_e=94.52%  acc_l=0.00%
[17:42:06][rank0] Epoch  45/100  loss=0.9730  acc_e=94.22%  acc_l=0.00%  elapsed=3:11:29
[17:45:48][rank0] --- Validation @ step 7400 ---
[17:46:19][rank0]   val loss=0.9672  loss_e=0.9672  acc_e=94.53%  acc_l=0.00%
[17:46:19][rank0]   New best val loss=0.9672 -> /scratch/yuvraj17/adaptive_tracing_scratch/adaptive_tracer/logs/transformer_event_cats6_10954569/model_best.pt
[17:46:29][rank0] Epoch  46/100  loss=0.9727  acc_e=94.23%  acc_l=0.00%  elapsed=3:15:52
[17:48:43][rank0] step=  7500  epoch=47  loss=0.9728  acc_e=94.20%  lr=1.76e-04  elapsed=3:18:06
[17:50:20][rank0] Epoch  47/100  loss=0.9725  acc_e=94.24%  acc_l=0.00%  elapsed=3:19:43
[17:51:07][rank0] --- Validation @ step 7600 ---
[17:51:38][rank0]   val loss=0.9673  loss_e=0.9673  acc_e=94.53%  acc_l=0.00%
[17:54:41][rank0] Epoch  48/100  loss=0.9721  acc_e=94.26%  acc_l=0.00%  elapsed=3:24:04
[17:56:24][rank0] --- Validation @ step 7800 ---
[17:56:54][rank0]   val loss=0.9666  loss_e=0.9666  acc_e=94.56%  acc_l=0.00%
[17:56:54][rank0]   New best val loss=0.9666 -> /scratch/yuvraj17/adaptive_tracing_scratch/adaptive_tracer/logs/transformer_event_cats6_10954569/model_best.pt
[17:59:02][rank0] Epoch  49/100  loss=0.9718  acc_e=94.27%  acc_l=0.00%  elapsed=3:28:25
[18:01:41][rank0] step=  8000  epoch=50  loss=0.9710  acc_e=94.30%  lr=1.62e-04  elapsed=3:31:03
[18:01:41][rank0] --- Validation @ step 8000 ---
[18:02:11][rank0]   val loss=0.9671  loss_e=0.9671  acc_e=94.53%  acc_l=0.00%
[18:03:23][rank0] Epoch  50/100  loss=0.9716  acc_e=94.28%  acc_l=0.00%  elapsed=3:32:46
[18:06:58][rank0] --- Validation @ step 8200 ---
[18:07:29][rank0]   val loss=0.9662  loss_e=0.9662  acc_e=94.56%  acc_l=0.00%
[18:07:29][rank0]   New best val loss=0.9662 -> /scratch/yuvraj17/adaptive_tracing_scratch/adaptive_tracer/logs/transformer_event_cats6_10954569/model_best.pt
[18:07:46][rank0] Epoch  51/100  loss=0.9713  acc_e=94.29%  acc_l=0.00%  elapsed=3:37:09
[18:11:38][rank0] Epoch  52/100  loss=0.9711  acc_e=94.29%  acc_l=0.00%  elapsed=3:41:00
[18:12:18][rank0] --- Validation @ step 8400 ---
[18:12:48][rank0]   val loss=0.9663  loss_e=0.9663  acc_e=94.54%  acc_l=0.00%
[18:15:10][rank0] step=  8500  epoch=53  loss=0.9708  acc_e=94.31%  lr=1.47e-04  elapsed=3:44:33
[18:15:58][rank0] Epoch  53/100  loss=0.9709  acc_e=94.30%  acc_l=0.00%  elapsed=3:45:21
[18:17:35][rank0] --- Validation @ step 8600 ---
[18:18:05][rank0]   val loss=0.9659  loss_e=0.9659  acc_e=94.59%  acc_l=0.00%
[18:18:06][rank0]   New best val loss=0.9659 -> /scratch/yuvraj17/adaptive_tracing_scratch/adaptive_tracer/logs/transformer_event_cats6_10954569/model_best.pt
[18:20:22][rank0] Epoch  54/100  loss=0.9706  acc_e=94.31%  acc_l=0.00%  elapsed=3:49:45
[18:22:56][rank0] --- Validation @ step 8800 ---
[18:23:26][rank0]   val loss=0.9663  loss_e=0.9663  acc_e=94.56%  acc_l=0.00%
[18:24:46][rank0] Epoch  55/100  loss=0.9704  acc_e=94.32%  acc_l=0.00%  elapsed=3:54:09
[18:28:15][rank0] step=  9000  epoch=56  loss=0.9700  acc_e=94.34%  lr=1.32e-04  elapsed=3:57:38
[18:28:15][rank0] --- Validation @ step 9000 ---
[18:28:46][rank0]   val loss=0.9656  loss_e=0.9656  acc_e=94.58%  acc_l=0.00%
[18:28:46][rank0]   New best val loss=0.9656 -> /scratch/yuvraj17/adaptive_tracing_scratch/adaptive_tracer/logs/transformer_event_cats6_10954569/model_best.pt
[18:29:10][rank0] Epoch  56/100  loss=0.9702  acc_e=94.32%  acc_l=0.00%  elapsed=3:58:33
[18:33:03][rank0] Epoch  57/100  loss=0.9700  acc_e=94.33%  acc_l=0.00%  elapsed=4:02:26
[18:33:36][rank0] --- Validation @ step 9200 ---
[18:34:07][rank0]   val loss=0.9656  loss_e=0.9656  acc_e=94.60%  acc_l=0.00%
[18:37:27][rank0] Epoch  58/100  loss=0.9697  acc_e=94.34%  acc_l=0.00%  elapsed=4:06:50
[18:38:57][rank0] --- Validation @ step 9400 ---
[18:39:27][rank0]   val loss=0.9653  loss_e=0.9653  acc_e=94.61%  acc_l=0.00%
[18:39:28][rank0]   New best val loss=0.9653 -> /scratch/yuvraj17/adaptive_tracing_scratch/adaptive_tracer/logs/transformer_event_cats6_10954569/model_best.pt
[18:41:51][rank0] Epoch  59/100  loss=0.9696  acc_e=94.34%  acc_l=0.00%  elapsed=4:11:14
[18:41:53][rank0] step=  9500  epoch=60  loss=0.9707  acc_e=94.25%  lr=1.18e-04  elapsed=4:11:15
[18:44:16][rank0] --- Validation @ step 9600 ---
[18:44:47][rank0]   val loss=0.9656  loss_e=0.9656  acc_e=94.58%  acc_l=0.00%
[18:46:15][rank0] Epoch  60/100  loss=0.9694  acc_e=94.35%  acc_l=0.00%  elapsed=4:15:38
[18:49:37][rank0] --- Validation @ step 9800 ---
[18:50:08][rank0]   val loss=0.9648  loss_e=0.9648  acc_e=94.61%  acc_l=0.00%
[18:50:08][rank0]   New best val loss=0.9648 -> /scratch/yuvraj17/adaptive_tracing_scratch/adaptive_tracer/logs/transformer_event_cats6_10954569/model_best.pt
[18:50:39][rank0] Epoch  61/100  loss=0.9692  acc_e=94.36%  acc_l=0.00%  elapsed=4:20:02
[18:54:33][rank0] Epoch  62/100  loss=0.9691  acc_e=94.36%  acc_l=0.00%  elapsed=4:23:56
[18:55:00][rank0] step= 10000  epoch=63  loss=0.9677  acc_e=94.34%  lr=1.04e-04  elapsed=4:24:23
[18:55:00][rank0] --- Validation @ step 10000 ---
[18:55:30][rank0]   val loss=0.9649  loss_e=0.9649  acc_e=94.61%  acc_l=0.00%
[18:55:30][rank0]   Checkpoint -> /scratch/yuvraj17/adaptive_tracing_scratch/adaptive_tracer/logs/transformer_event_cats6_10954569/ckpt_0010000.pt
[18:58:57][rank0] Epoch  63/100  loss=0.9689  acc_e=94.37%  acc_l=0.00%  elapsed=4:28:20
[19:00:19][rank0] --- Validation @ step 10200 ---
[19:00:50][rank0]   val loss=0.9650  loss_e=0.9650  acc_e=94.61%  acc_l=0.00%
[19:03:21][rank0] Epoch  64/100  loss=0.9687  acc_e=94.38%  acc_l=0.00%  elapsed=4:32:44
[19:05:40][rank0] --- Validation @ step 10400 ---
[19:06:10][rank0]   val loss=0.9647  loss_e=0.9647  acc_e=94.62%  acc_l=0.00%
[19:06:11][rank0]   New best val loss=0.9647 -> /scratch/yuvraj17/adaptive_tracing_scratch/adaptive_tracer/logs/transformer_event_cats6_10954569/model_best.pt
[19:07:45][rank0] Epoch  65/100  loss=0.9686  acc_e=94.38%  acc_l=0.00%  elapsed=4:37:08
[19:08:36][rank0] step= 10500  epoch=66  loss=0.9699  acc_e=94.25%  lr=9.10e-05  elapsed=4:37:59
[19:11:00][rank0] --- Validation @ step 10600 ---
[19:11:31][rank0]   val loss=0.9645  loss_e=0.9645  acc_e=94.61%  acc_l=0.00%
[19:11:31][rank0]   New best val loss=0.9645 -> /scratch/yuvraj17/adaptive_tracing_scratch/adaptive_tracer/logs/transformer_event_cats6_10954569/model_best.pt
[19:12:09][rank0] Epoch  66/100  loss=0.9685  acc_e=94.38%  acc_l=0.00%  elapsed=4:41:32
[19:16:03][rank0] Epoch  67/100  loss=0.9684  acc_e=94.38%  acc_l=0.00%  elapsed=4:45:26
[19:16:22][rank0] --- Validation @ step 10800 ---
[19:16:53][rank0]   val loss=0.9648  loss_e=0.9648  acc_e=94.62%  acc_l=0.00%
[19:20:26][rank0] Epoch  68/100  loss=0.9683  acc_e=94.39%  acc_l=0.00%  elapsed=4:49:49
[19:21:41][rank0] step= 11000  epoch=69  loss=0.9699  acc_e=94.26%  lr=7.84e-05  elapsed=4:51:04
[19:21:41][rank0] --- Validation @ step 11000 ---
[19:22:12][rank0]   val loss=0.9644  loss_e=0.9644  acc_e=94.63%  acc_l=0.00%
[19:22:12][rank0]   New best val loss=0.9644 -> /scratch/yuvraj17/adaptive_tracing_scratch/adaptive_tracer/logs/transformer_event_cats6_10954569/model_best.pt
[19:24:50][rank0] Epoch  69/100  loss=0.9682  acc_e=94.39%  acc_l=0.00%  elapsed=4:54:13
[19:27:02][rank0] --- Validation @ step 11200 ---
[19:27:33][rank0]   val loss=0.9646  loss_e=0.9646  acc_e=94.61%  acc_l=0.00%
[19:29:15][rank0] Epoch  70/100  loss=0.9681  acc_e=94.40%  acc_l=0.00%  elapsed=4:58:38
[19:32:22][rank0] --- Validation @ step 11400 ---
[19:32:52][rank0]   val loss=0.9638  loss_e=0.9638  acc_e=94.65%  acc_l=0.00%
[19:32:52][rank0]   New best val loss=0.9638 -> /scratch/yuvraj17/adaptive_tracing_scratch/adaptive_tracer/logs/transformer_event_cats6_10954569/model_best.pt
[19:33:37][rank0] Epoch  71/100  loss=0.9680  acc_e=94.40%  acc_l=0.00%  elapsed=5:03:00
[19:35:16][rank0] step= 11500  epoch=72  loss=0.9693  acc_e=94.29%  lr=6.66e-05  elapsed=5:04:39
[19:37:29][rank0] Epoch  72/100  loss=0.9679  acc_e=94.41%  acc_l=0.00%  elapsed=5:06:52
[19:37:41][rank0] --- Validation @ step 11600 ---
[19:38:11][rank0]   val loss=0.9643  loss_e=0.9643  acc_e=94.64%  acc_l=0.00%
[19:41:51][rank0] Epoch  73/100  loss=0.9678  acc_e=94.41%  acc_l=0.00%  elapsed=5:11:14
[19:42:58][rank0] --- Validation @ step 11800 ---
[19:43:29][rank0]   val loss=0.9641  loss_e=0.9641  acc_e=94.65%  acc_l=0.00%
[19:46:12][rank0] Epoch  74/100  loss=0.9677  acc_e=94.41%  acc_l=0.00%  elapsed=5:15:35
[19:48:15][rank0] step= 12000  epoch=75  loss=0.9689  acc_e=94.33%  lr=5.58e-05  elapsed=5:17:38
[19:48:15][rank0] --- Validation @ step 12000 ---
[19:48:45][rank0]   val loss=0.9638  loss_e=0.9638  acc_e=94.64%  acc_l=0.00%
[19:50:33][rank0] Epoch  75/100  loss=0.9676  acc_e=94.41%  acc_l=0.00%  elapsed=5:19:56
[19:53:31][rank0] --- Validation @ step 12200 ---
[19:54:02][rank0]   val loss=0.9637  loss_e=0.9637  acc_e=94.65%  acc_l=0.00%
[19:54:02][rank0]   New best val loss=0.9637 -> /scratch/yuvraj17/adaptive_tracing_scratch/adaptive_tracer/logs/transformer_event_cats6_10954569/model_best.pt
[19:54:54][rank0] Epoch  76/100  loss=0.9675  acc_e=94.42%  acc_l=0.00%  elapsed=5:24:17
[19:58:44][rank0] Epoch  77/100  loss=0.9674  acc_e=94.42%  acc_l=0.00%  elapsed=5:28:07
[19:58:48][rank0] --- Validation @ step 12400 ---
[19:59:19][rank0]   val loss=0.9634  loss_e=0.9634  acc_e=94.65%  acc_l=0.00%
[19:59:19][rank0]   New best val loss=0.9634 -> /scratch/yuvraj17/adaptive_tracing_scratch/adaptive_tracer/logs/transformer_event_cats6_10954569/model_best.pt
[20:01:41][rank0] step= 12500  epoch=78  loss=0.9664  acc_e=94.46%  lr=4.61e-05  elapsed=5:31:04
[20:03:05][rank0] Epoch  78/100  loss=0.9674  acc_e=94.42%  acc_l=0.00%  elapsed=5:32:27
[20:04:04][rank0] --- Validation @ step 12600 ---
[20:04:34][rank0]   val loss=0.9638  loss_e=0.9638  acc_e=94.66%  acc_l=0.00%
[20:07:25][rank0] Epoch  79/100  loss=0.9673  acc_e=94.42%  acc_l=0.00%  elapsed=5:36:48
[20:09:21][rank0] --- Validation @ step 12800 ---
[20:09:51][rank0]   val loss=0.9636  loss_e=0.9636  acc_e=94.64%  acc_l=0.00%
[20:11:46][rank0] Epoch  80/100  loss=0.9673  acc_e=94.43%  acc_l=0.00%  elapsed=5:41:09
[20:14:37][rank0] step= 13000  epoch=81  loss=0.9669  acc_e=94.43%  lr=3.76e-05  elapsed=5:44:00
[20:14:37][rank0] --- Validation @ step 13000 ---
[20:15:07][rank0]   val loss=0.9634  loss_e=0.9634  acc_e=94.65%  acc_l=0.00%
[20:15:07][rank0]   New best val loss=0.9634 -> /scratch/yuvraj17/adaptive_tracing_scratch/adaptive_tracer/logs/transformer_event_cats6_10954569/model_best.pt
[20:16:07][rank0] Epoch  81/100  loss=0.9672  acc_e=94.43%  acc_l=0.00%  elapsed=5:45:29
[20:19:53][rank0] --- Validation @ step 13200 ---
[20:20:23][rank0]   val loss=0.9636  loss_e=0.9636  acc_e=94.65%  acc_l=0.00%
[20:20:27][rank0] Epoch  82/100  loss=0.9672  acc_e=94.43%  acc_l=0.00%  elapsed=5:49:50
[20:24:17][rank0] Epoch  83/100  loss=0.9671  acc_e=94.43%  acc_l=0.00%  elapsed=5:53:40
[20:25:10][rank0] --- Validation @ step 13400 ---
[20:25:40][rank0]   val loss=0.9640  loss_e=0.9640  acc_e=94.65%  acc_l=0.00%
[20:28:02][rank0] step= 13500  epoch=84  loss=0.9671  acc_e=94.43%  lr=3.03e-05  elapsed=5:57:25
[20:28:37][rank0] Epoch  84/100  loss=0.9671  acc_e=94.43%  acc_l=0.00%  elapsed=5:58:00
[20:30:25][rank0] --- Validation @ step 13600 ---
[20:30:55][rank0]   val loss=0.9634  loss_e=0.9634  acc_e=94.67%  acc_l=0.00%
[20:32:57][rank0] Epoch  85/100  loss=0.9670  acc_e=94.43%  acc_l=0.00%  elapsed=6:02:20
[20:35:42][rank0] --- Validation @ step 13800 ---
[20:36:12][rank0]   val loss=0.9634  loss_e=0.9634  acc_e=94.66%  acc_l=0.00%
[20:37:18][rank0] Epoch  86/100  loss=0.9670  acc_e=94.44%  acc_l=0.00%  elapsed=6:06:41
[20:40:57][rank0] step= 14000  epoch=87  loss=0.9668  acc_e=94.44%  lr=2.44e-05  elapsed=6:10:20
[20:40:57][rank0] --- Validation @ step 14000 ---
[20:41:27][rank0]   val loss=0.9633  loss_e=0.9633  acc_e=94.67%  acc_l=0.00%
[20:41:27][rank0]   New best val loss=0.9633 -> /scratch/yuvraj17/adaptive_tracing_scratch/adaptive_tracer/logs/transformer_event_cats6_10954569/model_best.pt
[20:41:38][rank0] Epoch  87/100  loss=0.9670  acc_e=94.44%  acc_l=0.00%  elapsed=6:11:01
[20:45:29][rank0] Epoch  88/100  loss=0.9670  acc_e=94.44%  acc_l=0.00%  elapsed=6:14:52
[20:46:15][rank0] --- Validation @ step 14200 ---
[20:46:45][rank0]   val loss=0.9637  loss_e=0.9637  acc_e=94.67%  acc_l=0.00%
[20:49:49][rank0] Epoch  89/100  loss=0.9669  acc_e=94.44%  acc_l=0.00%  elapsed=6:19:12
[20:51:31][rank0] --- Validation @ step 14400 ---
[20:52:01][rank0]   val loss=0.9635  loss_e=0.9635  acc_e=94.67%  acc_l=0.00%
[20:54:10][rank0] Epoch  90/100  loss=0.9669  acc_e=94.44%  acc_l=0.00%  elapsed=6:23:33
[20:54:25][rank0] step= 14500  epoch=91  loss=0.9646  acc_e=94.47%  lr=1.99e-05  elapsed=6:23:48
[20:56:47][rank0] --- Validation @ step 14600 ---
[20:57:18][rank0]   val loss=0.9639  loss_e=0.9639  acc_e=94.67%  acc_l=0.00%
[20:58:31][rank0] Epoch  91/100  loss=0.9669  acc_e=94.44%  acc_l=0.00%  elapsed=6:27:54
[21:02:04][rank0] --- Validation @ step 14800 ---
[21:02:34][rank0]   val loss=0.9633  loss_e=0.9633  acc_e=94.67%  acc_l=0.00%
[21:02:52][rank0] Epoch  92/100  loss=0.9669  acc_e=94.44%  acc_l=0.00%  elapsed=6:32:15
[21:06:43][rank0] Epoch  93/100  loss=0.9669  acc_e=94.44%  acc_l=0.00%  elapsed=6:36:06
[21:07:21][rank0] step= 15000  epoch=94  loss=0.9677  acc_e=94.33%  lr=1.68e-05  elapsed=6:36:44
[21:07:21][rank0] --- Validation @ step 15000 ---
[21:07:52][rank0]   val loss=0.9634  loss_e=0.9634  acc_e=94.67%  acc_l=0.00%
[21:07:52][rank0]   Checkpoint -> /scratch/yuvraj17/adaptive_tracing_scratch/adaptive_tracer/logs/transformer_event_cats6_10954569/ckpt_0015000.pt
[21:11:03][rank0] Epoch  94/100  loss=0.9669  acc_e=94.44%  acc_l=0.00%  elapsed=6:40:26
[21:12:37][rank0] --- Validation @ step 15200 ---
[21:13:07][rank0]   val loss=0.9637  loss_e=0.9637  acc_e=94.67%  acc_l=0.00%
[21:15:24][rank0] Epoch  95/100  loss=0.9668  acc_e=94.45%  acc_l=0.00%  elapsed=6:44:46
[21:17:53][rank0] --- Validation @ step 15400 ---
[21:18:23][rank0]   val loss=0.9640  loss_e=0.9640  acc_e=94.66%  acc_l=0.00%
[21:19:44][rank0] Epoch  96/100  loss=0.9668  acc_e=94.45%  acc_l=0.00%  elapsed=6:49:07
[21:20:46][rank0] step= 15500  epoch=97  loss=0.9684  acc_e=94.32%  lr=1.52e-05  elapsed=6:50:09
[21:23:09][rank0] --- Validation @ step 15600 ---
[21:23:39][rank0]   val loss=0.9633  loss_e=0.9633  acc_e=94.66%  acc_l=0.00%
[21:24:04][rank0] Epoch  97/100  loss=0.9668  acc_e=94.45%  acc_l=0.00%  elapsed=6:53:27
[21:27:55][rank0] Epoch  98/100  loss=0.9668  acc_e=94.45%  acc_l=0.00%  elapsed=6:57:17
[21:28:26][rank0] --- Validation @ step 15800 ---
[21:28:57][rank0]   val loss=0.9634  loss_e=0.9634  acc_e=94.67%  acc_l=0.00%
[21:32:15][rank0] Epoch  99/100  loss=0.9667  acc_e=94.45%  acc_l=0.00%  elapsed=7:01:38
[21:33:42][rank0] step= 16000  epoch=100  loss=0.9687  acc_e=94.31%  lr=1.52e-05  elapsed=7:03:05
[21:33:42][rank0] --- Validation @ step 16000 ---
[21:34:13][rank0]   val loss=0.9635  loss_e=0.9635  acc_e=94.67%  acc_l=0.00%
[21:36:36][rank0] Epoch 100/100  loss=0.9668  acc_e=94.45%  acc_l=0.00%  elapsed=7:05:59
[21:36:36][rank0] ======================================================================
[21:36:36][rank0] Training complete — OOD evaluation
[21:36:36][rank0] ======================================================================
[21:36:36][rank0] Loaded best model from /scratch/yuvraj17/adaptive_tracing_scratch/adaptive_tracer/logs/transformer_event_cats6_10954569/model_best.pt
[21:39:41][rank0] [OOD] cpu     AUROC=0.6162  AUPR=0.5990  bal=108483/108483  full=108,483/220,454  F1=0.6733  P=0.5455  R=0.8793  thr=0.169034
[21:43:13][rank0] [OOD] disk    AUROC=0.5361  AUPR=0.5276  bal=108483/108483  full=108,483/268,102  F1=0.6766  P=0.5473  R=0.8859  thr=0.169034
[21:46:24][rank0] [OOD] mem     AUROC=0.6039  AUPR=0.5981  bal=108483/108483  full=108,483/234,136  F1=0.6763  P=0.5225  R=0.9584  thr=0.138568
[21:48:33][rank0] [OOD] net     AUROC=0.7195  AUPR=0.7533  bal=108483/108483  full=108,483/120,006  F1=0.6806  P=0.5495  R=0.8938  thr=0.169034
[21:48:33][rank0] OOD results -> /scratch/yuvraj17/adaptive_tracing_scratch/adaptive_tracer/logs/transformer_event_cats6_10954569/ood_results.json
