[03:57:10][rank0] Vocab: 175 syscalls / 113 processes
[03:57:10][rank0] Train shards for this rank: 119  (total=119)  Valid shards: 40
[03:57:10][rank0] Model: LSTM  params=46,898,770
[03:57:10][rank0]   n_hidden=1024  n_layer=6  n_head=8
[03:57:10][rank0]   AMP(bf16)=True  compile=False  chk=False  DDP=False
[03:57:10][rank0]   batch=64  accum_steps=4  world_size=1  eff_batch=256
[03:57:10][rank0] ======================================================================
[03:57:10][rank0] Starting training  device=cuda:0  total_steps~=69525  world_size=1
[03:57:10][rank0] ======================================================================
[03:59:22][rank0] step=   500  epoch=1  loss=2.0070  acc_e=0.00%  lr=3.00e-04  elapsed=0:02:11
[04:01:33][rank0] step=  1000  epoch=1  loss=1.7874  acc_e=0.00%  lr=3.00e-04  elapsed=0:04:23
[04:03:44][rank0] step=  1500  epoch=1  loss=1.6393  acc_e=0.00%  lr=3.00e-04  elapsed=0:06:33
[04:05:57][rank0] step=  2000  epoch=1  loss=1.5433  acc_e=0.00%  lr=3.00e-04  elapsed=0:08:46
[04:05:57][rank0] --- Validation @ step 2000 ---
[04:07:16][rank0]   val loss=1.2287  loss_e=0.0000  acc_e=0.00%  acc_l=50.95%
[04:07:16][rank0]   New best val loss=1.2287 -> /scratch/yuvraj17/adaptive_tracing_scratch/adaptive_tracer/logs/lstm_duration_cats9_seq512_382083/model_best.pt
[04:08:47][rank0] Epoch   1/30  loss=1.4978  acc_e=0.00%  acc_l=41.20%  elapsed=0:11:36
[04:09:28][rank0] step=  2500  epoch=2  loss=1.2184  acc_e=0.00%  lr=2.99e-04  elapsed=0:12:17
[04:11:41][rank0] step=  3000  epoch=2  loss=1.1985  acc_e=0.00%  lr=2.99e-04  elapsed=0:14:30
[04:13:53][rank0] step=  3500  epoch=2  loss=1.1906  acc_e=0.00%  lr=2.99e-04  elapsed=0:16:42
[04:16:05][rank0] step=  4000  epoch=2  loss=1.1835  acc_e=0.00%  lr=2.98e-04  elapsed=0:18:55
[04:16:05][rank0] --- Validation @ step 4000 ---
[04:17:24][rank0]   val loss=1.1414  loss_e=0.0000  acc_e=0.00%  acc_l=54.53%
[04:17:25][rank0]   New best val loss=1.1414 -> /scratch/yuvraj17/adaptive_tracing_scratch/adaptive_tracer/logs/lstm_duration_cats9_seq512_382083/model_best.pt
[04:19:37][rank0] step=  4500  epoch=2  loss=1.1771  acc_e=0.00%  lr=2.98e-04  elapsed=0:22:26
[04:20:27][rank0] Epoch   2/30  loss=1.1752  acc_e=0.00%  acc_l=53.02%  elapsed=0:23:16
[04:21:50][rank0] step=  5000  epoch=3  loss=1.1405  acc_e=0.00%  lr=2.97e-04  elapsed=0:24:39
[04:24:03][rank0] step=  5500  epoch=3  loss=1.1387  acc_e=0.00%  lr=2.96e-04  elapsed=0:26:52
[04:26:15][rank0] step=  6000  epoch=3  loss=1.1387  acc_e=0.00%  lr=2.96e-04  elapsed=0:29:04
[04:26:15][rank0] --- Validation @ step 6000 ---
[04:27:33][rank0]   val loss=1.1189  loss_e=0.0000  acc_e=0.00%  acc_l=55.24%
[04:27:34][rank0]   New best val loss=1.1189 -> /scratch/yuvraj17/adaptive_tracing_scratch/adaptive_tracer/logs/lstm_duration_cats9_seq512_382083/model_best.pt
[04:29:47][rank0] step=  6500  epoch=3  loss=1.1352  acc_e=0.00%  lr=2.95e-04  elapsed=0:32:36
[04:32:00][rank0] step=  7000  epoch=3  loss=1.1334  acc_e=0.00%  lr=2.94e-04  elapsed=0:34:49
[04:32:07][rank0] Epoch   3/30  loss=1.1332  acc_e=0.00%  acc_l=54.66%  elapsed=0:34:56
[04:34:13][rank0] step=  7500  epoch=4  loss=1.1157  acc_e=0.00%  lr=2.93e-04  elapsed=0:37:03
[04:36:26][rank0] step=  8000  epoch=4  loss=1.1158  acc_e=0.00%  lr=2.92e-04  elapsed=0:39:15
[04:36:26][rank0] --- Validation @ step 8000 ---
[04:37:45][rank0]   val loss=1.1066  loss_e=0.0000  acc_e=0.00%  acc_l=55.84%
[04:37:45][rank0]   New best val loss=1.1066 -> /scratch/yuvraj17/adaptive_tracing_scratch/adaptive_tracer/logs/lstm_duration_cats9_seq512_382083/model_best.pt
[04:39:57][rank0] step=  8500  epoch=4  loss=1.1173  acc_e=0.00%  lr=2.91e-04  elapsed=0:42:46
[04:42:10][rank0] step=  9000  epoch=4  loss=1.1146  acc_e=0.00%  lr=2.89e-04  elapsed=0:45:00
[04:43:50][rank0] Epoch   4/30  loss=1.1141  acc_e=0.00%  acc_l=55.41%  elapsed=0:46:39
[04:44:24][rank0] step=  9500  epoch=5  loss=1.1077  acc_e=0.00%  lr=2.88e-04  elapsed=0:47:13
[04:46:37][rank0] step= 10000  epoch=5  loss=1.1034  acc_e=0.00%  lr=2.87e-04  elapsed=0:49:26
[04:46:37][rank0] --- Validation @ step 10000 ---
[04:47:56][rank0]   val loss=1.0975  loss_e=0.0000  acc_e=0.00%  acc_l=56.16%
[04:47:56][rank0]   New best val loss=1.0975 -> /scratch/yuvraj17/adaptive_tracing_scratch/adaptive_tracer/logs/lstm_duration_cats9_seq512_382083/model_best.pt
[04:47:57][rank0]   Checkpoint -> /scratch/yuvraj17/adaptive_tracing_scratch/adaptive_tracer/logs/lstm_duration_cats9_seq512_382083/ckpt_0010000.pt
[04:50:09][rank0] step= 10500  epoch=5  loss=1.1037  acc_e=0.00%  lr=2.85e-04  elapsed=0:52:58
[04:52:22][rank0] step= 11000  epoch=5  loss=1.1035  acc_e=0.00%  lr=2.84e-04  elapsed=0:55:11
[04:54:35][rank0] step= 11500  epoch=5  loss=1.1021  acc_e=0.00%  lr=2.83e-04  elapsed=0:57:24
[04:55:32][rank0] Epoch   5/30  loss=1.1021  acc_e=0.00%  acc_l=55.89%  elapsed=0:58:21
[04:56:48][rank0] step= 12000  epoch=6  loss=1.0936  acc_e=0.00%  lr=2.81e-04  elapsed=0:59:37
[04:56:48][rank0] --- Validation @ step 12000 ---
[04:58:07][rank0]   val loss=1.0937  loss_e=0.0000  acc_e=0.00%  acc_l=56.32%
[04:58:08][rank0]   New best val loss=1.0937 -> /scratch/yuvraj17/adaptive_tracing_scratch/adaptive_tracer/logs/lstm_duration_cats9_seq512_382083/model_best.pt
[05:00:21][rank0] step= 12500  epoch=6  loss=1.0935  acc_e=0.00%  lr=2.79e-04  elapsed=1:03:10
[05:02:33][rank0] step= 13000  epoch=6  loss=1.0947  acc_e=0.00%  lr=2.78e-04  elapsed=1:05:22
[05:04:47][rank0] step= 13500  epoch=6  loss=1.0938  acc_e=0.00%  lr=2.76e-04  elapsed=1:07:36
[05:07:00][rank0] step= 14000  epoch=6  loss=1.0939  acc_e=0.00%  lr=2.74e-04  elapsed=1:09:49
[05:07:00][rank0] --- Validation @ step 14000 ---
[05:08:18][rank0]   val loss=1.0915  loss_e=0.0000  acc_e=0.00%  acc_l=56.47%
[05:08:19][rank0]   New best val loss=1.0915 -> /scratch/yuvraj17/adaptive_tracing_scratch/adaptive_tracer/logs/lstm_duration_cats9_seq512_382083/model_best.pt
[05:08:34][rank0] Epoch   6/30  loss=1.0935  acc_e=0.00%  acc_l=56.23%  elapsed=1:11:24
[05:10:33][rank0] step= 14500  epoch=7  loss=1.0860  acc_e=0.00%  lr=2.72e-04  elapsed=1:13:22
[05:12:47][rank0] step= 15000  epoch=7  loss=1.0859  acc_e=0.00%  lr=2.70e-04  elapsed=1:15:36
[05:14:58][rank0] step= 15500  epoch=7  loss=1.0884  acc_e=0.00%  lr=2.68e-04  elapsed=1:17:47
[05:17:12][rank0] step= 16000  epoch=7  loss=1.0868  acc_e=0.00%  lr=2.66e-04  elapsed=1:20:01
[05:17:12][rank0] --- Validation @ step 16000 ---
[05:18:31][rank0]   val loss=1.0868  loss_e=0.0000  acc_e=0.00%  acc_l=56.65%
[05:18:31][rank0]   New best val loss=1.0868 -> /scratch/yuvraj17/adaptive_tracing_scratch/adaptive_tracer/logs/lstm_duration_cats9_seq512_382083/model_best.pt
[05:20:19][rank0] Epoch   7/30  loss=1.0868  acc_e=0.00%  acc_l=56.50%  elapsed=1:23:08
[05:20:45][rank0] step= 16500  epoch=8  loss=1.0822  acc_e=0.00%  lr=2.64e-04  elapsed=1:23:35
[05:22:59][rank0] step= 17000  epoch=8  loss=1.0814  acc_e=0.00%  lr=2.62e-04  elapsed=1:25:48
[05:25:12][rank0] step= 17500  epoch=8  loss=1.0814  acc_e=0.00%  lr=2.59e-04  elapsed=1:28:01
[05:27:25][rank0] step= 18000  epoch=8  loss=1.0819  acc_e=0.00%  lr=2.57e-04  elapsed=1:30:14
[05:27:25][rank0] --- Validation @ step 18000 ---
[05:28:44][rank0]   val loss=1.0869  loss_e=0.0000  acc_e=0.00%  acc_l=56.68%
[05:28:44][rank0]   No improvement count: 1/10
[05:30:58][rank0] step= 18500  epoch=8  loss=1.0809  acc_e=0.00%  lr=2.55e-04  elapsed=1:33:47
[05:32:03][rank0] Epoch   8/30  loss=1.0810  acc_e=0.00%  acc_l=56.74%  elapsed=1:34:52
[05:33:11][rank0] step= 19000  epoch=9  loss=1.0769  acc_e=0.00%  lr=2.52e-04  elapsed=1:36:00
[05:35:25][rank0] step= 19500  epoch=9  loss=1.0753  acc_e=0.00%  lr=2.50e-04  elapsed=1:38:14
[05:37:38][rank0] step= 20000  epoch=9  loss=1.0763  acc_e=0.00%  lr=2.47e-04  elapsed=1:40:27
[05:37:38][rank0] --- Validation @ step 20000 ---
[05:38:57][rank0]   val loss=1.0836  loss_e=0.0000  acc_e=0.00%  acc_l=56.78%
[05:38:57][rank0]   New best val loss=1.0836 -> /scratch/yuvraj17/adaptive_tracing_scratch/adaptive_tracer/logs/lstm_duration_cats9_seq512_382083/model_best.pt
[05:38:57][rank0]   Checkpoint -> /scratch/yuvraj17/adaptive_tracing_scratch/adaptive_tracer/logs/lstm_duration_cats9_seq512_382083/ckpt_0020000.pt
[05:41:11][rank0] step= 20500  epoch=9  loss=1.0757  acc_e=0.00%  lr=2.45e-04  elapsed=1:44:01
[05:43:24][rank0] step= 21000  epoch=9  loss=1.0762  acc_e=0.00%  lr=2.42e-04  elapsed=1:46:13
[05:43:48][rank0] Epoch   9/30  loss=1.0759  acc_e=0.00%  acc_l=56.95%  elapsed=1:46:37
[05:45:39][rank0] step= 21500  epoch=10  loss=1.0692  acc_e=0.00%  lr=2.40e-04  elapsed=1:48:28
[05:47:52][rank0] step= 22000  epoch=10  loss=1.0700  acc_e=0.00%  lr=2.37e-04  elapsed=1:50:41
[05:47:52][rank0] --- Validation @ step 22000 ---
[05:49:11][rank0]   val loss=1.0835  loss_e=0.0000  acc_e=0.00%  acc_l=56.84%
[05:49:11][rank0]   New best val loss=1.0835 -> /scratch/yuvraj17/adaptive_tracing_scratch/adaptive_tracer/logs/lstm_duration_cats9_seq512_382083/model_best.pt
[05:51:21][rank0] step= 22500  epoch=10  loss=1.0722  acc_e=0.00%  lr=2.34e-04  elapsed=1:54:10
[05:53:34][rank0] step= 23000  epoch=10  loss=1.0708  acc_e=0.00%  lr=2.32e-04  elapsed=1:56:23
[05:55:28][rank0] Epoch  10/30  loss=1.0711  acc_e=0.00%  acc_l=57.14%  elapsed=1:58:18
[05:55:47][rank0] step= 23500  epoch=11  loss=1.0687  acc_e=0.00%  lr=2.29e-04  elapsed=1:58:36
[05:57:59][rank0] step= 24000  epoch=11  loss=1.0663  acc_e=0.00%  lr=2.26e-04  elapsed=2:00:49
[05:57:59][rank0] --- Validation @ step 24000 ---
[05:59:18][rank0]   val loss=1.0812  loss_e=0.0000  acc_e=0.00%  acc_l=56.91%
[05:59:18][rank0]   New best val loss=1.0812 -> /scratch/yuvraj17/adaptive_tracing_scratch/adaptive_tracer/logs/lstm_duration_cats9_seq512_382083/model_best.pt
[06:01:29][rank0] step= 24500  epoch=11  loss=1.0665  acc_e=0.00%  lr=2.23e-04  elapsed=2:04:19
[06:03:41][rank0] step= 25000  epoch=11  loss=1.0675  acc_e=0.00%  lr=2.20e-04  elapsed=2:06:30
[06:05:54][rank0] step= 25500  epoch=11  loss=1.0666  acc_e=0.00%  lr=2.17e-04  elapsed=2:08:43
[06:07:06][rank0] Epoch  11/30  loss=1.0667  acc_e=0.00%  acc_l=57.33%  elapsed=2:09:56
[06:08:06][rank0] step= 26000  epoch=12  loss=1.0632  acc_e=0.00%  lr=2.14e-04  elapsed=2:10:55
[06:08:06][rank0] --- Validation @ step 26000 ---
[06:09:24][rank0]   val loss=1.0814  loss_e=0.0000  acc_e=0.00%  acc_l=56.95%
[06:09:24][rank0]   No improvement count: 1/10
[06:11:37][rank0] step= 26500  epoch=12  loss=1.0617  acc_e=0.00%  lr=2.11e-04  elapsed=2:14:26
[06:13:49][rank0] step= 27000  epoch=12  loss=1.0624  acc_e=0.00%  lr=2.08e-04  elapsed=2:16:39
[06:16:03][rank0] step= 27500  epoch=12  loss=1.0626  acc_e=0.00%  lr=2.05e-04  elapsed=2:18:52
[06:18:16][rank0] step= 28000  epoch=12  loss=1.0626  acc_e=0.00%  lr=2.02e-04  elapsed=2:21:05
[06:18:16][rank0] --- Validation @ step 28000 ---
[06:19:34][rank0]   val loss=1.0832  loss_e=0.0000  acc_e=0.00%  acc_l=56.88%
[06:19:34][rank0]   No improvement count: 2/10
[06:20:06][rank0] Epoch  12/30  loss=1.0624  acc_e=0.00%  acc_l=57.51%  elapsed=2:22:55
[06:21:49][rank0] step= 28500  epoch=13  loss=1.0559  acc_e=0.00%  lr=1.99e-04  elapsed=2:24:38
[06:24:03][rank0] step= 29000  epoch=13  loss=1.0572  acc_e=0.00%  lr=1.96e-04  elapsed=2:26:52
[06:26:15][rank0] step= 29500  epoch=13  loss=1.0590  acc_e=0.00%  lr=1.93e-04  elapsed=2:29:04
[06:28:28][rank0] step= 30000  epoch=13  loss=1.0581  acc_e=0.00%  lr=1.90e-04  elapsed=2:31:18
[06:28:28][rank0] --- Validation @ step 30000 ---
[06:29:47][rank0]   val loss=1.0807  loss_e=0.0000  acc_e=0.00%  acc_l=56.97%
[06:29:48][rank0]   New best val loss=1.0807 -> /scratch/yuvraj17/adaptive_tracing_scratch/adaptive_tracer/logs/lstm_duration_cats9_seq512_382083/model_best.pt
[06:29:48][rank0]   Checkpoint -> /scratch/yuvraj17/adaptive_tracing_scratch/adaptive_tracer/logs/lstm_duration_cats9_seq512_382083/ckpt_0030000.pt
[06:31:51][rank0] Epoch  13/30  loss=1.0582  acc_e=0.00%  acc_l=57.68%  elapsed=2:34:40
[06:32:02][rank0] step= 30500  epoch=14  loss=1.0591  acc_e=0.00%  lr=1.87e-04  elapsed=2:34:51
[06:34:16][rank0] step= 31000  epoch=14  loss=1.0536  acc_e=0.00%  lr=1.83e-04  elapsed=2:37:05
[06:36:29][rank0] step= 31500  epoch=14  loss=1.0534  acc_e=0.00%  lr=1.80e-04  elapsed=2:39:18
[06:38:42][rank0] step= 32000  epoch=14  loss=1.0549  acc_e=0.00%  lr=1.77e-04  elapsed=2:41:31
[06:38:42][rank0] --- Validation @ step 32000 ---
[06:40:01][rank0]   val loss=1.0855  loss_e=0.0000  acc_e=0.00%  acc_l=56.83%
[06:40:01][rank0]   No improvement count: 1/10
[06:42:15][rank0] step= 32500  epoch=14  loss=1.0541  acc_e=0.00%  lr=1.74e-04  elapsed=2:45:05
[06:43:36][rank0] Epoch  14/30  loss=1.0541  acc_e=0.00%  acc_l=57.84%  elapsed=2:46:25
[06:44:29][rank0] step= 33000  epoch=15  loss=1.0506  acc_e=0.00%  lr=1.71e-04  elapsed=2:47:18
[06:46:43][rank0] step= 33500  epoch=15  loss=1.0491  acc_e=0.00%  lr=1.67e-04  elapsed=2:49:32
[06:48:56][rank0] step= 34000  epoch=15  loss=1.0502  acc_e=0.00%  lr=1.64e-04  elapsed=2:51:45
[06:48:56][rank0] --- Validation @ step 34000 ---
[06:50:15][rank0]   val loss=1.0848  loss_e=0.0000  acc_e=0.00%  acc_l=56.85%
[06:50:15][rank0]   No improvement count: 2/10
[06:52:29][rank0] step= 34500  epoch=15  loss=1.0504  acc_e=0.00%  lr=1.61e-04  elapsed=2:55:18
[06:54:43][rank0] step= 35000  epoch=15  loss=1.0502  acc_e=0.00%  lr=1.58e-04  elapsed=2:57:32
[06:55:22][rank0] Epoch  15/30  loss=1.0501  acc_e=0.00%  acc_l=58.01%  elapsed=2:58:11
[06:56:57][rank0] step= 35500  epoch=16  loss=1.0439  acc_e=0.00%  lr=1.54e-04  elapsed=2:59:46
[06:59:11][rank0] step= 36000  epoch=16  loss=1.0456  acc_e=0.00%  lr=1.51e-04  elapsed=3:02:00
[06:59:11][rank0] --- Validation @ step 36000 ---
[07:00:30][rank0]   val loss=1.0852  loss_e=0.0000  acc_e=0.00%  acc_l=56.90%
[07:00:30][rank0]   No improvement count: 3/10
[07:02:41][rank0] step= 36500  epoch=16  loss=1.0469  acc_e=0.00%  lr=1.48e-04  elapsed=3:05:30
[07:04:55][rank0] step= 37000  epoch=16  loss=1.0462  acc_e=0.00%  lr=1.45e-04  elapsed=3:07:44
[07:07:06][rank0] Epoch  16/30  loss=1.0463  acc_e=0.00%  acc_l=58.18%  elapsed=3:09:55
[07:07:09][rank0] step= 37500  epoch=17  loss=1.0343  acc_e=0.00%  lr=1.41e-04  elapsed=3:09:59
[07:09:23][rank0] step= 38000  epoch=17  loss=1.0413  acc_e=0.00%  lr=1.38e-04  elapsed=3:12:12
[07:09:23][rank0] --- Validation @ step 38000 ---
[07:10:42][rank0]   val loss=1.0901  loss_e=0.0000  acc_e=0.00%  acc_l=56.69%
[07:10:42][rank0]   No improvement count: 4/10
[07:12:55][rank0] step= 38500  epoch=17  loss=1.0418  acc_e=0.00%  lr=1.35e-04  elapsed=3:15:45
[07:15:08][rank0] step= 39000  epoch=17  loss=1.0432  acc_e=0.00%  lr=1.32e-04  elapsed=3:17:57
[07:17:22][rank0] step= 39500  epoch=17  loss=1.0423  acc_e=0.00%  lr=1.29e-04  elapsed=3:20:11
[07:18:50][rank0] Epoch  17/30  loss=1.0424  acc_e=0.00%  acc_l=58.33%  elapsed=3:21:39
[07:19:35][rank0] step= 40000  epoch=18  loss=1.0373  acc_e=0.00%  lr=1.25e-04  elapsed=3:22:24
[07:19:35][rank0] --- Validation @ step 40000 ---
[07:20:54][rank0]   val loss=1.0898  loss_e=0.0000  acc_e=0.00%  acc_l=56.82%
[07:20:54][rank0]   No improvement count: 5/10
[07:20:54][rank0]   Checkpoint -> /scratch/yuvraj17/adaptive_tracing_scratch/adaptive_tracer/logs/lstm_duration_cats9_seq512_382083/ckpt_0040000.pt
[07:23:08][rank0] step= 40500  epoch=18  loss=1.0388  acc_e=0.00%  lr=1.22e-04  elapsed=3:25:57
[07:25:21][rank0] step= 41000  epoch=18  loss=1.0391  acc_e=0.00%  lr=1.19e-04  elapsed=3:28:10
[07:27:35][rank0] step= 41500  epoch=18  loss=1.0394  acc_e=0.00%  lr=1.16e-04  elapsed=3:30:24
[07:29:48][rank0] step= 42000  epoch=18  loss=1.0388  acc_e=0.00%  lr=1.13e-04  elapsed=3:32:37
[07:29:48][rank0] --- Validation @ step 42000 ---
[07:31:07][rank0]   val loss=1.0871  loss_e=0.0000  acc_e=0.00%  acc_l=56.87%
[07:31:07][rank0]   No improvement count: 6/10
[07:31:54][rank0] Epoch  18/30  loss=1.0389  acc_e=0.00%  acc_l=58.48%  elapsed=3:34:43
[07:33:21][rank0] step= 42500  epoch=19  loss=1.0330  acc_e=0.00%  lr=1.10e-04  elapsed=3:36:10
[07:35:34][rank0] step= 43000  epoch=19  loss=1.0346  acc_e=0.00%  lr=1.07e-04  elapsed=3:38:23
[07:37:47][rank0] step= 43500  epoch=19  loss=1.0355  acc_e=0.00%  lr=1.04e-04  elapsed=3:40:36
[07:40:01][rank0] step= 44000  epoch=19  loss=1.0354  acc_e=0.00%  lr=1.01e-04  elapsed=3:42:50
[07:40:01][rank0] --- Validation @ step 44000 ---
[07:41:19][rank0]   val loss=1.0892  loss_e=0.0000  acc_e=0.00%  acc_l=56.83%
[07:41:19][rank0]   No improvement count: 7/10
[07:43:33][rank0] step= 44500  epoch=19  loss=1.0358  acc_e=0.00%  lr=9.79e-05  elapsed=3:46:22
[07:43:38][rank0] Epoch  19/30  loss=1.0354  acc_e=0.00%  acc_l=58.63%  elapsed=3:46:27
[07:45:48][rank0] step= 45000  epoch=20  loss=1.0300  acc_e=0.00%  lr=9.49e-05  elapsed=3:48:37
[07:48:01][rank0] step= 45500  epoch=20  loss=1.0312  acc_e=0.00%  lr=9.20e-05  elapsed=3:50:50
[07:50:13][rank0] step= 46000  epoch=20  loss=1.0329  acc_e=0.00%  lr=8.92e-05  elapsed=3:53:02
[07:50:13][rank0] --- Validation @ step 46000 ---
[07:51:32][rank0]   val loss=1.0884  loss_e=0.0000  acc_e=0.00%  acc_l=56.88%
[07:51:32][rank0]   No improvement count: 8/10
[07:53:46][rank0] step= 46500  epoch=20  loss=1.0320  acc_e=0.00%  lr=8.63e-05  elapsed=3:56:35
[07:55:23][rank0] Epoch  20/30  loss=1.0322  acc_e=0.00%  acc_l=58.76%  elapsed=3:58:12
[07:56:00][rank0] step= 47000  epoch=21  loss=1.0305  acc_e=0.00%  lr=8.36e-05  elapsed=3:58:49
[07:58:13][rank0] step= 47500  epoch=21  loss=1.0277  acc_e=0.00%  lr=8.08e-05  elapsed=4:01:02
[08:00:26][rank0] step= 48000  epoch=21  loss=1.0289  acc_e=0.00%  lr=7.81e-05  elapsed=4:03:15
[08:00:26][rank0] --- Validation @ step 48000 ---
[08:01:45][rank0]   val loss=1.0904  loss_e=0.0000  acc_e=0.00%  acc_l=56.81%
[08:01:45][rank0]   No improvement count: 9/10
[08:03:59][rank0] step= 48500  epoch=21  loss=1.0298  acc_e=0.00%  lr=7.54e-05  elapsed=4:06:48
[08:06:12][rank0] step= 49000  epoch=21  loss=1.0289  acc_e=0.00%  lr=7.28e-05  elapsed=4:09:01
[08:07:06][rank0] Epoch  21/30  loss=1.0292  acc_e=0.00%  acc_l=58.89%  elapsed=4:09:56
[08:08:26][rank0] step= 49500  epoch=22  loss=1.0258  acc_e=0.00%  lr=7.02e-05  elapsed=4:11:15
[08:10:40][rank0] step= 50000  epoch=22  loss=1.0252  acc_e=0.00%  lr=6.77e-05  elapsed=4:13:29
[08:10:40][rank0] --- Validation @ step 50000 ---
[08:11:58][rank0]   val loss=1.0935  loss_e=0.0000  acc_e=0.00%  acc_l=56.78%
[08:11:58][rank0]   No improvement count: 10/10
[08:11:58][rank0]   Early stopping triggered after 10 validations without improvement.
[08:11:58][rank0] Stopping early at epoch 22/30  elapsed=4:14:48
[08:11:58][rank0] ======================================================================
[08:11:58][rank0] Training complete — OOD evaluation
[08:11:58][rank0] ======================================================================
[08:11:59][rank0] Loaded best model from /scratch/yuvraj17/adaptive_tracing_scratch/adaptive_tracer/logs/lstm_duration_cats9_seq512_382083/model_best.pt
[08:23:34][rank0] [OOD] global validation threshold (latency_loss) thr=1.03617 F1=0.6845 bal=197476/197476 full=197,476/646,822
[08:23:34][rank0] [OOD] cpu     AUROC=0.6742  AUPR=0.6585  bal=197044/190902  full=197,044/190,902  F1=0.6542  P=0.6064  R=0.7103  thr=1.03617
[08:23:34][rank0] [OOD] disk    AUROC=0.6719  AUPR=0.6250  bal=197044/123783  full=197,044/123,783  F1=0.5747  P=0.4925  R=0.6900  thr=1.03617
[08:23:34][rank0] [OOD] mem     AUROC=0.7303  AUPR=0.7494  bal=197044/217461  full=197,044/217,461  F1=0.7158  P=0.6592  R=0.7829  thr=1.03617
[08:23:34][rank0] [OOD] net     AUROC=0.7516  AUPR=0.6586  bal=197044/120006  full=197,044/120,006  F1=0.6370  P=0.5249  R=0.8102  thr=1.03617
[08:23:34][rank0] OOD results -> /scratch/yuvraj17/adaptive_tracing_scratch/adaptive_tracer/logs/lstm_duration_cats9_seq512_382083/ood_results.json
