[03:55:15][rank0] Vocab: 175 syscalls / 113 processes
[03:55:15][rank0] Train shards for this rank: 119  (total=119)  Valid shards: 40
[03:55:16][rank0] Model: LSTM  params=47,067,895
[03:55:16][rank0]   n_hidden=1024  n_layer=6  n_head=8
[03:55:16][rank0]   AMP(bf16)=True  compile=False  chk=False  DDP=False
[03:55:16][rank0]   batch=64  accum_steps=4  world_size=1  eff_batch=256
[03:55:16][rank0] ======================================================================
[03:55:16][rank0] Starting training  device=cuda:0  total_steps~=69525  world_size=1
[03:55:16][rank0] ======================================================================
[03:57:29][rank0] step=   500  epoch=1  loss=2.4974  acc_e=35.17%  lr=3.00e-04  elapsed=0:02:12
[03:59:40][rank0] step=  1000  epoch=1  loss=1.6637  acc_e=54.58%  lr=3.00e-04  elapsed=0:04:23
[04:01:50][rank0] step=  1500  epoch=1  loss=1.2152  acc_e=66.25%  lr=3.00e-04  elapsed=0:06:33
[04:04:02][rank0] step=  2000  epoch=1  loss=0.9703  acc_e=72.59%  lr=3.00e-04  elapsed=0:08:45
[04:04:02][rank0] --- Validation @ step 2000 ---
[04:05:21][rank0]   val loss=0.2264  loss_e=0.2264  acc_e=92.14%  acc_l=0.00%
[04:05:21][rank0]   New best val loss=0.2264 -> /scratch/yuvraj17/adaptive_tracing_scratch/adaptive_tracer/logs/lstm_event_cats9_seq512_382074/model_best.pt
[04:06:52][rank0] Epoch   1/30  loss=0.8608  acc_e=75.43%  acc_l=0.00%  elapsed=0:11:35
[04:07:32][rank0] step=  2500  epoch=2  loss=0.2046  acc_e=92.62%  lr=2.99e-04  elapsed=0:12:16
[04:09:44][rank0] step=  3000  epoch=2  loss=0.1990  acc_e=92.70%  lr=2.99e-04  elapsed=0:14:28
[04:11:56][rank0] step=  3500  epoch=2  loss=0.1948  acc_e=92.81%  lr=2.99e-04  elapsed=0:16:39
[04:14:08][rank0] step=  4000  epoch=2  loss=0.1906  acc_e=92.94%  lr=2.98e-04  elapsed=0:18:51
[04:14:08][rank0] --- Validation @ step 4000 ---
[04:15:26][rank0]   val loss=0.1890  loss_e=0.1890  acc_e=93.25%  acc_l=0.00%
[04:15:27][rank0]   New best val loss=0.1890 -> /scratch/yuvraj17/adaptive_tracing_scratch/adaptive_tracer/logs/lstm_event_cats9_seq512_382074/model_best.pt
[04:17:39][rank0] step=  4500  epoch=2  loss=0.1882  acc_e=93.02%  lr=2.98e-04  elapsed=0:22:22
[04:18:28][rank0] Epoch   2/30  loss=0.1873  acc_e=93.05%  acc_l=0.00%  elapsed=0:23:11
[04:19:51][rank0] step=  5000  epoch=3  loss=0.1705  acc_e=93.59%  lr=2.97e-04  elapsed=0:24:34
[04:22:03][rank0] step=  5500  epoch=3  loss=0.1707  acc_e=93.58%  lr=2.96e-04  elapsed=0:26:46
[04:24:14][rank0] step=  6000  epoch=3  loss=0.1699  acc_e=93.61%  lr=2.96e-04  elapsed=0:28:57
[04:24:14][rank0] --- Validation @ step 6000 ---
[04:25:33][rank0]   val loss=0.1726  loss_e=0.1726  acc_e=93.66%  acc_l=0.00%
[04:25:33][rank0]   New best val loss=0.1726 -> /scratch/yuvraj17/adaptive_tracing_scratch/adaptive_tracer/logs/lstm_event_cats9_seq512_382074/model_best.pt
[04:27:45][rank0] step=  6500  epoch=3  loss=0.1681  acc_e=93.66%  lr=2.95e-04  elapsed=0:32:29
[04:29:57][rank0] step=  7000  epoch=3  loss=0.1677  acc_e=93.67%  lr=2.94e-04  elapsed=0:34:41
[04:30:05][rank0] Epoch   3/30  loss=0.1678  acc_e=93.67%  acc_l=0.00%  elapsed=0:34:49
[04:32:11][rank0] step=  7500  epoch=4  loss=0.1615  acc_e=93.86%  lr=2.93e-04  elapsed=0:36:54
[04:34:22][rank0] step=  8000  epoch=4  loss=0.1612  acc_e=93.89%  lr=2.92e-04  elapsed=0:39:06
[04:34:22][rank0] --- Validation @ step 8000 ---
[04:35:41][rank0]   val loss=0.1697  loss_e=0.1697  acc_e=93.83%  acc_l=0.00%
[04:35:41][rank0]   New best val loss=0.1697 -> /scratch/yuvraj17/adaptive_tracing_scratch/adaptive_tracer/logs/lstm_event_cats9_seq512_382074/model_best.pt
[04:37:51][rank0] step=  8500  epoch=4  loss=0.1602  acc_e=93.93%  lr=2.91e-04  elapsed=0:42:35
[04:40:04][rank0] step=  9000  epoch=4  loss=0.1595  acc_e=93.95%  lr=2.89e-04  elapsed=0:44:47
[04:41:42][rank0] Epoch   4/30  loss=0.1597  acc_e=93.94%  acc_l=0.00%  elapsed=0:46:26
[04:42:16][rank0] step=  9500  epoch=5  loss=0.1519  acc_e=94.26%  lr=2.88e-04  elapsed=0:46:59
[04:44:28][rank0] step= 10000  epoch=5  loss=0.1554  acc_e=94.09%  lr=2.87e-04  elapsed=0:49:12
[04:44:28][rank0] --- Validation @ step 10000 ---
[04:45:47][rank0]   val loss=0.1626  loss_e=0.1626  acc_e=94.01%  acc_l=0.00%
[04:45:47][rank0]   New best val loss=0.1626 -> /scratch/yuvraj17/adaptive_tracing_scratch/adaptive_tracer/logs/lstm_event_cats9_seq512_382074/model_best.pt
[04:45:47][rank0]   Checkpoint -> /scratch/yuvraj17/adaptive_tracing_scratch/adaptive_tracer/logs/lstm_event_cats9_seq512_382074/ckpt_0010000.pt
[04:47:59][rank0] step= 10500  epoch=5  loss=0.1553  acc_e=94.09%  lr=2.85e-04  elapsed=0:52:42
[04:50:11][rank0] step= 11000  epoch=5  loss=0.1550  acc_e=94.10%  lr=2.84e-04  elapsed=0:54:54
[04:52:23][rank0] step= 11500  epoch=5  loss=0.1550  acc_e=94.10%  lr=2.83e-04  elapsed=0:57:06
[04:53:20][rank0] Epoch   5/30  loss=0.1550  acc_e=94.10%  acc_l=0.00%  elapsed=0:58:03
[04:54:35][rank0] step= 12000  epoch=6  loss=0.1505  acc_e=94.26%  lr=2.81e-04  elapsed=0:59:19
[04:54:35][rank0] --- Validation @ step 12000 ---
[04:55:54][rank0]   val loss=0.1630  loss_e=0.1630  acc_e=94.07%  acc_l=0.00%
[04:55:54][rank0]   No improvement count: 1/10
[04:58:07][rank0] step= 12500  epoch=6  loss=0.1520  acc_e=94.20%  lr=2.79e-04  elapsed=1:02:50
[05:00:18][rank0] step= 13000  epoch=6  loss=0.1522  acc_e=94.20%  lr=2.78e-04  elapsed=1:05:01
[05:02:30][rank0] step= 13500  epoch=6  loss=0.1515  acc_e=94.21%  lr=2.76e-04  elapsed=1:07:14
[05:04:43][rank0] step= 14000  epoch=6  loss=0.1518  acc_e=94.20%  lr=2.74e-04  elapsed=1:09:26
[05:04:43][rank0] --- Validation @ step 14000 ---
[05:06:02][rank0]   val loss=0.1602  loss_e=0.1602  acc_e=94.11%  acc_l=0.00%
[05:06:02][rank0]   New best val loss=0.1602 -> /scratch/yuvraj17/adaptive_tracing_scratch/adaptive_tracer/logs/lstm_event_cats9_seq512_382074/model_best.pt
[05:06:17][rank0] Epoch   6/30  loss=0.1519  acc_e=94.20%  acc_l=0.00%  elapsed=1:11:01
[05:08:15][rank0] step= 14500  epoch=7  loss=0.1501  acc_e=94.25%  lr=2.72e-04  elapsed=1:12:59
[05:10:28][rank0] step= 15000  epoch=7  loss=0.1502  acc_e=94.25%  lr=2.70e-04  elapsed=1:15:11
[05:12:37][rank0] step= 15500  epoch=7  loss=0.1496  acc_e=94.29%  lr=2.68e-04  elapsed=1:17:21
[05:14:50][rank0] step= 16000  epoch=7  loss=0.1492  acc_e=94.30%  lr=2.66e-04  elapsed=1:19:34
[05:14:50][rank0] --- Validation @ step 16000 ---
[05:16:09][rank0]   val loss=0.1586  loss_e=0.1586  acc_e=94.16%  acc_l=0.00%
[05:16:10][rank0]   New best val loss=0.1586 -> /scratch/yuvraj17/adaptive_tracing_scratch/adaptive_tracer/logs/lstm_event_cats9_seq512_382074/model_best.pt
[05:17:56][rank0] Epoch   7/30  loss=0.1497  acc_e=94.28%  acc_l=0.00%  elapsed=1:22:39
[05:18:22][rank0] step= 16500  epoch=8  loss=0.1445  acc_e=94.53%  lr=2.64e-04  elapsed=1:23:06
[05:20:34][rank0] step= 17000  epoch=8  loss=0.1476  acc_e=94.35%  lr=2.62e-04  elapsed=1:25:18
[05:22:46][rank0] step= 17500  epoch=8  loss=0.1476  acc_e=94.35%  lr=2.59e-04  elapsed=1:27:29
[05:24:58][rank0] step= 18000  epoch=8  loss=0.1476  acc_e=94.34%  lr=2.57e-04  elapsed=1:29:41
[05:24:58][rank0] --- Validation @ step 18000 ---
[05:26:17][rank0]   val loss=0.1616  loss_e=0.1616  acc_e=94.06%  acc_l=0.00%
[05:26:17][rank0]   No improvement count: 1/10
[05:28:30][rank0] step= 18500  epoch=8  loss=0.1478  acc_e=94.34%  lr=2.55e-04  elapsed=1:33:13
[05:29:34][rank0] Epoch   8/30  loss=0.1478  acc_e=94.34%  acc_l=0.00%  elapsed=1:34:18
[05:30:42][rank0] step= 19000  epoch=9  loss=0.1446  acc_e=94.46%  lr=2.52e-04  elapsed=1:35:25
[05:32:54][rank0] step= 19500  epoch=9  loss=0.1462  acc_e=94.40%  lr=2.50e-04  elapsed=1:37:37
[05:35:05][rank0] step= 20000  epoch=9  loss=0.1464  acc_e=94.39%  lr=2.47e-04  elapsed=1:39:49
[05:35:05][rank0] --- Validation @ step 20000 ---
[05:36:24][rank0]   val loss=0.1564  loss_e=0.1564  acc_e=94.22%  acc_l=0.00%
[05:36:24][rank0]   New best val loss=0.1564 -> /scratch/yuvraj17/adaptive_tracing_scratch/adaptive_tracer/logs/lstm_event_cats9_seq512_382074/model_best.pt
[05:36:25][rank0]   Checkpoint -> /scratch/yuvraj17/adaptive_tracing_scratch/adaptive_tracer/logs/lstm_event_cats9_seq512_382074/ckpt_0020000.pt
[05:38:37][rank0] step= 20500  epoch=9  loss=0.1458  acc_e=94.41%  lr=2.45e-04  elapsed=1:43:20
[05:40:48][rank0] step= 21000  epoch=9  loss=0.1461  acc_e=94.39%  lr=2.42e-04  elapsed=1:45:32
[05:41:11][rank0] Epoch   9/30  loss=0.1463  acc_e=94.39%  acc_l=0.00%  elapsed=1:45:55
[05:43:01][rank0] step= 21500  epoch=10  loss=0.1450  acc_e=94.42%  lr=2.40e-04  elapsed=1:47:44
[05:45:13][rank0] step= 22000  epoch=10  loss=0.1450  acc_e=94.43%  lr=2.37e-04  elapsed=1:49:56
[05:45:13][rank0] --- Validation @ step 22000 ---
[05:46:31][rank0]   val loss=0.1596  loss_e=0.1596  acc_e=94.20%  acc_l=0.00%
[05:46:31][rank0]   No improvement count: 1/10
[05:48:40][rank0] step= 22500  epoch=10  loss=0.1445  acc_e=94.46%  lr=2.34e-04  elapsed=1:53:24
[05:50:52][rank0] step= 23000  epoch=10  loss=0.1442  acc_e=94.46%  lr=2.32e-04  elapsed=1:55:35
[05:52:45][rank0] Epoch  10/30  loss=0.1448  acc_e=94.44%  acc_l=0.00%  elapsed=1:57:29
[05:53:04][rank0] step= 23500  epoch=11  loss=0.1405  acc_e=94.67%  lr=2.29e-04  elapsed=1:57:47
[05:55:15][rank0] step= 24000  epoch=11  loss=0.1435  acc_e=94.49%  lr=2.26e-04  elapsed=1:59:59
[05:55:15][rank0] --- Validation @ step 24000 ---
[05:56:34][rank0]   val loss=0.1561  loss_e=0.1561  acc_e=94.22%  acc_l=0.00%
[05:56:34][rank0]   New best val loss=0.1561 -> /scratch/yuvraj17/adaptive_tracing_scratch/adaptive_tracer/logs/lstm_event_cats9_seq512_382074/model_best.pt
[05:58:45][rank0] step= 24500  epoch=11  loss=0.1433  acc_e=94.49%  lr=2.23e-04  elapsed=2:03:28
[06:00:56][rank0] step= 25000  epoch=11  loss=0.1433  acc_e=94.49%  lr=2.20e-04  elapsed=2:05:39
[06:03:08][rank0] step= 25500  epoch=11  loss=0.1434  acc_e=94.48%  lr=2.17e-04  elapsed=2:07:51
[06:04:19][rank0] Epoch  11/30  loss=0.1436  acc_e=94.48%  acc_l=0.00%  elapsed=2:09:03
[06:05:19][rank0] step= 26000  epoch=12  loss=0.1401  acc_e=94.63%  lr=2.14e-04  elapsed=2:10:02
[06:05:19][rank0] --- Validation @ step 26000 ---
[06:06:37][rank0]   val loss=0.1592  loss_e=0.1592  acc_e=94.20%  acc_l=0.00%
[06:06:37][rank0]   No improvement count: 1/10
[06:08:49][rank0] step= 26500  epoch=12  loss=0.1421  acc_e=94.54%  lr=2.11e-04  elapsed=2:13:33
[06:11:00][rank0] step= 27000  epoch=12  loss=0.1425  acc_e=94.52%  lr=2.08e-04  elapsed=2:15:43
[06:13:12][rank0] step= 27500  epoch=12  loss=0.1419  acc_e=94.54%  lr=2.05e-04  elapsed=2:17:55
[06:15:23][rank0] step= 28000  epoch=12  loss=0.1423  acc_e=94.53%  lr=2.02e-04  elapsed=2:20:06
[06:15:23][rank0] --- Validation @ step 28000 ---
[06:16:41][rank0]   val loss=0.1567  loss_e=0.1567  acc_e=94.17%  acc_l=0.00%
[06:16:41][rank0]   No improvement count: 2/10
[06:17:12][rank0] Epoch  12/30  loss=0.1424  acc_e=94.52%  acc_l=0.00%  elapsed=2:21:56
[06:18:54][rank0] step= 28500  epoch=13  loss=0.1410  acc_e=94.57%  lr=1.99e-04  elapsed=2:23:37
[06:21:06][rank0] step= 29000  epoch=13  loss=0.1413  acc_e=94.56%  lr=1.96e-04  elapsed=2:25:49
[06:23:15][rank0] step= 29500  epoch=13  loss=0.1410  acc_e=94.58%  lr=1.93e-04  elapsed=2:27:59
[06:25:27][rank0] step= 30000  epoch=13  loss=0.1406  acc_e=94.59%  lr=1.90e-04  elapsed=2:30:11
[06:25:27][rank0] --- Validation @ step 30000 ---
[06:26:46][rank0]   val loss=0.1553  loss_e=0.1553  acc_e=94.29%  acc_l=0.00%
[06:26:46][rank0]   New best val loss=0.1553 -> /scratch/yuvraj17/adaptive_tracing_scratch/adaptive_tracer/logs/lstm_event_cats9_seq512_382074/model_best.pt
[06:26:46][rank0]   Checkpoint -> /scratch/yuvraj17/adaptive_tracing_scratch/adaptive_tracer/logs/lstm_event_cats9_seq512_382074/ckpt_0030000.pt
[06:28:48][rank0] Epoch  13/30  loss=0.1412  acc_e=94.56%  acc_l=0.00%  elapsed=2:33:31
[06:28:59][rank0] step= 30500  epoch=14  loss=0.1388  acc_e=94.75%  lr=1.87e-04  elapsed=2:33:42
[06:31:10][rank0] step= 31000  epoch=14  loss=0.1403  acc_e=94.60%  lr=1.83e-04  elapsed=2:35:54
[06:33:22][rank0] step= 31500  epoch=14  loss=0.1398  acc_e=94.62%  lr=1.80e-04  elapsed=2:38:05
[06:35:32][rank0] step= 32000  epoch=14  loss=0.1399  acc_e=94.61%  lr=1.77e-04  elapsed=2:40:16
[06:35:32][rank0] --- Validation @ step 32000 ---
[06:36:51][rank0]   val loss=0.1571  loss_e=0.1571  acc_e=94.24%  acc_l=0.00%
[06:36:51][rank0]   No improvement count: 1/10
[06:39:04][rank0] step= 32500  epoch=14  loss=0.1399  acc_e=94.61%  lr=1.74e-04  elapsed=2:43:47
[06:40:23][rank0] Epoch  14/30  loss=0.1401  acc_e=94.60%  acc_l=0.00%  elapsed=2:45:07
[06:41:15][rank0] step= 33000  epoch=15  loss=0.1361  acc_e=94.77%  lr=1.71e-04  elapsed=2:45:59
[06:43:27][rank0] step= 33500  epoch=15  loss=0.1386  acc_e=94.66%  lr=1.67e-04  elapsed=2:48:11
[06:45:39][rank0] step= 34000  epoch=15  loss=0.1391  acc_e=94.64%  lr=1.64e-04  elapsed=2:50:22
[06:45:39][rank0] --- Validation @ step 34000 ---
[06:46:57][rank0]   val loss=0.1574  loss_e=0.1574  acc_e=94.26%  acc_l=0.00%
[06:46:57][rank0]   No improvement count: 2/10
[06:49:09][rank0] step= 34500  epoch=15  loss=0.1387  acc_e=94.65%  lr=1.61e-04  elapsed=2:53:53
[06:51:20][rank0] step= 35000  epoch=15  loss=0.1388  acc_e=94.65%  lr=1.58e-04  elapsed=2:56:04
[06:51:59][rank0] Epoch  15/30  loss=0.1390  acc_e=94.64%  acc_l=0.00%  elapsed=2:56:43
[06:53:33][rank0] step= 35500  epoch=16  loss=0.1372  acc_e=94.71%  lr=1.54e-04  elapsed=2:58:16
[06:55:45][rank0] step= 36000  epoch=16  loss=0.1380  acc_e=94.68%  lr=1.51e-04  elapsed=3:00:29
[06:55:45][rank0] --- Validation @ step 36000 ---
[06:57:04][rank0]   val loss=0.1575  loss_e=0.1575  acc_e=94.28%  acc_l=0.00%
[06:57:04][rank0]   No improvement count: 3/10
[06:59:14][rank0] step= 36500  epoch=16  loss=0.1377  acc_e=94.70%  lr=1.48e-04  elapsed=3:03:57
[07:01:26][rank0] step= 37000  epoch=16  loss=0.1373  acc_e=94.70%  lr=1.45e-04  elapsed=3:06:10
[07:03:35][rank0] Epoch  16/30  loss=0.1379  acc_e=94.68%  acc_l=0.00%  elapsed=3:08:19
[07:03:39][rank0] step= 37500  epoch=17  loss=0.1324  acc_e=95.04%  lr=1.41e-04  elapsed=3:08:23
[07:05:51][rank0] step= 38000  epoch=17  loss=0.1373  acc_e=94.71%  lr=1.38e-04  elapsed=3:10:34
[07:05:51][rank0] --- Validation @ step 38000 ---
[07:07:10][rank0]   val loss=0.1567  loss_e=0.1567  acc_e=94.23%  acc_l=0.00%
[07:07:10][rank0]   No improvement count: 4/10
[07:09:21][rank0] step= 38500  epoch=17  loss=0.1368  acc_e=94.73%  lr=1.35e-04  elapsed=3:14:05
[07:11:33][rank0] step= 39000  epoch=17  loss=0.1365  acc_e=94.74%  lr=1.32e-04  elapsed=3:16:16
[07:13:45][rank0] step= 39500  epoch=17  loss=0.1365  acc_e=94.73%  lr=1.29e-04  elapsed=3:18:29
[07:15:13][rank0] Epoch  17/30  loss=0.1369  acc_e=94.72%  acc_l=0.00%  elapsed=3:19:57
[07:15:57][rank0] step= 40000  epoch=18  loss=0.1321  acc_e=94.93%  lr=1.25e-04  elapsed=3:20:41
[07:15:57][rank0] --- Validation @ step 40000 ---
[07:17:16][rank0]   val loss=0.1572  loss_e=0.1572  acc_e=94.25%  acc_l=0.00%
[07:17:16][rank0]   No improvement count: 5/10
[07:17:16][rank0]   Checkpoint -> /scratch/yuvraj17/adaptive_tracing_scratch/adaptive_tracer/logs/lstm_event_cats9_seq512_382074/ckpt_0040000.pt
[07:19:29][rank0] step= 40500  epoch=18  loss=0.1353  acc_e=94.78%  lr=1.22e-04  elapsed=3:24:12
[07:21:41][rank0] step= 41000  epoch=18  loss=0.1358  acc_e=94.76%  lr=1.19e-04  elapsed=3:26:24
[07:23:53][rank0] step= 41500  epoch=18  loss=0.1355  acc_e=94.77%  lr=1.16e-04  elapsed=3:28:36
[07:26:05][rank0] step= 42000  epoch=18  loss=0.1357  acc_e=94.76%  lr=1.13e-04  elapsed=3:30:48
[07:26:05][rank0] --- Validation @ step 42000 ---
[07:27:23][rank0]   val loss=0.1575  loss_e=0.1575  acc_e=94.23%  acc_l=0.00%
[07:27:23][rank0]   No improvement count: 6/10
[07:28:10][rank0] Epoch  18/30  loss=0.1358  acc_e=94.76%  acc_l=0.00%  elapsed=3:32:53
[07:29:36][rank0] step= 42500  epoch=19  loss=0.1339  acc_e=94.83%  lr=1.10e-04  elapsed=3:34:20
[07:31:48][rank0] step= 43000  epoch=19  loss=0.1349  acc_e=94.80%  lr=1.07e-04  elapsed=3:36:32
[07:33:59][rank0] step= 43500  epoch=19  loss=0.1347  acc_e=94.81%  lr=1.04e-04  elapsed=3:38:42
[07:36:11][rank0] step= 44000  epoch=19  loss=0.1344  acc_e=94.81%  lr=1.01e-04  elapsed=3:40:55
[07:36:11][rank0] --- Validation @ step 44000 ---
[07:37:30][rank0]   val loss=0.1569  loss_e=0.1569  acc_e=94.25%  acc_l=0.00%
[07:37:30][rank0]   No improvement count: 7/10
[07:39:43][rank0] step= 44500  epoch=19  loss=0.1348  acc_e=94.80%  lr=9.79e-05  elapsed=3:44:26
[07:39:47][rank0] Epoch  19/30  loss=0.1349  acc_e=94.79%  acc_l=0.00%  elapsed=3:44:31
[07:41:56][rank0] step= 45000  epoch=20  loss=0.1342  acc_e=94.81%  lr=9.49e-05  elapsed=3:46:39
[07:44:08][rank0] step= 45500  epoch=20  loss=0.1341  acc_e=94.83%  lr=9.20e-05  elapsed=3:48:52
[07:46:19][rank0] step= 46000  epoch=20  loss=0.1336  acc_e=94.85%  lr=8.92e-05  elapsed=3:51:02
[07:46:19][rank0] --- Validation @ step 46000 ---
[07:47:38][rank0]   val loss=0.1568  loss_e=0.1568  acc_e=94.26%  acc_l=0.00%
[07:47:38][rank0]   No improvement count: 8/10
[07:49:50][rank0] step= 46500  epoch=20  loss=0.1335  acc_e=94.85%  lr=8.63e-05  elapsed=3:54:34
[07:51:26][rank0] Epoch  20/30  loss=0.1340  acc_e=94.83%  acc_l=0.00%  elapsed=3:56:09
[07:52:03][rank0] step= 47000  epoch=21  loss=0.1292  acc_e=95.04%  lr=8.36e-05  elapsed=3:56:46
[07:54:15][rank0] step= 47500  epoch=21  loss=0.1326  acc_e=94.88%  lr=8.08e-05  elapsed=3:58:58
[07:56:26][rank0] step= 48000  epoch=21  loss=0.1328  acc_e=94.87%  lr=7.81e-05  elapsed=4:01:10
[07:56:26][rank0] --- Validation @ step 48000 ---
[07:57:45][rank0]   val loss=0.1569  loss_e=0.1569  acc_e=94.25%  acc_l=0.00%
[07:57:45][rank0]   No improvement count: 9/10
[07:59:57][rank0] step= 48500  epoch=21  loss=0.1328  acc_e=94.87%  lr=7.54e-05  elapsed=4:04:41
[08:02:10][rank0] step= 49000  epoch=21  loss=0.1330  acc_e=94.87%  lr=7.28e-05  elapsed=4:06:53
[08:03:03][rank0] Epoch  21/30  loss=0.1331  acc_e=94.86%  acc_l=0.00%  elapsed=4:07:47
[08:04:22][rank0] step= 49500  epoch=22  loss=0.1312  acc_e=94.94%  lr=7.02e-05  elapsed=4:09:05
[08:06:34][rank0] step= 50000  epoch=22  loss=0.1322  acc_e=94.90%  lr=6.77e-05  elapsed=4:11:18
[08:06:34][rank0] --- Validation @ step 50000 ---
[08:07:53][rank0]   val loss=0.1590  loss_e=0.1590  acc_e=94.23%  acc_l=0.00%
[08:07:53][rank0]   No improvement count: 10/10
[08:07:53][rank0]   Early stopping triggered after 10 validations without improvement.
[08:07:53][rank0] Stopping early at epoch 22/30  elapsed=4:12:36
[08:07:53][rank0] ======================================================================
[08:07:53][rank0] Training complete — OOD evaluation
[08:07:53][rank0] ======================================================================
[08:07:53][rank0] Loaded best model from /scratch/yuvraj17/adaptive_tracing_scratch/adaptive_tracer/logs/lstm_event_cats9_seq512_382074/model_best.pt
[08:19:29][rank0] [OOD] global validation threshold (event_loss) thr=0.00178528 F1=0.6667 bal=197476/197476 full=197,476/646,822
[08:19:29][rank0] [OOD] cpu     AUROC=0.5426  AUPR=0.5406  bal=197044/190902  full=197,044/190,902  F1=0.6596  P=0.4921  R=1.0000  thr=0.00178528
[08:19:29][rank0] [OOD] disk    AUROC=0.7203  AUPR=0.6868  bal=197044/123783  full=197,044/123,783  F1=0.5568  P=0.3858  R=1.0000  thr=0.00178528
[08:19:29][rank0] [OOD] mem     AUROC=0.5650  AUPR=0.6001  bal=197044/217461  full=197,044/217,461  F1=0.6882  P=0.5246  R=1.0000  thr=0.00178528
[08:19:29][rank0] [OOD] net     AUROC=0.6937  AUPR=0.6159  bal=197044/120006  full=197,044/120,006  F1=0.5492  P=0.3785  R=1.0000  thr=0.00178528
[08:19:29][rank0] OOD results -> /scratch/yuvraj17/adaptive_tracing_scratch/adaptive_tracer/logs/lstm_event_cats9_seq512_382074/ood_results.json
