[23:02:17][rank0] Vocab: 257 syscalls / 6 processes
[23:02:17][rank0] Train shards for this rank: 64  (total=64)  Valid shards: 64
[23:02:17][rank0] Model: TRANSFORMER  params=2,493,711
[23:02:17][rank0]   n_hidden=1024  n_layer=6  n_head=8
[23:02:17][rank0]   AMP(bf16)=True  compile=False  chk=False  DDP=False
[23:02:17][rank0]   batch=512  accum_steps=4  world_size=1  eff_batch=2048
[23:02:17][rank0] ======================================================================
[23:02:17][rank0] Starting training  device=cuda:0  total_steps~=15425  world_size=1
[23:02:17][rank0] ======================================================================
[23:04:39][rank0] --- Validation @ step 100 ---
[23:06:08][rank0]   val loss=3.8047  loss_e=2.6515  acc_e=33.35%  acc_l=56.60%
[23:06:08][rank0]   New best val loss=3.8047 -> /scratch/yuvraj17/adaptive_tracing_scratch/adaptive_tracer/logs/sockshop_transformer_100_ep358561/model_best.pt
[23:07:29][rank0] Epoch   1/100  loss=5.4897  acc_e=21.15%  acc_l=46.25%  elapsed=0:05:12
[23:08:30][rank0] --- Validation @ step 200 ---
[23:09:58][rank0]   val loss=3.2229  loss_e=2.1606  acc_e=51.37%  acc_l=58.19%
[23:09:58][rank0]   New best val loss=3.2229 -> /scratch/yuvraj17/adaptive_tracing_scratch/adaptive_tracer/logs/sockshop_transformer_100_ep358561/model_best.pt
[23:12:16][rank0] --- Validation @ step 300 ---
[23:13:44][rank0]   val loss=2.5033  loss_e=1.4799  acc_e=80.17%  acc_l=59.04%
[23:13:44][rank0]   New best val loss=2.5033 -> /scratch/yuvraj17/adaptive_tracing_scratch/adaptive_tracer/logs/sockshop_transformer_100_ep358561/model_best.pt
[23:14:08][rank0] Epoch   2/100  loss=3.0998  acc_e=56.91%  acc_l=57.08%  elapsed=0:11:50
[23:16:06][rank0] --- Validation @ step 400 ---
[23:17:35][rank0]   val loss=2.3998  loss_e=1.3892  acc_e=81.08%  acc_l=61.46%
[23:17:35][rank0]   New best val loss=2.3998 -> /scratch/yuvraj17/adaptive_tracing_scratch/adaptive_tracer/logs/sockshop_transformer_100_ep358561/model_best.pt
[23:19:18][rank0] Epoch   3/100  loss=2.4394  acc_e=79.18%  acc_l=61.16%  elapsed=0:17:01
[23:19:56][rank0] step=   500  epoch=4  loss=2.3518  acc_e=81.43%  lr=7.50e-05  elapsed=0:17:39
[23:19:56][rank0] --- Validation @ step 500 ---
[23:21:24][rank0]   val loss=2.2682  loss_e=1.3424  acc_e=81.53%  acc_l=65.49%
[23:21:25][rank0]   New best val loss=2.2682 -> /scratch/yuvraj17/adaptive_tracing_scratch/adaptive_tracer/logs/sockshop_transformer_100_ep358561/model_best.pt
[23:23:44][rank0] --- Validation @ step 600 ---
[23:25:12][rank0]   val loss=2.2400  loss_e=1.3141  acc_e=81.68%  acc_l=64.89%
[23:25:12][rank0]   New best val loss=2.2400 -> /scratch/yuvraj17/adaptive_tracing_scratch/adaptive_tracer/logs/sockshop_transformer_100_ep358561/model_best.pt
[23:25:57][rank0] Epoch   4/100  loss=2.2908  acc_e=80.74%  acc_l=64.69%  elapsed=0:23:40
[23:27:33][rank0] --- Validation @ step 700 ---
[23:29:01][rank0]   val loss=2.1902  loss_e=1.3165  acc_e=81.86%  acc_l=67.75%
[23:29:01][rank0]   New best val loss=2.1902 -> /scratch/yuvraj17/adaptive_tracing_scratch/adaptive_tracer/logs/sockshop_transformer_100_ep358561/model_best.pt
[23:31:07][rank0] Epoch   5/100  loss=2.2117  acc_e=81.42%  acc_l=66.50%  elapsed=0:28:50
[23:31:22][rank0] --- Validation @ step 800 ---
[23:32:50][rank0]   val loss=2.1579  loss_e=1.2934  acc_e=81.83%  acc_l=67.84%
[23:32:50][rank0]   New best val loss=2.1579 -> /scratch/yuvraj17/adaptive_tracing_scratch/adaptive_tracer/logs/sockshop_transformer_100_ep358561/model_best.pt
[23:35:11][rank0] --- Validation @ step 900 ---
[23:36:40][rank0]   val loss=2.1364  loss_e=1.2869  acc_e=82.11%  acc_l=68.43%
[23:36:40][rank0]   New best val loss=2.1364 -> /scratch/yuvraj17/adaptive_tracing_scratch/adaptive_tracer/logs/sockshop_transformer_100_ep358561/model_best.pt
[23:37:47][rank0] Epoch   6/100  loss=2.1728  acc_e=81.74%  acc_l=67.36%  elapsed=0:35:30
[23:39:02][rank0] step=  1000  epoch=7  loss=2.1671  acc_e=82.38%  lr=1.50e-04  elapsed=0:36:45
[23:39:02][rank0] --- Validation @ step 1000 ---
[23:40:31][rank0]   val loss=2.1427  loss_e=1.2803  acc_e=82.31%  acc_l=67.99%
[23:42:49][rank0] --- Validation @ step 1100 ---
[23:44:18][rank0]   val loss=2.1044  loss_e=1.2791  acc_e=82.38%  acc_l=69.04%
[23:44:18][rank0]   New best val loss=2.1044 -> /scratch/yuvraj17/adaptive_tracing_scratch/adaptive_tracer/logs/sockshop_transformer_100_ep358561/model_best.pt
[23:44:27][rank0] Epoch   7/100  loss=2.1470  acc_e=82.02%  acc_l=67.85%  elapsed=0:42:10
[23:46:40][rank0] --- Validation @ step 1200 ---
[23:48:08][rank0]   val loss=2.0941  loss_e=1.2728  acc_e=82.55%  acc_l=69.18%
[23:48:08][rank0]   New best val loss=2.0941 -> /scratch/yuvraj17/adaptive_tracing_scratch/adaptive_tracer/logs/sockshop_transformer_100_ep358561/model_best.pt
[23:49:38][rank0] Epoch   8/100  loss=2.1289  acc_e=82.21%  acc_l=68.19%  elapsed=0:47:21
[23:50:31][rank0] --- Validation @ step 1300 ---
[23:52:00][rank0]   val loss=2.0855  loss_e=1.2682  acc_e=82.51%  acc_l=68.92%
[23:52:00][rank0]   New best val loss=2.0855 -> /scratch/yuvraj17/adaptive_tracing_scratch/adaptive_tracer/logs/sockshop_transformer_100_ep358561/model_best.pt
[23:54:18][rank0] --- Validation @ step 1400 ---
[23:55:46][rank0]   val loss=2.0886  loss_e=1.2799  acc_e=82.06%  acc_l=69.44%
[23:56:18][rank0] Epoch   9/100  loss=2.1136  acc_e=82.35%  acc_l=68.43%  elapsed=0:54:01
[23:58:08][rank0] step=  1500  epoch=10  loss=2.1089  acc_e=82.49%  lr=2.25e-04  elapsed=0:55:51
[23:58:08][rank0] --- Validation @ step 1500 ---
[23:59:36][rank0]   val loss=2.0761  loss_e=1.2697  acc_e=82.74%  acc_l=69.55%
[23:59:36][rank0]   New best val loss=2.0761 -> /scratch/yuvraj17/adaptive_tracing_scratch/adaptive_tracer/logs/sockshop_transformer_100_ep358561/model_best.pt
[00:01:28][rank0] Epoch  10/100  loss=2.1003  acc_e=82.47%  acc_l=68.80%  elapsed=0:59:11
[00:01:58][rank0] --- Validation @ step 1600 ---
[00:03:26][rank0]   val loss=2.0702  loss_e=1.2625  acc_e=82.70%  acc_l=69.44%
[00:03:26][rank0]   New best val loss=2.0702 -> /scratch/yuvraj17/adaptive_tracing_scratch/adaptive_tracer/logs/sockshop_transformer_100_ep358561/model_best.pt
[00:05:47][rank0] --- Validation @ step 1700 ---
[00:07:14][rank0]   val loss=2.0598  loss_e=1.2621  acc_e=82.78%  acc_l=69.72%
[00:07:14][rank0]   New best val loss=2.0598 -> /scratch/yuvraj17/adaptive_tracing_scratch/adaptive_tracer/logs/sockshop_transformer_100_ep358561/model_best.pt
[00:08:07][rank0] Epoch  11/100  loss=2.0902  acc_e=82.54%  acc_l=68.97%  elapsed=1:05:50
[00:09:34][rank0] --- Validation @ step 1800 ---
[00:11:02][rank0]   val loss=2.0653  loss_e=1.2695  acc_e=82.95%  acc_l=69.77%
[00:13:18][rank0] Epoch  12/100  loss=2.0790  acc_e=82.69%  acc_l=69.21%  elapsed=1:11:00
[00:13:24][rank0] --- Validation @ step 1900 ---
[00:14:52][rank0]   val loss=2.0392  loss_e=1.2557  acc_e=82.93%  acc_l=70.42%
[00:14:52][rank0]   New best val loss=2.0392 -> /scratch/yuvraj17/adaptive_tracing_scratch/adaptive_tracer/logs/sockshop_transformer_100_ep358561/model_best.pt
[00:17:13][rank0] step=  2000  epoch=13  loss=2.0845  acc_e=82.76%  lr=3.00e-04  elapsed=1:14:56
[00:17:13][rank0] --- Validation @ step 2000 ---
[00:18:41][rank0]   val loss=2.0580  loss_e=1.2601  acc_e=82.84%  acc_l=69.23%
[00:19:57][rank0] Epoch  13/100  loss=2.0718  acc_e=82.79%  acc_l=69.27%  elapsed=1:17:39
[00:21:04][rank0] --- Validation @ step 2100 ---
[00:22:32][rank0]   val loss=2.0384  loss_e=1.2508  acc_e=83.18%  acc_l=69.97%
[00:22:32][rank0]   New best val loss=2.0384 -> /scratch/yuvraj17/adaptive_tracing_scratch/adaptive_tracer/logs/sockshop_transformer_100_ep358561/model_best.pt
[00:24:50][rank0] --- Validation @ step 2200 ---
[00:26:18][rank0]   val loss=2.0399  loss_e=1.2564  acc_e=83.13%  acc_l=70.42%
[00:26:36][rank0] Epoch  14/100  loss=2.0625  acc_e=82.90%  acc_l=69.63%  elapsed=1:24:19
[00:28:42][rank0] --- Validation @ step 2300 ---
[00:30:10][rank0]   val loss=2.0323  loss_e=1.2481  acc_e=83.25%  acc_l=70.32%
[00:30:10][rank0]   New best val loss=2.0323 -> /scratch/yuvraj17/adaptive_tracing_scratch/adaptive_tracer/logs/sockshop_transformer_100_ep358561/model_best.pt
[00:31:48][rank0] Epoch  15/100  loss=2.0520  acc_e=82.96%  acc_l=69.89%  elapsed=1:29:31
[00:32:32][rank0] --- Validation @ step 2400 ---
[00:34:00][rank0]   val loss=2.0167  loss_e=1.2450  acc_e=83.30%  acc_l=70.94%
[00:34:00][rank0]   New best val loss=2.0167 -> /scratch/yuvraj17/adaptive_tracing_scratch/adaptive_tracer/logs/sockshop_transformer_100_ep358561/model_best.pt
[00:36:19][rank0] step=  2500  epoch=16  loss=2.0431  acc_e=83.07%  lr=2.99e-04  elapsed=1:34:02
[00:36:19][rank0] --- Validation @ step 2500 ---
[00:37:47][rank0]   val loss=2.0115  loss_e=1.2454  acc_e=83.35%  acc_l=71.14%
[00:37:47][rank0]   New best val loss=2.0115 -> /scratch/yuvraj17/adaptive_tracing_scratch/adaptive_tracer/logs/sockshop_transformer_100_ep358561/model_best.pt
[00:38:27][rank0] Epoch  16/100  loss=2.0442  acc_e=83.10%  acc_l=70.04%  elapsed=1:36:10
[00:40:08][rank0] --- Validation @ step 2600 ---
[00:41:37][rank0]   val loss=2.0079  loss_e=1.2466  acc_e=83.46%  acc_l=71.23%
[00:41:37][rank0]   New best val loss=2.0079 -> /scratch/yuvraj17/adaptive_tracing_scratch/adaptive_tracer/logs/sockshop_transformer_100_ep358561/model_best.pt
[00:43:38][rank0] Epoch  17/100  loss=2.0359  acc_e=83.21%  acc_l=70.27%  elapsed=1:41:20
[00:43:58][rank0] --- Validation @ step 2700 ---
[00:45:27][rank0]   val loss=1.9983  loss_e=1.2408  acc_e=83.49%  acc_l=71.37%
[00:45:27][rank0]   New best val loss=1.9983 -> /scratch/yuvraj17/adaptive_tracing_scratch/adaptive_tracer/logs/sockshop_transformer_100_ep358561/model_best.pt
[00:47:47][rank0] --- Validation @ step 2800 ---
[00:49:16][rank0]   val loss=1.9966  loss_e=1.2418  acc_e=83.25%  acc_l=71.35%
[00:49:16][rank0]   New best val loss=1.9966 -> /scratch/yuvraj17/adaptive_tracing_scratch/adaptive_tracer/logs/sockshop_transformer_100_ep358561/model_best.pt
[00:50:17][rank0] Epoch  18/100  loss=2.0267  acc_e=83.22%  acc_l=70.49%  elapsed=1:47:59
[00:51:36][rank0] --- Validation @ step 2900 ---
[00:53:04][rank0]   val loss=1.9979  loss_e=1.2405  acc_e=83.55%  acc_l=71.07%
[00:55:24][rank0] step=  3000  epoch=19  loss=2.0215  acc_e=83.31%  lr=2.96e-04  elapsed=1:53:07
[00:55:24][rank0] --- Validation @ step 3000 ---
[00:56:52][rank0]   val loss=1.9928  loss_e=1.2395  acc_e=83.53%  acc_l=71.32%
[00:56:52][rank0]   New best val loss=1.9928 -> /scratch/yuvraj17/adaptive_tracing_scratch/adaptive_tracer/logs/sockshop_transformer_100_ep358561/model_best.pt
[00:56:55][rank0] Epoch  19/100  loss=2.0210  acc_e=83.31%  acc_l=70.68%  elapsed=1:54:38
[00:59:14][rank0] --- Validation @ step 3100 ---
[01:00:42][rank0]   val loss=1.9852  loss_e=1.2401  acc_e=83.51%  acc_l=71.67%
[01:00:42][rank0]   New best val loss=1.9852 -> /scratch/yuvraj17/adaptive_tracing_scratch/adaptive_tracer/logs/sockshop_transformer_100_ep358561/model_best.pt
[01:02:06][rank0] Epoch  20/100  loss=2.0128  acc_e=83.34%  acc_l=70.84%  elapsed=1:59:49
[01:03:04][rank0] --- Validation @ step 3200 ---
[01:04:33][rank0]   val loss=1.9773  loss_e=1.2348  acc_e=83.63%  acc_l=71.84%
[01:04:33][rank0]   New best val loss=1.9773 -> /scratch/yuvraj17/adaptive_tracing_scratch/adaptive_tracer/logs/sockshop_transformer_100_ep358561/model_best.pt
[01:06:51][rank0] --- Validation @ step 3300 ---
[01:08:19][rank0]   val loss=1.9794  loss_e=1.2404  acc_e=83.58%  acc_l=72.02%
[01:08:45][rank0] Epoch  21/100  loss=2.0040  acc_e=83.42%  acc_l=71.13%  elapsed=2:06:28
[01:10:41][rank0] --- Validation @ step 3400 ---
[01:12:10][rank0]   val loss=1.9663  loss_e=1.2352  acc_e=83.71%  acc_l=72.16%
[01:12:10][rank0]   New best val loss=1.9663 -> /scratch/yuvraj17/adaptive_tracing_scratch/adaptive_tracer/logs/sockshop_transformer_100_ep358561/model_best.pt
[01:13:56][rank0] Epoch  22/100  loss=2.0001  acc_e=83.47%  acc_l=71.23%  elapsed=2:11:39
[01:14:31][rank0] step=  3500  epoch=23  loss=2.0012  acc_e=83.71%  lr=2.91e-04  elapsed=2:12:14
[01:14:31][rank0] --- Validation @ step 3500 ---
[01:16:00][rank0]   val loss=1.9560  loss_e=1.2316  acc_e=83.76%  acc_l=72.43%
[01:16:00][rank0]   New best val loss=1.9560 -> /scratch/yuvraj17/adaptive_tracing_scratch/adaptive_tracer/logs/sockshop_transformer_100_ep358561/model_best.pt
[01:18:20][rank0] --- Validation @ step 3600 ---
[01:19:49][rank0]   val loss=1.9520  loss_e=1.2316  acc_e=83.82%  acc_l=72.71%
[01:19:49][rank0]   New best val loss=1.9520 -> /scratch/yuvraj17/adaptive_tracing_scratch/adaptive_tracer/logs/sockshop_transformer_100_ep358561/model_best.pt
[01:20:35][rank0] Epoch  23/100  loss=1.9925  acc_e=83.51%  acc_l=71.47%  elapsed=2:18:18
[01:22:09][rank0] --- Validation @ step 3700 ---
[01:23:37][rank0]   val loss=1.9547  loss_e=1.2329  acc_e=83.77%  acc_l=72.48%
[01:25:46][rank0] Epoch  24/100  loss=1.9854  acc_e=83.54%  acc_l=71.71%  elapsed=2:23:29
[01:25:59][rank0] --- Validation @ step 3800 ---
[01:27:27][rank0]   val loss=1.9435  loss_e=1.2310  acc_e=83.85%  acc_l=73.07%
[01:27:27][rank0]   New best val loss=1.9435 -> /scratch/yuvraj17/adaptive_tracing_scratch/adaptive_tracer/logs/sockshop_transformer_100_ep358561/model_best.pt
[01:29:49][rank0] --- Validation @ step 3900 ---
[01:31:17][rank0]   val loss=1.9373  loss_e=1.2302  acc_e=83.88%  acc_l=73.13%
[01:31:17][rank0]   New best val loss=1.9373 -> /scratch/yuvraj17/adaptive_tracing_scratch/adaptive_tracer/logs/sockshop_transformer_100_ep358561/model_best.pt
[01:32:27][rank0] Epoch  25/100  loss=1.9786  acc_e=83.59%  acc_l=71.83%  elapsed=2:30:10
[01:33:41][rank0] step=  4000  epoch=26  loss=1.9900  acc_e=83.77%  lr=2.85e-04  elapsed=2:31:23
[01:33:41][rank0] --- Validation @ step 4000 ---
[01:35:09][rank0]   val loss=1.9282  loss_e=1.2267  acc_e=84.02%  acc_l=73.38%
[01:35:09][rank0]   New best val loss=1.9282 -> /scratch/yuvraj17/adaptive_tracing_scratch/adaptive_tracer/logs/sockshop_transformer_100_ep358561/model_best.pt
[01:37:27][rank0] --- Validation @ step 4100 ---
[01:38:56][rank0]   val loss=1.9284  loss_e=1.2291  acc_e=83.99%  acc_l=73.44%
[01:39:07][rank0] Epoch  26/100  loss=1.9706  acc_e=83.65%  acc_l=72.09%  elapsed=2:36:50
[01:41:17][rank0] --- Validation @ step 4200 ---
[01:42:46][rank0]   val loss=1.9189  loss_e=1.2263  acc_e=83.99%  acc_l=73.60%
[01:42:46][rank0]   New best val loss=1.9189 -> /scratch/yuvraj17/adaptive_tracing_scratch/adaptive_tracer/logs/sockshop_transformer_100_ep358561/model_best.pt
[01:44:18][rank0] Epoch  27/100  loss=1.9631  acc_e=83.70%  acc_l=72.25%  elapsed=2:42:01
[01:45:08][rank0] --- Validation @ step 4300 ---
[01:46:36][rank0]   val loss=1.9102  loss_e=1.2247  acc_e=84.11%  acc_l=73.79%
[01:46:36][rank0]   New best val loss=1.9102 -> /scratch/yuvraj17/adaptive_tracing_scratch/adaptive_tracer/logs/sockshop_transformer_100_ep358561/model_best.pt
[01:48:54][rank0] --- Validation @ step 4400 ---
[01:50:22][rank0]   val loss=1.9266  loss_e=1.2276  acc_e=84.08%  acc_l=73.26%
[01:50:57][rank0] Epoch  28/100  loss=1.9562  acc_e=83.73%  acc_l=72.48%  elapsed=2:48:40
[01:52:44][rank0] step=  4500  epoch=29  loss=1.9553  acc_e=83.74%  lr=2.76e-04  elapsed=2:50:27
[01:52:44][rank0] --- Validation @ step 4500 ---
[01:54:12][rank0]   val loss=1.9042  loss_e=1.2248  acc_e=84.02%  acc_l=74.01%
[01:54:12][rank0]   New best val loss=1.9042 -> /scratch/yuvraj17/adaptive_tracing_scratch/adaptive_tracer/logs/sockshop_transformer_100_ep358561/model_best.pt
[01:56:07][rank0] Epoch  29/100  loss=1.9481  acc_e=83.78%  acc_l=72.65%  elapsed=2:53:50
[01:56:34][rank0] --- Validation @ step 4600 ---
[01:58:02][rank0]   val loss=1.9281  loss_e=1.2223  acc_e=84.13%  acc_l=73.22%
[02:00:22][rank0] --- Validation @ step 4700 ---
[02:01:51][rank0]   val loss=1.8931  loss_e=1.2229  acc_e=84.21%  acc_l=74.40%
[02:01:51][rank0]   New best val loss=1.8931 -> /scratch/yuvraj17/adaptive_tracing_scratch/adaptive_tracer/logs/sockshop_transformer_100_ep358561/model_best.pt
[02:02:46][rank0] Epoch  30/100  loss=1.9437  acc_e=83.82%  acc_l=72.78%  elapsed=3:00:29
[02:04:10][rank0] --- Validation @ step 4800 ---
[02:05:38][rank0]   val loss=1.8862  loss_e=1.2221  acc_e=84.17%  acc_l=74.46%
[02:05:38][rank0]   New best val loss=1.8862 -> /scratch/yuvraj17/adaptive_tracing_scratch/adaptive_tracer/logs/sockshop_transformer_100_ep358561/model_best.pt
[02:07:56][rank0] Epoch  31/100  loss=1.9360  acc_e=83.85%  acc_l=73.05%  elapsed=3:05:39
[02:08:00][rank0] --- Validation @ step 4900 ---
[02:09:28][rank0]   val loss=1.8847  loss_e=1.2214  acc_e=84.23%  acc_l=74.64%
[02:09:28][rank0]   New best val loss=1.8847 -> /scratch/yuvraj17/adaptive_tracing_scratch/adaptive_tracer/logs/sockshop_transformer_100_ep358561/model_best.pt
[02:11:48][rank0] step=  5000  epoch=32  loss=1.9423  acc_e=83.84%  lr=2.66e-04  elapsed=3:09:31
[02:11:48][rank0] --- Validation @ step 5000 ---
[02:13:16][rank0]   val loss=1.8772  loss_e=1.2206  acc_e=84.30%  acc_l=74.81%
[02:13:16][rank0]   New best val loss=1.8772 -> /scratch/yuvraj17/adaptive_tracing_scratch/adaptive_tracer/logs/sockshop_transformer_100_ep358561/model_best.pt
[02:13:16][rank0]   Checkpoint -> /scratch/yuvraj17/adaptive_tracing_scratch/adaptive_tracer/logs/sockshop_transformer_100_ep358561/ckpt_0005000.pt
[02:14:35][rank0] Epoch  32/100  loss=1.9295  acc_e=83.91%  acc_l=73.21%  elapsed=3:12:18
[02:15:39][rank0] --- Validation @ step 5100 ---
[02:17:07][rank0]   val loss=1.8840  loss_e=1.2190  acc_e=84.27%  acc_l=74.47%
[02:19:25][rank0] --- Validation @ step 5200 ---
[02:20:53][rank0]   val loss=1.8708  loss_e=1.2207  acc_e=84.31%  acc_l=75.11%
[02:20:53][rank0]   New best val loss=1.8708 -> /scratch/yuvraj17/adaptive_tracing_scratch/adaptive_tracer/logs/sockshop_transformer_100_ep358561/model_best.pt
[02:21:13][rank0] Epoch  33/100  loss=1.9240  acc_e=83.93%  acc_l=73.42%  elapsed=3:18:56
[02:23:15][rank0] --- Validation @ step 5300 ---
[02:24:43][rank0]   val loss=1.8741  loss_e=1.2189  acc_e=84.37%  acc_l=74.77%
[02:26:24][rank0] Epoch  34/100  loss=1.9181  acc_e=83.97%  acc_l=73.54%  elapsed=3:24:06
[02:27:05][rank0] --- Validation @ step 5400 ---
[02:28:33][rank0]   val loss=1.8746  loss_e=1.2175  acc_e=84.33%  acc_l=74.69%
[02:30:52][rank0] step=  5500  epoch=35  loss=1.9132  acc_e=83.96%  lr=2.55e-04  elapsed=3:28:35
[02:30:52][rank0] --- Validation @ step 5500 ---
[02:32:20][rank0]   val loss=1.8593  loss_e=1.2177  acc_e=84.26%  acc_l=75.28%
[02:32:20][rank0]   New best val loss=1.8593 -> /scratch/yuvraj17/adaptive_tracing_scratch/adaptive_tracer/logs/sockshop_transformer_100_ep358561/model_best.pt
[02:33:02][rank0] Epoch  35/100  loss=1.9132  acc_e=83.99%  acc_l=73.75%  elapsed=3:30:45
[02:34:41][rank0] --- Validation @ step 5600 ---
[02:36:09][rank0]   val loss=1.8669  loss_e=1.2180  acc_e=84.44%  acc_l=75.21%
[02:38:12][rank0] Epoch  36/100  loss=1.9080  acc_e=84.00%  acc_l=73.84%  elapsed=3:35:55
[02:38:30][rank0] --- Validation @ step 5700 ---
[02:39:58][rank0]   val loss=1.8590  loss_e=1.2171  acc_e=84.38%  acc_l=75.50%
[02:39:58][rank0]   New best val loss=1.8590 -> /scratch/yuvraj17/adaptive_tracing_scratch/adaptive_tracer/logs/sockshop_transformer_100_ep358561/model_best.pt
[02:42:19][rank0] --- Validation @ step 5800 ---
[02:43:47][rank0]   val loss=1.8439  loss_e=1.2158  acc_e=84.44%  acc_l=75.91%
[02:43:47][rank0]   New best val loss=1.8439 -> /scratch/yuvraj17/adaptive_tracing_scratch/adaptive_tracer/logs/sockshop_transformer_100_ep358561/model_best.pt
[02:44:51][rank0] Epoch  37/100  loss=1.9029  acc_e=84.05%  acc_l=73.98%  elapsed=3:42:34
[02:46:08][rank0] --- Validation @ step 5900 ---
[02:47:36][rank0]   val loss=1.8624  loss_e=1.2153  acc_e=84.49%  acc_l=75.20%
[02:49:55][rank0] step=  6000  epoch=38  loss=1.8964  acc_e=84.05%  lr=2.42e-04  elapsed=3:47:38
[02:49:55][rank0] --- Validation @ step 6000 ---
[02:51:23][rank0]   val loss=1.8460  loss_e=1.2159  acc_e=84.49%  acc_l=75.86%
[02:51:30][rank0] Epoch  38/100  loss=1.8976  acc_e=84.05%  acc_l=74.24%  elapsed=3:49:12
[02:53:45][rank0] --- Validation @ step 6100 ---
[02:55:14][rank0]   val loss=1.8409  loss_e=1.2154  acc_e=84.48%  acc_l=76.12%
[02:55:14][rank0]   New best val loss=1.8409 -> /scratch/yuvraj17/adaptive_tracing_scratch/adaptive_tracer/logs/sockshop_transformer_100_ep358561/model_best.pt
[02:56:41][rank0] Epoch  39/100  loss=1.8934  acc_e=84.08%  acc_l=74.41%  elapsed=3:54:23
[02:57:36][rank0] --- Validation @ step 6200 ---
[02:59:04][rank0]   val loss=1.8349  loss_e=1.2139  acc_e=84.52%  acc_l=76.12%
[02:59:04][rank0]   New best val loss=1.8349 -> /scratch/yuvraj17/adaptive_tracing_scratch/adaptive_tracer/logs/sockshop_transformer_100_ep358561/model_best.pt
[03:01:22][rank0] --- Validation @ step 6300 ---
[03:02:50][rank0]   val loss=1.8336  loss_e=1.2151  acc_e=84.55%  acc_l=76.34%
[03:02:50][rank0]   New best val loss=1.8336 -> /scratch/yuvraj17/adaptive_tracing_scratch/adaptive_tracer/logs/sockshop_transformer_100_ep358561/model_best.pt
[03:03:19][rank0] Epoch  40/100  loss=1.8885  acc_e=84.11%  acc_l=74.45%  elapsed=4:01:02
[03:05:12][rank0] --- Validation @ step 6400 ---
[03:06:40][rank0]   val loss=1.8301  loss_e=1.2141  acc_e=84.55%  acc_l=76.28%
[03:06:40][rank0]   New best val loss=1.8301 -> /scratch/yuvraj17/adaptive_tracing_scratch/adaptive_tracer/logs/sockshop_transformer_100_ep358561/model_best.pt
[03:08:30][rank0] Epoch  41/100  loss=1.8834  acc_e=84.12%  acc_l=74.74%  elapsed=4:06:12
[03:09:02][rank0] step=  6500  epoch=42  loss=1.8881  acc_e=84.33%  lr=2.28e-04  elapsed=4:06:45
[03:09:02][rank0] --- Validation @ step 6500 ---
[03:10:30][rank0]   val loss=1.8237  loss_e=1.2125  acc_e=84.58%  acc_l=76.51%
[03:10:30][rank0]   New best val loss=1.8237 -> /scratch/yuvraj17/adaptive_tracing_scratch/adaptive_tracer/logs/sockshop_transformer_100_ep358561/model_best.pt
[03:12:51][rank0] --- Validation @ step 6600 ---
[03:14:19][rank0]   val loss=1.8257  loss_e=1.2121  acc_e=84.56%  acc_l=76.55%
[03:15:09][rank0] Epoch  42/100  loss=1.8807  acc_e=84.15%  acc_l=74.71%  elapsed=4:12:51
[03:16:39][rank0] --- Validation @ step 6700 ---
[03:18:07][rank0]   val loss=1.8231  loss_e=1.2133  acc_e=84.56%  acc_l=76.63%
[03:18:07][rank0]   New best val loss=1.8231 -> /scratch/yuvraj17/adaptive_tracing_scratch/adaptive_tracer/logs/sockshop_transformer_100_ep358561/model_best.pt
[03:20:19][rank0] Epoch  43/100  loss=1.8757  acc_e=84.17%  acc_l=74.89%  elapsed=4:18:02
[03:20:29][rank0] --- Validation @ step 6800 ---
[03:21:57][rank0]   val loss=1.8300  loss_e=1.2121  acc_e=84.61%  acc_l=76.48%
[03:24:17][rank0] --- Validation @ step 6900 ---
[03:25:46][rank0]   val loss=1.8252  loss_e=1.2128  acc_e=84.55%  acc_l=76.43%
[03:26:58][rank0] Epoch  44/100  loss=1.8717  acc_e=84.18%  acc_l=75.07%  elapsed=4:24:41
[03:28:08][rank0] step=  7000  epoch=45  loss=1.8862  acc_e=84.29%  lr=2.13e-04  elapsed=4:25:51
[03:28:08][rank0] --- Validation @ step 7000 ---
[03:29:36][rank0]   val loss=1.8125  loss_e=1.2106  acc_e=84.61%  acc_l=76.80%
[03:29:36][rank0]   New best val loss=1.8125 -> /scratch/yuvraj17/adaptive_tracing_scratch/adaptive_tracer/logs/sockshop_transformer_100_ep358561/model_best.pt
[03:31:54][rank0] --- Validation @ step 7100 ---
[03:33:22][rank0]   val loss=1.8110  loss_e=1.2121  acc_e=84.64%  acc_l=77.03%
[03:33:22][rank0]   New best val loss=1.8110 -> /scratch/yuvraj17/adaptive_tracing_scratch/adaptive_tracer/logs/sockshop_transformer_100_ep358561/model_best.pt
[03:33:37][rank0] Epoch  45/100  loss=1.8691  acc_e=84.21%  acc_l=75.17%  elapsed=4:31:19
[03:35:44][rank0] --- Validation @ step 7200 ---
[03:37:13][rank0]   val loss=1.8189  loss_e=1.2106  acc_e=84.67%  acc_l=76.59%
[03:38:47][rank0] Epoch  46/100  loss=1.8657  acc_e=84.22%  acc_l=75.24%  elapsed=4:36:30
[03:39:34][rank0] --- Validation @ step 7300 ---
[03:41:02][rank0]   val loss=1.8103  loss_e=1.2100  acc_e=84.66%  acc_l=76.90%
[03:41:02][rank0]   New best val loss=1.8103 -> /scratch/yuvraj17/adaptive_tracing_scratch/adaptive_tracer/logs/sockshop_transformer_100_ep358561/model_best.pt
[03:43:20][rank0] --- Validation @ step 7400 ---
[03:44:48][rank0]   val loss=1.8019  loss_e=1.2103  acc_e=84.65%  acc_l=77.29%
[03:44:48][rank0]   New best val loss=1.8019 -> /scratch/yuvraj17/adaptive_tracing_scratch/adaptive_tracer/logs/sockshop_transformer_100_ep358561/model_best.pt
[03:45:26][rank0] Epoch  47/100  loss=1.8619  acc_e=84.23%  acc_l=75.37%  elapsed=4:43:09
[03:47:10][rank0] step=  7500  epoch=48  loss=1.8633  acc_e=84.20%  lr=1.97e-04  elapsed=4:44:53
[03:47:10][rank0] --- Validation @ step 7500 ---
[03:48:39][rank0]   val loss=1.7958  loss_e=1.2106  acc_e=84.68%  acc_l=77.65%
[03:48:39][rank0]   New best val loss=1.7958 -> /scratch/yuvraj17/adaptive_tracing_scratch/adaptive_tracer/logs/sockshop_transformer_100_ep358561/model_best.pt
[03:50:37][rank0] Epoch  48/100  loss=1.8585  acc_e=84.24%  acc_l=75.50%  elapsed=4:48:19
[03:51:00][rank0] --- Validation @ step 7600 ---
[03:52:28][rank0]   val loss=1.7981  loss_e=1.2099  acc_e=84.68%  acc_l=77.41%
[03:54:49][rank0] --- Validation @ step 7700 ---
[03:56:17][rank0]   val loss=1.7987  loss_e=1.2096  acc_e=84.69%  acc_l=77.33%
[03:57:15][rank0] Epoch  49/100  loss=1.8550  acc_e=84.26%  acc_l=75.59%  elapsed=4:54:58
[03:58:37][rank0] --- Validation @ step 7800 ---
[04:00:05][rank0]   val loss=1.7946  loss_e=1.2086  acc_e=84.70%  acc_l=77.49%
[04:00:05][rank0]   New best val loss=1.7946 -> /scratch/yuvraj17/adaptive_tracing_scratch/adaptive_tracer/logs/sockshop_transformer_100_ep358561/model_best.pt
[04:02:25][rank0] --- Validation @ step 7900 ---
[04:03:54][rank0]   val loss=1.7991  loss_e=1.2093  acc_e=84.72%  acc_l=77.30%
[04:03:54][rank0] Epoch  50/100  loss=1.8514  acc_e=84.27%  acc_l=75.70%  elapsed=5:01:37
[04:06:15][rank0] step=  8000  epoch=51  loss=1.8590  acc_e=84.21%  lr=1.81e-04  elapsed=5:03:58
[04:06:15][rank0] --- Validation @ step 8000 ---
[04:07:43][rank0]   val loss=1.7963  loss_e=1.2097  acc_e=84.71%  acc_l=77.45%
[04:09:04][rank0] Epoch  51/100  loss=1.8491  acc_e=84.27%  acc_l=75.78%  elapsed=5:06:47
[04:10:05][rank0] --- Validation @ step 8100 ---
[04:11:34][rank0]   val loss=1.7964  loss_e=1.2085  acc_e=84.73%  acc_l=77.34%
[04:13:51][rank0] --- Validation @ step 8200 ---
[04:15:20][rank0]   val loss=1.7838  loss_e=1.2093  acc_e=84.73%  acc_l=77.99%
[04:15:20][rank0]   New best val loss=1.7838 -> /scratch/yuvraj17/adaptive_tracing_scratch/adaptive_tracer/logs/sockshop_transformer_100_ep358561/model_best.pt
[04:15:43][rank0] Epoch  52/100  loss=1.8462  acc_e=84.29%  acc_l=75.90%  elapsed=5:13:26
[04:17:42][rank0] --- Validation @ step 8300 ---
[04:19:10][rank0]   val loss=1.7810  loss_e=1.2085  acc_e=84.69%  acc_l=77.96%
[04:19:10][rank0]   New best val loss=1.7810 -> /scratch/yuvraj17/adaptive_tracing_scratch/adaptive_tracer/logs/sockshop_transformer_100_ep358561/model_best.pt
[04:20:54][rank0] Epoch  53/100  loss=1.8421  acc_e=84.30%  acc_l=76.06%  elapsed=5:18:37
[04:21:32][rank0] --- Validation @ step 8400 ---
[04:23:01][rank0]   val loss=1.7776  loss_e=1.2072  acc_e=84.76%  acc_l=78.08%
[04:23:01][rank0]   New best val loss=1.7776 -> /scratch/yuvraj17/adaptive_tracing_scratch/adaptive_tracer/logs/sockshop_transformer_100_ep358561/model_best.pt
[04:25:21][rank0] step=  8500  epoch=54  loss=1.8412  acc_e=84.31%  lr=1.65e-04  elapsed=5:23:04
[04:25:21][rank0] --- Validation @ step 8500 ---
[04:26:49][rank0]   val loss=1.7863  loss_e=1.2071  acc_e=84.73%  acc_l=77.81%
[04:27:34][rank0] Epoch  54/100  loss=1.8397  acc_e=84.31%  acc_l=76.15%  elapsed=5:25:16
[04:29:10][rank0] --- Validation @ step 8600 ---
[04:30:38][rank0]   val loss=1.7837  loss_e=1.2082  acc_e=84.73%  acc_l=77.87%
[04:32:45][rank0] Epoch  55/100  loss=1.8371  acc_e=84.30%  acc_l=76.18%  elapsed=5:30:28
[04:33:00][rank0] --- Validation @ step 8700 ---
[04:34:28][rank0]   val loss=1.7875  loss_e=1.2078  acc_e=84.76%  acc_l=77.78%
[04:36:49][rank0] --- Validation @ step 8800 ---
[04:38:17][rank0]   val loss=1.7756  loss_e=1.2079  acc_e=84.75%  acc_l=78.16%
[04:38:17][rank0]   New best val loss=1.7756 -> /scratch/yuvraj17/adaptive_tracing_scratch/adaptive_tracer/logs/sockshop_transformer_100_ep358561/model_best.pt
[04:39:24][rank0] Epoch  56/100  loss=1.8340  acc_e=84.33%  acc_l=76.29%  elapsed=5:37:07
[04:40:40][rank0] --- Validation @ step 8900 ---
[04:42:08][rank0]   val loss=1.7782  loss_e=1.2065  acc_e=84.77%  acc_l=78.00%
[04:44:26][rank0] step=  9000  epoch=57  loss=1.8303  acc_e=84.34%  lr=1.48e-04  elapsed=5:42:09
[04:44:26][rank0] --- Validation @ step 9000 ---
[04:45:55][rank0]   val loss=1.7669  loss_e=1.2074  acc_e=84.80%  acc_l=78.56%
[04:45:55][rank0]   New best val loss=1.7669 -> /scratch/yuvraj17/adaptive_tracing_scratch/adaptive_tracer/logs/sockshop_transformer_100_ep358561/model_best.pt
[04:46:04][rank0] Epoch  57/100  loss=1.8313  acc_e=84.34%  acc_l=76.41%  elapsed=5:43:46
[04:48:16][rank0] --- Validation @ step 9100 ---
[04:49:44][rank0]   val loss=1.7695  loss_e=1.2063  acc_e=84.81%  acc_l=78.31%
[04:51:14][rank0] Epoch  58/100  loss=1.8285  acc_e=84.36%  acc_l=76.42%  elapsed=5:48:57
[04:52:08][rank0] --- Validation @ step 9200 ---
[04:53:36][rank0]   val loss=1.7605  loss_e=1.2058  acc_e=84.76%  acc_l=78.68%
[04:53:36][rank0]   New best val loss=1.7605 -> /scratch/yuvraj17/adaptive_tracing_scratch/adaptive_tracer/logs/sockshop_transformer_100_ep358561/model_best.pt
[04:55:54][rank0] --- Validation @ step 9300 ---
[04:57:23][rank0]   val loss=1.7617  loss_e=1.2064  acc_e=84.80%  acc_l=78.67%
[04:57:55][rank0] Epoch  59/100  loss=1.8270  acc_e=84.35%  acc_l=76.48%  elapsed=5:55:37
[04:59:45][rank0] --- Validation @ step 9400 ---
[05:01:13][rank0]   val loss=1.7561  loss_e=1.2064  acc_e=84.80%  acc_l=78.91%
[05:01:14][rank0]   New best val loss=1.7561 -> /scratch/yuvraj17/adaptive_tracing_scratch/adaptive_tracer/logs/sockshop_transformer_100_ep358561/model_best.pt
[05:03:06][rank0] Epoch  60/100  loss=1.8225  acc_e=84.37%  acc_l=76.66%  elapsed=6:00:49
[05:03:36][rank0] step=  9500  epoch=61  loss=1.8187  acc_e=84.57%  lr=1.31e-04  elapsed=6:01:19
[05:03:36][rank0] --- Validation @ step 9500 ---
[05:05:05][rank0]   val loss=1.7648  loss_e=1.2056  acc_e=84.83%  acc_l=78.59%
[05:07:26][rank0] --- Validation @ step 9600 ---
[05:08:55][rank0]   val loss=1.7567  loss_e=1.2057  acc_e=84.82%  acc_l=78.89%
[05:09:47][rank0] Epoch  61/100  loss=1.8214  acc_e=84.37%  acc_l=76.64%  elapsed=6:07:30
[05:11:15][rank0] --- Validation @ step 9700 ---
[05:12:43][rank0]   val loss=1.7647  loss_e=1.2055  acc_e=84.82%  acc_l=78.57%
[05:14:59][rank0] Epoch  62/100  loss=1.8195  acc_e=84.38%  acc_l=76.70%  elapsed=6:12:42
[05:15:05][rank0] --- Validation @ step 9800 ---
[05:16:34][rank0]   val loss=1.7501  loss_e=1.2050  acc_e=84.84%  acc_l=79.04%
[05:16:34][rank0]   New best val loss=1.7501 -> /scratch/yuvraj17/adaptive_tracing_scratch/adaptive_tracer/logs/sockshop_transformer_100_ep358561/model_best.pt
[05:18:56][rank0] --- Validation @ step 9900 ---
[05:20:25][rank0]   val loss=1.7497  loss_e=1.2053  acc_e=84.84%  acc_l=79.03%
[05:20:25][rank0]   New best val loss=1.7497 -> /scratch/yuvraj17/adaptive_tracing_scratch/adaptive_tracer/logs/sockshop_transformer_100_ep358561/model_best.pt
[05:21:41][rank0] Epoch  63/100  loss=1.8163  acc_e=84.38%  acc_l=76.92%  elapsed=6:19:24
[05:22:49][rank0] step= 10000  epoch=64  loss=1.8280  acc_e=84.48%  lr=1.15e-04  elapsed=6:20:32
[05:22:49][rank0] --- Validation @ step 10000 ---
[05:24:18][rank0]   val loss=1.7622  loss_e=1.2049  acc_e=84.82%  acc_l=78.49%
[05:24:18][rank0]   Checkpoint -> /scratch/yuvraj17/adaptive_tracing_scratch/adaptive_tracer/logs/sockshop_transformer_100_ep358561/ckpt_0010000.pt
[05:26:37][rank0] --- Validation @ step 10100 ---
[05:28:05][rank0]   val loss=1.7488  loss_e=1.2054  acc_e=84.84%  acc_l=79.13%
[05:28:05][rank0]   New best val loss=1.7488 -> /scratch/yuvraj17/adaptive_tracing_scratch/adaptive_tracer/logs/sockshop_transformer_100_ep358561/model_best.pt
[05:28:23][rank0] Epoch  64/100  loss=1.8145  acc_e=84.39%  acc_l=76.96%  elapsed=6:26:06
[05:30:29][rank0] --- Validation @ step 10200 ---
[05:31:58][rank0]   val loss=1.7490  loss_e=1.2052  acc_e=84.82%  acc_l=79.07%
[05:33:36][rank0] Epoch  65/100  loss=1.8115  acc_e=84.40%  acc_l=76.99%  elapsed=6:31:19
[05:34:20][rank0] --- Validation @ step 10300 ---
[05:35:49][rank0]   val loss=1.7395  loss_e=1.2041  acc_e=84.86%  acc_l=79.37%
[05:35:49][rank0]   New best val loss=1.7395 -> /scratch/yuvraj17/adaptive_tracing_scratch/adaptive_tracer/logs/sockshop_transformer_100_ep358561/model_best.pt
[05:38:09][rank0] --- Validation @ step 10400 ---
[05:39:39][rank0]   val loss=1.7474  loss_e=1.2041  acc_e=84.87%  acc_l=79.11%
[05:40:20][rank0] Epoch  66/100  loss=1.8088  acc_e=84.40%  acc_l=77.16%  elapsed=6:38:02
[05:42:02][rank0] step= 10500  epoch=67  loss=1.8163  acc_e=84.36%  lr=9.96e-05  elapsed=6:39:45
[05:42:02][rank0] --- Validation @ step 10500 ---
[05:43:32][rank0]   val loss=1.7411  loss_e=1.2046  acc_e=84.85%  acc_l=79.47%
[05:45:34][rank0] Epoch  67/100  loss=1.8066  acc_e=84.41%  acc_l=77.20%  elapsed=6:43:16
[05:45:55][rank0] --- Validation @ step 10600 ---
[05:47:25][rank0]   val loss=1.7491  loss_e=1.2047  acc_e=84.82%  acc_l=79.21%
[05:49:46][rank0] --- Validation @ step 10700 ---
[05:51:17][rank0]   val loss=1.7366  loss_e=1.2048  acc_e=84.85%  acc_l=79.61%
[05:51:17][rank0]   New best val loss=1.7366 -> /scratch/yuvraj17/adaptive_tracing_scratch/adaptive_tracer/logs/sockshop_transformer_100_ep358561/model_best.pt
[05:52:18][rank0] Epoch  68/100  loss=1.8046  acc_e=84.41%  acc_l=77.30%  elapsed=6:50:01
[05:53:38][rank0] --- Validation @ step 10800 ---
[05:55:08][rank0]   val loss=1.7350  loss_e=1.2038  acc_e=84.87%  acc_l=79.65%
[05:55:08][rank0]   New best val loss=1.7350 -> /scratch/yuvraj17/adaptive_tracing_scratch/adaptive_tracer/logs/sockshop_transformer_100_ep358561/model_best.pt
[05:57:29][rank0] --- Validation @ step 10900 ---
[05:58:58][rank0]   val loss=1.7360  loss_e=1.2045  acc_e=84.83%  acc_l=79.49%
[05:59:01][rank0] Epoch  69/100  loss=1.8027  acc_e=84.42%  acc_l=77.41%  elapsed=6:56:44
[06:01:20][rank0] step= 11000  epoch=70  loss=1.8074  acc_e=84.35%  lr=8.48e-05  elapsed=6:59:03
[06:01:20][rank0] --- Validation @ step 11000 ---
[06:02:48][rank0]   val loss=1.7293  loss_e=1.2038  acc_e=84.89%  acc_l=79.77%
[06:02:48][rank0]   New best val loss=1.7293 -> /scratch/yuvraj17/adaptive_tracing_scratch/adaptive_tracer/logs/sockshop_transformer_100_ep358561/model_best.pt
[06:04:12][rank0] Epoch  70/100  loss=1.8003  acc_e=84.42%  acc_l=77.44%  elapsed=7:01:55
[06:05:11][rank0] --- Validation @ step 11100 ---
[06:06:40][rank0]   val loss=1.7275  loss_e=1.2038  acc_e=84.82%  acc_l=79.92%
[06:06:40][rank0]   New best val loss=1.7275 -> /scratch/yuvraj17/adaptive_tracing_scratch/adaptive_tracer/logs/sockshop_transformer_100_ep358561/model_best.pt
[06:08:58][rank0] --- Validation @ step 11200 ---
[06:10:28][rank0]   val loss=1.7288  loss_e=1.2043  acc_e=84.87%  acc_l=79.87%
[06:10:54][rank0] Epoch  71/100  loss=1.7988  acc_e=84.42%  acc_l=77.43%  elapsed=7:08:37
[06:12:50][rank0] --- Validation @ step 11300 ---
[06:14:19][rank0]   val loss=1.7282  loss_e=1.2037  acc_e=84.90%  acc_l=79.88%
[06:16:05][rank0] Epoch  72/100  loss=1.7960  acc_e=84.43%  acc_l=77.61%  elapsed=7:13:48
[06:16:41][rank0] --- Validation @ step 11400 ---
[06:18:09][rank0]   val loss=1.7298  loss_e=1.2035  acc_e=84.85%  acc_l=79.77%
[06:20:29][rank0] step= 11500  epoch=73  loss=1.7972  acc_e=84.44%  lr=7.10e-05  elapsed=7:18:12
[06:20:29][rank0] --- Validation @ step 11500 ---
[06:21:58][rank0]   val loss=1.7257  loss_e=1.2040  acc_e=84.88%  acc_l=79.96%
[06:21:58][rank0]   New best val loss=1.7257 -> /scratch/yuvraj17/adaptive_tracing_scratch/adaptive_tracer/logs/sockshop_transformer_100_ep358561/model_best.pt
[06:22:45][rank0] Epoch  73/100  loss=1.7945  acc_e=84.43%  acc_l=77.64%  elapsed=7:20:27
[06:24:18][rank0] --- Validation @ step 11600 ---
[06:25:46][rank0]   val loss=1.7279  loss_e=1.2037  acc_e=84.89%  acc_l=79.90%
[06:27:55][rank0] Epoch  74/100  loss=1.7930  acc_e=84.44%  acc_l=77.68%  elapsed=7:25:38
[06:28:07][rank0] --- Validation @ step 11700 ---
[06:29:36][rank0]   val loss=1.7208  loss_e=1.2034  acc_e=84.87%  acc_l=80.14%
[06:29:36][rank0]   New best val loss=1.7208 -> /scratch/yuvraj17/adaptive_tracing_scratch/adaptive_tracer/logs/sockshop_transformer_100_ep358561/model_best.pt
[06:31:56][rank0] --- Validation @ step 11800 ---
[06:33:25][rank0]   val loss=1.7217  loss_e=1.2031  acc_e=84.92%  acc_l=80.09%
[06:34:34][rank0] Epoch  75/100  loss=1.7914  acc_e=84.44%  acc_l=77.74%  elapsed=7:32:17
[06:35:47][rank0] --- Validation @ step 11900 ---
[06:37:16][rank0]   val loss=1.7228  loss_e=1.2028  acc_e=84.89%  acc_l=79.99%
[06:39:34][rank0] step= 12000  epoch=76  loss=1.7893  acc_e=84.43%  lr=5.84e-05  elapsed=7:37:17
[06:39:34][rank0] --- Validation @ step 12000 ---
[06:41:02][rank0]   val loss=1.7207  loss_e=1.2033  acc_e=84.89%  acc_l=80.08%
[06:41:03][rank0]   New best val loss=1.7207 -> /scratch/yuvraj17/adaptive_tracing_scratch/adaptive_tracer/logs/sockshop_transformer_100_ep358561/model_best.pt
[06:41:14][rank0] Epoch  76/100  loss=1.7901  acc_e=84.44%  acc_l=77.79%  elapsed=7:38:57
[06:43:24][rank0] --- Validation @ step 12100 ---
[06:44:53][rank0]   val loss=1.7189  loss_e=1.2033  acc_e=84.87%  acc_l=80.15%
[06:44:54][rank0]   New best val loss=1.7189 -> /scratch/yuvraj17/adaptive_tracing_scratch/adaptive_tracer/logs/sockshop_transformer_100_ep358561/model_best.pt
[06:46:26][rank0] Epoch  77/100  loss=1.7890  acc_e=84.45%  acc_l=77.83%  elapsed=7:44:09
[06:47:16][rank0] --- Validation @ step 12200 ---
[06:48:46][rank0]   val loss=1.7187  loss_e=1.2028  acc_e=84.88%  acc_l=80.06%
[06:48:46][rank0]   New best val loss=1.7187 -> /scratch/yuvraj17/adaptive_tracing_scratch/adaptive_tracer/logs/sockshop_transformer_100_ep358561/model_best.pt
[06:51:04][rank0] --- Validation @ step 12300 ---
[06:52:32][rank0]   val loss=1.7268  loss_e=1.2031  acc_e=84.90%  acc_l=79.84%
[06:53:08][rank0] Epoch  78/100  loss=1.7874  acc_e=84.45%  acc_l=77.89%  elapsed=7:50:50
[06:54:55][rank0] --- Validation @ step 12400 ---
[06:56:23][rank0]   val loss=1.7173  loss_e=1.2030  acc_e=84.90%  acc_l=80.27%
[06:56:23][rank0]   New best val loss=1.7173 -> /scratch/yuvraj17/adaptive_tracing_scratch/adaptive_tracer/logs/sockshop_transformer_100_ep358561/model_best.pt
[06:58:18][rank0] Epoch  79/100  loss=1.7862  acc_e=84.45%  acc_l=77.97%  elapsed=7:56:01
[06:58:45][rank0] step= 12500  epoch=80  loss=1.7877  acc_e=84.66%  lr=4.71e-05  elapsed=7:56:28
[06:58:45][rank0] --- Validation @ step 12500 ---
[07:00:13][rank0]   val loss=1.7131  loss_e=1.2029  acc_e=84.89%  acc_l=80.48%
[07:00:13][rank0]   New best val loss=1.7131 -> /scratch/yuvraj17/adaptive_tracing_scratch/adaptive_tracer/logs/sockshop_transformer_100_ep358561/model_best.pt
[07:02:34][rank0] --- Validation @ step 12600 ---
[07:04:02][rank0]   val loss=1.7153  loss_e=1.2027  acc_e=84.91%  acc_l=80.32%
[07:04:57][rank0] Epoch  80/100  loss=1.7850  acc_e=84.46%  acc_l=77.92%  elapsed=8:02:40
[07:06:21][rank0] --- Validation @ step 12700 ---
[07:07:50][rank0]   val loss=1.7168  loss_e=1.2024  acc_e=84.93%  acc_l=80.17%
[07:10:08][rank0] Epoch  81/100  loss=1.7831  acc_e=84.47%  acc_l=78.02%  elapsed=8:07:51
[07:10:11][rank0] --- Validation @ step 12800 ---
[07:11:40][rank0]   val loss=1.7131  loss_e=1.2026  acc_e=84.91%  acc_l=80.30%
[07:14:01][rank0] --- Validation @ step 12900 ---
[07:15:29][rank0]   val loss=1.7090  loss_e=1.2027  acc_e=84.92%  acc_l=80.52%
[07:15:29][rank0]   New best val loss=1.7090 -> /scratch/yuvraj17/adaptive_tracing_scratch/adaptive_tracer/logs/sockshop_transformer_100_ep358561/model_best.pt
[07:16:48][rank0] Epoch  82/100  loss=1.7826  acc_e=84.46%  acc_l=78.07%  elapsed=8:14:30
[07:17:52][rank0] step= 13000  epoch=83  loss=1.7908  acc_e=84.56%  lr=3.73e-05  elapsed=8:15:34
[07:17:52][rank0] --- Validation @ step 13000 ---
[07:19:20][rank0]   val loss=1.7082  loss_e=1.2022  acc_e=84.92%  acc_l=80.50%
[07:19:20][rank0]   New best val loss=1.7082 -> /scratch/yuvraj17/adaptive_tracing_scratch/adaptive_tracer/logs/sockshop_transformer_100_ep358561/model_best.pt
[07:21:38][rank0] --- Validation @ step 13100 ---
[07:23:06][rank0]   val loss=1.7063  loss_e=1.2026  acc_e=84.93%  acc_l=80.67%
[07:23:06][rank0]   New best val loss=1.7063 -> /scratch/yuvraj17/adaptive_tracing_scratch/adaptive_tracer/logs/sockshop_transformer_100_ep358561/model_best.pt
[07:23:27][rank0] Epoch  83/100  loss=1.7807  acc_e=84.47%  acc_l=78.15%  elapsed=8:21:09
[07:25:29][rank0] --- Validation @ step 13200 ---
[07:26:57][rank0]   val loss=1.7082  loss_e=1.2026  acc_e=84.93%  acc_l=80.58%
[07:28:37][rank0] Epoch  84/100  loss=1.7803  acc_e=84.47%  acc_l=78.14%  elapsed=8:26:20
[07:29:18][rank0] --- Validation @ step 13300 ---
[07:30:47][rank0]   val loss=1.7061  loss_e=1.2025  acc_e=84.92%  acc_l=80.74%
[07:30:47][rank0]   New best val loss=1.7061 -> /scratch/yuvraj17/adaptive_tracing_scratch/adaptive_tracer/logs/sockshop_transformer_100_ep358561/model_best.pt
[07:33:06][rank0] --- Validation @ step 13400 ---
[07:34:34][rank0]   val loss=1.7058  loss_e=1.2024  acc_e=84.93%  acc_l=80.72%
[07:34:34][rank0]   New best val loss=1.7058 -> /scratch/yuvraj17/adaptive_tracing_scratch/adaptive_tracer/logs/sockshop_transformer_100_ep358561/model_best.pt
[07:35:16][rank0] Epoch  85/100  loss=1.7795  acc_e=84.47%  acc_l=78.13%  elapsed=8:32:59
[07:36:54][rank0] step= 13500  epoch=86  loss=1.7864  acc_e=84.42%  lr=2.92e-05  elapsed=8:34:37
[07:36:54][rank0] --- Validation @ step 13500 ---
[07:38:23][rank0]   val loss=1.7050  loss_e=1.2025  acc_e=84.93%  acc_l=80.76%
[07:38:23][rank0]   New best val loss=1.7050 -> /scratch/yuvraj17/adaptive_tracing_scratch/adaptive_tracer/logs/sockshop_transformer_100_ep358561/model_best.pt
[07:40:27][rank0] Epoch  86/100  loss=1.7786  acc_e=84.47%  acc_l=78.21%  elapsed=8:38:09
[07:40:44][rank0] --- Validation @ step 13600 ---
[07:42:13][rank0]   val loss=1.7051  loss_e=1.2023  acc_e=84.93%  acc_l=80.70%
[07:44:33][rank0] --- Validation @ step 13700 ---
[07:46:02][rank0]   val loss=1.7014  loss_e=1.2021  acc_e=84.94%  acc_l=80.81%
[07:46:02][rank0]   New best val loss=1.7014 -> /scratch/yuvraj17/adaptive_tracing_scratch/adaptive_tracer/logs/sockshop_transformer_100_ep358561/model_best.pt
[07:47:06][rank0] Epoch  87/100  loss=1.7775  acc_e=84.48%  acc_l=78.24%  elapsed=8:44:48
[07:48:23][rank0] --- Validation @ step 13800 ---
[07:49:51][rank0]   val loss=1.7066  loss_e=1.2019  acc_e=84.94%  acc_l=80.53%
[07:52:10][rank0] --- Validation @ step 13900 ---
[07:53:38][rank0]   val loss=1.7092  loss_e=1.2025  acc_e=84.94%  acc_l=80.48%
[07:53:44][rank0] Epoch  88/100  loss=1.7759  acc_e=84.48%  acc_l=78.27%  elapsed=8:51:27
[07:56:00][rank0] step= 14000  epoch=89  loss=1.7794  acc_e=84.42%  lr=2.28e-05  elapsed=8:53:42
[07:56:00][rank0] --- Validation @ step 14000 ---
[07:57:28][rank0]   val loss=1.7086  loss_e=1.2023  acc_e=84.93%  acc_l=80.49%
[07:58:55][rank0] Epoch  89/100  loss=1.7756  acc_e=84.48%  acc_l=78.31%  elapsed=8:56:38
[07:59:51][rank0] --- Validation @ step 14100 ---
[08:01:19][rank0]   val loss=1.7017  loss_e=1.2021  acc_e=84.93%  acc_l=80.80%
[08:03:37][rank0] --- Validation @ step 14200 ---
[08:05:05][rank0]   val loss=1.7037  loss_e=1.2022  acc_e=84.94%  acc_l=80.72%
[08:05:34][rank0] Epoch  90/100  loss=1.7754  acc_e=84.48%  acc_l=78.34%  elapsed=9:03:17
[08:07:27][rank0] --- Validation @ step 14300 ---
[08:08:55][rank0]   val loss=1.7009  loss_e=1.2023  acc_e=84.94%  acc_l=80.89%
[08:08:55][rank0]   New best val loss=1.7009 -> /scratch/yuvraj17/adaptive_tracing_scratch/adaptive_tracer/logs/sockshop_transformer_100_ep358561/model_best.pt
[08:10:44][rank0] Epoch  91/100  loss=1.7751  acc_e=84.48%  acc_l=78.35%  elapsed=9:08:27
[08:11:17][rank0] --- Validation @ step 14400 ---
[08:12:45][rank0]   val loss=1.6996  loss_e=1.2022  acc_e=84.94%  acc_l=80.96%
[08:12:45][rank0]   New best val loss=1.6996 -> /scratch/yuvraj17/adaptive_tracing_scratch/adaptive_tracer/logs/sockshop_transformer_100_ep358561/model_best.pt
[08:15:07][rank0] step= 14500  epoch=92  loss=1.7763  acc_e=84.48%  lr=1.83e-05  elapsed=9:12:49
[08:15:07][rank0] --- Validation @ step 14500 ---
[08:16:35][rank0]   val loss=1.6991  loss_e=1.2019  acc_e=84.95%  acc_l=80.91%
[08:16:35][rank0]   New best val loss=1.6991 -> /scratch/yuvraj17/adaptive_tracing_scratch/adaptive_tracer/logs/sockshop_transformer_100_ep358561/model_best.pt
[08:17:24][rank0] Epoch  92/100  loss=1.7729  acc_e=84.48%  acc_l=78.41%  elapsed=9:15:07
[08:18:54][rank0] --- Validation @ step 14600 ---
[08:20:22][rank0]   val loss=1.7031  loss_e=1.2019  acc_e=84.95%  acc_l=80.69%
[08:22:35][rank0] Epoch  93/100  loss=1.7735  acc_e=84.48%  acc_l=78.43%  elapsed=9:20:18
[08:22:44][rank0] --- Validation @ step 14700 ---
[08:24:12][rank0]   val loss=1.7071  loss_e=1.2022  acc_e=84.94%  acc_l=80.54%
[08:26:33][rank0] --- Validation @ step 14800 ---
[08:28:02][rank0]   val loss=1.6987  loss_e=1.2020  acc_e=84.95%  acc_l=80.91%
[08:28:02][rank0]   New best val loss=1.6987 -> /scratch/yuvraj17/adaptive_tracing_scratch/adaptive_tracer/logs/sockshop_transformer_100_ep358561/model_best.pt
[08:29:15][rank0] Epoch  94/100  loss=1.7730  acc_e=84.48%  acc_l=78.41%  elapsed=9:26:57
[08:30:25][rank0] --- Validation @ step 14900 ---
[08:31:53][rank0]   val loss=1.6974  loss_e=1.2018  acc_e=84.94%  acc_l=80.95%
[08:31:53][rank0]   New best val loss=1.6974 -> /scratch/yuvraj17/adaptive_tracing_scratch/adaptive_tracer/logs/sockshop_transformer_100_ep358561/model_best.pt
[08:34:11][rank0] step= 15000  epoch=95  loss=1.7711  acc_e=84.47%  lr=1.57e-05  elapsed=9:31:53
[08:34:11][rank0] --- Validation @ step 15000 ---
[08:35:40][rank0]   val loss=1.6958  loss_e=1.2020  acc_e=84.95%  acc_l=81.05%
[08:35:40][rank0]   New best val loss=1.6958 -> /scratch/yuvraj17/adaptive_tracing_scratch/adaptive_tracer/logs/sockshop_transformer_100_ep358561/model_best.pt
[08:35:40][rank0]   Checkpoint -> /scratch/yuvraj17/adaptive_tracing_scratch/adaptive_tracer/logs/sockshop_transformer_100_ep358561/ckpt_0015000.pt
[08:35:54][rank0] Epoch  95/100  loss=1.7721  acc_e=84.48%  acc_l=78.47%  elapsed=9:33:37
[08:38:02][rank0] --- Validation @ step 15100 ---
[08:39:31][rank0]   val loss=1.6965  loss_e=1.2020  acc_e=84.94%  acc_l=81.04%
[08:41:06][rank0] Epoch  96/100  loss=1.7717  acc_e=84.48%  acc_l=78.46%  elapsed=9:38:49
[08:41:53][rank0] --- Validation @ step 15200 ---
[08:43:21][rank0]   val loss=1.6963  loss_e=1.2020  acc_e=84.95%  acc_l=81.09%
[08:45:40][rank0] --- Validation @ step 15300 ---
[08:47:08][rank0]   val loss=1.7010  loss_e=1.2021  acc_e=84.94%  acc_l=80.83%
[08:47:46][rank0] Epoch  97/100  loss=1.7715  acc_e=84.48%  acc_l=78.50%  elapsed=9:45:28
[08:49:30][rank0] --- Validation @ step 15400 ---
[08:50:59][rank0]   val loss=1.7000  loss_e=1.2020  acc_e=84.95%  acc_l=80.86%
[08:52:57][rank0] Epoch  98/100  loss=1.7696  acc_e=84.47%  acc_l=78.53%  elapsed=9:50:40
[08:53:21][rank0] step= 15500  epoch=99  loss=1.7755  acc_e=84.68%  lr=1.50e-05  elapsed=9:51:04
[08:53:21][rank0] --- Validation @ step 15500 ---
[08:54:51][rank0]   val loss=1.6972  loss_e=1.2020  acc_e=84.94%  acc_l=80.98%
[08:57:12][rank0] --- Validation @ step 15600 ---
[08:58:40][rank0]   val loss=1.6925  loss_e=1.2017  acc_e=84.96%  acc_l=81.14%
[08:58:40][rank0]   New best val loss=1.6925 -> /scratch/yuvraj17/adaptive_tracing_scratch/adaptive_tracer/logs/sockshop_transformer_100_ep358561/model_best.pt
[08:59:39][rank0] Epoch  99/100  loss=1.7708  acc_e=84.49%  acc_l=78.45%  elapsed=9:57:21
[09:01:01][rank0] --- Validation @ step 15700 ---
[09:02:30][rank0]   val loss=1.6963  loss_e=1.2017  acc_e=84.95%  acc_l=80.94%
[09:04:51][rank0] --- Validation @ step 15800 ---
[09:06:19][rank0]   val loss=1.7005  loss_e=1.2019  acc_e=84.96%  acc_l=80.78%
[09:06:20][rank0] Epoch 100/100  loss=1.7704  acc_e=84.49%  acc_l=78.42%  elapsed=10:04:02
[09:06:20][rank0] ======================================================================
[09:06:20][rank0] Training complete — OOD evaluation
[09:06:20][rank0] ======================================================================
[09:06:20][rank0] Loaded best model from /scratch/yuvraj17/adaptive_tracing_scratch/adaptive_tracer/logs/sockshop_transformer_100_ep358561/model_best.pt
[09:06:20][rank0] [OOD] Scoring test_id (normal baseline) ...
[09:07:50][rank0] [OOD] Scoring test_ood_cpu ...
[09:09:41][rank0] [OOD] cpu     AUROC=0.7240  AUPR=0.7177  (normal=316,026  ood=387,625)
[09:09:41][rank0] [OOD] Scoring test_ood_disk ...
[09:11:41][rank0] [OOD] disk    AUROC=0.7680  AUPR=0.7655  (normal=316,026  ood=425,955)
[09:11:41][rank0] [OOD] Scoring test_ood_mem ...
[09:13:31][rank0] [OOD] mem     AUROC=0.7235  AUPR=0.7043  (normal=316,026  ood=385,131)
[09:13:31][rank0] [OOD] Scoring test_ood_net ...
[09:14:34][rank0] [OOD] net     AUROC=0.6739  AUPR=0.5679  (normal=316,026  ood=220,229)
[09:14:34][rank0] OOD results -> /scratch/yuvraj17/adaptive_tracing_scratch/adaptive_tracer/logs/sockshop_transformer_100_ep358561/ood_results.json
