sehgaluv17@lttng-traces-microservice:~$ ./adaptive_tracer/microservice-lttng-data-collection-scripts/lmat_sync_run.sh run01 300 --quiet
🚀 LMAT SYNC: run01 (300s, 200 users)
📡 Phase 1: LTTng tracing + load generator (300 s)...
Session sockshop-ust created.
Traces will be output to /home/sehgaluv17/traces/lmat_sync/run01/ust
Enabled Python logging event rule with pattern `otel.spans`
Tracing started for session `sockshop-ust`
Session sockshop-kernel created.
Traces will be output to /home/sehgaluv17/traces/lmat_sync/run01/kernel
Enabled kernel event rule matching all events and attached to channel `channel0`
Tracing started for session `sockshop-kernel`
[lmat_sync/run01] FULL TRACING (Kernel+UST) for 300s...
Waiting for data availability.
Tracing stopped for session `sockshop-ust`
Waiting for data availability.
Tracing stopped for session `sockshop-kernel`
Destroying session `sockshop-ust`..
Session `sockshop-ust` destroyed
Destroying session `sockshop-kernel`..
Session `sockshop-kernel` destroyed
du: cannot read directory '/home/sehgaluv17/traces/lmat_sync/run01/kernel/kernel': Permission denied
[lmat_sync/run01] DONE. 125M    /home/sehgaluv17/traces/lmat_sync/run01

======================================================================
  SOCK SHOP TRAFFIC GENERATOR — RESULTS SUMMARY
======================================================================
  Total requests : 57892
  Passed         : 55989  (96.7%)
  Failed         : 1903  (3.3%)
  Avg latency    : 47 ms
  Min latency    : 2 ms
  Max latency    : 958 ms

  Scenario                       Requests   Pass%   Avg(ms)
  ------------------------------ -------- ------- ---------
  add_to_cart                        3841  100.0%        47
  basket_page                        3907  100.0%        53
  browse_catalogue                   5990  100.0%        39
  browse_homepage                    6531  100.0%         9
  catalogue_size                     5990  100.0%        47
  checkout_add_to_cart               2185  100.0%        46
  checkout_view_item                 2185  100.0%        48
  delete_cart_item                   1267  100.0%        52
  detail_page                        4289  100.0%        48
  get_address                        1288  100.0%        48
  get_card                           1296  100.0%        48
  get_orders                         1688  100.0%        40
  get_tags                           5990  100.0%        46
  login                              2318  100.0%        90
  place_order                        2185   12.9%        74
  register                            200  100.0%       210
  setup_address                       200  100.0%       292
  setup_card                          200  100.0%       297
  update_cart_item                   1320  100.0%        53
  view_item                          5022  100.0%        48
======================================================================

🧠 Phase 2: Replaying trace through model + concurrent load (300 s)...
20:36:20 [INFO] Loading vocab from /home/sehgaluv17/adaptive_tracer/micro-service-trace-data/preprocessed/vocab.pkl
20:36:20 [INFO] Vocab: 257 syscalls / 6 processes
20:36:20 [INFO] Loading latency boundaries from /home/sehgaluv17/adaptive_tracer/micro-service-trace-data/preprocessed/delay_spans.pkl
20:36:20 [INFO] Latency boundaries loaded for 77 event types
20:36:23 [INFO] Model loaded: LSTM  params=47,156,895  device=cpu
20:36:23 [INFO] Warming up model (3 random passes)...
20:36:23 [INFO] Model warmed up.
20:36:23 [INFO] MODE: SYNC — inference will block event collection on each window
20:36:23 [INFO] babeltrace2 pass #0 — ctf_root=/home/sehgaluv17/traces/lmat_sync/run01/kernel/kernel  last_ns=0
20:37:04 [INFO] windows=100  dropped=0  avg_inf=345.7 ms  wall=41 s  rate=2.5 win/s  score_mean=1.6385  score_p95=4.2860
20:37:19 [INFO] windows=200  dropped=0  avg_inf=235.6 ms  wall=56 s  rate=3.6 win/s  score_mean=2.3145  score_p95=5.3105
20:37:55 [INFO] windows=300  dropped=0  avg_inf=270.6 ms  wall=92 s  rate=3.3 win/s  score_mean=1.9502  score_p95=5.3105
20:38:17 [INFO] windows=400  dropped=0  avg_inf=248.5 ms  wall=114 s  rate=3.5 win/s  score_mean=1.9592  score_p95=5.3714
20:38:50 [INFO] windows=500  dropped=0  avg_inf=260.9 ms  wall=147 s  rate=3.4 win/s  score_mean=1.7971  score_p95=5.3797
20:39:20 [INFO] windows=600  dropped=0  avg_inf=262.0 ms  wall=176 s  rate=3.4 win/s  score_mean=1.7943  score_p95=5.3799
20:39:45 [INFO] windows=700  dropped=0  avg_inf=258.1 ms  wall=202 s  rate=3.5 win/s  score_mean=1.6955  score_p95=5.3711
20:40:16 [INFO] windows=800  dropped=0  avg_inf=260.4 ms  wall=232 s  rate=3.4 win/s  score_mean=1.6744  score_p95=5.4172
20:40:45 [INFO] windows=900  dropped=0  avg_inf=260.9 ms  wall=262 s  rate=3.4 win/s  score_mean=1.6032  score_p95=5.3883
20:41:10 [INFO] windows=1000  dropped=0  avg_inf=257.2 ms  wall=287 s  rate=3.5 win/s  score_mean=1.5263  score_p95=5.3733

======================================================================
  SOCK SHOP TRAFFIC GENERATOR — RESULTS SUMMARY
======================================================================
  Total requests : 58235
  Passed         : 56400  (96.8%)
  Failed         : 1835  (3.2%)
  Avg latency    : 46 ms
  Min latency    : 2 ms
  Max latency    : 591 ms

  Scenario                       Requests   Pass%   Avg(ms)
  ------------------------------ -------- ------- ---------
  add_to_cart                        3718  100.0%        47
  basket_page                        3842  100.0%        53
  browse_catalogue                   6130  100.0%        38
  browse_homepage                    6457  100.0%         9
  catalogue_size                     6130  100.0%        47
  checkout_add_to_cart               2154  100.0%        46
  checkout_view_item                 2154  100.0%        48
  delete_cart_item                   1288  100.0%        53
  detail_page                        4461  100.0%        47
  get_address                        1284  100.0%        48
  get_card                           1289  100.0%        48
  get_orders                         1693  100.0%        37
  get_tags                           6130  100.0%        46
  login                              2353  100.0%        75
  place_order                        2154   14.8%        76
  register                            200  100.0%       160
  setup_address                       200  100.0%       152
  setup_card                          200  100.0%       150
  update_cart_item                   1311  100.0%        52
  view_item                          5087  100.0%        48
======================================================================

20:41:38 [INFO] windows=1100  dropped=0  avg_inf=257.2 ms  wall=315 s  rate=3.5 win/s  score_mean=1.4851  score_p95=5.3711
20:41:52 [INFO] windows=1200  dropped=0  avg_inf=246.3 ms  wall=329 s  rate=3.7 win/s  score_mean=1.5009  score_p95=5.3733
20:42:19 [INFO] windows=1300  dropped=0  avg_inf=247.0 ms  wall=356 s  rate=3.7 win/s  score_mean=1.4710  score_p95=5.3711
20:42:41 [INFO] windows=1400  dropped=0  avg_inf=243.7 ms  wall=378 s  rate=3.7 win/s  score_mean=1.4139  score_p95=5.3671
20:42:57 [INFO] windows=1500  dropped=0  avg_inf=237.2 ms  wall=394 s  rate=3.8 win/s  score_mean=1.3860  score_p95=5.3671
20:43:20 [INFO] windows=1600  dropped=0  avg_inf=235.9 ms  wall=417 s  rate=3.8 win/s  score_mean=1.3639  score_p95=5.3644
20:43:36 [INFO] windows=1700  dropped=0  avg_inf=230.0 ms  wall=432 s  rate=3.9 win/s  score_mean=1.3431  score_p95=5.3584
20:44:00 [INFO] windows=1800  dropped=0  avg_inf=230.0 ms  wall=457 s  rate=3.9 win/s  score_mean=1.3020  score_p95=5.3473