[21:44:24][rank0] Vocab: 257 syscalls / 6 processes
[21:44:24][rank0] Train shards for this rank: 64  (total=64)  Valid shards: 64
[21:44:24][rank0] Model: LSTM  params=47,156,895
[21:44:24][rank0]   n_hidden=1024  n_layer=6  n_head=8
[21:44:24][rank0]   AMP(bf16)=True  compile=False  chk=False  DDP=False
[21:44:24][rank0]   batch=512  accum_steps=4  world_size=1  eff_batch=2048
[21:44:24][rank0] ======================================================================
[21:44:24][rank0] Starting training  device=cuda:0  total_steps~=7712  world_size=1
[21:44:24][rank0] ======================================================================
[21:45:56][rank0] --- Validation @ step 100 ---
[21:46:42][rank0]   val loss=3.7868  loss_e=2.5222  acc_e=33.34%  acc_l=56.38%
[21:46:42][rank0]   New best val loss=3.7868 -> /scratch/yuvraj17/adaptive_tracing_scratch/adaptive_tracer/logs/sockshop_lstm_311554/model_best.pt
[21:47:34][rank0] Epoch   1/50  loss=5.0021  acc_e=27.00%  acc_l=49.88%  elapsed=0:03:10
[21:48:14][rank0] --- Validation @ step 200 ---
[21:49:00][rank0]   val loss=3.3730  loss_e=2.3074  acc_e=34.24%  acc_l=57.37%
[21:49:00][rank0]   New best val loss=3.3730 -> /scratch/yuvraj17/adaptive_tracing_scratch/adaptive_tracer/logs/sockshop_lstm_311554/model_best.pt
[21:50:28][rank0] --- Validation @ step 300 ---
[21:51:14][rank0]   val loss=3.1776  loss_e=2.2012  acc_e=34.70%  acc_l=63.22%
[21:51:14][rank0]   New best val loss=3.1776 -> /scratch/yuvraj17/adaptive_tracing_scratch/adaptive_tracer/logs/sockshop_lstm_311554/model_best.pt
[21:51:29][rank0] Epoch   2/50  loss=3.2726  acc_e=34.31%  acc_l=60.27%  elapsed=0:07:05
[21:52:46][rank0] --- Validation @ step 400 ---
[21:53:31][rank0]   val loss=3.0844  loss_e=2.1547  acc_e=35.97%  acc_l=65.87%
[21:53:31][rank0]   New best val loss=3.0844 -> /scratch/yuvraj17/adaptive_tracing_scratch/adaptive_tracer/logs/sockshop_lstm_311554/model_best.pt
[21:54:37][rank0] Epoch   3/50  loss=3.1076  acc_e=35.58%  acc_l=64.23%  elapsed=0:10:13
[21:55:02][rank0] step=   500  epoch=4  loss=3.0680  acc_e=35.97%  lr=2.50e-04  elapsed=0:10:37
[21:55:02][rank0] --- Validation @ step 500 ---
[21:55:48][rank0]   val loss=3.0561  loss_e=2.1305  acc_e=36.08%  acc_l=65.39%
[21:55:48][rank0]   New best val loss=3.0561 -> /scratch/yuvraj17/adaptive_tracing_scratch/adaptive_tracer/logs/sockshop_lstm_311554/model_best.pt
[21:57:18][rank0] --- Validation @ step 600 ---
[21:58:04][rank0]   val loss=2.5151  loss_e=1.6202  acc_e=69.85%  acc_l=67.76%
[21:58:04][rank0]   New best val loss=2.5151 -> /scratch/yuvraj17/adaptive_tracing_scratch/adaptive_tracer/logs/sockshop_lstm_311554/model_best.pt
[21:58:33][rank0] Epoch   4/50  loss=2.8934  acc_e=45.10%  acc_l=65.78%  elapsed=0:14:08
[21:59:34][rank0] --- Validation @ step 700 ---
[22:00:20][rank0]   val loss=2.2073  loss_e=1.3322  acc_e=80.81%  acc_l=67.83%
[22:00:21][rank0]   New best val loss=2.2073 -> /scratch/yuvraj17/adaptive_tracing_scratch/adaptive_tracer/logs/sockshop_lstm_311554/model_best.pt
[22:01:42][rank0] Epoch   5/50  loss=2.1918  acc_e=81.41%  acc_l=67.21%  elapsed=0:17:17
[22:01:52][rank0] --- Validation @ step 800 ---
[22:02:38][rank0]   val loss=2.1439  loss_e=1.2826  acc_e=81.86%  acc_l=67.66%
[22:02:38][rank0]   New best val loss=2.1439 -> /scratch/yuvraj17/adaptive_tracing_scratch/adaptive_tracer/logs/sockshop_lstm_311554/model_best.pt
[22:04:08][rank0] --- Validation @ step 900 ---
[22:04:54][rank0]   val loss=2.1303  loss_e=1.2809  acc_e=81.91%  acc_l=68.26%
[22:04:55][rank0]   New best val loss=2.1303 -> /scratch/yuvraj17/adaptive_tracing_scratch/adaptive_tracer/logs/sockshop_lstm_311554/model_best.pt
[22:05:37][rank0] Epoch   6/50  loss=2.1384  acc_e=81.72%  acc_l=68.22%  elapsed=0:21:13
[22:06:26][rank0] step=  1000  epoch=7  loss=2.1164  acc_e=82.80%  lr=5.00e-04  elapsed=0:22:01
[22:06:26][rank0] --- Validation @ step 1000 ---
[22:07:11][rank0]   val loss=2.0824  loss_e=1.2739  acc_e=82.43%  acc_l=69.54%
[22:07:11][rank0]   New best val loss=2.0824 -> /scratch/yuvraj17/adaptive_tracing_scratch/adaptive_tracer/logs/sockshop_lstm_311554/model_best.pt
[22:08:40][rank0] --- Validation @ step 1100 ---
[22:09:25][rank0]   val loss=2.0605  loss_e=1.2662  acc_e=82.80%  acc_l=69.84%
[22:09:25][rank0]   New best val loss=2.0605 -> /scratch/yuvraj17/adaptive_tracing_scratch/adaptive_tracer/logs/sockshop_lstm_311554/model_best.pt
[22:09:31][rank0] Epoch   7/50  loss=2.0917  acc_e=82.46%  acc_l=69.19%  elapsed=0:25:07
[22:10:56][rank0] --- Validation @ step 1200 ---
[22:11:41][rank0]   val loss=2.0445  loss_e=1.2647  acc_e=83.02%  acc_l=70.09%
[22:11:42][rank0]   New best val loss=2.0445 -> /scratch/yuvraj17/adaptive_tracing_scratch/adaptive_tracer/logs/sockshop_lstm_311554/model_best.pt
[22:12:39][rank0] Epoch   8/50  loss=2.0573  acc_e=82.51%  acc_l=70.26%  elapsed=0:28:15
[22:13:13][rank0] --- Validation @ step 1300 ---
[22:13:59][rank0]   val loss=1.9784  loss_e=1.2555  acc_e=82.97%  acc_l=72.45%
[22:13:59][rank0]   New best val loss=1.9784 -> /scratch/yuvraj17/adaptive_tracing_scratch/adaptive_tracer/logs/sockshop_lstm_311554/model_best.pt
[22:15:27][rank0] --- Validation @ step 1400 ---
[22:16:13][rank0]   val loss=1.9823  loss_e=1.2614  acc_e=82.58%  acc_l=72.43%
[22:16:33][rank0] Epoch   9/50  loss=1.9966  acc_e=83.00%  acc_l=71.82%  elapsed=0:32:09
[22:17:44][rank0] step=  1500  epoch=10  loss=1.9550  acc_e=83.29%  lr=7.50e-04  elapsed=0:33:19
[22:17:44][rank0] --- Validation @ step 1500 ---
[22:18:29][rank0]   val loss=1.9344  loss_e=1.2480  acc_e=83.45%  acc_l=73.76%
[22:18:30][rank0]   New best val loss=1.9344 -> /scratch/yuvraj17/adaptive_tracing_scratch/adaptive_tracer/logs/sockshop_lstm_311554/model_best.pt
[22:19:41][rank0] Epoch  10/50  loss=1.9499  acc_e=83.07%  acc_l=73.41%  elapsed=0:35:17
[22:20:00][rank0] --- Validation @ step 1600 ---
[22:20:46][rank0]   val loss=1.9087  loss_e=1.2430  acc_e=83.35%  acc_l=74.43%
[22:20:46][rank0]   New best val loss=1.9087 -> /scratch/yuvraj17/adaptive_tracing_scratch/adaptive_tracer/logs/sockshop_lstm_311554/model_best.pt
[22:22:16][rank0] --- Validation @ step 1700 ---
[22:23:01][rank0]   val loss=1.9051  loss_e=1.2418  acc_e=83.19%  acc_l=74.36%
[22:23:01][rank0]   New best val loss=1.9051 -> /scratch/yuvraj17/adaptive_tracing_scratch/adaptive_tracer/logs/sockshop_lstm_311554/model_best.pt
[22:23:35][rank0] Epoch  11/50  loss=1.9351  acc_e=83.32%  acc_l=73.67%  elapsed=0:39:11
[22:24:31][rank0] --- Validation @ step 1800 ---
[22:25:17][rank0]   val loss=1.8862  loss_e=1.2408  acc_e=83.19%  acc_l=75.18%
[22:25:17][rank0]   New best val loss=1.8862 -> /scratch/yuvraj17/adaptive_tracing_scratch/adaptive_tracer/logs/sockshop_lstm_311554/model_best.pt
[22:26:43][rank0] Epoch  12/50  loss=1.8957  acc_e=83.45%  acc_l=75.00%  elapsed=0:42:19
[22:26:48][rank0] --- Validation @ step 1900 ---
[22:27:33][rank0]   val loss=1.8736  loss_e=1.2368  acc_e=83.64%  acc_l=75.76%
[22:27:33][rank0]   New best val loss=1.8736 -> /scratch/yuvraj17/adaptive_tracing_scratch/adaptive_tracer/logs/sockshop_lstm_311554/model_best.pt
[22:29:03][rank0] step=  2000  epoch=13  loss=1.8825  acc_e=83.71%  lr=1.00e-03  elapsed=0:44:39
[22:29:03][rank0] --- Validation @ step 2000 ---
[22:29:49][rank0]   val loss=1.8650  loss_e=1.2325  acc_e=83.75%  acc_l=75.68%
[22:29:49][rank0]   New best val loss=1.8650 -> /scratch/yuvraj17/adaptive_tracing_scratch/adaptive_tracer/logs/sockshop_lstm_311554/model_best.pt
[22:30:38][rank0] Epoch  13/50  loss=1.8819  acc_e=83.72%  acc_l=75.34%  elapsed=0:46:13
[22:31:21][rank0] --- Validation @ step 2100 ---
[22:32:06][rank0]   val loss=1.8201  loss_e=1.2231  acc_e=84.18%  acc_l=77.17%
[22:32:06][rank0]   New best val loss=1.8201 -> /scratch/yuvraj17/adaptive_tracing_scratch/adaptive_tracer/logs/sockshop_lstm_311554/model_best.pt
[22:33:35][rank0] --- Validation @ step 2200 ---
[22:34:20][rank0]   val loss=1.8284  loss_e=1.2283  acc_e=83.58%  acc_l=76.84%
[22:34:31][rank0] Epoch  14/50  loss=1.8427  acc_e=83.87%  acc_l=76.54%  elapsed=0:50:07
[22:35:51][rank0] --- Validation @ step 2300 ---
[22:36:37][rank0]   val loss=1.8001  loss_e=1.2181  acc_e=84.41%  acc_l=77.68%
[22:36:37][rank0]   New best val loss=1.8001 -> /scratch/yuvraj17/adaptive_tracing_scratch/adaptive_tracer/logs/sockshop_lstm_311554/model_best.pt
[22:37:40][rank0] Epoch  15/50  loss=1.8190  acc_e=84.18%  acc_l=77.08%  elapsed=0:53:15
[22:38:08][rank0] --- Validation @ step 2400 ---
[22:38:54][rank0]   val loss=1.7841  loss_e=1.2126  acc_e=84.50%  acc_l=78.15%
[22:38:54][rank0]   New best val loss=1.7841 -> /scratch/yuvraj17/adaptive_tracing_scratch/adaptive_tracer/logs/sockshop_lstm_311554/model_best.pt
[22:40:23][rank0] step=  2500  epoch=16  loss=1.7969  acc_e=84.34%  lr=9.82e-04  elapsed=0:55:58
[22:40:23][rank0] --- Validation @ step 2500 ---
[22:41:08][rank0]   val loss=1.7647  loss_e=1.2150  acc_e=84.42%  acc_l=78.89%
[22:41:08][rank0]   New best val loss=1.7647 -> /scratch/yuvraj17/adaptive_tracing_scratch/adaptive_tracer/logs/sockshop_lstm_311554/model_best.pt
[22:41:34][rank0] Epoch  16/50  loss=1.7934  acc_e=84.35%  acc_l=77.93%  elapsed=0:57:09
[22:42:39][rank0] --- Validation @ step 2600 ---
[22:43:25][rank0]   val loss=1.7618  loss_e=1.2134  acc_e=84.06%  acc_l=79.19%
[22:43:25][rank0]   New best val loss=1.7618 -> /scratch/yuvraj17/adaptive_tracing_scratch/adaptive_tracer/logs/sockshop_lstm_311554/model_best.pt
[22:44:42][rank0] Epoch  17/50  loss=1.7713  acc_e=84.51%  acc_l=78.64%  elapsed=1:00:18
[22:44:56][rank0] --- Validation @ step 2700 ---
[22:45:41][rank0]   val loss=1.7369  loss_e=1.2067  acc_e=84.68%  acc_l=79.78%
[22:45:41][rank0]   New best val loss=1.7369 -> /scratch/yuvraj17/adaptive_tracing_scratch/adaptive_tracer/logs/sockshop_lstm_311554/model_best.pt
[22:47:11][rank0] --- Validation @ step 2800 ---
[22:47:57][rank0]   val loss=1.7370  loss_e=1.2089  acc_e=84.46%  acc_l=79.90%
[22:48:36][rank0] Epoch  18/50  loss=1.7391  acc_e=84.59%  acc_l=79.78%  elapsed=1:04:12
[22:49:27][rank0] --- Validation @ step 2900 ---
[22:50:13][rank0]   val loss=1.7029  loss_e=1.2041  acc_e=84.83%  acc_l=81.09%
[22:50:13][rank0]   New best val loss=1.7029 -> /scratch/yuvraj17/adaptive_tracing_scratch/adaptive_tracer/logs/sockshop_lstm_311554/model_best.pt
[22:51:43][rank0] step=  3000  epoch=19  loss=1.7143  acc_e=84.64%  lr=9.30e-04  elapsed=1:07:18
[22:51:43][rank0] --- Validation @ step 3000 ---
[22:52:28][rank0]   val loss=1.7287  loss_e=1.2049  acc_e=84.85%  acc_l=79.92%
[22:52:30][rank0] Epoch  19/50  loss=1.7146  acc_e=84.65%  acc_l=80.71%  elapsed=1:08:06
[22:53:59][rank0] --- Validation @ step 3100 ---
[22:54:44][rank0]   val loss=1.7028  loss_e=1.2096  acc_e=84.65%  acc_l=81.23%
[22:54:45][rank0]   New best val loss=1.7028 -> /scratch/yuvraj17/adaptive_tracing_scratch/adaptive_tracer/logs/sockshop_lstm_311554/model_best.pt
[22:55:39][rank0] Epoch  20/50  loss=1.6891  acc_e=84.72%  acc_l=81.66%  elapsed=1:11:14
[22:56:16][rank0] --- Validation @ step 3200 ---
[22:57:02][rank0]   val loss=1.6534  loss_e=1.1999  acc_e=84.91%  acc_l=83.06%
[22:57:02][rank0]   New best val loss=1.6534 -> /scratch/yuvraj17/adaptive_tracing_scratch/adaptive_tracer/logs/sockshop_lstm_311554/model_best.pt
[22:58:30][rank0] --- Validation @ step 3300 ---
[22:59:16][rank0]   val loss=1.6152  loss_e=1.2052  acc_e=84.37%  acc_l=84.74%
[22:59:16][rank0]   New best val loss=1.6152 -> /scratch/yuvraj17/adaptive_tracing_scratch/adaptive_tracer/logs/sockshop_lstm_311554/model_best.pt
[22:59:33][rank0] Epoch  21/50  loss=1.6455  acc_e=84.81%  acc_l=83.37%  elapsed=1:15:08
[23:00:47][rank0] --- Validation @ step 3400 ---
[23:01:33][rank0]   val loss=1.6296  loss_e=1.2020  acc_e=84.98%  acc_l=83.65%
[23:02:41][rank0] Epoch  22/50  loss=1.6018  acc_e=84.90%  acc_l=85.09%  elapsed=1:18:17
[23:03:04][rank0] step=  3500  epoch=23  loss=1.5855  acc_e=85.11%  lr=8.47e-04  elapsed=1:18:39
[23:03:04][rank0] --- Validation @ step 3500 ---
[23:03:49][rank0]   val loss=1.6177  loss_e=1.1993  acc_e=84.96%  acc_l=84.21%
[23:05:19][rank0] --- Validation @ step 3600 ---
[23:06:05][rank0]   val loss=1.6139  loss_e=1.1991  acc_e=84.97%  acc_l=84.11%
[23:06:05][rank0]   New best val loss=1.6139 -> /scratch/yuvraj17/adaptive_tracing_scratch/adaptive_tracer/logs/sockshop_lstm_311554/model_best.pt
[23:06:35][rank0] Epoch  23/50  loss=1.5671  acc_e=84.96%  acc_l=86.47%  elapsed=1:22:11
[23:07:35][rank0] --- Validation @ step 3700 ---
[23:08:20][rank0]   val loss=1.5623  loss_e=1.1997  acc_e=85.11%  acc_l=86.39%
[23:08:21][rank0]   New best val loss=1.5623 -> /scratch/yuvraj17/adaptive_tracing_scratch/adaptive_tracer/logs/sockshop_lstm_311554/model_best.pt
[23:09:44][rank0] Epoch  24/50  loss=1.5405  acc_e=85.02%  acc_l=87.48%  elapsed=1:25:19
[23:09:52][rank0] --- Validation @ step 3800 ---
[23:10:37][rank0]   val loss=1.5549  loss_e=1.1969  acc_e=84.97%  acc_l=86.68%
[23:10:37][rank0]   New best val loss=1.5549 -> /scratch/yuvraj17/adaptive_tracing_scratch/adaptive_tracer/logs/sockshop_lstm_311554/model_best.pt
[23:12:07][rank0] --- Validation @ step 3900 ---
[23:12:53][rank0]   val loss=1.5084  loss_e=1.1968  acc_e=85.15%  acc_l=88.57%
[23:12:53][rank0]   New best val loss=1.5084 -> /scratch/yuvraj17/adaptive_tracing_scratch/adaptive_tracer/logs/sockshop_lstm_311554/model_best.pt
[23:13:38][rank0] Epoch  25/50  loss=1.4890  acc_e=85.12%  acc_l=89.52%  elapsed=1:29:13
[23:14:25][rank0] step=  4000  epoch=26  loss=1.4694  acc_e=85.26%  lr=7.40e-04  elapsed=1:30:00
[23:14:25][rank0] --- Validation @ step 4000 ---
[23:15:10][rank0]   val loss=1.4771  loss_e=1.1921  acc_e=85.25%  acc_l=89.68%
[23:15:10][rank0]   New best val loss=1.4771 -> /scratch/yuvraj17/adaptive_tracing_scratch/adaptive_tracer/logs/sockshop_lstm_311554/model_best.pt
[23:16:39][rank0] --- Validation @ step 4100 ---
[23:17:24][rank0]   val loss=1.4573  loss_e=1.1957  acc_e=85.19%  acc_l=90.41%
[23:17:25][rank0]   New best val loss=1.4573 -> /scratch/yuvraj17/adaptive_tracing_scratch/adaptive_tracer/logs/sockshop_lstm_311554/model_best.pt
[23:17:32][rank0] Epoch  26/50  loss=1.4395  acc_e=85.14%  acc_l=91.46%  elapsed=1:33:08
[23:18:56][rank0] --- Validation @ step 4200 ---
[23:19:41][rank0]   val loss=1.4640  loss_e=1.1930  acc_e=85.28%  acc_l=90.14%
[23:20:41][rank0] Epoch  27/50  loss=1.4033  acc_e=85.22%  acc_l=92.77%  elapsed=1:36:16
[23:21:12][rank0] --- Validation @ step 4300 ---
[23:21:58][rank0]   val loss=1.3955  loss_e=1.1896  acc_e=85.34%  acc_l=92.70%
[23:21:58][rank0]   New best val loss=1.3955 -> /scratch/yuvraj17/adaptive_tracing_scratch/adaptive_tracer/logs/sockshop_lstm_311554/model_best.pt
[23:23:27][rank0] --- Validation @ step 4400 ---
[23:24:12][rank0]   val loss=1.4545  loss_e=1.1931  acc_e=85.31%  acc_l=90.46%
[23:24:35][rank0] Epoch  28/50  loss=1.3709  acc_e=85.28%  acc_l=93.94%  elapsed=1:40:10
[23:25:44][rank0] step=  4500  epoch=29  loss=1.3399  acc_e=85.30%  lr=6.17e-04  elapsed=1:41:19
[23:25:44][rank0] --- Validation @ step 4500 ---
[23:26:29][rank0]   val loss=1.4111  loss_e=1.1919  acc_e=85.38%  acc_l=92.06%
[23:27:43][rank0] Epoch  29/50  loss=1.3462  acc_e=85.33%  acc_l=94.85%  elapsed=1:43:19
[23:28:00][rank0] --- Validation @ step 4600 ---
[23:28:46][rank0]   val loss=1.3501  loss_e=1.1882  acc_e=85.42%  acc_l=94.28%
[23:28:46][rank0]   New best val loss=1.3501 -> /scratch/yuvraj17/adaptive_tracing_scratch/adaptive_tracer/logs/sockshop_lstm_311554/model_best.pt
[23:30:16][rank0] --- Validation @ step 4700 ---
[23:31:02][rank0]   val loss=1.3652  loss_e=1.1887  acc_e=85.38%  acc_l=93.73%
[23:31:37][rank0] Epoch  30/50  loss=1.3152  acc_e=85.38%  acc_l=95.96%  elapsed=1:47:13
[23:32:31][rank0] --- Validation @ step 4800 ---
[23:33:17][rank0]   val loss=1.3329  loss_e=1.1878  acc_e=85.47%  acc_l=94.91%
[23:33:17][rank0]   New best val loss=1.3329 -> /scratch/yuvraj17/adaptive_tracing_scratch/adaptive_tracer/logs/sockshop_lstm_311554/model_best.pt
[23:34:46][rank0] Epoch  31/50  loss=1.2922  acc_e=85.43%  acc_l=96.85%  elapsed=1:50:21
[23:34:48][rank0] --- Validation @ step 4900 ---
[23:35:34][rank0]   val loss=1.3129  loss_e=1.1878  acc_e=85.48%  acc_l=95.63%
[23:35:34][rank0]   New best val loss=1.3129 -> /scratch/yuvraj17/adaptive_tracing_scratch/adaptive_tracer/logs/sockshop_lstm_311554/model_best.pt
[23:37:04][rank0] step=  5000  epoch=32  loss=1.2788  acc_e=85.39%  lr=4.87e-04  elapsed=1:52:40
[23:37:04][rank0] --- Validation @ step 5000 ---
[23:37:50][rank0]   val loss=1.2951  loss_e=1.1877  acc_e=85.44%  acc_l=96.45%
[23:37:50][rank0]   New best val loss=1.2951 -> /scratch/yuvraj17/adaptive_tracing_scratch/adaptive_tracer/logs/sockshop_lstm_311554/model_best.pt
[23:37:51][rank0]   Checkpoint -> /scratch/yuvraj17/adaptive_tracing_scratch/adaptive_tracer/logs/sockshop_lstm_311554/ckpt_0005000.pt
[23:38:41][rank0] Epoch  32/50  loss=1.2767  acc_e=85.46%  acc_l=97.32%  elapsed=1:54:16
[23:39:22][rank0] --- Validation @ step 5100 ---
[23:40:08][rank0]   val loss=1.2970  loss_e=1.1852  acc_e=85.53%  acc_l=96.21%
[23:41:36][rank0] --- Validation @ step 5200 ---
[23:42:22][rank0]   val loss=1.2735  loss_e=1.1868  acc_e=85.56%  acc_l=97.24%
[23:42:22][rank0]   New best val loss=1.2735 -> /scratch/yuvraj17/adaptive_tracing_scratch/adaptive_tracer/logs/sockshop_lstm_311554/model_best.pt
[23:42:35][rank0] Epoch  33/50  loss=1.2621  acc_e=85.50%  acc_l=97.79%  elapsed=1:58:11
[23:43:53][rank0] --- Validation @ step 5300 ---
[23:44:39][rank0]   val loss=1.2663  loss_e=1.1849  acc_e=85.57%  acc_l=97.33%
[23:44:39][rank0]   New best val loss=1.2663 -> /scratch/yuvraj17/adaptive_tracing_scratch/adaptive_tracer/logs/sockshop_lstm_311554/model_best.pt
[23:45:44][rank0] Epoch  34/50  loss=1.2514  acc_e=85.54%  acc_l=98.13%  elapsed=2:01:19
[23:46:10][rank0] --- Validation @ step 5400 ---
[23:46:56][rank0]   val loss=1.2661  loss_e=1.1836  acc_e=85.61%  acc_l=97.28%
[23:46:56][rank0]   New best val loss=1.2661 -> /scratch/yuvraj17/adaptive_tracing_scratch/adaptive_tracer/logs/sockshop_lstm_311554/model_best.pt
[23:48:25][rank0] step=  5500  epoch=35  loss=1.2422  acc_e=85.56%  lr=3.60e-04  elapsed=2:04:01
[23:48:25][rank0] --- Validation @ step 5500 ---
[23:49:11][rank0]   val loss=1.2537  loss_e=1.1835  acc_e=85.64%  acc_l=97.73%
[23:49:11][rank0]   New best val loss=1.2537 -> /scratch/yuvraj17/adaptive_tracing_scratch/adaptive_tracer/logs/sockshop_lstm_311554/model_best.pt
[23:49:38][rank0] Epoch  35/50  loss=1.2432  acc_e=85.58%  acc_l=98.34%  elapsed=2:05:14
[23:50:41][rank0] --- Validation @ step 5600 ---
[23:51:27][rank0]   val loss=1.2441  loss_e=1.1834  acc_e=85.66%  acc_l=98.16%
[23:51:27][rank0]   New best val loss=1.2441 -> /scratch/yuvraj17/adaptive_tracing_scratch/adaptive_tracer/logs/sockshop_lstm_311554/model_best.pt
[23:52:47][rank0] Epoch  36/50  loss=1.2364  acc_e=85.61%  acc_l=98.53%  elapsed=2:08:22
[23:52:58][rank0] --- Validation @ step 5700 ---
[23:53:44][rank0]   val loss=1.2412  loss_e=1.1825  acc_e=85.64%  acc_l=98.15%
[23:53:44][rank0]   New best val loss=1.2412 -> /scratch/yuvraj17/adaptive_tracing_scratch/adaptive_tracer/logs/sockshop_lstm_311554/model_best.pt
[23:55:14][rank0] --- Validation @ step 5800 ---
[23:56:00][rank0]   val loss=1.2275  loss_e=1.1820  acc_e=85.70%  acc_l=98.70%
[23:56:00][rank0]   New best val loss=1.2275 -> /scratch/yuvraj17/adaptive_tracing_scratch/adaptive_tracer/logs/sockshop_lstm_311554/model_best.pt
[23:56:41][rank0] Epoch  37/50  loss=1.2277  acc_e=85.64%  acc_l=98.82%  elapsed=2:12:17
[23:57:31][rank0] --- Validation @ step 5900 ---
[23:58:17][rank0]   val loss=1.2292  loss_e=1.1806  acc_e=85.73%  acc_l=98.51%
[23:59:46][rank0] step=  6000  epoch=38  loss=1.2193  acc_e=85.66%  lr=2.45e-04  elapsed=2:15:21
[23:59:46][rank0] --- Validation @ step 6000 ---
[00:00:31][rank0]   val loss=1.2178  loss_e=1.1815  acc_e=85.70%  acc_l=99.03%
[00:00:32][rank0]   New best val loss=1.2178 -> /scratch/yuvraj17/adaptive_tracing_scratch/adaptive_tracer/logs/sockshop_lstm_311554/model_best.pt
[00:00:36][rank0] Epoch  38/50  loss=1.2217  acc_e=85.66%  acc_l=98.98%  elapsed=2:16:11
[00:02:02][rank0] --- Validation @ step 6100 ---
[00:02:48][rank0]   val loss=1.2154  loss_e=1.1810  acc_e=85.74%  acc_l=99.06%
[00:02:48][rank0]   New best val loss=1.2154 -> /scratch/yuvraj17/adaptive_tracing_scratch/adaptive_tracer/logs/sockshop_lstm_311554/model_best.pt
[00:03:44][rank0] Epoch  39/50  loss=1.2175  acc_e=85.70%  acc_l=99.09%  elapsed=2:19:20
[00:04:20][rank0] --- Validation @ step 6200 ---
[00:05:06][rank0]   val loss=1.2132  loss_e=1.1793  acc_e=85.78%  acc_l=99.09%
[00:05:06][rank0]   New best val loss=1.2132 -> /scratch/yuvraj17/adaptive_tracing_scratch/adaptive_tracer/logs/sockshop_lstm_311554/model_best.pt
[00:06:34][rank0] --- Validation @ step 6300 ---
[00:07:20][rank0]   val loss=1.2091  loss_e=1.1801  acc_e=85.78%  acc_l=99.26%
[00:07:20][rank0]   New best val loss=1.2091 -> /scratch/yuvraj17/adaptive_tracing_scratch/adaptive_tracer/logs/sockshop_lstm_311554/model_best.pt
[00:07:39][rank0] Epoch  40/50  loss=1.2132  acc_e=85.72%  acc_l=99.19%  elapsed=2:23:14
[00:08:51][rank0] --- Validation @ step 6400 ---
[00:09:37][rank0]   val loss=1.2089  loss_e=1.1792  acc_e=85.78%  acc_l=99.21%
[00:09:37][rank0]   New best val loss=1.2089 -> /scratch/yuvraj17/adaptive_tracing_scratch/adaptive_tracer/logs/sockshop_lstm_311554/model_best.pt
[00:10:47][rank0] Epoch  41/50  loss=1.2096  acc_e=85.75%  acc_l=99.29%  elapsed=2:26:23
[00:11:08][rank0] step=  6500  epoch=42  loss=1.2049  acc_e=85.91%  lr=1.52e-04  elapsed=2:26:44
[00:11:08][rank0] --- Validation @ step 6500 ---
[00:11:54][rank0]   val loss=1.2104  loss_e=1.1784  acc_e=85.82%  acc_l=99.07%
[00:13:24][rank0] --- Validation @ step 6600 ---
[00:14:10][rank0]   val loss=1.2036  loss_e=1.1783  acc_e=85.84%  acc_l=99.37%
[00:14:10][rank0]   New best val loss=1.2036 -> /scratch/yuvraj17/adaptive_tracing_scratch/adaptive_tracer/logs/sockshop_lstm_311554/model_best.pt
[00:14:42][rank0] Epoch  42/50  loss=1.2074  acc_e=85.78%  acc_l=99.31%  elapsed=2:30:17
[00:15:39][rank0] --- Validation @ step 6700 ---
[00:16:25][rank0]   val loss=1.2031  loss_e=1.1778  acc_e=85.85%  acc_l=99.36%
[00:16:25][rank0]   New best val loss=1.2031 -> /scratch/yuvraj17/adaptive_tracing_scratch/adaptive_tracer/logs/sockshop_lstm_311554/model_best.pt
[00:17:50][rank0] Epoch  43/50  loss=1.2041  acc_e=85.80%  acc_l=99.41%  elapsed=2:33:26
[00:17:56][rank0] --- Validation @ step 6800 ---
[00:18:42][rank0]   val loss=1.2010  loss_e=1.1776  acc_e=85.87%  acc_l=99.41%
[00:18:42][rank0]   New best val loss=1.2010 -> /scratch/yuvraj17/adaptive_tracing_scratch/adaptive_tracer/logs/sockshop_lstm_311554/model_best.pt
[00:20:12][rank0] --- Validation @ step 6900 ---
[00:20:58][rank0]   val loss=1.1998  loss_e=1.1772  acc_e=85.89%  acc_l=99.47%
[00:20:58][rank0]   New best val loss=1.1998 -> /scratch/yuvraj17/adaptive_tracing_scratch/adaptive_tracer/logs/sockshop_lstm_311554/model_best.pt
[00:21:45][rank0] Epoch  44/50  loss=1.2027  acc_e=85.82%  acc_l=99.43%  elapsed=2:37:20
[00:22:30][rank0] step=  7000  epoch=45  loss=1.2015  acc_e=85.90%  lr=8.60e-05  elapsed=2:38:05
[00:22:30][rank0] --- Validation @ step 7000 ---
[00:23:16][rank0]   val loss=1.1979  loss_e=1.1765  acc_e=85.89%  acc_l=99.48%
[00:23:16][rank0]   New best val loss=1.1979 -> /scratch/yuvraj17/adaptive_tracing_scratch/adaptive_tracer/logs/sockshop_lstm_311554/model_best.pt
[00:24:44][rank0] --- Validation @ step 7100 ---
[00:25:30][rank0]   val loss=1.1975  loss_e=1.1770  acc_e=85.90%  acc_l=99.51%
[00:25:30][rank0]   New best val loss=1.1975 -> /scratch/yuvraj17/adaptive_tracing_scratch/adaptive_tracer/logs/sockshop_lstm_311554/model_best.pt
[00:25:39][rank0] Epoch  45/50  loss=1.2006  acc_e=85.84%  acc_l=99.48%  elapsed=2:41:15
[00:27:01][rank0] --- Validation @ step 7200 ---
[00:27:47][rank0]   val loss=1.1966  loss_e=1.1764  acc_e=85.91%  acc_l=99.52%
[00:27:47][rank0]   New best val loss=1.1966 -> /scratch/yuvraj17/adaptive_tracing_scratch/adaptive_tracer/logs/sockshop_lstm_311554/model_best.pt
[00:28:48][rank0] Epoch  46/50  loss=1.1992  acc_e=85.85%  acc_l=99.52%  elapsed=2:44:23
[00:29:18][rank0] --- Validation @ step 7300 ---
[00:30:04][rank0]   val loss=1.1971  loss_e=1.1761  acc_e=85.92%  acc_l=99.48%
[00:31:32][rank0] --- Validation @ step 7400 ---
[00:32:18][rank0]   val loss=1.1948  loss_e=1.1761  acc_e=85.94%  acc_l=99.58%
[00:32:18][rank0]   New best val loss=1.1948 -> /scratch/yuvraj17/adaptive_tracing_scratch/adaptive_tracer/logs/sockshop_lstm_311554/model_best.pt
[00:32:42][rank0] Epoch  47/50  loss=1.1981  acc_e=85.87%  acc_l=99.55%  elapsed=2:48:18
[00:33:49][rank0] step=  7500  epoch=48  loss=1.1956  acc_e=85.84%  lr=5.32e-05  elapsed=2:49:25
[00:33:49][rank0] --- Validation @ step 7500 ---
[00:34:35][rank0]   val loss=1.1941  loss_e=1.1758  acc_e=85.93%  acc_l=99.59%
[00:34:35][rank0]   New best val loss=1.1941 -> /scratch/yuvraj17/adaptive_tracing_scratch/adaptive_tracer/logs/sockshop_lstm_311554/model_best.pt
[00:35:51][rank0] Epoch  48/50  loss=1.1968  acc_e=85.87%  acc_l=99.57%  elapsed=2:51:26
[00:36:06][rank0] --- Validation @ step 7600 ---
[00:36:52][rank0]   val loss=1.1937  loss_e=1.1757  acc_e=85.95%  acc_l=99.58%
[00:36:52][rank0]   New best val loss=1.1937 -> /scratch/yuvraj17/adaptive_tracing_scratch/adaptive_tracer/logs/sockshop_lstm_311554/model_best.pt
[00:38:22][rank0] --- Validation @ step 7700 ---
[00:39:08][rank0]   val loss=1.1939  loss_e=1.1756  acc_e=85.96%  acc_l=99.59%
[00:39:45][rank0] Epoch  49/50  loss=1.1959  acc_e=85.88%  acc_l=99.59%  elapsed=2:55:21
[00:40:38][rank0] --- Validation @ step 7800 ---
[00:41:23][rank0]   val loss=1.1928  loss_e=1.1753  acc_e=85.96%  acc_l=99.61%
[00:41:24][rank0]   New best val loss=1.1928 -> /scratch/yuvraj17/adaptive_tracing_scratch/adaptive_tracer/logs/sockshop_lstm_311554/model_best.pt
[00:42:54][rank0] --- Validation @ step 7900 ---
[00:43:39][rank0]   val loss=1.1920  loss_e=1.1753  acc_e=85.97%  acc_l=99.65%
[00:43:40][rank0]   New best val loss=1.1920 -> /scratch/yuvraj17/adaptive_tracing_scratch/adaptive_tracer/logs/sockshop_lstm_311554/model_best.pt
[00:43:40][rank0] Epoch  50/50  loss=1.1950  acc_e=85.90%  acc_l=99.61%  elapsed=2:59:15
[00:43:40][rank0] ======================================================================
[00:43:40][rank0] Training complete — OOD evaluation
[00:43:40][rank0] ======================================================================
[00:43:40][rank0] Loaded best model from /scratch/yuvraj17/adaptive_tracing_scratch/adaptive_tracer/logs/sockshop_lstm_311554/model_best.pt
[00:43:40][rank0] [OOD] Scoring test_id (normal baseline) ...
[00:44:26][rank0] [OOD] Scoring test_ood_cpu ...
[00:45:23][rank0] [OOD] cpu     AUROC=0.7539  AUPR=0.7564  (normal=316,026  ood=387,625)
[00:45:23][rank0] [OOD] Scoring test_ood_disk ...
[00:46:27][rank0] [OOD] disk    AUROC=0.8251  AUPR=0.8368  (normal=316,026  ood=425,955)
[00:46:27][rank0] [OOD] Scoring test_ood_mem ...
[00:47:23][rank0] [OOD] mem     AUROC=0.7787  AUPR=0.7721  (normal=316,026  ood=385,131)
[00:47:23][rank0] [OOD] Scoring test_ood_net ...
[00:47:56][rank0] [OOD] net     AUROC=0.6735  AUPR=0.5774  (normal=316,026  ood=220,229)
[00:47:56][rank0] OOD results -> /scratch/yuvraj17/adaptive_tracing_scratch/adaptive_tracer/logs/sockshop_lstm_311554/ood_results.json
