[03:53:09][rank0] Vocab: 175 syscalls / 113 processes
[03:53:09][rank0] Train shards for this rank: 119  (total=119)  Valid shards: 40
[03:53:09][rank0] Model: TRANSFORMER  params=2,802,135
[03:53:09][rank0]   n_hidden=1024  n_layer=6  n_head=8
[03:53:09][rank0]   AMP(bf16)=True  compile=False  chk=False  DDP=False
[03:53:09][rank0]   batch=64  accum_steps=1  world_size=1  eff_batch=64
[03:53:09][rank0] ======================================================================
[03:53:09][rank0] Starting training  device=cuda:0  total_steps~=278100  world_size=1
[03:53:09][rank0] ======================================================================
[03:53:38][rank0] step=   500  epoch=1  loss=2.2114  acc_e=48.78%  lr=3.00e-04  elapsed=0:00:28
[03:54:06][rank0] step=  1000  epoch=1  loss=1.8063  acc_e=66.26%  lr=3.00e-04  elapsed=0:00:56
[03:54:34][rank0] step=  1500  epoch=1  loss=1.6271  acc_e=73.35%  lr=3.00e-04  elapsed=0:01:25
[03:55:02][rank0] step=  2000  epoch=1  loss=1.5301  acc_e=76.99%  lr=3.00e-04  elapsed=0:01:53
[03:55:02][rank0] --- Validation @ step 2000 ---
[03:56:12][rank0]   val loss=1.1910  loss_e=1.1482  acc_e=88.67%  acc_l=49.79%
[03:56:12][rank0]   New best val loss=1.1910 -> /scratch/yuvraj17/adaptive_tracing_scratch/adaptive_tracer/logs/transformer_multitask_cats7_seq512_382065/model_best.pt
[03:56:39][rank0] step=  2500  epoch=1  loss=1.4657  acc_e=79.30%  lr=3.00e-04  elapsed=0:03:30
[03:57:07][rank0] step=  3000  epoch=1  loss=1.4136  acc_e=81.04%  lr=3.00e-04  elapsed=0:03:57
[03:57:35][rank0] step=  3500  epoch=1  loss=1.3704  acc_e=82.43%  lr=3.00e-04  elapsed=0:04:25
[03:58:02][rank0] step=  4000  epoch=1  loss=1.3393  acc_e=83.44%  lr=3.00e-04  elapsed=0:04:52
[03:58:02][rank0] --- Validation @ step 4000 ---
[03:59:09][rank0]   val loss=1.0704  loss_e=1.0613  acc_e=91.35%  acc_l=55.79%
[03:59:09][rank0]   New best val loss=1.0704 -> /scratch/yuvraj17/adaptive_tracing_scratch/adaptive_tracer/logs/transformer_multitask_cats7_seq512_382065/model_best.pt
[03:59:36][rank0] step=  4500  epoch=1  loss=1.3144  acc_e=84.27%  lr=3.00e-04  elapsed=0:06:26
[04:00:04][rank0] step=  5000  epoch=1  loss=1.2922  acc_e=84.95%  lr=3.00e-04  elapsed=0:06:54
[04:00:30][rank0] step=  5500  epoch=1  loss=1.2732  acc_e=85.55%  lr=3.00e-04  elapsed=0:07:21
[04:00:58][rank0] step=  6000  epoch=1  loss=1.2558  acc_e=86.08%  lr=3.00e-04  elapsed=0:07:48
[04:00:58][rank0] --- Validation @ step 6000 ---
[04:02:05][rank0]   val loss=1.0428  loss_e=1.0392  acc_e=92.29%  acc_l=57.09%
[04:02:05][rank0]   New best val loss=1.0428 -> /scratch/yuvraj17/adaptive_tracing_scratch/adaptive_tracer/logs/transformer_multitask_cats7_seq512_382065/model_best.pt
[04:02:33][rank0] step=  6500  epoch=1  loss=1.2401  acc_e=86.54%  lr=3.00e-04  elapsed=0:09:23
[04:03:01][rank0] step=  7000  epoch=1  loss=1.2263  acc_e=86.94%  lr=3.00e-04  elapsed=0:09:51
[04:03:28][rank0] step=  7500  epoch=1  loss=1.2153  acc_e=87.28%  lr=3.00e-04  elapsed=0:10:18
[04:03:55][rank0] step=  8000  epoch=1  loss=1.2048  acc_e=87.58%  lr=2.99e-04  elapsed=0:10:46
[04:03:55][rank0] --- Validation @ step 8000 ---
[04:05:02][rank0]   val loss=1.0272  loss_e=1.0279  acc_e=92.61%  acc_l=57.99%
[04:05:02][rank0]   New best val loss=1.0272 -> /scratch/yuvraj17/adaptive_tracing_scratch/adaptive_tracer/logs/transformer_multitask_cats7_seq512_382065/model_best.pt
[04:05:30][rank0] step=  8500  epoch=1  loss=1.1957  acc_e=87.84%  lr=2.99e-04  elapsed=0:12:20
[04:05:57][rank0] step=  9000  epoch=1  loss=1.1875  acc_e=88.09%  lr=2.99e-04  elapsed=0:12:48
[04:06:18][rank0] Epoch   1/30  loss=1.1814  acc_e=88.26%  acc_l=51.29%  elapsed=0:13:08
[04:06:25][rank0] step=  9500  epoch=2  loss=1.0439  acc_e=92.56%  lr=2.99e-04  elapsed=0:13:15
[04:06:52][rank0] step= 10000  epoch=2  loss=1.0376  acc_e=92.64%  lr=2.99e-04  elapsed=0:13:43
[04:06:52][rank0] --- Validation @ step 10000 ---
[04:07:59][rank0]   val loss=1.0156  loss_e=1.0176  acc_e=92.90%  acc_l=58.37%
[04:07:59][rank0]   New best val loss=1.0156 -> /scratch/yuvraj17/adaptive_tracing_scratch/adaptive_tracer/logs/transformer_multitask_cats7_seq512_382065/model_best.pt
[04:07:59][rank0]   Checkpoint -> /scratch/yuvraj17/adaptive_tracing_scratch/adaptive_tracer/logs/transformer_multitask_cats7_seq512_382065/ckpt_0010000.pt
[04:08:27][rank0] step= 10500  epoch=2  loss=1.0307  acc_e=92.64%  lr=2.99e-04  elapsed=0:15:18
[04:08:55][rank0] step= 11000  epoch=2  loss=1.0287  acc_e=92.59%  lr=2.99e-04  elapsed=0:15:46
[04:09:23][rank0] step= 11500  epoch=2  loss=1.0299  acc_e=92.58%  lr=2.99e-04  elapsed=0:16:13
[04:09:50][rank0] step= 12000  epoch=2  loss=1.0296  acc_e=92.63%  lr=2.99e-04  elapsed=0:16:40
[04:09:50][rank0] --- Validation @ step 12000 ---
[04:10:57][rank0]   val loss=1.0072  loss_e=1.0111  acc_e=93.06%  acc_l=58.86%
[04:10:57][rank0]   New best val loss=1.0072 -> /scratch/yuvraj17/adaptive_tracing_scratch/adaptive_tracer/logs/transformer_multitask_cats7_seq512_382065/model_best.pt
[04:11:25][rank0] step= 12500  epoch=2  loss=1.0279  acc_e=92.64%  lr=2.99e-04  elapsed=0:18:15
[04:11:53][rank0] step= 13000  epoch=2  loss=1.0262  acc_e=92.66%  lr=2.99e-04  elapsed=0:18:43
[04:12:20][rank0] step= 13500  epoch=2  loss=1.0271  acc_e=92.67%  lr=2.98e-04  elapsed=0:19:10
[04:12:47][rank0] step= 14000  epoch=2  loss=1.0270  acc_e=92.67%  lr=2.98e-04  elapsed=0:19:38
[04:12:47][rank0] --- Validation @ step 14000 ---
[04:13:54][rank0]   val loss=1.0007  loss_e=1.0077  acc_e=93.17%  acc_l=59.19%
[04:13:54][rank0]   New best val loss=1.0007 -> /scratch/yuvraj17/adaptive_tracing_scratch/adaptive_tracer/logs/transformer_multitask_cats7_seq512_382065/model_best.pt
[04:14:22][rank0] step= 14500  epoch=2  loss=1.0269  acc_e=92.67%  lr=2.98e-04  elapsed=0:21:12
[04:14:49][rank0] step= 15000  epoch=2  loss=1.0263  acc_e=92.70%  lr=2.98e-04  elapsed=0:21:39
[04:15:17][rank0] step= 15500  epoch=2  loss=1.0252  acc_e=92.72%  lr=2.98e-04  elapsed=0:22:07
[04:15:45][rank0] step= 16000  epoch=2  loss=1.0238  acc_e=92.74%  lr=2.98e-04  elapsed=0:22:35
[04:15:45][rank0] --- Validation @ step 16000 ---
[04:16:52][rank0]   val loss=1.0059  loss_e=1.0177  acc_e=93.10%  acc_l=59.23%
[04:16:52][rank0]   No improvement count: 1/10
[04:17:19][rank0] step= 16500  epoch=2  loss=1.0232  acc_e=92.76%  lr=2.98e-04  elapsed=0:24:10
[04:17:47][rank0] step= 17000  epoch=2  loss=1.0227  acc_e=92.77%  lr=2.98e-04  elapsed=0:24:37
[04:18:15][rank0] step= 17500  epoch=2  loss=1.0220  acc_e=92.78%  lr=2.97e-04  elapsed=0:25:05
[04:18:42][rank0] step= 18000  epoch=2  loss=1.0217  acc_e=92.78%  lr=2.97e-04  elapsed=0:25:32
[04:18:42][rank0] --- Validation @ step 18000 ---
[04:19:49][rank0]   val loss=0.9953  loss_e=1.0041  acc_e=92.99%  acc_l=59.47%
[04:19:49][rank0]   New best val loss=0.9953 -> /scratch/yuvraj17/adaptive_tracing_scratch/adaptive_tracer/logs/transformer_multitask_cats7_seq512_382065/model_best.pt
[04:20:17][rank0] step= 18500  epoch=2  loss=1.0213  acc_e=92.79%  lr=2.97e-04  elapsed=0:27:07
[04:20:30][rank0] Epoch   2/30  loss=1.0209  acc_e=92.79%  acc_l=57.78%  elapsed=0:27:21
[04:20:45][rank0] step= 19000  epoch=3  loss=1.0099  acc_e=93.26%  lr=2.97e-04  elapsed=0:27:35
[04:21:12][rank0] step= 19500  epoch=3  loss=1.0070  acc_e=93.26%  lr=2.97e-04  elapsed=0:28:02
[04:21:40][rank0] step= 20000  epoch=3  loss=1.0043  acc_e=93.18%  lr=2.97e-04  elapsed=0:28:30
[04:21:40][rank0] --- Validation @ step 20000 ---
[04:22:47][rank0]   val loss=0.9965  loss_e=1.0061  acc_e=93.37%  acc_l=59.58%
[04:22:47][rank0]   No improvement count: 1/10
[04:22:47][rank0]   Checkpoint -> /scratch/yuvraj17/adaptive_tracing_scratch/adaptive_tracer/logs/transformer_multitask_cats7_seq512_382065/ckpt_0020000.pt
[04:23:15][rank0] step= 20500  epoch=3  loss=1.0045  acc_e=93.10%  lr=2.96e-04  elapsed=0:30:05
[04:23:42][rank0] step= 21000  epoch=3  loss=1.0055  acc_e=93.12%  lr=2.96e-04  elapsed=0:30:33
[04:24:10][rank0] step= 21500  epoch=3  loss=1.0054  acc_e=93.14%  lr=2.96e-04  elapsed=0:31:00
[04:24:38][rank0] step= 22000  epoch=3  loss=1.0047  acc_e=93.13%  lr=2.96e-04  elapsed=0:31:28
[04:24:38][rank0] --- Validation @ step 22000 ---
[04:25:45][rank0]   val loss=0.9933  loss_e=1.0036  acc_e=93.41%  acc_l=59.66%
[04:25:45][rank0]   New best val loss=0.9933 -> /scratch/yuvraj17/adaptive_tracing_scratch/adaptive_tracer/logs/transformer_multitask_cats7_seq512_382065/model_best.pt
[04:26:13][rank0] step= 22500  epoch=3  loss=1.0040  acc_e=93.13%  lr=2.96e-04  elapsed=0:33:03
[04:26:39][rank0] step= 23000  epoch=3  loss=1.0053  acc_e=93.14%  lr=2.95e-04  elapsed=0:33:30
[04:27:07][rank0] step= 23500  epoch=3  loss=1.0054  acc_e=93.13%  lr=2.95e-04  elapsed=0:33:57
[04:27:34][rank0] step= 24000  epoch=3  loss=1.0056  acc_e=93.13%  lr=2.95e-04  elapsed=0:34:24
[04:27:34][rank0] --- Validation @ step 24000 ---
[04:28:41][rank0]   val loss=0.9888  loss_e=0.9988  acc_e=93.47%  acc_l=59.82%
[04:28:41][rank0]   New best val loss=0.9888 -> /scratch/yuvraj17/adaptive_tracing_scratch/adaptive_tracer/logs/transformer_multitask_cats7_seq512_382065/model_best.pt
[04:29:08][rank0] step= 24500  epoch=3  loss=1.0056  acc_e=93.15%  lr=2.95e-04  elapsed=0:35:58
[04:29:36][rank0] step= 25000  epoch=3  loss=1.0048  acc_e=93.16%  lr=2.95e-04  elapsed=0:36:27
[04:30:04][rank0] step= 25500  epoch=3  loss=1.0039  acc_e=93.17%  lr=2.94e-04  elapsed=0:36:55
[04:30:32][rank0] step= 26000  epoch=3  loss=1.0040  acc_e=93.18%  lr=2.94e-04  elapsed=0:37:22
[04:30:32][rank0] --- Validation @ step 26000 ---
[04:31:39][rank0]   val loss=0.9895  loss_e=1.0004  acc_e=93.16%  acc_l=59.87%
[04:31:39][rank0]   No improvement count: 1/10
[04:32:06][rank0] step= 26500  epoch=3  loss=1.0037  acc_e=93.18%  lr=2.94e-04  elapsed=0:38:56
[04:32:34][rank0] step= 27000  epoch=3  loss=1.0035  acc_e=93.17%  lr=2.94e-04  elapsed=0:39:25
[04:33:02][rank0] step= 27500  epoch=3  loss=1.0036  acc_e=93.18%  lr=2.93e-04  elapsed=0:39:52
[04:33:29][rank0] step= 28000  epoch=3  loss=1.0034  acc_e=93.18%  lr=2.93e-04  elapsed=0:40:20
[04:33:29][rank0] --- Validation @ step 28000 ---
[04:34:36][rank0]   val loss=0.9893  loss_e=1.0001  acc_e=93.46%  acc_l=59.88%
[04:34:36][rank0]   No improvement count: 2/10
[04:34:43][rank0] Epoch   3/30  loss=1.0033  acc_e=93.18%  acc_l=58.72%  elapsed=0:41:33
[04:35:04][rank0] step= 28500  epoch=4  loss=0.9970  acc_e=93.48%  lr=2.93e-04  elapsed=0:41:54
[04:35:31][rank0] step= 29000  epoch=4  loss=0.9958  acc_e=93.45%  lr=2.93e-04  elapsed=0:42:22
[04:35:59][rank0] step= 29500  epoch=4  loss=0.9935  acc_e=93.38%  lr=2.92e-04  elapsed=0:42:50
[04:36:28][rank0] step= 30000  epoch=4  loss=0.9942  acc_e=93.32%  lr=2.92e-04  elapsed=0:43:18
[04:36:28][rank0] --- Validation @ step 30000 ---
[04:37:35][rank0]   val loss=0.9869  loss_e=1.0020  acc_e=93.46%  acc_l=60.12%
[04:37:35][rank0]   New best val loss=0.9869 -> /scratch/yuvraj17/adaptive_tracing_scratch/adaptive_tracer/logs/transformer_multitask_cats7_seq512_382065/model_best.pt
[04:37:35][rank0]   Checkpoint -> /scratch/yuvraj17/adaptive_tracing_scratch/adaptive_tracer/logs/transformer_multitask_cats7_seq512_382065/ckpt_0030000.pt
[04:38:02][rank0] step= 30500  epoch=4  loss=0.9951  acc_e=93.36%  lr=2.92e-04  elapsed=0:44:52
[04:38:29][rank0] step= 31000  epoch=4  loss=0.9951  acc_e=93.36%  lr=2.92e-04  elapsed=0:45:19
[04:38:57][rank0] step= 31500  epoch=4  loss=0.9945  acc_e=93.35%  lr=2.91e-04  elapsed=0:45:47
[04:39:25][rank0] step= 32000  epoch=4  loss=0.9947  acc_e=93.34%  lr=2.91e-04  elapsed=0:46:15
[04:39:25][rank0] --- Validation @ step 32000 ---
[04:40:32][rank0]   val loss=0.9859  loss_e=0.9987  acc_e=93.56%  acc_l=59.99%
[04:40:32][rank0]   New best val loss=0.9859 -> /scratch/yuvraj17/adaptive_tracing_scratch/adaptive_tracer/logs/transformer_multitask_cats7_seq512_382065/model_best.pt
[04:40:59][rank0] step= 32500  epoch=4  loss=0.9955  acc_e=93.37%  lr=2.91e-04  elapsed=0:47:49
[04:41:27][rank0] step= 33000  epoch=4  loss=0.9957  acc_e=93.34%  lr=2.90e-04  elapsed=0:48:17
[04:41:54][rank0] step= 33500  epoch=4  loss=0.9960  acc_e=93.35%  lr=2.90e-04  elapsed=0:48:44
[04:42:21][rank0] step= 34000  epoch=4  loss=0.9959  acc_e=93.37%  lr=2.90e-04  elapsed=0:49:11
[04:42:21][rank0] --- Validation @ step 34000 ---
[04:43:28][rank0]   val loss=0.9824  loss_e=0.9951  acc_e=93.58%  acc_l=60.27%
[04:43:28][rank0]   New best val loss=0.9824 -> /scratch/yuvraj17/adaptive_tracing_scratch/adaptive_tracer/logs/transformer_multitask_cats7_seq512_382065/model_best.pt
[04:43:56][rank0] step= 34500  epoch=4  loss=0.9953  acc_e=93.37%  lr=2.90e-04  elapsed=0:50:46
[04:44:24][rank0] step= 35000  epoch=4  loss=0.9945  acc_e=93.38%  lr=2.89e-04  elapsed=0:51:14
[04:44:51][rank0] step= 35500  epoch=4  loss=0.9948  acc_e=93.38%  lr=2.89e-04  elapsed=0:51:42
[04:45:19][rank0] step= 36000  epoch=4  loss=0.9946  acc_e=93.38%  lr=2.89e-04  elapsed=0:52:09
[04:45:19][rank0] --- Validation @ step 36000 ---
[04:46:26][rank0]   val loss=0.9821  loss_e=0.9951  acc_e=93.62%  acc_l=60.27%
[04:46:26][rank0]   New best val loss=0.9821 -> /scratch/yuvraj17/adaptive_tracing_scratch/adaptive_tracer/logs/transformer_multitask_cats7_seq512_382065/model_best.pt
[04:46:54][rank0] step= 36500  epoch=4  loss=0.9947  acc_e=93.37%  lr=2.88e-04  elapsed=0:53:44
[04:47:21][rank0] step= 37000  epoch=4  loss=0.9949  acc_e=93.37%  lr=2.88e-04  elapsed=0:54:11
[04:47:49][rank0] Epoch   4/30  loss=0.9946  acc_e=93.37%  acc_l=59.19%  elapsed=0:54:39
[04:47:49][rank0] step= 37500  epoch=5  loss=0.9753  acc_e=93.84%  lr=2.88e-04  elapsed=0:54:39
[04:48:16][rank0] step= 38000  epoch=5  loss=0.9897  acc_e=93.67%  lr=2.87e-04  elapsed=0:55:06
[04:48:16][rank0] --- Validation @ step 38000 ---
[04:49:23][rank0]   val loss=0.9799  loss_e=0.9941  acc_e=93.32%  acc_l=60.40%
[04:49:23][rank0]   New best val loss=0.9799 -> /scratch/yuvraj17/adaptive_tracing_scratch/adaptive_tracer/logs/transformer_multitask_cats7_seq512_382065/model_best.pt
[04:49:51][rank0] step= 38500  epoch=5  loss=0.9887  acc_e=93.57%  lr=2.87e-04  elapsed=0:56:41
[04:50:18][rank0] step= 39000  epoch=5  loss=0.9870  acc_e=93.50%  lr=2.87e-04  elapsed=0:57:09
[04:50:46][rank0] step= 39500  epoch=5  loss=0.9883  acc_e=93.47%  lr=2.86e-04  elapsed=0:57:36
[04:51:13][rank0] step= 40000  epoch=5  loss=0.9888  acc_e=93.50%  lr=2.86e-04  elapsed=0:58:03
[04:51:13][rank0] --- Validation @ step 40000 ---
[04:52:20][rank0]   val loss=0.9780  loss_e=0.9912  acc_e=93.70%  acc_l=60.47%
[04:52:20][rank0]   New best val loss=0.9780 -> /scratch/yuvraj17/adaptive_tracing_scratch/adaptive_tracer/logs/transformer_multitask_cats7_seq512_382065/model_best.pt
[04:52:20][rank0]   Checkpoint -> /scratch/yuvraj17/adaptive_tracing_scratch/adaptive_tracer/logs/transformer_multitask_cats7_seq512_382065/ckpt_0040000.pt
[04:52:48][rank0] step= 40500  epoch=5  loss=0.9886  acc_e=93.49%  lr=2.86e-04  elapsed=0:59:38
[04:53:16][rank0] step= 41000  epoch=5  loss=0.9880  acc_e=93.49%  lr=2.85e-04  elapsed=1:00:06
[04:53:43][rank0] step= 41500  epoch=5  loss=0.9888  acc_e=93.49%  lr=2.85e-04  elapsed=1:00:33
[04:54:10][rank0] step= 42000  epoch=5  loss=0.9895  acc_e=93.49%  lr=2.85e-04  elapsed=1:01:00
[04:54:10][rank0] --- Validation @ step 42000 ---
[04:55:17][rank0]   val loss=0.9771  loss_e=0.9915  acc_e=93.69%  acc_l=60.52%
[04:55:17][rank0]   New best val loss=0.9771 -> /scratch/yuvraj17/adaptive_tracing_scratch/adaptive_tracer/logs/transformer_multitask_cats7_seq512_382065/model_best.pt
[04:55:45][rank0] step= 42500  epoch=5  loss=0.9898  acc_e=93.47%  lr=2.84e-04  elapsed=1:02:35
[04:56:12][rank0] step= 43000  epoch=5  loss=0.9900  acc_e=93.49%  lr=2.84e-04  elapsed=1:03:02
[04:56:40][rank0] step= 43500  epoch=5  loss=0.9897  acc_e=93.50%  lr=2.83e-04  elapsed=1:03:30
[04:57:08][rank0] step= 44000  epoch=5  loss=0.9893  acc_e=93.50%  lr=2.83e-04  elapsed=1:03:58
[04:57:08][rank0] --- Validation @ step 44000 ---
[04:58:15][rank0]   val loss=0.9818  loss_e=1.0001  acc_e=93.67%  acc_l=60.53%
[04:58:15][rank0]   No improvement count: 1/10
[04:58:43][rank0] step= 44500  epoch=5  loss=0.9889  acc_e=93.50%  lr=2.83e-04  elapsed=1:05:33
[04:59:10][rank0] step= 45000  epoch=5  loss=0.9890  acc_e=93.51%  lr=2.82e-04  elapsed=1:06:00
[04:59:38][rank0] step= 45500  epoch=5  loss=0.9890  acc_e=93.50%  lr=2.82e-04  elapsed=1:06:28
[05:00:06][rank0] step= 46000  epoch=5  loss=0.9891  acc_e=93.49%  lr=2.82e-04  elapsed=1:06:56
[05:00:06][rank0] --- Validation @ step 46000 ---
[05:01:12][rank0]   val loss=0.9766  loss_e=0.9919  acc_e=93.66%  acc_l=60.57%
[05:01:12][rank0]   New best val loss=0.9766 -> /scratch/yuvraj17/adaptive_tracing_scratch/adaptive_tracer/logs/transformer_multitask_cats7_seq512_382065/model_best.pt
[05:01:40][rank0] step= 46500  epoch=5  loss=0.9893  acc_e=93.49%  lr=2.81e-04  elapsed=1:08:30
[05:02:00][rank0] Epoch   5/30  loss=0.9892  acc_e=93.48%  acc_l=59.51%  elapsed=1:08:51
[05:02:08][rank0] step= 47000  epoch=6  loss=0.9871  acc_e=93.76%  lr=2.81e-04  elapsed=1:08:58
[05:02:35][rank0] step= 47500  epoch=6  loss=0.9854  acc_e=93.75%  lr=2.80e-04  elapsed=1:09:25
[05:03:03][rank0] step= 48000  epoch=6  loss=0.9831  acc_e=93.66%  lr=2.80e-04  elapsed=1:09:53
[05:03:03][rank0] --- Validation @ step 48000 ---
[05:04:10][rank0]   val loss=0.9780  loss_e=0.9941  acc_e=93.73%  acc_l=60.50%
[05:04:10][rank0]   No improvement count: 1/10
[05:04:38][rank0] step= 48500  epoch=6  loss=0.9832  acc_e=93.57%  lr=2.79e-04  elapsed=1:11:28
[05:05:05][rank0] step= 49000  epoch=6  loss=0.9846  acc_e=93.56%  lr=2.79e-04  elapsed=1:11:55
[05:05:32][rank0] step= 49500  epoch=6  loss=0.9848  acc_e=93.60%  lr=2.79e-04  elapsed=1:12:23
[05:06:01][rank0] step= 50000  epoch=6  loss=0.9842  acc_e=93.58%  lr=2.78e-04  elapsed=1:12:51
[05:06:01][rank0] --- Validation @ step 50000 ---
[05:07:08][rank0]   val loss=0.9785  loss_e=0.9932  acc_e=93.72%  acc_l=60.43%
[05:07:08][rank0]   No improvement count: 2/10
[05:07:08][rank0]   Checkpoint -> /scratch/yuvraj17/adaptive_tracing_scratch/adaptive_tracer/logs/transformer_multitask_cats7_seq512_382065/ckpt_0050000.pt
[05:07:36][rank0] step= 50500  epoch=6  loss=0.9838  acc_e=93.57%  lr=2.78e-04  elapsed=1:14:26
[05:08:03][rank0] step= 51000  epoch=6  loss=0.9849  acc_e=93.58%  lr=2.77e-04  elapsed=1:14:53
[05:08:30][rank0] step= 51500  epoch=6  loss=0.9854  acc_e=93.57%  lr=2.77e-04  elapsed=1:15:20
[05:08:57][rank0] step= 52000  epoch=6  loss=0.9858  acc_e=93.56%  lr=2.76e-04  elapsed=1:15:48
[05:08:57][rank0] --- Validation @ step 52000 ---
[05:10:04][rank0]   val loss=0.9754  loss_e=0.9895  acc_e=93.58%  acc_l=60.56%
[05:10:05][rank0]   New best val loss=0.9754 -> /scratch/yuvraj17/adaptive_tracing_scratch/adaptive_tracer/logs/transformer_multitask_cats7_seq512_382065/model_best.pt
[05:10:32][rank0] step= 52500  epoch=6  loss=0.9859  acc_e=93.58%  lr=2.76e-04  elapsed=1:17:22
[05:10:59][rank0] step= 53000  epoch=6  loss=0.9856  acc_e=93.58%  lr=2.76e-04  elapsed=1:17:50
[05:11:27][rank0] step= 53500  epoch=6  loss=0.9852  acc_e=93.58%  lr=2.75e-04  elapsed=1:18:18
[05:11:55][rank0] step= 54000  epoch=6  loss=0.9852  acc_e=93.58%  lr=2.75e-04  elapsed=1:18:45
[05:11:55][rank0] --- Validation @ step 54000 ---
[05:13:02][rank0]   val loss=0.9779  loss_e=0.9947  acc_e=93.45%  acc_l=60.66%
[05:13:02][rank0]   No improvement count: 1/10
[05:13:29][rank0] step= 54500  epoch=6  loss=0.9852  acc_e=93.59%  lr=2.74e-04  elapsed=1:20:19
[05:13:57][rank0] step= 55000  epoch=6  loss=0.9852  acc_e=93.58%  lr=2.74e-04  elapsed=1:20:48
[05:14:25][rank0] step= 55500  epoch=6  loss=0.9853  acc_e=93.57%  lr=2.73e-04  elapsed=1:21:15
[05:14:52][rank0] step= 56000  epoch=6  loss=0.9855  acc_e=93.57%  lr=2.73e-04  elapsed=1:21:43
[05:14:52][rank0] --- Validation @ step 56000 ---
[05:15:59][rank0]   val loss=0.9755  loss_e=0.9908  acc_e=93.76%  acc_l=60.62%
[05:15:59][rank0]   No improvement count: 2/10
[05:16:13][rank0] Epoch   6/30  loss=0.9854  acc_e=93.57%  acc_l=59.72%  elapsed=1:23:03
[05:16:27][rank0] step= 56500  epoch=7  loss=0.9819  acc_e=93.85%  lr=2.72e-04  elapsed=1:23:17
[05:16:54][rank0] step= 57000  epoch=7  loss=0.9811  acc_e=93.81%  lr=2.72e-04  elapsed=1:23:45
[05:17:23][rank0] step= 57500  epoch=7  loss=0.9799  acc_e=93.70%  lr=2.71e-04  elapsed=1:24:13
[05:17:51][rank0] step= 58000  epoch=7  loss=0.9805  acc_e=93.63%  lr=2.71e-04  elapsed=1:24:41
[05:17:51][rank0] --- Validation @ step 58000 ---
[05:18:58][rank0]   val loss=0.9767  loss_e=0.9946  acc_e=93.69%  acc_l=60.71%
[05:18:58][rank0]   No improvement count: 3/10
[05:19:25][rank0] step= 58500  epoch=7  loss=0.9813  acc_e=93.65%  lr=2.70e-04  elapsed=1:26:15
[05:19:53][rank0] step= 59000  epoch=7  loss=0.9813  acc_e=93.67%  lr=2.70e-04  elapsed=1:26:43
[05:20:21][rank0] step= 59500  epoch=7  loss=0.9811  acc_e=93.64%  lr=2.69e-04  elapsed=1:27:11
[05:20:49][rank0] step= 60000  epoch=7  loss=0.9808  acc_e=93.64%  lr=2.69e-04  elapsed=1:27:39
[05:20:49][rank0] --- Validation @ step 60000 ---
[05:21:56][rank0]   val loss=0.9777  loss_e=0.9981  acc_e=93.70%  acc_l=60.75%
[05:21:56][rank0]   No improvement count: 4/10
[05:21:56][rank0]   Checkpoint -> /scratch/yuvraj17/adaptive_tracing_scratch/adaptive_tracer/logs/transformer_multitask_cats7_seq512_382065/ckpt_0060000.pt
[05:22:22][rank0] step= 60500  epoch=7  loss=0.9819  acc_e=93.65%  lr=2.68e-04  elapsed=1:29:13
[05:22:50][rank0] step= 61000  epoch=7  loss=0.9823  acc_e=93.63%  lr=2.68e-04  elapsed=1:29:40
[05:23:17][rank0] step= 61500  epoch=7  loss=0.9826  acc_e=93.64%  lr=2.67e-04  elapsed=1:30:08
[05:23:44][rank0] step= 62000  epoch=7  loss=0.9828  acc_e=93.65%  lr=2.67e-04  elapsed=1:30:35
[05:23:44][rank0] --- Validation @ step 62000 ---
[05:24:51][rank0]   val loss=0.9728  loss_e=0.9880  acc_e=93.81%  acc_l=60.77%
[05:24:51][rank0]   New best val loss=0.9728 -> /scratch/yuvraj17/adaptive_tracing_scratch/adaptive_tracer/logs/transformer_multitask_cats7_seq512_382065/model_best.pt
[05:25:20][rank0] step= 62500  epoch=7  loss=0.9824  acc_e=93.64%  lr=2.66e-04  elapsed=1:32:10
[05:25:48][rank0] step= 63000  epoch=7  loss=0.9820  acc_e=93.65%  lr=2.66e-04  elapsed=1:32:38
[05:26:15][rank0] step= 63500  epoch=7  loss=0.9822  acc_e=93.65%  lr=2.65e-04  elapsed=1:33:06
[05:26:43][rank0] step= 64000  epoch=7  loss=0.9821  acc_e=93.65%  lr=2.65e-04  elapsed=1:33:33
[05:26:43][rank0] --- Validation @ step 64000 ---
[05:27:50][rank0]   val loss=0.9735  loss_e=0.9889  acc_e=93.80%  acc_l=60.71%
[05:27:50][rank0]   No improvement count: 1/10
[05:28:18][rank0] step= 64500  epoch=7  loss=0.9822  acc_e=93.64%  lr=2.64e-04  elapsed=1:35:08
[05:28:45][rank0] step= 65000  epoch=7  loss=0.9824  acc_e=93.64%  lr=2.64e-04  elapsed=1:35:36
[05:29:13][rank0] step= 65500  epoch=7  loss=0.9825  acc_e=93.63%  lr=2.63e-04  elapsed=1:36:03
[05:29:19][rank0] Epoch   7/30  loss=0.9825  acc_e=93.63%  acc_l=59.90%  elapsed=1:36:10
[05:29:41][rank0] step= 66000  epoch=8  loss=0.9789  acc_e=93.90%  lr=2.63e-04  elapsed=1:36:31
[05:29:41][rank0] --- Validation @ step 66000 ---
[05:30:48][rank0]   val loss=0.9715  loss_e=0.9882  acc_e=93.75%  acc_l=60.81%
[05:30:48][rank0]   New best val loss=0.9715 -> /scratch/yuvraj17/adaptive_tracing_scratch/adaptive_tracer/logs/transformer_multitask_cats7_seq512_382065/model_best.pt
[05:31:15][rank0] step= 66500  epoch=8  loss=0.9788  acc_e=93.82%  lr=2.62e-04  elapsed=1:38:05
[05:31:43][rank0] step= 67000  epoch=8  loss=0.9771  acc_e=93.74%  lr=2.62e-04  elapsed=1:38:33
[05:32:11][rank0] step= 67500  epoch=8  loss=0.9782  acc_e=93.67%  lr=2.61e-04  elapsed=1:39:01
[05:32:38][rank0] step= 68000  epoch=8  loss=0.9790  acc_e=93.71%  lr=2.60e-04  elapsed=1:39:28
[05:32:38][rank0] --- Validation @ step 68000 ---
[05:33:45][rank0]   val loss=0.9715  loss_e=0.9883  acc_e=93.81%  acc_l=60.86%
[05:33:45][rank0]   New best val loss=0.9715 -> /scratch/yuvraj17/adaptive_tracing_scratch/adaptive_tracer/logs/transformer_multitask_cats7_seq512_382065/model_best.pt
[05:34:13][rank0] step= 68500  epoch=8  loss=0.9790  acc_e=93.71%  lr=2.60e-04  elapsed=1:41:03
[05:34:41][rank0] step= 69000  epoch=8  loss=0.9787  acc_e=93.69%  lr=2.59e-04  elapsed=1:41:31
[05:35:08][rank0] step= 69500  epoch=8  loss=0.9791  acc_e=93.68%  lr=2.59e-04  elapsed=1:41:58
[05:35:35][rank0] step= 70000  epoch=8  loss=0.9798  acc_e=93.70%  lr=2.58e-04  elapsed=1:42:25
[05:35:35][rank0] --- Validation @ step 70000 ---
[05:36:42][rank0]   val loss=0.9710  loss_e=0.9881  acc_e=93.55%  acc_l=60.89%
[05:36:42][rank0]   New best val loss=0.9710 -> /scratch/yuvraj17/adaptive_tracing_scratch/adaptive_tracer/logs/transformer_multitask_cats7_seq512_382065/model_best.pt
[05:36:42][rank0]   Checkpoint -> /scratch/yuvraj17/adaptive_tracing_scratch/adaptive_tracer/logs/transformer_multitask_cats7_seq512_382065/ckpt_0070000.pt
[05:37:10][rank0] step= 70500  epoch=8  loss=0.9800  acc_e=93.68%  lr=2.58e-04  elapsed=1:44:00
[05:37:37][rank0] step= 71000  epoch=8  loss=0.9804  acc_e=93.69%  lr=2.57e-04  elapsed=1:44:27
[05:38:04][rank0] step= 71500  epoch=8  loss=0.9804  acc_e=93.69%  lr=2.56e-04  elapsed=1:44:54
[05:38:32][rank0] step= 72000  epoch=8  loss=0.9801  acc_e=93.69%  lr=2.56e-04  elapsed=1:45:22
[05:38:32][rank0] --- Validation @ step 72000 ---
[05:39:39][rank0]   val loss=0.9752  loss_e=0.9955  acc_e=93.76%  acc_l=60.81%
[05:39:39][rank0]   No improvement count: 1/10
[05:40:07][rank0] step= 72500  epoch=8  loss=0.9795  acc_e=93.70%  lr=2.55e-04  elapsed=1:46:57
[05:40:34][rank0] step= 73000  epoch=8  loss=0.9799  acc_e=93.70%  lr=2.55e-04  elapsed=1:47:24
[05:41:02][rank0] step= 73500  epoch=8  loss=0.9798  acc_e=93.70%  lr=2.54e-04  elapsed=1:47:52
[05:41:29][rank0] step= 74000  epoch=8  loss=0.9800  acc_e=93.68%  lr=2.53e-04  elapsed=1:48:20
[05:41:29][rank0] --- Validation @ step 74000 ---
[05:42:36][rank0]   val loss=0.9727  loss_e=0.9923  acc_e=93.76%  acc_l=60.92%
[05:42:36][rank0]   No improvement count: 2/10
[05:43:03][rank0] step= 74500  epoch=8  loss=0.9803  acc_e=93.68%  lr=2.53e-04  elapsed=1:49:53
[05:43:30][rank0] Epoch   8/30  loss=0.9802  acc_e=93.68%  acc_l=60.03%  elapsed=1:50:21
[05:43:31][rank0] step= 75000  epoch=9  loss=0.9808  acc_e=94.10%  lr=2.52e-04  elapsed=1:50:21
[05:43:58][rank0] step= 75500  epoch=9  loss=0.9771  acc_e=93.93%  lr=2.52e-04  elapsed=1:50:48
[05:44:26][rank0] step= 76000  epoch=9  loss=0.9767  acc_e=93.82%  lr=2.51e-04  elapsed=1:51:16
[05:44:26][rank0] --- Validation @ step 76000 ---
[05:45:33][rank0]   val loss=0.9711  loss_e=0.9894  acc_e=93.83%  acc_l=60.97%
[05:45:33][rank0]   No improvement count: 3/10
[05:46:01][rank0] step= 76500  epoch=9  loss=0.9754  acc_e=93.75%  lr=2.50e-04  elapsed=1:52:51
[05:46:28][rank0] step= 77000  epoch=9  loss=0.9766  acc_e=93.72%  lr=2.50e-04  elapsed=1:53:18
[05:46:55][rank0] step= 77500  epoch=9  loss=0.9771  acc_e=93.75%  lr=2.49e-04  elapsed=1:53:46
[05:47:23][rank0] step= 78000  epoch=9  loss=0.9770  acc_e=93.74%  lr=2.49e-04  elapsed=1:54:13
[05:47:23][rank0] --- Validation @ step 78000 ---
[05:48:30][rank0]   val loss=0.9710  loss_e=0.9879  acc_e=93.83%  acc_l=60.85%
[05:48:30][rank0]   No improvement count: 4/10
[05:48:58][rank0] step= 78500  epoch=9  loss=0.9766  acc_e=93.73%  lr=2.48e-04  elapsed=1:55:48
[05:49:25][rank0] step= 79000  epoch=9  loss=0.9773  acc_e=93.73%  lr=2.47e-04  elapsed=1:56:15
[05:49:52][rank0] step= 79500  epoch=9  loss=0.9779  acc_e=93.74%  lr=2.47e-04  elapsed=1:56:42
[05:50:20][rank0] step= 80000  epoch=9  loss=0.9783  acc_e=93.72%  lr=2.46e-04  elapsed=1:57:10
[05:50:20][rank0] --- Validation @ step 80000 ---
[05:51:27][rank0]   val loss=0.9690  loss_e=0.9858  acc_e=93.89%  acc_l=60.92%
[05:51:27][rank0]   New best val loss=0.9690 -> /scratch/yuvraj17/adaptive_tracing_scratch/adaptive_tracer/logs/transformer_multitask_cats7_seq512_382065/model_best.pt
[05:51:27][rank0]   Checkpoint -> /scratch/yuvraj17/adaptive_tracing_scratch/adaptive_tracer/logs/transformer_multitask_cats7_seq512_382065/ckpt_0080000.pt
[05:51:54][rank0] step= 80500  epoch=9  loss=0.9784  acc_e=93.73%  lr=2.45e-04  elapsed=1:58:44
[05:52:22][rank0] step= 81000  epoch=9  loss=0.9783  acc_e=93.74%  lr=2.45e-04  elapsed=1:59:12
[05:52:50][rank0] step= 81500  epoch=9  loss=0.9780  acc_e=93.73%  lr=2.44e-04  elapsed=1:59:40
[05:53:18][rank0] step= 82000  epoch=9  loss=0.9777  acc_e=93.74%  lr=2.44e-04  elapsed=2:00:08
[05:53:18][rank0] --- Validation @ step 82000 ---
[05:54:25][rank0]   val loss=0.9740  loss_e=0.9952  acc_e=93.83%  acc_l=60.90%
[05:54:25][rank0]   No improvement count: 1/10
[05:54:52][rank0] step= 82500  epoch=9  loss=0.9779  acc_e=93.74%  lr=2.43e-04  elapsed=2:01:42
[05:55:19][rank0] step= 83000  epoch=9  loss=0.9779  acc_e=93.73%  lr=2.42e-04  elapsed=2:02:10
[05:55:47][rank0] step= 83500  epoch=9  loss=0.9781  acc_e=93.72%  lr=2.42e-04  elapsed=2:02:37
[05:56:14][rank0] step= 84000  epoch=9  loss=0.9784  acc_e=93.72%  lr=2.41e-04  elapsed=2:03:04
[05:56:14][rank0] --- Validation @ step 84000 ---
[05:57:21][rank0]   val loss=0.9691  loss_e=0.9862  acc_e=93.87%  acc_l=60.97%
[05:57:21][rank0]   No improvement count: 2/10
[05:57:41][rank0] Epoch   9/30  loss=0.9783  acc_e=93.72%  acc_l=60.14%  elapsed=2:04:32
[05:57:49][rank0] step= 84500  epoch=10  loss=0.9771  acc_e=93.99%  lr=2.40e-04  elapsed=2:04:39
[05:58:16][rank0] step= 85000  epoch=10  loss=0.9753  acc_e=93.95%  lr=2.40e-04  elapsed=2:05:06
[05:58:44][rank0] step= 85500  epoch=10  loss=0.9737  acc_e=93.86%  lr=2.39e-04  elapsed=2:05:34
[05:59:12][rank0] step= 86000  epoch=10  loss=0.9739  acc_e=93.77%  lr=2.38e-04  elapsed=2:06:02
[05:59:12][rank0] --- Validation @ step 86000 ---
[06:00:19][rank0]   val loss=0.9699  loss_e=0.9904  acc_e=93.81%  acc_l=61.05%
[06:00:19][rank0]   No improvement count: 3/10
[06:00:46][rank0] step= 86500  epoch=10  loss=0.9752  acc_e=93.76%  lr=2.38e-04  elapsed=2:07:37
[06:01:13][rank0] step= 87000  epoch=10  loss=0.9754  acc_e=93.79%  lr=2.37e-04  elapsed=2:08:04
[06:01:42][rank0] step= 87500  epoch=10  loss=0.9750  acc_e=93.77%  lr=2.36e-04  elapsed=2:08:32
[06:02:09][rank0] step= 88000  epoch=10  loss=0.9747  acc_e=93.77%  lr=2.36e-04  elapsed=2:09:00
[06:02:09][rank0] --- Validation @ step 88000 ---
[06:03:16][rank0]   val loss=0.9757  loss_e=1.0016  acc_e=93.79%  acc_l=61.06%
[06:03:16][rank0]   No improvement count: 4/10
[06:03:43][rank0] step= 88500  epoch=10  loss=0.9756  acc_e=93.78%  lr=2.35e-04  elapsed=2:10:33
[06:04:11][rank0] step= 89000  epoch=10  loss=0.9762  acc_e=93.77%  lr=2.34e-04  elapsed=2:11:01
[06:04:38][rank0] step= 89500  epoch=10  loss=0.9766  acc_e=93.76%  lr=2.34e-04  elapsed=2:11:28
[06:05:05][rank0] step= 90000  epoch=10  loss=0.9767  acc_e=93.77%  lr=2.33e-04  elapsed=2:11:55
[06:05:05][rank0] --- Validation @ step 90000 ---
[06:06:12][rank0]   val loss=0.9677  loss_e=0.9862  acc_e=93.89%  acc_l=61.13%
[06:06:12][rank0]   New best val loss=0.9677 -> /scratch/yuvraj17/adaptive_tracing_scratch/adaptive_tracer/logs/transformer_multitask_cats7_seq512_382065/model_best.pt
[06:06:12][rank0]   Checkpoint -> /scratch/yuvraj17/adaptive_tracing_scratch/adaptive_tracer/logs/transformer_multitask_cats7_seq512_382065/ckpt_0090000.pt
[06:06:40][rank0] step= 90500  epoch=10  loss=0.9765  acc_e=93.77%  lr=2.32e-04  elapsed=2:13:30
[06:07:08][rank0] step= 91000  epoch=10  loss=0.9762  acc_e=93.77%  lr=2.32e-04  elapsed=2:13:58
[06:07:36][rank0] step= 91500  epoch=10  loss=0.9763  acc_e=93.77%  lr=2.31e-04  elapsed=2:14:26
[06:08:03][rank0] step= 92000  epoch=10  loss=0.9763  acc_e=93.78%  lr=2.30e-04  elapsed=2:14:53
[06:08:03][rank0] --- Validation @ step 92000 ---
[06:09:10][rank0]   val loss=0.9680  loss_e=0.9860  acc_e=93.88%  acc_l=61.09%
[06:09:10][rank0]   No improvement count: 1/10
[06:09:38][rank0] step= 92500  epoch=10  loss=0.9763  acc_e=93.76%  lr=2.29e-04  elapsed=2:16:28
[06:10:06][rank0] step= 93000  epoch=10  loss=0.9765  acc_e=93.76%  lr=2.29e-04  elapsed=2:16:56
[06:10:33][rank0] step= 93500  epoch=10  loss=0.9768  acc_e=93.76%  lr=2.28e-04  elapsed=2:17:23
[06:10:46][rank0] Epoch  10/30  loss=0.9766  acc_e=93.75%  acc_l=60.24%  elapsed=2:17:36
[06:11:01][rank0] step= 94000  epoch=11  loss=0.9735  acc_e=94.02%  lr=2.27e-04  elapsed=2:17:51
[06:11:01][rank0] --- Validation @ step 94000 ---
[06:12:08][rank0]   val loss=0.9664  loss_e=0.9852  acc_e=93.91%  acc_l=61.15%
[06:12:08][rank0]   New best val loss=0.9664 -> /scratch/yuvraj17/adaptive_tracing_scratch/adaptive_tracer/logs/transformer_multitask_cats7_seq512_382065/model_best.pt
[06:12:35][rank0] step= 94500  epoch=11  loss=0.9731  acc_e=93.97%  lr=2.27e-04  elapsed=2:19:25
[06:13:03][rank0] step= 95000  epoch=11  loss=0.9720  acc_e=93.87%  lr=2.26e-04  elapsed=2:19:53
[06:13:31][rank0] step= 95500  epoch=11  loss=0.9728  acc_e=93.79%  lr=2.25e-04  elapsed=2:20:21
[06:13:58][rank0] step= 96000  epoch=11  loss=0.9736  acc_e=93.81%  lr=2.25e-04  elapsed=2:20:48
[06:13:58][rank0] --- Validation @ step 96000 ---
[06:15:05][rank0]   val loss=0.9656  loss_e=0.9846  acc_e=93.92%  acc_l=61.20%
[06:15:05][rank0]   New best val loss=0.9656 -> /scratch/yuvraj17/adaptive_tracing_scratch/adaptive_tracer/logs/transformer_multitask_cats7_seq512_382065/model_best.pt
[06:15:32][rank0] step= 96500  epoch=11  loss=0.9736  acc_e=93.83%  lr=2.24e-04  elapsed=2:22:22
[06:16:00][rank0] step= 97000  epoch=11  loss=0.9735  acc_e=93.80%  lr=2.23e-04  elapsed=2:22:50
[06:16:28][rank0] step= 97500  epoch=11  loss=0.9733  acc_e=93.79%  lr=2.22e-04  elapsed=2:23:18
[06:16:54][rank0] step= 98000  epoch=11  loss=0.9743  acc_e=93.81%  lr=2.22e-04  elapsed=2:23:45
[06:16:54][rank0] --- Validation @ step 98000 ---
[06:18:02][rank0]   val loss=0.9669  loss_e=0.9857  acc_e=93.90%  acc_l=61.13%
[06:18:02][rank0]   No improvement count: 1/10
[06:18:29][rank0] step= 98500  epoch=11  loss=0.9747  acc_e=93.80%  lr=2.21e-04  elapsed=2:25:19
[06:18:56][rank0] step= 99000  epoch=11  loss=0.9750  acc_e=93.80%  lr=2.20e-04  elapsed=2:25:47
[06:19:23][rank0] step= 99500  epoch=11  loss=0.9752  acc_e=93.81%  lr=2.20e-04  elapsed=2:26:14
[06:19:52][rank0] step=100000  epoch=11  loss=0.9750  acc_e=93.80%  lr=2.19e-04  elapsed=2:26:42
[06:19:52][rank0] --- Validation @ step 100000 ---
[06:20:59][rank0]   val loss=0.9684  loss_e=0.9904  acc_e=93.92%  acc_l=61.23%
[06:20:59][rank0]   No improvement count: 2/10
[06:20:59][rank0]   Checkpoint -> /scratch/yuvraj17/adaptive_tracing_scratch/adaptive_tracer/logs/transformer_multitask_cats7_seq512_382065/ckpt_0100000.pt
[06:21:27][rank0] step=100500  epoch=11  loss=0.9745  acc_e=93.81%  lr=2.18e-04  elapsed=2:28:17
[06:21:54][rank0] step=101000  epoch=11  loss=0.9748  acc_e=93.81%  lr=2.17e-04  elapsed=2:28:44
[06:22:21][rank0] step=101500  epoch=11  loss=0.9748  acc_e=93.81%  lr=2.17e-04  elapsed=2:29:12
[06:22:49][rank0] step=102000  epoch=11  loss=0.9749  acc_e=93.79%  lr=2.16e-04  elapsed=2:29:40
[06:22:49][rank0] --- Validation @ step 102000 ---
[06:23:57][rank0]   val loss=0.9692  loss_e=0.9890  acc_e=93.86%  acc_l=61.08%
[06:23:57][rank0]   No improvement count: 3/10
[06:24:24][rank0] step=102500  epoch=11  loss=0.9751  acc_e=93.79%  lr=2.15e-04  elapsed=2:31:14
[06:24:52][rank0] step=103000  epoch=11  loss=0.9752  acc_e=93.79%  lr=2.14e-04  elapsed=2:31:42
[06:24:58][rank0] Epoch  11/30  loss=0.9752  acc_e=93.78%  acc_l=60.34%  elapsed=2:31:48
[06:25:19][rank0] step=103500  epoch=12  loss=0.9718  acc_e=94.06%  lr=2.14e-04  elapsed=2:32:10
[06:25:47][rank0] step=104000  epoch=12  loss=0.9720  acc_e=93.96%  lr=2.13e-04  elapsed=2:32:37
[06:25:47][rank0] --- Validation @ step 104000 ---
[06:26:54][rank0]   val loss=0.9665  loss_e=0.9858  acc_e=93.91%  acc_l=61.21%
[06:26:54][rank0]   No improvement count: 4/10
[06:27:22][rank0] step=104500  epoch=12  loss=0.9705  acc_e=93.88%  lr=2.12e-04  elapsed=2:34:12
[06:27:50][rank0] step=105000  epoch=12  loss=0.9717  acc_e=93.81%  lr=2.11e-04  elapsed=2:34:40
[06:28:16][rank0] step=105500  epoch=12  loss=0.9724  acc_e=93.85%  lr=2.11e-04  elapsed=2:35:07
[06:28:44][rank0] step=106000  epoch=12  loss=0.9723  acc_e=93.85%  lr=2.10e-04  elapsed=2:35:34
[06:28:44][rank0] --- Validation @ step 106000 ---
[06:29:51][rank0]   val loss=0.9661  loss_e=0.9850  acc_e=93.85%  acc_l=61.15%
[06:29:51][rank0]   No improvement count: 5/10
[06:30:19][rank0] step=106500  epoch=12  loss=0.9721  acc_e=93.83%  lr=2.09e-04  elapsed=2:37:09
[06:30:46][rank0] step=107000  epoch=12  loss=0.9725  acc_e=93.82%  lr=2.08e-04  elapsed=2:37:37
[06:31:13][rank0] step=107500  epoch=12  loss=0.9732  acc_e=93.84%  lr=2.08e-04  elapsed=2:38:04
[06:31:41][rank0] step=108000  epoch=12  loss=0.9734  acc_e=93.82%  lr=2.07e-04  elapsed=2:38:31
[06:31:41][rank0] --- Validation @ step 108000 ---
[06:32:48][rank0]   val loss=0.9665  loss_e=0.9851  acc_e=93.85%  acc_l=61.17%
[06:32:48][rank0]   No improvement count: 6/10
[06:33:15][rank0] step=108500  epoch=12  loss=0.9738  acc_e=93.83%  lr=2.06e-04  elapsed=2:40:05
[06:33:42][rank0] step=109000  epoch=12  loss=0.9739  acc_e=93.84%  lr=2.05e-04  elapsed=2:40:33
[06:34:11][rank0] step=109500  epoch=12  loss=0.9736  acc_e=93.83%  lr=2.05e-04  elapsed=2:41:01
[06:34:39][rank0] step=110000  epoch=12  loss=0.9731  acc_e=93.84%  lr=2.04e-04  elapsed=2:41:29
[06:34:39][rank0] --- Validation @ step 110000 ---
[06:35:46][rank0]   val loss=0.9751  loss_e=1.0028  acc_e=93.78%  acc_l=61.22%
[06:35:46][rank0]   No improvement count: 7/10
[06:35:46][rank0]   Checkpoint -> /scratch/yuvraj17/adaptive_tracing_scratch/adaptive_tracer/logs/transformer_multitask_cats7_seq512_382065/ckpt_0110000.pt
[06:36:13][rank0] step=110500  epoch=12  loss=0.9734  acc_e=93.84%  lr=2.03e-04  elapsed=2:43:03
[06:36:41][rank0] step=111000  epoch=12  loss=0.9734  acc_e=93.83%  lr=2.02e-04  elapsed=2:43:31
[06:37:09][rank0] step=111500  epoch=12  loss=0.9736  acc_e=93.82%  lr=2.02e-04  elapsed=2:43:59
[06:37:35][rank0] step=112000  epoch=12  loss=0.9739  acc_e=93.82%  lr=2.01e-04  elapsed=2:44:26
[06:37:35][rank0] --- Validation @ step 112000 ---
[06:38:43][rank0]   val loss=0.9660  loss_e=0.9850  acc_e=93.84%  acc_l=61.22%
[06:38:43][rank0]   No improvement count: 8/10
[06:39:10][rank0] Epoch  12/30  loss=0.9738  acc_e=93.81%  acc_l=60.42%  elapsed=2:46:00
[06:39:10][rank0] step=112500  epoch=13  loss=0.9697  acc_e=94.18%  lr=2.00e-04  elapsed=2:46:01
[06:39:37][rank0] step=113000  epoch=13  loss=0.9709  acc_e=94.07%  lr=1.99e-04  elapsed=2:46:28
[06:40:05][rank0] step=113500  epoch=13  loss=0.9706  acc_e=93.95%  lr=1.99e-04  elapsed=2:46:55
[06:40:33][rank0] step=114000  epoch=13  loss=0.9695  acc_e=93.88%  lr=1.98e-04  elapsed=2:47:23
[06:40:33][rank0] --- Validation @ step 114000 ---
[06:41:40][rank0]   val loss=0.9680  loss_e=0.9898  acc_e=93.74%  acc_l=61.25%
[06:41:40][rank0]   No improvement count: 9/10
[06:42:08][rank0] step=114500  epoch=13  loss=0.9708  acc_e=93.85%  lr=1.97e-04  elapsed=2:48:58
[06:42:35][rank0] step=115000  epoch=13  loss=0.9712  acc_e=93.88%  lr=1.96e-04  elapsed=2:49:25
[06:43:03][rank0] step=115500  epoch=13  loss=0.9711  acc_e=93.87%  lr=1.95e-04  elapsed=2:49:53
[06:43:30][rank0] step=116000  epoch=13  loss=0.9707  acc_e=93.86%  lr=1.95e-04  elapsed=2:50:21
[06:43:30][rank0] --- Validation @ step 116000 ---
[06:44:38][rank0]   val loss=0.9714  loss_e=0.9964  acc_e=93.94%  acc_l=61.21%
[06:44:38][rank0]   No improvement count: 10/10
[06:44:38][rank0]   Early stopping triggered after 10 validations without improvement.
[06:44:38][rank0] Stopping early at epoch 13/30  elapsed=2:51:28
[06:44:38][rank0] ======================================================================
[06:44:38][rank0] Training complete — OOD evaluation
[06:44:38][rank0] ======================================================================
[06:44:38][rank0] Loaded best model from /scratch/yuvraj17/adaptive_tracing_scratch/adaptive_tracer/logs/transformer_multitask_cats7_seq512_382065/model_best.pt
[06:54:44][rank0] [OOD] global validation threshold (paper_mad_sum) thr=-0.176437 F1=0.6751 bal=197476/197476 full=197,476/646,822
[06:54:44][rank0] [OOD] MAD stats event(median=0.233398, mad=0.0703125) latency(median=0.878906, mad=0.167969)
[06:54:44][rank0] [OOD] cpu     AUROC=0.6512  AUPR=0.6278  bal=197044/190902  full=197,044/190,902  F1=0.6515  P=0.5716  R=0.7575  thr=-0.176437
[06:54:44][rank0] [OOD] disk    AUROC=0.6912  AUPR=0.6497  bal=197044/123783  full=197,044/123,783  F1=0.5800  P=0.4666  R=0.7661  thr=-0.176437
[06:54:44][rank0] [OOD] mem     AUROC=0.6757  AUPR=0.6936  bal=197044/217461  full=197,044/217,461  F1=0.6849  P=0.6102  R=0.7803  thr=-0.176437
[06:54:44][rank0] [OOD] net     AUROC=0.7615  AUPR=0.6501  bal=197044/120006  full=197,044/120,006  F1=0.6314  P=0.4929  R=0.8781  thr=-0.176437
[06:54:44][rank0] OOD results -> /scratch/yuvraj17/adaptive_tracing_scratch/adaptive_tracer/logs/transformer_multitask_cats7_seq512_382065/ood_results.json
