[23:00:15][rank0] Vocab: 257 syscalls / 6 processes
[23:00:15][rank0] Train shards for this rank: 64  (total=64)  Valid shards: 64
[23:00:15][rank0] Model: LSTM  params=47,156,895
[23:00:15][rank0]   n_hidden=1024  n_layer=6  n_head=8
[23:00:15][rank0]   AMP(bf16)=True  compile=False  chk=False  DDP=False
[23:00:15][rank0]   batch=512  accum_steps=4  world_size=1  eff_batch=2048
[23:00:15][rank0] ======================================================================
[23:00:15][rank0] Starting training  device=cuda:0  total_steps~=15425  world_size=1
[23:00:15][rank0] ======================================================================
[23:01:48][rank0] --- Validation @ step 100 ---
[23:02:34][rank0]   val loss=3.7868  loss_e=2.5222  acc_e=33.34%  acc_l=56.38%
[23:02:34][rank0]   New best val loss=3.7868 -> /scratch/yuvraj17/adaptive_tracing_scratch/adaptive_tracer/logs/sockshop_lstm_100_ep358560/model_best.pt
[23:03:27][rank0] Epoch   1/100  loss=5.0021  acc_e=27.00%  acc_l=49.88%  elapsed=0:03:11
[23:04:07][rank0] --- Validation @ step 200 ---
[23:04:53][rank0]   val loss=3.3730  loss_e=2.3074  acc_e=34.24%  acc_l=57.37%
[23:04:53][rank0]   New best val loss=3.3730 -> /scratch/yuvraj17/adaptive_tracing_scratch/adaptive_tracer/logs/sockshop_lstm_100_ep358560/model_best.pt
[23:06:22][rank0] --- Validation @ step 300 ---
[23:07:08][rank0]   val loss=3.1776  loss_e=2.2012  acc_e=34.70%  acc_l=63.22%
[23:07:08][rank0]   New best val loss=3.1776 -> /scratch/yuvraj17/adaptive_tracing_scratch/adaptive_tracer/logs/sockshop_lstm_100_ep358560/model_best.pt
[23:07:23][rank0] Epoch   2/100  loss=3.2726  acc_e=34.31%  acc_l=60.27%  elapsed=0:07:08
[23:08:40][rank0] --- Validation @ step 400 ---
[23:09:26][rank0]   val loss=3.0844  loss_e=2.1547  acc_e=35.97%  acc_l=65.87%
[23:09:26][rank0]   New best val loss=3.0844 -> /scratch/yuvraj17/adaptive_tracing_scratch/adaptive_tracer/logs/sockshop_lstm_100_ep358560/model_best.pt
[23:10:32][rank0] Epoch   3/100  loss=3.1076  acc_e=35.58%  acc_l=64.23%  elapsed=0:10:17
[23:10:57][rank0] step=   500  epoch=4  loss=3.0680  acc_e=35.97%  lr=2.50e-04  elapsed=0:10:41
[23:10:57][rank0] --- Validation @ step 500 ---
[23:11:43][rank0]   val loss=3.0561  loss_e=2.1305  acc_e=36.08%  acc_l=65.39%
[23:11:43][rank0]   New best val loss=3.0561 -> /scratch/yuvraj17/adaptive_tracing_scratch/adaptive_tracer/logs/sockshop_lstm_100_ep358560/model_best.pt
[23:13:14][rank0] --- Validation @ step 600 ---
[23:14:00][rank0]   val loss=2.5151  loss_e=1.6202  acc_e=69.85%  acc_l=67.76%
[23:14:00][rank0]   New best val loss=2.5151 -> /scratch/yuvraj17/adaptive_tracing_scratch/adaptive_tracer/logs/sockshop_lstm_100_ep358560/model_best.pt
[23:14:29][rank0] Epoch   4/100  loss=2.8934  acc_e=45.10%  acc_l=65.78%  elapsed=0:14:13
[23:15:31][rank0] --- Validation @ step 700 ---
[23:16:17][rank0]   val loss=2.2073  loss_e=1.3322  acc_e=80.81%  acc_l=67.83%
[23:16:17][rank0]   New best val loss=2.2073 -> /scratch/yuvraj17/adaptive_tracing_scratch/adaptive_tracer/logs/sockshop_lstm_100_ep358560/model_best.pt
[23:17:39][rank0] Epoch   5/100  loss=2.1918  acc_e=81.41%  acc_l=67.21%  elapsed=0:17:23
[23:17:49][rank0] --- Validation @ step 800 ---
[23:18:35][rank0]   val loss=2.1439  loss_e=1.2826  acc_e=81.86%  acc_l=67.66%
[23:18:35][rank0]   New best val loss=2.1439 -> /scratch/yuvraj17/adaptive_tracing_scratch/adaptive_tracer/logs/sockshop_lstm_100_ep358560/model_best.pt
[23:20:06][rank0] --- Validation @ step 900 ---
[23:20:52][rank0]   val loss=2.1303  loss_e=1.2809  acc_e=81.91%  acc_l=68.26%
[23:20:52][rank0]   New best val loss=2.1303 -> /scratch/yuvraj17/adaptive_tracing_scratch/adaptive_tracer/logs/sockshop_lstm_100_ep358560/model_best.pt
[23:21:36][rank0] Epoch   6/100  loss=2.1384  acc_e=81.72%  acc_l=68.22%  elapsed=0:21:20
[23:22:24][rank0] step=  1000  epoch=7  loss=2.1164  acc_e=82.80%  lr=5.00e-04  elapsed=0:22:09
[23:22:24][rank0] --- Validation @ step 1000 ---
[23:23:11][rank0]   val loss=2.0824  loss_e=1.2739  acc_e=82.43%  acc_l=69.54%
[23:23:11][rank0]   New best val loss=2.0824 -> /scratch/yuvraj17/adaptive_tracing_scratch/adaptive_tracer/logs/sockshop_lstm_100_ep358560/model_best.pt
[23:24:40][rank0] --- Validation @ step 1100 ---
[23:25:27][rank0]   val loss=2.0605  loss_e=1.2662  acc_e=82.80%  acc_l=69.84%
[23:25:27][rank0]   New best val loss=2.0605 -> /scratch/yuvraj17/adaptive_tracing_scratch/adaptive_tracer/logs/sockshop_lstm_100_ep358560/model_best.pt
[23:25:33][rank0] Epoch   7/100  loss=2.0917  acc_e=82.46%  acc_l=69.19%  elapsed=0:25:17
[23:26:58][rank0] --- Validation @ step 1200 ---
[23:27:45][rank0]   val loss=2.0445  loss_e=1.2647  acc_e=83.02%  acc_l=70.09%
[23:27:45][rank0]   New best val loss=2.0445 -> /scratch/yuvraj17/adaptive_tracing_scratch/adaptive_tracer/logs/sockshop_lstm_100_ep358560/model_best.pt
[23:28:43][rank0] Epoch   8/100  loss=2.0573  acc_e=82.51%  acc_l=70.26%  elapsed=0:28:27
[23:29:17][rank0] --- Validation @ step 1300 ---
[23:30:03][rank0]   val loss=1.9784  loss_e=1.2555  acc_e=82.97%  acc_l=72.45%
[23:30:04][rank0]   New best val loss=1.9784 -> /scratch/yuvraj17/adaptive_tracing_scratch/adaptive_tracer/logs/sockshop_lstm_100_ep358560/model_best.pt
[23:31:33][rank0] --- Validation @ step 1400 ---
[23:32:19][rank0]   val loss=1.9823  loss_e=1.2614  acc_e=82.58%  acc_l=72.43%
[23:32:40][rank0] Epoch   9/100  loss=1.9966  acc_e=83.00%  acc_l=71.82%  elapsed=0:32:24
[23:33:51][rank0] step=  1500  epoch=10  loss=1.9550  acc_e=83.29%  lr=7.50e-04  elapsed=0:33:36
[23:33:51][rank0] --- Validation @ step 1500 ---
[23:34:37][rank0]   val loss=1.9344  loss_e=1.2480  acc_e=83.45%  acc_l=73.76%
[23:34:38][rank0]   New best val loss=1.9344 -> /scratch/yuvraj17/adaptive_tracing_scratch/adaptive_tracer/logs/sockshop_lstm_100_ep358560/model_best.pt
[23:35:50][rank0] Epoch  10/100  loss=1.9499  acc_e=83.07%  acc_l=73.41%  elapsed=0:35:35
[23:36:09][rank0] --- Validation @ step 1600 ---
[23:36:55][rank0]   val loss=1.9087  loss_e=1.2430  acc_e=83.35%  acc_l=74.43%
[23:36:56][rank0]   New best val loss=1.9087 -> /scratch/yuvraj17/adaptive_tracing_scratch/adaptive_tracer/logs/sockshop_lstm_100_ep358560/model_best.pt
[23:38:27][rank0] --- Validation @ step 1700 ---
[23:39:13][rank0]   val loss=1.9051  loss_e=1.2418  acc_e=83.19%  acc_l=74.36%
[23:39:13][rank0]   New best val loss=1.9051 -> /scratch/yuvraj17/adaptive_tracing_scratch/adaptive_tracer/logs/sockshop_lstm_100_ep358560/model_best.pt
[23:39:47][rank0] Epoch  11/100  loss=1.9351  acc_e=83.32%  acc_l=73.67%  elapsed=0:39:31
[23:40:43][rank0] --- Validation @ step 1800 ---
[23:41:30][rank0]   val loss=1.8862  loss_e=1.2408  acc_e=83.19%  acc_l=75.18%
[23:41:30][rank0]   New best val loss=1.8862 -> /scratch/yuvraj17/adaptive_tracing_scratch/adaptive_tracer/logs/sockshop_lstm_100_ep358560/model_best.pt
[23:42:58][rank0] Epoch  12/100  loss=1.8957  acc_e=83.45%  acc_l=75.00%  elapsed=0:42:42
[23:43:02][rank0] --- Validation @ step 1900 ---
[23:43:48][rank0]   val loss=1.8736  loss_e=1.2368  acc_e=83.64%  acc_l=75.76%
[23:43:48][rank0]   New best val loss=1.8736 -> /scratch/yuvraj17/adaptive_tracing_scratch/adaptive_tracer/logs/sockshop_lstm_100_ep358560/model_best.pt
[23:45:19][rank0] step=  2000  epoch=13  loss=1.8825  acc_e=83.71%  lr=1.00e-03  elapsed=0:45:04
[23:45:19][rank0] --- Validation @ step 2000 ---
[23:46:06][rank0]   val loss=1.8650  loss_e=1.2325  acc_e=83.75%  acc_l=75.68%
[23:46:06][rank0]   New best val loss=1.8650 -> /scratch/yuvraj17/adaptive_tracing_scratch/adaptive_tracer/logs/sockshop_lstm_100_ep358560/model_best.pt
[23:46:55][rank0] Epoch  13/100  loss=1.8820  acc_e=83.72%  acc_l=75.34%  elapsed=0:46:39
[23:47:38][rank0] --- Validation @ step 2100 ---
[23:48:24][rank0]   val loss=1.8189  loss_e=1.2232  acc_e=84.18%  acc_l=77.20%
[23:48:25][rank0]   New best val loss=1.8189 -> /scratch/yuvraj17/adaptive_tracing_scratch/adaptive_tracer/logs/sockshop_lstm_100_ep358560/model_best.pt
[23:49:54][rank0] --- Validation @ step 2200 ---
[23:50:40][rank0]   val loss=1.8188  loss_e=1.2278  acc_e=83.57%  acc_l=77.17%
[23:50:40][rank0]   New best val loss=1.8188 -> /scratch/yuvraj17/adaptive_tracing_scratch/adaptive_tracer/logs/sockshop_lstm_100_ep358560/model_best.pt
[23:50:52][rank0] Epoch  14/100  loss=1.8424  acc_e=83.89%  acc_l=76.49%  elapsed=0:50:36
[23:52:13][rank0] --- Validation @ step 2300 ---
[23:52:59][rank0]   val loss=1.8041  loss_e=1.2174  acc_e=84.39%  acc_l=77.65%
[23:52:59][rank0]   New best val loss=1.8041 -> /scratch/yuvraj17/adaptive_tracing_scratch/adaptive_tracer/logs/sockshop_lstm_100_ep358560/model_best.pt
[23:54:02][rank0] Epoch  15/100  loss=1.8219  acc_e=84.19%  acc_l=77.01%  elapsed=0:53:46
[23:54:31][rank0] --- Validation @ step 2400 ---
[23:55:17][rank0]   val loss=1.7804  loss_e=1.2117  acc_e=84.53%  acc_l=78.37%
[23:55:17][rank0]   New best val loss=1.7804 -> /scratch/yuvraj17/adaptive_tracing_scratch/adaptive_tracer/logs/sockshop_lstm_100_ep358560/model_best.pt
[23:56:47][rank0] step=  2500  epoch=16  loss=1.7935  acc_e=84.39%  lr=9.97e-04  elapsed=0:56:31
[23:56:47][rank0] --- Validation @ step 2500 ---
[23:57:33][rank0]   val loss=1.7683  loss_e=1.2151  acc_e=84.52%  acc_l=78.86%
[23:57:33][rank0]   New best val loss=1.7683 -> /scratch/yuvraj17/adaptive_tracing_scratch/adaptive_tracer/logs/sockshop_lstm_100_ep358560/model_best.pt
[23:57:59][rank0] Epoch  16/100  loss=1.7899  acc_e=84.39%  acc_l=78.00%  elapsed=0:57:43
[23:59:05][rank0] --- Validation @ step 2600 ---
[23:59:51][rank0]   val loss=1.7573  loss_e=1.2129  acc_e=84.16%  acc_l=79.17%
[23:59:51][rank0]   New best val loss=1.7573 -> /scratch/yuvraj17/adaptive_tracing_scratch/adaptive_tracer/logs/sockshop_lstm_100_ep358560/model_best.pt
[00:01:10][rank0] Epoch  17/100  loss=1.7688  acc_e=84.50%  acc_l=78.71%  elapsed=1:00:54
[00:01:23][rank0] --- Validation @ step 2700 ---
[00:02:10][rank0]   val loss=1.7688  loss_e=1.2062  acc_e=84.75%  acc_l=78.47%
[00:03:40][rank0] --- Validation @ step 2800 ---
[00:04:27][rank0]   val loss=1.7351  loss_e=1.2073  acc_e=84.57%  acc_l=79.77%
[00:04:27][rank0]   New best val loss=1.7351 -> /scratch/yuvraj17/adaptive_tracing_scratch/adaptive_tracer/logs/sockshop_lstm_100_ep358560/model_best.pt
[00:05:06][rank0] Epoch  18/100  loss=1.7414  acc_e=84.60%  acc_l=79.69%  elapsed=1:04:51
[00:05:58][rank0] --- Validation @ step 2900 ---
[00:06:44][rank0]   val loss=1.7186  loss_e=1.2037  acc_e=84.89%  acc_l=80.30%
[00:06:45][rank0]   New best val loss=1.7186 -> /scratch/yuvraj17/adaptive_tracing_scratch/adaptive_tracer/logs/sockshop_lstm_100_ep358560/model_best.pt
[00:08:15][rank0] step=  3000  epoch=19  loss=1.7185  acc_e=84.64%  lr=9.87e-04  elapsed=1:07:59
[00:08:15][rank0] --- Validation @ step 3000 ---
[00:09:01][rank0]   val loss=1.6879  loss_e=1.2041  acc_e=84.88%  acc_l=81.69%
[00:09:02][rank0]   New best val loss=1.6879 -> /scratch/yuvraj17/adaptive_tracing_scratch/adaptive_tracer/logs/sockshop_lstm_100_ep358560/model_best.pt
[00:09:04][rank0] Epoch  19/100  loss=1.7182  acc_e=84.65%  acc_l=80.56%  elapsed=1:08:48
[00:10:33][rank0] --- Validation @ step 3100 ---
[00:11:20][rank0]   val loss=1.6581  loss_e=1.2024  acc_e=84.88%  acc_l=82.84%
[00:11:20][rank0]   New best val loss=1.6581 -> /scratch/yuvraj17/adaptive_tracing_scratch/adaptive_tracer/logs/sockshop_lstm_100_ep358560/model_best.pt
[00:12:14][rank0] Epoch  20/100  loss=1.6823  acc_e=84.76%  acc_l=81.92%  elapsed=1:11:59
[00:12:52][rank0] --- Validation @ step 3200 ---
[00:13:38][rank0]   val loss=1.6485  loss_e=1.1994  acc_e=84.96%  acc_l=83.12%
[00:13:39][rank0]   New best val loss=1.6485 -> /scratch/yuvraj17/adaptive_tracing_scratch/adaptive_tracer/logs/sockshop_lstm_100_ep358560/model_best.pt
[00:15:08][rank0] --- Validation @ step 3300 ---
[00:15:54][rank0]   val loss=1.6263  loss_e=1.2043  acc_e=84.38%  acc_l=84.10%
[00:15:54][rank0]   New best val loss=1.6263 -> /scratch/yuvraj17/adaptive_tracing_scratch/adaptive_tracer/logs/sockshop_lstm_100_ep358560/model_best.pt
[00:16:11][rank0] Epoch  21/100  loss=1.6539  acc_e=84.79%  acc_l=82.96%  elapsed=1:15:56
[00:17:26][rank0] --- Validation @ step 3400 ---
[00:18:13][rank0]   val loss=1.6110  loss_e=1.2014  acc_e=85.01%  acc_l=84.75%
[00:18:13][rank0]   New best val loss=1.6110 -> /scratch/yuvraj17/adaptive_tracing_scratch/adaptive_tracer/logs/sockshop_lstm_100_ep358560/model_best.pt
[00:19:22][rank0] Epoch  22/100  loss=1.6187  acc_e=84.85%  acc_l=84.41%  elapsed=1:19:06
[00:19:45][rank0] step=  3500  epoch=23  loss=1.6055  acc_e=85.16%  lr=9.71e-04  elapsed=1:19:29
[00:19:45][rank0] --- Validation @ step 3500 ---
[00:20:31][rank0]   val loss=1.6055  loss_e=1.1982  acc_e=85.03%  acc_l=84.70%
[00:20:32][rank0]   New best val loss=1.6055 -> /scratch/yuvraj17/adaptive_tracing_scratch/adaptive_tracer/logs/sockshop_lstm_100_ep358560/model_best.pt
[00:22:03][rank0] --- Validation @ step 3600 ---
[00:22:49][rank0]   val loss=1.6253  loss_e=1.2009  acc_e=84.90%  acc_l=84.12%
[00:23:19][rank0] Epoch  23/100  loss=1.5687  acc_e=84.87%  acc_l=86.41%  elapsed=1:23:04
[00:24:20][rank0] --- Validation @ step 3700 ---
[00:25:06][rank0]   val loss=1.5521  loss_e=1.2010  acc_e=85.10%  acc_l=87.01%
[00:25:06][rank0]   New best val loss=1.5521 -> /scratch/yuvraj17/adaptive_tracing_scratch/adaptive_tracer/logs/sockshop_lstm_100_ep358560/model_best.pt
[00:26:30][rank0] Epoch  24/100  loss=1.5415  acc_e=84.99%  acc_l=87.51%  elapsed=1:26:14
[00:26:38][rank0] --- Validation @ step 3800 ---
[00:27:24][rank0]   val loss=1.5453  loss_e=1.1962  acc_e=85.10%  acc_l=87.06%
[00:27:24][rank0]   New best val loss=1.5453 -> /scratch/yuvraj17/adaptive_tracing_scratch/adaptive_tracer/logs/sockshop_lstm_100_ep358560/model_best.pt
[00:28:55][rank0] --- Validation @ step 3900 ---
[00:29:42][rank0]   val loss=1.5051  loss_e=1.1967  acc_e=85.05%  acc_l=88.61%
[00:29:42][rank0]   New best val loss=1.5051 -> /scratch/yuvraj17/adaptive_tracing_scratch/adaptive_tracer/logs/sockshop_lstm_100_ep358560/model_best.pt
[00:30:27][rank0] Epoch  25/100  loss=1.5000  acc_e=85.02%  acc_l=89.02%  elapsed=1:30:11
[00:31:14][rank0] step=  4000  epoch=26  loss=1.5156  acc_e=85.23%  lr=9.49e-04  elapsed=1:30:59
[00:31:14][rank0] --- Validation @ step 4000 ---
[00:32:01][rank0]   val loss=1.4999  loss_e=1.1933  acc_e=85.21%  acc_l=88.69%
[00:32:01][rank0]   New best val loss=1.4999 -> /scratch/yuvraj17/adaptive_tracing_scratch/adaptive_tracer/logs/sockshop_lstm_100_ep358560/model_best.pt
[00:33:30][rank0] --- Validation @ step 4100 ---
[00:34:16][rank0]   val loss=1.4831  loss_e=1.1973  acc_e=85.18%  acc_l=89.45%
[00:34:17][rank0]   New best val loss=1.4831 -> /scratch/yuvraj17/adaptive_tracing_scratch/adaptive_tracer/logs/sockshop_lstm_100_ep358560/model_best.pt
[00:34:24][rank0] Epoch  26/100  loss=1.4715  acc_e=85.09%  acc_l=90.08%  elapsed=1:34:09
[00:35:48][rank0] --- Validation @ step 4200 ---
[00:36:35][rank0]   val loss=1.4699  loss_e=1.1923  acc_e=85.29%  acc_l=89.90%
[00:36:35][rank0]   New best val loss=1.4699 -> /scratch/yuvraj17/adaptive_tracing_scratch/adaptive_tracer/logs/sockshop_lstm_100_ep358560/model_best.pt
[00:37:35][rank0] Epoch  27/100  loss=1.4260  acc_e=85.19%  acc_l=91.88%  elapsed=1:37:19
[00:38:07][rank0] --- Validation @ step 4300 ---
[00:38:54][rank0]   val loss=1.4686  loss_e=1.1916  acc_e=85.26%  acc_l=89.94%
[00:38:54][rank0]   New best val loss=1.4686 -> /scratch/yuvraj17/adaptive_tracing_scratch/adaptive_tracer/logs/sockshop_lstm_100_ep358560/model_best.pt
[00:40:23][rank0] --- Validation @ step 4400 ---
[00:41:09][rank0]   val loss=1.4317  loss_e=1.1947  acc_e=85.28%  acc_l=91.49%
[00:41:10][rank0]   New best val loss=1.4317 -> /scratch/yuvraj17/adaptive_tracing_scratch/adaptive_tracer/logs/sockshop_lstm_100_ep358560/model_best.pt
[00:41:32][rank0] Epoch  28/100  loss=1.3933  acc_e=85.23%  acc_l=93.04%  elapsed=1:41:17
[00:42:42][rank0] step=  4500  epoch=29  loss=1.3793  acc_e=85.25%  lr=9.21e-04  elapsed=1:42:26
[00:42:42][rank0] --- Validation @ step 4500 ---
[00:43:28][rank0]   val loss=1.3953  loss_e=1.1917  acc_e=85.36%  acc_l=92.72%
[00:43:28][rank0]   New best val loss=1.3953 -> /scratch/yuvraj17/adaptive_tracing_scratch/adaptive_tracer/logs/sockshop_lstm_100_ep358560/model_best.pt
[00:44:43][rank0] Epoch  29/100  loss=1.3697  acc_e=85.27%  acc_l=93.84%  elapsed=1:44:27
[00:45:00][rank0] --- Validation @ step 4600 ---
[00:45:47][rank0]   val loss=1.3985  loss_e=1.1883  acc_e=85.39%  acc_l=92.62%
[00:47:18][rank0] --- Validation @ step 4700 ---
[00:48:05][rank0]   val loss=1.4328  loss_e=1.1895  acc_e=85.39%  acc_l=91.33%
[00:48:40][rank0] Epoch  30/100  loss=1.3414  acc_e=85.36%  acc_l=94.96%  elapsed=1:48:25
[00:49:35][rank0] --- Validation @ step 4800 ---
[00:50:21][rank0]   val loss=1.3530  loss_e=1.1895  acc_e=85.47%  acc_l=94.28%
[00:50:22][rank0]   New best val loss=1.3530 -> /scratch/yuvraj17/adaptive_tracing_scratch/adaptive_tracer/logs/sockshop_lstm_100_ep358560/model_best.pt
[00:51:51][rank0] Epoch  31/100  loss=1.3264  acc_e=85.40%  acc_l=95.41%  elapsed=1:51:35
[00:51:53][rank0] --- Validation @ step 4900 ---
[00:52:40][rank0]   val loss=1.3816  loss_e=1.1885  acc_e=85.46%  acc_l=93.20%
[00:54:11][rank0] step=  5000  epoch=32  loss=1.3083  acc_e=85.38%  lr=8.88e-04  elapsed=1:53:55
[00:54:11][rank0] --- Validation @ step 5000 ---
[00:54:57][rank0]   val loss=1.3643  loss_e=1.1884  acc_e=85.42%  acc_l=93.91%
[00:54:58][rank0]   Checkpoint -> /scratch/yuvraj17/adaptive_tracing_scratch/adaptive_tracer/logs/sockshop_lstm_100_ep358560/ckpt_0005000.pt
[00:55:48][rank0] Epoch  32/100  loss=1.3094  acc_e=85.43%  acc_l=96.01%  elapsed=1:55:33
[00:56:30][rank0] --- Validation @ step 5100 ---
[00:57:17][rank0]   val loss=1.3281  loss_e=1.1851  acc_e=85.53%  acc_l=95.01%
[00:57:17][rank0]   New best val loss=1.3281 -> /scratch/yuvraj17/adaptive_tracing_scratch/adaptive_tracer/logs/sockshop_lstm_100_ep358560/model_best.pt
[00:58:46][rank0] --- Validation @ step 5200 ---
[00:59:33][rank0]   val loss=1.3149  loss_e=1.1888  acc_e=85.56%  acc_l=95.61%
[00:59:33][rank0]   New best val loss=1.3149 -> /scratch/yuvraj17/adaptive_tracing_scratch/adaptive_tracer/logs/sockshop_lstm_100_ep358560/model_best.pt
[00:59:46][rank0] Epoch  33/100  loss=1.2939  acc_e=85.49%  acc_l=96.54%  elapsed=1:59:31
[01:01:05][rank0] --- Validation @ step 5300 ---
[01:01:52][rank0]   val loss=1.3022  loss_e=1.1855  acc_e=85.55%  acc_l=96.02%
[01:01:52][rank0]   New best val loss=1.3022 -> /scratch/yuvraj17/adaptive_tracing_scratch/adaptive_tracer/logs/sockshop_lstm_100_ep358560/model_best.pt
[01:02:57][rank0] Epoch  34/100  loss=1.2814  acc_e=85.53%  acc_l=96.98%  elapsed=2:02:41
[01:03:24][rank0] --- Validation @ step 5400 ---
[01:04:10][rank0]   val loss=1.2884  loss_e=1.1832  acc_e=85.57%  acc_l=96.55%
[01:04:10][rank0]   New best val loss=1.2884 -> /scratch/yuvraj17/adaptive_tracing_scratch/adaptive_tracer/logs/sockshop_lstm_100_ep358560/model_best.pt
[01:05:40][rank0] step=  5500  epoch=35  loss=1.2639  acc_e=85.54%  lr=8.49e-04  elapsed=2:05:25
[01:05:40][rank0] --- Validation @ step 5500 ---
[01:06:27][rank0]   val loss=1.3037  loss_e=1.1843  acc_e=85.60%  acc_l=95.91%
[01:06:54][rank0] Epoch  35/100  loss=1.2659  acc_e=85.56%  acc_l=97.52%  elapsed=2:06:38
[01:07:58][rank0] --- Validation @ step 5600 ---
[01:08:45][rank0]   val loss=1.2872  loss_e=1.1859  acc_e=85.59%  acc_l=96.62%
[01:08:45][rank0]   New best val loss=1.2872 -> /scratch/yuvraj17/adaptive_tracing_scratch/adaptive_tracer/logs/sockshop_lstm_100_ep358560/model_best.pt
[01:10:05][rank0] Epoch  36/100  loss=1.2583  acc_e=85.57%  acc_l=97.74%  elapsed=2:09:49
[01:10:17][rank0] --- Validation @ step 5700 ---
[01:11:03][rank0]   val loss=1.2979  loss_e=1.1829  acc_e=85.59%  acc_l=96.06%
[01:12:34][rank0] --- Validation @ step 5800 ---
[01:13:20][rank0]   val loss=1.2695  loss_e=1.1825  acc_e=85.69%  acc_l=97.10%
[01:13:21][rank0]   New best val loss=1.2695 -> /scratch/yuvraj17/adaptive_tracing_scratch/adaptive_tracer/logs/sockshop_lstm_100_ep358560/model_best.pt
[01:14:02][rank0] Epoch  37/100  loss=1.2533  acc_e=85.63%  acc_l=97.89%  elapsed=2:13:46
[01:14:52][rank0] --- Validation @ step 5900 ---
[01:15:39][rank0]   val loss=1.2937  loss_e=1.1810  acc_e=85.72%  acc_l=96.18%
[01:17:09][rank0] step=  6000  epoch=38  loss=1.2442  acc_e=85.64%  lr=8.07e-04  elapsed=2:16:53
[01:17:09][rank0] --- Validation @ step 6000 ---
[01:17:55][rank0]   val loss=1.2670  loss_e=1.1830  acc_e=85.71%  acc_l=97.28%
[01:17:55][rank0]   New best val loss=1.2670 -> /scratch/yuvraj17/adaptive_tracing_scratch/adaptive_tracer/logs/sockshop_lstm_100_ep358560/model_best.pt
[01:17:59][rank0] Epoch  38/100  loss=1.2466  acc_e=85.64%  acc_l=98.10%  elapsed=2:17:44
[01:19:27][rank0] --- Validation @ step 6100 ---
[01:20:14][rank0]   val loss=1.2621  loss_e=1.1845  acc_e=85.57%  acc_l=97.47%
[01:20:14][rank0]   New best val loss=1.2621 -> /scratch/yuvraj17/adaptive_tracing_scratch/adaptive_tracer/logs/sockshop_lstm_100_ep358560/model_best.pt
[01:21:10][rank0] Epoch  39/100  loss=1.2436  acc_e=85.64%  acc_l=98.19%  elapsed=2:20:54
[01:21:46][rank0] --- Validation @ step 6200 ---
[01:22:33][rank0]   val loss=1.2598  loss_e=1.1798  acc_e=85.72%  acc_l=97.39%
[01:22:33][rank0]   New best val loss=1.2598 -> /scratch/yuvraj17/adaptive_tracing_scratch/adaptive_tracer/logs/sockshop_lstm_100_ep358560/model_best.pt
[01:24:02][rank0] --- Validation @ step 6300 ---
[01:24:49][rank0]   val loss=1.2594  loss_e=1.1839  acc_e=85.71%  acc_l=97.54%
[01:24:49][rank0]   New best val loss=1.2594 -> /scratch/yuvraj17/adaptive_tracing_scratch/adaptive_tracer/logs/sockshop_lstm_100_ep358560/model_best.pt
[01:25:08][rank0] Epoch  40/100  loss=1.2397  acc_e=85.67%  acc_l=98.31%  elapsed=2:24:52
[01:26:21][rank0] --- Validation @ step 6400 ---
[01:27:08][rank0]   val loss=1.2613  loss_e=1.1813  acc_e=85.76%  acc_l=97.36%
[01:28:18][rank0] Epoch  41/100  loss=1.2358  acc_e=85.74%  acc_l=98.40%  elapsed=2:28:03
[01:28:39][rank0] step=  6500  epoch=42  loss=1.2271  acc_e=85.91%  lr=7.60e-04  elapsed=2:28:24
[01:28:39][rank0] --- Validation @ step 6500 ---
[01:29:26][rank0]   val loss=1.2526  loss_e=1.1783  acc_e=85.79%  acc_l=97.67%
[01:29:26][rank0]   New best val loss=1.2526 -> /scratch/yuvraj17/adaptive_tracing_scratch/adaptive_tracer/logs/sockshop_lstm_100_ep358560/model_best.pt
[01:30:57][rank0] --- Validation @ step 6600 ---
[01:31:44][rank0]   val loss=1.2429  loss_e=1.1784  acc_e=85.78%  acc_l=97.96%
[01:31:44][rank0]   New best val loss=1.2429 -> /scratch/yuvraj17/adaptive_tracing_scratch/adaptive_tracer/logs/sockshop_lstm_100_ep358560/model_best.pt
[01:32:16][rank0] Epoch  42/100  loss=1.2338  acc_e=85.76%  acc_l=98.41%  elapsed=2:32:00
[01:33:15][rank0] --- Validation @ step 6700 ---
[01:34:01][rank0]   val loss=1.2450  loss_e=1.1797  acc_e=85.84%  acc_l=97.89%
[01:35:27][rank0] Epoch  43/100  loss=1.2281  acc_e=85.81%  acc_l=98.62%  elapsed=2:35:11
[01:35:33][rank0] --- Validation @ step 6800 ---
[01:36:20][rank0]   val loss=1.2418  loss_e=1.1784  acc_e=85.77%  acc_l=97.97%
[01:36:20][rank0]   New best val loss=1.2418 -> /scratch/yuvraj17/adaptive_tracing_scratch/adaptive_tracer/logs/sockshop_lstm_100_ep358560/model_best.pt
[01:37:51][rank0] --- Validation @ step 6900 ---
[01:38:38][rank0]   val loss=1.2336  loss_e=1.1785  acc_e=85.81%  acc_l=98.29%
[01:38:38][rank0]   New best val loss=1.2336 -> /scratch/yuvraj17/adaptive_tracing_scratch/adaptive_tracer/logs/sockshop_lstm_100_ep358560/model_best.pt
[01:39:25][rank0] Epoch  44/100  loss=1.2245  acc_e=85.82%  acc_l=98.73%  elapsed=2:39:09
[01:40:10][rank0] step=  7000  epoch=45  loss=1.2208  acc_e=85.95%  lr=7.10e-04  elapsed=2:39:55
[01:40:10][rank0] --- Validation @ step 7000 ---
[01:40:57][rank0]   val loss=1.2402  loss_e=1.1759  acc_e=85.92%  acc_l=97.99%
[01:42:26][rank0] --- Validation @ step 7100 ---
[01:43:13][rank0]   val loss=1.2304  loss_e=1.1792  acc_e=85.76%  acc_l=98.47%
[01:43:13][rank0]   New best val loss=1.2304 -> /scratch/yuvraj17/adaptive_tracing_scratch/adaptive_tracer/logs/sockshop_lstm_100_ep358560/model_best.pt
[01:43:23][rank0] Epoch  45/100  loss=1.2213  acc_e=85.87%  acc_l=98.82%  elapsed=2:43:07
[01:44:45][rank0] --- Validation @ step 7200 ---
[01:45:32][rank0]   val loss=1.2243  loss_e=1.1767  acc_e=85.95%  acc_l=98.56%
[01:45:32][rank0]   New best val loss=1.2243 -> /scratch/yuvraj17/adaptive_tracing_scratch/adaptive_tracer/logs/sockshop_lstm_100_ep358560/model_best.pt
[01:46:34][rank0] Epoch  46/100  loss=1.2205  acc_e=85.90%  acc_l=98.82%  elapsed=2:46:18
[01:47:04][rank0] --- Validation @ step 7300 ---
[01:47:51][rank0]   val loss=1.2218  loss_e=1.1746  acc_e=85.92%  acc_l=98.61%
[01:47:51][rank0]   New best val loss=1.2218 -> /scratch/yuvraj17/adaptive_tracing_scratch/adaptive_tracer/logs/sockshop_lstm_100_ep358560/model_best.pt
[01:49:20][rank0] --- Validation @ step 7400 ---
[01:50:07][rank0]   val loss=1.2204  loss_e=1.1779  acc_e=85.93%  acc_l=98.73%
[01:50:07][rank0]   New best val loss=1.2204 -> /scratch/yuvraj17/adaptive_tracing_scratch/adaptive_tracer/logs/sockshop_lstm_100_ep358560/model_best.pt
[01:50:31][rank0] Epoch  47/100  loss=1.2164  acc_e=85.91%  acc_l=98.94%  elapsed=2:50:16
[01:51:39][rank0] step=  7500  epoch=48  loss=1.2117  acc_e=85.94%  lr=6.58e-04  elapsed=2:51:24
[01:51:39][rank0] --- Validation @ step 7500 ---
[01:52:26][rank0]   val loss=1.2213  loss_e=1.1762  acc_e=85.97%  acc_l=98.64%
[01:53:42][rank0] Epoch  48/100  loss=1.2128  acc_e=85.96%  acc_l=99.02%  elapsed=2:53:27
[01:53:58][rank0] --- Validation @ step 7600 ---
[01:54:45][rank0]   val loss=1.2158  loss_e=1.1736  acc_e=86.06%  acc_l=98.77%
[01:54:45][rank0]   New best val loss=1.2158 -> /scratch/yuvraj17/adaptive_tracing_scratch/adaptive_tracer/logs/sockshop_lstm_100_ep358560/model_best.pt
[01:56:16][rank0] --- Validation @ step 7700 ---
[01:57:03][rank0]   val loss=1.2134  loss_e=1.1742  acc_e=85.99%  acc_l=98.86%
[01:57:03][rank0]   New best val loss=1.2134 -> /scratch/yuvraj17/adaptive_tracing_scratch/adaptive_tracer/logs/sockshop_lstm_100_ep358560/model_best.pt
[01:57:40][rank0] Epoch  49/100  loss=1.2103  acc_e=86.01%  acc_l=99.07%  elapsed=2:57:25
[01:58:34][rank0] --- Validation @ step 7800 ---
[01:59:20][rank0]   val loss=1.2185  loss_e=1.1735  acc_e=86.09%  acc_l=98.61%
[02:00:51][rank0] --- Validation @ step 7900 ---
[02:01:38][rank0]   val loss=1.2159  loss_e=1.1743  acc_e=86.07%  acc_l=98.79%
[02:01:38][rank0] Epoch  50/100  loss=1.2077  acc_e=86.06%  acc_l=99.12%  elapsed=3:01:22
[02:03:09][rank0] step=  8000  epoch=51  loss=1.2036  acc_e=86.03%  lr=6.04e-04  elapsed=3:02:54
[02:03:09][rank0] --- Validation @ step 8000 ---
[02:03:56][rank0]   val loss=1.2125  loss_e=1.1734  acc_e=86.11%  acc_l=98.92%
[02:03:56][rank0]   New best val loss=1.2125 -> /scratch/yuvraj17/adaptive_tracing_scratch/adaptive_tracer/logs/sockshop_lstm_100_ep358560/model_best.pt
[02:04:49][rank0] Epoch  51/100  loss=1.2047  acc_e=86.09%  acc_l=99.20%  elapsed=3:04:33
[02:05:29][rank0] --- Validation @ step 8100 ---
[02:06:16][rank0]   val loss=1.2080  loss_e=1.1711  acc_e=86.18%  acc_l=98.96%
[02:06:16][rank0]   New best val loss=1.2080 -> /scratch/yuvraj17/adaptive_tracing_scratch/adaptive_tracer/logs/sockshop_lstm_100_ep358560/model_best.pt
[02:07:45][rank0] --- Validation @ step 8200 ---
[02:08:32][rank0]   val loss=1.2082  loss_e=1.1740  acc_e=86.15%  acc_l=99.07%
[02:08:47][rank0] Epoch  52/100  loss=1.2039  acc_e=86.13%  acc_l=99.22%  elapsed=3:08:31
[02:10:04][rank0] --- Validation @ step 8300 ---
[02:10:51][rank0]   val loss=1.2046  loss_e=1.1714  acc_e=86.15%  acc_l=99.04%
[02:10:51][rank0]   New best val loss=1.2046 -> /scratch/yuvraj17/adaptive_tracing_scratch/adaptive_tracer/logs/sockshop_lstm_100_ep358560/model_best.pt
[02:11:58][rank0] Epoch  53/100  loss=1.2016  acc_e=86.16%  acc_l=99.26%  elapsed=3:11:42
[02:12:23][rank0] --- Validation @ step 8400 ---
[02:13:09][rank0]   val loss=1.2058  loss_e=1.1697  acc_e=86.20%  acc_l=99.00%
[02:14:40][rank0] step=  8500  epoch=54  loss=1.1963  acc_e=86.17%  lr=5.49e-04  elapsed=3:14:24
[02:14:40][rank0] --- Validation @ step 8500 ---
[02:15:26][rank0]   val loss=1.2018  loss_e=1.1708  acc_e=86.21%  acc_l=99.14%
[02:15:27][rank0]   New best val loss=1.2018 -> /scratch/yuvraj17/adaptive_tracing_scratch/adaptive_tracer/logs/sockshop_lstm_100_ep358560/model_best.pt
[02:15:55][rank0] Epoch  54/100  loss=1.1991  acc_e=86.18%  acc_l=99.32%  elapsed=3:15:40
[02:16:58][rank0] --- Validation @ step 8600 ---
[02:17:45][rank0]   val loss=1.2053  loss_e=1.1708  acc_e=86.24%  acc_l=99.00%
[02:19:06][rank0] Epoch  55/100  loss=1.1964  acc_e=86.26%  acc_l=99.39%  elapsed=3:18:51
[02:19:16][rank0] --- Validation @ step 8700 ---
[02:20:03][rank0]   val loss=1.1984  loss_e=1.1691  acc_e=86.30%  acc_l=99.24%
[02:20:03][rank0]   New best val loss=1.1984 -> /scratch/yuvraj17/adaptive_tracing_scratch/adaptive_tracer/logs/sockshop_lstm_100_ep358560/model_best.pt
[02:21:34][rank0] --- Validation @ step 8800 ---
[02:22:21][rank0]   val loss=1.1964  loss_e=1.1689  acc_e=86.31%  acc_l=99.30%
[02:22:21][rank0]   New best val loss=1.1964 -> /scratch/yuvraj17/adaptive_tracing_scratch/adaptive_tracer/logs/sockshop_lstm_100_ep358560/model_best.pt
[02:23:04][rank0] Epoch  56/100  loss=1.1939  acc_e=86.30%  acc_l=99.43%  elapsed=3:22:49
[02:23:53][rank0] --- Validation @ step 8900 ---
[02:24:40][rank0]   val loss=1.1952  loss_e=1.1676  acc_e=86.41%  acc_l=99.26%
[02:24:40][rank0]   New best val loss=1.1952 -> /scratch/yuvraj17/adaptive_tracing_scratch/adaptive_tracer/logs/sockshop_lstm_100_ep358560/model_best.pt
[02:26:10][rank0] step=  9000  epoch=57  loss=1.1908  acc_e=86.34%  lr=4.93e-04  elapsed=3:25:54
[02:26:10][rank0] --- Validation @ step 9000 ---
[02:26:57][rank0]   val loss=1.1948  loss_e=1.1693  acc_e=86.35%  acc_l=99.31%
[02:26:57][rank0]   New best val loss=1.1948 -> /scratch/yuvraj17/adaptive_tracing_scratch/adaptive_tracer/logs/sockshop_lstm_100_ep358560/model_best.pt
[02:27:03][rank0] Epoch  57/100  loss=1.1937  acc_e=86.34%  acc_l=99.41%  elapsed=3:26:47
[02:28:28][rank0] --- Validation @ step 9100 ---
[02:29:15][rank0]   val loss=1.1953  loss_e=1.1682  acc_e=86.42%  acc_l=99.26%
[02:30:13][rank0] Epoch  58/100  loss=1.1908  acc_e=86.41%  acc_l=99.48%  elapsed=3:29:58
[02:30:48][rank0] --- Validation @ step 9200 ---
[02:31:35][rank0]   val loss=1.1911  loss_e=1.1653  acc_e=86.45%  acc_l=99.35%
[02:31:35][rank0]   New best val loss=1.1911 -> /scratch/yuvraj17/adaptive_tracing_scratch/adaptive_tracer/logs/sockshop_lstm_100_ep358560/model_best.pt
[02:33:04][rank0] --- Validation @ step 9300 ---
[02:33:51][rank0]   val loss=1.1915  loss_e=1.1681  acc_e=86.46%  acc_l=99.42%
[02:34:12][rank0] Epoch  59/100  loss=1.1894  acc_e=86.43%  acc_l=99.50%  elapsed=3:33:56
[02:35:23][rank0] --- Validation @ step 9400 ---
[02:36:10][rank0]   val loss=1.1891  loss_e=1.1661  acc_e=86.40%  acc_l=99.41%
[02:36:10][rank0]   New best val loss=1.1891 -> /scratch/yuvraj17/adaptive_tracing_scratch/adaptive_tracer/logs/sockshop_lstm_100_ep358560/model_best.pt
[02:37:22][rank0] Epoch  60/100  loss=1.1869  acc_e=86.49%  acc_l=99.54%  elapsed=3:37:07
[02:37:41][rank0] step=  9500  epoch=61  loss=1.1821  acc_e=86.51%  lr=4.38e-04  elapsed=3:37:26
[02:37:41][rank0] --- Validation @ step 9500 ---
[02:38:28][rank0]   val loss=1.1876  loss_e=1.1642  acc_e=86.44%  acc_l=99.42%
[02:38:29][rank0]   New best val loss=1.1876 -> /scratch/yuvraj17/adaptive_tracing_scratch/adaptive_tracer/logs/sockshop_lstm_100_ep358560/model_best.pt
[02:40:00][rank0] --- Validation @ step 9600 ---
[02:40:46][rank0]   val loss=1.1872  loss_e=1.1642  acc_e=86.52%  acc_l=99.43%
[02:40:47][rank0]   New best val loss=1.1872 -> /scratch/yuvraj17/adaptive_tracing_scratch/adaptive_tracer/logs/sockshop_lstm_100_ep358560/model_best.pt
[02:41:21][rank0] Epoch  61/100  loss=1.1859  acc_e=86.52%  acc_l=99.55%  elapsed=3:41:05
[02:42:17][rank0] --- Validation @ step 9700 ---
[02:43:04][rank0]   val loss=1.1862  loss_e=1.1657  acc_e=86.49%  acc_l=99.48%
[02:43:04][rank0]   New best val loss=1.1862 -> /scratch/yuvraj17/adaptive_tracing_scratch/adaptive_tracer/logs/sockshop_lstm_100_ep358560/model_best.pt
[02:44:32][rank0] Epoch  62/100  loss=1.1850  acc_e=86.49%  acc_l=99.56%  elapsed=3:44:16
[02:44:36][rank0] --- Validation @ step 9800 ---
[02:45:23][rank0]   val loss=1.1860  loss_e=1.1645  acc_e=86.44%  acc_l=99.49%
[02:45:23][rank0]   New best val loss=1.1860 -> /scratch/yuvraj17/adaptive_tracing_scratch/adaptive_tracer/logs/sockshop_lstm_100_ep358560/model_best.pt
[02:46:54][rank0] --- Validation @ step 9900 ---
[02:47:41][rank0]   val loss=1.1867  loss_e=1.1642  acc_e=86.48%  acc_l=99.44%
[02:48:30][rank0] Epoch  63/100  loss=1.1832  acc_e=86.53%  acc_l=99.59%  elapsed=3:48:14
[02:49:14][rank0] step= 10000  epoch=64  loss=1.1788  acc_e=86.59%  lr=3.84e-04  elapsed=3:48:58
[02:49:14][rank0] --- Validation @ step 10000 ---
[02:50:00][rank0]   val loss=1.1805  loss_e=1.1612  acc_e=86.73%  acc_l=99.55%
[02:50:00][rank0]   New best val loss=1.1805 -> /scratch/yuvraj17/adaptive_tracing_scratch/adaptive_tracer/logs/sockshop_lstm_100_ep358560/model_best.pt
[02:50:01][rank0]   Checkpoint -> /scratch/yuvraj17/adaptive_tracing_scratch/adaptive_tracer/logs/sockshop_lstm_100_ep358560/ckpt_0010000.pt
[02:51:30][rank0] --- Validation @ step 10100 ---
[02:52:17][rank0]   val loss=1.1828  loss_e=1.1641  acc_e=86.59%  acc_l=99.58%
[02:52:28][rank0] Epoch  64/100  loss=1.1811  acc_e=86.65%  acc_l=99.61%  elapsed=3:52:12
[02:53:49][rank0] --- Validation @ step 10200 ---
[02:54:36][rank0]   val loss=1.1789  loss_e=1.1609  acc_e=86.72%  acc_l=99.56%
[02:54:36][rank0]   New best val loss=1.1789 -> /scratch/yuvraj17/adaptive_tracing_scratch/adaptive_tracer/logs/sockshop_lstm_100_ep358560/model_best.pt
[02:55:39][rank0] Epoch  65/100  loss=1.1791  acc_e=86.72%  acc_l=99.63%  elapsed=3:55:24
[02:56:08][rank0] --- Validation @ step 10300 ---
[02:56:55][rank0]   val loss=1.1794  loss_e=1.1599  acc_e=86.78%  acc_l=99.55%
[02:58:24][rank0] --- Validation @ step 10400 ---
[02:59:11][rank0]   val loss=1.1789  loss_e=1.1603  acc_e=86.86%  acc_l=99.59%
[02:59:11][rank0]   New best val loss=1.1789 -> /scratch/yuvraj17/adaptive_tracing_scratch/adaptive_tracer/logs/sockshop_lstm_100_ep358560/model_best.pt
[02:59:37][rank0] Epoch  66/100  loss=1.1775  acc_e=86.76%  acc_l=99.65%  elapsed=3:59:22
[03:00:43][rank0] step= 10500  epoch=67  loss=1.1734  acc_e=86.83%  lr=3.32e-04  elapsed=4:00:27
[03:00:43][rank0] --- Validation @ step 10500 ---
[03:01:30][rank0]   val loss=1.1758  loss_e=1.1602  acc_e=86.77%  acc_l=99.63%
[03:01:30][rank0]   New best val loss=1.1758 -> /scratch/yuvraj17/adaptive_tracing_scratch/adaptive_tracer/logs/sockshop_lstm_100_ep358560/model_best.pt
[03:02:49][rank0] Epoch  67/100  loss=1.1762  acc_e=86.80%  acc_l=99.68%  elapsed=4:02:33
[03:03:02][rank0] --- Validation @ step 10600 ---
[03:03:49][rank0]   val loss=1.1761  loss_e=1.1587  acc_e=86.83%  acc_l=99.57%
[03:05:20][rank0] --- Validation @ step 10700 ---
[03:06:07][rank0]   val loss=1.1747  loss_e=1.1579  acc_e=86.93%  acc_l=99.60%
[03:06:07][rank0]   New best val loss=1.1747 -> /scratch/yuvraj17/adaptive_tracing_scratch/adaptive_tracer/logs/sockshop_lstm_100_ep358560/model_best.pt
[03:06:47][rank0] Epoch  68/100  loss=1.1745  acc_e=86.86%  acc_l=99.67%  elapsed=4:06:31
[03:07:39][rank0] --- Validation @ step 10800 ---
[03:08:26][rank0]   val loss=1.1743  loss_e=1.1584  acc_e=86.94%  acc_l=99.62%
[03:08:26][rank0]   New best val loss=1.1743 -> /scratch/yuvraj17/adaptive_tracing_scratch/adaptive_tracer/logs/sockshop_lstm_100_ep358560/model_best.pt
[03:09:56][rank0] --- Validation @ step 10900 ---
[03:10:43][rank0]   val loss=1.1733  loss_e=1.1581  acc_e=86.84%  acc_l=99.66%
[03:10:43][rank0]   New best val loss=1.1733 -> /scratch/yuvraj17/adaptive_tracing_scratch/adaptive_tracer/logs/sockshop_lstm_100_ep358560/model_best.pt
[03:10:45][rank0] Epoch  69/100  loss=1.1730  acc_e=86.89%  acc_l=99.69%  elapsed=4:10:30
[03:12:15][rank0] step= 11000  epoch=70  loss=1.1699  acc_e=86.88%  lr=2.83e-04  elapsed=4:11:59
[03:12:15][rank0] --- Validation @ step 11000 ---
[03:13:02][rank0]   val loss=1.1724  loss_e=1.1565  acc_e=87.02%  acc_l=99.64%
[03:13:02][rank0]   New best val loss=1.1724 -> /scratch/yuvraj17/adaptive_tracing_scratch/adaptive_tracer/logs/sockshop_lstm_100_ep358560/model_best.pt
[03:13:57][rank0] Epoch  70/100  loss=1.1721  acc_e=86.94%  acc_l=99.70%  elapsed=4:13:41
[03:14:35][rank0] --- Validation @ step 11100 ---
[03:15:21][rank0]   val loss=1.1705  loss_e=1.1557  acc_e=86.97%  acc_l=99.67%
[03:15:22][rank0]   New best val loss=1.1705 -> /scratch/yuvraj17/adaptive_tracing_scratch/adaptive_tracer/logs/sockshop_lstm_100_ep358560/model_best.pt
[03:16:51][rank0] --- Validation @ step 11200 ---
[03:17:38][rank0]   val loss=1.1745  loss_e=1.1577  acc_e=86.88%  acc_l=99.63%
[03:17:55][rank0] Epoch  71/100  loss=1.1702  acc_e=86.97%  acc_l=99.72%  elapsed=4:17:39
[03:19:10][rank0] --- Validation @ step 11300 ---
[03:19:57][rank0]   val loss=1.1690  loss_e=1.1551  acc_e=87.03%  acc_l=99.69%
[03:19:57][rank0]   New best val loss=1.1690 -> /scratch/yuvraj17/adaptive_tracing_scratch/adaptive_tracer/logs/sockshop_lstm_100_ep358560/model_best.pt
[03:21:06][rank0] Epoch  72/100  loss=1.1691  acc_e=87.01%  acc_l=99.73%  elapsed=4:20:50
[03:21:29][rank0] --- Validation @ step 11400 ---
[03:22:16][rank0]   val loss=1.1666  loss_e=1.1534  acc_e=87.03%  acc_l=99.69%
[03:22:16][rank0]   New best val loss=1.1666 -> /scratch/yuvraj17/adaptive_tracing_scratch/adaptive_tracer/logs/sockshop_lstm_100_ep358560/model_best.pt
[03:23:47][rank0] step= 11500  epoch=73  loss=1.1643  acc_e=87.03%  lr=2.37e-04  elapsed=4:23:31
[03:23:47][rank0] --- Validation @ step 11500 ---
[03:24:34][rank0]   val loss=1.1686  loss_e=1.1532  acc_e=87.19%  acc_l=99.65%
[03:25:04][rank0] Epoch  73/100  loss=1.1678  acc_e=87.07%  acc_l=99.73%  elapsed=4:24:49
[03:26:05][rank0] --- Validation @ step 11600 ---
[03:26:52][rank0]   val loss=1.1667  loss_e=1.1540  acc_e=87.05%  acc_l=99.71%
[03:28:15][rank0] Epoch  74/100  loss=1.1660  acc_e=87.12%  acc_l=99.75%  elapsed=4:28:00
[03:28:23][rank0] --- Validation @ step 11700 ---
[03:29:10][rank0]   val loss=1.1646  loss_e=1.1522  acc_e=87.23%  acc_l=99.72%
[03:29:10][rank0]   New best val loss=1.1646 -> /scratch/yuvraj17/adaptive_tracing_scratch/adaptive_tracer/logs/sockshop_lstm_100_ep358560/model_best.pt
[03:30:42][rank0] --- Validation @ step 11800 ---
[03:31:28][rank0]   val loss=1.1654  loss_e=1.1513  acc_e=87.24%  acc_l=99.71%
[03:32:13][rank0] Epoch  75/100  loss=1.1644  acc_e=87.18%  acc_l=99.76%  elapsed=4:31:58
[03:33:01][rank0] --- Validation @ step 11900 ---
[03:33:48][rank0]   val loss=1.1643  loss_e=1.1508  acc_e=87.29%  acc_l=99.70%
[03:33:48][rank0]   New best val loss=1.1643 -> /scratch/yuvraj17/adaptive_tracing_scratch/adaptive_tracer/logs/sockshop_lstm_100_ep358560/model_best.pt
[03:35:17][rank0] step= 12000  epoch=76  loss=1.1600  acc_e=87.22%  lr=1.95e-04  elapsed=4:35:01
[03:35:17][rank0] --- Validation @ step 12000 ---
[03:36:04][rank0]   val loss=1.1656  loss_e=1.1523  acc_e=87.09%  acc_l=99.70%
[03:36:12][rank0] Epoch  76/100  loss=1.1635  acc_e=87.20%  acc_l=99.77%  elapsed=4:35:56
[03:37:36][rank0] --- Validation @ step 12100 ---
[03:38:23][rank0]   val loss=1.1611  loss_e=1.1497  acc_e=87.35%  acc_l=99.75%
[03:38:23][rank0]   New best val loss=1.1611 -> /scratch/yuvraj17/adaptive_tracing_scratch/adaptive_tracer/logs/sockshop_lstm_100_ep358560/model_best.pt
[03:39:23][rank0] Epoch  77/100  loss=1.1618  acc_e=87.25%  acc_l=99.78%  elapsed=4:39:07
[03:39:55][rank0] --- Validation @ step 12200 ---
[03:40:42][rank0]   val loss=1.1606  loss_e=1.1482  acc_e=87.36%  acc_l=99.73%
[03:40:43][rank0]   New best val loss=1.1606 -> /scratch/yuvraj17/adaptive_tracing_scratch/adaptive_tracer/logs/sockshop_lstm_100_ep358560/model_best.pt
[03:42:12][rank0] --- Validation @ step 12300 ---
[03:42:59][rank0]   val loss=1.1630  loss_e=1.1493  acc_e=87.39%  acc_l=99.71%
[03:43:21][rank0] Epoch  78/100  loss=1.1609  acc_e=87.31%  acc_l=99.78%  elapsed=4:43:05
[03:44:31][rank0] --- Validation @ step 12400 ---
[03:45:18][rank0]   val loss=1.1590  loss_e=1.1483  acc_e=87.41%  acc_l=99.77%
[03:45:18][rank0]   New best val loss=1.1590 -> /scratch/yuvraj17/adaptive_tracing_scratch/adaptive_tracer/logs/sockshop_lstm_100_ep358560/model_best.pt
[03:46:32][rank0] Epoch  79/100  loss=1.1598  acc_e=87.36%  acc_l=99.79%  elapsed=4:46:17
[03:46:50][rank0] step= 12500  epoch=80  loss=1.1581  acc_e=87.15%  lr=1.57e-04  elapsed=4:46:34
[03:46:50][rank0] --- Validation @ step 12500 ---
[03:47:37][rank0]   val loss=1.1578  loss_e=1.1470  acc_e=87.44%  acc_l=99.77%
[03:47:37][rank0]   New best val loss=1.1578 -> /scratch/yuvraj17/adaptive_tracing_scratch/adaptive_tracer/logs/sockshop_lstm_100_ep358560/model_best.pt
[03:49:08][rank0] --- Validation @ step 12600 ---
[03:49:55][rank0]   val loss=1.1574  loss_e=1.1463  acc_e=87.48%  acc_l=99.76%
[03:49:55][rank0]   New best val loss=1.1574 -> /scratch/yuvraj17/adaptive_tracing_scratch/adaptive_tracer/logs/sockshop_lstm_100_ep358560/model_best.pt
[03:50:31][rank0] Epoch  80/100  loss=1.1590  acc_e=87.37%  acc_l=99.80%  elapsed=4:50:15
[03:51:26][rank0] --- Validation @ step 12700 ---
[03:52:12][rank0]   val loss=1.1588  loss_e=1.1472  acc_e=87.49%  acc_l=99.75%
[03:53:42][rank0] Epoch  81/100  loss=1.1578  acc_e=87.42%  acc_l=99.80%  elapsed=4:53:26
[03:53:44][rank0] --- Validation @ step 12800 ---
[03:54:31][rank0]   val loss=1.1578  loss_e=1.1468  acc_e=87.45%  acc_l=99.75%
[03:56:02][rank0] --- Validation @ step 12900 ---
[03:56:49][rank0]   val loss=1.1556  loss_e=1.1449  acc_e=87.62%  acc_l=99.76%
[03:56:49][rank0]   New best val loss=1.1556 -> /scratch/yuvraj17/adaptive_tracing_scratch/adaptive_tracer/logs/sockshop_lstm_100_ep358560/model_best.pt
[03:57:40][rank0] Epoch  82/100  loss=1.1566  acc_e=87.46%  acc_l=99.81%  elapsed=4:57:24
[03:58:22][rank0] step= 13000  epoch=83  loss=1.1528  acc_e=87.32%  lr=1.24e-04  elapsed=4:58:06
[03:58:22][rank0] --- Validation @ step 13000 ---
[03:59:08][rank0]   val loss=1.1564  loss_e=1.1453  acc_e=87.58%  acc_l=99.75%
[04:00:38][rank0] --- Validation @ step 13100 ---
[04:01:24][rank0]   val loss=1.1567  loss_e=1.1446  acc_e=87.64%  acc_l=99.75%
[04:01:37][rank0] Epoch  83/100  loss=1.1556  acc_e=87.50%  acc_l=99.81%  elapsed=5:01:22
[04:02:57][rank0] --- Validation @ step 13200 ---
[04:03:43][rank0]   val loss=1.1532  loss_e=1.1433  acc_e=87.65%  acc_l=99.78%
[04:03:44][rank0]   New best val loss=1.1532 -> /scratch/yuvraj17/adaptive_tracing_scratch/adaptive_tracer/logs/sockshop_lstm_100_ep358560/model_best.pt
[04:04:49][rank0] Epoch  84/100  loss=1.1548  acc_e=87.53%  acc_l=99.82%  elapsed=5:04:33
[04:05:16][rank0] --- Validation @ step 13300 ---
[04:06:02][rank0]   val loss=1.1522  loss_e=1.1426  acc_e=87.64%  acc_l=99.79%
[04:06:02][rank0]   New best val loss=1.1522 -> /scratch/yuvraj17/adaptive_tracing_scratch/adaptive_tracer/logs/sockshop_lstm_100_ep358560/model_best.pt
[04:07:33][rank0] --- Validation @ step 13400 ---
[04:08:19][rank0]   val loss=1.1515  loss_e=1.1423  acc_e=87.74%  acc_l=99.80%
[04:08:20][rank0]   New best val loss=1.1515 -> /scratch/yuvraj17/adaptive_tracing_scratch/adaptive_tracer/logs/sockshop_lstm_100_ep358560/model_best.pt
[04:08:47][rank0] Epoch  85/100  loss=1.1539  acc_e=87.55%  acc_l=99.82%  elapsed=5:08:31
[04:09:51][rank0] step= 13500  epoch=86  loss=1.1492  acc_e=87.63%  lr=9.74e-05  elapsed=5:09:35
[04:09:51][rank0] --- Validation @ step 13500 ---
[04:10:38][rank0]   val loss=1.1520  loss_e=1.1423  acc_e=87.72%  acc_l=99.80%
[04:11:58][rank0] Epoch  86/100  loss=1.1530  acc_e=87.59%  acc_l=99.84%  elapsed=5:11:42
[04:12:09][rank0] --- Validation @ step 13600 ---
[04:12:56][rank0]   val loss=1.1522  loss_e=1.1421  acc_e=87.73%  acc_l=99.79%
[04:14:27][rank0] --- Validation @ step 13700 ---
[04:15:14][rank0]   val loss=1.1506  loss_e=1.1408  acc_e=87.81%  acc_l=99.79%
[04:15:14][rank0]   New best val loss=1.1506 -> /scratch/yuvraj17/adaptive_tracing_scratch/adaptive_tracer/logs/sockshop_lstm_100_ep358560/model_best.pt
[04:15:56][rank0] Epoch  87/100  loss=1.1522  acc_e=87.62%  acc_l=99.84%  elapsed=5:15:40
[04:16:46][rank0] --- Validation @ step 13800 ---
[04:17:33][rank0]   val loss=1.1507  loss_e=1.1416  acc_e=87.75%  acc_l=99.81%
[04:19:04][rank0] --- Validation @ step 13900 ---
[04:19:51][rank0]   val loss=1.1505  loss_e=1.1408  acc_e=87.80%  acc_l=99.80%
[04:19:51][rank0]   New best val loss=1.1505 -> /scratch/yuvraj17/adaptive_tracing_scratch/adaptive_tracer/logs/sockshop_lstm_100_ep358560/model_best.pt
[04:19:55][rank0] Epoch  88/100  loss=1.1514  acc_e=87.64%  acc_l=99.84%  elapsed=5:19:40
[04:21:24][rank0] step= 14000  epoch=89  loss=1.1480  acc_e=87.63%  lr=7.62e-05  elapsed=5:21:08
[04:21:24][rank0] --- Validation @ step 14000 ---
[04:22:12][rank0]   val loss=1.1476  loss_e=1.1392  acc_e=87.90%  acc_l=99.82%
[04:22:12][rank0]   New best val loss=1.1476 -> /scratch/yuvraj17/adaptive_tracing_scratch/adaptive_tracer/logs/sockshop_lstm_100_ep358560/model_best.pt
[04:23:09][rank0] Epoch  89/100  loss=1.1510  acc_e=87.67%  acc_l=99.84%  elapsed=5:22:53
[04:23:46][rank0] --- Validation @ step 14100 ---
[04:24:33][rank0]   val loss=1.1468  loss_e=1.1389  acc_e=87.89%  acc_l=99.83%
[04:24:34][rank0]   New best val loss=1.1468 -> /scratch/yuvraj17/adaptive_tracing_scratch/adaptive_tracer/logs/sockshop_lstm_100_ep358560/model_best.pt
[04:26:04][rank0] --- Validation @ step 14200 ---
[04:26:51][rank0]   val loss=1.1470  loss_e=1.1389  acc_e=87.90%  acc_l=99.82%
[04:27:10][rank0] Epoch  90/100  loss=1.1504  acc_e=87.70%  acc_l=99.84%  elapsed=5:26:54
[04:28:24][rank0] --- Validation @ step 14300 ---
[04:29:11][rank0]   val loss=1.1462  loss_e=1.1382  acc_e=87.94%  acc_l=99.84%
[04:29:11][rank0]   New best val loss=1.1462 -> /scratch/yuvraj17/adaptive_tracing_scratch/adaptive_tracer/logs/sockshop_lstm_100_ep358560/model_best.pt
[04:30:23][rank0] Epoch  91/100  loss=1.1497  acc_e=87.71%  acc_l=99.84%  elapsed=5:30:07
[04:30:44][rank0] --- Validation @ step 14400 ---
[04:31:31][rank0]   val loss=1.1464  loss_e=1.1378  acc_e=87.95%  acc_l=99.82%
[04:33:02][rank0] step= 14500  epoch=92  loss=1.1460  acc_e=87.67%  lr=6.11e-05  elapsed=5:32:47
[04:33:02][rank0] --- Validation @ step 14500 ---
[04:33:49][rank0]   val loss=1.1452  loss_e=1.1373  acc_e=87.97%  acc_l=99.83%
[04:33:50][rank0]   New best val loss=1.1452 -> /scratch/yuvraj17/adaptive_tracing_scratch/adaptive_tracer/logs/sockshop_lstm_100_ep358560/model_best.pt
[04:34:22][rank0] Epoch  92/100  loss=1.1492  acc_e=87.74%  acc_l=99.85%  elapsed=5:34:06
[04:35:20][rank0] --- Validation @ step 14600 ---
[04:36:07][rank0]   val loss=1.1451  loss_e=1.1375  acc_e=87.97%  acc_l=99.85%
[04:36:08][rank0]   New best val loss=1.1451 -> /scratch/yuvraj17/adaptive_tracing_scratch/adaptive_tracer/logs/sockshop_lstm_100_ep358560/model_best.pt
[04:37:33][rank0] Epoch  93/100  loss=1.1486  acc_e=87.75%  acc_l=99.86%  elapsed=5:37:18
[04:37:40][rank0] --- Validation @ step 14700 ---
[04:38:27][rank0]   val loss=1.1460  loss_e=1.1378  acc_e=87.95%  acc_l=99.83%
[04:39:58][rank0] --- Validation @ step 14800 ---
[04:40:45][rank0]   val loss=1.1439  loss_e=1.1361  acc_e=88.05%  acc_l=99.84%
[04:40:45][rank0]   New best val loss=1.1439 -> /scratch/yuvraj17/adaptive_tracing_scratch/adaptive_tracer/logs/sockshop_lstm_100_ep358560/model_best.pt
[04:41:32][rank0] Epoch  94/100  loss=1.1484  acc_e=87.77%  acc_l=99.85%  elapsed=5:41:16
[04:42:18][rank0] --- Validation @ step 14900 ---
[04:43:04][rank0]   val loss=1.1440  loss_e=1.1368  acc_e=87.98%  acc_l=99.85%
[04:44:34][rank0] step= 15000  epoch=95  loss=1.1440  acc_e=87.82%  lr=5.23e-05  elapsed=5:44:18
[04:44:34][rank0] --- Validation @ step 15000 ---
[04:45:20][rank0]   val loss=1.1435  loss_e=1.1363  acc_e=88.03%  acc_l=99.85%
[04:45:21][rank0]   New best val loss=1.1435 -> /scratch/yuvraj17/adaptive_tracing_scratch/adaptive_tracer/logs/sockshop_lstm_100_ep358560/model_best.pt
[04:45:21][rank0]   Checkpoint -> /scratch/yuvraj17/adaptive_tracing_scratch/adaptive_tracer/logs/sockshop_lstm_100_ep358560/ckpt_0015000.pt
[04:45:30][rank0] Epoch  95/100  loss=1.1476  acc_e=87.79%  acc_l=99.86%  elapsed=5:45:15
[04:46:53][rank0] --- Validation @ step 15100 ---
[04:47:40][rank0]   val loss=1.1423  loss_e=1.1353  acc_e=88.09%  acc_l=99.85%
[04:47:40][rank0]   New best val loss=1.1423 -> /scratch/yuvraj17/adaptive_tracing_scratch/adaptive_tracer/logs/sockshop_lstm_100_ep358560/model_best.pt
[04:48:42][rank0] Epoch  96/100  loss=1.1471  acc_e=87.81%  acc_l=99.86%  elapsed=5:48:26
[04:49:12][rank0] --- Validation @ step 15200 ---
[04:49:59][rank0]   val loss=1.1426  loss_e=1.1351  acc_e=88.07%  acc_l=99.84%
[04:51:28][rank0] --- Validation @ step 15300 ---
[04:52:15][rank0]   val loss=1.1416  loss_e=1.1348  acc_e=88.09%  acc_l=99.86%
[04:52:15][rank0]   New best val loss=1.1416 -> /scratch/yuvraj17/adaptive_tracing_scratch/adaptive_tracer/logs/sockshop_lstm_100_ep358560/model_best.pt
[04:52:40][rank0] Epoch  97/100  loss=1.1469  acc_e=87.82%  acc_l=99.86%  elapsed=5:52:24
[04:53:48][rank0] --- Validation @ step 15400 ---
[04:54:34][rank0]   val loss=1.1415  loss_e=1.1345  acc_e=88.10%  acc_l=99.86%
[04:54:35][rank0]   New best val loss=1.1415 -> /scratch/yuvraj17/adaptive_tracing_scratch/adaptive_tracer/logs/sockshop_lstm_100_ep358560/model_best.pt
[04:55:51][rank0] Epoch  98/100  loss=1.1463  acc_e=87.84%  acc_l=99.86%  elapsed=5:55:35
[04:56:06][rank0] step= 15500  epoch=99  loss=1.1459  acc_e=87.52%  lr=5.01e-05  elapsed=5:55:51
[04:56:06][rank0] --- Validation @ step 15500 ---
[04:56:53][rank0]   val loss=1.1423  loss_e=1.1352  acc_e=88.03%  acc_l=99.85%
[04:58:25][rank0] --- Validation @ step 15600 ---
[04:59:11][rank0]   val loss=1.1408  loss_e=1.1342  acc_e=88.12%  acc_l=99.86%
[04:59:12][rank0]   New best val loss=1.1408 -> /scratch/yuvraj17/adaptive_tracing_scratch/adaptive_tracer/logs/sockshop_lstm_100_ep358560/model_best.pt
[04:59:49][rank0] Epoch  99/100  loss=1.1458  acc_e=87.86%  acc_l=99.87%  elapsed=5:59:34
[05:00:43][rank0] --- Validation @ step 15700 ---
[05:01:30][rank0]   val loss=1.1416  loss_e=1.1347  acc_e=88.08%  acc_l=99.86%
[05:03:01][rank0] --- Validation @ step 15800 ---
[05:03:47][rank0]   val loss=1.1413  loss_e=1.1346  acc_e=88.07%  acc_l=99.86%
[05:03:48][rank0] Epoch 100/100  loss=1.1457  acc_e=87.88%  acc_l=99.86%  elapsed=6:03:32
[05:03:48][rank0] ======================================================================
[05:03:48][rank0] Training complete — OOD evaluation
[05:03:48][rank0] ======================================================================
[05:03:48][rank0] Loaded best model from /scratch/yuvraj17/adaptive_tracing_scratch/adaptive_tracer/logs/sockshop_lstm_100_ep358560/model_best.pt
[05:03:48][rank0] [OOD] Scoring test_id (normal baseline) ...
[05:04:35][rank0] [OOD] Scoring test_ood_cpu ...
[05:05:34][rank0] [OOD] cpu     AUROC=0.8800  AUPR=0.8939  (normal=316,026  ood=387,625)
[05:05:34][rank0] [OOD] Scoring test_ood_disk ...
[05:06:38][rank0] [OOD] disk    AUROC=0.9199  AUPR=0.9383  (normal=316,026  ood=425,955)
[05:06:38][rank0] [OOD] Scoring test_ood_mem ...
[05:07:36][rank0] [OOD] mem     AUROC=0.8921  AUPR=0.9026  (normal=316,026  ood=385,131)
[05:07:36][rank0] [OOD] Scoring test_ood_net ...
[05:08:09][rank0] [OOD] net     AUROC=0.8163  AUPR=0.7743  (normal=316,026  ood=220,229)
[05:08:09][rank0] OOD results -> /scratch/yuvraj17/adaptive_tracing_scratch/adaptive_tracer/logs/sockshop_lstm_100_ep358560/ood_results.json
