timestamp_iso,n_events,score,inf_ms,queue_depth
2026-03-31T23:44:10.680036,23576,9.809713,4572.94,50
2026-03-31T23:44:19.063821,1242,8.544896,6214.97,50
2026-03-31T23:44:25.379375,121,11.289804,3825.08,50
2026-03-31T23:44:31.065643,111,10.182708,3125.30,50
2026-03-31T23:44:37.568028,12,8.354072,3768.52,50
2026-03-31T23:44:44.416801,516,10.498792,4556.17,50
2026-03-31T23:44:50.064215,9,10.422875,3097.42,50
2026-03-31T23:44:55.699589,166,10.375126,4012.55,50
2026-03-31T23:44:57.615088,9,9.684552,1329.11,50
2026-03-31T23:45:02.502568,12,9.117757,2024.29,50
2026-03-31T23:45:07.559599,23,11.074517,2894.76,50
2026-03-31T23:45:13.436481,1604,7.801579,4012.79,50
2026-03-31T23:45:19.343854,545,10.673690,3362.54,50
2026-03-31T23:45:24.369477,12,8.584255,2859.70,50
2026-03-31T23:45:28.977361,517,7.927799,3824.34,50
2026-03-31T23:45:35.357104,496,11.087024,4777.63,50
2026-03-31T23:45:44.765121,50,13.664337,5850.29,50
2026-03-31T23:45:56.713601,464,11.454627,5852.83,49
2026-03-31T23:46:13.063830,136,8.977470,6862.73,50
2026-03-31T23:46:24.345603,445,8.075893,6619.92,50
2026-03-31T23:46:31.000257,8,10.538007,4394.85,50
2026-03-31T23:46:40.821248,171,9.779214,3735.96,49
2026-03-31T23:46:52.945714,10,7.702345,9385.01,50
2026-03-31T23:47:04.936114,120,12.647097,7171.00,50
2026-03-31T23:47:18.663301,922,10.411612,7888.26,50
2026-03-31T23:47:35.044283,190,11.085125,9337.93,50
2026-03-31T23:47:41.064199,12,8.185479,3034.54,50
2026-03-31T23:47:52.855319,3284,10.834764,7896.52,50
2026-03-31T23:48:06.961560,951,8.710443,9310.50,50
2026-03-31T23:48:24.008333,745,6.229391,9376.83,50
2026-03-31T23:48:42.546700,2938,9.285874,10543.13,49
2026-03-31T23:48:54.001378,157,11.790313,6871.34,49
2026-03-31T23:49:07.728988,2749,9.382779,5436.47,50
2026-03-31T23:49:21.115249,57,10.802593,7965.80,49
2026-03-31T23:49:37.831686,18,10.231565,11084.11,50
2026-03-31T23:49:49.722496,70,9.987282,6860.91,49
2026-03-31T23:49:56.201805,333,10.988674,5320.69,50
2026-03-31T23:50:05.113806,668,13.071990,5459.05,50
2026-03-31T23:50:19.829068,35,11.986048,6734.01,50
2026-03-31T23:50:31.922805,10,8.071160,7439.53,50
2026-03-31T23:50:45.440936,63,10.796451,9386.48,50
2026-03-31T23:50:58.073791,145,9.426254,6835.18,50
2026-03-31T23:51:06.063714,472,8.791667,4796.51,50
2026-03-31T23:51:17.037496,11,8.330884,6386.02,50
2026-03-31T23:51:30.652047,399,8.975686,8245.92,50
2026-03-31T23:51:43.356376,10,8.135742,6652.52,50
2026-03-31T23:51:49.698235,49,9.905545,3578.91,50
2026-03-31T23:51:58.855167,38,9.599107,5557.87,50
2026-03-31T23:52:12.066397,8,9.790750,7999.85,50
2026-03-31T23:52:25.594370,27,9.152624,7367.75,50
2026-03-31T23:52:39.826506,10,9.574496,7563.58,50
2026-03-31T23:52:55.065656,61,10.677392,9166.24,50
2026-03-31T23:53:13.621546,1558,7.951323,8992.78,50
2026-03-31T23:53:27.928096,35,11.937978,8874.10,50
2026-03-31T23:53:38.063762,20,10.642647,7923.30,50
2026-03-31T23:53:50.122206,11,8.645880,8411.55,50
2026-03-31T23:54:03.481414,698,10.964106,8828.11,50
2026-03-31T23:54:16.927136,136,8.036741,6980.92,49
2026-03-31T23:54:23.069861,8,8.932483,2447.34,49
2026-03-31T23:54:28.908416,11,8.500685,1975.28,49
2026-03-31T23:54:39.090707,25,9.258779,6459.16,49
2026-03-31T23:54:54.080561,897,11.676403,11057.76,49
2026-03-31T23:55:06.533042,719,9.252698,9499.51,50
2026-03-31T23:55:18.299844,21,10.255460,7551.43,49
2026-03-31T23:55:32.157139,17,11.208328,8671.93,50
2026-03-31T23:55:45.246134,84,10.486625,9022.00,50
2026-03-31T23:55:52.064137,603,8.776029,4820.93,50
2026-03-31T23:56:02.681287,179,11.798532,5941.00,50
2026-03-31T23:56:08.064430,10,8.060329,4479.33,50
2026-03-31T23:56:26.755921,2133,12.933570,12361.85,49
2026-03-31T23:56:39.823384,719,8.234465,6991.26,50
2026-03-31T23:56:50.063672,104,11.625120,5816.73,50
2026-03-31T23:57:04.064671,98,10.192535,8608.09,50
2026-03-31T23:57:12.655043,11,8.061007,5508.61,50
2026-03-31T23:57:26.864432,568,11.795664,9275.88,50
2026-03-31T23:57:37.049454,107,10.986250,6487.67,50
2026-03-31T23:57:49.061394,383,12.989033,6427.29,50
2026-03-31T23:57:58.365337,198,1.366688,3932.90,49
2026-03-31T23:58:07.283041,15,8.490607,4893.60,50
2026-03-31T23:58:17.282638,1600,8.886093,5298.83,50
2026-03-31T23:58:30.088291,89,12.467269,4840.89,50
2026-03-31T23:58:40.063898,160,10.048217,5844.42,50
2026-03-31T23:58:55.987810,635,10.643333,8906.32,50
2026-03-31T23:59:08.151859,528,8.455980,7646.65,50
2026-03-31T23:59:16.441023,12,8.755165,7107.10,50
2026-03-31T23:59:16.496668,22,10.427361,54.95,49
2026-03-31T23:59:16.569296,35,11.231087,71.84,48
2026-03-31T23:59:16.610501,12,7.934900,40.53,47
2026-03-31T23:59:16.663705,20,11.142379,52.55,46
2026-03-31T23:59:16.700455,10,7.807880,36.13,45
2026-03-31T23:59:16.741237,12,9.157759,40.11,44
2026-03-31T23:59:16.803772,28,11.843719,61.91,43
2026-03-31T23:59:16.846474,12,8.736938,42.01,42
2026-03-31T23:59:16.887553,12,8.490068,40.46,41
2026-03-31T23:59:16.969616,41,6.986862,81.31,40
2026-03-31T23:59:17.021685,21,10.615355,51.38,39
2026-03-31T23:59:17.058750,10,8.767715,36.43,38
2026-03-31T23:59:17.135626,35,4.156016,76.15,37
2026-03-31T23:59:17.175528,12,8.105688,39.26,36
2026-03-31T23:59:17.966303,1035,11.276974,787.93,35
2026-03-31T23:59:18.014243,12,6.960552,39.54,34
2026-03-31T23:59:18.256485,146,7.438363,241.19,33
2026-03-31T23:59:18.299458,11,8.736317,42.29,32
2026-03-31T23:59:18.487494,114,9.656647,187.10,31
2026-03-31T23:59:18.687008,120,10.723906,198.42,30
2026-03-31T23:59:18.884979,115,8.451767,196.85,29
2026-03-31T23:59:18.923502,10,8.327705,37.82,28
2026-03-31T23:59:18.957076,8,9.950425,32.99,27
2026-03-31T23:59:19.018896,27,13.125262,61.17,26
2026-03-31T23:59:19.070293,20,11.194510,50.71,25
2026-03-31T23:59:19.108223,10,9.471005,37.32,24
2026-03-31T23:59:19.162616,22,9.311297,53.76,23
2026-03-31T23:59:19.214327,20,11.088629,51.05,22
2026-03-31T23:59:19.251112,10,8.255642,36.18,21
2026-03-31T23:59:20.053121,736,2.352198,799.13,20
2026-03-31T23:59:20.090048,8,11.966287,35.87,19
2026-03-31T23:59:20.157665,31,7.697885,66.90,18
2026-03-31T23:59:20.393510,145,8.017813,234.72,17
2026-03-31T23:59:20.846095,257,7.301426,451.05,16
2026-03-31T23:59:21.202709,218,10.987506,355.38,15
2026-03-31T23:59:21.240280,10,8.268889,36.78,14
2026-03-31T23:59:21.538978,186,6.742122,297.42,13
2026-03-31T23:59:21.581429,12,7.886394,41.70,12
2026-03-31T23:59:21.637723,22,10.223105,55.62,11
2026-03-31T23:59:22.433865,620,7.356127,793.41,10
2026-03-31T23:59:22.475353,12,10.853636,40.25,9
2026-03-31T23:59:22.626597,86,2.781505,150.36,8
2026-03-31T23:59:22.668164,13,8.781497,40.85,7
2026-03-31T23:59:22.708039,13,9.288383,39.27,6
2026-03-31T23:59:22.762868,20,9.813976,54.18,5
2026-03-31T23:59:22.803810,12,8.046349,40.30,4
2026-03-31T23:59:22.866744,27,11.232809,62.22,3
2026-03-31T23:59:23.023540,92,7.935178,155.81,2
2026-03-31T23:59:23.108419,43,9.841567,84.02,1
2026-03-31T23:59:23.212814,58,9.400390,103.45,0
