[03:54:46][rank0] Vocab: 175 syscalls / 113 processes
[03:54:46][rank0] Train shards for this rank: 119  (total=119)  Valid shards: 40
[03:54:47][rank0] Model: TRANSFORMER  params=2,800,783
[03:54:47][rank0]   n_hidden=1024  n_layer=6  n_head=8
[03:54:47][rank0]   AMP(bf16)=True  compile=False  chk=False  DDP=False
[03:54:47][rank0]   batch=64  accum_steps=1  world_size=1  eff_batch=64
[03:54:47][rank0] ======================================================================
[03:54:47][rank0] Starting training  device=cuda:0  total_steps~=278100  world_size=1
[03:54:47][rank0] ======================================================================
[03:55:15][rank0] step=   500  epoch=1  loss=2.4453  acc_e=52.73%  lr=3.00e-04  elapsed=0:00:28
[03:55:43][rank0] step=  1000  epoch=1  loss=1.8465  acc_e=68.89%  lr=3.00e-04  elapsed=0:00:56
[03:56:11][rank0] step=  1500  epoch=1  loss=1.6094  acc_e=75.29%  lr=3.00e-04  elapsed=0:01:24
[03:56:38][rank0] step=  2000  epoch=1  loss=1.4895  acc_e=78.55%  lr=3.00e-04  elapsed=0:01:51
[03:56:38][rank0] --- Validation @ step 2000 ---
[03:57:47][rank0]   val loss=1.1292  loss_e=1.1292  acc_e=88.61%  acc_l=0.00%
[03:57:47][rank0]   New best val loss=1.1292 -> /scratch/yuvraj17/adaptive_tracing_scratch/adaptive_tracer/logs/transformer_event_cats5_seq512_382071/model_best.pt
[03:58:14][rank0] step=  2500  epoch=1  loss=1.4159  acc_e=80.62%  lr=3.00e-04  elapsed=0:03:27
[03:58:42][rank0] step=  3000  epoch=1  loss=1.3605  acc_e=82.19%  lr=3.00e-04  elapsed=0:03:55
[03:59:10][rank0] step=  3500  epoch=1  loss=1.3170  acc_e=83.43%  lr=3.00e-04  elapsed=0:04:23
[03:59:37][rank0] step=  4000  epoch=1  loss=1.2854  acc_e=84.38%  lr=3.00e-04  elapsed=0:04:50
[03:59:37][rank0] --- Validation @ step 4000 ---
[04:00:47][rank0]   val loss=1.0439  loss_e=1.0439  acc_e=91.60%  acc_l=0.00%
[04:00:47][rank0]   New best val loss=1.0439 -> /scratch/yuvraj17/adaptive_tracing_scratch/adaptive_tracer/logs/transformer_event_cats5_seq512_382071/model_best.pt
[04:01:14][rank0] step=  4500  epoch=1  loss=1.2598  acc_e=85.16%  lr=3.00e-04  elapsed=0:06:27
[04:01:42][rank0] step=  5000  epoch=1  loss=1.2385  acc_e=85.79%  lr=3.00e-04  elapsed=0:06:55
[04:02:08][rank0] step=  5500  epoch=1  loss=1.2199  acc_e=86.35%  lr=3.00e-04  elapsed=0:07:21
[04:02:35][rank0] step=  6000  epoch=1  loss=1.2036  acc_e=86.84%  lr=3.00e-04  elapsed=0:07:48
[04:02:35][rank0] --- Validation @ step 6000 ---
[04:03:41][rank0]   val loss=1.0248  loss_e=1.0248  acc_e=92.55%  acc_l=0.00%
[04:03:41][rank0]   New best val loss=1.0248 -> /scratch/yuvraj17/adaptive_tracing_scratch/adaptive_tracer/logs/transformer_event_cats5_seq512_382071/model_best.pt
[04:04:08][rank0] step=  6500  epoch=1  loss=1.1895  acc_e=87.26%  lr=3.00e-04  elapsed=0:09:21
[04:04:36][rank0] step=  7000  epoch=1  loss=1.1775  acc_e=87.64%  lr=3.00e-04  elapsed=0:09:49
[04:05:03][rank0] step=  7500  epoch=1  loss=1.1672  acc_e=87.96%  lr=3.00e-04  elapsed=0:10:16
[04:05:30][rank0] step=  8000  epoch=1  loss=1.1579  acc_e=88.24%  lr=2.99e-04  elapsed=0:10:43
[04:05:30][rank0] --- Validation @ step 8000 ---
[04:06:36][rank0]   val loss=1.0128  loss_e=1.0128  acc_e=92.92%  acc_l=0.00%
[04:06:36][rank0]   New best val loss=1.0128 -> /scratch/yuvraj17/adaptive_tracing_scratch/adaptive_tracer/logs/transformer_event_cats5_seq512_382071/model_best.pt
[04:07:04][rank0] step=  8500  epoch=1  loss=1.1500  acc_e=88.48%  lr=2.99e-04  elapsed=0:12:17
[04:07:31][rank0] step=  9000  epoch=1  loss=1.1425  acc_e=88.71%  lr=2.99e-04  elapsed=0:12:44
[04:07:52][rank0] Epoch   1/30  loss=1.1374  acc_e=88.87%  acc_l=0.00%  elapsed=0:13:05
[04:07:59][rank0] step=  9500  epoch=2  loss=1.0105  acc_e=93.00%  lr=2.99e-04  elapsed=0:13:12
[04:08:26][rank0] step= 10000  epoch=2  loss=1.0068  acc_e=93.02%  lr=2.99e-04  elapsed=0:13:39
[04:08:26][rank0] --- Validation @ step 10000 ---
[04:09:32][rank0]   val loss=1.0075  loss_e=1.0075  acc_e=93.10%  acc_l=0.00%
[04:09:32][rank0]   New best val loss=1.0075 -> /scratch/yuvraj17/adaptive_tracing_scratch/adaptive_tracer/logs/transformer_event_cats5_seq512_382071/model_best.pt
[04:09:32][rank0]   Checkpoint -> /scratch/yuvraj17/adaptive_tracing_scratch/adaptive_tracer/logs/transformer_event_cats5_seq512_382071/ckpt_0010000.pt
[04:10:00][rank0] step= 10500  epoch=2  loss=1.0057  acc_e=92.95%  lr=2.99e-04  elapsed=0:15:13
[04:10:28][rank0] step= 11000  epoch=2  loss=1.0067  acc_e=92.89%  lr=2.99e-04  elapsed=0:15:40
[04:10:55][rank0] step= 11500  epoch=2  loss=1.0073  acc_e=92.89%  lr=2.99e-04  elapsed=0:16:08
[04:11:22][rank0] step= 12000  epoch=2  loss=1.0062  acc_e=92.95%  lr=2.99e-04  elapsed=0:16:35
[04:11:22][rank0] --- Validation @ step 12000 ---
[04:12:30][rank0]   val loss=1.0014  loss_e=1.0014  acc_e=93.27%  acc_l=0.00%
[04:12:30][rank0]   New best val loss=1.0014 -> /scratch/yuvraj17/adaptive_tracing_scratch/adaptive_tracer/logs/transformer_event_cats5_seq512_382071/model_best.pt
[04:12:58][rank0] step= 12500  epoch=2  loss=1.0057  acc_e=92.95%  lr=2.99e-04  elapsed=0:18:11
[04:13:26][rank0] step= 13000  epoch=2  loss=1.0049  acc_e=92.97%  lr=2.99e-04  elapsed=0:18:39
[04:13:52][rank0] step= 13500  epoch=2  loss=1.0050  acc_e=92.99%  lr=2.98e-04  elapsed=0:19:05
[04:14:19][rank0] step= 14000  epoch=2  loss=1.0048  acc_e=93.00%  lr=2.98e-04  elapsed=0:19:32
[04:14:19][rank0] --- Validation @ step 14000 ---
[04:15:26][rank0]   val loss=0.9993  loss_e=0.9993  acc_e=93.30%  acc_l=0.00%
[04:15:26][rank0]   New best val loss=0.9993 -> /scratch/yuvraj17/adaptive_tracing_scratch/adaptive_tracer/logs/transformer_event_cats5_seq512_382071/model_best.pt
[04:15:53][rank0] step= 14500  epoch=2  loss=1.0049  acc_e=92.99%  lr=2.98e-04  elapsed=0:21:06
[04:16:20][rank0] step= 15000  epoch=2  loss=1.0040  acc_e=93.03%  lr=2.98e-04  elapsed=0:21:33
[04:16:47][rank0] step= 15500  epoch=2  loss=1.0034  acc_e=93.04%  lr=2.98e-04  elapsed=0:22:00
[04:17:15][rank0] step= 16000  epoch=2  loss=1.0027  acc_e=93.06%  lr=2.98e-04  elapsed=0:22:28
[04:17:15][rank0] --- Validation @ step 16000 ---
[04:18:21][rank0]   val loss=1.0069  loss_e=1.0069  acc_e=93.39%  acc_l=0.00%
[04:18:21][rank0]   No improvement count: 1/10
[04:18:49][rank0] step= 16500  epoch=2  loss=1.0026  acc_e=93.07%  lr=2.98e-04  elapsed=0:24:02
[04:19:16][rank0] step= 17000  epoch=2  loss=1.0023  acc_e=93.09%  lr=2.98e-04  elapsed=0:24:29
[04:19:44][rank0] step= 17500  epoch=2  loss=1.0021  acc_e=93.09%  lr=2.97e-04  elapsed=0:24:57
[04:20:12][rank0] step= 18000  epoch=2  loss=1.0020  acc_e=93.10%  lr=2.97e-04  elapsed=0:25:25
[04:20:12][rank0] --- Validation @ step 18000 ---
[04:21:19][rank0]   val loss=0.9960  loss_e=0.9960  acc_e=93.16%  acc_l=0.00%
[04:21:19][rank0]   New best val loss=0.9960 -> /scratch/yuvraj17/adaptive_tracing_scratch/adaptive_tracer/logs/transformer_event_cats5_seq512_382071/model_best.pt
[04:21:47][rank0] step= 18500  epoch=2  loss=1.0017  acc_e=93.11%  lr=2.97e-04  elapsed=0:26:59
[04:22:00][rank0] Epoch   2/30  loss=1.0016  acc_e=93.11%  acc_l=0.00%  elapsed=0:27:13
[04:22:14][rank0] step= 19000  epoch=3  loss=0.9910  acc_e=93.60%  lr=2.97e-04  elapsed=0:27:27
[04:22:41][rank0] step= 19500  epoch=3  loss=0.9899  acc_e=93.55%  lr=2.97e-04  elapsed=0:27:54
[04:23:09][rank0] step= 20000  epoch=3  loss=0.9913  acc_e=93.45%  lr=2.97e-04  elapsed=0:28:22
[04:23:09][rank0] --- Validation @ step 20000 ---
[04:24:16][rank0]   val loss=0.9979  loss_e=0.9979  acc_e=93.43%  acc_l=0.00%
[04:24:16][rank0]   No improvement count: 1/10
[04:24:16][rank0]   Checkpoint -> /scratch/yuvraj17/adaptive_tracing_scratch/adaptive_tracer/logs/transformer_event_cats5_seq512_382071/ckpt_0020000.pt
[04:24:44][rank0] step= 20500  epoch=3  loss=0.9927  acc_e=93.37%  lr=2.96e-04  elapsed=0:29:57
[04:25:11][rank0] step= 21000  epoch=3  loss=0.9928  acc_e=93.41%  lr=2.96e-04  elapsed=0:30:24
[04:25:39][rank0] step= 21500  epoch=3  loss=0.9924  acc_e=93.43%  lr=2.96e-04  elapsed=0:30:52
[04:26:07][rank0] step= 22000  epoch=3  loss=0.9925  acc_e=93.41%  lr=2.96e-04  elapsed=0:31:20
[04:26:07][rank0] --- Validation @ step 22000 ---
[04:27:15][rank0]   val loss=0.9957  loss_e=0.9957  acc_e=93.58%  acc_l=0.00%
[04:27:15][rank0]   New best val loss=0.9957 -> /scratch/yuvraj17/adaptive_tracing_scratch/adaptive_tracer/logs/transformer_event_cats5_seq512_382071/model_best.pt
[04:27:44][rank0] step= 22500  epoch=3  loss=0.9923  acc_e=93.41%  lr=2.96e-04  elapsed=0:32:57
[04:28:10][rank0] step= 23000  epoch=3  loss=0.9925  acc_e=93.44%  lr=2.95e-04  elapsed=0:33:23
[04:28:38][rank0] step= 23500  epoch=3  loss=0.9927  acc_e=93.42%  lr=2.95e-04  elapsed=0:33:51
[04:29:06][rank0] step= 24000  epoch=3  loss=0.9926  acc_e=93.43%  lr=2.95e-04  elapsed=0:34:19
[04:29:06][rank0] --- Validation @ step 24000 ---
[04:30:13][rank0]   val loss=0.9922  loss_e=0.9922  acc_e=93.60%  acc_l=0.00%
[04:30:13][rank0]   New best val loss=0.9922 -> /scratch/yuvraj17/adaptive_tracing_scratch/adaptive_tracer/logs/transformer_event_cats5_seq512_382071/model_best.pt
[04:30:39][rank0] step= 24500  epoch=3  loss=0.9922  acc_e=93.44%  lr=2.95e-04  elapsed=0:35:52
[04:31:07][rank0] step= 25000  epoch=3  loss=0.9919  acc_e=93.45%  lr=2.95e-04  elapsed=0:36:20
[04:31:35][rank0] step= 25500  epoch=3  loss=0.9915  acc_e=93.46%  lr=2.94e-04  elapsed=0:36:48
[04:32:03][rank0] step= 26000  epoch=3  loss=0.9918  acc_e=93.47%  lr=2.94e-04  elapsed=0:37:16
[04:32:03][rank0] --- Validation @ step 26000 ---
[04:33:08][rank0]   val loss=0.9933  loss_e=0.9933  acc_e=93.51%  acc_l=0.00%
[04:33:08][rank0]   No improvement count: 1/10
[04:33:35][rank0] step= 26500  epoch=3  loss=0.9917  acc_e=93.47%  lr=2.94e-04  elapsed=0:38:48
[04:34:03][rank0] step= 27000  epoch=3  loss=0.9918  acc_e=93.46%  lr=2.94e-04  elapsed=0:39:16
[04:34:31][rank0] step= 27500  epoch=3  loss=0.9917  acc_e=93.46%  lr=2.93e-04  elapsed=0:39:44
[04:34:59][rank0] step= 28000  epoch=3  loss=0.9917  acc_e=93.46%  lr=2.93e-04  elapsed=0:40:12
[04:34:59][rank0] --- Validation @ step 28000 ---
[04:36:07][rank0]   val loss=0.9940  loss_e=0.9940  acc_e=93.61%  acc_l=0.00%
[04:36:07][rank0]   No improvement count: 2/10
[04:36:13][rank0] Epoch   3/30  loss=0.9917  acc_e=93.46%  acc_l=0.00%  elapsed=0:41:26
[04:36:34][rank0] step= 28500  epoch=4  loss=0.9843  acc_e=93.80%  lr=2.93e-04  elapsed=0:41:47
[04:37:02][rank0] step= 29000  epoch=4  loss=0.9846  acc_e=93.73%  lr=2.93e-04  elapsed=0:42:15
[04:37:30][rank0] step= 29500  epoch=4  loss=0.9859  acc_e=93.64%  lr=2.92e-04  elapsed=0:42:43
[04:37:59][rank0] step= 30000  epoch=4  loss=0.9872  acc_e=93.58%  lr=2.92e-04  elapsed=0:43:12
[04:37:59][rank0] --- Validation @ step 30000 ---
[04:39:05][rank0]   val loss=0.9962  loss_e=0.9962  acc_e=93.47%  acc_l=0.00%
[04:39:05][rank0]   No improvement count: 3/10
[04:39:05][rank0]   Checkpoint -> /scratch/yuvraj17/adaptive_tracing_scratch/adaptive_tracer/logs/transformer_event_cats5_seq512_382071/ckpt_0030000.pt
[04:39:32][rank0] step= 30500  epoch=4  loss=0.9869  acc_e=93.62%  lr=2.92e-04  elapsed=0:44:45
[04:39:59][rank0] step= 31000  epoch=4  loss=0.9869  acc_e=93.63%  lr=2.92e-04  elapsed=0:45:12
[04:40:27][rank0] step= 31500  epoch=4  loss=0.9870  acc_e=93.61%  lr=2.91e-04  elapsed=0:45:40
[04:40:55][rank0] step= 32000  epoch=4  loss=0.9873  acc_e=93.61%  lr=2.91e-04  elapsed=0:46:08
[04:40:55][rank0] --- Validation @ step 32000 ---
[04:42:02][rank0]   val loss=0.9911  loss_e=0.9911  acc_e=93.71%  acc_l=0.00%
[04:42:02][rank0]   New best val loss=0.9911 -> /scratch/yuvraj17/adaptive_tracing_scratch/adaptive_tracer/logs/transformer_event_cats5_seq512_382071/model_best.pt
[04:42:29][rank0] step= 32500  epoch=4  loss=0.9870  acc_e=93.64%  lr=2.91e-04  elapsed=0:47:41
[04:42:56][rank0] step= 33000  epoch=4  loss=0.9875  acc_e=93.61%  lr=2.90e-04  elapsed=0:48:09
[04:43:23][rank0] step= 33500  epoch=4  loss=0.9872  acc_e=93.62%  lr=2.90e-04  elapsed=0:48:36
[04:43:50][rank0] step= 34000  epoch=4  loss=0.9869  acc_e=93.63%  lr=2.90e-04  elapsed=0:49:03
[04:43:50][rank0] --- Validation @ step 34000 ---
[04:44:56][rank0]   val loss=0.9918  loss_e=0.9918  acc_e=93.35%  acc_l=0.00%
[04:44:56][rank0]   No improvement count: 1/10
[04:45:24][rank0] step= 34500  epoch=4  loss=0.9868  acc_e=93.63%  lr=2.90e-04  elapsed=0:50:37
[04:45:52][rank0] step= 35000  epoch=4  loss=0.9864  acc_e=93.64%  lr=2.89e-04  elapsed=0:51:05
[04:46:19][rank0] step= 35500  epoch=4  loss=0.9867  acc_e=93.65%  lr=2.89e-04  elapsed=0:51:32
[04:46:47][rank0] step= 36000  epoch=4  loss=0.9867  acc_e=93.65%  lr=2.89e-04  elapsed=0:52:00
[04:46:47][rank0] --- Validation @ step 36000 ---
[04:47:54][rank0]   val loss=0.9900  loss_e=0.9900  acc_e=93.61%  acc_l=0.00%
[04:47:54][rank0]   New best val loss=0.9900 -> /scratch/yuvraj17/adaptive_tracing_scratch/adaptive_tracer/logs/transformer_event_cats5_seq512_382071/model_best.pt
[04:48:22][rank0] step= 36500  epoch=4  loss=0.9870  acc_e=93.63%  lr=2.88e-04  elapsed=0:53:35
[04:48:49][rank0] step= 37000  epoch=4  loss=0.9869  acc_e=93.64%  lr=2.88e-04  elapsed=0:54:02
[04:49:17][rank0] Epoch   4/30  loss=0.9870  acc_e=93.63%  acc_l=0.00%  elapsed=0:54:30
[04:49:17][rank0] step= 37500  epoch=5  loss=0.9759  acc_e=93.98%  lr=2.88e-04  elapsed=0:54:30
[04:49:44][rank0] step= 38000  epoch=5  loss=0.9800  acc_e=93.93%  lr=2.87e-04  elapsed=0:54:57
[04:49:44][rank0] --- Validation @ step 38000 ---
[04:50:51][rank0]   val loss=0.9888  loss_e=0.9888  acc_e=93.28%  acc_l=0.00%
[04:50:51][rank0]   New best val loss=0.9888 -> /scratch/yuvraj17/adaptive_tracing_scratch/adaptive_tracer/logs/transformer_event_cats5_seq512_382071/model_best.pt
[04:51:19][rank0] step= 38500  epoch=5  loss=0.9819  acc_e=93.82%  lr=2.87e-04  elapsed=0:56:32
[04:51:46][rank0] step= 39000  epoch=5  loss=0.9832  acc_e=93.75%  lr=2.87e-04  elapsed=0:56:59
[04:52:14][rank0] step= 39500  epoch=5  loss=0.9841  acc_e=93.72%  lr=2.86e-04  elapsed=0:57:27
[04:52:41][rank0] step= 40000  epoch=5  loss=0.9837  acc_e=93.75%  lr=2.86e-04  elapsed=0:57:54
[04:52:41][rank0] --- Validation @ step 40000 ---
[04:53:49][rank0]   val loss=0.9879  loss_e=0.9879  acc_e=93.54%  acc_l=0.00%
[04:53:49][rank0]   New best val loss=0.9879 -> /scratch/yuvraj17/adaptive_tracing_scratch/adaptive_tracer/logs/transformer_event_cats5_seq512_382071/model_best.pt
[04:53:49][rank0]   Checkpoint -> /scratch/yuvraj17/adaptive_tracing_scratch/adaptive_tracer/logs/transformer_event_cats5_seq512_382071/ckpt_0040000.pt
[04:54:16][rank0] step= 40500  epoch=5  loss=0.9838  acc_e=93.75%  lr=2.86e-04  elapsed=0:59:29
[04:54:44][rank0] step= 41000  epoch=5  loss=0.9837  acc_e=93.74%  lr=2.85e-04  elapsed=0:59:57
[04:55:11][rank0] step= 41500  epoch=5  loss=0.9840  acc_e=93.74%  lr=2.85e-04  elapsed=1:00:24
[04:55:38][rank0] step= 42000  epoch=5  loss=0.9840  acc_e=93.75%  lr=2.85e-04  elapsed=1:00:51
[04:55:38][rank0] --- Validation @ step 42000 ---
[04:56:45][rank0]   val loss=0.9870  loss_e=0.9870  acc_e=93.75%  acc_l=0.00%
[04:56:45][rank0]   New best val loss=0.9870 -> /scratch/yuvraj17/adaptive_tracing_scratch/adaptive_tracer/logs/transformer_event_cats5_seq512_382071/model_best.pt
[04:57:13][rank0] step= 42500  epoch=5  loss=0.9843  acc_e=93.73%  lr=2.84e-04  elapsed=1:02:26
[04:57:40][rank0] step= 43000  epoch=5  loss=0.9840  acc_e=93.75%  lr=2.84e-04  elapsed=1:02:53
[04:58:07][rank0] step= 43500  epoch=5  loss=0.9838  acc_e=93.75%  lr=2.83e-04  elapsed=1:03:20
[04:58:35][rank0] step= 44000  epoch=5  loss=0.9837  acc_e=93.75%  lr=2.83e-04  elapsed=1:03:48
[04:58:35][rank0] --- Validation @ step 44000 ---
[04:59:41][rank0]   val loss=0.9931  loss_e=0.9931  acc_e=93.67%  acc_l=0.00%
[04:59:41][rank0]   No improvement count: 1/10
[05:00:09][rank0] step= 44500  epoch=5  loss=0.9837  acc_e=93.76%  lr=2.83e-04  elapsed=1:05:22
[05:00:36][rank0] step= 45000  epoch=5  loss=0.9837  acc_e=93.77%  lr=2.82e-04  elapsed=1:05:49
[05:01:04][rank0] step= 45500  epoch=5  loss=0.9838  acc_e=93.76%  lr=2.82e-04  elapsed=1:06:17
[05:01:32][rank0] step= 46000  epoch=5  loss=0.9841  acc_e=93.75%  lr=2.82e-04  elapsed=1:06:45
[05:01:32][rank0] --- Validation @ step 46000 ---
[05:02:39][rank0]   val loss=0.9863  loss_e=0.9863  acc_e=93.66%  acc_l=0.00%
[05:02:39][rank0]   New best val loss=0.9863 -> /scratch/yuvraj17/adaptive_tracing_scratch/adaptive_tracer/logs/transformer_event_cats5_seq512_382071/model_best.pt
[05:03:07][rank0] step= 46500  epoch=5  loss=0.9840  acc_e=93.75%  lr=2.81e-04  elapsed=1:08:20
[05:03:27][rank0] Epoch   5/30  loss=0.9841  acc_e=93.74%  acc_l=0.00%  elapsed=1:08:40
[05:03:35][rank0] step= 47000  epoch=6  loss=0.9791  acc_e=94.07%  lr=2.81e-04  elapsed=1:08:48
[05:04:01][rank0] step= 47500  epoch=6  loss=0.9779  acc_e=94.03%  lr=2.80e-04  elapsed=1:09:14
[05:04:29][rank0] step= 48000  epoch=6  loss=0.9795  acc_e=93.90%  lr=2.80e-04  elapsed=1:09:42
[05:04:29][rank0] --- Validation @ step 48000 ---
[05:05:35][rank0]   val loss=0.9900  loss_e=0.9900  acc_e=93.50%  acc_l=0.00%
[05:05:35][rank0]   No improvement count: 1/10
[05:06:03][rank0] step= 48500  epoch=6  loss=0.9813  acc_e=93.81%  lr=2.79e-04  elapsed=1:11:16
[05:06:30][rank0] step= 49000  epoch=6  loss=0.9820  acc_e=93.81%  lr=2.79e-04  elapsed=1:11:43
[05:06:57][rank0] step= 49500  epoch=6  loss=0.9814  acc_e=93.84%  lr=2.79e-04  elapsed=1:12:10
[05:07:25][rank0] step= 50000  epoch=6  loss=0.9815  acc_e=93.82%  lr=2.78e-04  elapsed=1:12:38
[05:07:25][rank0] --- Validation @ step 50000 ---
[05:08:33][rank0]   val loss=0.9873  loss_e=0.9873  acc_e=93.82%  acc_l=0.00%
[05:08:33][rank0]   No improvement count: 2/10
[05:08:33][rank0]   Checkpoint -> /scratch/yuvraj17/adaptive_tracing_scratch/adaptive_tracer/logs/transformer_event_cats5_seq512_382071/ckpt_0050000.pt
[05:09:00][rank0] step= 50500  epoch=6  loss=0.9815  acc_e=93.82%  lr=2.78e-04  elapsed=1:14:13
[05:09:27][rank0] step= 51000  epoch=6  loss=0.9817  acc_e=93.83%  lr=2.77e-04  elapsed=1:14:40
[05:09:54][rank0] step= 51500  epoch=6  loss=0.9819  acc_e=93.82%  lr=2.77e-04  elapsed=1:15:07
[05:10:21][rank0] step= 52000  epoch=6  loss=0.9822  acc_e=93.81%  lr=2.76e-04  elapsed=1:15:34
[05:10:21][rank0] --- Validation @ step 52000 ---
[05:11:28][rank0]   val loss=0.9844  loss_e=0.9844  acc_e=93.81%  acc_l=0.00%
[05:11:28][rank0]   New best val loss=0.9844 -> /scratch/yuvraj17/adaptive_tracing_scratch/adaptive_tracer/logs/transformer_event_cats5_seq512_382071/model_best.pt
[05:11:55][rank0] step= 52500  epoch=6  loss=0.9817  acc_e=93.83%  lr=2.76e-04  elapsed=1:17:08
[05:12:23][rank0] step= 53000  epoch=6  loss=0.9817  acc_e=93.83%  lr=2.76e-04  elapsed=1:17:36
[05:12:51][rank0] step= 53500  epoch=6  loss=0.9815  acc_e=93.83%  lr=2.75e-04  elapsed=1:18:04
[05:13:18][rank0] step= 54000  epoch=6  loss=0.9818  acc_e=93.83%  lr=2.75e-04  elapsed=1:18:31
[05:13:18][rank0] --- Validation @ step 54000 ---
[05:14:26][rank0]   val loss=0.9877  loss_e=0.9877  acc_e=93.47%  acc_l=0.00%
[05:14:26][rank0]   No improvement count: 1/10
[05:14:53][rank0] step= 54500  epoch=6  loss=0.9817  acc_e=93.84%  lr=2.74e-04  elapsed=1:20:06
[05:15:21][rank0] step= 55000  epoch=6  loss=0.9819  acc_e=93.83%  lr=2.74e-04  elapsed=1:20:34
[05:15:49][rank0] step= 55500  epoch=6  loss=0.9820  acc_e=93.82%  lr=2.73e-04  elapsed=1:21:02
[05:16:16][rank0] step= 56000  epoch=6  loss=0.9820  acc_e=93.82%  lr=2.73e-04  elapsed=1:21:29
[05:16:16][rank0] --- Validation @ step 56000 ---
[05:17:24][rank0]   val loss=0.9876  loss_e=0.9876  acc_e=93.84%  acc_l=0.00%
[05:17:24][rank0]   No improvement count: 2/10
[05:17:37][rank0] Epoch   6/30  loss=0.9821  acc_e=93.82%  acc_l=0.00%  elapsed=1:22:50
[05:17:52][rank0] step= 56500  epoch=7  loss=0.9765  acc_e=94.12%  lr=2.72e-04  elapsed=1:23:04
[05:18:19][rank0] step= 57000  epoch=7  loss=0.9763  acc_e=94.06%  lr=2.72e-04  elapsed=1:23:32
[05:18:47][rank0] step= 57500  epoch=7  loss=0.9783  acc_e=93.94%  lr=2.71e-04  elapsed=1:24:00
[05:19:15][rank0] step= 58000  epoch=7  loss=0.9799  acc_e=93.86%  lr=2.71e-04  elapsed=1:24:28
[05:19:15][rank0] --- Validation @ step 58000 ---
[05:20:24][rank0]   val loss=0.9898  loss_e=0.9898  acc_e=93.62%  acc_l=0.00%
[05:20:24][rank0]   No improvement count: 3/10
[05:20:52][rank0] step= 58500  epoch=7  loss=0.9799  acc_e=93.89%  lr=2.70e-04  elapsed=1:26:04
[05:21:19][rank0] step= 59000  epoch=7  loss=0.9796  acc_e=93.91%  lr=2.70e-04  elapsed=1:26:32
[05:21:47][rank0] step= 59500  epoch=7  loss=0.9799  acc_e=93.88%  lr=2.69e-04  elapsed=1:26:59
[05:22:15][rank0] step= 60000  epoch=7  loss=0.9800  acc_e=93.87%  lr=2.69e-04  elapsed=1:27:28
[05:22:15][rank0] --- Validation @ step 60000 ---
[05:23:22][rank0]   val loss=0.9905  loss_e=0.9905  acc_e=93.63%  acc_l=0.00%
[05:23:22][rank0]   No improvement count: 4/10
[05:23:22][rank0]   Checkpoint -> /scratch/yuvraj17/adaptive_tracing_scratch/adaptive_tracer/logs/transformer_event_cats5_seq512_382071/ckpt_0060000.pt
[05:23:49][rank0] step= 60500  epoch=7  loss=0.9801  acc_e=93.90%  lr=2.68e-04  elapsed=1:29:01
[05:24:16][rank0] step= 61000  epoch=7  loss=0.9804  acc_e=93.88%  lr=2.68e-04  elapsed=1:29:29
[05:24:43][rank0] step= 61500  epoch=7  loss=0.9804  acc_e=93.88%  lr=2.67e-04  elapsed=1:29:56
[05:25:10][rank0] step= 62000  epoch=7  loss=0.9801  acc_e=93.89%  lr=2.67e-04  elapsed=1:30:23
[05:25:10][rank0] --- Validation @ step 62000 ---
[05:26:16][rank0]   val loss=0.9835  loss_e=0.9835  acc_e=93.86%  acc_l=0.00%
[05:26:16][rank0]   New best val loss=0.9835 -> /scratch/yuvraj17/adaptive_tracing_scratch/adaptive_tracer/logs/transformer_event_cats5_seq512_382071/model_best.pt
[05:26:44][rank0] step= 62500  epoch=7  loss=0.9800  acc_e=93.89%  lr=2.66e-04  elapsed=1:31:57
[05:27:12][rank0] step= 63000  epoch=7  loss=0.9798  acc_e=93.89%  lr=2.66e-04  elapsed=1:32:25
[05:27:40][rank0] step= 63500  epoch=7  loss=0.9802  acc_e=93.90%  lr=2.65e-04  elapsed=1:32:52
[05:28:07][rank0] step= 64000  epoch=7  loss=0.9802  acc_e=93.90%  lr=2.65e-04  elapsed=1:33:20
[05:28:07][rank0] --- Validation @ step 64000 ---
[05:29:15][rank0]   val loss=0.9847  loss_e=0.9847  acc_e=93.81%  acc_l=0.00%
[05:29:15][rank0]   No improvement count: 1/10
[05:29:43][rank0] step= 64500  epoch=7  loss=0.9804  acc_e=93.88%  lr=2.64e-04  elapsed=1:34:56
[05:30:10][rank0] step= 65000  epoch=7  loss=0.9805  acc_e=93.88%  lr=2.64e-04  elapsed=1:35:23
[05:30:38][rank0] step= 65500  epoch=7  loss=0.9805  acc_e=93.88%  lr=2.63e-04  elapsed=1:35:51
[05:30:44][rank0] Epoch   7/30  loss=0.9806  acc_e=93.87%  acc_l=0.00%  elapsed=1:35:57
[05:31:05][rank0] step= 66000  epoch=8  loss=0.9747  acc_e=94.16%  lr=2.63e-04  elapsed=1:36:18
[05:31:05][rank0] --- Validation @ step 66000 ---
[05:32:11][rank0]   val loss=0.9851  loss_e=0.9851  acc_e=93.58%  acc_l=0.00%
[05:32:11][rank0]   No improvement count: 2/10
[05:32:39][rank0] step= 66500  epoch=8  loss=0.9759  acc_e=94.05%  lr=2.62e-04  elapsed=1:37:52
[05:33:06][rank0] step= 67000  epoch=8  loss=0.9773  acc_e=93.97%  lr=2.62e-04  elapsed=1:38:19
[05:33:34][rank0] step= 67500  epoch=8  loss=0.9787  acc_e=93.90%  lr=2.61e-04  elapsed=1:38:47
[05:34:01][rank0] step= 68000  epoch=8  loss=0.9784  acc_e=93.95%  lr=2.60e-04  elapsed=1:39:14
[05:34:01][rank0] --- Validation @ step 68000 ---
[05:35:08][rank0]   val loss=0.9858  loss_e=0.9858  acc_e=93.59%  acc_l=0.00%
[05:35:08][rank0]   No improvement count: 3/10
[05:35:36][rank0] step= 68500  epoch=8  loss=0.9785  acc_e=93.95%  lr=2.60e-04  elapsed=1:40:49
[05:36:04][rank0] step= 69000  epoch=8  loss=0.9786  acc_e=93.93%  lr=2.59e-04  elapsed=1:41:16
[05:36:31][rank0] step= 69500  epoch=8  loss=0.9791  acc_e=93.92%  lr=2.59e-04  elapsed=1:41:44
[05:36:58][rank0] step= 70000  epoch=8  loss=0.9787  acc_e=93.95%  lr=2.58e-04  elapsed=1:42:11
[05:36:58][rank0] --- Validation @ step 70000 ---
[05:38:03][rank0]   val loss=0.9840  loss_e=0.9840  acc_e=93.68%  acc_l=0.00%
[05:38:03][rank0]   No improvement count: 4/10
[05:38:03][rank0]   Checkpoint -> /scratch/yuvraj17/adaptive_tracing_scratch/adaptive_tracer/logs/transformer_event_cats5_seq512_382071/ckpt_0070000.pt
[05:38:31][rank0] step= 70500  epoch=8  loss=0.9792  acc_e=93.92%  lr=2.58e-04  elapsed=1:43:44
[05:38:58][rank0] step= 71000  epoch=8  loss=0.9790  acc_e=93.94%  lr=2.57e-04  elapsed=1:44:11
[05:39:25][rank0] step= 71500  epoch=8  loss=0.9787  acc_e=93.94%  lr=2.56e-04  elapsed=1:44:38
[05:39:52][rank0] step= 72000  epoch=8  loss=0.9787  acc_e=93.94%  lr=2.56e-04  elapsed=1:45:05
[05:39:52][rank0] --- Validation @ step 72000 ---
[05:41:01][rank0]   val loss=0.9908  loss_e=0.9908  acc_e=93.54%  acc_l=0.00%
[05:41:01][rank0]   No improvement count: 5/10
[05:41:29][rank0] step= 72500  epoch=8  loss=0.9784  acc_e=93.94%  lr=2.55e-04  elapsed=1:46:42
[05:41:56][rank0] step= 73000  epoch=8  loss=0.9788  acc_e=93.95%  lr=2.55e-04  elapsed=1:47:09
[05:42:24][rank0] step= 73500  epoch=8  loss=0.9789  acc_e=93.94%  lr=2.54e-04  elapsed=1:47:37
[05:42:52][rank0] step= 74000  epoch=8  loss=0.9792  acc_e=93.92%  lr=2.53e-04  elapsed=1:48:05
[05:42:52][rank0] --- Validation @ step 74000 ---
[05:43:59][rank0]   val loss=0.9878  loss_e=0.9878  acc_e=93.85%  acc_l=0.00%
[05:43:59][rank0]   No improvement count: 6/10
[05:44:27][rank0] step= 74500  epoch=8  loss=0.9792  acc_e=93.93%  lr=2.53e-04  elapsed=1:49:39
[05:44:54][rank0] Epoch   8/30  loss=0.9793  acc_e=93.92%  acc_l=0.00%  elapsed=1:50:07
[05:44:55][rank0] step= 75000  epoch=9  loss=0.9773  acc_e=94.33%  lr=2.52e-04  elapsed=1:50:08
[05:45:22][rank0] step= 75500  epoch=9  loss=0.9734  acc_e=94.19%  lr=2.52e-04  elapsed=1:50:35
[05:45:49][rank0] step= 76000  epoch=9  loss=0.9755  acc_e=94.07%  lr=2.51e-04  elapsed=1:51:02
[05:45:49][rank0] --- Validation @ step 76000 ---
[05:46:56][rank0]   val loss=0.9853  loss_e=0.9853  acc_e=93.92%  acc_l=0.00%
[05:46:56][rank0]   No improvement count: 7/10
[05:47:24][rank0] step= 76500  epoch=9  loss=0.9769  acc_e=93.99%  lr=2.50e-04  elapsed=1:52:37
[05:47:52][rank0] step= 77000  epoch=9  loss=0.9778  acc_e=93.96%  lr=2.50e-04  elapsed=1:53:04
[05:48:19][rank0] step= 77500  epoch=9  loss=0.9774  acc_e=93.99%  lr=2.49e-04  elapsed=1:53:32
[05:48:47][rank0] step= 78000  epoch=9  loss=0.9775  acc_e=93.98%  lr=2.49e-04  elapsed=1:54:00
[05:48:47][rank0] --- Validation @ step 78000 ---
[05:49:53][rank0]   val loss=0.9844  loss_e=0.9844  acc_e=93.75%  acc_l=0.00%
[05:49:53][rank0]   No improvement count: 8/10
[05:50:22][rank0] step= 78500  epoch=9  loss=0.9775  acc_e=93.97%  lr=2.48e-04  elapsed=1:55:34
[05:50:49][rank0] step= 79000  epoch=9  loss=0.9778  acc_e=93.98%  lr=2.47e-04  elapsed=1:56:02
[05:51:16][rank0] step= 79500  epoch=9  loss=0.9777  acc_e=93.98%  lr=2.47e-04  elapsed=1:56:29
[05:51:44][rank0] step= 80000  epoch=9  loss=0.9781  acc_e=93.97%  lr=2.46e-04  elapsed=1:56:57
[05:51:44][rank0] --- Validation @ step 80000 ---
[05:52:52][rank0]   val loss=0.9816  loss_e=0.9816  acc_e=93.93%  acc_l=0.00%
[05:52:52][rank0]   New best val loss=0.9816 -> /scratch/yuvraj17/adaptive_tracing_scratch/adaptive_tracer/logs/transformer_event_cats5_seq512_382071/model_best.pt
[05:52:52][rank0]   Checkpoint -> /scratch/yuvraj17/adaptive_tracing_scratch/adaptive_tracer/logs/transformer_event_cats5_seq512_382071/ckpt_0080000.pt
[05:53:19][rank0] step= 80500  epoch=9  loss=0.9778  acc_e=93.98%  lr=2.45e-04  elapsed=1:58:32
[05:53:47][rank0] step= 81000  epoch=9  loss=0.9776  acc_e=93.98%  lr=2.45e-04  elapsed=1:59:00
[05:54:15][rank0] step= 81500  epoch=9  loss=0.9776  acc_e=93.98%  lr=2.44e-04  elapsed=1:59:28
[05:54:43][rank0] step= 82000  epoch=9  loss=0.9777  acc_e=93.98%  lr=2.44e-04  elapsed=1:59:56
[05:54:43][rank0] --- Validation @ step 82000 ---
[05:55:49][rank0]   val loss=0.9873  loss_e=0.9873  acc_e=93.92%  acc_l=0.00%
[05:55:49][rank0]   No improvement count: 1/10
[05:56:16][rank0] step= 82500  epoch=9  loss=0.9777  acc_e=93.99%  lr=2.43e-04  elapsed=2:01:29
[05:56:44][rank0] step= 83000  epoch=9  loss=0.9779  acc_e=93.98%  lr=2.42e-04  elapsed=2:01:57
[05:57:12][rank0] step= 83500  epoch=9  loss=0.9781  acc_e=93.97%  lr=2.42e-04  elapsed=2:02:25
[05:57:39][rank0] step= 84000  epoch=9  loss=0.9781  acc_e=93.97%  lr=2.41e-04  elapsed=2:02:52
[05:57:39][rank0] --- Validation @ step 84000 ---
[05:58:46][rank0]   val loss=0.9843  loss_e=0.9843  acc_e=93.73%  acc_l=0.00%
[05:58:46][rank0]   No improvement count: 2/10
[05:59:06][rank0] Epoch   9/30  loss=0.9782  acc_e=93.96%  acc_l=0.00%  elapsed=2:04:19
[05:59:14][rank0] step= 84500  epoch=10  loss=0.9740  acc_e=94.23%  lr=2.40e-04  elapsed=2:04:27
[05:59:41][rank0] step= 85000  epoch=10  loss=0.9730  acc_e=94.20%  lr=2.40e-04  elapsed=2:04:54
[06:00:09][rank0] step= 85500  epoch=10  loss=0.9745  acc_e=94.09%  lr=2.39e-04  elapsed=2:05:22
[06:00:37][rank0] step= 86000  epoch=10  loss=0.9764  acc_e=94.00%  lr=2.38e-04  elapsed=2:05:50
[06:00:37][rank0] --- Validation @ step 86000 ---
[06:01:44][rank0]   val loss=0.9867  loss_e=0.9867  acc_e=93.89%  acc_l=0.00%
[06:01:44][rank0]   No improvement count: 3/10
[06:02:12][rank0] step= 86500  epoch=10  loss=0.9769  acc_e=94.00%  lr=2.38e-04  elapsed=2:07:25
[06:02:39][rank0] step= 87000  epoch=10  loss=0.9764  acc_e=94.03%  lr=2.37e-04  elapsed=2:07:51
[06:03:07][rank0] step= 87500  epoch=10  loss=0.9766  acc_e=94.01%  lr=2.36e-04  elapsed=2:08:19
[06:03:34][rank0] step= 88000  epoch=10  loss=0.9766  acc_e=94.00%  lr=2.36e-04  elapsed=2:08:47
[06:03:34][rank0] --- Validation @ step 88000 ---
[06:04:41][rank0]   val loss=0.9890  loss_e=0.9890  acc_e=94.04%  acc_l=0.00%
[06:04:41][rank0]   No improvement count: 4/10
[06:05:07][rank0] step= 88500  epoch=10  loss=0.9767  acc_e=94.02%  lr=2.35e-04  elapsed=2:10:20
[06:05:34][rank0] step= 89000  epoch=10  loss=0.9769  acc_e=94.01%  lr=2.34e-04  elapsed=2:10:47
[06:06:01][rank0] step= 89500  epoch=10  loss=0.9772  acc_e=94.00%  lr=2.34e-04  elapsed=2:11:14
[06:06:28][rank0] step= 90000  epoch=10  loss=0.9768  acc_e=94.02%  lr=2.33e-04  elapsed=2:11:41
[06:06:28][rank0] --- Validation @ step 90000 ---
[06:07:36][rank0]   val loss=0.9823  loss_e=0.9823  acc_e=93.83%  acc_l=0.00%
[06:07:36][rank0]   No improvement count: 5/10
[06:07:36][rank0]   Checkpoint -> /scratch/yuvraj17/adaptive_tracing_scratch/adaptive_tracer/logs/transformer_event_cats5_seq512_382071/ckpt_0090000.pt
[06:08:04][rank0] step= 90500  epoch=10  loss=0.9768  acc_e=94.01%  lr=2.32e-04  elapsed=2:13:17
[06:08:31][rank0] step= 91000  epoch=10  loss=0.9767  acc_e=94.01%  lr=2.32e-04  elapsed=2:13:44
[06:08:59][rank0] step= 91500  epoch=10  loss=0.9770  acc_e=94.01%  lr=2.31e-04  elapsed=2:14:12
[06:09:26][rank0] step= 92000  epoch=10  loss=0.9769  acc_e=94.02%  lr=2.30e-04  elapsed=2:14:39
[06:09:26][rank0] --- Validation @ step 92000 ---
[06:10:34][rank0]   val loss=0.9814  loss_e=0.9814  acc_e=94.05%  acc_l=0.00%
[06:10:34][rank0]   New best val loss=0.9814 -> /scratch/yuvraj17/adaptive_tracing_scratch/adaptive_tracer/logs/transformer_event_cats5_seq512_382071/model_best.pt
[06:11:02][rank0] step= 92500  epoch=10  loss=0.9771  acc_e=94.01%  lr=2.29e-04  elapsed=2:16:15
[06:11:30][rank0] step= 93000  epoch=10  loss=0.9773  acc_e=94.00%  lr=2.29e-04  elapsed=2:16:42
[06:11:57][rank0] step= 93500  epoch=10  loss=0.9773  acc_e=94.00%  lr=2.28e-04  elapsed=2:17:10
[06:12:10][rank0] Epoch  10/30  loss=0.9774  acc_e=93.99%  acc_l=0.00%  elapsed=2:17:23
[06:12:25][rank0] step= 94000  epoch=11  loss=0.9724  acc_e=94.26%  lr=2.27e-04  elapsed=2:17:38
[06:12:25][rank0] --- Validation @ step 94000 ---
[06:13:32][rank0]   val loss=0.9815  loss_e=0.9815  acc_e=93.93%  acc_l=0.00%
[06:13:32][rank0]   No improvement count: 1/10
[06:13:59][rank0] step= 94500  epoch=11  loss=0.9724  acc_e=94.20%  lr=2.27e-04  elapsed=2:19:11
[06:14:26][rank0] step= 95000  epoch=11  loss=0.9742  acc_e=94.10%  lr=2.26e-04  elapsed=2:19:39
[06:14:54][rank0] step= 95500  epoch=11  loss=0.9758  acc_e=94.02%  lr=2.25e-04  elapsed=2:20:07
[06:15:21][rank0] step= 96000  epoch=11  loss=0.9758  acc_e=94.05%  lr=2.25e-04  elapsed=2:20:34
[06:15:21][rank0] --- Validation @ step 96000 ---
[06:16:29][rank0]   val loss=0.9816  loss_e=0.9816  acc_e=93.71%  acc_l=0.00%
[06:16:29][rank0]   No improvement count: 2/10
[06:16:56][rank0] step= 96500  epoch=11  loss=0.9756  acc_e=94.06%  lr=2.24e-04  elapsed=2:22:09
[06:17:24][rank0] step= 97000  epoch=11  loss=0.9758  acc_e=94.04%  lr=2.23e-04  elapsed=2:22:37
[06:17:52][rank0] step= 97500  epoch=11  loss=0.9760  acc_e=94.02%  lr=2.22e-04  elapsed=2:23:05
[06:18:18][rank0] step= 98000  epoch=11  loss=0.9760  acc_e=94.05%  lr=2.22e-04  elapsed=2:23:31
[06:18:18][rank0] --- Validation @ step 98000 ---
[06:19:27][rank0]   val loss=0.9828  loss_e=0.9828  acc_e=93.67%  acc_l=0.00%
[06:19:27][rank0]   No improvement count: 3/10
[06:19:55][rank0] step= 98500  epoch=11  loss=0.9763  acc_e=94.03%  lr=2.21e-04  elapsed=2:25:08
[06:20:22][rank0] step= 99000  epoch=11  loss=0.9762  acc_e=94.04%  lr=2.20e-04  elapsed=2:25:35
[06:20:49][rank0] step= 99500  epoch=11  loss=0.9760  acc_e=94.05%  lr=2.20e-04  elapsed=2:26:02
[06:21:17][rank0] step=100000  epoch=11  loss=0.9760  acc_e=94.04%  lr=2.19e-04  elapsed=2:26:30
[06:21:17][rank0] --- Validation @ step 100000 ---
[06:22:23][rank0]   val loss=0.9864  loss_e=0.9864  acc_e=93.79%  acc_l=0.00%
[06:22:23][rank0]   No improvement count: 4/10
[06:22:23][rank0]   Checkpoint -> /scratch/yuvraj17/adaptive_tracing_scratch/adaptive_tracer/logs/transformer_event_cats5_seq512_382071/ckpt_0100000.pt
[06:22:51][rank0] step=100500  epoch=11  loss=0.9758  acc_e=94.04%  lr=2.18e-04  elapsed=2:28:04
[06:23:19][rank0] step=101000  epoch=11  loss=0.9761  acc_e=94.05%  lr=2.17e-04  elapsed=2:28:31
[06:23:46][rank0] step=101500  epoch=11  loss=0.9761  acc_e=94.05%  lr=2.17e-04  elapsed=2:28:59
[06:24:14][rank0] step=102000  epoch=11  loss=0.9763  acc_e=94.03%  lr=2.16e-04  elapsed=2:29:27
[06:24:14][rank0] --- Validation @ step 102000 ---
[06:25:21][rank0]   val loss=0.9849  loss_e=0.9849  acc_e=93.99%  acc_l=0.00%
[06:25:21][rank0]   No improvement count: 5/10
[06:25:49][rank0] step=102500  epoch=11  loss=0.9764  acc_e=94.03%  lr=2.15e-04  elapsed=2:31:02
[06:26:16][rank0] step=103000  epoch=11  loss=0.9764  acc_e=94.03%  lr=2.14e-04  elapsed=2:31:29
[06:26:23][rank0] Epoch  11/30  loss=0.9765  acc_e=94.03%  acc_l=0.00%  elapsed=2:31:35
[06:26:44][rank0] step=103500  epoch=12  loss=0.9711  acc_e=94.28%  lr=2.14e-04  elapsed=2:31:57
[06:27:11][rank0] step=104000  epoch=12  loss=0.9724  acc_e=94.19%  lr=2.13e-04  elapsed=2:32:24
[06:27:11][rank0] --- Validation @ step 104000 ---
[06:28:18][rank0]   val loss=0.9837  loss_e=0.9837  acc_e=93.71%  acc_l=0.00%
[06:28:18][rank0]   No improvement count: 6/10
[06:28:46][rank0] step=104500  epoch=12  loss=0.9738  acc_e=94.10%  lr=2.12e-04  elapsed=2:33:59
[06:29:15][rank0] step=105000  epoch=12  loss=0.9752  acc_e=94.04%  lr=2.11e-04  elapsed=2:34:28
[06:29:41][rank0] step=105500  epoch=12  loss=0.9749  acc_e=94.08%  lr=2.11e-04  elapsed=2:34:54
[06:30:09][rank0] step=106000  epoch=12  loss=0.9750  acc_e=94.08%  lr=2.10e-04  elapsed=2:35:21
[06:30:09][rank0] --- Validation @ step 106000 ---
[06:31:15][rank0]   val loss=0.9832  loss_e=0.9832  acc_e=93.71%  acc_l=0.00%
[06:31:15][rank0]   No improvement count: 7/10
[06:31:42][rank0] step=106500  epoch=12  loss=0.9752  acc_e=94.06%  lr=2.09e-04  elapsed=2:36:55
[06:32:10][rank0] step=107000  epoch=12  loss=0.9756  acc_e=94.05%  lr=2.08e-04  elapsed=2:37:23
[06:32:36][rank0] step=107500  epoch=12  loss=0.9752  acc_e=94.08%  lr=2.08e-04  elapsed=2:37:49
[06:33:04][rank0] step=108000  epoch=12  loss=0.9757  acc_e=94.06%  lr=2.07e-04  elapsed=2:38:17
[06:33:04][rank0] --- Validation @ step 108000 ---
[06:34:11][rank0]   val loss=0.9811  loss_e=0.9811  acc_e=93.82%  acc_l=0.00%
[06:34:11][rank0]   New best val loss=0.9811 -> /scratch/yuvraj17/adaptive_tracing_scratch/adaptive_tracer/logs/transformer_event_cats5_seq512_382071/model_best.pt
[06:34:38][rank0] step=108500  epoch=12  loss=0.9755  acc_e=94.07%  lr=2.06e-04  elapsed=2:39:51
[06:35:05][rank0] step=109000  epoch=12  loss=0.9753  acc_e=94.08%  lr=2.05e-04  elapsed=2:40:18
[06:35:33][rank0] step=109500  epoch=12  loss=0.9752  acc_e=94.07%  lr=2.05e-04  elapsed=2:40:45
[06:36:00][rank0] step=110000  epoch=12  loss=0.9750  acc_e=94.07%  lr=2.04e-04  elapsed=2:41:13
[06:36:00][rank0] --- Validation @ step 110000 ---
[06:37:08][rank0]   val loss=0.9955  loss_e=0.9955  acc_e=93.66%  acc_l=0.00%
[06:37:08][rank0]   No improvement count: 1/10
[06:37:08][rank0]   Checkpoint -> /scratch/yuvraj17/adaptive_tracing_scratch/adaptive_tracer/logs/transformer_event_cats5_seq512_382071/ckpt_0110000.pt
[06:37:35][rank0] step=110500  epoch=12  loss=0.9754  acc_e=94.08%  lr=2.03e-04  elapsed=2:42:48
[06:38:03][rank0] step=111000  epoch=12  loss=0.9754  acc_e=94.08%  lr=2.02e-04  elapsed=2:43:16
[06:38:31][rank0] step=111500  epoch=12  loss=0.9758  acc_e=94.06%  lr=2.02e-04  elapsed=2:43:44
[06:38:58][rank0] step=112000  epoch=12  loss=0.9758  acc_e=94.06%  lr=2.01e-04  elapsed=2:44:11
[06:38:58][rank0] --- Validation @ step 112000 ---
[06:40:05][rank0]   val loss=0.9826  loss_e=0.9826  acc_e=93.65%  acc_l=0.00%
[06:40:05][rank0]   No improvement count: 2/10
[06:40:32][rank0] Epoch  12/30  loss=0.9759  acc_e=94.05%  acc_l=0.00%  elapsed=2:45:45
[06:40:33][rank0] step=112500  epoch=13  loss=0.9762  acc_e=94.19%  lr=2.00e-04  elapsed=2:45:46
[06:41:00][rank0] step=113000  epoch=13  loss=0.9706  acc_e=94.31%  lr=1.99e-04  elapsed=2:46:13
[06:41:28][rank0] step=113500  epoch=13  loss=0.9726  acc_e=94.18%  lr=1.99e-04  elapsed=2:46:40
[06:41:55][rank0] step=114000  epoch=13  loss=0.9741  acc_e=94.10%  lr=1.98e-04  elapsed=2:47:08
[06:41:55][rank0] --- Validation @ step 114000 ---
[06:43:03][rank0]   val loss=0.9865  loss_e=0.9865  acc_e=93.68%  acc_l=0.00%
[06:43:03][rank0]   No improvement count: 3/10
[06:43:30][rank0] step=114500  epoch=13  loss=0.9750  acc_e=94.07%  lr=1.97e-04  elapsed=2:48:43
[06:43:57][rank0] step=115000  epoch=13  loss=0.9745  acc_e=94.11%  lr=1.96e-04  elapsed=2:49:10
[06:44:25][rank0] step=115500  epoch=13  loss=0.9746  acc_e=94.10%  lr=1.95e-04  elapsed=2:49:38
[06:44:53][rank0] step=116000  epoch=13  loss=0.9747  acc_e=94.08%  lr=1.95e-04  elapsed=2:50:06
[06:44:53][rank0] --- Validation @ step 116000 ---
[06:45:59][rank0]   val loss=0.9880  loss_e=0.9880  acc_e=94.10%  acc_l=0.00%
[06:45:59][rank0]   No improvement count: 4/10
[06:46:26][rank0] step=116500  epoch=13  loss=0.9749  acc_e=94.09%  lr=1.94e-04  elapsed=2:51:39
[06:46:53][rank0] step=117000  epoch=13  loss=0.9749  acc_e=94.10%  lr=1.93e-04  elapsed=2:52:06
[06:47:21][rank0] step=117500  epoch=13  loss=0.9752  acc_e=94.08%  lr=1.92e-04  elapsed=2:52:34
[06:47:48][rank0] step=118000  epoch=13  loss=0.9749  acc_e=94.10%  lr=1.92e-04  elapsed=2:53:01
[06:47:48][rank0] --- Validation @ step 118000 ---
[06:48:56][rank0]   val loss=0.9802  loss_e=0.9802  acc_e=93.85%  acc_l=0.00%
[06:48:56][rank0]   New best val loss=0.9802 -> /scratch/yuvraj17/adaptive_tracing_scratch/adaptive_tracer/logs/transformer_event_cats5_seq512_382071/model_best.pt
[06:49:23][rank0] step=118500  epoch=13  loss=0.9748  acc_e=94.10%  lr=1.91e-04  elapsed=2:54:36
[06:49:51][rank0] step=119000  epoch=13  loss=0.9747  acc_e=94.09%  lr=1.90e-04  elapsed=2:55:04
[06:50:19][rank0] step=119500  epoch=13  loss=0.9748  acc_e=94.10%  lr=1.89e-04  elapsed=2:55:32
[06:50:46][rank0] step=120000  epoch=13  loss=0.9748  acc_e=94.11%  lr=1.88e-04  elapsed=2:55:59
[06:50:46][rank0] --- Validation @ step 120000 ---
[06:51:53][rank0]   val loss=0.9797  loss_e=0.9797  acc_e=94.12%  acc_l=0.00%
[06:51:53][rank0]   New best val loss=0.9797 -> /scratch/yuvraj17/adaptive_tracing_scratch/adaptive_tracer/logs/transformer_event_cats5_seq512_382071/model_best.pt
[06:51:53][rank0]   Checkpoint -> /scratch/yuvraj17/adaptive_tracing_scratch/adaptive_tracer/logs/transformer_event_cats5_seq512_382071/ckpt_0120000.pt
[06:52:21][rank0] step=120500  epoch=13  loss=0.9750  acc_e=94.09%  lr=1.88e-04  elapsed=2:57:34
[06:52:49][rank0] step=121000  epoch=13  loss=0.9753  acc_e=94.08%  lr=1.87e-04  elapsed=2:58:02
[06:53:16][rank0] step=121500  epoch=13  loss=0.9752  acc_e=94.08%  lr=1.86e-04  elapsed=2:58:29
[06:53:37][rank0] Epoch  13/30  loss=0.9753  acc_e=94.08%  acc_l=0.00%  elapsed=2:58:49
[06:53:44][rank0] step=122000  epoch=14  loss=0.9713  acc_e=94.33%  lr=1.85e-04  elapsed=2:58:57
[06:53:44][rank0] --- Validation @ step 122000 ---
[06:54:51][rank0]   val loss=0.9796  loss_e=0.9796  acc_e=93.84%  acc_l=0.00%
[06:54:51][rank0]   New best val loss=0.9796 -> /scratch/yuvraj17/adaptive_tracing_scratch/adaptive_tracer/logs/transformer_event_cats5_seq512_382071/model_best.pt
[06:55:18][rank0] step=122500  epoch=14  loss=0.9702  acc_e=94.32%  lr=1.84e-04  elapsed=3:00:31
[06:55:46][rank0] step=123000  epoch=14  loss=0.9720  acc_e=94.19%  lr=1.84e-04  elapsed=3:00:59
[06:56:13][rank0] step=123500  epoch=14  loss=0.9738  acc_e=94.10%  lr=1.83e-04  elapsed=3:01:26
[06:56:40][rank0] step=124000  epoch=14  loss=0.9743  acc_e=94.10%  lr=1.82e-04  elapsed=3:01:53
[06:56:40][rank0] --- Validation @ step 124000 ---
[06:57:48][rank0]   val loss=0.9807  loss_e=0.9807  acc_e=93.89%  acc_l=0.00%
[06:57:48][rank0]   No improvement count: 1/10
[06:58:15][rank0] step=124500  epoch=14  loss=0.9737  acc_e=94.14%  lr=1.81e-04  elapsed=3:03:28
[06:58:43][rank0] step=125000  epoch=14  loss=0.9740  acc_e=94.12%  lr=1.80e-04  elapsed=3:03:56
[06:59:11][rank0] step=125500  epoch=14  loss=0.9741  acc_e=94.11%  lr=1.80e-04  elapsed=3:04:24
[06:59:38][rank0] step=126000  epoch=14  loss=0.9741  acc_e=94.13%  lr=1.79e-04  elapsed=3:04:51
[06:59:38][rank0] --- Validation @ step 126000 ---
[07:00:44][rank0]   val loss=0.9821  loss_e=0.9821  acc_e=93.84%  acc_l=0.00%
[07:00:44][rank0]   No improvement count: 2/10
[07:01:11][rank0] step=126500  epoch=14  loss=0.9743  acc_e=94.12%  lr=1.78e-04  elapsed=3:06:24
[07:01:38][rank0] step=127000  epoch=14  loss=0.9745  acc_e=94.11%  lr=1.77e-04  elapsed=3:06:51
[07:02:05][rank0] step=127500  epoch=14  loss=0.9742  acc_e=94.12%  lr=1.76e-04  elapsed=3:07:18
[07:02:33][rank0] step=128000  epoch=14  loss=0.9742  acc_e=94.12%  lr=1.76e-04  elapsed=3:07:46
[07:02:33][rank0] --- Validation @ step 128000 ---
[07:03:40][rank0]   val loss=0.9831  loss_e=0.9831  acc_e=94.03%  acc_l=0.00%
[07:03:40][rank0]   No improvement count: 3/10
[07:04:08][rank0] step=128500  epoch=14  loss=0.9741  acc_e=94.12%  lr=1.75e-04  elapsed=3:09:21
[07:04:36][rank0] step=129000  epoch=14  loss=0.9743  acc_e=94.12%  lr=1.74e-04  elapsed=3:09:48
[07:05:03][rank0] step=129500  epoch=14  loss=0.9742  acc_e=94.13%  lr=1.73e-04  elapsed=3:10:16
[07:05:31][rank0] step=130000  epoch=14  loss=0.9744  acc_e=94.11%  lr=1.72e-04  elapsed=3:10:44
[07:05:31][rank0] --- Validation @ step 130000 ---
[07:06:38][rank0]   val loss=0.9826  loss_e=0.9826  acc_e=93.92%  acc_l=0.00%
[07:06:38][rank0]   No improvement count: 4/10
[07:06:38][rank0]   Checkpoint -> /scratch/yuvraj17/adaptive_tracing_scratch/adaptive_tracer/logs/transformer_event_cats5_seq512_382071/ckpt_0130000.pt
[07:07:05][rank0] step=130500  epoch=14  loss=0.9746  acc_e=94.11%  lr=1.72e-04  elapsed=3:12:18
[07:07:33][rank0] step=131000  epoch=14  loss=0.9746  acc_e=94.10%  lr=1.71e-04  elapsed=3:12:46
[07:07:46][rank0] Epoch  14/30  loss=0.9747  acc_e=94.10%  acc_l=0.00%  elapsed=3:12:59
[07:08:01][rank0] step=131500  epoch=15  loss=0.9698  acc_e=94.38%  lr=1.70e-04  elapsed=3:13:14
[07:08:28][rank0] step=132000  epoch=15  loss=0.9702  acc_e=94.30%  lr=1.69e-04  elapsed=3:13:40
[07:08:28][rank0] --- Validation @ step 132000 ---
[07:09:36][rank0]   val loss=0.9805  loss_e=0.9805  acc_e=94.04%  acc_l=0.00%
[07:09:36][rank0]   No improvement count: 5/10
[07:10:03][rank0] step=132500  epoch=15  loss=0.9721  acc_e=94.19%  lr=1.68e-04  elapsed=3:15:16
[07:10:31][rank0] step=133000  epoch=15  loss=0.9736  acc_e=94.12%  lr=1.68e-04  elapsed=3:15:44
[07:10:58][rank0] step=133500  epoch=15  loss=0.9735  acc_e=94.15%  lr=1.67e-04  elapsed=3:16:11
[07:11:26][rank0] step=134000  epoch=15  loss=0.9733  acc_e=94.16%  lr=1.66e-04  elapsed=3:16:38
[07:11:26][rank0] --- Validation @ step 134000 ---
[07:12:32][rank0]   val loss=0.9801  loss_e=0.9801  acc_e=93.93%  acc_l=0.00%
[07:12:32][rank0]   No improvement count: 6/10
[07:13:00][rank0] step=134500  epoch=15  loss=0.9736  acc_e=94.14%  lr=1.65e-04  elapsed=3:18:13
[07:13:28][rank0] step=135000  epoch=15  loss=0.9738  acc_e=94.12%  lr=1.64e-04  elapsed=3:18:41
[07:13:54][rank0] step=135500  epoch=15  loss=0.9736  acc_e=94.15%  lr=1.64e-04  elapsed=3:19:07
[07:14:22][rank0] step=136000  epoch=15  loss=0.9740  acc_e=94.13%  lr=1.63e-04  elapsed=3:19:35
[07:14:22][rank0] --- Validation @ step 136000 ---
[07:15:30][rank0]   val loss=0.9816  loss_e=0.9816  acc_e=93.87%  acc_l=0.00%
[07:15:30][rank0]   No improvement count: 7/10
[07:15:57][rank0] step=136500  epoch=15  loss=0.9739  acc_e=94.14%  lr=1.62e-04  elapsed=3:21:10
[07:16:24][rank0] step=137000  epoch=15  loss=0.9737  acc_e=94.15%  lr=1.61e-04  elapsed=3:21:37
[07:16:52][rank0] step=137500  epoch=15  loss=0.9737  acc_e=94.14%  lr=1.60e-04  elapsed=3:22:05
[07:17:20][rank0] step=138000  epoch=15  loss=0.9736  acc_e=94.14%  lr=1.60e-04  elapsed=3:22:33
[07:17:20][rank0] --- Validation @ step 138000 ---
[07:18:27][rank0]   val loss=0.9864  loss_e=0.9864  acc_e=93.96%  acc_l=0.00%
[07:18:27][rank0]   No improvement count: 8/10
[07:18:55][rank0] step=138500  epoch=15  loss=0.9737  acc_e=94.15%  lr=1.59e-04  elapsed=3:24:07
[07:19:22][rank0] step=139000  epoch=15  loss=0.9737  acc_e=94.15%  lr=1.58e-04  elapsed=3:24:35
[07:19:50][rank0] step=139500  epoch=15  loss=0.9739  acc_e=94.13%  lr=1.57e-04  elapsed=3:25:03
[07:20:18][rank0] step=140000  epoch=15  loss=0.9740  acc_e=94.13%  lr=1.56e-04  elapsed=3:25:30
[07:20:18][rank0] --- Validation @ step 140000 ---
[07:21:25][rank0]   val loss=0.9795  loss_e=0.9795  acc_e=93.98%  acc_l=0.00%
[07:21:25][rank0]   New best val loss=0.9795 -> /scratch/yuvraj17/adaptive_tracing_scratch/adaptive_tracer/logs/transformer_event_cats5_seq512_382071/model_best.pt
[07:21:25][rank0]   Checkpoint -> /scratch/yuvraj17/adaptive_tracing_scratch/adaptive_tracer/logs/transformer_event_cats5_seq512_382071/ckpt_0140000.pt
[07:21:52][rank0] step=140500  epoch=15  loss=0.9741  acc_e=94.12%  lr=1.56e-04  elapsed=3:27:05
[07:21:58][rank0] Epoch  15/30  loss=0.9742  acc_e=94.12%  acc_l=0.00%  elapsed=3:27:11
[07:22:20][rank0] step=141000  epoch=16  loss=0.9690  acc_e=94.37%  lr=1.55e-04  elapsed=3:27:32
[07:22:47][rank0] step=141500  epoch=16  loss=0.9703  acc_e=94.28%  lr=1.54e-04  elapsed=3:28:00
[07:23:15][rank0] step=142000  epoch=16  loss=0.9718  acc_e=94.19%  lr=1.53e-04  elapsed=3:28:27
[07:23:15][rank0] --- Validation @ step 142000 ---
[07:24:23][rank0]   val loss=0.9829  loss_e=0.9829  acc_e=93.86%  acc_l=0.00%
[07:24:23][rank0]   No improvement count: 1/10
[07:24:51][rank0] step=142500  epoch=16  loss=0.9732  acc_e=94.13%  lr=1.52e-04  elapsed=3:30:04
[07:25:17][rank0] step=143000  epoch=16  loss=0.9728  acc_e=94.17%  lr=1.52e-04  elapsed=3:30:30
[07:25:45][rank0] step=143500  epoch=16  loss=0.9729  acc_e=94.17%  lr=1.51e-04  elapsed=3:30:58
[07:26:13][rank0] step=144000  epoch=16  loss=0.9731  acc_e=94.15%  lr=1.50e-04  elapsed=3:31:26
[07:26:13][rank0] --- Validation @ step 144000 ---
[07:27:19][rank0]   val loss=0.9828  loss_e=0.9828  acc_e=93.98%  acc_l=0.00%
[07:27:19][rank0]   No improvement count: 2/10
[07:27:46][rank0] step=144500  epoch=16  loss=0.9734  acc_e=94.14%  lr=1.49e-04  elapsed=3:32:59
[07:28:13][rank0] step=145000  epoch=16  loss=0.9730  acc_e=94.17%  lr=1.48e-04  elapsed=3:33:26
[07:28:41][rank0] step=145500  epoch=16  loss=0.9735  acc_e=94.15%  lr=1.48e-04  elapsed=3:33:53
[07:29:08][rank0] step=146000  epoch=16  loss=0.9733  acc_e=94.16%  lr=1.47e-04  elapsed=3:34:20
[07:29:08][rank0] --- Validation @ step 146000 ---
[07:30:15][rank0]   val loss=0.9788  loss_e=0.9788  acc_e=93.96%  acc_l=0.00%
[07:30:15][rank0]   New best val loss=0.9788 -> /scratch/yuvraj17/adaptive_tracing_scratch/adaptive_tracer/logs/transformer_event_cats5_seq512_382071/model_best.pt
[07:30:42][rank0] step=146500  epoch=16  loss=0.9731  acc_e=94.17%  lr=1.46e-04  elapsed=3:35:55
[07:31:10][rank0] step=147000  epoch=16  loss=0.9731  acc_e=94.16%  lr=1.45e-04  elapsed=3:36:23
[07:31:38][rank0] step=147500  epoch=16  loss=0.9729  acc_e=94.16%  lr=1.44e-04  elapsed=3:36:51
[07:32:05][rank0] step=148000  epoch=16  loss=0.9730  acc_e=94.17%  lr=1.43e-04  elapsed=3:37:18
[07:32:05][rank0] --- Validation @ step 148000 ---
[07:33:11][rank0]   val loss=0.9791  loss_e=0.9791  acc_e=93.96%  acc_l=0.00%
[07:33:11][rank0]   No improvement count: 1/10
[07:33:39][rank0] step=148500  epoch=16  loss=0.9731  acc_e=94.17%  lr=1.43e-04  elapsed=3:38:52
[07:34:07][rank0] step=149000  epoch=16  loss=0.9735  acc_e=94.15%  lr=1.42e-04  elapsed=3:39:20
[07:34:34][rank0] step=149500  epoch=16  loss=0.9734  acc_e=94.15%  lr=1.41e-04  elapsed=3:39:47
[07:35:01][rank0] Epoch  16/30  loss=0.9736  acc_e=94.14%  acc_l=0.00%  elapsed=3:40:14
[07:35:02][rank0] step=150000  epoch=17  loss=0.9720  acc_e=94.59%  lr=1.40e-04  elapsed=3:40:15
[07:35:02][rank0] --- Validation @ step 150000 ---
[07:36:09][rank0]   val loss=0.9829  loss_e=0.9829  acc_e=93.97%  acc_l=0.00%
[07:36:09][rank0]   No improvement count: 2/10
[07:36:09][rank0]   Checkpoint -> /scratch/yuvraj17/adaptive_tracing_scratch/adaptive_tracer/logs/transformer_event_cats5_seq512_382071/ckpt_0150000.pt
[07:36:36][rank0] step=150500  epoch=17  loss=0.9685  acc_e=94.37%  lr=1.39e-04  elapsed=3:41:49
[07:37:04][rank0] step=151000  epoch=17  loss=0.9706  acc_e=94.25%  lr=1.39e-04  elapsed=3:42:17
[07:37:32][rank0] step=151500  epoch=17  loss=0.9720  acc_e=94.18%  lr=1.38e-04  elapsed=3:42:44
[07:37:59][rank0] step=152000  epoch=17  loss=0.9728  acc_e=94.16%  lr=1.37e-04  elapsed=3:43:12
[07:37:59][rank0] --- Validation @ step 152000 ---
[07:39:05][rank0]   val loss=0.9798  loss_e=0.9798  acc_e=93.94%  acc_l=0.00%
[07:39:05][rank0]   No improvement count: 3/10
[07:39:33][rank0] step=152500  epoch=17  loss=0.9723  acc_e=94.19%  lr=1.36e-04  elapsed=3:44:46
[07:40:00][rank0] step=153000  epoch=17  loss=0.9725  acc_e=94.18%  lr=1.35e-04  elapsed=3:45:13
[07:40:28][rank0] step=153500  epoch=17  loss=0.9726  acc_e=94.17%  lr=1.35e-04  elapsed=3:45:41
[07:40:55][rank0] step=154000  epoch=17  loss=0.9727  acc_e=94.18%  lr=1.34e-04  elapsed=3:46:08
[07:40:55][rank0] --- Validation @ step 154000 ---
[07:42:03][rank0]   val loss=0.9805  loss_e=0.9805  acc_e=93.82%  acc_l=0.00%
[07:42:03][rank0]   No improvement count: 4/10
[07:42:30][rank0] step=154500  epoch=17  loss=0.9726  acc_e=94.18%  lr=1.33e-04  elapsed=3:47:43
[07:42:58][rank0] step=155000  epoch=17  loss=0.9729  acc_e=94.17%  lr=1.32e-04  elapsed=3:48:11
[07:43:25][rank0] step=155500  epoch=17  loss=0.9727  acc_e=94.18%  lr=1.32e-04  elapsed=3:48:38
[07:43:53][rank0] step=156000  epoch=17  loss=0.9726  acc_e=94.18%  lr=1.31e-04  elapsed=3:49:06
[07:43:53][rank0] --- Validation @ step 156000 ---
[07:45:02][rank0]   val loss=0.9820  loss_e=0.9820  acc_e=93.75%  acc_l=0.00%
[07:45:02][rank0]   No improvement count: 5/10
[07:45:30][rank0] step=156500  epoch=17  loss=0.9725  acc_e=94.17%  lr=1.30e-04  elapsed=3:50:43
[07:45:58][rank0] step=157000  epoch=17  loss=0.9725  acc_e=94.18%  lr=1.29e-04  elapsed=3:51:11
[07:46:25][rank0] step=157500  epoch=17  loss=0.9724  acc_e=94.19%  lr=1.28e-04  elapsed=3:51:38
[07:46:53][rank0] step=158000  epoch=17  loss=0.9726  acc_e=94.18%  lr=1.28e-04  elapsed=3:52:06
[07:46:53][rank0] --- Validation @ step 158000 ---
[07:47:59][rank0]   val loss=0.9813  loss_e=0.9813  acc_e=93.92%  acc_l=0.00%
[07:47:59][rank0]   No improvement count: 6/10
[07:48:27][rank0] step=158500  epoch=17  loss=0.9729  acc_e=94.17%  lr=1.27e-04  elapsed=3:53:40
[07:48:54][rank0] step=159000  epoch=17  loss=0.9729  acc_e=94.16%  lr=1.26e-04  elapsed=3:54:07
[07:49:14][rank0] Epoch  17/30  loss=0.9730  acc_e=94.16%  acc_l=0.00%  elapsed=3:54:27
[07:49:22][rank0] step=159500  epoch=18  loss=0.9690  acc_e=94.41%  lr=1.25e-04  elapsed=3:54:35
[07:49:49][rank0] step=160000  epoch=18  loss=0.9682  acc_e=94.39%  lr=1.24e-04  elapsed=3:55:01
[07:49:49][rank0] --- Validation @ step 160000 ---
[07:50:57][rank0]   val loss=0.9795  loss_e=0.9795  acc_e=94.01%  acc_l=0.00%
[07:50:57][rank0]   No improvement count: 7/10
[07:50:57][rank0]   Checkpoint -> /scratch/yuvraj17/adaptive_tracing_scratch/adaptive_tracer/logs/transformer_event_cats5_seq512_382071/ckpt_0160000.pt
[07:51:25][rank0] step=160500  epoch=18  loss=0.9701  acc_e=94.27%  lr=1.24e-04  elapsed=3:56:38
[07:51:53][rank0] step=161000  epoch=18  loss=0.9719  acc_e=94.18%  lr=1.23e-04  elapsed=3:57:05
[07:52:20][rank0] step=161500  epoch=18  loss=0.9722  acc_e=94.18%  lr=1.22e-04  elapsed=3:57:33
[07:52:47][rank0] step=162000  epoch=18  loss=0.9717  acc_e=94.22%  lr=1.21e-04  elapsed=3:58:00
[07:52:47][rank0] --- Validation @ step 162000 ---
[07:53:54][rank0]   val loss=0.9787  loss_e=0.9787  acc_e=94.06%  acc_l=0.00%
[07:53:54][rank0]   New best val loss=0.9787 -> /scratch/yuvraj17/adaptive_tracing_scratch/adaptive_tracer/logs/transformer_event_cats5_seq512_382071/model_best.pt
[07:54:22][rank0] step=162500  epoch=18  loss=0.9720  acc_e=94.20%  lr=1.21e-04  elapsed=3:59:35
[07:54:50][rank0] step=163000  epoch=18  loss=0.9721  acc_e=94.18%  lr=1.20e-04  elapsed=4:00:03
[07:55:17][rank0] step=163500  epoch=18  loss=0.9719  acc_e=94.21%  lr=1.19e-04  elapsed=4:00:30
[07:55:44][rank0] step=164000  epoch=18  loss=0.9721  acc_e=94.20%  lr=1.18e-04  elapsed=4:00:57
[07:55:44][rank0] --- Validation @ step 164000 ---
[07:56:50][rank0]   val loss=0.9788  loss_e=0.9788  acc_e=94.13%  acc_l=0.00%
[07:56:50][rank0]   No improvement count: 1/10
[07:57:18][rank0] step=164500  epoch=18  loss=0.9723  acc_e=94.19%  lr=1.17e-04  elapsed=4:02:31
[07:57:45][rank0] step=165000  epoch=18  loss=0.9720  acc_e=94.21%  lr=1.17e-04  elapsed=4:02:58
[07:58:14][rank0] step=165500  epoch=18  loss=0.9720  acc_e=94.20%  lr=1.16e-04  elapsed=4:03:26
[07:58:42][rank0] step=166000  epoch=18  loss=0.9720  acc_e=94.20%  lr=1.15e-04  elapsed=4:03:55
[07:58:42][rank0] --- Validation @ step 166000 ---
[07:59:49][rank0]   val loss=0.9824  loss_e=0.9824  acc_e=94.10%  acc_l=0.00%
[07:59:49][rank0]   No improvement count: 2/10
[08:00:17][rank0] step=166500  epoch=18  loss=0.9720  acc_e=94.20%  lr=1.14e-04  elapsed=4:05:30
[08:00:44][rank0] step=167000  epoch=18  loss=0.9720  acc_e=94.21%  lr=1.14e-04  elapsed=4:05:57
[08:01:13][rank0] step=167500  epoch=18  loss=0.9722  acc_e=94.19%  lr=1.13e-04  elapsed=4:06:26
[08:01:41][rank0] step=168000  epoch=18  loss=0.9724  acc_e=94.19%  lr=1.12e-04  elapsed=4:06:54
[08:01:41][rank0] --- Validation @ step 168000 ---
[08:02:50][rank0]   val loss=0.9784  loss_e=0.9784  acc_e=94.10%  acc_l=0.00%
[08:02:50][rank0]   New best val loss=0.9784 -> /scratch/yuvraj17/adaptive_tracing_scratch/adaptive_tracer/logs/transformer_event_cats5_seq512_382071/model_best.pt
[08:03:18][rank0] step=168500  epoch=18  loss=0.9724  acc_e=94.18%  lr=1.11e-04  elapsed=4:08:31
[08:03:30][rank0] Epoch  18/30  loss=0.9725  acc_e=94.18%  acc_l=0.00%  elapsed=4:08:43
[08:03:45][rank0] step=169000  epoch=19  loss=0.9683  acc_e=94.41%  lr=1.11e-04  elapsed=4:08:58
[08:04:13][rank0] step=169500  epoch=19  loss=0.9682  acc_e=94.37%  lr=1.10e-04  elapsed=4:09:25
[08:04:40][rank0] step=170000  epoch=19  loss=0.9702  acc_e=94.26%  lr=1.09e-04  elapsed=4:09:53
[08:04:40][rank0] --- Validation @ step 170000 ---
[08:05:47][rank0]   val loss=0.9813  loss_e=0.9813  acc_e=93.96%  acc_l=0.00%
[08:05:47][rank0]   No improvement count: 1/10
[08:05:47][rank0]   Checkpoint -> /scratch/yuvraj17/adaptive_tracing_scratch/adaptive_tracer/logs/transformer_event_cats5_seq512_382071/ckpt_0170000.pt
[08:06:15][rank0] step=170500  epoch=19  loss=0.9716  acc_e=94.19%  lr=1.08e-04  elapsed=4:11:28
[08:06:42][rank0] step=171000  epoch=19  loss=0.9715  acc_e=94.22%  lr=1.07e-04  elapsed=4:11:55
[08:07:09][rank0] step=171500  epoch=19  loss=0.9713  acc_e=94.23%  lr=1.07e-04  elapsed=4:12:22
[08:07:37][rank0] step=172000  epoch=19  loss=0.9716  acc_e=94.21%  lr=1.06e-04  elapsed=4:12:50
[08:07:37][rank0] --- Validation @ step 172000 ---
[08:08:43][rank0]   val loss=0.9811  loss_e=0.9811  acc_e=94.07%  acc_l=0.00%
[08:08:43][rank0]   No improvement count: 2/10
[08:09:11][rank0] step=172500  epoch=19  loss=0.9718  acc_e=94.19%  lr=1.05e-04  elapsed=4:14:24
[08:09:37][rank0] step=173000  epoch=19  loss=0.9715  acc_e=94.22%  lr=1.04e-04  elapsed=4:14:50
[08:10:05][rank0] step=173500  epoch=19  loss=0.9719  acc_e=94.20%  lr=1.04e-04  elapsed=4:15:18
[08:10:32][rank0] step=174000  epoch=19  loss=0.9718  acc_e=94.21%  lr=1.03e-04  elapsed=4:15:45
[08:10:32][rank0] --- Validation @ step 174000 ---
[08:11:40][rank0]   val loss=0.9785  loss_e=0.9785  acc_e=94.01%  acc_l=0.00%
[08:11:40][rank0]   No improvement count: 3/10
[08:12:07][rank0] step=174500  epoch=19  loss=0.9716  acc_e=94.22%  lr=1.02e-04  elapsed=4:17:20
[08:12:35][rank0] step=175000  epoch=19  loss=0.9716  acc_e=94.21%  lr=1.01e-04  elapsed=4:17:48
[08:13:04][rank0] step=175500  epoch=19  loss=0.9715  acc_e=94.21%  lr=1.01e-04  elapsed=4:18:17
[08:13:32][rank0] step=176000  epoch=19  loss=0.9716  acc_e=94.22%  lr=1.00e-04  elapsed=4:18:44
[08:13:32][rank0] --- Validation @ step 176000 ---
[08:14:38][rank0]   val loss=0.9786  loss_e=0.9786  acc_e=94.03%  acc_l=0.00%
[08:14:38][rank0]   No improvement count: 4/10
[08:15:06][rank0] step=176500  epoch=19  loss=0.9716  acc_e=94.22%  lr=9.93e-05  elapsed=4:20:19
[08:15:34][rank0] step=177000  epoch=19  loss=0.9718  acc_e=94.20%  lr=9.85e-05  elapsed=4:20:47
[08:16:02][rank0] step=177500  epoch=19  loss=0.9719  acc_e=94.20%  lr=9.78e-05  elapsed=4:21:15
[08:16:30][rank0] step=178000  epoch=19  loss=0.9720  acc_e=94.20%  lr=9.71e-05  elapsed=4:21:43
[08:16:30][rank0] --- Validation @ step 178000 ---
[08:17:36][rank0]   val loss=0.9799  loss_e=0.9799  acc_e=94.08%  acc_l=0.00%
[08:17:36][rank0]   No improvement count: 5/10
[08:17:42][rank0] Epoch  19/30  loss=0.9721  acc_e=94.19%  acc_l=0.00%  elapsed=4:22:55
[08:18:04][rank0] step=178500  epoch=20  loss=0.9674  acc_e=94.45%  lr=9.63e-05  elapsed=4:23:16
[08:18:31][rank0] step=179000  epoch=20  loss=0.9686  acc_e=94.34%  lr=9.56e-05  elapsed=4:23:44
[08:18:58][rank0] step=179500  epoch=20  loss=0.9700  acc_e=94.26%  lr=9.49e-05  elapsed=4:24:11
[08:19:26][rank0] step=180000  epoch=20  loss=0.9714  acc_e=94.20%  lr=9.42e-05  elapsed=4:24:39
[08:19:26][rank0] --- Validation @ step 180000 ---
[08:20:32][rank0]   val loss=0.9827  loss_e=0.9827  acc_e=93.98%  acc_l=0.00%
[08:20:32][rank0]   No improvement count: 6/10
[08:20:32][rank0]   Checkpoint -> /scratch/yuvraj17/adaptive_tracing_scratch/adaptive_tracer/logs/transformer_event_cats5_seq512_382071/ckpt_0180000.pt
[08:20:59][rank0] step=180500  epoch=20  loss=0.9710  acc_e=94.24%  lr=9.34e-05  elapsed=4:26:12
[08:21:26][rank0] step=181000  epoch=20  loss=0.9710  acc_e=94.24%  lr=9.27e-05  elapsed=4:26:39
[08:21:54][rank0] step=181500  epoch=20  loss=0.9713  acc_e=94.22%  lr=9.20e-05  elapsed=4:27:07
[08:22:21][rank0] step=182000  epoch=20  loss=0.9716  acc_e=94.21%  lr=9.13e-05  elapsed=4:27:34
[08:22:21][rank0] --- Validation @ step 182000 ---
[08:23:30][rank0]   val loss=0.9779  loss_e=0.9779  acc_e=94.11%  acc_l=0.00%
[08:23:30][rank0]   New best val loss=0.9779 -> /scratch/yuvraj17/adaptive_tracing_scratch/adaptive_tracer/logs/transformer_event_cats5_seq512_382071/model_best.pt
[08:23:57][rank0] step=182500  epoch=20  loss=0.9711  acc_e=94.24%  lr=9.06e-05  elapsed=4:29:10
[08:24:24][rank0] step=183000  epoch=20  loss=0.9716  acc_e=94.22%  lr=8.99e-05  elapsed=4:29:37
[08:24:51][rank0] step=183500  epoch=20  loss=0.9714  acc_e=94.23%  lr=8.92e-05  elapsed=4:30:04
[08:25:18][rank0] step=184000  epoch=20  loss=0.9713  acc_e=94.23%  lr=8.84e-05  elapsed=4:30:31
[08:25:18][rank0] --- Validation @ step 184000 ---
[08:26:26][rank0]   val loss=0.9782  loss_e=0.9782  acc_e=94.08%  acc_l=0.00%
[08:26:26][rank0]   No improvement count: 1/10
[08:26:55][rank0] step=184500  epoch=20  loss=0.9713  acc_e=94.23%  lr=8.77e-05  elapsed=4:32:07
[08:27:23][rank0] step=185000  epoch=20  loss=0.9711  acc_e=94.23%  lr=8.70e-05  elapsed=4:32:36
[08:27:50][rank0] step=185500  epoch=20  loss=0.9712  acc_e=94.24%  lr=8.63e-05  elapsed=4:33:03
[08:28:18][rank0] step=186000  epoch=20  loss=0.9713  acc_e=94.23%  lr=8.56e-05  elapsed=4:33:31
[08:28:18][rank0] --- Validation @ step 186000 ---
[08:29:24][rank0]   val loss=0.9801  loss_e=0.9801  acc_e=93.95%  acc_l=0.00%
[08:29:24][rank0]   No improvement count: 2/10
[08:29:52][rank0] step=186500  epoch=20  loss=0.9717  acc_e=94.21%  lr=8.50e-05  elapsed=4:35:05
[08:30:19][rank0] step=187000  epoch=20  loss=0.9716  acc_e=94.22%  lr=8.43e-05  elapsed=4:35:32
[08:30:46][rank0] Epoch  20/30  loss=0.9718  acc_e=94.21%  acc_l=0.00%  elapsed=4:35:59
[08:30:47][rank0] step=187500  epoch=21  loss=0.9677  acc_e=94.66%  lr=8.36e-05  elapsed=4:36:00
[08:31:14][rank0] step=188000  epoch=21  loss=0.9671  acc_e=94.45%  lr=8.29e-05  elapsed=4:36:27
[08:31:14][rank0] --- Validation @ step 188000 ---
[08:32:22][rank0]   val loss=0.9776  loss_e=0.9776  acc_e=94.10%  acc_l=0.00%
[08:32:22][rank0]   New best val loss=0.9776 -> /scratch/yuvraj17/adaptive_tracing_scratch/adaptive_tracer/logs/transformer_event_cats5_seq512_382071/model_best.pt
[08:32:49][rank0] step=188500  epoch=21  loss=0.9691  acc_e=94.32%  lr=8.22e-05  elapsed=4:38:02
[08:33:17][rank0] step=189000  epoch=21  loss=0.9704  acc_e=94.25%  lr=8.15e-05  elapsed=4:38:30
[08:33:45][rank0] step=189500  epoch=21  loss=0.9711  acc_e=94.22%  lr=8.08e-05  elapsed=4:38:57
[08:34:12][rank0] step=190000  epoch=21  loss=0.9707  acc_e=94.26%  lr=8.02e-05  elapsed=4:39:25
[08:34:12][rank0] --- Validation @ step 190000 ---
[08:35:19][rank0]   val loss=0.9778  loss_e=0.9778  acc_e=93.99%  acc_l=0.00%
[08:35:19][rank0]   No improvement count: 1/10
[08:35:19][rank0]   Checkpoint -> /scratch/yuvraj17/adaptive_tracing_scratch/adaptive_tracer/logs/transformer_event_cats5_seq512_382071/ckpt_0190000.pt
[08:35:47][rank0] step=190500  epoch=21  loss=0.9709  acc_e=94.25%  lr=7.95e-05  elapsed=4:40:59
[08:36:14][rank0] step=191000  epoch=21  loss=0.9710  acc_e=94.23%  lr=7.88e-05  elapsed=4:41:27
[08:36:41][rank0] step=191500  epoch=21  loss=0.9710  acc_e=94.24%  lr=7.81e-05  elapsed=4:41:54
[08:37:08][rank0] step=192000  epoch=21  loss=0.9709  acc_e=94.25%  lr=7.75e-05  elapsed=4:42:21
[08:37:08][rank0] --- Validation @ step 192000 ---
[08:38:15][rank0]   val loss=0.9776  loss_e=0.9776  acc_e=94.11%  acc_l=0.00%
[08:38:15][rank0]   New best val loss=0.9776 -> /scratch/yuvraj17/adaptive_tracing_scratch/adaptive_tracer/logs/transformer_event_cats5_seq512_382071/model_best.pt
[08:38:43][rank0] step=192500  epoch=21  loss=0.9713  acc_e=94.23%  lr=7.68e-05  elapsed=4:43:56
[08:39:10][rank0] step=193000  epoch=21  loss=0.9710  acc_e=94.25%  lr=7.61e-05  elapsed=4:44:23
[08:39:37][rank0] step=193500  epoch=21  loss=0.9709  acc_e=94.25%  lr=7.55e-05  elapsed=4:44:50
[08:40:05][rank0] step=194000  epoch=21  loss=0.9709  acc_e=94.24%  lr=7.48e-05  elapsed=4:45:18
[08:40:05][rank0] --- Validation @ step 194000 ---
[08:41:13][rank0]   val loss=0.9808  loss_e=0.9808  acc_e=94.02%  acc_l=0.00%
[08:41:13][rank0]   No improvement count: 1/10
[08:41:41][rank0] step=194500  epoch=21  loss=0.9708  acc_e=94.25%  lr=7.42e-05  elapsed=4:46:54
[08:42:08][rank0] step=195000  epoch=21  loss=0.9707  acc_e=94.25%  lr=7.35e-05  elapsed=4:47:21
[08:42:36][rank0] step=195500  epoch=21  loss=0.9710  acc_e=94.24%  lr=7.29e-05  elapsed=4:47:49
[08:43:04][rank0] step=196000  epoch=21  loss=0.9712  acc_e=94.23%  lr=7.22e-05  elapsed=4:48:17
[08:43:04][rank0] --- Validation @ step 196000 ---
[08:44:12][rank0]   val loss=0.9782  loss_e=0.9782  acc_e=93.99%  acc_l=0.00%
[08:44:12][rank0]   No improvement count: 2/10
[08:44:39][rank0] step=196500  epoch=21  loss=0.9713  acc_e=94.23%  lr=7.16e-05  elapsed=4:49:52
[08:44:58][rank0] Epoch  21/30  loss=0.9714  acc_e=94.22%  acc_l=0.00%  elapsed=4:50:11
[08:45:06][rank0] step=197000  epoch=22  loss=0.9687  acc_e=94.46%  lr=7.09e-05  elapsed=4:50:19
[08:45:33][rank0] step=197500  epoch=22  loss=0.9671  acc_e=94.45%  lr=7.03e-05  elapsed=4:50:46
[08:46:01][rank0] step=198000  epoch=22  loss=0.9688  acc_e=94.33%  lr=6.96e-05  elapsed=4:51:14
[08:46:01][rank0] --- Validation @ step 198000 ---
[08:47:08][rank0]   val loss=0.9793  loss_e=0.9793  acc_e=94.03%  acc_l=0.00%
[08:47:08][rank0]   No improvement count: 3/10
[08:47:36][rank0] step=198500  epoch=22  loss=0.9705  acc_e=94.24%  lr=6.90e-05  elapsed=4:52:49
[08:48:04][rank0] step=199000  epoch=22  loss=0.9708  acc_e=94.24%  lr=6.84e-05  elapsed=4:53:17
[08:48:31][rank0] step=199500  epoch=22  loss=0.9703  acc_e=94.28%  lr=6.78e-05  elapsed=4:53:44
[08:48:59][rank0] step=200000  epoch=22  loss=0.9706  acc_e=94.25%  lr=6.71e-05  elapsed=4:54:12
[08:48:59][rank0] --- Validation @ step 200000 ---
[08:50:07][rank0]   val loss=0.9795  loss_e=0.9795  acc_e=94.02%  acc_l=0.00%
[08:50:07][rank0]   No improvement count: 4/10
[08:50:07][rank0]   Checkpoint -> /scratch/yuvraj17/adaptive_tracing_scratch/adaptive_tracer/logs/transformer_event_cats5_seq512_382071/ckpt_0200000.pt
[08:50:35][rank0] step=200500  epoch=22  loss=0.9707  acc_e=94.24%  lr=6.65e-05  elapsed=4:55:48
[08:51:02][rank0] step=201000  epoch=22  loss=0.9705  acc_e=94.26%  lr=6.59e-05  elapsed=4:56:15
[08:51:30][rank0] step=201500  epoch=22  loss=0.9707  acc_e=94.25%  lr=6.53e-05  elapsed=4:56:43
[08:51:57][rank0] step=202000  epoch=22  loss=0.9709  acc_e=94.25%  lr=6.47e-05  elapsed=4:57:10
[08:51:57][rank0] --- Validation @ step 202000 ---
[08:53:03][rank0]   val loss=0.9766  loss_e=0.9766  acc_e=94.15%  acc_l=0.00%
[08:53:04][rank0]   New best val loss=0.9766 -> /scratch/yuvraj17/adaptive_tracing_scratch/adaptive_tracer/logs/transformer_event_cats5_seq512_382071/model_best.pt
[08:53:31][rank0] step=202500  epoch=22  loss=0.9706  acc_e=94.26%  lr=6.40e-05  elapsed=4:58:44
[08:53:59][rank0] step=203000  epoch=22  loss=0.9706  acc_e=94.25%  lr=6.34e-05  elapsed=4:59:12
[08:54:28][rank0] step=203500  epoch=22  loss=0.9706  acc_e=94.25%  lr=6.28e-05  elapsed=4:59:40
[08:54:55][rank0] step=204000  epoch=22  loss=0.9706  acc_e=94.25%  lr=6.22e-05  elapsed=5:00:08
[08:54:55][rank0] --- Validation @ step 204000 ---
[08:56:03][rank0]   val loss=0.9774  loss_e=0.9774  acc_e=94.15%  acc_l=0.00%
[08:56:03][rank0]   No improvement count: 1/10
[08:56:30][rank0] step=204500  epoch=22  loss=0.9705  acc_e=94.26%  lr=6.16e-05  elapsed=5:01:43
[08:56:59][rank0] step=205000  epoch=22  loss=0.9708  acc_e=94.25%  lr=6.10e-05  elapsed=5:02:12
[08:57:26][rank0] step=205500  epoch=22  loss=0.9710  acc_e=94.24%  lr=6.05e-05  elapsed=5:02:39
[08:57:54][rank0] step=206000  epoch=22  loss=0.9710  acc_e=94.24%  lr=5.99e-05  elapsed=5:03:07
[08:57:54][rank0] --- Validation @ step 206000 ---
[08:59:01][rank0]   val loss=0.9785  loss_e=0.9785  acc_e=94.13%  acc_l=0.00%
[08:59:01][rank0]   No improvement count: 2/10
[08:59:14][rank0] Epoch  22/30  loss=0.9711  acc_e=94.23%  acc_l=0.00%  elapsed=5:04:27
[08:59:29][rank0] step=206500  epoch=23  loss=0.9671  acc_e=94.48%  lr=5.93e-05  elapsed=5:04:42
[08:59:57][rank0] step=207000  epoch=23  loss=0.9670  acc_e=94.42%  lr=5.87e-05  elapsed=5:05:09
[09:00:25][rank0] step=207500  epoch=23  loss=0.9690  acc_e=94.31%  lr=5.81e-05  elapsed=5:05:38
[09:00:53][rank0] step=208000  epoch=23  loss=0.9704  acc_e=94.24%  lr=5.75e-05  elapsed=5:06:06
[09:00:53][rank0] --- Validation @ step 208000 ---
[09:02:02][rank0]   val loss=0.9798  loss_e=0.9798  acc_e=94.06%  acc_l=0.00%
[09:02:02][rank0]   No improvement count: 3/10
[09:02:30][rank0] step=208500  epoch=23  loss=0.9702  acc_e=94.27%  lr=5.70e-05  elapsed=5:07:43
[09:02:57][rank0] step=209000  epoch=23  loss=0.9700  acc_e=94.29%  lr=5.64e-05  elapsed=5:08:10
[09:03:25][rank0] step=209500  epoch=23  loss=0.9703  acc_e=94.26%  lr=5.58e-05  elapsed=5:08:38
[09:03:54][rank0] step=210000  epoch=23  loss=0.9705  acc_e=94.25%  lr=5.53e-05  elapsed=5:09:06
[09:03:54][rank0] --- Validation @ step 210000 ---
[09:05:01][rank0]   val loss=0.9787  loss_e=0.9787  acc_e=94.18%  acc_l=0.00%
[09:05:01][rank0]   No improvement count: 4/10
[09:05:01][rank0]   Checkpoint -> /scratch/yuvraj17/adaptive_tracing_scratch/adaptive_tracer/logs/transformer_event_cats5_seq512_382071/ckpt_0210000.pt
[09:05:27][rank0] step=210500  epoch=23  loss=0.9703  acc_e=94.27%  lr=5.47e-05  elapsed=5:10:40
[09:05:55][rank0] step=211000  epoch=23  loss=0.9706  acc_e=94.26%  lr=5.41e-05  elapsed=5:11:08
[09:06:22][rank0] step=211500  epoch=23  loss=0.9706  acc_e=94.26%  lr=5.36e-05  elapsed=5:11:35
[09:06:49][rank0] step=212000  epoch=23  loss=0.9704  acc_e=94.27%  lr=5.30e-05  elapsed=5:12:02
[09:06:49][rank0] --- Validation @ step 212000 ---
[09:07:59][rank0]   val loss=0.9768  loss_e=0.9768  acc_e=94.15%  acc_l=0.00%
[09:07:59][rank0]   No improvement count: 5/10
[09:08:27][rank0] step=212500  epoch=23  loss=0.9704  acc_e=94.26%  lr=5.25e-05  elapsed=5:13:40
[09:08:56][rank0] step=213000  epoch=23  loss=0.9703  acc_e=94.26%  lr=5.20e-05  elapsed=5:14:08
[09:09:23][rank0] step=213500  epoch=23  loss=0.9703  acc_e=94.27%  lr=5.14e-05  elapsed=5:14:36
[09:09:51][rank0] step=214000  epoch=23  loss=0.9703  acc_e=94.27%  lr=5.09e-05  elapsed=5:15:04
[09:09:51][rank0] --- Validation @ step 214000 ---
[09:10:58][rank0]   val loss=0.9776  loss_e=0.9776  acc_e=94.03%  acc_l=0.00%
[09:10:58][rank0]   No improvement count: 6/10
[09:11:27][rank0] step=214500  epoch=23  loss=0.9706  acc_e=94.25%  lr=5.03e-05  elapsed=5:16:39
[09:11:54][rank0] step=215000  epoch=23  loss=0.9706  acc_e=94.26%  lr=4.98e-05  elapsed=5:17:07
[09:12:22][rank0] step=215500  epoch=23  loss=0.9707  acc_e=94.25%  lr=4.93e-05  elapsed=5:17:35
[09:12:28][rank0] Epoch  23/30  loss=0.9708  acc_e=94.25%  acc_l=0.00%  elapsed=5:17:41
[09:12:50][rank0] step=216000  epoch=24  loss=0.9662  acc_e=94.50%  lr=4.88e-05  elapsed=5:18:03
[09:12:50][rank0] --- Validation @ step 216000 ---
[09:13:57][rank0]   val loss=0.9769  loss_e=0.9769  acc_e=94.00%  acc_l=0.00%
[09:13:57][rank0]   No improvement count: 7/10
[09:14:25][rank0] step=216500  epoch=24  loss=0.9676  acc_e=94.39%  lr=4.82e-05  elapsed=5:19:38
[09:14:53][rank0] step=217000  epoch=24  loss=0.9688  acc_e=94.31%  lr=4.77e-05  elapsed=5:20:06
[09:15:21][rank0] step=217500  epoch=24  loss=0.9701  acc_e=94.25%  lr=4.72e-05  elapsed=5:20:34
[09:15:48][rank0] step=218000  epoch=24  loss=0.9698  acc_e=94.29%  lr=4.67e-05  elapsed=5:21:01
[09:15:48][rank0] --- Validation @ step 218000 ---
[09:16:55][rank0]   val loss=0.9768  loss_e=0.9768  acc_e=94.02%  acc_l=0.00%
[09:16:55][rank0]   No improvement count: 8/10
[09:17:23][rank0] step=218500  epoch=24  loss=0.9699  acc_e=94.29%  lr=4.62e-05  elapsed=5:22:36
[09:17:51][rank0] step=219000  epoch=24  loss=0.9702  acc_e=94.27%  lr=4.57e-05  elapsed=5:23:04
[09:18:18][rank0] step=219500  epoch=24  loss=0.9704  acc_e=94.26%  lr=4.52e-05  elapsed=5:23:31
[09:18:45][rank0] step=220000  epoch=24  loss=0.9700  acc_e=94.29%  lr=4.47e-05  elapsed=5:23:58
[09:18:45][rank0] --- Validation @ step 220000 ---
[09:19:54][rank0]   val loss=0.9766  loss_e=0.9766  acc_e=94.13%  acc_l=0.00%
[09:19:54][rank0]   New best val loss=0.9766 -> /scratch/yuvraj17/adaptive_tracing_scratch/adaptive_tracer/logs/transformer_event_cats5_seq512_382071/model_best.pt
[09:19:54][rank0]   Checkpoint -> /scratch/yuvraj17/adaptive_tracing_scratch/adaptive_tracer/logs/transformer_event_cats5_seq512_382071/ckpt_0220000.pt
[09:20:21][rank0] step=220500  epoch=24  loss=0.9705  acc_e=94.27%  lr=4.42e-05  elapsed=5:25:34
[09:20:48][rank0] step=221000  epoch=24  loss=0.9703  acc_e=94.28%  lr=4.37e-05  elapsed=5:26:01
[09:21:15][rank0] step=221500  epoch=24  loss=0.9701  acc_e=94.28%  lr=4.32e-05  elapsed=5:26:28
[09:21:43][rank0] step=222000  epoch=24  loss=0.9701  acc_e=94.27%  lr=4.28e-05  elapsed=5:26:56
[09:21:43][rank0] --- Validation @ step 222000 ---
[09:22:51][rank0]   val loss=0.9801  loss_e=0.9801  acc_e=93.91%  acc_l=0.00%
[09:22:51][rank0]   No improvement count: 1/10
[09:23:19][rank0] step=222500  epoch=24  loss=0.9700  acc_e=94.28%  lr=4.23e-05  elapsed=5:28:32
[09:23:46][rank0] step=223000  epoch=24  loss=0.9700  acc_e=94.28%  lr=4.18e-05  elapsed=5:28:59
[09:24:14][rank0] step=223500  epoch=24  loss=0.9701  acc_e=94.28%  lr=4.13e-05  elapsed=5:29:27
[09:24:42][rank0] step=224000  epoch=24  loss=0.9705  acc_e=94.26%  lr=4.09e-05  elapsed=5:29:55
[09:24:42][rank0] --- Validation @ step 224000 ---
[09:25:48][rank0]   val loss=0.9791  loss_e=0.9791  acc_e=94.01%  acc_l=0.00%
[09:25:48][rank0]   No improvement count: 2/10
[09:26:15][rank0] step=224500  epoch=24  loss=0.9704  acc_e=94.26%  lr=4.04e-05  elapsed=5:31:28
[09:26:42][rank0] Epoch  24/30  loss=0.9706  acc_e=94.26%  acc_l=0.00%  elapsed=5:31:54
[09:26:43][rank0] step=225000  epoch=25  loss=0.9632  acc_e=94.85%  lr=4.00e-05  elapsed=5:31:56
[09:27:10][rank0] step=225500  epoch=25  loss=0.9662  acc_e=94.50%  lr=3.95e-05  elapsed=5:32:23
[09:27:38][rank0] step=226000  epoch=25  loss=0.9681  acc_e=94.37%  lr=3.91e-05  elapsed=5:32:51
[09:27:38][rank0] --- Validation @ step 226000 ---
[09:28:47][rank0]   val loss=0.9776  loss_e=0.9776  acc_e=94.14%  acc_l=0.00%
[09:28:47][rank0]   No improvement count: 3/10
[09:29:15][rank0] step=226500  epoch=25  loss=0.9693  acc_e=94.30%  lr=3.86e-05  elapsed=5:34:28
[09:29:43][rank0] step=227000  epoch=25  loss=0.9702  acc_e=94.27%  lr=3.82e-05  elapsed=5:34:56
[09:30:10][rank0] step=227500  epoch=25  loss=0.9696  acc_e=94.30%  lr=3.77e-05  elapsed=5:35:23
[09:30:38][rank0] step=228000  epoch=25  loss=0.9699  acc_e=94.29%  lr=3.73e-05  elapsed=5:35:51
[09:30:38][rank0] --- Validation @ step 228000 ---
[09:31:48][rank0]   val loss=0.9776  loss_e=0.9776  acc_e=94.06%  acc_l=0.00%
[09:31:48][rank0]   No improvement count: 4/10
[09:32:16][rank0] step=228500  epoch=25  loss=0.9700  acc_e=94.27%  lr=3.69e-05  elapsed=5:37:29
[09:32:43][rank0] step=229000  epoch=25  loss=0.9700  acc_e=94.28%  lr=3.64e-05  elapsed=5:37:56
[09:33:10][rank0] step=229500  epoch=25  loss=0.9700  acc_e=94.29%  lr=3.60e-05  elapsed=5:38:23
[09:33:38][rank0] step=230000  epoch=25  loss=0.9703  acc_e=94.27%  lr=3.56e-05  elapsed=5:38:51
[09:33:38][rank0] --- Validation @ step 230000 ---
[09:34:47][rank0]   val loss=0.9762  loss_e=0.9762  acc_e=94.12%  acc_l=0.00%
[09:34:47][rank0]   New best val loss=0.9762 -> /scratch/yuvraj17/adaptive_tracing_scratch/adaptive_tracer/logs/transformer_event_cats5_seq512_382071/model_best.pt
[09:34:47][rank0]   Checkpoint -> /scratch/yuvraj17/adaptive_tracing_scratch/adaptive_tracer/logs/transformer_event_cats5_seq512_382071/ckpt_0230000.pt
[09:35:13][rank0] step=230500  epoch=25  loss=0.9700  acc_e=94.29%  lr=3.52e-05  elapsed=5:40:26
[09:35:41][rank0] step=231000  epoch=25  loss=0.9700  acc_e=94.29%  lr=3.48e-05  elapsed=5:40:54
[09:36:09][rank0] step=231500  epoch=25  loss=0.9699  acc_e=94.28%  lr=3.44e-05  elapsed=5:41:22
[09:36:37][rank0] step=232000  epoch=25  loss=0.9698  acc_e=94.29%  lr=3.40e-05  elapsed=5:41:50
[09:36:37][rank0] --- Validation @ step 232000 ---
[09:37:44][rank0]   val loss=0.9789  loss_e=0.9789  acc_e=93.95%  acc_l=0.00%
[09:37:44][rank0]   No improvement count: 1/10
[09:38:11][rank0] step=232500  epoch=25  loss=0.9697  acc_e=94.29%  lr=3.36e-05  elapsed=5:43:24
[09:38:40][rank0] step=233000  epoch=25  loss=0.9700  acc_e=94.28%  lr=3.32e-05  elapsed=5:43:52
[09:39:08][rank0] step=233500  epoch=25  loss=0.9702  acc_e=94.27%  lr=3.28e-05  elapsed=5:44:21
[09:39:35][rank0] step=234000  epoch=25  loss=0.9703  acc_e=94.27%  lr=3.24e-05  elapsed=5:44:48
[09:39:35][rank0] --- Validation @ step 234000 ---
[09:40:43][rank0]   val loss=0.9779  loss_e=0.9779  acc_e=94.02%  acc_l=0.00%
[09:40:43][rank0]   No improvement count: 2/10
[09:41:02][rank0] Epoch  25/30  loss=0.9704  acc_e=94.26%  acc_l=0.00%  elapsed=5:46:15
[09:41:11][rank0] step=234500  epoch=26  loss=0.9671  acc_e=94.53%  lr=3.20e-05  elapsed=5:46:24
[09:41:38][rank0] step=235000  epoch=26  loss=0.9662  acc_e=94.50%  lr=3.16e-05  elapsed=5:46:51
[09:42:06][rank0] step=235500  epoch=26  loss=0.9680  acc_e=94.37%  lr=3.12e-05  elapsed=5:47:19
[09:42:34][rank0] step=236000  epoch=26  loss=0.9695  acc_e=94.29%  lr=3.09e-05  elapsed=5:47:47
[09:42:34][rank0] --- Validation @ step 236000 ---
[09:43:41][rank0]   val loss=0.9783  loss_e=0.9783  acc_e=94.10%  acc_l=0.00%
[09:43:41][rank0]   No improvement count: 3/10
[09:44:09][rank0] step=236500  epoch=26  loss=0.9699  acc_e=94.29%  lr=3.05e-05  elapsed=5:49:21
[09:44:36][rank0] step=237000  epoch=26  loss=0.9694  acc_e=94.32%  lr=3.01e-05  elapsed=5:49:49
[09:45:04][rank0] step=237500  epoch=26  loss=0.9697  acc_e=94.30%  lr=2.98e-05  elapsed=5:50:17
[09:45:32][rank0] step=238000  epoch=26  loss=0.9698  acc_e=94.28%  lr=2.94e-05  elapsed=5:50:45
[09:45:32][rank0] --- Validation @ step 238000 ---
[09:46:42][rank0]   val loss=0.9780  loss_e=0.9780  acc_e=94.18%  acc_l=0.00%
[09:46:42][rank0]   No improvement count: 4/10
[09:47:08][rank0] step=238500  epoch=26  loss=0.9696  acc_e=94.31%  lr=2.91e-05  elapsed=5:52:21
[09:47:36][rank0] step=239000  epoch=26  loss=0.9699  acc_e=94.29%  lr=2.87e-05  elapsed=5:52:49
[09:48:03][rank0] step=239500  epoch=26  loss=0.9700  acc_e=94.29%  lr=2.84e-05  elapsed=5:53:16
[09:48:31][rank0] step=240000  epoch=26  loss=0.9697  acc_e=94.30%  lr=2.80e-05  elapsed=5:53:43
[09:48:31][rank0] --- Validation @ step 240000 ---
[09:49:41][rank0]   val loss=0.9767  loss_e=0.9767  acc_e=94.05%  acc_l=0.00%
[09:49:41][rank0]   No improvement count: 5/10
[09:49:41][rank0]   Checkpoint -> /scratch/yuvraj17/adaptive_tracing_scratch/adaptive_tracer/logs/transformer_event_cats5_seq512_382071/ckpt_0240000.pt
[09:50:08][rank0] step=240500  epoch=26  loss=0.9698  acc_e=94.30%  lr=2.77e-05  elapsed=5:55:21
[09:50:37][rank0] step=241000  epoch=26  loss=0.9697  acc_e=94.29%  lr=2.74e-05  elapsed=5:55:49
[09:51:04][rank0] step=241500  epoch=26  loss=0.9697  acc_e=94.30%  lr=2.71e-05  elapsed=5:56:17
[09:51:31][rank0] step=242000  epoch=26  loss=0.9696  acc_e=94.30%  lr=2.67e-05  elapsed=5:56:44
[09:51:31][rank0] --- Validation @ step 242000 ---
[09:52:41][rank0]   val loss=0.9760  loss_e=0.9760  acc_e=94.14%  acc_l=0.00%
[09:52:41][rank0]   New best val loss=0.9760 -> /scratch/yuvraj17/adaptive_tracing_scratch/adaptive_tracer/logs/transformer_event_cats5_seq512_382071/model_best.pt
[09:53:09][rank0] step=242500  epoch=26  loss=0.9699  acc_e=94.29%  lr=2.64e-05  elapsed=5:58:22
[09:53:37][rank0] step=243000  epoch=26  loss=0.9700  acc_e=94.28%  lr=2.61e-05  elapsed=5:58:50
[09:54:04][rank0] step=243500  epoch=26  loss=0.9701  acc_e=94.28%  lr=2.58e-05  elapsed=5:59:17
[09:54:17][rank0] Epoch  26/30  loss=0.9702  acc_e=94.28%  acc_l=0.00%  elapsed=5:59:30
[09:54:32][rank0] step=244000  epoch=27  loss=0.9665  acc_e=94.52%  lr=2.55e-05  elapsed=5:59:45
[09:54:32][rank0] --- Validation @ step 244000 ---
[09:55:40][rank0]   val loss=0.9768  loss_e=0.9768  acc_e=94.02%  acc_l=0.00%
[09:55:40][rank0]   No improvement count: 1/10
[09:56:08][rank0] step=244500  epoch=27  loss=0.9663  acc_e=94.46%  lr=2.52e-05  elapsed=6:01:21
[09:56:36][rank0] step=245000  epoch=27  loss=0.9682  acc_e=94.35%  lr=2.49e-05  elapsed=6:01:49
[09:57:04][rank0] step=245500  epoch=27  loss=0.9696  acc_e=94.28%  lr=2.46e-05  elapsed=6:02:17
[09:57:32][rank0] step=246000  epoch=27  loss=0.9694  acc_e=94.31%  lr=2.43e-05  elapsed=6:02:45
[09:57:32][rank0] --- Validation @ step 246000 ---
[09:58:39][rank0]   val loss=0.9762  loss_e=0.9762  acc_e=94.04%  acc_l=0.00%
[09:58:39][rank0]   No improvement count: 2/10
[09:59:06][rank0] step=246500  epoch=27  loss=0.9692  acc_e=94.33%  lr=2.40e-05  elapsed=6:04:19
[09:59:34][rank0] step=247000  epoch=27  loss=0.9695  acc_e=94.30%  lr=2.37e-05  elapsed=6:04:47
[10:00:02][rank0] step=247500  epoch=27  loss=0.9698  acc_e=94.28%  lr=2.35e-05  elapsed=6:05:15
[10:00:29][rank0] step=248000  epoch=27  loss=0.9695  acc_e=94.31%  lr=2.32e-05  elapsed=6:05:42
[10:00:29][rank0] --- Validation @ step 248000 ---
[10:01:37][rank0]   val loss=0.9766  loss_e=0.9766  acc_e=94.12%  acc_l=0.00%
[10:01:37][rank0]   No improvement count: 3/10
[10:02:05][rank0] step=248500  epoch=27  loss=0.9699  acc_e=94.29%  lr=2.29e-05  elapsed=6:07:18
[10:02:32][rank0] step=249000  epoch=27  loss=0.9698  acc_e=94.30%  lr=2.27e-05  elapsed=6:07:45
[10:02:59][rank0] step=249500  epoch=27  loss=0.9696  acc_e=94.31%  lr=2.24e-05  elapsed=6:08:12
[10:03:28][rank0] step=250000  epoch=27  loss=0.9697  acc_e=94.30%  lr=2.21e-05  elapsed=6:08:41
[10:03:28][rank0] --- Validation @ step 250000 ---
[10:04:37][rank0]   val loss=0.9782  loss_e=0.9782  acc_e=94.08%  acc_l=0.00%
[10:04:37][rank0]   No improvement count: 4/10
[10:04:37][rank0]   Checkpoint -> /scratch/yuvraj17/adaptive_tracing_scratch/adaptive_tracer/logs/transformer_event_cats5_seq512_382071/ckpt_0250000.pt
[10:05:05][rank0] step=250500  epoch=27  loss=0.9695  acc_e=94.30%  lr=2.19e-05  elapsed=6:10:18
[10:05:33][rank0] step=251000  epoch=27  loss=0.9695  acc_e=94.30%  lr=2.16e-05  elapsed=6:10:46
[10:06:01][rank0] step=251500  epoch=27  loss=0.9695  acc_e=94.31%  lr=2.14e-05  elapsed=6:11:14
[10:06:29][rank0] step=252000  epoch=27  loss=0.9698  acc_e=94.29%  lr=2.12e-05  elapsed=6:11:42
[10:06:29][rank0] --- Validation @ step 252000 ---
[10:07:36][rank0]   val loss=0.9786  loss_e=0.9786  acc_e=94.03%  acc_l=0.00%
[10:07:36][rank0]   No improvement count: 5/10
[10:08:04][rank0] step=252500  epoch=27  loss=0.9699  acc_e=94.29%  lr=2.09e-05  elapsed=6:13:17
[10:08:32][rank0] step=253000  epoch=27  loss=0.9700  acc_e=94.28%  lr=2.07e-05  elapsed=6:13:45
[10:08:37][rank0] Epoch  27/30  loss=0.9701  acc_e=94.28%  acc_l=0.00%  elapsed=6:13:50
[10:08:59][rank0] step=253500  epoch=28  loss=0.9660  acc_e=94.53%  lr=2.05e-05  elapsed=6:14:12
[10:09:27][rank0] step=254000  epoch=28  loss=0.9672  acc_e=94.42%  lr=2.03e-05  elapsed=6:14:40
[10:09:27][rank0] --- Validation @ step 254000 ---
[10:10:34][rank0]   val loss=0.9775  loss_e=0.9775  acc_e=94.06%  acc_l=0.00%
[10:10:34][rank0]   No improvement count: 6/10
[10:11:02][rank0] step=254500  epoch=28  loss=0.9684  acc_e=94.34%  lr=2.01e-05  elapsed=6:16:15
[10:11:30][rank0] step=255000  epoch=28  loss=0.9696  acc_e=94.28%  lr=1.98e-05  elapsed=6:16:43
[10:11:57][rank0] step=255500  epoch=28  loss=0.9692  acc_e=94.32%  lr=1.96e-05  elapsed=6:17:10
[10:12:25][rank0] step=256000  epoch=28  loss=0.9693  acc_e=94.32%  lr=1.94e-05  elapsed=6:17:38
[10:12:25][rank0] --- Validation @ step 256000 ---
[10:13:33][rank0]   val loss=0.9771  loss_e=0.9771  acc_e=94.05%  acc_l=0.00%
[10:13:33][rank0]   No improvement count: 7/10
[10:14:02][rank0] step=256500  epoch=28  loss=0.9696  acc_e=94.30%  lr=1.92e-05  elapsed=6:19:14
[10:14:29][rank0] step=257000  epoch=28  loss=0.9699  acc_e=94.29%  lr=1.90e-05  elapsed=6:19:42
[10:14:56][rank0] step=257500  epoch=28  loss=0.9695  acc_e=94.32%  lr=1.89e-05  elapsed=6:20:09
[10:15:24][rank0] step=258000  epoch=28  loss=0.9700  acc_e=94.29%  lr=1.87e-05  elapsed=6:20:37
[10:15:24][rank0] --- Validation @ step 258000 ---
[10:16:34][rank0]   val loss=0.9759  loss_e=0.9759  acc_e=94.11%  acc_l=0.00%
[10:16:34][rank0]   New best val loss=0.9759 -> /scratch/yuvraj17/adaptive_tracing_scratch/adaptive_tracer/logs/transformer_event_cats5_seq512_382071/model_best.pt
[10:17:01][rank0] step=258500  epoch=28  loss=0.9698  acc_e=94.30%  lr=1.85e-05  elapsed=6:22:14
[10:17:28][rank0] step=259000  epoch=28  loss=0.9696  acc_e=94.31%  lr=1.83e-05  elapsed=6:22:41
[10:17:57][rank0] step=259500  epoch=28  loss=0.9696  acc_e=94.30%  lr=1.81e-05  elapsed=6:23:10
[10:18:25][rank0] step=260000  epoch=28  loss=0.9694  acc_e=94.30%  lr=1.80e-05  elapsed=6:23:38
[10:18:25][rank0] --- Validation @ step 260000 ---
[10:19:34][rank0]   val loss=0.9787  loss_e=0.9787  acc_e=94.11%  acc_l=0.00%
[10:19:34][rank0]   No improvement count: 1/10
[10:19:34][rank0]   Checkpoint -> /scratch/yuvraj17/adaptive_tracing_scratch/adaptive_tracer/logs/transformer_event_cats5_seq512_382071/ckpt_0260000.pt
[10:20:01][rank0] step=260500  epoch=28  loss=0.9694  acc_e=94.31%  lr=1.78e-05  elapsed=6:25:14
[10:20:29][rank0] step=261000  epoch=28  loss=0.9696  acc_e=94.31%  lr=1.77e-05  elapsed=6:25:42
[10:20:57][rank0] step=261500  epoch=28  loss=0.9699  acc_e=94.29%  lr=1.75e-05  elapsed=6:26:10
[10:21:25][rank0] step=262000  epoch=28  loss=0.9699  acc_e=94.29%  lr=1.74e-05  elapsed=6:26:38
[10:21:25][rank0] --- Validation @ step 262000 ---
[10:22:34][rank0]   val loss=0.9773  loss_e=0.9773  acc_e=93.97%  acc_l=0.00%
[10:22:34][rank0]   No improvement count: 2/10
[10:23:01][rank0] Epoch  28/30  loss=0.9701  acc_e=94.28%  acc_l=0.00%  elapsed=6:28:14
[10:23:03][rank0] step=262500  epoch=29  loss=0.9639  acc_e=94.76%  lr=1.72e-05  elapsed=6:28:16
[10:23:30][rank0] step=263000  epoch=29  loss=0.9659  acc_e=94.52%  lr=1.71e-05  elapsed=6:28:43
[10:23:58][rank0] step=263500  epoch=29  loss=0.9678  acc_e=94.39%  lr=1.69e-05  elapsed=6:29:11
[10:24:26][rank0] step=264000  epoch=29  loss=0.9690  acc_e=94.32%  lr=1.68e-05  elapsed=6:29:39
[10:24:26][rank0] --- Validation @ step 264000 ---
[10:25:33][rank0]   val loss=0.9786  loss_e=0.9786  acc_e=94.01%  acc_l=0.00%
[10:25:33][rank0]   No improvement count: 3/10
[10:26:01][rank0] step=264500  epoch=29  loss=0.9698  acc_e=94.29%  lr=1.67e-05  elapsed=6:31:14
[10:26:28][rank0] step=265000  epoch=29  loss=0.9693  acc_e=94.33%  lr=1.66e-05  elapsed=6:31:41
[10:26:57][rank0] step=265500  epoch=29  loss=0.9695  acc_e=94.31%  lr=1.64e-05  elapsed=6:32:09
[10:27:25][rank0] step=266000  epoch=29  loss=0.9696  acc_e=94.30%  lr=1.63e-05  elapsed=6:32:38
[10:27:25][rank0] --- Validation @ step 266000 ---
[10:28:33][rank0]   val loss=0.9778  loss_e=0.9778  acc_e=94.16%  acc_l=0.00%
[10:28:33][rank0]   No improvement count: 4/10
[10:29:00][rank0] step=266500  epoch=29  loss=0.9696  acc_e=94.31%  lr=1.62e-05  elapsed=6:34:13
[10:29:28][rank0] step=267000  epoch=29  loss=0.9696  acc_e=94.31%  lr=1.61e-05  elapsed=6:34:40
[10:29:56][rank0] step=267500  epoch=29  loss=0.9700  acc_e=94.30%  lr=1.60e-05  elapsed=6:35:09
[10:30:23][rank0] step=268000  epoch=29  loss=0.9697  acc_e=94.31%  lr=1.59e-05  elapsed=6:35:36
[10:30:23][rank0] --- Validation @ step 268000 ---
[10:31:31][rank0]   val loss=0.9760  loss_e=0.9760  acc_e=94.10%  acc_l=0.00%
[10:31:31][rank0]   No improvement count: 5/10
[10:31:59][rank0] step=268500  epoch=29  loss=0.9696  acc_e=94.31%  lr=1.58e-05  elapsed=6:37:12
[10:32:27][rank0] step=269000  epoch=29  loss=0.9696  acc_e=94.31%  lr=1.58e-05  elapsed=6:37:39
[10:32:55][rank0] step=269500  epoch=29  loss=0.9694  acc_e=94.31%  lr=1.57e-05  elapsed=6:38:08
[10:33:22][rank0] step=270000  epoch=29  loss=0.9694  acc_e=94.32%  lr=1.56e-05  elapsed=6:38:35
[10:33:22][rank0] --- Validation @ step 270000 ---
[10:34:31][rank0]   val loss=0.9762  loss_e=0.9762  acc_e=94.15%  acc_l=0.00%
[10:34:31][rank0]   No improvement count: 6/10
[10:34:32][rank0]   Checkpoint -> /scratch/yuvraj17/adaptive_tracing_scratch/adaptive_tracer/logs/transformer_event_cats5_seq512_382071/ckpt_0270000.pt
[10:35:00][rank0] step=270500  epoch=29  loss=0.9696  acc_e=94.31%  lr=1.55e-05  elapsed=6:40:12
[10:35:27][rank0] step=271000  epoch=29  loss=0.9699  acc_e=94.30%  lr=1.55e-05  elapsed=6:40:40
[10:35:55][rank0] step=271500  epoch=29  loss=0.9699  acc_e=94.29%  lr=1.54e-05  elapsed=6:41:08
[10:36:14][rank0] Epoch  29/30  loss=0.9700  acc_e=94.29%  acc_l=0.00%  elapsed=6:41:27
[10:36:23][rank0] step=272000  epoch=30  loss=0.9675  acc_e=94.53%  lr=1.53e-05  elapsed=6:41:36
[10:36:23][rank0] --- Validation @ step 272000 ---
[10:37:29][rank0]   val loss=0.9764  loss_e=0.9764  acc_e=94.09%  acc_l=0.00%
[10:37:29][rank0]   No improvement count: 7/10
[10:37:56][rank0] step=272500  epoch=30  loss=0.9662  acc_e=94.51%  lr=1.53e-05  elapsed=6:43:09
[10:38:24][rank0] step=273000  epoch=30  loss=0.9678  acc_e=94.38%  lr=1.52e-05  elapsed=6:43:37
[10:38:53][rank0] step=273500  epoch=30  loss=0.9694  acc_e=94.30%  lr=1.52e-05  elapsed=6:44:05
[10:39:20][rank0] step=274000  epoch=30  loss=0.9696  acc_e=94.31%  lr=1.52e-05  elapsed=6:44:33
[10:39:20][rank0] --- Validation @ step 274000 ---
[10:40:26][rank0]   val loss=0.9767  loss_e=0.9767  acc_e=94.06%  acc_l=0.00%
[10:40:26][rank0]   No improvement count: 8/10
[10:40:53][rank0] step=274500  epoch=30  loss=0.9692  acc_e=94.34%  lr=1.51e-05  elapsed=6:46:06
[10:41:21][rank0] step=275000  epoch=30  loss=0.9695  acc_e=94.31%  lr=1.51e-05  elapsed=6:46:34
[10:41:49][rank0] step=275500  epoch=30  loss=0.9696  acc_e=94.30%  lr=1.51e-05  elapsed=6:47:02
[10:42:15][rank0] step=276000  epoch=30  loss=0.9695  acc_e=94.32%  lr=1.50e-05  elapsed=6:47:28
[10:42:15][rank0] --- Validation @ step 276000 ---
[10:43:22][rank0]   val loss=0.9770  loss_e=0.9770  acc_e=94.11%  acc_l=0.00%
[10:43:22][rank0]   No improvement count: 9/10
[10:43:49][rank0] step=276500  epoch=30  loss=0.9697  acc_e=94.31%  lr=1.50e-05  elapsed=6:49:02
[10:44:17][rank0] step=277000  epoch=30  loss=0.9699  acc_e=94.30%  lr=1.50e-05  elapsed=6:49:29
[10:44:44][rank0] step=277500  epoch=30  loss=0.9696  acc_e=94.32%  lr=1.50e-05  elapsed=6:49:56
[10:45:11][rank0] step=278000  epoch=30  loss=0.9696  acc_e=94.31%  lr=1.50e-05  elapsed=6:50:24
[10:45:11][rank0] --- Validation @ step 278000 ---
[10:46:18][rank0]   val loss=0.9775  loss_e=0.9775  acc_e=94.10%  acc_l=0.00%
[10:46:18][rank0]   No improvement count: 10/10
[10:46:18][rank0]   Early stopping triggered after 10 validations without improvement.
[10:46:18][rank0] Stopping early at epoch 30/30  elapsed=6:51:31
[10:46:18][rank0] ======================================================================
[10:46:18][rank0] Training complete — OOD evaluation
[10:46:18][rank0] ======================================================================
[10:46:18][rank0] Loaded best model from /scratch/yuvraj17/adaptive_tracing_scratch/adaptive_tracer/logs/transformer_event_cats5_seq512_382071/model_best.pt
[10:56:11][rank0] [OOD] global validation threshold (event_loss) thr=0.0820312 F1=0.6667 bal=197476/197476 full=197,476/646,822
[10:56:11][rank0] [OOD] cpu     AUROC=0.5707  AUPR=0.5682  bal=197044/190902  full=197,044/190,902  F1=0.6596  P=0.4921  R=1.0000  thr=0.0820312
[10:56:12][rank0] [OOD] disk    AUROC=0.7121  AUPR=0.6720  bal=197044/123783  full=197,044/123,783  F1=0.5568  P=0.3858  R=1.0000  thr=0.0820312
[10:56:12][rank0] [OOD] mem     AUROC=0.5562  AUPR=0.5898  bal=197044/217461  full=197,044/217,461  F1=0.6882  P=0.5246  R=1.0000  thr=0.0820312
[10:56:12][rank0] [OOD] net     AUROC=0.6847  AUPR=0.6168  bal=197044/120006  full=197,044/120,006  F1=0.5491  P=0.3785  R=1.0000  thr=0.0820312
[10:56:12][rank0] OOD results -> /scratch/yuvraj17/adaptive_tracing_scratch/adaptive_tracer/logs/transformer_event_cats5_seq512_382071/ood_results.json
