The following modules were not unloaded:
  (Use "module --force purge" to unload all):

  1) gentoo/2023
============================================================
Job            : txt_dump_to_shards_cats5_seq512
Job ID         : 1239556
Node           : tri0078
Project        : /scratch/yuvraj17/adaptive_tracing_scratch/adaptive_tracer
Trace root     : /scratch/yuvraj17/adaptive_tracing_scratch/micro-service-trace-data-txt-dump
Text dumps     : /scratch/yuvraj17/adaptive_tracing_scratch/micro-service-trace-data-txt-dump
Output dir     : /scratch/yuvraj17/adaptive_tracing_scratch/micro-service-trace-data/preprocessed_lmat_kernel_cats5_seq512
Paper bins     : 5
Code cats      : 6
Max seq len    : 512
Shard size     : 5000
CPUs           : 8
============================================================
[1/3] Python sanity
Python: 3.11.4
numpy: 2.4.2
[2/3] Txt dump layout
total 0
drwxr-x--- 2 yuvraj17 yuvraj17 4.0K Mar 27 04:14 .
drwxr-xr-x 2 yuvraj17 yuvraj17 4.0K Mar 27 03:52 ..
drwxr-x--- 2 yuvraj17 yuvraj17 4.0K Mar 27 04:01 anomaly_cpu
drwxr-x--- 2 yuvraj17 yuvraj17 4.0K Mar 27 04:06 anomaly_disk
drwxr-x--- 2 yuvraj17 yuvraj17 4.0K Mar 27 04:14 anomaly_mem
drwxr-x--- 2 yuvraj17 yuvraj17 4.0K Mar 24 19:37 anomaly_net
drwxr-x--- 2 yuvraj17 yuvraj17 4.0K Mar 27 03:53 normal
[3/3] Building LMAT shards from txt dumps
[04:29:11 +0:00:00] [START] paper_duration_bins=5 -> effective n_categories=6
[04:29:11 +0:00:00] [START] Building training split and vocabularies
[04:29:11 +0:00:00] [RUN] Run: /scratch/yuvraj17/adaptive_tracing_scratch/micro-service-trace-data-txt-dump/normal/run01
[04:29:11 +0:00:00] [PARSE] Parsing text dump: /scratch/yuvraj17/adaptive_tracing_scratch/micro-service-trace-data-txt-dump/normal/run01/kernel.txt
[04:29:43 +0:00:32] [PARSE] Read 10,000,000 text lines
[04:30:18 +0:01:07] [PARSE] Read 15,000,000 text lines
[04:30:52 +0:01:41] [PARSE] Read 20,000,000 text lines
[04:31:27 +0:02:16] [PARSE] Read 25,000,000 text lines
[04:32:02 +0:02:51] [PARSE] Read 30,000,000 text lines
[04:32:37 +0:03:26] [PARSE] Read 35,000,000 text lines
[04:33:11 +0:04:00] [PARSE] Read 40,000,000 text lines
[04:33:47 +0:04:36] [PARSE] Read 45,000,000 text lines
[04:34:22 +0:05:11] [PARSE] Read 50,000,000 text lines
[04:34:35 +0:05:24] [SEG] Scope=10,353,283/45,000,000 kept, 57,404 windows
[04:34:57 +0:05:46] [PARSE] Read 55,000,000 text lines
[04:35:33 +0:06:22] [PARSE] Read 60,000,000 text lines
[04:35:47 +0:06:36] [SEG] Scope=12,783,624/55,000,000 kept, 69,039 windows
[04:36:08 +0:06:57] [PARSE] Read 65,000,000 text lines
[04:36:44 +0:07:33] [PARSE] Read 70,000,000 text lines
[04:37:18 +0:08:07] [PARSE] Read 75,000,000 text lines
[04:37:54 +0:08:43] [PARSE] Read 80,000,000 text lines
[04:38:07 +0:08:56] [SEG] Scope=17,540,703/75,000,000 kept, 92,634 windows
[04:38:29 +0:09:18] [PARSE] Read 85,000,000 text lines
[04:38:42 +0:09:31] [SEG] Scope=18,688,964/80,000,000 kept, 98,571 windows
[04:39:04 +0:09:53] [PARSE] Read 90,000,000 text lines
[04:39:17 +0:10:06] [SEG] Scope=19,833,966/85,000,000 kept, 104,318 windows
[04:39:38 +0:10:27] [PARSE] Read 95,000,000 text lines
[04:40:13 +0:11:02] [PARSE] Read 100,000,000 text lines
[04:40:49 +0:11:38] [PARSE] Read 105,000,000 text lines
[04:41:24 +0:12:13] [PARSE] Read 110,000,000 text lines
[04:41:37 +0:12:26] [SEG] Scope=24,551,827/105,000,000 kept, 127,711 windows
[04:41:58 +0:12:47] [PARSE] Read 115,000,000 text lines
[04:42:33 +0:13:22] [PARSE] Read 120,000,000 text lines
[04:43:09 +0:13:58] [PARSE] Read 125,000,000 text lines
[04:43:22 +0:14:11] [SEG] Scope=28,132,185/120,000,000 kept, 144,839 windows
[04:43:44 +0:14:33] [PARSE] Read 130,000,000 text lines
[04:44:18 +0:15:07] [PARSE] Read 135,000,000 text lines
[04:44:53 +0:15:42] [PARSE] Read 140,000,000 text lines
[04:45:07 +0:15:56] [SEG] Scope=31,696,763/135,000,000 kept, 162,129 windows
[04:45:29 +0:16:18] [PARSE] Read 145,000,000 text lines
[04:46:04 +0:16:53] [PARSE] Read 150,000,000 text lines
[04:46:38 +0:17:27] [PARSE] Read 155,000,000 text lines
[04:47:13 +0:18:02] [PARSE] Read 160,000,000 text lines
[04:47:26 +0:18:15] [SEG] Scope=36,451,582/155,000,000 kept, 184,278 windows
[04:47:34 +0:18:23] [RUN] Produced 196,799 windows | kept 36,688,500/155,777,636 events (syscall=36,688,500, other=119,089,136)
[04:47:34 +0:18:23] [RUN] Run: /scratch/yuvraj17/adaptive_tracing_scratch/micro-service-trace-data-txt-dump/normal/run02
[04:47:34 +0:18:23] [PARSE] Parsing text dump: /scratch/yuvraj17/adaptive_tracing_scratch/micro-service-trace-data-txt-dump/normal/run02/kernel.txt
[04:48:03 +0:18:52] [PARSE] Read 10,000,000 text lines
[04:48:20 +0:19:09] [SEG] Scope=1,122,642/5,000,000 kept, 6,491 windows
[04:48:38 +0:19:27] [PARSE] Read 15,000,000 text lines
[04:49:12 +0:20:01] [PARSE] Read 20,000,000 text lines
[04:49:47 +0:20:36] [PARSE] Read 25,000,000 text lines
[04:50:04 +0:20:53] [SEG] Scope=4,629,939/20,000,000 kept, 25,846 windows
[04:50:22 +0:21:11] [PARSE] Read 30,000,000 text lines
[04:50:40 +0:21:29] [SEG] Scope=5,763,206/25,000,000 kept, 32,193 windows
[04:50:58 +0:21:47] [PARSE] Read 35,000,000 text lines
[04:51:32 +0:22:21] [PARSE] Read 40,000,000 text lines
[04:52:07 +0:22:56] [PARSE] Read 45,000,000 text lines
[04:52:25 +0:23:14] [SEG] Scope=9,314,600/40,000,000 kept, 50,207 windows
[04:52:42 +0:23:31] [PARSE] Read 50,000,000 text lines
[04:53:17 +0:24:06] [PARSE] Read 55,000,000 text lines
[04:53:52 +0:24:41] [PARSE] Read 60,000,000 text lines
[04:54:27 +0:25:16] [PARSE] Read 65,000,000 text lines
[04:55:02 +0:25:51] [PARSE] Read 70,000,000 text lines
[04:55:37 +0:26:26] [PARSE] Read 75,000,000 text lines
[04:56:12 +0:27:01] [PARSE] Read 80,000,000 text lines
[04:56:47 +0:27:36] [PARSE] Read 85,000,000 text lines
[04:57:22 +0:28:11] [PARSE] Read 90,000,000 text lines
[04:57:57 +0:28:46] [PARSE] Read 95,000,000 text lines
[04:58:31 +0:29:20] [PARSE] Read 100,000,000 text lines
[04:59:07 +0:29:56] [PARSE] Read 105,000,000 text lines
[04:59:42 +0:30:31] [PARSE] Read 110,000,000 text lines
[05:00:17 +0:31:06] [PARSE] Read 115,000,000 text lines
[05:00:52 +0:31:41] [PARSE] Read 120,000,000 text lines
[05:01:09 +0:31:58] [SEG] Scope=27,058,978/115,000,000 kept, 138,166 windows
[05:01:27 +0:32:16] [PARSE] Read 125,000,000 text lines
[05:02:03 +0:32:52] [PARSE] Read 130,000,000 text lines
[05:02:21 +0:33:10] [SEG] Scope=29,398,020/125,000,000 kept, 149,496 windows
[05:02:39 +0:33:28] [PARSE] Read 135,000,000 text lines
[05:03:14 +0:34:03] [PARSE] Read 140,000,000 text lines
[05:03:32 +0:34:21] [SEG] Scope=31,839,229/135,000,000 kept, 160,379 windows
[05:03:49 +0:34:38] [PARSE] Read 145,000,000 text lines
[05:04:25 +0:35:14] [PARSE] Read 150,000,000 text lines
[05:05:00 +0:35:49] [PARSE] Read 155,000,000 text lines
[05:05:35 +0:36:24] [PARSE] Read 160,000,000 text lines
[05:05:53 +0:36:42] [SEG] Scope=36,654,906/155,000,000 kept, 181,963 windows
[05:06:11 +0:37:00] [PARSE] Read 165,000,000 text lines
[05:06:22 +0:37:11] [RUN] Produced 198,521 windows | kept 37,598,264/158,892,982 events (syscall=37,598,264, other=121,294,718)
[05:06:23 +0:37:12] [RUN] Run: /scratch/yuvraj17/adaptive_tracing_scratch/micro-service-trace-data-txt-dump/normal/run03
[05:06:23 +0:37:12] [PARSE] Parsing text dump: /scratch/yuvraj17/adaptive_tracing_scratch/micro-service-trace-data-txt-dump/normal/run03/kernel.txt
[05:06:53 +0:37:42] [PARSE] Read 10,000,000 text lines
[05:07:09 +0:37:58] [SEG] Scope=1,118,801/5,000,000 kept, 6,407 windows
[05:07:28 +0:38:17] [PARSE] Read 15,000,000 text lines
[05:07:44 +0:38:33] [SEG] Scope=2,251,655/10,000,000 kept, 12,796 windows
[05:08:02 +0:38:51] [PARSE] Read 20,000,000 text lines
[05:08:38 +0:39:27] [PARSE] Read 25,000,000 text lines
[05:09:13 +0:40:02] [PARSE] Read 30,000,000 text lines
[05:09:48 +0:40:37] [PARSE] Read 35,000,000 text lines
[05:10:04 +0:40:53] [SEG] Scope=6,966,278/30,000,000 kept, 37,912 windows
[05:10:22 +0:41:11] [PARSE] Read 40,000,000 text lines
[05:10:58 +0:41:46] [PARSE] Read 45,000,000 text lines
[05:11:33 +0:42:21] [PARSE] Read 50,000,000 text lines
[05:11:49 +0:42:38] [SEG] Scope=10,436,385/45,000,000 kept, 55,747 windows
[05:12:08 +0:42:57] [PARSE] Read 55,000,000 text lines
[05:12:43 +0:43:32] [PARSE] Read 60,000,000 text lines
[05:13:18 +0:44:07] [PARSE] Read 65,000,000 text lines
[05:13:34 +0:44:23] [SEG] Scope=14,006,551/60,000,000 kept, 73,766 windows
[05:13:53 +0:44:42] [PARSE] Read 70,000,000 text lines
[05:14:10 +0:44:59] [SEG] Scope=15,160,647/65,000,000 kept, 79,611 windows
[05:14:29 +0:45:18] [PARSE] Read 75,000,000 text lines
[05:15:04 +0:45:53] [PARSE] Read 80,000,000 text lines
[05:15:39 +0:46:28] [PARSE] Read 85,000,000 text lines
[05:16:15 +0:47:04] [PARSE] Read 90,000,000 text lines
[05:16:50 +0:47:39] [PARSE] Read 95,000,000 text lines
[05:17:24 +0:48:13] [PARSE] Read 100,000,000 text lines
[05:17:59 +0:48:48] [PARSE] Read 105,000,000 text lines
[05:18:34 +0:49:23] [PARSE] Read 110,000,000 text lines
[05:18:52 +0:49:40] [SEG] Scope=24,686,029/105,000,000 kept, 125,311 windows
[05:19:10 +0:49:59] [PARSE] Read 115,000,000 text lines
[05:19:26 +0:50:15] [SEG] Scope=25,936,371/110,000,000 kept, 131,046 windows
[05:19:45 +0:50:33] [PARSE] Read 120,000,000 text lines
[05:20:20 +0:51:09] [PARSE] Read 125,000,000 text lines
[05:20:57 +0:51:46] [PARSE] Read 130,000,000 text lines
[05:21:33 +0:52:21] [PARSE] Read 135,000,000 text lines
[05:22:07 +0:52:56] [PARSE] Read 140,000,000 text lines
[05:22:44 +0:53:32] [PARSE] Read 145,000,000 text lines
[05:23:19 +0:54:08] [PARSE] Read 150,000,000 text lines
[05:23:55 +0:54:44] [PARSE] Read 155,000,000 text lines
[05:24:12 +0:55:01] [SEG] Scope=35,448,689/150,000,000 kept, 175,799 windows
[05:24:30 +0:55:19] [PARSE] Read 160,000,000 text lines
[05:25:06 +0:55:55] [PARSE] Read 165,000,000 text lines
[05:25:18 +0:56:07] [RUN] Produced 197,993 windows | kept 37,625,538/159,016,897 events (syscall=37,625,538, other=121,391,359)
[05:25:18 +0:56:07] [START] Writing split: train_id
[05:25:18 +0:56:07] [RUN] Run: /scratch/yuvraj17/adaptive_tracing_scratch/micro-service-trace-data-txt-dump/normal/run01
[05:25:18 +0:56:07] [PARSE] Parsing text dump: /scratch/yuvraj17/adaptive_tracing_scratch/micro-service-trace-data-txt-dump/normal/run01/kernel.txt
[05:25:45 +0:56:34] [PARSE] Read 10,000,000 text lines
[05:26:20 +0:57:09] [PARSE] Read 15,000,000 text lines
[05:26:54 +0:57:43] [PARSE] Read 20,000,000 text lines
[05:27:29 +0:58:18] [PARSE] Read 25,000,000 text lines
[05:28:04 +0:58:53] [PARSE] Read 30,000,000 text lines
[05:28:39 +0:59:28] [PARSE] Read 35,000,000 text lines
[05:29:14 +1:00:02] [PARSE] Read 40,000,000 text lines
[05:29:48 +1:00:37] [PARSE] Read 45,000,000 text lines
[05:30:25 +1:01:14] [PARSE] Read 50,000,000 text lines
[05:30:38 +1:01:27] [SEG] Scope=10,353,283/45,000,000 kept, 57,404 windows
[05:30:59 +1:01:48] [PARSE] Read 55,000,000 text lines
[05:31:34 +1:02:23] [PARSE] Read 60,000,000 text lines
[05:31:47 +1:02:36] [SEG] Scope=12,783,624/55,000,000 kept, 69,039 windows
[05:32:09 +1:02:58] [PARSE] Read 65,000,000 text lines
[05:32:44 +1:03:33] [PARSE] Read 70,000,000 text lines
[05:33:18 +1:04:07] [PARSE] Read 75,000,000 text lines
[05:33:54 +1:04:43] [PARSE] Read 80,000,000 text lines
[05:34:07 +1:04:56] [SEG] Scope=17,540,703/75,000,000 kept, 92,634 windows
[05:34:29 +1:05:18] [PARSE] Read 85,000,000 text lines
[05:34:42 +1:05:31] [SEG] Scope=18,688,964/80,000,000 kept, 98,571 windows
[05:35:04 +1:05:53] [PARSE] Read 90,000,000 text lines
[05:35:17 +1:06:06] [SEG] Scope=19,833,966/85,000,000 kept, 104,318 windows
[05:35:38 +1:06:27] [PARSE] Read 95,000,000 text lines
[05:36:13 +1:07:02] [PARSE] Read 100,000,000 text lines
[05:36:49 +1:07:38] [PARSE] Read 105,000,000 text lines
[05:37:25 +1:08:14] [PARSE] Read 110,000,000 text lines
[05:37:39 +1:08:28] [SEG] Scope=24,551,827/105,000,000 kept, 127,711 windows
[05:38:00 +1:08:49] [PARSE] Read 115,000,000 text lines
[05:38:35 +1:09:24] [PARSE] Read 120,000,000 text lines
[05:39:10 +1:09:59] [PARSE] Read 125,000,000 text lines
[05:39:24 +1:10:13] [SEG] Scope=28,132,185/120,000,000 kept, 144,839 windows
[05:39:45 +1:10:34] [PARSE] Read 130,000,000 text lines
[05:40:19 +1:11:08] [PARSE] Read 135,000,000 text lines
[05:40:54 +1:11:43] [PARSE] Read 140,000,000 text lines
[05:41:09 +1:11:58] [SEG] Scope=31,696,763/135,000,000 kept, 162,129 windows
[05:41:30 +1:12:19] [PARSE] Read 145,000,000 text lines
[05:42:05 +1:12:54] [PARSE] Read 150,000,000 text lines
[05:42:40 +1:13:29] [PARSE] Read 155,000,000 text lines
[05:43:14 +1:14:03] [PARSE] Read 160,000,000 text lines
[05:43:27 +1:14:16] [SEG] Scope=36,451,582/155,000,000 kept, 184,278 windows
[05:43:36 +1:14:25] [RUN] Produced 196,799 windows | kept 36,688,500/155,777,636 events (syscall=36,688,500, other=119,089,136)
[05:43:36 +1:14:25] [RUN] Run: /scratch/yuvraj17/adaptive_tracing_scratch/micro-service-trace-data-txt-dump/normal/run02
[05:43:36 +1:14:25] [PARSE] Parsing text dump: /scratch/yuvraj17/adaptive_tracing_scratch/micro-service-trace-data-txt-dump/normal/run02/kernel.txt
[05:43:59 +1:14:48] [PARSE] Read 10,000,000 text lines
[05:44:17 +1:15:06] [SEG] Scope=1,122,642/5,000,000 kept, 6,491 windows
[05:44:34 +1:15:23] [PARSE] Read 15,000,000 text lines
[05:45:09 +1:15:58] [PARSE] Read 20,000,000 text lines
[05:45:44 +1:16:33] [PARSE] Read 25,000,000 text lines
[05:46:02 +1:16:50] [SEG] Scope=4,629,939/20,000,000 kept, 25,846 windows
[05:46:18 +1:17:07] [PARSE] Read 30,000,000 text lines
[05:46:36 +1:17:25] [SEG] Scope=5,763,206/25,000,000 kept, 32,193 windows
[05:46:54 +1:17:43] [PARSE] Read 35,000,000 text lines
[05:47:28 +1:18:17] [PARSE] Read 40,000,000 text lines
[05:48:03 +1:18:52] [PARSE] Read 45,000,000 text lines
[05:48:21 +1:19:10] [SEG] Scope=9,314,600/40,000,000 kept, 50,207 windows
[05:48:38 +1:19:27] [PARSE] Read 50,000,000 text lines
[05:49:13 +1:20:02] [PARSE] Read 55,000,000 text lines
[05:49:49 +1:20:38] [PARSE] Read 60,000,000 text lines
[05:50:24 +1:21:13] [PARSE] Read 65,000,000 text lines
[05:50:59 +1:21:48] [PARSE] Read 70,000,000 text lines
[05:51:34 +1:22:23] [PARSE] Read 75,000,000 text lines
[05:52:09 +1:22:58] [PARSE] Read 80,000,000 text lines
[05:52:44 +1:23:33] [PARSE] Read 85,000,000 text lines
[05:53:20 +1:24:09] [PARSE] Read 90,000,000 text lines
[05:53:55 +1:24:44] [PARSE] Read 95,000,000 text lines
[05:54:30 +1:25:19] [PARSE] Read 100,000,000 text lines
[05:55:05 +1:25:54] [PARSE] Read 105,000,000 text lines
[05:55:40 +1:26:29] [PARSE] Read 110,000,000 text lines
[05:56:15 +1:27:04] [PARSE] Read 115,000,000 text lines
[05:56:52 +1:27:41] [PARSE] Read 120,000,000 text lines
[05:57:08 +1:27:57] [SEG] Scope=27,058,978/115,000,000 kept, 138,166 windows
[05:57:27 +1:28:16] [PARSE] Read 125,000,000 text lines
[05:58:02 +1:28:51] [PARSE] Read 130,000,000 text lines
[05:58:19 +1:29:08] [SEG] Scope=29,398,020/125,000,000 kept, 149,496 windows
[05:58:37 +1:29:26] [PARSE] Read 135,000,000 text lines
[05:59:12 +1:30:01] [PARSE] Read 140,000,000 text lines
[05:59:30 +1:30:19] [SEG] Scope=31,839,229/135,000,000 kept, 160,379 windows
[05:59:48 +1:30:37] [PARSE] Read 145,000,000 text lines
[06:00:23 +1:31:12] [PARSE] Read 150,000,000 text lines
[06:00:59 +1:31:48] [PARSE] Read 155,000,000 text lines
[06:01:34 +1:32:23] [PARSE] Read 160,000,000 text lines
[06:01:52 +1:32:41] [SEG] Scope=36,654,906/155,000,000 kept, 181,963 windows
[06:02:09 +1:32:58] [PARSE] Read 165,000,000 text lines
[06:02:23 +1:33:11] [RUN] Produced 198,521 windows | kept 37,598,264/158,892,982 events (syscall=37,598,264, other=121,294,718)
[06:02:23 +1:33:12] [RUN] Run: /scratch/yuvraj17/adaptive_tracing_scratch/micro-service-trace-data-txt-dump/normal/run03
[06:02:23 +1:33:12] [PARSE] Parsing text dump: /scratch/yuvraj17/adaptive_tracing_scratch/micro-service-trace-data-txt-dump/normal/run03/kernel.txt
[06:02:46 +1:33:35] [PARSE] Read 10,000,000 text lines
[06:03:02 +1:33:51] [SEG] Scope=1,118,801/5,000,000 kept, 6,407 windows
[06:03:20 +1:34:09] [PARSE] Read 15,000,000 text lines
[06:03:37 +1:34:25] [SEG] Scope=2,251,655/10,000,000 kept, 12,796 windows
[06:03:55 +1:34:44] [PARSE] Read 20,000,000 text lines
[06:04:29 +1:35:18] [PARSE] Read 25,000,000 text lines
[06:05:04 +1:35:53] [PARSE] Read 30,000,000 text lines
[06:05:40 +1:36:29] [PARSE] Read 35,000,000 text lines
[06:05:56 +1:36:45] [SEG] Scope=6,966,278/30,000,000 kept, 37,912 windows
[06:06:14 +1:37:03] [PARSE] Read 40,000,000 text lines
[06:06:50 +1:37:39] [PARSE] Read 45,000,000 text lines
[06:07:25 +1:38:14] [PARSE] Read 50,000,000 text lines
[06:07:42 +1:38:31] [SEG] Scope=10,436,385/45,000,000 kept, 55,747 windows
[06:08:00 +1:38:49] [PARSE] Read 55,000,000 text lines
[06:08:34 +1:39:23] [PARSE] Read 60,000,000 text lines
[06:09:10 +1:39:59] [PARSE] Read 65,000,000 text lines
[06:09:26 +1:40:15] [SEG] Scope=14,006,551/60,000,000 kept, 73,766 windows
[06:09:46 +1:40:35] [PARSE] Read 70,000,000 text lines
[06:10:02 +1:40:51] [SEG] Scope=15,160,647/65,000,000 kept, 79,611 windows
[06:10:21 +1:41:10] [PARSE] Read 75,000,000 text lines
[06:10:56 +1:41:45] [PARSE] Read 80,000,000 text lines
[06:11:31 +1:42:20] [PARSE] Read 85,000,000 text lines
[06:12:08 +1:42:56] [PARSE] Read 90,000,000 text lines
[06:12:42 +1:43:31] [PARSE] Read 95,000,000 text lines
[06:13:17 +1:44:06] [PARSE] Read 100,000,000 text lines
[06:13:52 +1:44:41] [PARSE] Read 105,000,000 text lines
[06:14:28 +1:45:17] [PARSE] Read 110,000,000 text lines
[06:14:45 +1:45:34] [SEG] Scope=24,686,029/105,000,000 kept, 125,311 windows
[06:15:03 +1:45:52] [PARSE] Read 115,000,000 text lines
[06:15:19 +1:46:08] [SEG] Scope=25,936,371/110,000,000 kept, 131,046 windows
[06:15:38 +1:46:27] [PARSE] Read 120,000,000 text lines
[06:16:13 +1:47:02] [PARSE] Read 125,000,000 text lines
[06:16:49 +1:47:38] [PARSE] Read 130,000,000 text lines
[06:17:25 +1:48:14] [PARSE] Read 135,000,000 text lines
[06:17:59 +1:48:48] [PARSE] Read 140,000,000 text lines
[06:18:35 +1:49:23] [PARSE] Read 145,000,000 text lines
[06:19:10 +1:49:59] [PARSE] Read 150,000,000 text lines
[06:19:45 +1:50:34] [PARSE] Read 155,000,000 text lines
[06:20:02 +1:50:51] [SEG] Scope=35,448,689/150,000,000 kept, 175,799 windows
[06:20:20 +1:51:09] [PARSE] Read 160,000,000 text lines
[06:20:56 +1:51:45] [PARSE] Read 165,000,000 text lines
[06:21:09 +1:51:58] [RUN] Produced 197,993 windows | kept 37,625,538/159,016,897 events (syscall=37,625,538, other=121,391,359)
[06:21:09 +1:51:58] [START] Building split: valid_id
[06:21:09 +1:51:58] [RUN] Run: /scratch/yuvraj17/adaptive_tracing_scratch/micro-service-trace-data-txt-dump/normal/run04
[06:21:09 +1:51:58] [PARSE] Parsing text dump: /scratch/yuvraj17/adaptive_tracing_scratch/micro-service-trace-data-txt-dump/normal/run04/kernel.txt
[06:21:40 +1:52:29] [PARSE] Read 10,000,000 text lines
[06:22:16 +1:53:05] [PARSE] Read 15,000,000 text lines
[06:22:52 +1:53:41] [PARSE] Read 20,000,000 text lines
[06:23:27 +1:54:16] [PARSE] Read 25,000,000 text lines
[06:24:04 +1:54:53] [PARSE] Read 30,000,000 text lines
[06:24:40 +1:55:29] [PARSE] Read 35,000,000 text lines
[06:25:15 +1:56:04] [PARSE] Read 40,000,000 text lines
[06:25:51 +1:56:40] [PARSE] Read 45,000,000 text lines
[06:26:27 +1:57:16] [PARSE] Read 50,000,000 text lines
[06:26:46 +1:57:35] [SEG] Scope=10,463,432/45,000,000 kept, 55,856 windows
[06:27:04 +1:57:52] [PARSE] Read 55,000,000 text lines
[06:27:21 +1:58:10] [SEG] Scope=11,854,189/50,000,000 kept, 61,606 windows
[06:27:38 +1:58:27] [PARSE] Read 60,000,000 text lines
[06:28:15 +1:59:04] [PARSE] Read 65,000,000 text lines
[06:28:52 +1:59:41] [PARSE] Read 70,000,000 text lines
[06:29:28 +2:00:17] [PARSE] Read 75,000,000 text lines
[06:30:03 +2:00:52] [PARSE] Read 80,000,000 text lines
[06:30:40 +2:01:29] [PARSE] Read 85,000,000 text lines
[06:30:58 +2:01:47] [SEG] Scope=18,946,882/80,000,000 kept, 96,726 windows
[06:31:16 +2:02:05] [PARSE] Read 90,000,000 text lines
[06:31:53 +2:02:42] [PARSE] Read 95,000,000 text lines
[06:32:29 +2:03:18] [PARSE] Read 100,000,000 text lines
[06:33:06 +2:03:55] [PARSE] Read 105,000,000 text lines
[06:33:41 +2:04:30] [PARSE] Read 110,000,000 text lines
[06:34:17 +2:05:06] [PARSE] Read 115,000,000 text lines
[06:34:52 +2:05:41] [PARSE] Read 120,000,000 text lines
[06:35:28 +2:06:17] [PARSE] Read 125,000,000 text lines
[06:36:04 +2:06:53] [PARSE] Read 130,000,000 text lines
[06:36:23 +2:07:12] [SEG] Scope=29,599,534/125,000,000 kept, 147,147 windows
[06:36:41 +2:07:30] [PARSE] Read 135,000,000 text lines
[06:37:17 +2:08:06] [PARSE] Read 140,000,000 text lines
[06:37:53 +2:08:42] [PARSE] Read 145,000,000 text lines
[06:38:30 +2:09:19] [PARSE] Read 150,000,000 text lines
[06:39:07 +2:09:56] [PARSE] Read 155,000,000 text lines
[06:39:43 +2:10:32] [PARSE] Read 160,000,000 text lines
[06:40:19 +2:11:08] [PARSE] Read 165,000,000 text lines
[06:40:36 +2:11:25] [RUN] Produced 197,476 windows | kept 37,862,779/159,362,462 events (syscall=37,862,779, other=121,499,683)
[06:40:36 +2:11:25] [START] Building split: test_id
[06:40:36 +2:11:25] [RUN] Run: /scratch/yuvraj17/adaptive_tracing_scratch/micro-service-trace-data-txt-dump/normal/run05
[06:40:36 +2:11:25] [PARSE] Parsing text dump: /scratch/yuvraj17/adaptive_tracing_scratch/micro-service-trace-data-txt-dump/normal/run05/kernel.txt
[06:41:07 +2:11:56] [PARSE] Read 10,000,000 text lines
[06:41:44 +2:12:33] [PARSE] Read 15,000,000 text lines
[06:42:20 +2:13:09] [PARSE] Read 20,000,000 text lines
[06:42:56 +2:13:45] [PARSE] Read 25,000,000 text lines
[06:43:32 +2:14:20] [PARSE] Read 30,000,000 text lines
[06:43:50 +2:14:38] [SEG] Scope=5,798,728/25,000,000 kept, 31,777 windows
[06:44:08 +2:14:57] [PARSE] Read 35,000,000 text lines
[06:44:44 +2:15:33] [PARSE] Read 40,000,000 text lines
[06:45:01 +2:15:50] [SEG] Scope=8,210,786/35,000,000 kept, 43,777 windows
[06:45:19 +2:16:08] [PARSE] Read 45,000,000 text lines
[06:45:55 +2:16:44] [PARSE] Read 50,000,000 text lines
[06:46:31 +2:17:20] [PARSE] Read 55,000,000 text lines
[06:47:08 +2:17:57] [PARSE] Read 60,000,000 text lines
[06:47:44 +2:18:33] [PARSE] Read 65,000,000 text lines
[06:48:01 +2:18:50] [SEG] Scope=14,038,570/60,000,000 kept, 73,556 windows
[06:48:20 +2:19:09] [PARSE] Read 70,000,000 text lines
[06:48:36 +2:19:25] [SEG] Scope=15,196,533/65,000,000 kept, 79,493 windows
[06:48:56 +2:19:45] [PARSE] Read 75,000,000 text lines
[06:49:13 +2:20:02] [SEG] Scope=16,430,895/70,000,000 kept, 85,224 windows
[06:49:31 +2:20:20] [PARSE] Read 80,000,000 text lines
[06:50:07 +2:20:56] [PARSE] Read 85,000,000 text lines
[06:50:44 +2:21:33] [PARSE] Read 90,000,000 text lines
[06:51:01 +2:21:50] [SEG] Scope=19,910,823/85,000,000 kept, 102,163 windows
[06:51:23 +2:22:12] [PARSE] Read 95,000,000 text lines
[06:52:03 +2:22:52] [PARSE] Read 100,000,000 text lines
[06:52:20 +2:23:09] [SEG] Scope=22,324,596/95,000,000 kept, 113,292 windows
[06:52:39 +2:23:28] [PARSE] Read 105,000,000 text lines
[06:53:15 +2:24:04] [PARSE] Read 110,000,000 text lines
[06:53:32 +2:24:21] [SEG] Scope=24,635,035/105,000,000 kept, 124,706 windows
[06:53:51 +2:24:40] [PARSE] Read 115,000,000 text lines
[06:54:28 +2:25:17] [PARSE] Read 120,000,000 text lines
[06:54:46 +2:25:35] [SEG] Scope=27,061,817/115,000,000 kept, 135,780 windows
[06:55:04 +2:25:53] [PARSE] Read 125,000,000 text lines
[06:55:22 +2:26:11] [SEG] Scope=28,232,201/120,000,000 kept, 141,318 windows
[06:55:40 +2:26:29] [PARSE] Read 130,000,000 text lines
[06:55:59 +2:26:48] [SEG] Scope=29,397,823/125,000,000 kept, 146,860 windows
[06:56:16 +2:27:05] [PARSE] Read 135,000,000 text lines
[06:56:53 +2:27:42] [PARSE] Read 140,000,000 text lines
[06:57:10 +2:27:58] [SEG] Scope=31,806,570/135,000,000 kept, 157,843 windows
[06:57:28 +2:28:17] [PARSE] Read 145,000,000 text lines
[06:58:06 +2:28:55] [PARSE] Read 150,000,000 text lines
[06:58:41 +2:29:30] [PARSE] Read 155,000,000 text lines
[06:59:16 +2:30:05] [PARSE] Read 160,000,000 text lines
[06:59:52 +2:30:41] [PARSE] Read 165,000,000 text lines
[07:00:04 +2:30:53] [RUN] Produced 197,044 windows | kept 37,482,529/158,852,839 events (syscall=37,482,529, other=121,370,310)
[07:00:05 +2:30:53] [START] Building split: valid_ood_cpu
[07:00:05 +2:30:53] [RUN] Run: /scratch/yuvraj17/adaptive_tracing_scratch/micro-service-trace-data-txt-dump/anomaly_cpu/run04
[07:00:05 +2:30:53] [PARSE] Parsing text dump: /scratch/yuvraj17/adaptive_tracing_scratch/micro-service-trace-data-txt-dump/anomaly_cpu/run04/kernel.txt
[07:00:15 +2:31:04] [PARSE] Read 5,000,000 text lines
[07:00:48 +2:31:37] [PARSE] Read 10,000,000 text lines
[07:01:20 +2:32:09] [SEG] Scope=2,250,465/10,000,000 kept, 16,393 windows
[07:01:22 +2:32:11] [PARSE] Read 15,000,000 text lines
[07:01:54 +2:32:43] [SEG] Scope=3,451,510/15,000,000 kept, 24,901 windows
[07:01:57 +2:32:46] [PARSE] Read 20,000,000 text lines
[07:02:32 +2:33:21] [PARSE] Read 25,000,000 text lines
[07:03:05 +2:33:54] [SEG] Scope=5,722,302/25,000,000 kept, 42,442 windows
[07:03:07 +2:33:56] [PARSE] Read 30,000,000 text lines
[07:03:40 +2:34:29] [SEG] Scope=6,866,581/30,000,000 kept, 51,123 windows
[07:03:42 +2:34:31] [PARSE] Read 35,000,000 text lines
[07:04:18 +2:35:07] [PARSE] Read 40,000,000 text lines
[07:04:51 +2:35:40] [PARSE] Read 45,000,000 text lines
[07:05:26 +2:36:15] [PARSE] Read 50,000,000 text lines
[07:06:01 +2:36:50] [PARSE] Read 55,000,000 text lines
[07:06:35 +2:37:24] [PARSE] Read 60,000,000 text lines
[07:07:08 +2:37:57] [SEG] Scope=13,742,999/60,000,000 kept, 101,781 windows
[07:07:10 +2:37:59] [PARSE] Read 65,000,000 text lines
[07:07:45 +2:38:34] [PARSE] Read 70,000,000 text lines
[07:08:18 +2:39:07] [PARSE] Read 75,000,000 text lines
[07:08:53 +2:39:42] [PARSE] Read 80,000,000 text lines
[07:09:27 +2:40:16] [PARSE] Read 85,000,000 text lines
[07:10:03 +2:40:52] [PARSE] Read 90,000,000 text lines
[07:10:35 +2:41:24] [SEG] Scope=20,894,253/90,000,000 kept, 149,847 windows
[07:10:38 +2:41:27] [PARSE] Read 95,000,000 text lines
[07:11:12 +2:42:01] [PARSE] Read 100,000,000 text lines
[07:11:48 +2:42:37] [PARSE] Read 105,000,000 text lines
[07:12:20 +2:43:08] [SEG] Scope=24,382,232/105,000,000 kept, 173,440 windows
[07:12:22 +2:43:11] [PARSE] Read 110,000,000 text lines
[07:12:45 +2:43:34] [RUN] Produced 186,473 windows | kept 25,182,052/108,355,706 events (syscall=25,182,052, other=83,173,654)
[07:12:46 +2:43:35] [START] Building split: test_ood_cpu
[07:12:46 +2:43:35] [RUN] Run: /scratch/yuvraj17/adaptive_tracing_scratch/micro-service-trace-data-txt-dump/anomaly_cpu/run05
[07:12:46 +2:43:35] [PARSE] Parsing text dump: /scratch/yuvraj17/adaptive_tracing_scratch/micro-service-trace-data-txt-dump/anomaly_cpu/run05/kernel.txt
[07:12:57 +2:43:45] [PARSE] Read 5,000,000 text lines
[07:13:30 +2:44:19] [PARSE] Read 10,000,000 text lines
[07:14:04 +2:44:53] [PARSE] Read 15,000,000 text lines
[07:14:39 +2:45:28] [PARSE] Read 20,000,000 text lines
[07:15:12 +2:46:01] [PARSE] Read 25,000,000 text lines
[07:15:47 +2:46:36] [PARSE] Read 30,000,000 text lines
[07:16:22 +2:47:11] [PARSE] Read 35,000,000 text lines
[07:16:57 +2:47:46] [PARSE] Read 40,000,000 text lines
[07:17:32 +2:48:21] [PARSE] Read 45,000,000 text lines
[07:18:07 +2:48:56] [PARSE] Read 50,000,000 text lines
[07:18:41 +2:49:30] [PARSE] Read 55,000,000 text lines
[07:19:13 +2:50:02] [SEG] Scope=12,727,564/55,000,000 kept, 90,492 windows
[07:19:17 +2:50:06] [PARSE] Read 60,000,000 text lines
[07:19:48 +2:50:37] [SEG] Scope=13,861,181/60,000,000 kept, 98,274 windows
[07:19:51 +2:50:40] [PARSE] Read 65,000,000 text lines
[07:20:26 +2:51:15] [PARSE] Read 70,000,000 text lines
[07:21:02 +2:51:51] [PARSE] Read 75,000,000 text lines
[07:21:38 +2:52:27] [PARSE] Read 80,000,000 text lines
[07:22:13 +2:53:02] [PARSE] Read 85,000,000 text lines
[07:22:48 +2:53:37] [PARSE] Read 90,000,000 text lines
[07:23:23 +2:54:12] [PARSE] Read 95,000,000 text lines
[07:23:58 +2:54:47] [PARSE] Read 100,000,000 text lines
[07:24:33 +2:55:22] [PARSE] Read 105,000,000 text lines
[07:25:04 +2:55:53] [SEG] Scope=24,382,190/105,000,000 kept, 167,959 windows
[07:25:07 +2:55:56] [PARSE] Read 110,000,000 text lines
[07:25:40 +2:56:29] [SEG] Scope=25,606,878/110,000,000 kept, 175,268 windows
[07:25:43 +2:56:32] [PARSE] Read 115,000,000 text lines
[07:26:18 +2:57:07] [PARSE] Read 120,000,000 text lines
[07:26:24 +2:57:13] [RUN] Produced 190,902 windows | kept 27,049,016/115,931,997 events (syscall=27,049,016, other=88,882,981)
[07:26:24 +2:57:13] [START] Building split: valid_ood_disk
[07:26:24 +2:57:13] [RUN] Run: /scratch/yuvraj17/adaptive_tracing_scratch/micro-service-trace-data-txt-dump/anomaly_disk/run04
[07:26:24 +2:57:13] [PARSE] Parsing text dump: /scratch/yuvraj17/adaptive_tracing_scratch/micro-service-trace-data-txt-dump/anomaly_disk/run04/kernel.txt
[07:27:00 +2:57:48] [PARSE] Read 10,000,000 text lines
[07:27:32 +2:58:21] [PARSE] Read 15,000,000 text lines
[07:28:06 +2:58:55] [PARSE] Read 20,000,000 text lines
[07:28:40 +2:59:29] [PARSE] Read 25,000,000 text lines
[07:29:13 +3:00:02] [PARSE] Read 30,000,000 text lines
[07:29:20 +3:00:09] [SEG] Scope=5,142,740/25,000,000 kept, 41,479 windows
[07:29:48 +3:00:37] [PARSE] Read 35,000,000 text lines
[07:29:55 +3:00:43] [SEG] Scope=6,191,487/30,000,000 kept, 53,354 windows
[07:30:23 +3:01:12] [PARSE] Read 40,000,000 text lines
[07:30:56 +3:01:45] [PARSE] Read 45,000,000 text lines
[07:31:31 +3:02:20] [PARSE] Read 50,000,000 text lines
[07:32:05 +3:02:54] [PARSE] Read 55,000,000 text lines
[07:32:40 +3:03:29] [PARSE] Read 60,000,000 text lines
[07:33:14 +3:04:03] [PARSE] Read 65,000,000 text lines
[07:33:33 +3:04:22] [RUN] Produced 123,240 windows | kept 13,015,878/61,589,361 events (syscall=13,015,878, other=48,573,483)
[07:33:34 +3:04:23] [START] Building split: test_ood_disk
[07:33:34 +3:04:23] [RUN] Run: /scratch/yuvraj17/adaptive_tracing_scratch/micro-service-trace-data-txt-dump/anomaly_disk/run05
[07:33:34 +3:04:23] [PARSE] Parsing text dump: /scratch/yuvraj17/adaptive_tracing_scratch/micro-service-trace-data-txt-dump/anomaly_disk/run05/kernel.txt
[07:34:10 +3:04:59] [PARSE] Read 10,000,000 text lines
[07:34:44 +3:05:33] [PARSE] Read 15,000,000 text lines
[07:35:17 +3:06:06] [PARSE] Read 20,000,000 text lines
[07:35:53 +3:06:42] [PARSE] Read 25,000,000 text lines
[07:35:57 +3:06:46] [SEG] Scope=4,107,741/20,000,000 kept, 32,977 windows
[07:36:27 +3:07:16] [PARSE] Read 30,000,000 text lines
[07:37:01 +3:07:50] [PARSE] Read 35,000,000 text lines
[07:37:35 +3:08:24] [PARSE] Read 40,000,000 text lines
[07:38:10 +3:08:59] [PARSE] Read 45,000,000 text lines
[07:38:45 +3:09:34] [PARSE] Read 50,000,000 text lines
[07:39:19 +3:10:08] [PARSE] Read 55,000,000 text lines
[07:39:53 +3:10:42] [PARSE] Read 60,000,000 text lines
[07:40:28 +3:11:17] [PARSE] Read 65,000,000 text lines
[07:40:50 +3:11:39] [RUN] Produced 123,783 windows | kept 13,002,659/62,305,832 events (syscall=13,002,659, other=49,303,173)
[07:40:50 +3:11:39] [START] Building split: valid_ood_mem
[07:40:50 +3:11:39] [RUN] Run: /scratch/yuvraj17/adaptive_tracing_scratch/micro-service-trace-data-txt-dump/anomaly_mem/run04
[07:40:50 +3:11:39] [PARSE] Parsing text dump: /scratch/yuvraj17/adaptive_tracing_scratch/micro-service-trace-data-txt-dump/anomaly_mem/run04/kernel.txt
[07:41:08 +3:11:57] [PARSE] Read 5,000,000 text lines
[07:41:42 +3:12:31] [PARSE] Read 10,000,000 text lines
[07:42:01 +3:12:50] [SEG] Scope=2,191,837/10,000,000 kept, 15,202 windows
[07:42:16 +3:13:05] [PARSE] Read 15,000,000 text lines
[07:42:49 +3:13:38] [PARSE] Read 20,000,000 text lines
[07:43:23 +3:14:12] [PARSE] Read 25,000,000 text lines
[07:43:56 +3:14:45] [PARSE] Read 30,000,000 text lines
[07:44:31 +3:15:20] [PARSE] Read 35,000,000 text lines
[07:45:04 +3:15:53] [PARSE] Read 40,000,000 text lines
[07:45:38 +3:16:27] [PARSE] Read 45,000,000 text lines
[07:46:13 +3:17:02] [PARSE] Read 50,000,000 text lines
[07:46:47 +3:17:36] [PARSE] Read 55,000,000 text lines
[07:47:06 +3:17:54] [SEG] Scope=12,223,573/55,000,000 kept, 94,900 windows
[07:47:20 +3:18:09] [PARSE] Read 60,000,000 text lines
[07:47:55 +3:18:43] [PARSE] Read 65,000,000 text lines
[07:48:29 +3:19:18] [PARSE] Read 70,000,000 text lines
[07:49:04 +3:19:53] [PARSE] Read 75,000,000 text lines
[07:49:22 +3:20:11] [SEG] Scope=16,706,503/75,000,000 kept, 130,613 windows
[07:49:37 +3:20:26] [PARSE] Read 80,000,000 text lines
[07:50:11 +3:21:00] [PARSE] Read 85,000,000 text lines
[07:50:45 +3:21:34] [PARSE] Read 90,000,000 text lines
[07:51:20 +3:22:09] [PARSE] Read 95,000,000 text lines
[07:51:39 +3:22:28] [SEG] Scope=21,196,359/95,000,000 kept, 166,331 windows
[07:51:55 +3:22:44] [PARSE] Read 100,000,000 text lines
[07:52:30 +3:23:19] [PARSE] Read 105,000,000 text lines
[07:53:05 +3:23:54] [PARSE] Read 110,000,000 text lines
[07:53:42 +3:24:31] [PARSE] Read 115,000,000 text lines
[07:54:18 +3:25:07] [PARSE] Read 120,000,000 text lines
[07:54:54 +3:25:43] [PARSE] Read 125,000,000 text lines
[07:55:26 +3:26:15] [RUN] Produced 217,032 windows | kept 28,597,675/126,410,495 events (syscall=28,597,675, other=97,812,820)
[07:55:26 +3:26:15] [START] Building split: test_ood_mem
[07:55:26 +3:26:15] [RUN] Run: /scratch/yuvraj17/adaptive_tracing_scratch/micro-service-trace-data-txt-dump/anomaly_mem/run05
[07:55:26 +3:26:15] [PARSE] Parsing text dump: /scratch/yuvraj17/adaptive_tracing_scratch/micro-service-trace-data-txt-dump/anomaly_mem/run05/kernel.txt
[07:55:43 +3:26:32] [PARSE] Read 5,000,000 text lines
[07:56:05 +3:26:54] [SEG] Scope=1,129,397/5,000,000 kept, 6,985 windows
[07:56:17 +3:27:06] [PARSE] Read 10,000,000 text lines
[07:56:52 +3:27:41] [PARSE] Read 15,000,000 text lines
[07:57:26 +3:28:14] [PARSE] Read 20,000,000 text lines
[07:57:59 +3:28:48] [PARSE] Read 25,000,000 text lines
[07:58:34 +3:29:23] [PARSE] Read 30,000,000 text lines
[07:59:08 +3:29:57] [PARSE] Read 35,000,000 text lines
[07:59:42 +3:30:31] [PARSE] Read 40,000,000 text lines
[08:00:04 +3:30:53] [SEG] Scope=9,269,302/40,000,000 kept, 66,658 windows
[08:00:16 +3:31:05] [PARSE] Read 45,000,000 text lines
[08:00:51 +3:31:40] [PARSE] Read 50,000,000 text lines
[08:01:26 +3:32:15] [PARSE] Read 55,000,000 text lines
[08:02:01 +3:32:50] [PARSE] Read 60,000,000 text lines
[08:02:35 +3:33:24] [PARSE] Read 65,000,000 text lines
[08:03:10 +3:33:59] [PARSE] Read 70,000,000 text lines
[08:03:44 +3:34:32] [PARSE] Read 75,000,000 text lines
[08:04:05 +3:34:54] [SEG] Scope=17,241,952/75,000,000 kept, 129,667 windows
[08:04:18 +3:35:06] [PARSE] Read 80,000,000 text lines
[08:04:51 +3:35:40] [PARSE] Read 85,000,000 text lines
[08:05:24 +3:36:13] [PARSE] Read 90,000,000 text lines
[08:05:59 +3:36:48] [PARSE] Read 95,000,000 text lines
[08:06:35 +3:37:24] [PARSE] Read 100,000,000 text lines
[08:07:10 +3:37:59] [PARSE] Read 105,000,000 text lines
[08:07:44 +3:38:33] [PARSE] Read 110,000,000 text lines
[08:08:19 +3:39:08] [PARSE] Read 115,000,000 text lines
[08:08:43 +3:39:32] [SEG] Scope=26,375,569/115,000,000 kept, 195,567 windows
[08:08:55 +3:39:44] [PARSE] Read 120,000,000 text lines
[08:09:30 +3:40:19] [PARSE] Read 125,000,000 text lines
[08:10:03 +3:40:52] [RUN] Produced 217,461 windows | kept 28,975,572/125,974,449 events (syscall=28,975,572, other=96,998,877)
[08:10:03 +3:40:52] [START] Building split: valid_ood_net
[08:10:03 +3:40:52] [RUN] Run: /scratch/yuvraj17/adaptive_tracing_scratch/micro-service-trace-data-txt-dump/anomaly_net/run04
[08:10:03 +3:40:52] [PARSE] Parsing text dump: /scratch/yuvraj17/adaptive_tracing_scratch/micro-service-trace-data-txt-dump/anomaly_net/run04/kernel.txt
[08:10:32 +3:41:21] [PARSE] Read 5,000,000 text lines
[08:10:40 +3:41:29] [SEG] Scope=1,157,098/5,000,000 kept, 5,910 windows
[08:11:07 +3:41:56] [PARSE] Read 10,000,000 text lines
[08:11:42 +3:42:31] [PARSE] Read 15,000,000 text lines
[08:12:16 +3:43:05] [PARSE] Read 20,000,000 text lines
[08:12:51 +3:43:40] [PARSE] Read 25,000,000 text lines
[08:12:58 +3:43:47] [SEG] Scope=5,374,960/25,000,000 kept, 31,381 windows
[08:13:24 +3:44:13] [PARSE] Read 30,000,000 text lines
[08:13:31 +3:44:20] [SEG] Scope=6,493,944/30,000,000 kept, 37,256 windows
[08:14:00 +3:44:49] [PARSE] Read 35,000,000 text lines
[08:14:34 +3:45:23] [PARSE] Read 40,000,000 text lines
[08:15:08 +3:45:57] [PARSE] Read 45,000,000 text lines
[08:15:42 +3:46:31] [PARSE] Read 50,000,000 text lines
[08:15:50 +3:46:39] [SEG] Scope=10,643,062/50,000,000 kept, 61,153 windows
[08:16:17 +3:47:06] [PARSE] Read 55,000,000 text lines
[08:16:52 +3:47:41] [PARSE] Read 60,000,000 text lines
[08:16:59 +3:47:47] [SEG] Scope=12,780,900/60,000,000 kept, 72,589 windows
[08:17:26 +3:48:15] [PARSE] Read 65,000,000 text lines
[08:17:32 +3:48:21] [SEG] Scope=13,909,432/65,000,000 kept, 77,962 windows
[08:18:00 +3:48:49] [PARSE] Read 70,000,000 text lines
[08:18:34 +3:49:23] [PARSE] Read 75,000,000 text lines
[08:19:07 +3:49:56] [PARSE] Read 80,000,000 text lines
[08:19:42 +3:50:30] [PARSE] Read 85,000,000 text lines
[08:20:16 +3:51:05] [PARSE] Read 90,000,000 text lines
[08:20:51 +3:51:40] [PARSE] Read 95,000,000 text lines
[08:21:03 +3:51:52] [RUN] Produced 120,077 windows | kept 20,325,032/94,979,249 events (syscall=20,325,032, other=74,654,217)
[08:21:03 +3:51:52] [START] Building split: test_ood_net
[08:21:03 +3:51:52] [RUN] Run: /scratch/yuvraj17/adaptive_tracing_scratch/micro-service-trace-data-txt-dump/anomaly_net/run05
[08:21:03 +3:51:52] [PARSE] Parsing text dump: /scratch/yuvraj17/adaptive_tracing_scratch/micro-service-trace-data-txt-dump/anomaly_net/run05/kernel.txt
[08:21:31 +3:52:20] [PARSE] Read 5,000,000 text lines
[08:22:07 +3:52:56] [PARSE] Read 10,000,000 text lines
[08:22:41 +3:53:30] [PARSE] Read 15,000,000 text lines
[08:23:16 +3:54:05] [PARSE] Read 20,000,000 text lines
[08:23:50 +3:54:39] [PARSE] Read 25,000,000 text lines
[08:23:58 +3:54:47] [SEG] Scope=5,390,529/25,000,000 kept, 30,835 windows
[08:24:25 +3:55:14] [PARSE] Read 30,000,000 text lines
[08:24:59 +3:55:48] [PARSE] Read 35,000,000 text lines
[08:25:06 +3:55:55] [SEG] Scope=7,516,628/35,000,000 kept, 42,988 windows
[08:25:33 +3:56:22] [PARSE] Read 40,000,000 text lines
[08:25:39 +3:56:28] [SEG] Scope=8,603,623/40,000,000 kept, 48,960 windows
[08:26:07 +3:56:56] [PARSE] Read 45,000,000 text lines
[08:26:42 +3:57:31] [PARSE] Read 50,000,000 text lines
[08:27:16 +3:58:05] [PARSE] Read 55,000,000 text lines
[08:27:23 +3:58:12] [SEG] Scope=11,775,542/55,000,000 kept, 66,394 windows
[08:27:51 +3:58:40] [PARSE] Read 60,000,000 text lines
[08:28:25 +3:59:14] [PARSE] Read 65,000,000 text lines
[08:29:00 +3:59:49] [PARSE] Read 70,000,000 text lines
[08:29:34 +4:00:23] [PARSE] Read 75,000,000 text lines
[08:30:07 +4:00:56] [PARSE] Read 80,000,000 text lines
[08:30:43 +4:01:32] [PARSE] Read 85,000,000 text lines
[08:31:16 +4:02:05] [PARSE] Read 90,000,000 text lines
[08:31:50 +4:02:39] [PARSE] Read 95,000,000 text lines
[08:32:06 +4:02:55] [RUN] Produced 120,006 windows | kept 20,513,257/95,659,261 events (syscall=20,513,257, other=75,146,004)
[08:32:06 +4:02:55] [DONE] Done. Output written to /scratch/yuvraj17/adaptive_tracing_scratch/micro-service-trace-data/preprocessed_lmat_kernel_cats5_seq512
============================================================
Finished with exit code: 0
Output dir: /scratch/yuvraj17/adaptive_tracing_scratch/micro-service-trace-data/preprocessed_lmat_kernel_cats5_seq512
Manifest  : /scratch/yuvraj17/adaptive_tracing_scratch/micro-service-trace-data/preprocessed_lmat_kernel_cats5_seq512/dataset_manifest.json
Vocab     : /scratch/yuvraj17/adaptive_tracing_scratch/micro-service-trace-data/preprocessed_lmat_kernel_cats5_seq512/vocab.pkl
Delays    : /scratch/yuvraj17/adaptive_tracing_scratch/micro-service-trace-data/preprocessed_lmat_kernel_cats5_seq512/delay_spans.pkl
============================================================

scontrol show job 1239556
JobId=1239556 JobName=txt_dump_to_shards_5cat_512
   UserId=yuvraj17(3154711) GroupId=yuvraj17(3154711) MCS_label=N/A
   Priority=889747 Nice=0 Account=def-naser2 QOS=normal
   JobState=COMPLETING Reason=None Dependency=(null)
   Requeue=0 Restarts=0 BatchFlag=1 Reboot=0 ExitCode=0:0
   RunTime=04:03:06 TimeLimit=08:00:00 TimeMin=N/A
   SubmitTime=2026-03-27T04:29:01 EligibleTime=2026-03-27T04:29:01
   AccrueTime=2026-03-27T04:29:01
   StartTime=2026-03-27T04:29:02 EndTime=2026-03-27T08:32:08 Deadline=N/A
   SuspendTime=None SecsPreSuspend=0 LastSchedEval=2026-03-27T04:29:02 Scheduler=Main
   Partition=compute AllocNode:Sid=tri-login01:1347118
   ReqNodeList=(null) ExcNodeList=(null)
   NodeList=tri0078
   BatchHost=tri0078
   NumNodes=1 NumCPUs=192 NumTasks=1 CPUs/Task=8 ReqB:S:C:T=0:0:*:*
   ReqTRES=cpu=8,mem=767000M,node=1,billing=8
   AllocTRES=cpu=192,mem=767000M,node=1,billing=192
   Socks/Node=* NtasksPerN:B:S:C=0:0:*:* CoreSpec=*
   MinCPUsNode=8 MinMemoryNode=767000M MinTmpDiskNode=0
   Features=(null) DelayBoot=00:00:00
   OverSubscribe=NO Contiguous=0 Licenses=(null) LicensesAlloc=(null) Network=(null)
   Command=/scratch/yuvraj17/adaptive_tracing_scratch/adaptive_tracer/compute-canada-new-trillium/final-preprocessing/step-2-txt-to-shard-512-5000/txt_dump_to_shards_cats5_seq512.sh
   SubmitLine=SBATCH --comment /opt/slurm/bin/sbatch --export=NONE --get-user-env txt_dump_to_shards_cats5_seq512.sh --export=NONE --get-user-env txt_dump_to_shards_cats5_seq512.sh
   WorkDir=/scratch/yuvraj17/adaptive_tracing_scratch/adaptive_tracer/compute-canada-new-trillium/final-preprocessing/step-2-txt-to-shard-512-5000
   Comment=/opt/slurm/bin/sbatch --export=NONE --get-user-env txt_dump_to_shards_cats5_seq512.sh
   StdErr=
   StdIn=/dev/null
   StdOut=/scratch/yuvraj17/adaptive_tracing_scratch/adaptive_tracer/logs/txt_dump_to_shards_5cat_512-1239556.out
   TresPerTask=cpu=8
   MailUser=yuvraj17@scinet.local MailType=BEGIN,END,FAIL

sacct -j 1239556
JobID           JobName    Account    Elapsed  MaxVMSize     MaxRSS  SystemCPU    UserCPU ExitCode 
------------ ---------- ---------- ---------- ---------- ---------- ---------- ---------- -------- 
1239556      txt_dump_+ def-naser2   04:03:06                         00:00:00   00:00:00      0:0 
1239556.bat+      batch def-naser2   04:03:06                         00:00:00   00:00:00      0:0 
1239556.ext+     extern def-naser2   04:03:06                         00:00:00   00:00:00      0:0 

