[13:30:01][rank0] Vocab: 176 syscalls / 129 processes
[13:30:01][rank0] Train shards for this rank: 65  (total=65)  Valid shards: 22
[13:30:02][rank0] Model: LSTM  params=46,895,486
[13:30:02][rank0]   n_hidden=1024  n_layer=6  n_head=8
[13:30:02][rank0]   AMP(bf16)=True  compile=False  chk=False  DDP=False
[13:30:02][rank0]   batch=512  accum_steps=4  world_size=1  eff_batch=2048
[13:30:02][rank0] ======================================================================
[13:30:02][rank0] Starting training  device=cuda:0  total_steps~=15775  world_size=1
[13:30:02][rank0] ======================================================================
[13:32:26][rank0] Epoch   1/100  loss=1.5574  acc_e=0.00%  acc_l=32.59%  elapsed=0:02:24
[13:33:02][rank0] --- Validation @ step 200 ---
[13:33:17][rank0]   val loss=1.4720  loss_e=0.0000  acc_e=0.00%  acc_l=33.81%
[13:33:18][rank0]   New best val loss=1.4720 -> /scratch/yuvraj17/adaptive_tracing_scratch/adaptive_tracer/logs/lstm_duration_cats6_10950884/model_best.pt
[13:35:06][rank0] Epoch   2/100  loss=1.4493  acc_e=0.00%  acc_l=34.71%  elapsed=0:05:04
[13:36:16][rank0] --- Validation @ step 400 ---
[13:36:32][rank0]   val loss=1.3664  loss_e=0.0000  acc_e=0.00%  acc_l=39.36%
[13:36:32][rank0]   New best val loss=1.3664 -> /scratch/yuvraj17/adaptive_tracing_scratch/adaptive_tracer/logs/lstm_duration_cats6_10950884/model_best.pt
[13:37:46][rank0] Epoch   3/100  loss=1.3497  acc_e=0.00%  acc_l=39.63%  elapsed=0:07:44
[13:38:02][rank0] step=   500  epoch=4  loss=1.2526  acc_e=0.00%  lr=3.00e-04  elapsed=0:08:00
[13:39:31][rank0] --- Validation @ step 600 ---
[13:39:46][rank0]   val loss=1.1810  loss_e=0.0000  acc_e=0.00%  acc_l=48.87%
[13:39:47][rank0]   New best val loss=1.1810 -> /scratch/yuvraj17/adaptive_tracing_scratch/adaptive_tracer/logs/lstm_duration_cats6_10950884/model_best.pt
[13:40:27][rank0] Epoch   4/100  loss=1.2018  acc_e=0.00%  acc_l=47.46%  elapsed=0:10:24
[13:42:46][rank0] --- Validation @ step 800 ---
[13:43:01][rank0]   val loss=0.9931  loss_e=0.0000  acc_e=0.00%  acc_l=57.18%
[13:43:02][rank0]   New best val loss=0.9931 -> /scratch/yuvraj17/adaptive_tracing_scratch/adaptive_tracer/logs/lstm_duration_cats6_10950884/model_best.pt
[13:43:07][rank0] Epoch   5/100  loss=1.0638  acc_e=0.00%  acc_l=53.93%  elapsed=0:13:04
[13:45:31][rank0] Epoch   6/100  loss=0.9551  acc_e=0.00%  acc_l=58.70%  elapsed=0:15:29
[13:46:02][rank0] step=  1000  epoch=7  loss=0.9010  acc_e=0.00%  lr=2.99e-04  elapsed=0:15:59
[13:46:02][rank0] --- Validation @ step 1000 ---
[13:46:17][rank0]   val loss=0.9052  loss_e=0.0000  acc_e=0.00%  acc_l=61.01%
[13:46:17][rank0]   New best val loss=0.9052 -> /scratch/yuvraj17/adaptive_tracing_scratch/adaptive_tracer/logs/lstm_duration_cats6_10950884/model_best.pt
[13:48:11][rank0] Epoch   7/100  loss=0.9046  acc_e=0.00%  acc_l=60.96%  elapsed=0:18:09
[13:49:16][rank0] --- Validation @ step 1200 ---
[13:49:31][rank0]   val loss=0.8539  loss_e=0.0000  acc_e=0.00%  acc_l=63.29%
[13:49:32][rank0]   New best val loss=0.8539 -> /scratch/yuvraj17/adaptive_tracing_scratch/adaptive_tracer/logs/lstm_duration_cats6_10950884/model_best.pt
[13:50:51][rank0] Epoch   8/100  loss=0.8727  acc_e=0.00%  acc_l=62.41%  elapsed=0:20:49
[13:52:31][rank0] --- Validation @ step 1400 ---
[13:52:46][rank0]   val loss=0.8313  loss_e=0.0000  acc_e=0.00%  acc_l=64.34%
[13:52:47][rank0]   New best val loss=0.8313 -> /scratch/yuvraj17/adaptive_tracing_scratch/adaptive_tracer/logs/lstm_duration_cats6_10950884/model_best.pt
[13:53:31][rank0] Epoch   9/100  loss=0.8503  acc_e=0.00%  acc_l=63.47%  elapsed=0:23:29
[13:54:17][rank0] step=  1500  epoch=10  loss=0.8292  acc_e=0.00%  lr=2.97e-04  elapsed=0:24:15
[13:55:46][rank0] --- Validation @ step 1600 ---
[13:56:02][rank0]   val loss=0.8209  loss_e=0.0000  acc_e=0.00%  acc_l=64.86%
[13:56:02][rank0]   New best val loss=0.8209 -> /scratch/yuvraj17/adaptive_tracing_scratch/adaptive_tracer/logs/lstm_duration_cats6_10950884/model_best.pt
[13:56:12][rank0] Epoch  10/100  loss=0.8336  acc_e=0.00%  acc_l=64.26%  elapsed=0:26:09
[13:58:36][rank0] Epoch  11/100  loss=0.8205  acc_e=0.00%  acc_l=64.87%  elapsed=0:28:34
[13:59:02][rank0] --- Validation @ step 1800 ---
[13:59:18][rank0]   val loss=0.7993  loss_e=0.0000  acc_e=0.00%  acc_l=65.89%
[13:59:18][rank0]   New best val loss=0.7993 -> /scratch/yuvraj17/adaptive_tracing_scratch/adaptive_tracer/logs/lstm_duration_cats6_10950884/model_best.pt
[14:01:16][rank0] Epoch  12/100  loss=0.8098  acc_e=0.00%  acc_l=65.37%  elapsed=0:31:14
[14:02:17][rank0] step=  2000  epoch=13  loss=0.7986  acc_e=0.00%  lr=2.93e-04  elapsed=0:32:15
[14:02:17][rank0] --- Validation @ step 2000 ---
[14:02:32][rank0]   val loss=0.7992  loss_e=0.0000  acc_e=0.00%  acc_l=66.05%
[14:02:33][rank0]   New best val loss=0.7992 -> /scratch/yuvraj17/adaptive_tracing_scratch/adaptive_tracer/logs/lstm_duration_cats6_10950884/model_best.pt
[14:03:56][rank0] Epoch  13/100  loss=0.8022  acc_e=0.00%  acc_l=65.70%  elapsed=0:33:54
[14:05:32][rank0] --- Validation @ step 2200 ---
[14:05:47][rank0]   val loss=0.7829  loss_e=0.0000  acc_e=0.00%  acc_l=66.57%
[14:05:48][rank0]   New best val loss=0.7829 -> /scratch/yuvraj17/adaptive_tracing_scratch/adaptive_tracer/logs/lstm_duration_cats6_10950884/model_best.pt
[14:06:37][rank0] Epoch  14/100  loss=0.7940  acc_e=0.00%  acc_l=66.08%  elapsed=0:36:35
[14:08:47][rank0] --- Validation @ step 2400 ---
[14:09:03][rank0]   val loss=0.7732  loss_e=0.0000  acc_e=0.00%  acc_l=67.09%
[14:09:03][rank0]   New best val loss=0.7732 -> /scratch/yuvraj17/adaptive_tracing_scratch/adaptive_tracer/logs/lstm_duration_cats6_10950884/model_best.pt
[14:09:17][rank0] Epoch  15/100  loss=0.7876  acc_e=0.00%  acc_l=66.35%  elapsed=0:39:15
[14:10:33][rank0] step=  2500  epoch=16  loss=0.7826  acc_e=0.00%  lr=2.88e-04  elapsed=0:40:31
[14:11:41][rank0] Epoch  16/100  loss=0.7828  acc_e=0.00%  acc_l=66.57%  elapsed=0:41:39
[14:12:03][rank0] --- Validation @ step 2600 ---
[14:12:19][rank0]   val loss=0.7711  loss_e=0.0000  acc_e=0.00%  acc_l=67.04%
[14:12:19][rank0]   New best val loss=0.7711 -> /scratch/yuvraj17/adaptive_tracing_scratch/adaptive_tracer/logs/lstm_duration_cats6_10950884/model_best.pt
[14:14:21][rank0] Epoch  17/100  loss=0.7778  acc_e=0.00%  acc_l=66.81%  elapsed=0:44:19
[14:15:18][rank0] --- Validation @ step 2800 ---
[14:15:34][rank0]   val loss=0.7639  loss_e=0.0000  acc_e=0.00%  acc_l=67.42%
[14:15:34][rank0]   New best val loss=0.7639 -> /scratch/yuvraj17/adaptive_tracing_scratch/adaptive_tracer/logs/lstm_duration_cats6_10950884/model_best.pt
[14:17:02][rank0] Epoch  18/100  loss=0.7742  acc_e=0.00%  acc_l=66.97%  elapsed=0:47:00
[14:18:33][rank0] step=  3000  epoch=19  loss=0.7709  acc_e=0.00%  lr=2.82e-04  elapsed=0:48:31
[14:18:33][rank0] --- Validation @ step 3000 ---
[14:18:49][rank0]   val loss=0.7641  loss_e=0.0000  acc_e=0.00%  acc_l=67.41%
[14:19:42][rank0] Epoch  19/100  loss=0.7714  acc_e=0.00%  acc_l=67.09%  elapsed=0:49:39
[14:21:48][rank0] --- Validation @ step 3200 ---
[14:22:04][rank0]   val loss=0.7586  loss_e=0.0000  acc_e=0.00%  acc_l=67.69%
[14:22:05][rank0]   New best val loss=0.7586 -> /scratch/yuvraj17/adaptive_tracing_scratch/adaptive_tracer/logs/lstm_duration_cats6_10950884/model_best.pt
[14:22:23][rank0] Epoch  20/100  loss=0.7673  acc_e=0.00%  acc_l=67.26%  elapsed=0:52:21
[14:24:49][rank0] Epoch  21/100  loss=0.7641  acc_e=0.00%  acc_l=67.41%  elapsed=0:54:47
[14:25:07][rank0] --- Validation @ step 3400 ---
[14:25:23][rank0]   val loss=0.7581  loss_e=0.0000  acc_e=0.00%  acc_l=67.66%
[14:25:23][rank0]   New best val loss=0.7581 -> /scratch/yuvraj17/adaptive_tracing_scratch/adaptive_tracer/logs/lstm_duration_cats6_10950884/model_best.pt
[14:26:54][rank0] step=  3500  epoch=22  loss=0.7603  acc_e=0.00%  lr=2.74e-04  elapsed=0:56:52
[14:27:32][rank0] Epoch  22/100  loss=0.7610  acc_e=0.00%  acc_l=67.56%  elapsed=0:57:30
[14:28:26][rank0] --- Validation @ step 3600 ---
[14:28:42][rank0]   val loss=0.7542  loss_e=0.0000  acc_e=0.00%  acc_l=67.87%
[14:28:42][rank0]   New best val loss=0.7542 -> /scratch/yuvraj17/adaptive_tracing_scratch/adaptive_tracer/logs/lstm_duration_cats6_10950884/model_best.pt
[14:30:16][rank0] Epoch  23/100  loss=0.7583  acc_e=0.00%  acc_l=67.68%  elapsed=1:00:14
[14:31:45][rank0] --- Validation @ step 3800 ---
[14:32:01][rank0]   val loss=0.7521  loss_e=0.0000  acc_e=0.00%  acc_l=67.93%
[14:32:01][rank0]   New best val loss=0.7521 -> /scratch/yuvraj17/adaptive_tracing_scratch/adaptive_tracer/logs/lstm_duration_cats6_10950884/model_best.pt
[14:33:00][rank0] Epoch  24/100  loss=0.7553  acc_e=0.00%  acc_l=67.82%  elapsed=1:02:58
[14:35:04][rank0] step=  4000  epoch=25  loss=0.7525  acc_e=0.00%  lr=2.65e-04  elapsed=1:05:02
[14:35:04][rank0] --- Validation @ step 4000 ---
[14:35:21][rank0]   val loss=0.7522  loss_e=0.0000  acc_e=0.00%  acc_l=67.92%
[14:35:44][rank0] Epoch  25/100  loss=0.7529  acc_e=0.00%  acc_l=67.92%  elapsed=1:05:42
[14:38:11][rank0] Epoch  26/100  loss=0.7505  acc_e=0.00%  acc_l=68.03%  elapsed=1:08:09
[14:38:25][rank0] --- Validation @ step 4200 ---
[14:38:41][rank0]   val loss=0.7508  loss_e=0.0000  acc_e=0.00%  acc_l=68.04%
[14:38:41][rank0]   New best val loss=0.7508 -> /scratch/yuvraj17/adaptive_tracing_scratch/adaptive_tracer/logs/lstm_duration_cats6_10950884/model_best.pt
[14:40:56][rank0] Epoch  27/100  loss=0.7489  acc_e=0.00%  acc_l=68.11%  elapsed=1:10:54
[14:41:45][rank0] --- Validation @ step 4400 ---
[14:42:01][rank0]   val loss=0.7482  loss_e=0.0000  acc_e=0.00%  acc_l=68.18%
[14:42:01][rank0]   New best val loss=0.7482 -> /scratch/yuvraj17/adaptive_tracing_scratch/adaptive_tracer/logs/lstm_duration_cats6_10950884/model_best.pt
[14:43:32][rank0] step=  4500  epoch=28  loss=0.7464  acc_e=0.00%  lr=2.54e-04  elapsed=1:13:30
[14:43:40][rank0] Epoch  28/100  loss=0.7466  acc_e=0.00%  acc_l=68.21%  elapsed=1:13:38
[14:45:05][rank0] --- Validation @ step 4600 ---
[14:45:21][rank0]   val loss=0.7479  loss_e=0.0000  acc_e=0.00%  acc_l=68.16%
[14:45:21][rank0]   New best val loss=0.7479 -> /scratch/yuvraj17/adaptive_tracing_scratch/adaptive_tracer/logs/lstm_duration_cats6_10950884/model_best.pt
[14:46:25][rank0] Epoch  29/100  loss=0.7447  acc_e=0.00%  acc_l=68.29%  elapsed=1:16:23
[14:48:25][rank0] --- Validation @ step 4800 ---
[14:48:41][rank0]   val loss=0.7449  loss_e=0.0000  acc_e=0.00%  acc_l=68.31%
[14:48:42][rank0]   New best val loss=0.7449 -> /scratch/yuvraj17/adaptive_tracing_scratch/adaptive_tracer/logs/lstm_duration_cats6_10950884/model_best.pt
[14:49:10][rank0] Epoch  30/100  loss=0.7427  acc_e=0.00%  acc_l=68.38%  elapsed=1:19:07
[14:51:38][rank0] Epoch  31/100  loss=0.7414  acc_e=0.00%  acc_l=68.44%  elapsed=1:21:35
[14:51:47][rank0] step=  5000  epoch=32  loss=0.7383  acc_e=0.00%  lr=2.43e-04  elapsed=1:21:45
[14:51:47][rank0] --- Validation @ step 5000 ---
[14:52:03][rank0]   val loss=0.7489  loss_e=0.0000  acc_e=0.00%  acc_l=68.10%
[14:52:03][rank0]   Checkpoint -> /scratch/yuvraj17/adaptive_tracing_scratch/adaptive_tracer/logs/lstm_duration_cats6_10950884/ckpt_0005000.pt
[14:54:22][rank0] Epoch  32/100  loss=0.7395  acc_e=0.00%  acc_l=68.52%  elapsed=1:24:20
[14:55:07][rank0] --- Validation @ step 5200 ---
[14:55:23][rank0]   val loss=0.7448  loss_e=0.0000  acc_e=0.00%  acc_l=68.34%
[14:55:23][rank0]   New best val loss=0.7448 -> /scratch/yuvraj17/adaptive_tracing_scratch/adaptive_tracer/logs/lstm_duration_cats6_10950884/model_best.pt
[14:57:06][rank0] Epoch  33/100  loss=0.7377  acc_e=0.00%  acc_l=68.59%  elapsed=1:27:04
[14:58:26][rank0] --- Validation @ step 5400 ---
[14:58:42][rank0]   val loss=0.7434  loss_e=0.0000  acc_e=0.00%  acc_l=68.40%
[14:58:43][rank0]   New best val loss=0.7434 -> /scratch/yuvraj17/adaptive_tracing_scratch/adaptive_tracer/logs/lstm_duration_cats6_10950884/model_best.pt
[14:59:50][rank0] Epoch  34/100  loss=0.7360  acc_e=0.00%  acc_l=68.68%  elapsed=1:29:48
[15:00:15][rank0] step=  5500  epoch=35  loss=0.7370  acc_e=0.00%  lr=2.31e-04  elapsed=1:30:13
[15:01:46][rank0] --- Validation @ step 5600 ---
[15:02:02][rank0]   val loss=0.7462  loss_e=0.0000  acc_e=0.00%  acc_l=68.28%
[15:02:34][rank0] Epoch  35/100  loss=0.7345  acc_e=0.00%  acc_l=68.74%  elapsed=1:32:32
[15:05:01][rank0] Epoch  36/100  loss=0.7329  acc_e=0.00%  acc_l=68.81%  elapsed=1:34:59
[15:05:06][rank0] --- Validation @ step 5800 ---
[15:05:22][rank0]   val loss=0.7495  loss_e=0.0000  acc_e=0.00%  acc_l=68.13%
[15:07:45][rank0] Epoch  37/100  loss=0.7314  acc_e=0.00%  acc_l=68.88%  elapsed=1:37:42
[15:08:24][rank0] step=  6000  epoch=38  loss=0.7326  acc_e=0.00%  lr=2.18e-04  elapsed=1:38:22
[15:08:24][rank0] --- Validation @ step 6000 ---
[15:08:40][rank0]   val loss=0.7456  loss_e=0.0000  acc_e=0.00%  acc_l=68.31%
[15:10:28][rank0] Epoch  38/100  loss=0.7299  acc_e=0.00%  acc_l=68.94%  elapsed=1:40:26
[15:11:43][rank0] --- Validation @ step 6200 ---
[15:11:59][rank0]   val loss=0.7420  loss_e=0.0000  acc_e=0.00%  acc_l=68.46%
[15:12:00][rank0]   New best val loss=0.7420 -> /scratch/yuvraj17/adaptive_tracing_scratch/adaptive_tracer/logs/lstm_duration_cats6_10950884/model_best.pt
[15:13:12][rank0] Epoch  39/100  loss=0.7286  acc_e=0.00%  acc_l=69.00%  elapsed=1:43:10
[15:15:02][rank0] --- Validation @ step 6400 ---
[15:15:18][rank0]   val loss=0.7461  loss_e=0.0000  acc_e=0.00%  acc_l=68.27%
[15:15:55][rank0] Epoch  40/100  loss=0.7271  acc_e=0.00%  acc_l=69.07%  elapsed=1:45:53
[15:16:50][rank0] step=  6500  epoch=41  loss=0.7285  acc_e=0.00%  lr=2.05e-04  elapsed=1:46:48
[15:18:21][rank0] --- Validation @ step 6600 ---
[15:18:37][rank0]   val loss=0.7455  loss_e=0.0000  acc_e=0.00%  acc_l=68.33%
[15:18:38][rank0] Epoch  41/100  loss=0.7260  acc_e=0.00%  acc_l=69.11%  elapsed=1:48:36
[15:21:05][rank0] Epoch  42/100  loss=0.7248  acc_e=0.00%  acc_l=69.17%  elapsed=1:51:03
[15:21:40][rank0] --- Validation @ step 6800 ---
[15:21:56][rank0]   val loss=0.7478  loss_e=0.0000  acc_e=0.00%  acc_l=68.23%
[15:23:48][rank0] Epoch  43/100  loss=0.7234  acc_e=0.00%  acc_l=69.23%  elapsed=1:53:46
[15:24:58][rank0] step=  7000  epoch=44  loss=0.7235  acc_e=0.00%  lr=1.91e-04  elapsed=1:54:56
[15:24:58][rank0] --- Validation @ step 7000 ---
[15:25:14][rank0]   val loss=0.7440  loss_e=0.0000  acc_e=0.00%  acc_l=68.34%
[15:26:30][rank0] Epoch  44/100  loss=0.7216  acc_e=0.00%  acc_l=69.30%  elapsed=1:56:28
[15:28:16][rank0] --- Validation @ step 7200 ---
[15:28:31][rank0]   val loss=0.7453  loss_e=0.0000  acc_e=0.00%  acc_l=68.38%
[15:29:13][rank0] Epoch  45/100  loss=0.7204  acc_e=0.00%  acc_l=69.37%  elapsed=1:59:10
[15:31:33][rank0] --- Validation @ step 7400 ---
[15:31:49][rank0]   val loss=0.7444  loss_e=0.0000  acc_e=0.00%  acc_l=68.39%
[15:31:55][rank0] Epoch  46/100  loss=0.7190  acc_e=0.00%  acc_l=69.43%  elapsed=2:01:53
[15:33:20][rank0] step=  7500  epoch=47  loss=0.7190  acc_e=0.00%  lr=1.76e-04  elapsed=2:03:18
[15:34:22][rank0] Epoch  47/100  loss=0.7176  acc_e=0.00%  acc_l=69.48%  elapsed=2:04:19
[15:34:52][rank0] --- Validation @ step 7600 ---
[15:35:08][rank0]   val loss=0.7478  loss_e=0.0000  acc_e=0.00%  acc_l=68.23%
[15:37:04][rank0] Epoch  48/100  loss=0.7164  acc_e=0.00%  acc_l=69.54%  elapsed=2:07:02
[15:38:10][rank0] --- Validation @ step 7800 ---
[15:38:26][rank0]   val loss=0.7479  loss_e=0.0000  acc_e=0.00%  acc_l=68.30%
[15:39:46][rank0] Epoch  49/100  loss=0.7151  acc_e=0.00%  acc_l=69.59%  elapsed=2:09:44
[15:41:27][rank0] step=  8000  epoch=50  loss=0.7110  acc_e=0.00%  lr=1.62e-04  elapsed=2:11:25
[15:41:27][rank0] --- Validation @ step 8000 ---
[15:41:42][rank0]   val loss=0.7498  loss_e=0.0000  acc_e=0.00%  acc_l=68.14%
[15:42:28][rank0] Epoch  50/100  loss=0.7138  acc_e=0.00%  acc_l=69.65%  elapsed=2:12:26
[15:44:44][rank0] --- Validation @ step 8200 ---
[15:45:00][rank0]   val loss=0.7435  loss_e=0.0000  acc_e=0.00%  acc_l=68.48%
[15:45:11][rank0] Epoch  51/100  loss=0.7127  acc_e=0.00%  acc_l=69.70%  elapsed=2:15:08
[15:47:37][rank0] Epoch  52/100  loss=0.7115  acc_e=0.00%  acc_l=69.76%  elapsed=2:17:34
[15:48:03][rank0] --- Validation @ step 8400 ---
[15:48:18][rank0]   val loss=0.7465  loss_e=0.0000  acc_e=0.00%  acc_l=68.39%
[15:49:47][rank0] step=  8500  epoch=53  loss=0.7075  acc_e=0.00%  lr=1.47e-04  elapsed=2:19:45
[15:50:17][rank0] Epoch  53/100  loss=0.7103  acc_e=0.00%  acc_l=69.80%  elapsed=2:20:15
[15:51:18][rank0] --- Validation @ step 8600 ---
[15:51:34][rank0]   val loss=0.7486  loss_e=0.0000  acc_e=0.00%  acc_l=68.31%
[15:52:58][rank0] Epoch  54/100  loss=0.7091  acc_e=0.00%  acc_l=69.86%  elapsed=2:22:56
[15:54:33][rank0] --- Validation @ step 8800 ---
[15:54:49][rank0]   val loss=0.7491  loss_e=0.0000  acc_e=0.00%  acc_l=68.31%
[15:55:39][rank0] Epoch  55/100  loss=0.7081  acc_e=0.00%  acc_l=69.91%  elapsed=2:25:36
[15:57:49][rank0] step=  9000  epoch=56  loss=0.7051  acc_e=0.00%  lr=1.32e-04  elapsed=2:27:46
[15:57:49][rank0] --- Validation @ step 9000 ---
[15:58:04][rank0]   val loss=0.7461  loss_e=0.0000  acc_e=0.00%  acc_l=68.39%
[15:58:19][rank0] Epoch  56/100  loss=0.7068  acc_e=0.00%  acc_l=69.97%  elapsed=2:28:17
[16:00:44][rank0] Epoch  57/100  loss=0.7054  acc_e=0.00%  acc_l=70.03%  elapsed=2:30:41
[16:01:05][rank0] --- Validation @ step 9200 ---
[16:01:20][rank0]   val loss=0.7507  loss_e=0.0000  acc_e=0.00%  acc_l=68.25%
[16:03:24][rank0] Epoch  58/100  loss=0.7043  acc_e=0.00%  acc_l=70.07%  elapsed=2:33:22
[16:04:20][rank0] --- Validation @ step 9400 ---
[16:04:36][rank0]   val loss=0.7522  loss_e=0.0000  acc_e=0.00%  acc_l=68.28%
[16:06:05][rank0] Epoch  59/100  loss=0.7032  acc_e=0.00%  acc_l=70.13%  elapsed=2:36:03
[16:06:06][rank0] step=  9500  epoch=60  loss=0.7017  acc_e=0.00%  lr=1.18e-04  elapsed=2:36:04
[16:07:35][rank0] --- Validation @ step 9600 ---
[16:07:51][rank0]   val loss=0.7541  loss_e=0.0000  acc_e=0.00%  acc_l=68.16%
[16:08:45][rank0] Epoch  60/100  loss=0.7022  acc_e=0.00%  acc_l=70.17%  elapsed=2:38:43
[16:10:50][rank0] --- Validation @ step 9800 ---
[16:11:06][rank0]   val loss=0.7533  loss_e=0.0000  acc_e=0.00%  acc_l=68.12%
[16:11:25][rank0] Epoch  61/100  loss=0.7013  acc_e=0.00%  acc_l=70.21%  elapsed=2:41:23
[16:13:50][rank0] Epoch  62/100  loss=0.7002  acc_e=0.00%  acc_l=70.26%  elapsed=2:43:48
[16:14:07][rank0] step= 10000  epoch=63  loss=0.7095  acc_e=0.00%  lr=1.04e-04  elapsed=2:44:05
[16:14:07][rank0] --- Validation @ step 10000 ---
[16:14:23][rank0]   val loss=0.7524  loss_e=0.0000  acc_e=0.00%  acc_l=68.22%
[16:14:23][rank0]   Checkpoint -> /scratch/yuvraj17/adaptive_tracing_scratch/adaptive_tracer/logs/lstm_duration_cats6_10950884/ckpt_0010000.pt
[16:16:32][rank0] Epoch  63/100  loss=0.6991  acc_e=0.00%  acc_l=70.31%  elapsed=2:46:29
[16:17:23][rank0] --- Validation @ step 10200 ---
[16:17:39][rank0]   val loss=0.7564  loss_e=0.0000  acc_e=0.00%  acc_l=68.16%
[16:19:12][rank0] Epoch  64/100  loss=0.6979  acc_e=0.00%  acc_l=70.36%  elapsed=2:49:10
[16:20:38][rank0] --- Validation @ step 10400 ---
[16:20:54][rank0]   val loss=0.7576  loss_e=0.0000  acc_e=0.00%  acc_l=68.10%
[16:21:52][rank0] Epoch  65/100  loss=0.6968  acc_e=0.00%  acc_l=70.41%  elapsed=2:51:50
[16:22:24][rank0] step= 10500  epoch=66  loss=0.7042  acc_e=0.00%  lr=9.10e-05  elapsed=2:52:22
[16:23:53][rank0] --- Validation @ step 10600 ---
[16:24:09][rank0]   val loss=0.7520  loss_e=0.0000  acc_e=0.00%  acc_l=68.27%
[16:24:33][rank0] Epoch  66/100  loss=0.6959  acc_e=0.00%  acc_l=70.45%  elapsed=2:54:30
[16:26:57][rank0] Epoch  67/100  loss=0.6948  acc_e=0.00%  acc_l=70.49%  elapsed=2:56:55
[16:27:10][rank0] --- Validation @ step 10800 ---
[16:27:26][rank0]   val loss=0.7518  loss_e=0.0000  acc_e=0.00%  acc_l=68.34%
[16:29:38][rank0] Epoch  68/100  loss=0.6939  acc_e=0.00%  acc_l=70.54%  elapsed=2:59:36
[16:30:25][rank0] step= 11000  epoch=69  loss=0.6971  acc_e=0.00%  lr=7.84e-05  elapsed=3:00:23
[16:30:25][rank0] --- Validation @ step 11000 ---
[16:30:41][rank0]   val loss=0.7611  loss_e=0.0000  acc_e=0.00%  acc_l=68.10%
[16:32:18][rank0] Epoch  69/100  loss=0.6931  acc_e=0.00%  acc_l=70.57%  elapsed=3:02:16
[16:33:40][rank0] --- Validation @ step 11200 ---
[16:33:56][rank0]   val loss=0.7533  loss_e=0.0000  acc_e=0.00%  acc_l=68.30%
[16:34:59][rank0] Epoch  70/100  loss=0.6921  acc_e=0.00%  acc_l=70.62%  elapsed=3:04:57
[16:36:55][rank0] --- Validation @ step 11400 ---
[16:37:10][rank0]   val loss=0.7626  loss_e=0.0000  acc_e=0.00%  acc_l=67.99%
[16:37:39][rank0] Epoch  71/100  loss=0.6912  acc_e=0.00%  acc_l=70.65%  elapsed=3:07:36
[16:38:41][rank0] step= 11500  epoch=72  loss=0.6960  acc_e=0.00%  lr=6.66e-05  elapsed=3:08:39
[16:40:03][rank0] Epoch  72/100  loss=0.6904  acc_e=0.00%  acc_l=70.70%  elapsed=3:10:01
[16:40:11][rank0] --- Validation @ step 11600 ---
[16:40:27][rank0]   val loss=0.7563  loss_e=0.0000  acc_e=0.00%  acc_l=68.17%
[16:42:44][rank0] Epoch  73/100  loss=0.6894  acc_e=0.00%  acc_l=70.74%  elapsed=3:12:42
[16:43:26][rank0] --- Validation @ step 11800 ---
[16:43:42][rank0]   val loss=0.7619  loss_e=0.0000  acc_e=0.00%  acc_l=68.05%
[16:45:24][rank0] Epoch  74/100  loss=0.6888  acc_e=0.00%  acc_l=70.76%  elapsed=3:15:22
[16:46:41][rank0] step= 12000  epoch=75  loss=0.6911  acc_e=0.00%  lr=5.58e-05  elapsed=3:16:39
[16:46:41][rank0] --- Validation @ step 12000 ---
[16:46:56][rank0]   val loss=0.7589  loss_e=0.0000  acc_e=0.00%  acc_l=68.10%
[16:48:04][rank0] Epoch  75/100  loss=0.6878  acc_e=0.00%  acc_l=70.80%  elapsed=3:18:01
[16:49:56][rank0] --- Validation @ step 12200 ---
[16:50:11][rank0]   val loss=0.7611  loss_e=0.0000  acc_e=0.00%  acc_l=68.06%
[16:50:44][rank0] Epoch  76/100  loss=0.6871  acc_e=0.00%  acc_l=70.83%  elapsed=3:20:42
[16:53:09][rank0] Epoch  77/100  loss=0.6864  acc_e=0.00%  acc_l=70.86%  elapsed=3:23:07
[16:53:12][rank0] --- Validation @ step 12400 ---
[16:53:28][rank0]   val loss=0.7584  loss_e=0.0000  acc_e=0.00%  acc_l=68.09%
[16:54:57][rank0] step= 12500  epoch=78  loss=0.6811  acc_e=0.00%  lr=4.61e-05  elapsed=3:24:55
[16:55:50][rank0] Epoch  78/100  loss=0.6858  acc_e=0.00%  acc_l=70.90%  elapsed=3:25:47
[16:56:28][rank0] --- Validation @ step 12600 ---
[16:56:43][rank0]   val loss=0.7634  loss_e=0.0000  acc_e=0.00%  acc_l=68.06%
[16:58:30][rank0] Epoch  79/100  loss=0.6850  acc_e=0.00%  acc_l=70.93%  elapsed=3:28:28
[16:59:43][rank0] --- Validation @ step 12800 ---
[16:59:58][rank0]   val loss=0.7598  loss_e=0.0000  acc_e=0.00%  acc_l=68.16%
[17:01:10][rank0] Epoch  80/100  loss=0.6843  acc_e=0.00%  acc_l=70.95%  elapsed=3:31:08
[17:02:58][rank0] step= 13000  epoch=81  loss=0.6811  acc_e=0.00%  lr=3.76e-05  elapsed=3:32:56
[17:02:58][rank0] --- Validation @ step 13000 ---
[17:03:14][rank0]   val loss=0.7633  loss_e=0.0000  acc_e=0.00%  acc_l=68.02%
[17:03:51][rank0] Epoch  81/100  loss=0.6838  acc_e=0.00%  acc_l=70.98%  elapsed=3:33:49
[17:06:14][rank0] --- Validation @ step 13200 ---
[17:06:29][rank0]   val loss=0.7586  loss_e=0.0000  acc_e=0.00%  acc_l=68.13%
[17:06:31][rank0] Epoch  82/100  loss=0.6832  acc_e=0.00%  acc_l=71.02%  elapsed=3:36:29
[17:08:56][rank0] Epoch  83/100  loss=0.6826  acc_e=0.00%  acc_l=71.04%  elapsed=3:38:54
[17:09:30][rank0] --- Validation @ step 13400 ---
[17:09:45][rank0]   val loss=0.7626  loss_e=0.0000  acc_e=0.00%  acc_l=68.09%
[17:11:15][rank0] step= 13500  epoch=84  loss=0.6797  acc_e=0.00%  lr=3.03e-05  elapsed=3:41:12
[17:11:37][rank0] Epoch  84/100  loss=0.6821  acc_e=0.00%  acc_l=71.07%  elapsed=3:41:34
[17:12:45][rank0] --- Validation @ step 13600 ---
[17:13:00][rank0]   val loss=0.7646  loss_e=0.0000  acc_e=0.00%  acc_l=68.05%
[17:14:17][rank0] Epoch  85/100  loss=0.6816  acc_e=0.00%  acc_l=71.08%  elapsed=3:44:15
[17:16:00][rank0] --- Validation @ step 13800 ---
[17:16:16][rank0]   val loss=0.7647  loss_e=0.0000  acc_e=0.00%  acc_l=68.04%
[17:16:57][rank0] Epoch  86/100  loss=0.6812  acc_e=0.00%  acc_l=71.10%  elapsed=3:46:55
[17:19:15][rank0] step= 14000  epoch=87  loss=0.6795  acc_e=0.00%  lr=2.44e-05  elapsed=3:49:13
[17:19:15][rank0] --- Validation @ step 14000 ---
[17:19:31][rank0]   val loss=0.7605  loss_e=0.0000  acc_e=0.00%  acc_l=68.11%
[17:19:37][rank0] Epoch  87/100  loss=0.6807  acc_e=0.00%  acc_l=71.12%  elapsed=3:49:35
[17:22:02][rank0] Epoch  88/100  loss=0.6803  acc_e=0.00%  acc_l=71.14%  elapsed=3:52:00
[17:22:31][rank0] --- Validation @ step 14200 ---
[17:22:47][rank0]   val loss=0.7659  loss_e=0.0000  acc_e=0.00%  acc_l=68.01%
[17:24:43][rank0] Epoch  89/100  loss=0.6799  acc_e=0.00%  acc_l=71.15%  elapsed=3:54:41
[17:25:47][rank0] --- Validation @ step 14400 ---
[17:26:02][rank0]   val loss=0.7702  loss_e=0.0000  acc_e=0.00%  acc_l=67.92%
[17:27:23][rank0] Epoch  90/100  loss=0.6795  acc_e=0.00%  acc_l=71.18%  elapsed=3:57:21
[17:27:33][rank0] step= 14500  epoch=91  loss=0.6918  acc_e=0.00%  lr=1.99e-05  elapsed=3:57:31
[17:29:02][rank0] --- Validation @ step 14600 ---
[17:29:18][rank0]   val loss=0.7666  loss_e=0.0000  acc_e=0.00%  acc_l=68.06%
[17:30:04][rank0] Epoch  91/100  loss=0.6792  acc_e=0.00%  acc_l=71.18%  elapsed=4:00:02
[17:32:17][rank0] --- Validation @ step 14800 ---
[17:32:33][rank0]   val loss=0.7635  loss_e=0.0000  acc_e=0.00%  acc_l=68.04%
[17:32:44][rank0] Epoch  92/100  loss=0.6788  acc_e=0.00%  acc_l=71.20%  elapsed=4:02:42
[17:35:09][rank0] Epoch  93/100  loss=0.6785  acc_e=0.00%  acc_l=71.22%  elapsed=4:05:07
[17:35:34][rank0] step= 15000  epoch=94  loss=0.6904  acc_e=0.00%  lr=1.68e-05  elapsed=4:05:32
[17:35:34][rank0] --- Validation @ step 15000 ---
[17:35:49][rank0]   val loss=0.7671  loss_e=0.0000  acc_e=0.00%  acc_l=67.98%
[17:35:50][rank0]   Checkpoint -> /scratch/yuvraj17/adaptive_tracing_scratch/adaptive_tracer/logs/lstm_duration_cats6_10950884/ckpt_0015000.pt
[17:37:50][rank0] Epoch  94/100  loss=0.6782  acc_e=0.00%  acc_l=71.23%  elapsed=4:07:48
[17:38:49][rank0] --- Validation @ step 15200 ---
[17:39:05][rank0]   val loss=0.7704  loss_e=0.0000  acc_e=0.00%  acc_l=67.97%
[17:40:30][rank0] Epoch  95/100  loss=0.6779  acc_e=0.00%  acc_l=71.25%  elapsed=4:10:28
[17:42:04][rank0] --- Validation @ step 15400 ---
[17:42:20][rank0]   val loss=0.7689  loss_e=0.0000  acc_e=0.00%  acc_l=67.96%
[17:43:10][rank0] Epoch  96/100  loss=0.6776  acc_e=0.00%  acc_l=71.26%  elapsed=4:13:08
[17:43:50][rank0] step= 15500  epoch=97  loss=0.6852  acc_e=0.00%  lr=1.52e-05  elapsed=4:13:48
[17:45:20][rank0] --- Validation @ step 15600 ---
[17:45:35][rank0]   val loss=0.7649  loss_e=0.0000  acc_e=0.00%  acc_l=68.03%
[17:45:51][rank0] Epoch  97/100  loss=0.6774  acc_e=0.00%  acc_l=71.26%  elapsed=4:15:49
[17:48:16][rank0] Epoch  98/100  loss=0.6771  acc_e=0.00%  acc_l=71.28%  elapsed=4:18:13
[17:48:37][rank0] --- Validation @ step 15800 ---
[17:48:52][rank0]   val loss=0.7646  loss_e=0.0000  acc_e=0.00%  acc_l=68.07%
[17:50:57][rank0] Epoch  99/100  loss=0.6768  acc_e=0.00%  acc_l=71.29%  elapsed=4:20:55
[17:51:52][rank0] step= 16000  epoch=100  loss=0.6836  acc_e=0.00%  lr=1.52e-05  elapsed=4:21:49
[17:51:52][rank0] --- Validation @ step 16000 ---
[17:52:07][rank0]   val loss=0.7720  loss_e=0.0000  acc_e=0.00%  acc_l=67.95%
[17:53:37][rank0] Epoch 100/100  loss=0.6766  acc_e=0.00%  acc_l=71.30%  elapsed=4:23:35
[17:53:37][rank0] ======================================================================
[17:53:37][rank0] Training complete — OOD evaluation
[17:53:37][rank0] ======================================================================
[17:53:38][rank0] Loaded best model from /scratch/yuvraj17/adaptive_tracing_scratch/adaptive_tracer/logs/lstm_duration_cats6_10950884/model_best.pt
[17:55:13][rank0] [OOD] cpu     AUROC=0.6403  AUPR=0.6179  bal=108483/108483  full=108,483/220,454  F1=0.6706  P=0.5480  R=0.8640  thr=0.581624
[17:57:02][rank0] [OOD] disk    AUROC=0.6321  AUPR=0.6067  bal=108483/108483  full=108,483/268,102  F1=0.6569  P=0.5676  R=0.7796  thr=0.640888
[17:58:41][rank0] [OOD] mem     AUROC=0.7874  AUPR=0.7882  bal=108483/108483  full=108,483/234,136  F1=0.6678  P=0.5049  R=0.9858  thr=0.203115
[17:59:47][rank0] [OOD] net     AUROC=0.6994  AUPR=0.6874  bal=108483/108483  full=108,483/120,006  F1=0.6878  P=0.6430  R=0.7393  thr=0.74529
[17:59:47][rank0] OOD results -> /scratch/yuvraj17/adaptive_tracing_scratch/adaptive_tracer/logs/lstm_duration_cats6_10950884/ood_results.json
