[02:25:33][rank0] Vocab: 257 syscalls / 6 processes
[02:25:33][rank0] Train shards for this rank: 64  (total=64)  Valid shards: 64
[02:25:33][rank0] Model: LSTM  params=46,893,470
[02:25:33][rank0]   n_hidden=1024  n_layer=6  n_head=8
[02:25:33][rank0]   AMP(bf16)=True  compile=False  chk=False  DDP=False
[02:25:33][rank0]   batch=512  accum_steps=4  world_size=1  eff_batch=2048
[02:25:33][rank0] ======================================================================
[02:25:33][rank0] Starting training  device=cuda:0  total_steps~=3085  world_size=1
[02:25:33][rank0] ======================================================================
[02:27:01][rank0] --- Validation @ step 100 ---
[02:27:45][rank0]   val loss=1.0884  loss_e=0.0000  acc_e=0.00%  acc_l=56.38%
[02:27:45][rank0]   New best val loss=1.0884 -> /scratch/yuvraj17/adaptive_tracing_scratch/adaptive_tracer/logs/lstm_event_cats6_365774/model_best.pt
[02:28:35][rank0] Epoch   1/20  loss=1.3079  acc_e=0.00%  acc_l=50.89%  elapsed=0:03:02
[02:29:13][rank0] --- Validation @ step 200 ---
[02:29:56][rank0]   val loss=0.9907  loss_e=0.0000  acc_e=0.00%  acc_l=61.91%
[02:29:57][rank0]   New best val loss=0.9907 -> /scratch/yuvraj17/adaptive_tracing_scratch/adaptive_tracer/logs/lstm_event_cats6_365774/model_best.pt
[02:31:21][rank0] --- Validation @ step 300 ---
[02:32:05][rank0]   val loss=1.0265  loss_e=0.0000  acc_e=0.00%  acc_l=64.36%
[02:32:19][rank0] Epoch   2/20  loss=1.0482  acc_e=0.00%  acc_l=61.70%  elapsed=0:06:45
[02:33:32][rank0] --- Validation @ step 400 ---
[02:34:16][rank0]   val loss=1.0140  loss_e=0.0000  acc_e=0.00%  acc_l=65.44%
[02:35:19][rank0] Epoch   3/20  loss=1.0601  acc_e=0.00%  acc_l=62.99%  elapsed=0:09:46
[02:35:43][rank0] step=   500  epoch=4  loss=1.0713  acc_e=0.00%  lr=3.00e-04  elapsed=0:10:09
[02:35:43][rank0] --- Validation @ step 500 ---
[02:36:26][rank0]   val loss=1.0385  loss_e=0.0000  acc_e=0.00%  acc_l=63.36%
[02:37:52][rank0] --- Validation @ step 600 ---
[02:38:35][rank0]   val loss=1.0489  loss_e=0.0000  acc_e=0.00%  acc_l=63.53%
[02:39:03][rank0] Epoch   4/20  loss=1.0674  acc_e=0.00%  acc_l=63.16%  elapsed=0:13:29
[02:40:02][rank0] --- Validation @ step 700 ---
[02:40:45][rank0]   val loss=0.9924  loss_e=0.0000  acc_e=0.00%  acc_l=65.80%
[02:42:03][rank0] Epoch   5/20  loss=1.0145  acc_e=0.00%  acc_l=65.01%  elapsed=0:16:29
[02:42:12][rank0] --- Validation @ step 800 ---
[02:42:55][rank0]   val loss=0.9981  loss_e=0.0000  acc_e=0.00%  acc_l=65.69%
[02:44:22][rank0] --- Validation @ step 900 ---
[02:45:05][rank0]   val loss=0.9976  loss_e=0.0000  acc_e=0.00%  acc_l=65.46%
[02:45:46][rank0] Epoch   6/20  loss=1.0018  acc_e=0.00%  acc_l=65.57%  elapsed=0:20:13
[02:46:33][rank0] step=  1000  epoch=7  loss=0.9210  acc_e=0.00%  lr=2.74e-04  elapsed=0:20:59
[02:46:33][rank0] --- Validation @ step 1000 ---
[02:47:16][rank0]   val loss=0.8616  loss_e=0.0000  acc_e=0.00%  acc_l=68.59%
[02:47:16][rank0]   New best val loss=0.8616 -> /scratch/yuvraj17/adaptive_tracing_scratch/adaptive_tracer/logs/lstm_event_cats6_365774/model_best.pt
[02:48:41][rank0] --- Validation @ step 1100 ---
[02:49:25][rank0]   val loss=0.8475  loss_e=0.0000  acc_e=0.00%  acc_l=68.52%
[02:49:25][rank0]   New best val loss=0.8475 -> /scratch/yuvraj17/adaptive_tracing_scratch/adaptive_tracer/logs/lstm_event_cats6_365774/model_best.pt
[02:49:30][rank0] Epoch   7/20  loss=0.8726  acc_e=0.00%  acc_l=68.37%  elapsed=0:23:56
[02:50:52][rank0] --- Validation @ step 1200 ---
[02:51:35][rank0]   val loss=0.8059  loss_e=0.0000  acc_e=0.00%  acc_l=70.24%
[02:51:35][rank0]   New best val loss=0.8059 -> /scratch/yuvraj17/adaptive_tracing_scratch/adaptive_tracer/logs/lstm_event_cats6_365774/model_best.pt
[02:52:31][rank0] Epoch   8/20  loss=0.8279  acc_e=0.00%  acc_l=69.42%  elapsed=0:26:57
[02:53:03][rank0] --- Validation @ step 1300 ---
[02:53:46][rank0]   val loss=0.7823  loss_e=0.0000  acc_e=0.00%  acc_l=70.68%
[02:53:47][rank0]   New best val loss=0.7823 -> /scratch/yuvraj17/adaptive_tracing_scratch/adaptive_tracer/logs/lstm_event_cats6_365774/model_best.pt
[02:55:11][rank0] --- Validation @ step 1400 ---
[02:55:55][rank0]   val loss=0.7668  loss_e=0.0000  acc_e=0.00%  acc_l=71.17%
[02:55:55][rank0]   New best val loss=0.7668 -> /scratch/yuvraj17/adaptive_tracing_scratch/adaptive_tracer/logs/lstm_event_cats6_365774/model_best.pt
[02:56:15][rank0] Epoch   9/20  loss=0.7920  acc_e=0.00%  acc_l=70.29%  elapsed=0:30:41
[02:57:23][rank0] step=  1500  epoch=10  loss=0.7736  acc_e=0.00%  lr=2.07e-04  elapsed=0:31:49
[02:57:23][rank0] --- Validation @ step 1500 ---
[02:58:06][rank0]   val loss=0.7435  loss_e=0.0000  acc_e=0.00%  acc_l=71.82%
[02:58:06][rank0]   New best val loss=0.7435 -> /scratch/yuvraj17/adaptive_tracing_scratch/adaptive_tracer/logs/lstm_event_cats6_365774/model_best.pt
[02:59:15][rank0] Epoch  10/20  loss=0.7624  acc_e=0.00%  acc_l=71.24%  elapsed=0:33:41
[02:59:33][rank0] --- Validation @ step 1600 ---
[03:00:17][rank0]   val loss=0.7279  loss_e=0.0000  acc_e=0.00%  acc_l=72.47%
[03:00:17][rank0]   New best val loss=0.7279 -> /scratch/yuvraj17/adaptive_tracing_scratch/adaptive_tracer/logs/lstm_event_cats6_365774/model_best.pt
[03:01:43][rank0] --- Validation @ step 1700 ---
[03:02:27][rank0]   val loss=0.7101  loss_e=0.0000  acc_e=0.00%  acc_l=73.00%
[03:02:27][rank0]   New best val loss=0.7101 -> /scratch/yuvraj17/adaptive_tracing_scratch/adaptive_tracer/logs/lstm_event_cats6_365774/model_best.pt
[03:02:59][rank0] Epoch  11/20  loss=0.7353  acc_e=0.00%  acc_l=72.08%  elapsed=0:37:25
[03:03:53][rank0] --- Validation @ step 1800 ---
[03:04:36][rank0]   val loss=0.7030  loss_e=0.0000  acc_e=0.00%  acc_l=73.25%
[03:04:36][rank0]   New best val loss=0.7030 -> /scratch/yuvraj17/adaptive_tracing_scratch/adaptive_tracer/logs/lstm_event_cats6_365774/model_best.pt
[03:05:59][rank0] Epoch  12/20  loss=0.7161  acc_e=0.00%  acc_l=72.75%  elapsed=0:40:26
[03:06:04][rank0] --- Validation @ step 1900 ---
[03:06:47][rank0]   val loss=0.6848  loss_e=0.0000  acc_e=0.00%  acc_l=73.84%
[03:06:47][rank0]   New best val loss=0.6848 -> /scratch/yuvraj17/adaptive_tracing_scratch/adaptive_tracer/logs/lstm_event_cats6_365774/model_best.pt
[03:08:13][rank0] step=  2000  epoch=13  loss=0.7111  acc_e=0.00%  lr=1.22e-04  elapsed=0:42:40
[03:08:13][rank0] --- Validation @ step 2000 ---
[03:08:57][rank0]   val loss=0.6830  loss_e=0.0000  acc_e=0.00%  acc_l=73.96%
[03:08:57][rank0]   New best val loss=0.6830 -> /scratch/yuvraj17/adaptive_tracing_scratch/adaptive_tracer/logs/lstm_event_cats6_365774/model_best.pt
[03:09:43][rank0] Epoch  13/20  loss=0.6986  acc_e=0.00%  acc_l=73.34%  elapsed=0:44:10
[03:10:25][rank0] --- Validation @ step 2100 ---
[03:11:08][rank0]   val loss=0.6687  loss_e=0.0000  acc_e=0.00%  acc_l=74.40%
[03:11:08][rank0]   New best val loss=0.6687 -> /scratch/yuvraj17/adaptive_tracing_scratch/adaptive_tracer/logs/lstm_event_cats6_365774/model_best.pt
[03:12:33][rank0] --- Validation @ step 2200 ---
[03:13:16][rank0]   val loss=0.6605  loss_e=0.0000  acc_e=0.00%  acc_l=74.57%
[03:13:17][rank0]   New best val loss=0.6605 -> /scratch/yuvraj17/adaptive_tracing_scratch/adaptive_tracer/logs/lstm_event_cats6_365774/model_best.pt
[03:13:27][rank0] Epoch  14/20  loss=0.6852  acc_e=0.00%  acc_l=73.84%  elapsed=0:47:54
[03:14:44][rank0] --- Validation @ step 2300 ---
[03:15:28][rank0]   val loss=0.6525  loss_e=0.0000  acc_e=0.00%  acc_l=75.00%
[03:15:28][rank0]   New best val loss=0.6525 -> /scratch/yuvraj17/adaptive_tracing_scratch/adaptive_tracer/logs/lstm_event_cats6_365774/model_best.pt
[03:16:28][rank0] Epoch  15/20  loss=0.6752  acc_e=0.00%  acc_l=74.19%  elapsed=0:50:54
[03:16:55][rank0] --- Validation @ step 2400 ---
[03:17:38][rank0]   val loss=0.6519  loss_e=0.0000  acc_e=0.00%  acc_l=75.01%
[03:17:38][rank0]   New best val loss=0.6519 -> /scratch/yuvraj17/adaptive_tracing_scratch/adaptive_tracer/logs/lstm_event_cats6_365774/model_best.pt
[03:19:03][rank0] step=  2500  epoch=16  loss=0.6671  acc_e=0.00%  lr=4.95e-05  elapsed=0:53:30
[03:19:03][rank0] --- Validation @ step 2500 ---
[03:19:47][rank0]   val loss=0.6517  loss_e=0.0000  acc_e=0.00%  acc_l=75.03%
[03:19:47][rank0]   New best val loss=0.6517 -> /scratch/yuvraj17/adaptive_tracing_scratch/adaptive_tracer/logs/lstm_event_cats6_365774/model_best.pt
[03:20:12][rank0] Epoch  16/20  loss=0.6673  acc_e=0.00%  acc_l=74.47%  elapsed=0:54:38
[03:21:14][rank0] --- Validation @ step 2600 ---
[03:21:58][rank0]   val loss=0.6413  loss_e=0.0000  acc_e=0.00%  acc_l=75.45%
[03:21:58][rank0]   New best val loss=0.6413 -> /scratch/yuvraj17/adaptive_tracing_scratch/adaptive_tracer/logs/lstm_event_cats6_365774/model_best.pt
[03:23:12][rank0] Epoch  17/20  loss=0.6608  acc_e=0.00%  acc_l=74.78%  elapsed=0:57:39
[03:23:25][rank0] --- Validation @ step 2700 ---
[03:24:09][rank0]   val loss=0.6372  loss_e=0.0000  acc_e=0.00%  acc_l=75.64%
[03:24:09][rank0]   New best val loss=0.6372 -> /scratch/yuvraj17/adaptive_tracing_scratch/adaptive_tracer/logs/lstm_event_cats6_365774/model_best.pt
[03:25:35][rank0] --- Validation @ step 2800 ---
[03:26:18][rank0]   val loss=0.6336  loss_e=0.0000  acc_e=0.00%  acc_l=75.76%
[03:26:19][rank0]   New best val loss=0.6336 -> /scratch/yuvraj17/adaptive_tracing_scratch/adaptive_tracer/logs/lstm_event_cats6_365774/model_best.pt
[03:26:56][rank0] Epoch  18/20  loss=0.6558  acc_e=0.00%  acc_l=74.90%  elapsed=1:01:22
[03:27:45][rank0] --- Validation @ step 2900 ---
[03:28:29][rank0]   val loss=0.6345  loss_e=0.0000  acc_e=0.00%  acc_l=75.62%
[03:29:54][rank0] step=  3000  epoch=19  loss=0.6522  acc_e=0.00%  lr=1.58e-05  elapsed=1:04:21
[03:29:54][rank0] --- Validation @ step 3000 ---
[03:30:38][rank0]   val loss=0.6311  loss_e=0.0000  acc_e=0.00%  acc_l=75.80%
[03:30:38][rank0]   New best val loss=0.6311 -> /scratch/yuvraj17/adaptive_tracing_scratch/adaptive_tracer/logs/lstm_event_cats6_365774/model_best.pt
[03:30:40][rank0] Epoch  19/20  loss=0.6518  acc_e=0.00%  acc_l=75.09%  elapsed=1:05:06
[03:32:05][rank0] --- Validation @ step 3100 ---
[03:32:48][rank0]   val loss=0.6292  loss_e=0.0000  acc_e=0.00%  acc_l=75.90%
[03:32:48][rank0]   New best val loss=0.6292 -> /scratch/yuvraj17/adaptive_tracing_scratch/adaptive_tracer/logs/lstm_event_cats6_365774/model_best.pt
[03:33:40][rank0] Epoch  20/20  loss=0.6493  acc_e=0.00%  acc_l=75.15%  elapsed=1:08:06
[03:33:40][rank0] ======================================================================
[03:33:40][rank0] Training complete — OOD evaluation
[03:33:40][rank0] ======================================================================
[03:33:40][rank0] Loaded best model from /scratch/yuvraj17/adaptive_tracing_scratch/adaptive_tracer/logs/lstm_event_cats6_365774/model_best.pt
[03:36:55][rank0] [OOD] cpu     AUROC=0.4977  AUPR=0.5003  bal=316026/316026  full=316,026/387,625  F1=0.0092  P=0.3354  R=0.0047  thr=0.041351
[03:40:21][rank0] [OOD] disk    AUROC=0.4975  AUPR=0.5012  bal=316026/316026  full=316,026/425,955  F1=0.0084  P=0.3356  R=0.0043  thr=0.161616
[03:43:35][rank0] [OOD] mem     AUROC=0.4977  AUPR=0.5002  bal=316026/316026  full=316,026/385,131  F1=0.0092  P=0.3390  R=0.0046  thr=0.0820707
[03:46:03][rank0] [OOD] net     AUROC=0.4991  AUPR=0.5000  bal=220229/220229  full=316,026/220,229  F1=0.0157  P=0.4520  R=0.0080  thr=0.0325126
[03:46:03][rank0] OOD results -> /scratch/yuvraj17/adaptive_tracing_scratch/adaptive_tracer/logs/lstm_event_cats6_365774/ood_results.json
