[02:20:45][rank0] Vocab: 257 syscalls / 6 processes
[02:20:45][rank0] Train shards for this rank: 64  (total=64)  Valid shards: 64
[02:20:46][rank0] Model: LSTM  params=47,150,745
[02:20:46][rank0]   n_hidden=1024  n_layer=6  n_head=8
[02:20:46][rank0]   AMP(bf16)=True  compile=False  chk=False  DDP=False
[02:20:46][rank0]   batch=512  accum_steps=4  world_size=1  eff_batch=2048
[02:20:46][rank0] ======================================================================
[02:20:46][rank0] Starting training  device=cuda:0  total_steps~=3085  world_size=1
[02:20:46][rank0] ======================================================================
[02:23:08][rank0] Epoch   1/20  loss=3.0612  acc_e=28.26%  acc_l=0.00%  elapsed=0:02:22
[02:23:47][rank0] --- Validation @ step 200 ---
[02:24:32][rank0]   val loss=1.7309  loss_e=1.7309  acc_e=33.88%  acc_l=0.00%
[02:24:32][rank0]   New best val loss=1.7309 -> /scratch/yuvraj17/adaptive_tracing_scratch/adaptive_tracer/logs/lstm_event_cats6_365773/model_best.pt
[02:26:13][rank0] Epoch   2/20  loss=1.7232  acc_e=33.87%  acc_l=0.00%  elapsed=0:05:27
[02:27:28][rank0] --- Validation @ step 400 ---
[02:28:13][rank0]   val loss=1.6971  loss_e=1.6971  acc_e=34.32%  acc_l=0.00%
[02:28:13][rank0]   New best val loss=1.6971 -> /scratch/yuvraj17/adaptive_tracing_scratch/adaptive_tracer/logs/lstm_event_cats6_365773/model_best.pt
[02:29:18][rank0] Epoch   3/20  loss=1.6992  acc_e=33.86%  acc_l=0.00%  elapsed=0:08:32
[02:29:42][rank0] step=   500  epoch=4  loss=1.6724  acc_e=34.11%  lr=3.00e-04  elapsed=0:08:56
[02:31:10][rank0] --- Validation @ step 600 ---
[02:31:55][rank0]   val loss=1.6915  loss_e=1.6915  acc_e=34.32%  acc_l=0.00%
[02:31:55][rank0]   New best val loss=1.6915 -> /scratch/yuvraj17/adaptive_tracing_scratch/adaptive_tracer/logs/lstm_event_cats6_365773/model_best.pt
[02:32:23][rank0] Epoch   4/20  loss=1.6943  acc_e=33.86%  acc_l=0.00%  elapsed=0:11:37
[02:34:44][rank0] Epoch   5/20  loss=1.6807  acc_e=34.01%  acc_l=0.00%  elapsed=0:13:57
[02:34:53][rank0] --- Validation @ step 800 ---
[02:35:39][rank0]   val loss=1.4708  loss_e=1.4708  acc_e=36.09%  acc_l=0.00%
[02:35:39][rank0]   New best val loss=1.4708 -> /scratch/yuvraj17/adaptive_tracing_scratch/adaptive_tracer/logs/lstm_event_cats6_365773/model_best.pt
[02:37:51][rank0] Epoch   6/20  loss=0.7820  acc_e=69.44%  acc_l=0.00%  elapsed=0:17:05
[02:38:39][rank0] step=  1000  epoch=7  loss=0.4650  acc_e=82.41%  lr=2.74e-04  elapsed=0:17:53
[02:38:39][rank0] --- Validation @ step 1000 ---
[02:39:25][rank0]   val loss=0.4879  loss_e=0.4879  acc_e=81.67%  acc_l=0.00%
[02:39:25][rank0]   New best val loss=0.4879 -> /scratch/yuvraj17/adaptive_tracing_scratch/adaptive_tracer/logs/lstm_event_cats6_365773/model_best.pt
[02:40:59][rank0] Epoch   7/20  loss=0.4748  acc_e=81.99%  acc_l=0.00%  elapsed=0:20:12
[02:42:23][rank0] --- Validation @ step 1200 ---
[02:43:08][rank0]   val loss=0.4440  loss_e=0.4440  acc_e=82.70%  acc_l=0.00%
[02:43:09][rank0]   New best val loss=0.4440 -> /scratch/yuvraj17/adaptive_tracing_scratch/adaptive_tracer/logs/lstm_event_cats6_365773/model_best.pt
[02:44:06][rank0] Epoch   8/20  loss=0.4440  acc_e=82.72%  acc_l=0.00%  elapsed=0:23:20
[02:46:07][rank0] --- Validation @ step 1400 ---
[02:46:53][rank0]   val loss=0.4206  loss_e=0.4206  acc_e=83.35%  acc_l=0.00%
[02:46:53][rank0]   New best val loss=0.4206 -> /scratch/yuvraj17/adaptive_tracing_scratch/adaptive_tracer/logs/lstm_event_cats6_365773/model_best.pt
[02:47:14][rank0] Epoch   9/20  loss=0.4270  acc_e=83.18%  acc_l=0.00%  elapsed=0:26:27
[02:48:24][rank0] step=  1500  epoch=10  loss=0.4163  acc_e=83.43%  lr=2.07e-04  elapsed=0:27:38
[02:49:36][rank0] Epoch  10/20  loss=0.4163  acc_e=83.42%  acc_l=0.00%  elapsed=0:28:49
[02:49:54][rank0] --- Validation @ step 1600 ---
[02:50:40][rank0]   val loss=0.4061  loss_e=0.4061  acc_e=83.67%  acc_l=0.00%
[02:50:41][rank0]   New best val loss=0.4061 -> /scratch/yuvraj17/adaptive_tracing_scratch/adaptive_tracer/logs/lstm_event_cats6_365773/model_best.pt
[02:52:44][rank0] Epoch  11/20  loss=0.4075  acc_e=83.63%  acc_l=0.00%  elapsed=0:31:57
[02:53:39][rank0] --- Validation @ step 1800 ---
[02:54:25][rank0]   val loss=0.3954  loss_e=0.3954  acc_e=83.93%  acc_l=0.00%
[02:54:25][rank0]   New best val loss=0.3954 -> /scratch/yuvraj17/adaptive_tracing_scratch/adaptive_tracer/logs/lstm_event_cats6_365773/model_best.pt
[02:55:51][rank0] Epoch  12/20  loss=0.4005  acc_e=83.77%  acc_l=0.00%  elapsed=0:35:05
[02:57:25][rank0] step=  2000  epoch=13  loss=0.3969  acc_e=83.82%  lr=1.22e-04  elapsed=0:36:38
[02:57:25][rank0] --- Validation @ step 2000 ---
[02:58:11][rank0]   val loss=0.3906  loss_e=0.3906  acc_e=84.02%  acc_l=0.00%
[02:58:11][rank0]   New best val loss=0.3906 -> /scratch/yuvraj17/adaptive_tracing_scratch/adaptive_tracer/logs/lstm_event_cats6_365773/model_best.pt
[02:58:59][rank0] Epoch  13/20  loss=0.3949  acc_e=83.90%  acc_l=0.00%  elapsed=0:38:13
[03:01:10][rank0] --- Validation @ step 2200 ---
[03:01:55][rank0]   val loss=0.3850  loss_e=0.3850  acc_e=84.23%  acc_l=0.00%
[03:01:56][rank0]   New best val loss=0.3850 -> /scratch/yuvraj17/adaptive_tracing_scratch/adaptive_tracer/logs/lstm_event_cats6_365773/model_best.pt
[03:02:07][rank0] Epoch  14/20  loss=0.3911  acc_e=84.03%  acc_l=0.00%  elapsed=0:41:20
[03:04:29][rank0] Epoch  15/20  loss=0.3869  acc_e=84.15%  acc_l=0.00%  elapsed=0:43:42
[03:04:57][rank0] --- Validation @ step 2400 ---
[03:05:43][rank0]   val loss=0.3791  loss_e=0.3791  acc_e=84.41%  acc_l=0.00%
[03:05:43][rank0]   New best val loss=0.3791 -> /scratch/yuvraj17/adaptive_tracing_scratch/adaptive_tracer/logs/lstm_event_cats6_365773/model_best.pt
[03:07:11][rank0] step=  2500  epoch=16  loss=0.3852  acc_e=84.15%  lr=4.95e-05  elapsed=0:46:25
[03:07:37][rank0] Epoch  16/20  loss=0.3843  acc_e=84.21%  acc_l=0.00%  elapsed=0:46:50
[03:08:41][rank0] --- Validation @ step 2600 ---
[03:09:27][rank0]   val loss=0.3767  loss_e=0.3767  acc_e=84.48%  acc_l=0.00%
[03:09:27][rank0]   New best val loss=0.3767 -> /scratch/yuvraj17/adaptive_tracing_scratch/adaptive_tracer/logs/lstm_event_cats6_365773/model_best.pt
[03:10:44][rank0] Epoch  17/20  loss=0.3822  acc_e=84.26%  acc_l=0.00%  elapsed=0:49:57
[03:12:26][rank0] --- Validation @ step 2800 ---
[03:13:11][rank0]   val loss=0.3754  loss_e=0.3754  acc_e=84.49%  acc_l=0.00%
[03:13:11][rank0]   New best val loss=0.3754 -> /scratch/yuvraj17/adaptive_tracing_scratch/adaptive_tracer/logs/lstm_event_cats6_365773/model_best.pt
[03:13:50][rank0] Epoch  18/20  loss=0.3808  acc_e=84.30%  acc_l=0.00%  elapsed=0:53:04
[03:16:09][rank0] step=  3000  epoch=19  loss=0.3798  acc_e=84.34%  lr=1.58e-05  elapsed=0:55:22
[03:16:09][rank0] --- Validation @ step 3000 ---
[03:16:54][rank0]   val loss=0.3736  loss_e=0.3736  acc_e=84.56%  acc_l=0.00%
[03:16:54][rank0]   New best val loss=0.3736 -> /scratch/yuvraj17/adaptive_tracing_scratch/adaptive_tracer/logs/lstm_event_cats6_365773/model_best.pt
[03:16:56][rank0] Epoch  19/20  loss=0.3797  acc_e=84.34%  acc_l=0.00%  elapsed=0:56:10
[03:19:17][rank0] Epoch  20/20  loss=0.3791  acc_e=84.35%  acc_l=0.00%  elapsed=0:58:31
[03:19:17][rank0] ======================================================================
[03:19:17][rank0] Training complete — OOD evaluation
[03:19:17][rank0] ======================================================================
[03:19:18][rank0] Loaded best model from /scratch/yuvraj17/adaptive_tracing_scratch/adaptive_tracer/logs/lstm_event_cats6_365773/model_best.pt
[03:22:41][rank0] [OOD] cpu     AUROC=0.6660  AUPR=0.6169  bal=316026/316026  full=316,026/387,625  F1=0.6874  P=0.5762  R=0.8518  thr=0.344312
[03:26:17][rank0] [OOD] disk    AUROC=0.6673  AUPR=0.6249  bal=316026/316026  full=316,026/425,955  F1=0.6795  P=0.5494  R=0.8904  thr=0.314025
[03:29:43][rank0] [OOD] mem     AUROC=0.6665  AUPR=0.6112  bal=316026/316026  full=316,026/385,131  F1=0.6841  P=0.6168  R=0.7680  thr=0.386799
[03:32:19][rank0] [OOD] net     AUROC=0.6265  AUPR=0.5943  bal=220229/220229  full=316,026/220,229  F1=0.6667  P=0.5000  R=1.0000  thr=0.00735474
[03:32:19][rank0] OOD results -> /scratch/yuvraj17/adaptive_tracing_scratch/adaptive_tracer/logs/lstm_event_cats6_365773/ood_results.json
