[14:51:30][rank0] Vocab: 257 syscalls / 6 processes
[14:51:30][rank0] Train shards for this rank: 64  (total=64)  Valid shards: 64
[14:51:30][rank0] Model: TRANSFORMER  params=2,493,711
[14:51:30][rank0]   n_hidden=1024  n_layer=6  n_head=8
[14:51:30][rank0]   AMP(bf16)=True  compile=False  chk=False  DDP=False
[14:51:30][rank0]   batch=512  accum_steps=4  world_size=1  eff_batch=2048
[14:51:30][rank0] ======================================================================
[14:51:30][rank0] Starting training  device=cuda:0  total_steps~=3085  world_size=1
[14:51:30][rank0] ======================================================================
[14:55:16][rank0] Epoch   1/20  loss=5.4897  acc_e=21.15%  acc_l=46.25%  elapsed=0:03:45
[14:59:01][rank0] Epoch   2/20  loss=3.0998  acc_e=56.91%  acc_l=57.08%  elapsed=0:07:30
[15:02:46][rank0] Epoch   3/20  loss=2.4394  acc_e=79.18%  acc_l=61.16%  elapsed=0:11:16
[15:03:25][rank0] step=   500  epoch=4  loss=2.3518  acc_e=81.43%  lr=7.50e-05  elapsed=0:11:54
[15:06:31][rank0] Epoch   4/20  loss=2.2908  acc_e=80.74%  acc_l=64.69%  elapsed=0:15:01
[15:10:16][rank0] Epoch   5/20  loss=2.2117  acc_e=81.42%  acc_l=66.50%  elapsed=0:18:46
[15:14:01][rank0] Epoch   6/20  loss=2.1728  acc_e=81.74%  acc_l=67.36%  elapsed=0:22:30
[15:15:17][rank0] step=  1000  epoch=7  loss=2.1671  acc_e=82.38%  lr=1.50e-04  elapsed=0:23:46
[15:17:46][rank0] Epoch   7/20  loss=2.1470  acc_e=82.02%  acc_l=67.85%  elapsed=0:26:15
[15:21:31][rank0] Epoch   8/20  loss=2.1289  acc_e=82.21%  acc_l=68.19%  elapsed=0:30:00
[15:25:16][rank0] Epoch   9/20  loss=2.1136  acc_e=82.35%  acc_l=68.43%  elapsed=0:33:45
[15:27:07][rank0] step=  1500  epoch=10  loss=2.1089  acc_e=82.49%  lr=2.25e-04  elapsed=0:35:37
[15:29:01][rank0] Epoch  10/20  loss=2.1003  acc_e=82.47%  acc_l=68.80%  elapsed=0:37:30
[15:32:45][rank0] Epoch  11/20  loss=2.0902  acc_e=82.54%  acc_l=68.97%  elapsed=0:41:15
[15:36:30][rank0] Epoch  12/20  loss=2.0790  acc_e=82.69%  acc_l=69.21%  elapsed=0:45:00
[15:38:59][rank0] step=  2000  epoch=13  loss=2.0845  acc_e=82.76%  lr=3.00e-04  elapsed=0:47:29
[15:38:59][rank0] --- Validation @ step 2000 ---
[15:40:28][rank0]   val loss=2.0580  loss_e=1.2601  acc_e=82.84%  acc_l=69.23%
[15:40:28][rank0]   New best val loss=2.0580 -> /scratch/yuvraj17/adaptive_tracing_scratch/adaptive_tracer/logs/sockshop_311210/model_best.pt
[15:41:44][rank0] Epoch  13/20  loss=2.0718  acc_e=82.79%  acc_l=69.26%  elapsed=0:50:14
[15:45:29][rank0] Epoch  14/20  loss=2.0623  acc_e=82.90%  acc_l=69.62%  elapsed=0:53:59
[15:49:14][rank0] Epoch  15/20  loss=2.0503  acc_e=83.01%  acc_l=69.92%  elapsed=0:57:43
[15:52:18][rank0] step=  2500  epoch=16  loss=2.0389  acc_e=83.08%  lr=1.75e-04  elapsed=1:00:48
[15:52:59][rank0] Epoch  16/20  loss=2.0394  acc_e=83.14%  acc_l=70.23%  elapsed=1:01:28
[15:56:44][rank0] Epoch  17/20  loss=2.0298  acc_e=83.20%  acc_l=70.44%  elapsed=1:05:13
[16:00:29][rank0] Epoch  18/20  loss=2.0210  acc_e=83.25%  acc_l=70.69%  elapsed=1:08:59
[16:04:11][rank0] step=  3000  epoch=19  loss=2.0164  acc_e=83.28%  lr=1.93e-05  elapsed=1:12:40
[16:04:14][rank0] Epoch  19/20  loss=2.0159  acc_e=83.29%  acc_l=70.89%  elapsed=1:12:43
[16:07:59][rank0] Epoch  20/20  loss=2.0132  acc_e=83.30%  acc_l=70.97%  elapsed=1:16:29
[16:07:59][rank0] ======================================================================
[16:07:59][rank0] Training complete — OOD evaluation
[16:07:59][rank0] ======================================================================
[16:07:59][rank0] Loaded best model from /scratch/yuvraj17/adaptive_tracing_scratch/adaptive_tracer/logs/sockshop_311210/model_best.pt
[16:07:59][rank0] [OOD] Scoring test_id (normal baseline) ...
[16:09:29][rank0] [OOD] Scoring test_ood_cpu ...
[16:11:20][rank0] [OOD] cpu     AUROC=0.6152  AUPR=0.6277  (normal=316,026  ood=387,625)
[16:11:20][rank0] [OOD] Scoring test_ood_disk ...
[16:13:22][rank0] [OOD] disk    AUROC=0.5834  AUPR=0.6268  (normal=316,026  ood=425,955)
[16:13:22][rank0] [OOD] Scoring test_ood_mem ...
[16:15:13][rank0] [OOD] mem     AUROC=0.5748  AUPR=0.5942  (normal=316,026  ood=385,131)
[16:15:13][rank0] [OOD] Scoring test_ood_net ...
[16:16:16][rank0] [OOD] net     AUROC=0.5832  AUPR=0.4691  (normal=316,026  ood=220,229)
[16:16:16][rank0] OOD results -> /scratch/yuvraj17/adaptive_tracing_scratch/adaptive_tracer/logs/sockshop_311210/ood_results.json
