[13:30:16][rank0] Vocab: 176 syscalls / 129 processes
[13:30:16][rank0] Train shards for this rank: 65  (total=65)  Valid shards: 22
[13:30:16][rank0] Model: LSTM  params=47,069,736
[13:30:16][rank0]   n_hidden=1024  n_layer=6  n_head=8
[13:30:16][rank0]   AMP(bf16)=True  compile=False  chk=False  DDP=False
[13:30:16][rank0]   batch=512  accum_steps=4  world_size=1  eff_batch=2048
[13:30:16][rank0] ======================================================================
[13:30:16][rank0] Starting training  device=cuda:0  total_steps~=15775  world_size=1
[13:30:16][rank0] ======================================================================
[13:32:41][rank0] Epoch   1/100  loss=3.7995  acc_e=18.38%  acc_l=0.00%  elapsed=0:02:25
[13:33:17][rank0] --- Validation @ step 200 ---
[13:33:32][rank0]   val loss=2.4479  loss_e=2.4479  acc_e=28.77%  acc_l=0.00%
[13:33:32][rank0]   New best val loss=2.4479 -> /scratch/yuvraj17/adaptive_tracing_scratch/adaptive_tracer/logs/lstm_event_cats6_10950881/model_best.pt
[13:35:21][rank0] Epoch   2/100  loss=2.2813  acc_e=31.56%  acc_l=0.00%  elapsed=0:05:05
[13:36:31][rank0] --- Validation @ step 400 ---
[13:36:47][rank0]   val loss=1.8693  loss_e=1.8693  acc_e=40.05%  acc_l=0.00%
[13:36:47][rank0]   New best val loss=1.8693 -> /scratch/yuvraj17/adaptive_tracing_scratch/adaptive_tracer/logs/lstm_event_cats6_10950881/model_best.pt
[13:38:01][rank0] Epoch   3/100  loss=1.7507  acc_e=41.91%  acc_l=0.00%  elapsed=0:07:45
[13:38:17][rank0] step=   500  epoch=4  loss=1.2057  acc_e=55.07%  lr=3.00e-04  elapsed=0:08:01
[13:39:46][rank0] --- Validation @ step 600 ---
[13:40:01][rank0]   val loss=0.8758  loss_e=0.8758  acc_e=70.90%  acc_l=0.00%
[13:40:02][rank0]   New best val loss=0.8758 -> /scratch/yuvraj17/adaptive_tracing_scratch/adaptive_tracer/logs/lstm_event_cats6_10950881/model_best.pt
[13:40:42][rank0] Epoch   4/100  loss=1.0276  acc_e=64.91%  acc_l=0.00%  elapsed=0:10:25
[13:43:01][rank0] --- Validation @ step 800 ---
[13:43:16][rank0]   val loss=0.3679  loss_e=0.3679  acc_e=88.42%  acc_l=0.00%
[13:43:17][rank0]   New best val loss=0.3679 -> /scratch/yuvraj17/adaptive_tracing_scratch/adaptive_tracer/logs/lstm_event_cats6_10950881/model_best.pt
[13:43:22][rank0] Epoch   5/100  loss=0.5030  acc_e=84.51%  acc_l=0.00%  elapsed=0:13:05
[13:45:47][rank0] Epoch   6/100  loss=0.3230  acc_e=89.43%  acc_l=0.00%  elapsed=0:15:31
[13:46:18][rank0] step=  1000  epoch=7  loss=0.2407  acc_e=91.57%  lr=2.99e-04  elapsed=0:16:02
[13:46:18][rank0] --- Validation @ step 1000 ---
[13:46:34][rank0]   val loss=0.2572  loss_e=0.2572  acc_e=91.36%  acc_l=0.00%
[13:46:34][rank0]   New best val loss=0.2572 -> /scratch/yuvraj17/adaptive_tracing_scratch/adaptive_tracer/logs/lstm_event_cats6_10950881/model_best.pt
[13:48:29][rank0] Epoch   7/100  loss=0.2514  acc_e=91.42%  acc_l=0.00%  elapsed=0:18:12
[13:49:35][rank0] --- Validation @ step 1200 ---
[13:49:50][rank0]   val loss=0.2247  loss_e=0.2247  acc_e=92.04%  acc_l=0.00%
[13:49:51][rank0]   New best val loss=0.2247 -> /scratch/yuvraj17/adaptive_tracing_scratch/adaptive_tracer/logs/lstm_event_cats6_10950881/model_best.pt
[13:51:10][rank0] Epoch   8/100  loss=0.2221  acc_e=92.20%  acc_l=0.00%  elapsed=0:20:54
[13:52:51][rank0] --- Validation @ step 1400 ---
[13:53:07][rank0]   val loss=0.1919  loss_e=0.1919  acc_e=93.13%  acc_l=0.00%
[13:53:07][rank0]   New best val loss=0.1919 -> /scratch/yuvraj17/adaptive_tracing_scratch/adaptive_tracer/logs/lstm_event_cats6_10950881/model_best.pt
[13:53:52][rank0] Epoch   9/100  loss=0.2017  acc_e=92.78%  acc_l=0.00%  elapsed=0:23:35
[13:54:38][rank0] step=  1500  epoch=10  loss=0.1880  acc_e=93.04%  lr=2.97e-04  elapsed=0:24:21
[13:56:07][rank0] --- Validation @ step 1600 ---
[13:56:22][rank0]   val loss=0.1744  loss_e=0.1744  acc_e=93.58%  acc_l=0.00%
[13:56:23][rank0]   New best val loss=0.1744 -> /scratch/yuvraj17/adaptive_tracing_scratch/adaptive_tracer/logs/lstm_event_cats6_10950881/model_best.pt
[13:56:32][rank0] Epoch  10/100  loss=0.1890  acc_e=93.13%  acc_l=0.00%  elapsed=0:26:16
[13:58:57][rank0] Epoch  11/100  loss=0.1799  acc_e=93.39%  acc_l=0.00%  elapsed=0:28:41
[13:59:24][rank0] --- Validation @ step 1800 ---
[13:59:39][rank0]   val loss=0.1707  loss_e=0.1707  acc_e=93.71%  acc_l=0.00%
[13:59:40][rank0]   New best val loss=0.1707 -> /scratch/yuvraj17/adaptive_tracing_scratch/adaptive_tracer/logs/lstm_event_cats6_10950881/model_best.pt
[14:01:38][rank0] Epoch  12/100  loss=0.1732  acc_e=93.56%  acc_l=0.00%  elapsed=0:31:22
[14:02:40][rank0] step=  2000  epoch=13  loss=0.1685  acc_e=93.62%  lr=2.93e-04  elapsed=0:32:23
[14:02:40][rank0] --- Validation @ step 2000 ---
[14:02:55][rank0]   val loss=0.1645  loss_e=0.1645  acc_e=93.91%  acc_l=0.00%
[14:02:56][rank0]   New best val loss=0.1645 -> /scratch/yuvraj17/adaptive_tracing_scratch/adaptive_tracer/logs/lstm_event_cats6_10950881/model_best.pt
[14:04:19][rank0] Epoch  13/100  loss=0.1677  acc_e=93.73%  acc_l=0.00%  elapsed=0:34:03
[14:05:56][rank0] --- Validation @ step 2200 ---
[14:06:11][rank0]   val loss=0.1615  loss_e=0.1615  acc_e=93.83%  acc_l=0.00%
[14:06:12][rank0]   New best val loss=0.1615 -> /scratch/yuvraj17/adaptive_tracing_scratch/adaptive_tracer/logs/lstm_event_cats6_10950881/model_best.pt
[14:07:01][rank0] Epoch  14/100  loss=0.1637  acc_e=93.85%  acc_l=0.00%  elapsed=0:36:44
[14:09:12][rank0] --- Validation @ step 2400 ---
[14:09:27][rank0]   val loss=0.1534  loss_e=0.1534  acc_e=94.22%  acc_l=0.00%
[14:09:28][rank0]   New best val loss=0.1534 -> /scratch/yuvraj17/adaptive_tracing_scratch/adaptive_tracer/logs/lstm_event_cats6_10950881/model_best.pt
[14:09:42][rank0] Epoch  15/100  loss=0.1603  acc_e=93.96%  acc_l=0.00%  elapsed=0:39:25
[14:10:58][rank0] step=  2500  epoch=16  loss=0.1592  acc_e=93.96%  lr=2.88e-04  elapsed=0:40:42
[14:12:07][rank0] Epoch  16/100  loss=0.1579  acc_e=94.03%  acc_l=0.00%  elapsed=0:41:50
[14:12:29][rank0] --- Validation @ step 2600 ---
[14:12:44][rank0]   val loss=0.1514  loss_e=0.1514  acc_e=94.32%  acc_l=0.00%
[14:12:45][rank0]   New best val loss=0.1514 -> /scratch/yuvraj17/adaptive_tracing_scratch/adaptive_tracer/logs/lstm_event_cats6_10950881/model_best.pt
[14:14:48][rank0] Epoch  17/100  loss=0.1552  acc_e=94.12%  acc_l=0.00%  elapsed=0:44:31
[14:15:44][rank0] --- Validation @ step 2800 ---
[14:16:00][rank0]   val loss=0.1518  loss_e=0.1518  acc_e=94.31%  acc_l=0.00%
[14:17:28][rank0] Epoch  18/100  loss=0.1532  acc_e=94.19%  acc_l=0.00%  elapsed=0:47:12
[14:19:00][rank0] step=  3000  epoch=19  loss=0.1507  acc_e=94.29%  lr=2.82e-04  elapsed=0:48:43
[14:19:00][rank0] --- Validation @ step 3000 ---
[14:19:16][rank0]   val loss=0.1509  loss_e=0.1509  acc_e=94.36%  acc_l=0.00%
[14:19:16][rank0]   New best val loss=0.1509 -> /scratch/yuvraj17/adaptive_tracing_scratch/adaptive_tracer/logs/lstm_event_cats6_10950881/model_best.pt
[14:20:09][rank0] Epoch  19/100  loss=0.1515  acc_e=94.25%  acc_l=0.00%  elapsed=0:49:53
[14:22:16][rank0] --- Validation @ step 3200 ---
[14:22:31][rank0]   val loss=0.1459  loss_e=0.1459  acc_e=94.50%  acc_l=0.00%
[14:22:32][rank0]   New best val loss=0.1459 -> /scratch/yuvraj17/adaptive_tracing_scratch/adaptive_tracer/logs/lstm_event_cats6_10950881/model_best.pt
[14:22:50][rank0] Epoch  20/100  loss=0.1498  acc_e=94.30%  acc_l=0.00%  elapsed=0:52:33
[14:25:15][rank0] Epoch  21/100  loss=0.1484  acc_e=94.35%  acc_l=0.00%  elapsed=0:54:58
[14:25:33][rank0] --- Validation @ step 3400 ---
[14:25:49][rank0]   val loss=0.1467  loss_e=0.1467  acc_e=94.45%  acc_l=0.00%
[14:27:18][rank0] step=  3500  epoch=22  loss=0.1469  acc_e=94.39%  lr=2.74e-04  elapsed=0:57:02
[14:27:56][rank0] Epoch  22/100  loss=0.1481  acc_e=94.36%  acc_l=0.00%  elapsed=0:57:40
[14:28:49][rank0] --- Validation @ step 3600 ---
[14:29:05][rank0]   val loss=0.1440  loss_e=0.1440  acc_e=94.55%  acc_l=0.00%
[14:29:05][rank0]   New best val loss=0.1440 -> /scratch/yuvraj17/adaptive_tracing_scratch/adaptive_tracer/logs/lstm_event_cats6_10950881/model_best.pt
[14:30:38][rank0] Epoch  23/100  loss=0.1459  acc_e=94.43%  acc_l=0.00%  elapsed=1:00:22
[14:32:06][rank0] --- Validation @ step 3800 ---
[14:32:21][rank0]   val loss=0.1471  loss_e=0.1471  acc_e=94.39%  acc_l=0.00%
[14:33:19][rank0] Epoch  24/100  loss=0.1452  acc_e=94.46%  acc_l=0.00%  elapsed=1:03:03
[14:35:21][rank0] step=  4000  epoch=25  loss=0.1441  acc_e=94.49%  lr=2.65e-04  elapsed=1:05:05
[14:35:21][rank0] --- Validation @ step 4000 ---
[14:35:37][rank0]   val loss=0.1423  loss_e=0.1423  acc_e=94.60%  acc_l=0.00%
[14:35:38][rank0]   New best val loss=0.1423 -> /scratch/yuvraj17/adaptive_tracing_scratch/adaptive_tracer/logs/lstm_event_cats6_10950881/model_best.pt
[14:36:00][rank0] Epoch  25/100  loss=0.1440  acc_e=94.50%  acc_l=0.00%  elapsed=1:05:44
[14:38:26][rank0] Epoch  26/100  loss=0.1430  acc_e=94.53%  acc_l=0.00%  elapsed=1:08:09
[14:38:39][rank0] --- Validation @ step 4200 ---
[14:38:55][rank0]   val loss=0.1418  loss_e=0.1418  acc_e=94.64%  acc_l=0.00%
[14:38:55][rank0]   New best val loss=0.1418 -> /scratch/yuvraj17/adaptive_tracing_scratch/adaptive_tracer/logs/lstm_event_cats6_10950881/model_best.pt
[14:41:07][rank0] Epoch  27/100  loss=0.1422  acc_e=94.56%  acc_l=0.00%  elapsed=1:10:51
[14:41:55][rank0] --- Validation @ step 4400 ---
[14:42:11][rank0]   val loss=0.1429  loss_e=0.1429  acc_e=94.62%  acc_l=0.00%
[14:43:41][rank0] step=  4500  epoch=28  loss=0.1413  acc_e=94.60%  lr=2.54e-04  elapsed=1:13:24
[14:43:48][rank0] Epoch  28/100  loss=0.1414  acc_e=94.59%  acc_l=0.00%  elapsed=1:13:32
[14:45:11][rank0] --- Validation @ step 4600 ---
[14:45:27][rank0]   val loss=0.1404  loss_e=0.1404  acc_e=94.66%  acc_l=0.00%
[14:45:27][rank0]   New best val loss=0.1404 -> /scratch/yuvraj17/adaptive_tracing_scratch/adaptive_tracer/logs/lstm_event_cats6_10950881/model_best.pt
[14:46:30][rank0] Epoch  29/100  loss=0.1405  acc_e=94.62%  acc_l=0.00%  elapsed=1:16:13
[14:48:28][rank0] --- Validation @ step 4800 ---
[14:48:43][rank0]   val loss=0.1394  loss_e=0.1394  acc_e=94.71%  acc_l=0.00%
[14:48:44][rank0]   New best val loss=0.1394 -> /scratch/yuvraj17/adaptive_tracing_scratch/adaptive_tracer/logs/lstm_event_cats6_10950881/model_best.pt
[14:49:11][rank0] Epoch  30/100  loss=0.1397  acc_e=94.65%  acc_l=0.00%  elapsed=1:18:55
[14:51:37][rank0] Epoch  31/100  loss=0.1390  acc_e=94.67%  acc_l=0.00%  elapsed=1:21:21
[14:51:46][rank0] step=  5000  epoch=32  loss=0.1360  acc_e=94.73%  lr=2.43e-04  elapsed=1:21:30
[14:51:46][rank0] --- Validation @ step 5000 ---
[14:52:02][rank0]   val loss=0.1391  loss_e=0.1391  acc_e=94.71%  acc_l=0.00%
[14:52:02][rank0]   New best val loss=0.1391 -> /scratch/yuvraj17/adaptive_tracing_scratch/adaptive_tracer/logs/lstm_event_cats6_10950881/model_best.pt
[14:52:03][rank0]   Checkpoint -> /scratch/yuvraj17/adaptive_tracing_scratch/adaptive_tracer/logs/lstm_event_cats6_10950881/ckpt_0005000.pt
[14:54:19][rank0] Epoch  32/100  loss=0.1384  acc_e=94.70%  acc_l=0.00%  elapsed=1:24:03
[14:55:03][rank0] --- Validation @ step 5200 ---
[14:55:18][rank0]   val loss=0.1387  loss_e=0.1387  acc_e=94.73%  acc_l=0.00%
[14:55:19][rank0]   New best val loss=0.1387 -> /scratch/yuvraj17/adaptive_tracing_scratch/adaptive_tracer/logs/lstm_event_cats6_10950881/model_best.pt
[14:57:00][rank0] Epoch  33/100  loss=0.1378  acc_e=94.72%  acc_l=0.00%  elapsed=1:26:44
[14:58:19][rank0] --- Validation @ step 5400 ---
[14:58:34][rank0]   val loss=0.1385  loss_e=0.1385  acc_e=94.72%  acc_l=0.00%
[14:58:35][rank0]   New best val loss=0.1385 -> /scratch/yuvraj17/adaptive_tracing_scratch/adaptive_tracer/logs/lstm_event_cats6_10950881/model_best.pt
[14:59:42][rank0] Epoch  34/100  loss=0.1371  acc_e=94.74%  acc_l=0.00%  elapsed=1:29:26
[15:00:06][rank0] step=  5500  epoch=35  loss=0.1370  acc_e=94.67%  lr=2.31e-04  elapsed=1:29:50
[15:01:36][rank0] --- Validation @ step 5600 ---
[15:01:51][rank0]   val loss=0.1386  loss_e=0.1386  acc_e=94.72%  acc_l=0.00%
[15:02:23][rank0] Epoch  35/100  loss=0.1365  acc_e=94.76%  acc_l=0.00%  elapsed=1:32:07
[15:04:50][rank0] Epoch  36/100  loss=0.1360  acc_e=94.77%  acc_l=0.00%  elapsed=1:34:33
[15:04:54][rank0] --- Validation @ step 5800 ---
[15:05:09][rank0]   val loss=0.1372  loss_e=0.1372  acc_e=94.77%  acc_l=0.00%
[15:05:10][rank0]   New best val loss=0.1372 -> /scratch/yuvraj17/adaptive_tracing_scratch/adaptive_tracer/logs/lstm_event_cats6_10950881/model_best.pt
[15:07:31][rank0] Epoch  37/100  loss=0.1354  acc_e=94.80%  acc_l=0.00%  elapsed=1:37:14
[15:08:10][rank0] step=  6000  epoch=38  loss=0.1373  acc_e=94.68%  lr=2.18e-04  elapsed=1:37:53
[15:08:10][rank0] --- Validation @ step 6000 ---
[15:08:25][rank0]   val loss=0.1378  loss_e=0.1378  acc_e=94.74%  acc_l=0.00%
[15:10:12][rank0] Epoch  38/100  loss=0.1353  acc_e=94.80%  acc_l=0.00%  elapsed=1:39:55
[15:11:26][rank0] --- Validation @ step 6200 ---
[15:11:41][rank0]   val loss=0.1365  loss_e=0.1365  acc_e=94.80%  acc_l=0.00%
[15:11:42][rank0]   New best val loss=0.1365 -> /scratch/yuvraj17/adaptive_tracing_scratch/adaptive_tracer/logs/lstm_event_cats6_10950881/model_best.pt
[15:12:53][rank0] Epoch  39/100  loss=0.1346  acc_e=94.82%  acc_l=0.00%  elapsed=1:42:36
[15:14:42][rank0] --- Validation @ step 6400 ---
[15:14:58][rank0]   val loss=0.1371  loss_e=0.1371  acc_e=94.79%  acc_l=0.00%
[15:15:34][rank0] Epoch  40/100  loss=0.1340  acc_e=94.85%  acc_l=0.00%  elapsed=1:45:18
[15:16:29][rank0] step=  6500  epoch=41  loss=0.1360  acc_e=94.71%  lr=2.05e-04  elapsed=1:46:12
[15:17:58][rank0] --- Validation @ step 6600 ---
[15:18:14][rank0]   val loss=0.1366  loss_e=0.1366  acc_e=94.80%  acc_l=0.00%
[15:18:16][rank0] Epoch  41/100  loss=0.1335  acc_e=94.86%  acc_l=0.00%  elapsed=1:47:59
[15:20:41][rank0] Epoch  42/100  loss=0.1332  acc_e=94.87%  acc_l=0.00%  elapsed=1:50:24
[15:21:16][rank0] --- Validation @ step 6800 ---
[15:21:32][rank0]   val loss=0.1366  loss_e=0.1366  acc_e=94.77%  acc_l=0.00%
[15:23:22][rank0] Epoch  43/100  loss=0.1327  acc_e=94.89%  acc_l=0.00%  elapsed=1:53:06
[15:24:33][rank0] step=  7000  epoch=44  loss=0.1341  acc_e=94.80%  lr=1.91e-04  elapsed=1:54:16
[15:24:33][rank0] --- Validation @ step 7000 ---
[15:24:48][rank0]   val loss=0.1360  loss_e=0.1360  acc_e=94.81%  acc_l=0.00%
[15:24:49][rank0]   New best val loss=0.1360 -> /scratch/yuvraj17/adaptive_tracing_scratch/adaptive_tracer/logs/lstm_event_cats6_10950881/model_best.pt
[15:26:04][rank0] Epoch  44/100  loss=0.1323  acc_e=94.90%  acc_l=0.00%  elapsed=1:55:48
[15:27:49][rank0] --- Validation @ step 7200 ---
[15:28:05][rank0]   val loss=0.1361  loss_e=0.1361  acc_e=94.83%  acc_l=0.00%
[15:28:46][rank0] Epoch  45/100  loss=0.1318  acc_e=94.92%  acc_l=0.00%  elapsed=1:58:29
[15:31:06][rank0] --- Validation @ step 7400 ---
[15:31:21][rank0]   val loss=0.1363  loss_e=0.1363  acc_e=94.80%  acc_l=0.00%
[15:31:27][rank0] Epoch  46/100  loss=0.1314  acc_e=94.93%  acc_l=0.00%  elapsed=2:01:11
[15:32:53][rank0] step=  7500  epoch=47  loss=0.1316  acc_e=94.90%  lr=1.76e-04  elapsed=2:02:36
[15:33:53][rank0] Epoch  47/100  loss=0.1310  acc_e=94.94%  acc_l=0.00%  elapsed=2:03:36
[15:34:23][rank0] --- Validation @ step 7600 ---
[15:34:39][rank0]   val loss=0.1365  loss_e=0.1365  acc_e=94.81%  acc_l=0.00%
[15:36:35][rank0] Epoch  48/100  loss=0.1306  acc_e=94.96%  acc_l=0.00%  elapsed=2:06:19
[15:37:41][rank0] --- Validation @ step 7800 ---
[15:37:56][rank0]   val loss=0.1350  loss_e=0.1350  acc_e=94.86%  acc_l=0.00%
[15:37:57][rank0]   New best val loss=0.1350 -> /scratch/yuvraj17/adaptive_tracing_scratch/adaptive_tracer/logs/lstm_event_cats6_10950881/model_best.pt
[15:39:16][rank0] Epoch  49/100  loss=0.1302  acc_e=94.97%  acc_l=0.00%  elapsed=2:09:00
[15:40:56][rank0] step=  8000  epoch=50  loss=0.1288  acc_e=95.03%  lr=1.62e-04  elapsed=2:10:39
[15:40:56][rank0] --- Validation @ step 8000 ---
[15:41:11][rank0]   val loss=0.1353  loss_e=0.1353  acc_e=94.84%  acc_l=0.00%
[15:41:57][rank0] Epoch  50/100  loss=0.1298  acc_e=94.99%  acc_l=0.00%  elapsed=2:11:40
[15:44:11][rank0] --- Validation @ step 8200 ---
[15:44:27][rank0]   val loss=0.1356  loss_e=0.1356  acc_e=94.83%  acc_l=0.00%
[15:44:37][rank0] Epoch  51/100  loss=0.1294  acc_e=95.00%  acc_l=0.00%  elapsed=2:14:20
[15:47:03][rank0] Epoch  52/100  loss=0.1291  acc_e=95.01%  acc_l=0.00%  elapsed=2:16:46
[15:47:29][rank0] --- Validation @ step 8400 ---
[15:47:45][rank0]   val loss=0.1356  loss_e=0.1356  acc_e=94.81%  acc_l=0.00%
[15:49:15][rank0] step=  8500  epoch=53  loss=0.1282  acc_e=95.05%  lr=1.47e-04  elapsed=2:18:58
[15:49:45][rank0] Epoch  53/100  loss=0.1287  acc_e=95.03%  acc_l=0.00%  elapsed=2:19:28
[15:50:46][rank0] --- Validation @ step 8600 ---
[15:51:01][rank0]   val loss=0.1355  loss_e=0.1355  acc_e=94.86%  acc_l=0.00%
[15:52:26][rank0] Epoch  54/100  loss=0.1283  acc_e=95.04%  acc_l=0.00%  elapsed=2:22:09
[15:54:01][rank0] --- Validation @ step 8800 ---
[15:54:17][rank0]   val loss=0.1362  loss_e=0.1362  acc_e=94.81%  acc_l=0.00%
[15:55:06][rank0] Epoch  55/100  loss=0.1279  acc_e=95.05%  acc_l=0.00%  elapsed=2:24:49
[15:57:16][rank0] step=  9000  epoch=56  loss=0.1271  acc_e=95.08%  lr=1.32e-04  elapsed=2:26:59
[15:57:16][rank0] --- Validation @ step 9000 ---
[15:57:31][rank0]   val loss=0.1351  loss_e=0.1351  acc_e=94.85%  acc_l=0.00%
[15:57:46][rank0] Epoch  56/100  loss=0.1276  acc_e=95.06%  acc_l=0.00%  elapsed=2:27:29
[16:00:10][rank0] Epoch  57/100  loss=0.1272  acc_e=95.08%  acc_l=0.00%  elapsed=2:29:54
[16:00:32][rank0] --- Validation @ step 9200 ---
[16:00:47][rank0]   val loss=0.1355  loss_e=0.1355  acc_e=94.84%  acc_l=0.00%
[16:02:51][rank0] Epoch  58/100  loss=0.1269  acc_e=95.09%  acc_l=0.00%  elapsed=2:32:34
[16:03:46][rank0] --- Validation @ step 9400 ---
[16:04:02][rank0]   val loss=0.1354  loss_e=0.1354  acc_e=94.84%  acc_l=0.00%
[16:05:31][rank0] Epoch  59/100  loss=0.1266  acc_e=95.10%  acc_l=0.00%  elapsed=2:35:15
[16:05:33][rank0] step=  9500  epoch=60  loss=0.1288  acc_e=95.01%  lr=1.18e-04  elapsed=2:35:16
[16:07:02][rank0] --- Validation @ step 9600 ---
[16:07:17][rank0]   val loss=0.1368  loss_e=0.1368  acc_e=94.82%  acc_l=0.00%
[16:08:11][rank0] Epoch  60/100  loss=0.1262  acc_e=95.11%  acc_l=0.00%  elapsed=2:37:55
[16:10:16][rank0] --- Validation @ step 9800 ---
[16:10:31][rank0]   val loss=0.1353  loss_e=0.1353  acc_e=94.85%  acc_l=0.00%
[16:10:51][rank0] Epoch  61/100  loss=0.1259  acc_e=95.12%  acc_l=0.00%  elapsed=2:40:34
[16:13:15][rank0] Epoch  62/100  loss=0.1255  acc_e=95.14%  acc_l=0.00%  elapsed=2:42:59
[16:13:32][rank0] step= 10000  epoch=63  loss=0.1266  acc_e=95.06%  lr=1.04e-04  elapsed=2:43:16
[16:13:32][rank0] --- Validation @ step 10000 ---
[16:13:48][rank0]   val loss=0.1359  loss_e=0.1359  acc_e=94.84%  acc_l=0.00%
[16:13:48][rank0]   Checkpoint -> /scratch/yuvraj17/adaptive_tracing_scratch/adaptive_tracer/logs/lstm_event_cats6_10950881/ckpt_0010000.pt
[16:15:56][rank0] Epoch  63/100  loss=0.1252  acc_e=95.15%  acc_l=0.00%  elapsed=2:45:40
[16:16:48][rank0] --- Validation @ step 10200 ---
[16:17:04][rank0]   val loss=0.1361  loss_e=0.1361  acc_e=94.84%  acc_l=0.00%
[16:18:39][rank0] Epoch  64/100  loss=0.1249  acc_e=95.16%  acc_l=0.00%  elapsed=2:48:22
[16:20:06][rank0] --- Validation @ step 10400 ---
[16:20:21][rank0]   val loss=0.1365  loss_e=0.1365  acc_e=94.81%  acc_l=0.00%
[16:21:20][rank0] Epoch  65/100  loss=0.1246  acc_e=95.17%  acc_l=0.00%  elapsed=2:51:03
[16:21:51][rank0] step= 10500  epoch=66  loss=0.1277  acc_e=95.02%  lr=9.10e-05  elapsed=2:51:35
[16:23:20][rank0] --- Validation @ step 10600 ---
[16:23:36][rank0]   val loss=0.1369  loss_e=0.1369  acc_e=94.79%  acc_l=0.00%
[16:23:59][rank0] Epoch  66/100  loss=0.1243  acc_e=95.18%  acc_l=0.00%  elapsed=2:53:43
[16:26:24][rank0] Epoch  67/100  loss=0.1240  acc_e=95.19%  acc_l=0.00%  elapsed=2:56:07
[16:26:36][rank0] --- Validation @ step 10800 ---
[16:26:52][rank0]   val loss=0.1363  loss_e=0.1363  acc_e=94.82%  acc_l=0.00%
[16:29:04][rank0] Epoch  68/100  loss=0.1237  acc_e=95.20%  acc_l=0.00%  elapsed=2:58:47
[16:29:51][rank0] step= 11000  epoch=69  loss=0.1268  acc_e=95.06%  lr=7.84e-05  elapsed=2:59:34
[16:29:51][rank0] --- Validation @ step 11000 ---
[16:30:06][rank0]   val loss=0.1366  loss_e=0.1366  acc_e=94.82%  acc_l=0.00%
[16:31:45][rank0] Epoch  69/100  loss=0.1234  acc_e=95.22%  acc_l=0.00%  elapsed=3:01:28
[16:33:07][rank0] --- Validation @ step 11200 ---
[16:33:23][rank0]   val loss=0.1370  loss_e=0.1370  acc_e=94.81%  acc_l=0.00%
[16:34:26][rank0] Epoch  70/100  loss=0.1232  acc_e=95.22%  acc_l=0.00%  elapsed=3:04:09
[16:36:23][rank0] --- Validation @ step 11400 ---
[16:36:39][rank0]   val loss=0.1370  loss_e=0.1370  acc_e=94.82%  acc_l=0.00%
[16:37:07][rank0] Epoch  71/100  loss=0.1229  acc_e=95.23%  acc_l=0.00%  elapsed=3:06:50
[16:38:09][rank0] step= 11500  epoch=72  loss=0.1255  acc_e=95.10%  lr=6.66e-05  elapsed=3:07:53
[16:39:32][rank0] Epoch  72/100  loss=0.1226  acc_e=95.25%  acc_l=0.00%  elapsed=3:09:15
[16:39:40][rank0] --- Validation @ step 11600 ---
[16:39:55][rank0]   val loss=0.1363  loss_e=0.1363  acc_e=94.84%  acc_l=0.00%
[16:42:12][rank0] Epoch  73/100  loss=0.1224  acc_e=95.25%  acc_l=0.00%  elapsed=3:11:55
[16:42:54][rank0] --- Validation @ step 11800 ---
[16:43:10][rank0]   val loss=0.1375  loss_e=0.1375  acc_e=94.80%  acc_l=0.00%
[16:44:52][rank0] Epoch  74/100  loss=0.1222  acc_e=95.26%  acc_l=0.00%  elapsed=3:14:35
[16:46:09][rank0] step= 12000  epoch=75  loss=0.1237  acc_e=95.18%  lr=5.58e-05  elapsed=3:15:52
[16:46:09][rank0] --- Validation @ step 12000 ---
[16:46:25][rank0]   val loss=0.1370  loss_e=0.1370  acc_e=94.82%  acc_l=0.00%
[16:47:32][rank0] Epoch  75/100  loss=0.1219  acc_e=95.27%  acc_l=0.00%  elapsed=3:17:15
[16:49:24][rank0] --- Validation @ step 12200 ---
[16:49:40][rank0]   val loss=0.1372  loss_e=0.1372  acc_e=94.81%  acc_l=0.00%
[16:50:12][rank0] Epoch  76/100  loss=0.1217  acc_e=95.28%  acc_l=0.00%  elapsed=3:19:56
[16:52:37][rank0] Epoch  77/100  loss=0.1214  acc_e=95.29%  acc_l=0.00%  elapsed=3:22:20
[16:52:40][rank0] --- Validation @ step 12400 ---
[16:52:56][rank0]   val loss=0.1369  loss_e=0.1369  acc_e=94.82%  acc_l=0.00%
[16:54:25][rank0] step= 12500  epoch=78  loss=0.1199  acc_e=95.35%  lr=4.61e-05  elapsed=3:24:08
[16:55:17][rank0] Epoch  78/100  loss=0.1212  acc_e=95.30%  acc_l=0.00%  elapsed=3:25:01
[16:55:56][rank0] --- Validation @ step 12600 ---
[16:56:11][rank0]   val loss=0.1379  loss_e=0.1379  acc_e=94.79%  acc_l=0.00%
[16:57:58][rank0] Epoch  79/100  loss=0.1210  acc_e=95.31%  acc_l=0.00%  elapsed=3:27:42
[16:59:12][rank0] --- Validation @ step 12800 ---
[16:59:28][rank0]   val loss=0.1375  loss_e=0.1375  acc_e=94.81%  acc_l=0.00%
[17:00:41][rank0] Epoch  80/100  loss=0.1208  acc_e=95.31%  acc_l=0.00%  elapsed=3:30:25
[17:02:29][rank0] step= 13000  epoch=81  loss=0.1201  acc_e=95.34%  lr=3.76e-05  elapsed=3:32:12
[17:02:29][rank0] --- Validation @ step 13000 ---
[17:02:44][rank0]   val loss=0.1381  loss_e=0.1381  acc_e=94.80%  acc_l=0.00%
[17:03:21][rank0] Epoch  81/100  loss=0.1206  acc_e=95.32%  acc_l=0.00%  elapsed=3:33:05
[17:05:44][rank0] --- Validation @ step 13200 ---
[17:05:59][rank0]   val loss=0.1373  loss_e=0.1373  acc_e=94.83%  acc_l=0.00%
[17:06:02][rank0] Epoch  82/100  loss=0.1205  acc_e=95.33%  acc_l=0.00%  elapsed=3:35:45
[17:08:27][rank0] Epoch  83/100  loss=0.1203  acc_e=95.33%  acc_l=0.00%  elapsed=3:38:11
[17:09:01][rank0] --- Validation @ step 13400 ---
[17:09:17][rank0]   val loss=0.1380  loss_e=0.1380  acc_e=94.81%  acc_l=0.00%
[17:10:46][rank0] step= 13500  epoch=84  loss=0.1198  acc_e=95.35%  lr=3.03e-05  elapsed=3:40:30
[17:11:08][rank0] Epoch  84/100  loss=0.1201  acc_e=95.34%  acc_l=0.00%  elapsed=3:40:52
[17:12:17][rank0] --- Validation @ step 13600 ---
[17:12:32][rank0]   val loss=0.1381  loss_e=0.1381  acc_e=94.80%  acc_l=0.00%
[17:13:49][rank0] Epoch  85/100  loss=0.1199  acc_e=95.34%  acc_l=0.00%  elapsed=3:43:32
[17:15:32][rank0] --- Validation @ step 13800 ---
[17:15:47][rank0]   val loss=0.1386  loss_e=0.1386  acc_e=94.78%  acc_l=0.00%
[17:16:29][rank0] Epoch  86/100  loss=0.1198  acc_e=95.35%  acc_l=0.00%  elapsed=3:46:12
[17:18:46][rank0] step= 14000  epoch=87  loss=0.1193  acc_e=95.37%  lr=2.44e-05  elapsed=3:48:30
[17:18:46][rank0] --- Validation @ step 14000 ---
[17:19:02][rank0]   val loss=0.1381  loss_e=0.1381  acc_e=94.80%  acc_l=0.00%
[17:19:09][rank0] Epoch  87/100  loss=0.1197  acc_e=95.36%  acc_l=0.00%  elapsed=3:48:52
[17:21:33][rank0] Epoch  88/100  loss=0.1196  acc_e=95.36%  acc_l=0.00%  elapsed=3:51:17
[17:22:02][rank0] --- Validation @ step 14200 ---
[17:22:18][rank0]   val loss=0.1388  loss_e=0.1388  acc_e=94.79%  acc_l=0.00%
[17:24:13][rank0] Epoch  89/100  loss=0.1194  acc_e=95.37%  acc_l=0.00%  elapsed=3:53:57
[17:25:18][rank0] --- Validation @ step 14400 ---
[17:25:34][rank0]   val loss=0.1386  loss_e=0.1386  acc_e=94.80%  acc_l=0.00%
[17:26:54][rank0] Epoch  90/100  loss=0.1193  acc_e=95.37%  acc_l=0.00%  elapsed=3:56:38
[17:27:04][rank0] step= 14500  epoch=91  loss=0.1206  acc_e=95.29%  lr=1.99e-05  elapsed=3:56:47
[17:28:33][rank0] --- Validation @ step 14600 ---
[17:28:48][rank0]   val loss=0.1391  loss_e=0.1391  acc_e=94.78%  acc_l=0.00%
[17:29:35][rank0] Epoch  91/100  loss=0.1192  acc_e=95.37%  acc_l=0.00%  elapsed=3:59:18
[17:31:48][rank0] --- Validation @ step 14800 ---
[17:32:03][rank0]   val loss=0.1382  loss_e=0.1382  acc_e=94.81%  acc_l=0.00%
[17:32:14][rank0] Epoch  92/100  loss=0.1191  acc_e=95.38%  acc_l=0.00%  elapsed=4:01:58
[17:34:41][rank0] Epoch  93/100  loss=0.1189  acc_e=95.38%  acc_l=0.00%  elapsed=4:04:24
[17:35:06][rank0] step= 15000  epoch=94  loss=0.1224  acc_e=95.21%  lr=1.68e-05  elapsed=4:04:49
[17:35:06][rank0] --- Validation @ step 15000 ---
[17:35:22][rank0]   val loss=0.1385  loss_e=0.1385  acc_e=94.80%  acc_l=0.00%
[17:35:22][rank0]   Checkpoint -> /scratch/yuvraj17/adaptive_tracing_scratch/adaptive_tracer/logs/lstm_event_cats6_10950881/ckpt_0015000.pt
[17:37:24][rank0] Epoch  94/100  loss=0.1189  acc_e=95.38%  acc_l=0.00%  elapsed=4:07:07
[17:38:24][rank0] --- Validation @ step 15200 ---
[17:38:39][rank0]   val loss=0.1389  loss_e=0.1389  acc_e=94.79%  acc_l=0.00%
[17:40:05][rank0] Epoch  95/100  loss=0.1188  acc_e=95.39%  acc_l=0.00%  elapsed=4:09:48
[17:41:39][rank0] --- Validation @ step 15400 ---
[17:41:55][rank0]   val loss=0.1395  loss_e=0.1395  acc_e=94.77%  acc_l=0.00%
[17:42:45][rank0] Epoch  96/100  loss=0.1187  acc_e=95.39%  acc_l=0.00%  elapsed=4:12:28
[17:43:25][rank0] step= 15500  epoch=97  loss=0.1221  acc_e=95.24%  lr=1.52e-05  elapsed=4:13:09
[17:44:55][rank0] --- Validation @ step 15600 ---
[17:45:11][rank0]   val loss=0.1390  loss_e=0.1390  acc_e=94.79%  acc_l=0.00%
[17:45:26][rank0] Epoch  97/100  loss=0.1186  acc_e=95.40%  acc_l=0.00%  elapsed=4:15:10
[17:47:51][rank0] Epoch  98/100  loss=0.1186  acc_e=95.40%  acc_l=0.00%  elapsed=4:17:34
[17:48:11][rank0] --- Validation @ step 15800 ---
[17:48:27][rank0]   val loss=0.1388  loss_e=0.1388  acc_e=94.80%  acc_l=0.00%
[17:50:31][rank0] Epoch  99/100  loss=0.1185  acc_e=95.40%  acc_l=0.00%  elapsed=4:20:15
[17:51:26][rank0] step= 16000  epoch=100  loss=0.1219  acc_e=95.24%  lr=1.52e-05  elapsed=4:21:10
[17:51:26][rank0] --- Validation @ step 16000 ---
[17:51:42][rank0]   val loss=0.1394  loss_e=0.1394  acc_e=94.78%  acc_l=0.00%
[17:53:12][rank0] Epoch 100/100  loss=0.1184  acc_e=95.40%  acc_l=0.00%  elapsed=4:22:56
[17:53:13][rank0] ======================================================================
[17:53:13][rank0] Training complete — OOD evaluation
[17:53:13][rank0] ======================================================================
[17:53:13][rank0] Loaded best model from /scratch/yuvraj17/adaptive_tracing_scratch/adaptive_tracer/logs/lstm_event_cats6_10950881/model_best.pt
[17:54:49][rank0] [OOD] cpu     AUROC=0.6238  AUPR=0.6238  bal=108483/108483  full=108,483/220,454  F1=0.6687  P=0.5165  R=0.9482  thr=0.0459969
[17:56:39][rank0] [OOD] disk    AUROC=0.5704  AUPR=0.5910  bal=108483/108483  full=108,483/268,102  F1=0.6667  P=0.5000  R=1.0000  thr=0.00182343
[17:58:18][rank0] [OOD] mem     AUROC=0.6234  AUPR=0.6405  bal=108483/108483  full=108,483/234,136  F1=0.6762  P=0.5207  R=0.9643  thr=0.0459969
[17:59:25][rank0] [OOD] net     AUROC=0.7316  AUPR=0.7690  bal=108483/108483  full=108,483/120,006  F1=0.6862  P=0.5365  R=0.9516  thr=0.0636737
[17:59:25][rank0] OOD results -> /scratch/yuvraj17/adaptive_tracing_scratch/adaptive_tracer/logs/lstm_event_cats6_10950881/ood_results.json
