[03:52:38][rank0] Vocab: 175 syscalls / 113 processes
[03:52:38][rank0] Train shards for this rank: 119  (total=119)  Valid shards: 40
[03:52:38][rank0] Model: LSTM  params=47,074,045
[03:52:38][rank0]   n_hidden=1024  n_layer=6  n_head=8
[03:52:38][rank0]   AMP(bf16)=True  compile=False  chk=False  DDP=False
[03:52:38][rank0]   batch=64  accum_steps=4  world_size=1  eff_batch=256
[03:52:38][rank0] ======================================================================
[03:52:38][rank0] Starting training  device=cuda:0  total_steps~=69525  world_size=1
[03:52:38][rank0] ======================================================================
[03:54:51][rank0] step=   500  epoch=1  loss=2.0390  acc_e=33.96%  lr=3.00e-04  elapsed=0:02:13
[03:57:03][rank0] step=  1000  epoch=1  loss=1.5355  acc_e=53.69%  lr=3.00e-04  elapsed=0:04:25
[03:59:14][rank0] step=  1500  epoch=1  loss=1.2433  acc_e=65.52%  lr=3.00e-04  elapsed=0:06:36
[04:01:28][rank0] step=  2000  epoch=1  loss=1.0760  acc_e=72.00%  lr=3.00e-04  elapsed=0:08:49
[04:01:28][rank0] --- Validation @ step 2000 ---
[04:02:48][rank0]   val loss=0.5620  loss_e=0.2384  acc_e=91.88%  acc_l=61.82%
[04:02:48][rank0]   New best val loss=0.5620 -> /scratch/yuvraj17/adaptive_tracing_scratch/adaptive_tracer/logs/lstm_multitask_cats5_seq512_382061/model_best.pt
[04:04:19][rank0] Epoch   1/30  loss=1.0003  acc_e=74.90%  acc_l=51.97%  elapsed=0:11:41
[04:05:00][rank0] step=  2500  epoch=2  loss=0.5411  acc_e=92.48%  lr=2.99e-04  elapsed=0:12:22
[04:07:13][rank0] step=  3000  epoch=2  loss=0.5277  acc_e=92.62%  lr=2.99e-04  elapsed=0:14:35
[04:09:25][rank0] step=  3500  epoch=2  loss=0.5207  acc_e=92.74%  lr=2.99e-04  elapsed=0:16:47
[04:11:38][rank0] step=  4000  epoch=2  loss=0.5147  acc_e=92.86%  lr=2.98e-04  elapsed=0:19:00
[04:11:38][rank0] --- Validation @ step 4000 ---
[04:12:58][rank0]   val loss=0.4927  loss_e=0.1920  acc_e=93.24%  acc_l=66.35%
[04:12:59][rank0]   New best val loss=0.4927 -> /scratch/yuvraj17/adaptive_tracing_scratch/adaptive_tracer/logs/lstm_multitask_cats5_seq512_382061/model_best.pt
[04:15:11][rank0] step=  4500  epoch=2  loss=0.5100  acc_e=92.93%  lr=2.98e-04  elapsed=0:22:33
[04:16:01][rank0] Epoch   2/30  loss=0.5086  acc_e=92.96%  acc_l=64.75%  elapsed=0:23:22
[04:17:25][rank0] step=  5000  epoch=3  loss=0.4839  acc_e=93.46%  lr=2.97e-04  elapsed=0:24:46
[04:19:37][rank0] step=  5500  epoch=3  loss=0.4832  acc_e=93.46%  lr=2.96e-04  elapsed=0:26:59
[04:21:49][rank0] step=  6000  epoch=3  loss=0.4823  acc_e=93.50%  lr=2.96e-04  elapsed=0:29:10
[04:21:49][rank0] --- Validation @ step 6000 ---
[04:23:09][rank0]   val loss=0.4741  loss_e=0.1779  acc_e=93.61%  acc_l=67.39%
[04:23:09][rank0]   New best val loss=0.4741 -> /scratch/yuvraj17/adaptive_tracing_scratch/adaptive_tracer/logs/lstm_multitask_cats5_seq512_382061/model_best.pt
[04:25:22][rank0] step=  6500  epoch=3  loss=0.4794  acc_e=93.55%  lr=2.95e-04  elapsed=0:32:44
[04:27:35][rank0] step=  7000  epoch=3  loss=0.4781  acc_e=93.56%  lr=2.94e-04  elapsed=0:34:56
[04:27:43][rank0] Epoch   3/30  loss=0.4781  acc_e=93.56%  acc_l=66.67%  elapsed=0:35:04
[04:29:49][rank0] step=  7500  epoch=4  loss=0.4665  acc_e=93.74%  lr=2.93e-04  elapsed=0:37:11
[04:32:02][rank0] step=  8000  epoch=4  loss=0.4661  acc_e=93.78%  lr=2.92e-04  elapsed=0:39:23
[04:32:02][rank0] --- Validation @ step 8000 ---
[04:33:22][rank0]   val loss=0.4647  loss_e=0.1736  acc_e=93.75%  acc_l=68.04%
[04:33:22][rank0]   New best val loss=0.4647 -> /scratch/yuvraj17/adaptive_tracing_scratch/adaptive_tracer/logs/lstm_multitask_cats5_seq512_382061/model_best.pt
[04:35:33][rank0] step=  8500  epoch=4  loss=0.4660  acc_e=93.82%  lr=2.91e-04  elapsed=0:42:54
[04:37:46][rank0] step=  9000  epoch=4  loss=0.4643  acc_e=93.83%  lr=2.89e-04  elapsed=0:45:07
[04:39:25][rank0] Epoch   4/30  loss=0.4642  acc_e=93.82%  acc_l=67.55%  elapsed=0:46:47
[04:39:59][rank0] step=  9500  epoch=5  loss=0.4577  acc_e=94.16%  lr=2.88e-04  elapsed=0:47:20
[04:42:12][rank0] step= 10000  epoch=5  loss=0.4577  acc_e=93.97%  lr=2.87e-04  elapsed=0:49:34
[04:42:12][rank0] --- Validation @ step 10000 ---
[04:43:32][rank0]   val loss=0.4597  loss_e=0.1680  acc_e=93.90%  acc_l=68.19%
[04:43:32][rank0]   New best val loss=0.4597 -> /scratch/yuvraj17/adaptive_tracing_scratch/adaptive_tracer/logs/lstm_multitask_cats5_seq512_382061/model_best.pt
[04:43:33][rank0]   Checkpoint -> /scratch/yuvraj17/adaptive_tracing_scratch/adaptive_tracer/logs/lstm_multitask_cats5_seq512_382061/ckpt_0010000.pt
[04:45:45][rank0] step= 10500  epoch=5  loss=0.4575  acc_e=93.97%  lr=2.85e-04  elapsed=0:53:06
[04:47:58][rank0] step= 11000  epoch=5  loss=0.4571  acc_e=93.97%  lr=2.84e-04  elapsed=0:55:20
[04:50:11][rank0] step= 11500  epoch=5  loss=0.4564  acc_e=93.97%  lr=2.83e-04  elapsed=0:57:33
[04:51:08][rank0] Epoch   5/30  loss=0.4565  acc_e=93.97%  acc_l=68.03%  elapsed=0:58:30
[04:52:24][rank0] step= 12000  epoch=6  loss=0.4506  acc_e=94.13%  lr=2.81e-04  elapsed=0:59:45
[04:52:24][rank0] --- Validation @ step 12000 ---
[04:53:44][rank0]   val loss=0.4574  loss_e=0.1676  acc_e=93.93%  acc_l=68.44%
[04:53:44][rank0]   New best val loss=0.4574 -> /scratch/yuvraj17/adaptive_tracing_scratch/adaptive_tracer/logs/lstm_multitask_cats5_seq512_382061/model_best.pt
[04:55:57][rank0] step= 12500  epoch=6  loss=0.4519  acc_e=94.07%  lr=2.79e-04  elapsed=1:03:19
[04:58:09][rank0] step= 13000  epoch=6  loss=0.4522  acc_e=94.06%  lr=2.78e-04  elapsed=1:05:31
[05:00:22][rank0] step= 13500  epoch=6  loss=0.4513  acc_e=94.08%  lr=2.76e-04  elapsed=1:07:44
[05:02:35][rank0] step= 14000  epoch=6  loss=0.4515  acc_e=94.07%  lr=2.74e-04  elapsed=1:09:57
[05:02:35][rank0] --- Validation @ step 14000 ---
[05:03:55][rank0]   val loss=0.4544  loss_e=0.1646  acc_e=94.00%  acc_l=68.53%
[05:03:55][rank0]   New best val loss=0.4544 -> /scratch/yuvraj17/adaptive_tracing_scratch/adaptive_tracer/logs/lstm_multitask_cats5_seq512_382061/model_best.pt
[05:04:11][rank0] Epoch   6/30  loss=0.4514  acc_e=94.07%  acc_l=68.35%  elapsed=1:11:32
[05:06:09][rank0] step= 14500  epoch=7  loss=0.4475  acc_e=94.11%  lr=2.72e-04  elapsed=1:13:30
[05:08:22][rank0] step= 15000  epoch=7  loss=0.4476  acc_e=94.12%  lr=2.70e-04  elapsed=1:15:43
[05:10:32][rank0] step= 15500  epoch=7  loss=0.4482  acc_e=94.15%  lr=2.68e-04  elapsed=1:17:54
[05:12:46][rank0] step= 16000  epoch=7  loss=0.4473  acc_e=94.16%  lr=2.66e-04  elapsed=1:20:07
[05:12:46][rank0] --- Validation @ step 16000 ---
[05:14:06][rank0]   val loss=0.4522  loss_e=0.1637  acc_e=94.04%  acc_l=68.69%
[05:14:06][rank0]   New best val loss=0.4522 -> /scratch/yuvraj17/adaptive_tracing_scratch/adaptive_tracer/logs/lstm_multitask_cats5_seq512_382061/model_best.pt
[05:15:54][rank0] Epoch   7/30  loss=0.4476  acc_e=94.13%  acc_l=68.59%  elapsed=1:23:15
[05:16:20][rank0] step= 16500  epoch=8  loss=0.4437  acc_e=94.40%  lr=2.64e-04  elapsed=1:23:41
[05:18:32][rank0] step= 17000  epoch=8  loss=0.4449  acc_e=94.21%  lr=2.62e-04  elapsed=1:25:54
[05:20:45][rank0] step= 17500  epoch=8  loss=0.4448  acc_e=94.21%  lr=2.59e-04  elapsed=1:28:07
[05:22:58][rank0] step= 18000  epoch=8  loss=0.4449  acc_e=94.20%  lr=2.57e-04  elapsed=1:30:19
[05:22:58][rank0] --- Validation @ step 18000 ---
[05:24:17][rank0]   val loss=0.4530  loss_e=0.1664  acc_e=93.90%  acc_l=68.76%
[05:24:17][rank0]   No improvement count: 1/10
[05:26:31][rank0] step= 18500  epoch=8  loss=0.4444  acc_e=94.19%  lr=2.55e-04  elapsed=1:33:52
[05:27:36][rank0] Epoch   8/30  loss=0.4446  acc_e=94.19%  acc_l=68.79%  elapsed=1:34:57
[05:28:44][rank0] step= 19000  epoch=9  loss=0.4410  acc_e=94.32%  lr=2.52e-04  elapsed=1:36:05
[05:30:57][rank0] step= 19500  epoch=9  loss=0.4419  acc_e=94.25%  lr=2.50e-04  elapsed=1:38:18
[05:33:09][rank0] step= 20000  epoch=9  loss=0.4423  acc_e=94.24%  lr=2.47e-04  elapsed=1:40:31
[05:33:09][rank0] --- Validation @ step 20000 ---
[05:34:29][rank0]   val loss=0.4481  loss_e=0.1618  acc_e=94.06%  acc_l=69.02%
[05:34:30][rank0]   New best val loss=0.4481 -> /scratch/yuvraj17/adaptive_tracing_scratch/adaptive_tracer/logs/lstm_multitask_cats5_seq512_382061/model_best.pt
[05:34:30][rank0]   Checkpoint -> /scratch/yuvraj17/adaptive_tracing_scratch/adaptive_tracer/logs/lstm_multitask_cats5_seq512_382061/ckpt_0020000.pt
[05:36:43][rank0] step= 20500  epoch=9  loss=0.4415  acc_e=94.25%  lr=2.45e-04  elapsed=1:44:04
[05:38:55][rank0] step= 21000  epoch=9  loss=0.4420  acc_e=94.24%  lr=2.42e-04  elapsed=1:46:17
[05:39:19][rank0] Epoch   9/30  loss=0.4420  acc_e=94.24%  acc_l=68.95%  elapsed=1:46:40
[05:41:09][rank0] step= 21500  epoch=10  loss=0.4392  acc_e=94.27%  lr=2.40e-04  elapsed=1:48:31
[05:43:22][rank0] step= 22000  epoch=10  loss=0.4394  acc_e=94.27%  lr=2.37e-04  elapsed=1:50:44
[05:43:22][rank0] --- Validation @ step 22000 ---
[05:44:42][rank0]   val loss=0.4492  loss_e=0.1636  acc_e=94.10%  acc_l=68.95%
[05:44:42][rank0]   No improvement count: 1/10
[05:46:53][rank0] step= 22500  epoch=10  loss=0.4400  acc_e=94.30%  lr=2.34e-04  elapsed=1:54:14
[05:49:07][rank0] step= 23000  epoch=10  loss=0.4392  acc_e=94.30%  lr=2.32e-04  elapsed=1:56:28
[05:51:02][rank0] Epoch  10/30  loss=0.4397  acc_e=94.28%  acc_l=69.10%  elapsed=1:58:23
[05:51:20][rank0] step= 23500  epoch=11  loss=0.4371  acc_e=94.52%  lr=2.29e-04  elapsed=1:58:42
[05:53:34][rank0] step= 24000  epoch=11  loss=0.4376  acc_e=94.33%  lr=2.26e-04  elapsed=2:00:56
[05:53:34][rank0] --- Validation @ step 24000 ---
[05:54:54][rank0]   val loss=0.4470  loss_e=0.1611  acc_e=94.09%  acc_l=69.07%
[05:54:54][rank0]   New best val loss=0.4470 -> /scratch/yuvraj17/adaptive_tracing_scratch/adaptive_tracer/logs/lstm_multitask_cats5_seq512_382061/model_best.pt
[05:57:06][rank0] step= 24500  epoch=11  loss=0.4375  acc_e=94.33%  lr=2.23e-04  elapsed=2:04:28
[05:59:19][rank0] step= 25000  epoch=11  loss=0.4379  acc_e=94.33%  lr=2.20e-04  elapsed=2:06:40
[06:01:33][rank0] step= 25500  epoch=11  loss=0.4374  acc_e=94.32%  lr=2.17e-04  elapsed=2:08:54
[06:02:46][rank0] Epoch  11/30  loss=0.4377  acc_e=94.31%  acc_l=69.23%  elapsed=2:10:07
[06:03:46][rank0] step= 26000  epoch=12  loss=0.4344  acc_e=94.46%  lr=2.14e-04  elapsed=2:11:07
[06:03:46][rank0] --- Validation @ step 26000 ---
[06:05:06][rank0]   val loss=0.4474  loss_e=0.1620  acc_e=94.06%  acc_l=69.12%
[06:05:06][rank0]   No improvement count: 1/10
[06:07:19][rank0] step= 26500  epoch=12  loss=0.4356  acc_e=94.37%  lr=2.11e-04  elapsed=2:14:41
[06:09:31][rank0] step= 27000  epoch=12  loss=0.4359  acc_e=94.35%  lr=2.08e-04  elapsed=2:16:53
[06:11:45][rank0] step= 27500  epoch=12  loss=0.4355  acc_e=94.36%  lr=2.05e-04  elapsed=2:19:07
[06:13:57][rank0] step= 28000  epoch=12  loss=0.4357  acc_e=94.35%  lr=2.02e-04  elapsed=2:21:19
[06:13:57][rank0] --- Validation @ step 28000 ---
[06:15:17][rank0]   val loss=0.4482  loss_e=0.1620  acc_e=94.02%  acc_l=69.02%
[06:15:17][rank0]   No improvement count: 2/10
[06:15:49][rank0] Epoch  12/30  loss=0.4358  acc_e=94.34%  acc_l=69.36%  elapsed=2:23:10
[06:17:31][rank0] step= 28500  epoch=13  loss=0.4329  acc_e=94.39%  lr=1.99e-04  elapsed=2:24:53
[06:19:45][rank0] step= 29000  epoch=13  loss=0.4336  acc_e=94.38%  lr=1.96e-04  elapsed=2:27:07
[06:21:56][rank0] step= 29500  epoch=13  loss=0.4341  acc_e=94.40%  lr=1.93e-04  elapsed=2:29:18
[06:24:10][rank0] step= 30000  epoch=13  loss=0.4333  acc_e=94.41%  lr=1.90e-04  elapsed=2:31:32
[06:24:10][rank0] --- Validation @ step 30000 ---
[06:25:30][rank0]   val loss=0.4444  loss_e=0.1574  acc_e=94.23%  acc_l=69.12%
[06:25:30][rank0]   New best val loss=0.4444 -> /scratch/yuvraj17/adaptive_tracing_scratch/adaptive_tracer/logs/lstm_multitask_cats5_seq512_382061/model_best.pt
[06:25:31][rank0]   Checkpoint -> /scratch/yuvraj17/adaptive_tracing_scratch/adaptive_tracer/logs/lstm_multitask_cats5_seq512_382061/ckpt_0030000.pt
[06:27:34][rank0] Epoch  13/30  loss=0.4337  acc_e=94.39%  acc_l=69.47%  elapsed=2:34:55
[06:27:45][rank0] step= 30500  epoch=14  loss=0.4327  acc_e=94.61%  lr=1.87e-04  elapsed=2:35:06
[06:29:58][rank0] step= 31000  epoch=14  loss=0.4317  acc_e=94.44%  lr=1.83e-04  elapsed=2:37:19
[06:32:10][rank0] step= 31500  epoch=14  loss=0.4312  acc_e=94.46%  lr=1.80e-04  elapsed=2:39:32
[06:34:23][rank0] step= 32000  epoch=14  loss=0.4317  acc_e=94.46%  lr=1.77e-04  elapsed=2:41:44
[06:34:23][rank0] --- Validation @ step 32000 ---
[06:35:43][rank0]   val loss=0.4471  loss_e=0.1606  acc_e=94.06%  acc_l=69.02%
[06:35:43][rank0]   No improvement count: 1/10
[06:37:56][rank0] step= 32500  epoch=14  loss=0.4313  acc_e=94.45%  lr=1.74e-04  elapsed=2:45:18
[06:39:17][rank0] Epoch  14/30  loss=0.4316  acc_e=94.44%  acc_l=69.59%  elapsed=2:46:38
[06:40:09][rank0] step= 33000  epoch=15  loss=0.4282  acc_e=94.63%  lr=1.71e-04  elapsed=2:47:30
[06:42:22][rank0] step= 33500  epoch=15  loss=0.4296  acc_e=94.51%  lr=1.67e-04  elapsed=2:49:44
[06:44:36][rank0] step= 34000  epoch=15  loss=0.4299  acc_e=94.48%  lr=1.64e-04  elapsed=2:51:57
[06:44:36][rank0] --- Validation @ step 34000 ---
[06:45:56][rank0]   val loss=0.4449  loss_e=0.1594  acc_e=94.19%  acc_l=69.20%
[06:45:56][rank0]   No improvement count: 2/10
[06:48:09][rank0] step= 34500  epoch=15  loss=0.4297  acc_e=94.49%  lr=1.61e-04  elapsed=2:55:30
[06:50:22][rank0] step= 35000  epoch=15  loss=0.4297  acc_e=94.49%  lr=1.58e-04  elapsed=2:57:43
[06:51:01][rank0] Epoch  15/30  loss=0.4299  acc_e=94.48%  acc_l=69.70%  elapsed=2:58:22
[06:52:36][rank0] step= 35500  epoch=16  loss=0.4270  acc_e=94.54%  lr=1.54e-04  elapsed=2:59:57
[06:54:49][rank0] step= 36000  epoch=16  loss=0.4281  acc_e=94.50%  lr=1.51e-04  elapsed=3:02:10
[06:54:49][rank0] --- Validation @ step 36000 ---
[06:56:09][rank0]   val loss=0.4456  loss_e=0.1592  acc_e=94.23%  acc_l=69.14%
[06:56:09][rank0]   No improvement count: 3/10
[06:58:20][rank0] step= 36500  epoch=16  loss=0.4285  acc_e=94.52%  lr=1.48e-04  elapsed=3:05:42
[07:00:34][rank0] step= 37000  epoch=16  loss=0.4278  acc_e=94.53%  lr=1.45e-04  elapsed=3:07:55
[07:02:44][rank0] Epoch  16/30  loss=0.4283  acc_e=94.50%  acc_l=69.81%  elapsed=3:10:06
[07:02:48][rank0] step= 37500  epoch=17  loss=0.4241  acc_e=94.88%  lr=1.41e-04  elapsed=3:10:10
[07:05:02][rank0] step= 38000  epoch=17  loss=0.4267  acc_e=94.52%  lr=1.38e-04  elapsed=3:12:23
[07:05:02][rank0] --- Validation @ step 38000 ---
[07:06:21][rank0]   val loss=0.4451  loss_e=0.1582  acc_e=94.21%  acc_l=69.16%
[07:06:21][rank0]   No improvement count: 4/10
[07:08:35][rank0] step= 38500  epoch=17  loss=0.4265  acc_e=94.53%  lr=1.35e-04  elapsed=3:15:56
[07:10:47][rank0] step= 39000  epoch=17  loss=0.4269  acc_e=94.54%  lr=1.32e-04  elapsed=3:18:08
[07:13:01][rank0] step= 39500  epoch=17  loss=0.4264  acc_e=94.54%  lr=1.29e-04  elapsed=3:20:22
[07:14:29][rank0] Epoch  17/30  loss=0.4268  acc_e=94.52%  acc_l=69.92%  elapsed=3:21:51
[07:15:14][rank0] step= 40000  epoch=18  loss=0.4229  acc_e=94.73%  lr=1.25e-04  elapsed=3:22:35
[07:15:14][rank0] --- Validation @ step 40000 ---
[07:16:33][rank0]   val loss=0.4451  loss_e=0.1587  acc_e=94.16%  acc_l=69.23%
[07:16:33][rank0]   No improvement count: 5/10
[07:16:33][rank0]   Checkpoint -> /scratch/yuvraj17/adaptive_tracing_scratch/adaptive_tracer/logs/lstm_multitask_cats5_seq512_382061/ckpt_0040000.pt
[07:18:47][rank0] step= 40500  epoch=18  loss=0.4254  acc_e=94.58%  lr=1.22e-04  elapsed=3:26:08
[07:21:00][rank0] step= 41000  epoch=18  loss=0.4254  acc_e=94.55%  lr=1.19e-04  elapsed=3:28:22
[07:23:13][rank0] step= 41500  epoch=18  loss=0.4254  acc_e=94.56%  lr=1.16e-04  elapsed=3:30:34
[07:25:26][rank0] step= 42000  epoch=18  loss=0.4252  acc_e=94.55%  lr=1.13e-04  elapsed=3:32:48
[07:25:26][rank0] --- Validation @ step 42000 ---
[07:26:46][rank0]   val loss=0.4440  loss_e=0.1577  acc_e=94.23%  acc_l=69.23%
[07:26:46][rank0]   New best val loss=0.4440 -> /scratch/yuvraj17/adaptive_tracing_scratch/adaptive_tracer/logs/lstm_multitask_cats5_seq512_382061/model_best.pt
[07:27:33][rank0] Epoch  18/30  loss=0.4254  acc_e=94.54%  acc_l=70.02%  elapsed=3:34:54
[07:29:00][rank0] step= 42500  epoch=19  loss=0.4224  acc_e=94.61%  lr=1.10e-04  elapsed=3:36:21
[07:31:13][rank0] step= 43000  epoch=19  loss=0.4238  acc_e=94.57%  lr=1.07e-04  elapsed=3:38:35
[07:33:25][rank0] step= 43500  epoch=19  loss=0.4241  acc_e=94.57%  lr=1.04e-04  elapsed=3:40:47
[07:35:39][rank0] step= 44000  epoch=19  loss=0.4236  acc_e=94.58%  lr=1.01e-04  elapsed=3:43:00
[07:35:39][rank0] --- Validation @ step 44000 ---
[07:36:59][rank0]   val loss=0.4444  loss_e=0.1586  acc_e=94.18%  acc_l=69.25%
[07:36:59][rank0]   No improvement count: 1/10
[07:39:12][rank0] step= 44500  epoch=19  loss=0.4241  acc_e=94.56%  lr=9.79e-05  elapsed=3:46:34
[07:39:17][rank0] Epoch  19/30  loss=0.4241  acc_e=94.56%  acc_l=70.13%  elapsed=3:46:38
[07:41:26][rank0] step= 45000  epoch=20  loss=0.4223  acc_e=94.57%  lr=9.49e-05  elapsed=3:48:47
[07:43:39][rank0] step= 45500  epoch=20  loss=0.4226  acc_e=94.58%  lr=9.20e-05  elapsed=3:51:00
[07:45:50][rank0] step= 46000  epoch=20  loss=0.4230  acc_e=94.60%  lr=8.92e-05  elapsed=3:53:11
[07:45:50][rank0] --- Validation @ step 46000 ---
[07:47:10][rank0]   val loss=0.4439  loss_e=0.1577  acc_e=94.24%  acc_l=69.26%
[07:47:10][rank0]   New best val loss=0.4439 -> /scratch/yuvraj17/adaptive_tracing_scratch/adaptive_tracer/logs/lstm_multitask_cats5_seq512_382061/model_best.pt
[07:49:24][rank0] step= 46500  epoch=20  loss=0.4224  acc_e=94.59%  lr=8.63e-05  elapsed=3:56:45
[07:51:00][rank0] Epoch  20/30  loss=0.4228  acc_e=94.57%  acc_l=70.22%  elapsed=3:58:22
[07:51:38][rank0] step= 47000  epoch=21  loss=0.4199  acc_e=94.80%  lr=8.36e-05  elapsed=3:58:59
[07:53:51][rank0] step= 47500  epoch=21  loss=0.4213  acc_e=94.62%  lr=8.08e-05  elapsed=4:01:13
[07:56:04][rank0] step= 48000  epoch=21  loss=0.4215  acc_e=94.61%  lr=7.81e-05  elapsed=4:03:26
[07:56:04][rank0] --- Validation @ step 48000 ---
[07:57:24][rank0]   val loss=0.4448  loss_e=0.1574  acc_e=94.23%  acc_l=69.17%
[07:57:24][rank0]   No improvement count: 1/10
[07:59:37][rank0] step= 48500  epoch=21  loss=0.4217  acc_e=94.60%  lr=7.54e-05  elapsed=4:06:59
[08:01:51][rank0] step= 49000  epoch=21  loss=0.4214  acc_e=94.59%  lr=7.28e-05  elapsed=4:09:12
[08:02:44][rank0] Epoch  21/30  loss=0.4217  acc_e=94.59%  acc_l=70.30%  elapsed=4:10:06
[08:04:03][rank0] step= 49500  epoch=22  loss=0.4191  acc_e=94.67%  lr=7.02e-05  elapsed=4:11:25
[08:06:16][rank0] step= 50000  epoch=22  loss=0.4202  acc_e=94.61%  lr=6.77e-05  elapsed=4:13:38
[08:06:16][rank0] --- Validation @ step 50000 ---
[08:07:36][rank0]   val loss=0.4457  loss_e=0.1590  acc_e=94.19%  acc_l=69.21%
[08:07:36][rank0]   No improvement count: 2/10
[08:07:36][rank0]   Checkpoint -> /scratch/yuvraj17/adaptive_tracing_scratch/adaptive_tracer/logs/lstm_multitask_cats5_seq512_382061/ckpt_0050000.pt
[08:09:48][rank0] step= 50500  epoch=22  loss=0.4204  acc_e=94.61%  lr=6.52e-05  elapsed=4:17:10
[08:12:02][rank0] step= 51000  epoch=22  loss=0.4202  acc_e=94.62%  lr=6.27e-05  elapsed=4:19:23
[08:14:15][rank0] step= 51500  epoch=22  loss=0.4207  acc_e=94.60%  lr=6.03e-05  elapsed=4:21:36
[08:14:27][rank0] Epoch  22/30  loss=0.4206  acc_e=94.60%  acc_l=70.39%  elapsed=4:21:49
[08:16:29][rank0] step= 52000  epoch=23  loss=0.4196  acc_e=94.60%  lr=5.80e-05  elapsed=4:23:50
[08:16:29][rank0] --- Validation @ step 52000 ---
[08:17:48][rank0]   val loss=0.4467  loss_e=0.1597  acc_e=94.20%  acc_l=69.12%
[08:17:48][rank0]   No improvement count: 3/10
[08:20:01][rank0] step= 52500  epoch=23  loss=0.4195  acc_e=94.61%  lr=5.57e-05  elapsed=4:27:23
[08:22:12][rank0] step= 53000  epoch=23  loss=0.4198  acc_e=94.63%  lr=5.34e-05  elapsed=4:29:34
[08:24:25][rank0] step= 53500  epoch=23  loss=0.4192  acc_e=94.63%  lr=5.13e-05  elapsed=4:31:47
[08:26:09][rank0] Epoch  23/30  loss=0.4197  acc_e=94.61%  acc_l=70.45%  elapsed=4:33:31
[08:26:39][rank0] step= 54000  epoch=24  loss=0.4167  acc_e=94.83%  lr=4.91e-05  elapsed=4:34:00
[08:26:39][rank0] --- Validation @ step 54000 ---
[08:27:59][rank0]   val loss=0.4452  loss_e=0.1579  acc_e=94.19%  acc_l=69.18%
[08:27:59][rank0]   No improvement count: 4/10
[08:30:12][rank0] step= 54500  epoch=24  loss=0.4187  acc_e=94.65%  lr=4.70e-05  elapsed=4:37:33
[08:32:24][rank0] step= 55000  epoch=24  loss=0.4184  acc_e=94.65%  lr=4.50e-05  elapsed=4:39:46
[08:34:37][rank0] step= 55500  epoch=24  loss=0.4189  acc_e=94.64%  lr=4.31e-05  elapsed=4:41:58
[08:36:51][rank0] step= 56000  epoch=24  loss=0.4186  acc_e=94.63%  lr=4.12e-05  elapsed=4:44:12
[08:36:51][rank0] --- Validation @ step 56000 ---
[08:38:10][rank0]   val loss=0.4458  loss_e=0.1585  acc_e=94.18%  acc_l=69.18%
[08:38:10][rank0]   No improvement count: 5/10
[08:39:12][rank0] Epoch  24/30  loss=0.4189  acc_e=94.62%  acc_l=70.52%  elapsed=4:46:33
[08:40:23][rank0] step= 56500  epoch=25  loss=0.4167  acc_e=94.71%  lr=3.93e-05  elapsed=4:47:45
[08:42:36][rank0] step= 57000  epoch=25  loss=0.4178  acc_e=94.64%  lr=3.75e-05  elapsed=4:49:58
[08:44:48][rank0] step= 57500  epoch=25  loss=0.4179  acc_e=94.64%  lr=3.58e-05  elapsed=4:52:10
[08:47:02][rank0] step= 58000  epoch=25  loss=0.4177  acc_e=94.65%  lr=3.42e-05  elapsed=4:54:23
[08:47:02][rank0] --- Validation @ step 58000 ---
[08:48:21][rank0]   val loss=0.4459  loss_e=0.1589  acc_e=94.19%  acc_l=69.18%
[08:48:21][rank0]   No improvement count: 6/10
[08:50:34][rank0] step= 58500  epoch=25  loss=0.4182  acc_e=94.63%  lr=3.26e-05  elapsed=4:57:55
[08:50:54][rank0] Epoch  25/30  loss=0.4182  acc_e=94.63%  acc_l=70.57%  elapsed=4:58:16
[08:52:48][rank0] step= 59000  epoch=26  loss=0.4171  acc_e=94.63%  lr=3.10e-05  elapsed=5:00:10
[08:55:02][rank0] step= 59500  epoch=26  loss=0.4172  acc_e=94.63%  lr=2.96e-05  elapsed=5:02:23
[08:57:12][rank0] step= 60000  epoch=26  loss=0.4174  acc_e=94.66%  lr=2.82e-05  elapsed=5:04:34
[08:57:12][rank0] --- Validation @ step 60000 ---
[08:58:32][rank0]   val loss=0.4451  loss_e=0.1579  acc_e=94.22%  acc_l=69.21%
[08:58:32][rank0]   No improvement count: 7/10
[08:58:32][rank0]   Checkpoint -> /scratch/yuvraj17/adaptive_tracing_scratch/adaptive_tracer/logs/lstm_multitask_cats5_seq512_382061/ckpt_0060000.pt
[09:00:46][rank0] step= 60500  epoch=26  loss=0.4170  acc_e=94.66%  lr=2.69e-05  elapsed=5:08:08
[09:02:38][rank0] Epoch  26/30  loss=0.4176  acc_e=94.64%  acc_l=70.62%  elapsed=5:09:59
[09:02:59][rank0] step= 61000  epoch=27  loss=0.4145  acc_e=94.86%  lr=2.56e-05  elapsed=5:10:21
[09:05:13][rank0] step= 61500  epoch=27  loss=0.4167  acc_e=94.67%  lr=2.44e-05  elapsed=5:12:34
[09:07:25][rank0] step= 62000  epoch=27  loss=0.4165  acc_e=94.67%  lr=2.33e-05  elapsed=5:14:47
[09:07:25][rank0] --- Validation @ step 62000 ---
[09:08:45][rank0]   val loss=0.4458  loss_e=0.1582  acc_e=94.21%  acc_l=69.15%
[09:08:45][rank0]   No improvement count: 8/10
[09:10:58][rank0] step= 62500  epoch=27  loss=0.4171  acc_e=94.66%  lr=2.22e-05  elapsed=5:18:19
[09:13:11][rank0] step= 63000  epoch=27  loss=0.4167  acc_e=94.65%  lr=2.12e-05  elapsed=5:20:33
[09:14:20][rank0] Epoch  27/30  loss=0.4171  acc_e=94.64%  acc_l=70.66%  elapsed=5:21:42
[09:15:24][rank0] step= 63500  epoch=28  loss=0.4149  acc_e=94.76%  lr=2.03e-05  elapsed=5:22:45
[09:17:37][rank0] step= 64000  epoch=28  loss=0.4161  acc_e=94.67%  lr=1.95e-05  elapsed=5:24:59
[09:17:37][rank0] --- Validation @ step 64000 ---
[09:18:57][rank0]   val loss=0.4452  loss_e=0.1578  acc_e=94.20%  acc_l=69.20%
[09:18:57][rank0]   No improvement count: 9/10
[09:21:09][rank0] step= 64500  epoch=28  loss=0.4165  acc_e=94.65%  lr=1.87e-05  elapsed=5:28:31
[09:23:23][rank0] step= 65000  epoch=28  loss=0.4162  acc_e=94.66%  lr=1.80e-05  elapsed=5:30:44
[09:25:35][rank0] step= 65500  epoch=28  loss=0.4166  acc_e=94.65%  lr=1.74e-05  elapsed=5:32:57
[09:26:03][rank0] Epoch  28/30  loss=0.4167  acc_e=94.65%  acc_l=70.70%  elapsed=5:33:25
[09:27:49][rank0] step= 66000  epoch=29  loss=0.4153  acc_e=94.67%  lr=1.68e-05  elapsed=5:35:11
[09:27:49][rank0] --- Validation @ step 66000 ---
[09:29:09][rank0]   val loss=0.4458  loss_e=0.1586  acc_e=94.17%  acc_l=69.20%
[09:29:09][rank0]   No improvement count: 10/10
[09:29:09][rank0]   Early stopping triggered after 10 validations without improvement.
[09:29:09][rank0] Stopping early at epoch 29/30  elapsed=5:36:30
[09:29:09][rank0] ======================================================================
[09:29:09][rank0] Training complete — OOD evaluation
[09:29:09][rank0] ======================================================================
[09:29:09][rank0] Loaded best model from /scratch/yuvraj17/adaptive_tracing_scratch/adaptive_tracer/logs/lstm_multitask_cats5_seq512_382061/model_best.pt
[09:40:55][rank0] [OOD] global validation threshold (paper_mad_sum) thr=0.121187 F1=0.6870 bal=197476/197476 full=197,476/646,822
[09:40:55][rank0] [OOD] MAD stats event(median=0.135742, mad=0.0664062) latency(median=0.667969, mad=0.140625)
[09:40:55][rank0] [OOD] cpu     AUROC=0.6681  AUPR=0.6414  bal=197044/190902  full=197,044/190,902  F1=0.6598  P=0.5904  R=0.7476  thr=0.121187
[09:40:55][rank0] [OOD] disk    AUROC=0.7140  AUPR=0.6792  bal=197044/123783  full=197,044/123,783  F1=0.5917  P=0.4860  R=0.7561  thr=0.121187
[09:40:55][rank0] [OOD] mem     AUROC=0.7218  AUPR=0.7314  bal=197044/217461  full=197,044/217,461  F1=0.7136  P=0.6394  R=0.8073  thr=0.121187
[09:40:55][rank0] [OOD] net     AUROC=0.7628  AUPR=0.6806  bal=197044/120006  full=197,044/120,006  F1=0.6349  P=0.5071  R=0.8488  thr=0.121187
[09:40:55][rank0] OOD results -> /scratch/yuvraj17/adaptive_tracing_scratch/adaptive_tracer/logs/lstm_multitask_cats5_seq512_382061/ood_results.json
