[03:55:38][rank0] Vocab: 175 syscalls / 113 processes
[03:55:38][rank0] Train shards for this rank: 119  (total=119)  Valid shards: 40
[03:55:38][rank0] Model: LSTM  params=46,892,620
[03:55:38][rank0]   n_hidden=1024  n_layer=6  n_head=8
[03:55:38][rank0]   AMP(bf16)=True  compile=False  chk=False  DDP=False
[03:55:38][rank0]   batch=64  accum_steps=4  world_size=1  eff_batch=256
[03:55:38][rank0] ======================================================================
[03:55:38][rank0] Starting training  device=cuda:0  total_steps~=69525  world_size=1
[03:55:38][rank0] ======================================================================
[03:57:48][rank0] step=   500  epoch=1  loss=1.0064  acc_e=0.00%  lr=3.00e-04  elapsed=0:02:10
[03:59:58][rank0] step=  1000  epoch=1  loss=0.8668  acc_e=0.00%  lr=3.00e-04  elapsed=0:04:19
[04:02:06][rank0] step=  1500  epoch=1  loss=0.7754  acc_e=0.00%  lr=3.00e-04  elapsed=0:06:27
[04:04:16][rank0] step=  2000  epoch=1  loss=0.7159  acc_e=0.00%  lr=3.00e-04  elapsed=0:08:37
[04:04:16][rank0] --- Validation @ step 2000 ---
[04:05:34][rank0]   val loss=0.5218  loss_e=0.0000  acc_e=0.00%  acc_l=77.51%
[04:05:35][rank0]   New best val loss=0.5218 -> /scratch/yuvraj17/adaptive_tracing_scratch/adaptive_tracer/logs/lstm_duration_cats3_seq512_382076/model_best.pt
[04:07:04][rank0] Epoch   1/30  loss=0.6876  acc_e=0.00%  acc_l=68.48%  elapsed=0:11:25
[04:07:44][rank0] step=  2500  epoch=2  loss=0.5136  acc_e=0.00%  lr=2.99e-04  elapsed=0:12:05
[04:09:54][rank0] step=  3000  epoch=2  loss=0.5015  acc_e=0.00%  lr=2.99e-04  elapsed=0:14:15
[04:12:03][rank0] step=  3500  epoch=2  loss=0.4969  acc_e=0.00%  lr=2.99e-04  elapsed=0:16:25
[04:14:13][rank0] step=  4000  epoch=2  loss=0.4928  acc_e=0.00%  lr=2.98e-04  elapsed=0:18:35
[04:14:13][rank0] --- Validation @ step 4000 ---
[04:15:32][rank0]   val loss=0.4694  loss_e=0.0000  acc_e=0.00%  acc_l=79.86%
[04:15:32][rank0]   New best val loss=0.4694 -> /scratch/yuvraj17/adaptive_tracing_scratch/adaptive_tracer/logs/lstm_duration_cats3_seq512_382076/model_best.pt
[04:17:42][rank0] step=  4500  epoch=2  loss=0.4894  acc_e=0.00%  lr=2.98e-04  elapsed=0:22:03
[04:18:31][rank0] Epoch   2/30  loss=0.4883  acc_e=0.00%  acc_l=78.87%  elapsed=0:22:52
[04:19:53][rank0] step=  5000  epoch=3  loss=0.4692  acc_e=0.00%  lr=2.97e-04  elapsed=0:24:14
[04:22:05][rank0] step=  5500  epoch=3  loss=0.4680  acc_e=0.00%  lr=2.96e-04  elapsed=0:26:26
[04:24:16][rank0] step=  6000  epoch=3  loss=0.4679  acc_e=0.00%  lr=2.96e-04  elapsed=0:28:37
[04:24:16][rank0] --- Validation @ step 6000 ---
[04:25:35][rank0]   val loss=0.4543  loss_e=0.0000  acc_e=0.00%  acc_l=80.53%
[04:25:35][rank0]   New best val loss=0.4543 -> /scratch/yuvraj17/adaptive_tracing_scratch/adaptive_tracer/logs/lstm_duration_cats3_seq512_382076/model_best.pt
[04:27:48][rank0] step=  6500  epoch=3  loss=0.4663  acc_e=0.00%  lr=2.95e-04  elapsed=0:32:09
[04:30:01][rank0] step=  7000  epoch=3  loss=0.4654  acc_e=0.00%  lr=2.94e-04  elapsed=0:34:22
[04:30:09][rank0] Epoch   3/30  loss=0.4653  acc_e=0.00%  acc_l=79.91%  elapsed=0:34:30
[04:32:14][rank0] step=  7500  epoch=4  loss=0.4557  acc_e=0.00%  lr=2.93e-04  elapsed=0:36:35
[04:34:26][rank0] step=  8000  epoch=4  loss=0.4560  acc_e=0.00%  lr=2.92e-04  elapsed=0:38:47
[04:34:26][rank0] --- Validation @ step 8000 ---
[04:35:45][rank0]   val loss=0.4498  loss_e=0.0000  acc_e=0.00%  acc_l=80.70%
[04:35:45][rank0]   New best val loss=0.4498 -> /scratch/yuvraj17/adaptive_tracing_scratch/adaptive_tracer/logs/lstm_duration_cats3_seq512_382076/model_best.pt
[04:37:56][rank0] step=  8500  epoch=4  loss=0.4568  acc_e=0.00%  lr=2.91e-04  elapsed=0:42:17
[04:40:08][rank0] step=  9000  epoch=4  loss=0.4555  acc_e=0.00%  lr=2.89e-04  elapsed=0:44:30
[04:41:47][rank0] Epoch   4/30  loss=0.4554  acc_e=0.00%  acc_l=80.35%  elapsed=0:46:08
[04:42:21][rank0] step=  9500  epoch=5  loss=0.4518  acc_e=0.00%  lr=2.88e-04  elapsed=0:46:42
[04:44:33][rank0] step= 10000  epoch=5  loss=0.4497  acc_e=0.00%  lr=2.87e-04  elapsed=0:48:54
[04:44:33][rank0] --- Validation @ step 10000 ---
[04:45:51][rank0]   val loss=0.4454  loss_e=0.0000  acc_e=0.00%  acc_l=80.95%
[04:45:52][rank0]   New best val loss=0.4454 -> /scratch/yuvraj17/adaptive_tracing_scratch/adaptive_tracer/logs/lstm_duration_cats3_seq512_382076/model_best.pt
[04:45:52][rank0]   Checkpoint -> /scratch/yuvraj17/adaptive_tracing_scratch/adaptive_tracer/logs/lstm_duration_cats3_seq512_382076/ckpt_0010000.pt
[04:48:04][rank0] step= 10500  epoch=5  loss=0.4501  acc_e=0.00%  lr=2.85e-04  elapsed=0:52:25
[04:50:16][rank0] step= 11000  epoch=5  loss=0.4501  acc_e=0.00%  lr=2.84e-04  elapsed=0:54:37
[04:52:28][rank0] step= 11500  epoch=5  loss=0.4495  acc_e=0.00%  lr=2.83e-04  elapsed=0:56:49
[04:53:25][rank0] Epoch   5/30  loss=0.4495  acc_e=0.00%  acc_l=80.61%  elapsed=0:57:46
[04:54:40][rank0] step= 12000  epoch=6  loss=0.4454  acc_e=0.00%  lr=2.81e-04  elapsed=0:59:01
[04:54:40][rank0] --- Validation @ step 12000 ---
[04:55:59][rank0]   val loss=0.4443  loss_e=0.0000  acc_e=0.00%  acc_l=80.97%
[04:55:59][rank0]   New best val loss=0.4443 -> /scratch/yuvraj17/adaptive_tracing_scratch/adaptive_tracer/logs/lstm_duration_cats3_seq512_382076/model_best.pt
[04:58:13][rank0] step= 12500  epoch=6  loss=0.4449  acc_e=0.00%  lr=2.79e-04  elapsed=1:02:34
[05:00:24][rank0] step= 13000  epoch=6  loss=0.4455  acc_e=0.00%  lr=2.78e-04  elapsed=1:04:45
[05:02:35][rank0] step= 13500  epoch=6  loss=0.4453  acc_e=0.00%  lr=2.76e-04  elapsed=1:06:56
[05:04:46][rank0] step= 14000  epoch=6  loss=0.4455  acc_e=0.00%  lr=2.74e-04  elapsed=1:09:07
[05:04:46][rank0] --- Validation @ step 14000 ---
[05:06:03][rank0]   val loss=0.4420  loss_e=0.0000  acc_e=0.00%  acc_l=81.05%
[05:06:04][rank0]   New best val loss=0.4420 -> /scratch/yuvraj17/adaptive_tracing_scratch/adaptive_tracer/logs/lstm_duration_cats3_seq512_382076/model_best.pt
[05:06:19][rank0] Epoch   6/30  loss=0.4453  acc_e=0.00%  acc_l=80.80%  elapsed=1:10:40
[05:08:15][rank0] step= 14500  epoch=7  loss=0.4410  acc_e=0.00%  lr=2.72e-04  elapsed=1:12:36
[05:10:25][rank0] step= 15000  epoch=7  loss=0.4412  acc_e=0.00%  lr=2.70e-04  elapsed=1:14:47
[05:12:33][rank0] step= 15500  epoch=7  loss=0.4424  acc_e=0.00%  lr=2.68e-04  elapsed=1:16:54
[05:14:44][rank0] step= 16000  epoch=7  loss=0.4417  acc_e=0.00%  lr=2.66e-04  elapsed=1:19:05
[05:14:44][rank0] --- Validation @ step 16000 ---
[05:16:02][rank0]   val loss=0.4419  loss_e=0.0000  acc_e=0.00%  acc_l=81.11%
[05:16:02][rank0]   New best val loss=0.4419 -> /scratch/yuvraj17/adaptive_tracing_scratch/adaptive_tracer/logs/lstm_duration_cats3_seq512_382076/model_best.pt
[05:17:49][rank0] Epoch   7/30  loss=0.4418  acc_e=0.00%  acc_l=80.95%  elapsed=1:22:10
[05:18:15][rank0] step= 16500  epoch=8  loss=0.4389  acc_e=0.00%  lr=2.64e-04  elapsed=1:22:36
[05:20:27][rank0] step= 17000  epoch=8  loss=0.4387  acc_e=0.00%  lr=2.62e-04  elapsed=1:24:48
[05:22:39][rank0] step= 17500  epoch=8  loss=0.4390  acc_e=0.00%  lr=2.59e-04  elapsed=1:27:00
[05:24:52][rank0] step= 18000  epoch=8  loss=0.4392  acc_e=0.00%  lr=2.57e-04  elapsed=1:29:13
[05:24:52][rank0] --- Validation @ step 18000 ---
[05:26:10][rank0]   val loss=0.4405  loss_e=0.0000  acc_e=0.00%  acc_l=81.16%
[05:26:10][rank0]   New best val loss=0.4405 -> /scratch/yuvraj17/adaptive_tracing_scratch/adaptive_tracer/logs/lstm_duration_cats3_seq512_382076/model_best.pt
[05:28:24][rank0] step= 18500  epoch=8  loss=0.4388  acc_e=0.00%  lr=2.55e-04  elapsed=1:32:45
[05:29:28][rank0] Epoch   8/30  loss=0.4388  acc_e=0.00%  acc_l=81.09%  elapsed=1:33:49
[05:30:36][rank0] step= 19000  epoch=9  loss=0.4370  acc_e=0.00%  lr=2.52e-04  elapsed=1:34:57
[05:32:49][rank0] step= 19500  epoch=9  loss=0.4357  acc_e=0.00%  lr=2.50e-04  elapsed=1:37:10
[05:35:00][rank0] step= 20000  epoch=9  loss=0.4361  acc_e=0.00%  lr=2.47e-04  elapsed=1:39:21
[05:35:00][rank0] --- Validation @ step 20000 ---
[05:36:19][rank0]   val loss=0.4394  loss_e=0.0000  acc_e=0.00%  acc_l=81.24%
[05:36:19][rank0]   New best val loss=0.4394 -> /scratch/yuvraj17/adaptive_tracing_scratch/adaptive_tracer/logs/lstm_duration_cats3_seq512_382076/model_best.pt
[05:36:19][rank0]   Checkpoint -> /scratch/yuvraj17/adaptive_tracing_scratch/adaptive_tracer/logs/lstm_duration_cats3_seq512_382076/ckpt_0020000.pt
[05:38:33][rank0] step= 20500  epoch=9  loss=0.4359  acc_e=0.00%  lr=2.45e-04  elapsed=1:42:54
[05:40:45][rank0] step= 21000  epoch=9  loss=0.4362  acc_e=0.00%  lr=2.42e-04  elapsed=1:45:06
[05:41:08][rank0] Epoch   9/30  loss=0.4360  acc_e=0.00%  acc_l=81.21%  elapsed=1:45:29
[05:42:58][rank0] step= 21500  epoch=10  loss=0.4323  acc_e=0.00%  lr=2.40e-04  elapsed=1:47:19
[05:45:10][rank0] step= 22000  epoch=10  loss=0.4329  acc_e=0.00%  lr=2.37e-04  elapsed=1:49:32
[05:45:10][rank0] --- Validation @ step 22000 ---
[05:46:29][rank0]   val loss=0.4385  loss_e=0.0000  acc_e=0.00%  acc_l=81.27%
[05:46:29][rank0]   New best val loss=0.4385 -> /scratch/yuvraj17/adaptive_tracing_scratch/adaptive_tracer/logs/lstm_duration_cats3_seq512_382076/model_best.pt
[05:48:40][rank0] step= 22500  epoch=10  loss=0.4339  acc_e=0.00%  lr=2.34e-04  elapsed=1:53:02
[05:50:54][rank0] step= 23000  epoch=10  loss=0.4332  acc_e=0.00%  lr=2.32e-04  elapsed=1:55:15
[05:52:48][rank0] Epoch  10/30  loss=0.4335  acc_e=0.00%  acc_l=81.32%  elapsed=1:57:10
[05:53:07][rank0] step= 23500  epoch=11  loss=0.4320  acc_e=0.00%  lr=2.29e-04  elapsed=1:57:28
[05:55:20][rank0] step= 24000  epoch=11  loss=0.4306  acc_e=0.00%  lr=2.26e-04  elapsed=1:59:41
[05:55:20][rank0] --- Validation @ step 24000 ---
[05:56:39][rank0]   val loss=0.4376  loss_e=0.0000  acc_e=0.00%  acc_l=81.30%
[05:56:39][rank0]   New best val loss=0.4376 -> /scratch/yuvraj17/adaptive_tracing_scratch/adaptive_tracer/logs/lstm_duration_cats3_seq512_382076/model_best.pt
[05:58:51][rank0] step= 24500  epoch=11  loss=0.4309  acc_e=0.00%  lr=2.23e-04  elapsed=2:03:12
[06:01:02][rank0] step= 25000  epoch=11  loss=0.4313  acc_e=0.00%  lr=2.20e-04  elapsed=2:05:23
[06:03:15][rank0] step= 25500  epoch=11  loss=0.4309  acc_e=0.00%  lr=2.17e-04  elapsed=2:07:36
[06:04:27][rank0] Epoch  11/30  loss=0.4309  acc_e=0.00%  acc_l=81.43%  elapsed=2:08:49
[06:05:27][rank0] step= 26000  epoch=12  loss=0.4295  acc_e=0.00%  lr=2.14e-04  elapsed=2:09:49
[06:05:27][rank0] --- Validation @ step 26000 ---
[06:06:46][rank0]   val loss=0.4397  loss_e=0.0000  acc_e=0.00%  acc_l=81.26%
[06:06:46][rank0]   No improvement count: 1/10
[06:08:59][rank0] step= 26500  epoch=12  loss=0.4281  acc_e=0.00%  lr=2.11e-04  elapsed=2:13:21
[06:11:12][rank0] step= 27000  epoch=12  loss=0.4282  acc_e=0.00%  lr=2.08e-04  elapsed=2:15:33
[06:13:25][rank0] step= 27500  epoch=12  loss=0.4284  acc_e=0.00%  lr=2.05e-04  elapsed=2:17:46
[06:15:37][rank0] step= 28000  epoch=12  loss=0.4285  acc_e=0.00%  lr=2.02e-04  elapsed=2:19:58
[06:15:37][rank0] --- Validation @ step 28000 ---
[06:16:56][rank0]   val loss=0.4399  loss_e=0.0000  acc_e=0.00%  acc_l=81.27%
[06:16:56][rank0]   No improvement count: 2/10
[06:17:27][rank0] Epoch  12/30  loss=0.4283  acc_e=0.00%  acc_l=81.54%  elapsed=2:21:48
[06:19:09][rank0] step= 28500  epoch=13  loss=0.4247  acc_e=0.00%  lr=1.99e-04  elapsed=2:23:30
[06:21:22][rank0] step= 29000  epoch=13  loss=0.4252  acc_e=0.00%  lr=1.96e-04  elapsed=2:25:43
[06:23:33][rank0] step= 29500  epoch=13  loss=0.4262  acc_e=0.00%  lr=1.93e-04  elapsed=2:27:54
[06:25:46][rank0] step= 30000  epoch=13  loss=0.4257  acc_e=0.00%  lr=1.90e-04  elapsed=2:30:07
[06:25:46][rank0] --- Validation @ step 30000 ---
[06:27:05][rank0]   val loss=0.4398  loss_e=0.0000  acc_e=0.00%  acc_l=81.27%
[06:27:05][rank0]   No improvement count: 3/10
[06:27:05][rank0]   Checkpoint -> /scratch/yuvraj17/adaptive_tracing_scratch/adaptive_tracer/logs/lstm_duration_cats3_seq512_382076/ckpt_0030000.pt
[06:29:07][rank0] Epoch  13/30  loss=0.4258  acc_e=0.00%  acc_l=81.65%  elapsed=2:33:28
[06:29:18][rank0] step= 30500  epoch=14  loss=0.4257  acc_e=0.00%  lr=1.87e-04  elapsed=2:33:39
[06:31:31][rank0] step= 31000  epoch=14  loss=0.4228  acc_e=0.00%  lr=1.83e-04  elapsed=2:35:52
[06:33:44][rank0] step= 31500  epoch=14  loss=0.4230  acc_e=0.00%  lr=1.80e-04  elapsed=2:38:05
[06:35:56][rank0] step= 32000  epoch=14  loss=0.4236  acc_e=0.00%  lr=1.77e-04  elapsed=2:40:17
[06:35:56][rank0] --- Validation @ step 32000 ---
[06:37:15][rank0]   val loss=0.4421  loss_e=0.0000  acc_e=0.00%  acc_l=81.26%
[06:37:15][rank0]   No improvement count: 4/10
[06:39:28][rank0] step= 32500  epoch=14  loss=0.4232  acc_e=0.00%  lr=1.74e-04  elapsed=2:43:50
[06:40:49][rank0] Epoch  14/30  loss=0.4232  acc_e=0.00%  acc_l=81.76%  elapsed=2:45:10
[06:41:41][rank0] step= 33000  epoch=15  loss=0.4221  acc_e=0.00%  lr=1.71e-04  elapsed=2:46:02
[06:43:53][rank0] step= 33500  epoch=15  loss=0.4206  acc_e=0.00%  lr=1.67e-04  elapsed=2:48:14
[06:46:05][rank0] step= 34000  epoch=15  loss=0.4207  acc_e=0.00%  lr=1.64e-04  elapsed=2:50:27
[06:46:05][rank0] --- Validation @ step 34000 ---
[06:47:23][rank0]   val loss=0.4432  loss_e=0.0000  acc_e=0.00%  acc_l=81.24%
[06:47:23][rank0]   No improvement count: 5/10
[06:49:35][rank0] step= 34500  epoch=15  loss=0.4209  acc_e=0.00%  lr=1.61e-04  elapsed=2:53:56
[06:51:47][rank0] step= 35000  epoch=15  loss=0.4208  acc_e=0.00%  lr=1.58e-04  elapsed=2:56:08
[06:52:26][rank0] Epoch  15/30  loss=0.4207  acc_e=0.00%  acc_l=81.87%  elapsed=2:56:47
[06:54:00][rank0] step= 35500  epoch=16  loss=0.4172  acc_e=0.00%  lr=1.54e-04  elapsed=2:58:21
[06:56:13][rank0] step= 36000  epoch=16  loss=0.4177  acc_e=0.00%  lr=1.51e-04  elapsed=3:00:34
[06:56:13][rank0] --- Validation @ step 36000 ---
[06:57:31][rank0]   val loss=0.4442  loss_e=0.0000  acc_e=0.00%  acc_l=81.24%
[06:57:31][rank0]   No improvement count: 6/10
[06:59:42][rank0] step= 36500  epoch=16  loss=0.4184  acc_e=0.00%  lr=1.48e-04  elapsed=3:04:03
[07:01:55][rank0] step= 37000  epoch=16  loss=0.4180  acc_e=0.00%  lr=1.45e-04  elapsed=3:06:16
[07:04:05][rank0] Epoch  16/30  loss=0.4181  acc_e=0.00%  acc_l=81.99%  elapsed=3:08:26
[07:04:09][rank0] step= 37500  epoch=17  loss=0.4173  acc_e=0.00%  lr=1.41e-04  elapsed=3:08:30
[07:06:21][rank0] step= 38000  epoch=17  loss=0.4149  acc_e=0.00%  lr=1.38e-04  elapsed=3:10:42
[07:06:21][rank0] --- Validation @ step 38000 ---
[07:07:40][rank0]   val loss=0.4457  loss_e=0.0000  acc_e=0.00%  acc_l=81.15%
[07:07:40][rank0]   No improvement count: 7/10
[07:09:52][rank0] step= 38500  epoch=17  loss=0.4153  acc_e=0.00%  lr=1.35e-04  elapsed=3:14:13
[07:12:04][rank0] step= 39000  epoch=17  loss=0.4160  acc_e=0.00%  lr=1.32e-04  elapsed=3:16:25
[07:14:17][rank0] step= 39500  epoch=17  loss=0.4155  acc_e=0.00%  lr=1.29e-04  elapsed=3:18:38
[07:15:45][rank0] Epoch  17/30  loss=0.4155  acc_e=0.00%  acc_l=82.09%  elapsed=3:20:06
[07:16:29][rank0] step= 40000  epoch=18  loss=0.4135  acc_e=0.00%  lr=1.25e-04  elapsed=3:20:50
[07:16:29][rank0] --- Validation @ step 40000 ---
[07:17:48][rank0]   val loss=0.4485  loss_e=0.0000  acc_e=0.00%  acc_l=81.17%
[07:17:48][rank0]   No improvement count: 8/10
[07:17:48][rank0]   Checkpoint -> /scratch/yuvraj17/adaptive_tracing_scratch/adaptive_tracer/logs/lstm_duration_cats3_seq512_382076/ckpt_0040000.pt
[07:20:01][rank0] step= 40500  epoch=18  loss=0.4131  acc_e=0.00%  lr=1.22e-04  elapsed=3:24:22
[07:22:13][rank0] step= 41000  epoch=18  loss=0.4131  acc_e=0.00%  lr=1.19e-04  elapsed=3:26:34
[07:24:25][rank0] step= 41500  epoch=18  loss=0.4133  acc_e=0.00%  lr=1.16e-04  elapsed=3:28:46
[07:26:37][rank0] step= 42000  epoch=18  loss=0.4130  acc_e=0.00%  lr=1.13e-04  elapsed=3:30:58
[07:26:37][rank0] --- Validation @ step 42000 ---
[07:27:55][rank0]   val loss=0.4473  loss_e=0.0000  acc_e=0.00%  acc_l=81.18%
[07:27:55][rank0]   No improvement count: 9/10
[07:28:41][rank0] Epoch  18/30  loss=0.4130  acc_e=0.00%  acc_l=82.19%  elapsed=3:33:02
[07:30:08][rank0] step= 42500  epoch=19  loss=0.4099  acc_e=0.00%  lr=1.10e-04  elapsed=3:34:29
[07:32:21][rank0] step= 43000  epoch=19  loss=0.4102  acc_e=0.00%  lr=1.07e-04  elapsed=3:36:42
[07:34:32][rank0] step= 43500  epoch=19  loss=0.4106  acc_e=0.00%  lr=1.04e-04  elapsed=3:38:53
[07:36:43][rank0] step= 44000  epoch=19  loss=0.4106  acc_e=0.00%  lr=1.01e-04  elapsed=3:41:05
[07:36:43][rank0] --- Validation @ step 44000 ---
[07:38:02][rank0]   val loss=0.4488  loss_e=0.0000  acc_e=0.00%  acc_l=81.18%
[07:38:02][rank0]   No improvement count: 10/10
[07:38:02][rank0]   Early stopping triggered after 10 validations without improvement.
[07:38:02][rank0] Stopping early at epoch 19/30  elapsed=3:42:23
[07:38:02][rank0] ======================================================================
[07:38:02][rank0] Training complete — OOD evaluation
[07:38:02][rank0] ======================================================================
[07:38:02][rank0] Loaded best model from /scratch/yuvraj17/adaptive_tracing_scratch/adaptive_tracer/logs/lstm_duration_cats3_seq512_382076/model_best.pt
[07:49:36][rank0] [OOD] global validation threshold (latency_loss) thr=0.000762939 F1=0.6667 bal=197476/197476 full=197,476/646,822
[07:49:36][rank0] [OOD] cpu     AUROC=0.6411  AUPR=0.6303  bal=197044/190902  full=197,044/190,902  F1=0.6596  P=0.4921  R=1.0000  thr=0.000762939
[07:49:36][rank0] [OOD] disk    AUROC=0.6164  AUPR=0.5817  bal=197044/123783  full=197,044/123,783  F1=0.5568  P=0.3858  R=1.0000  thr=0.000762939
[07:49:36][rank0] [OOD] mem     AUROC=0.6980  AUPR=0.7162  bal=197044/217461  full=197,044/217,461  F1=0.6882  P=0.5246  R=1.0000  thr=0.000762939
[07:49:36][rank0] [OOD] net     AUROC=0.6662  AUPR=0.5547  bal=197044/120006  full=197,044/120,006  F1=0.5492  P=0.3785  R=1.0000  thr=0.000762939
[07:49:36][rank0] OOD results -> /scratch/yuvraj17/adaptive_tracing_scratch/adaptive_tracer/logs/lstm_duration_cats3_seq512_382076/ood_results.json
