🚀 BASELINE (no tracing, no LMAT): u200_r01 (100s, 200 users)
   Host=http://localhost:80  think=0.2-1.0s  root=/home/sehgaluv17/experiments/reviewer_overhead_200_fair  warmup=30s
🔇 Destroying any active LTTng sessions...
🔇 Killing OTel relay (if running)...
✅ LTTng is silent. Starting pure baseline run.
🔥 Warm-up load for 30s before measured baseline run ...

======================================================================
  SOCK SHOP TRAFFIC GENERATOR — RESULTS SUMMARY
======================================================================
  Total requests : 19390
  Passed         : 18974  (97.9%)
  Failed         : 416  (2.1%)
  Avg latency    : 73 ms
  Min latency    : 3 ms
  Max latency    : 2127 ms

  Scenario                       Requests   Pass%   Avg(ms)
  ------------------------------ -------- ------- ---------
  add_to_cart                        1257  100.0%        69
  basket_page                        1276  100.0%        61
  browse_catalogue                   1942  100.0%        49
  browse_homepage                    2132  100.0%        20
  catalogue_size                     1942  100.0%        56
  checkout_add_to_cart                721  100.0%        65
  checkout_view_item                  721  100.0%        57
  delete_cart_item                    366  100.0%        68
  detail_page                        1313  100.0%        58
  get_address                         421  100.0%        61
  get_card                            433  100.0%        57
  get_orders                          558  100.0%        55
  get_tags                           1942  100.0%        52
  login                               902  100.0%       202
  place_order                         721   42.3%        87
  register                            200  100.0%       315
  setup_address                       200  100.0%       507
  setup_card                          200  100.0%       449
  update_cart_item                    424  100.0%        59
  view_item                          1719  100.0%        58
======================================================================


✅ BASELINE u200_r01 COMPLETE
📊 Requests    : 19390  (in 105s)
📈 Throughput  : 184.6 req/s (approx)
📁 Output      : /home/sehgaluv17/experiments/reviewer_overhead_200_fair/baseline/u200_r01

