[03:57:46][rank0] Vocab: 175 syscalls / 113 processes
[03:57:46][rank0] Train shards for this rank: 119  (total=119)  Valid shards: 40
[03:57:46][rank0] Model: TRANSFORMER  params=2,772,898
[03:57:46][rank0]   n_hidden=1024  n_layer=6  n_head=8
[03:57:46][rank0]   AMP(bf16)=True  compile=False  chk=False  DDP=False
[03:57:46][rank0]   batch=64  accum_steps=1  world_size=1  eff_batch=64
[03:57:46][rank0] ======================================================================
[03:57:46][rank0] Starting training  device=cuda:0  total_steps~=278100  world_size=1
[03:57:46][rank0] ======================================================================
[03:58:15][rank0] step=   500  epoch=1  loss=2.0294  acc_e=0.00%  lr=3.00e-04  elapsed=0:00:28
[03:58:42][rank0] step=  1000  epoch=1  loss=1.8660  acc_e=0.00%  lr=3.00e-04  elapsed=0:00:56
[03:59:10][rank0] step=  1500  epoch=1  loss=1.7614  acc_e=0.00%  lr=3.00e-04  elapsed=0:01:23
[03:59:37][rank0] step=  2000  epoch=1  loss=1.6920  acc_e=0.00%  lr=3.00e-04  elapsed=0:01:50
[03:59:37][rank0] --- Validation @ step 2000 ---
[04:00:42][rank0]   val loss=1.3971  loss_e=0.0000  acc_e=0.00%  acc_l=45.45%
[04:00:42][rank0]   New best val loss=1.3971 -> /scratch/yuvraj17/adaptive_tracing_scratch/adaptive_tracer/logs/transformer_duration_cats9_seq512_382084/model_best.pt
[04:01:09][rank0] step=  2500  epoch=1  loss=1.6378  acc_e=0.00%  lr=3.00e-04  elapsed=0:03:22
[04:01:36][rank0] step=  3000  epoch=1  loss=1.5904  acc_e=0.00%  lr=3.00e-04  elapsed=0:03:49
[04:02:04][rank0] step=  3500  epoch=1  loss=1.5488  acc_e=0.00%  lr=3.00e-04  elapsed=0:04:17
[04:02:31][rank0] step=  4000  epoch=1  loss=1.5188  acc_e=0.00%  lr=3.00e-04  elapsed=0:04:44
[04:02:31][rank0] --- Validation @ step 4000 ---
[04:03:41][rank0]   val loss=1.2326  loss_e=0.0000  acc_e=0.00%  acc_l=51.11%
[04:03:41][rank0]   New best val loss=1.2326 -> /scratch/yuvraj17/adaptive_tracing_scratch/adaptive_tracer/logs/transformer_duration_cats9_seq512_382084/model_best.pt
[04:04:09][rank0] step=  4500  epoch=1  loss=1.4949  acc_e=0.00%  lr=3.00e-04  elapsed=0:06:22
[04:04:37][rank0] step=  5000  epoch=1  loss=1.4724  acc_e=0.00%  lr=3.00e-04  elapsed=0:06:50
[04:05:03][rank0] step=  5500  epoch=1  loss=1.4538  acc_e=0.00%  lr=3.00e-04  elapsed=0:07:16
[04:05:30][rank0] step=  6000  epoch=1  loss=1.4360  acc_e=0.00%  lr=3.00e-04  elapsed=0:07:43
[04:05:30][rank0] --- Validation @ step 6000 ---
[04:06:35][rank0]   val loss=1.1954  loss_e=0.0000  acc_e=0.00%  acc_l=52.48%
[04:06:35][rank0]   New best val loss=1.1954 -> /scratch/yuvraj17/adaptive_tracing_scratch/adaptive_tracer/logs/transformer_duration_cats9_seq512_382084/model_best.pt
[04:07:03][rank0] step=  6500  epoch=1  loss=1.4195  acc_e=0.00%  lr=3.00e-04  elapsed=0:09:16
[04:07:31][rank0] step=  7000  epoch=1  loss=1.4046  acc_e=0.00%  lr=3.00e-04  elapsed=0:09:44
[04:07:58][rank0] step=  7500  epoch=1  loss=1.3931  acc_e=0.00%  lr=3.00e-04  elapsed=0:10:11
[04:08:25][rank0] step=  8000  epoch=1  loss=1.3819  acc_e=0.00%  lr=2.99e-04  elapsed=0:10:38
[04:08:25][rank0] --- Validation @ step 8000 ---
[04:09:30][rank0]   val loss=1.1781  loss_e=0.0000  acc_e=0.00%  acc_l=53.13%
[04:09:30][rank0]   New best val loss=1.1781 -> /scratch/yuvraj17/adaptive_tracing_scratch/adaptive_tracer/logs/transformer_duration_cats9_seq512_382084/model_best.pt
[04:09:57][rank0] step=  8500  epoch=1  loss=1.3720  acc_e=0.00%  lr=2.99e-04  elapsed=0:12:10
[04:10:24][rank0] step=  9000  epoch=1  loss=1.3636  acc_e=0.00%  lr=2.99e-04  elapsed=0:12:37
[04:10:44][rank0] Epoch   1/30  loss=1.3569  acc_e=0.00%  acc_l=46.57%  elapsed=0:12:57
[04:10:51][rank0] step=  9500  epoch=2  loss=1.2119  acc_e=0.00%  lr=2.99e-04  elapsed=0:13:04
[04:11:18][rank0] step= 10000  epoch=2  loss=1.2044  acc_e=0.00%  lr=2.99e-04  elapsed=0:13:31
[04:11:18][rank0] --- Validation @ step 10000 ---
[04:12:23][rank0]   val loss=1.1654  loss_e=0.0000  acc_e=0.00%  acc_l=53.63%
[04:12:23][rank0]   New best val loss=1.1654 -> /scratch/yuvraj17/adaptive_tracing_scratch/adaptive_tracer/logs/transformer_duration_cats9_seq512_382084/model_best.pt
[04:12:23][rank0]   Checkpoint -> /scratch/yuvraj17/adaptive_tracing_scratch/adaptive_tracer/logs/transformer_duration_cats9_seq512_382084/ckpt_0010000.pt
[04:12:51][rank0] step= 10500  epoch=2  loss=1.1928  acc_e=0.00%  lr=2.99e-04  elapsed=0:15:04
[04:13:18][rank0] step= 11000  epoch=2  loss=1.1888  acc_e=0.00%  lr=2.99e-04  elapsed=0:15:31
[04:13:45][rank0] step= 11500  epoch=2  loss=1.1906  acc_e=0.00%  lr=2.99e-04  elapsed=0:15:59
[04:14:12][rank0] step= 12000  epoch=2  loss=1.1909  acc_e=0.00%  lr=2.99e-04  elapsed=0:16:25
[04:14:12][rank0] --- Validation @ step 12000 ---
[04:15:19][rank0]   val loss=1.1548  loss_e=0.0000  acc_e=0.00%  acc_l=53.99%
[04:15:19][rank0]   New best val loss=1.1548 -> /scratch/yuvraj17/adaptive_tracing_scratch/adaptive_tracer/logs/transformer_duration_cats9_seq512_382084/model_best.pt
[04:15:46][rank0] step= 12500  epoch=2  loss=1.1881  acc_e=0.00%  lr=2.99e-04  elapsed=0:18:00
[04:16:14][rank0] step= 13000  epoch=2  loss=1.1856  acc_e=0.00%  lr=2.99e-04  elapsed=0:18:27
[04:16:41][rank0] step= 13500  epoch=2  loss=1.1868  acc_e=0.00%  lr=2.98e-04  elapsed=0:18:54
[04:17:08][rank0] step= 14000  epoch=2  loss=1.1868  acc_e=0.00%  lr=2.98e-04  elapsed=0:19:21
[04:17:08][rank0] --- Validation @ step 14000 ---
[04:18:13][rank0]   val loss=1.1422  loss_e=0.0000  acc_e=0.00%  acc_l=54.38%
[04:18:13][rank0]   New best val loss=1.1422 -> /scratch/yuvraj17/adaptive_tracing_scratch/adaptive_tracer/logs/transformer_duration_cats9_seq512_382084/model_best.pt
[04:18:41][rank0] step= 14500  epoch=2  loss=1.1864  acc_e=0.00%  lr=2.98e-04  elapsed=0:20:54
[04:19:08][rank0] step= 15000  epoch=2  loss=1.1862  acc_e=0.00%  lr=2.98e-04  elapsed=0:21:21
[04:19:35][rank0] step= 15500  epoch=2  loss=1.1846  acc_e=0.00%  lr=2.98e-04  elapsed=0:21:49
[04:20:04][rank0] step= 16000  epoch=2  loss=1.1828  acc_e=0.00%  lr=2.98e-04  elapsed=0:22:17
[04:20:04][rank0] --- Validation @ step 16000 ---
[04:21:10][rank0]   val loss=1.1417  loss_e=0.0000  acc_e=0.00%  acc_l=54.47%
[04:21:10][rank0]   New best val loss=1.1417 -> /scratch/yuvraj17/adaptive_tracing_scratch/adaptive_tracer/logs/transformer_duration_cats9_seq512_382084/model_best.pt
[04:21:37][rank0] step= 16500  epoch=2  loss=1.1812  acc_e=0.00%  lr=2.98e-04  elapsed=0:23:50
[04:22:04][rank0] step= 17000  epoch=2  loss=1.1804  acc_e=0.00%  lr=2.98e-04  elapsed=0:24:17
[04:22:32][rank0] step= 17500  epoch=2  loss=1.1794  acc_e=0.00%  lr=2.97e-04  elapsed=0:24:45
[04:22:59][rank0] step= 18000  epoch=2  loss=1.1787  acc_e=0.00%  lr=2.97e-04  elapsed=0:25:12
[04:22:59][rank0] --- Validation @ step 18000 ---
[04:24:04][rank0]   val loss=1.1340  loss_e=0.0000  acc_e=0.00%  acc_l=54.74%
[04:24:04][rank0]   New best val loss=1.1340 -> /scratch/yuvraj17/adaptive_tracing_scratch/adaptive_tracer/logs/transformer_duration_cats9_seq512_382084/model_best.pt
[04:24:32][rank0] step= 18500  epoch=2  loss=1.1784  acc_e=0.00%  lr=2.97e-04  elapsed=0:26:45
[04:24:45][rank0] Epoch   2/30  loss=1.1777  acc_e=0.00%  acc_l=52.94%  elapsed=0:26:58
[04:24:59][rank0] step= 19000  epoch=3  loss=1.1645  acc_e=0.00%  lr=2.97e-04  elapsed=0:27:12
[04:25:26][rank0] step= 19500  epoch=3  loss=1.1606  acc_e=0.00%  lr=2.97e-04  elapsed=0:27:39
[04:25:54][rank0] step= 20000  epoch=3  loss=1.1547  acc_e=0.00%  lr=2.97e-04  elapsed=0:28:07
[04:25:54][rank0] --- Validation @ step 20000 ---
[04:27:00][rank0]   val loss=1.1349  loss_e=0.0000  acc_e=0.00%  acc_l=54.67%
[04:27:00][rank0]   No improvement count: 1/10
[04:27:00][rank0]   Checkpoint -> /scratch/yuvraj17/adaptive_tracing_scratch/adaptive_tracer/logs/transformer_duration_cats9_seq512_382084/ckpt_0020000.pt
[04:27:27][rank0] step= 20500  epoch=3  loss=1.1542  acc_e=0.00%  lr=2.96e-04  elapsed=0:29:41
[04:27:54][rank0] step= 21000  epoch=3  loss=1.1557  acc_e=0.00%  lr=2.96e-04  elapsed=0:30:08
[04:28:21][rank0] step= 21500  epoch=3  loss=1.1556  acc_e=0.00%  lr=2.96e-04  elapsed=0:30:34
[04:28:49][rank0] step= 22000  epoch=3  loss=1.1544  acc_e=0.00%  lr=2.96e-04  elapsed=0:31:02
[04:28:49][rank0] --- Validation @ step 22000 ---
[04:29:54][rank0]   val loss=1.1289  loss_e=0.0000  acc_e=0.00%  acc_l=54.88%
[04:29:54][rank0]   New best val loss=1.1289 -> /scratch/yuvraj17/adaptive_tracing_scratch/adaptive_tracer/logs/transformer_duration_cats9_seq512_382084/model_best.pt
[04:30:22][rank0] step= 22500  epoch=3  loss=1.1534  acc_e=0.00%  lr=2.96e-04  elapsed=0:32:35
[04:30:48][rank0] step= 23000  epoch=3  loss=1.1552  acc_e=0.00%  lr=2.95e-04  elapsed=0:33:02
[04:31:16][rank0] step= 23500  epoch=3  loss=1.1554  acc_e=0.00%  lr=2.95e-04  elapsed=0:33:29
[04:31:43][rank0] step= 24000  epoch=3  loss=1.1558  acc_e=0.00%  lr=2.95e-04  elapsed=0:33:56
[04:31:43][rank0] --- Validation @ step 24000 ---
[04:32:48][rank0]   val loss=1.1276  loss_e=0.0000  acc_e=0.00%  acc_l=54.93%
[04:32:48][rank0]   New best val loss=1.1276 -> /scratch/yuvraj17/adaptive_tracing_scratch/adaptive_tracer/logs/transformer_duration_cats9_seq512_382084/model_best.pt
[04:33:15][rank0] step= 24500  epoch=3  loss=1.1562  acc_e=0.00%  lr=2.95e-04  elapsed=0:35:28
[04:33:43][rank0] step= 25000  epoch=3  loss=1.1550  acc_e=0.00%  lr=2.95e-04  elapsed=0:35:56
[04:34:11][rank0] step= 25500  epoch=3  loss=1.1538  acc_e=0.00%  lr=2.94e-04  elapsed=0:36:24
[04:34:38][rank0] step= 26000  epoch=3  loss=1.1533  acc_e=0.00%  lr=2.94e-04  elapsed=0:36:51
[04:34:38][rank0] --- Validation @ step 26000 ---
[04:35:43][rank0]   val loss=1.1240  loss_e=0.0000  acc_e=0.00%  acc_l=55.11%
[04:35:43][rank0]   New best val loss=1.1240 -> /scratch/yuvraj17/adaptive_tracing_scratch/adaptive_tracer/logs/transformer_duration_cats9_seq512_382084/model_best.pt
[04:36:11][rank0] step= 26500  epoch=3  loss=1.1529  acc_e=0.00%  lr=2.94e-04  elapsed=0:38:24
[04:36:38][rank0] step= 27000  epoch=3  loss=1.1525  acc_e=0.00%  lr=2.94e-04  elapsed=0:38:51
[04:37:06][rank0] step= 27500  epoch=3  loss=1.1525  acc_e=0.00%  lr=2.93e-04  elapsed=0:39:19
[04:37:33][rank0] step= 28000  epoch=3  loss=1.1524  acc_e=0.00%  lr=2.93e-04  elapsed=0:39:46
[04:37:33][rank0] --- Validation @ step 28000 ---
[04:38:38][rank0]   val loss=1.1282  loss_e=0.0000  acc_e=0.00%  acc_l=54.89%
[04:38:38][rank0]   No improvement count: 1/10
[04:38:45][rank0] Epoch   3/30  loss=1.1522  acc_e=0.00%  acc_l=53.94%  elapsed=0:40:58
[04:39:05][rank0] step= 28500  epoch=4  loss=1.1446  acc_e=0.00%  lr=2.93e-04  elapsed=0:41:19
[04:39:33][rank0] step= 29000  epoch=4  loss=1.1433  acc_e=0.00%  lr=2.93e-04  elapsed=0:41:46
[04:40:00][rank0] step= 29500  epoch=4  loss=1.1381  acc_e=0.00%  lr=2.92e-04  elapsed=0:42:13
[04:40:28][rank0] step= 30000  epoch=4  loss=1.1389  acc_e=0.00%  lr=2.92e-04  elapsed=0:42:41
[04:40:28][rank0] --- Validation @ step 30000 ---
[04:41:33][rank0]   val loss=1.1199  loss_e=0.0000  acc_e=0.00%  acc_l=55.18%
[04:41:33][rank0]   New best val loss=1.1199 -> /scratch/yuvraj17/adaptive_tracing_scratch/adaptive_tracer/logs/transformer_duration_cats9_seq512_382084/model_best.pt
[04:41:33][rank0]   Checkpoint -> /scratch/yuvraj17/adaptive_tracing_scratch/adaptive_tracer/logs/transformer_duration_cats9_seq512_382084/ckpt_0030000.pt
[04:41:59][rank0] step= 30500  epoch=4  loss=1.1406  acc_e=0.00%  lr=2.92e-04  elapsed=0:44:12
[04:42:26][rank0] step= 31000  epoch=4  loss=1.1402  acc_e=0.00%  lr=2.92e-04  elapsed=0:44:40
[04:42:54][rank0] step= 31500  epoch=4  loss=1.1392  acc_e=0.00%  lr=2.91e-04  elapsed=0:45:08
[04:43:22][rank0] step= 32000  epoch=4  loss=1.1392  acc_e=0.00%  lr=2.91e-04  elapsed=0:45:35
[04:43:22][rank0] --- Validation @ step 32000 ---
[04:44:27][rank0]   val loss=1.1176  loss_e=0.0000  acc_e=0.00%  acc_l=55.40%
[04:44:27][rank0]   New best val loss=1.1176 -> /scratch/yuvraj17/adaptive_tracing_scratch/adaptive_tracer/logs/transformer_duration_cats9_seq512_382084/model_best.pt
[04:44:54][rank0] step= 32500  epoch=4  loss=1.1407  acc_e=0.00%  lr=2.91e-04  elapsed=0:47:07
[04:45:21][rank0] step= 33000  epoch=4  loss=1.1407  acc_e=0.00%  lr=2.90e-04  elapsed=0:47:34
[04:45:48][rank0] step= 33500  epoch=4  loss=1.1416  acc_e=0.00%  lr=2.90e-04  elapsed=0:48:01
[04:46:15][rank0] step= 34000  epoch=4  loss=1.1418  acc_e=0.00%  lr=2.90e-04  elapsed=0:48:28
[04:46:15][rank0] --- Validation @ step 34000 ---
[04:47:20][rank0]   val loss=1.1155  loss_e=0.0000  acc_e=0.00%  acc_l=55.41%
[04:47:20][rank0]   New best val loss=1.1155 -> /scratch/yuvraj17/adaptive_tracing_scratch/adaptive_tracer/logs/transformer_duration_cats9_seq512_382084/model_best.pt
[04:47:48][rank0] step= 34500  epoch=4  loss=1.1410  acc_e=0.00%  lr=2.90e-04  elapsed=0:50:01
[04:48:16][rank0] step= 35000  epoch=4  loss=1.1398  acc_e=0.00%  lr=2.89e-04  elapsed=0:50:29
[04:48:43][rank0] step= 35500  epoch=4  loss=1.1397  acc_e=0.00%  lr=2.89e-04  elapsed=0:50:56
[04:49:11][rank0] step= 36000  epoch=4  loss=1.1395  acc_e=0.00%  lr=2.89e-04  elapsed=0:51:24
[04:49:11][rank0] --- Validation @ step 36000 ---
[04:50:16][rank0]   val loss=1.1153  loss_e=0.0000  acc_e=0.00%  acc_l=55.37%
[04:50:16][rank0]   New best val loss=1.1153 -> /scratch/yuvraj17/adaptive_tracing_scratch/adaptive_tracer/logs/transformer_duration_cats9_seq512_382084/model_best.pt
[04:50:43][rank0] step= 36500  epoch=4  loss=1.1393  acc_e=0.00%  lr=2.88e-04  elapsed=0:52:57
[04:51:10][rank0] step= 37000  epoch=4  loss=1.1397  acc_e=0.00%  lr=2.88e-04  elapsed=0:53:24
[04:51:38][rank0] Epoch   4/30  loss=1.1393  acc_e=0.00%  acc_l=54.44%  elapsed=0:53:51
[04:51:38][rank0] step= 37500  epoch=5  loss=1.1157  acc_e=0.00%  lr=2.88e-04  elapsed=0:53:52
[04:52:06][rank0] step= 38000  epoch=5  loss=1.1350  acc_e=0.00%  lr=2.87e-04  elapsed=0:54:19
[04:52:06][rank0] --- Validation @ step 38000 ---
[04:53:11][rank0]   val loss=1.1135  loss_e=0.0000  acc_e=0.00%  acc_l=55.47%
[04:53:11][rank0]   New best val loss=1.1135 -> /scratch/yuvraj17/adaptive_tracing_scratch/adaptive_tracer/logs/transformer_duration_cats9_seq512_382084/model_best.pt
[04:53:38][rank0] step= 38500  epoch=5  loss=1.1322  acc_e=0.00%  lr=2.87e-04  elapsed=0:55:52
[04:54:06][rank0] step= 39000  epoch=5  loss=1.1283  acc_e=0.00%  lr=2.87e-04  elapsed=0:56:19
[04:54:33][rank0] step= 39500  epoch=5  loss=1.1301  acc_e=0.00%  lr=2.86e-04  elapsed=0:56:46
[04:55:00][rank0] step= 40000  epoch=5  loss=1.1312  acc_e=0.00%  lr=2.86e-04  elapsed=0:57:13
[04:55:00][rank0] --- Validation @ step 40000 ---
[04:56:10][rank0]   val loss=1.1115  loss_e=0.0000  acc_e=0.00%  acc_l=55.59%
[04:56:10][rank0]   New best val loss=1.1115 -> /scratch/yuvraj17/adaptive_tracing_scratch/adaptive_tracer/logs/transformer_duration_cats9_seq512_382084/model_best.pt
[04:56:10][rank0]   Checkpoint -> /scratch/yuvraj17/adaptive_tracing_scratch/adaptive_tracer/logs/transformer_duration_cats9_seq512_382084/ckpt_0040000.pt
[04:56:38][rank0] step= 40500  epoch=5  loss=1.1307  acc_e=0.00%  lr=2.86e-04  elapsed=0:58:51
[04:57:06][rank0] step= 41000  epoch=5  loss=1.1298  acc_e=0.00%  lr=2.85e-04  elapsed=0:59:19
[04:57:33][rank0] step= 41500  epoch=5  loss=1.1307  acc_e=0.00%  lr=2.85e-04  elapsed=0:59:46
[04:58:00][rank0] step= 42000  epoch=5  loss=1.1320  acc_e=0.00%  lr=2.85e-04  elapsed=1:00:13
[04:58:00][rank0] --- Validation @ step 42000 ---
[04:59:05][rank0]   val loss=1.1101  loss_e=0.0000  acc_e=0.00%  acc_l=55.61%
[04:59:05][rank0]   New best val loss=1.1101 -> /scratch/yuvraj17/adaptive_tracing_scratch/adaptive_tracer/logs/transformer_duration_cats9_seq512_382084/model_best.pt
[04:59:33][rank0] step= 42500  epoch=5  loss=1.1322  acc_e=0.00%  lr=2.84e-04  elapsed=1:01:46
[05:00:00][rank0] step= 43000  epoch=5  loss=1.1329  acc_e=0.00%  lr=2.84e-04  elapsed=1:02:13
[05:00:27][rank0] step= 43500  epoch=5  loss=1.1327  acc_e=0.00%  lr=2.83e-04  elapsed=1:02:40
[05:00:55][rank0] step= 44000  epoch=5  loss=1.1321  acc_e=0.00%  lr=2.83e-04  elapsed=1:03:08
[05:00:55][rank0] --- Validation @ step 44000 ---
[05:02:00][rank0]   val loss=1.1091  loss_e=0.0000  acc_e=0.00%  acc_l=55.78%
[05:02:00][rank0]   New best val loss=1.1091 -> /scratch/yuvraj17/adaptive_tracing_scratch/adaptive_tracer/logs/transformer_duration_cats9_seq512_382084/model_best.pt
[05:02:27][rank0] step= 44500  epoch=5  loss=1.1311  acc_e=0.00%  lr=2.83e-04  elapsed=1:04:41
[05:02:54][rank0] step= 45000  epoch=5  loss=1.1311  acc_e=0.00%  lr=2.82e-04  elapsed=1:05:08
[05:03:22][rank0] step= 45500  epoch=5  loss=1.1310  acc_e=0.00%  lr=2.82e-04  elapsed=1:05:35
[05:03:50][rank0] step= 46000  epoch=5  loss=1.1310  acc_e=0.00%  lr=2.82e-04  elapsed=1:06:03
[05:03:50][rank0] --- Validation @ step 46000 ---
[05:04:55][rank0]   val loss=1.1085  loss_e=0.0000  acc_e=0.00%  acc_l=55.64%
[05:04:55][rank0]   New best val loss=1.1085 -> /scratch/yuvraj17/adaptive_tracing_scratch/adaptive_tracer/logs/transformer_duration_cats9_seq512_382084/model_best.pt
[05:05:22][rank0] step= 46500  epoch=5  loss=1.1315  acc_e=0.00%  lr=2.81e-04  elapsed=1:07:35
[05:05:43][rank0] Epoch   5/30  loss=1.1311  acc_e=0.00%  acc_l=54.77%  elapsed=1:07:56
[05:05:50][rank0] step= 47000  epoch=6  loss=1.1288  acc_e=0.00%  lr=2.81e-04  elapsed=1:08:03
[05:06:17][rank0] step= 47500  epoch=6  loss=1.1280  acc_e=0.00%  lr=2.80e-04  elapsed=1:08:30
[05:06:45][rank0] step= 48000  epoch=6  loss=1.1235  acc_e=0.00%  lr=2.80e-04  elapsed=1:08:58
[05:06:45][rank0] --- Validation @ step 48000 ---
[05:07:50][rank0]   val loss=1.1078  loss_e=0.0000  acc_e=0.00%  acc_l=55.72%
[05:07:50][rank0]   New best val loss=1.1078 -> /scratch/yuvraj17/adaptive_tracing_scratch/adaptive_tracer/logs/transformer_duration_cats9_seq512_382084/model_best.pt
[05:08:18][rank0] step= 48500  epoch=6  loss=1.1222  acc_e=0.00%  lr=2.79e-04  elapsed=1:10:31
[05:08:45][rank0] step= 49000  epoch=6  loss=1.1243  acc_e=0.00%  lr=2.79e-04  elapsed=1:10:58
[05:09:12][rank0] step= 49500  epoch=6  loss=1.1251  acc_e=0.00%  lr=2.79e-04  elapsed=1:11:25
[05:09:40][rank0] step= 50000  epoch=6  loss=1.1240  acc_e=0.00%  lr=2.78e-04  elapsed=1:11:53
[05:09:40][rank0] --- Validation @ step 50000 ---
[05:10:45][rank0]   val loss=1.1089  loss_e=0.0000  acc_e=0.00%  acc_l=55.58%
[05:10:45][rank0]   No improvement count: 1/10
[05:10:45][rank0]   Checkpoint -> /scratch/yuvraj17/adaptive_tracing_scratch/adaptive_tracer/logs/transformer_duration_cats9_seq512_382084/ckpt_0050000.pt
[05:11:13][rank0] step= 50500  epoch=6  loss=1.1232  acc_e=0.00%  lr=2.78e-04  elapsed=1:13:26
[05:11:39][rank0] step= 51000  epoch=6  loss=1.1247  acc_e=0.00%  lr=2.77e-04  elapsed=1:13:52
[05:12:06][rank0] step= 51500  epoch=6  loss=1.1256  acc_e=0.00%  lr=2.77e-04  elapsed=1:14:19
[05:12:33][rank0] step= 52000  epoch=6  loss=1.1260  acc_e=0.00%  lr=2.76e-04  elapsed=1:14:46
[05:12:33][rank0] --- Validation @ step 52000 ---
[05:13:38][rank0]   val loss=1.1075  loss_e=0.0000  acc_e=0.00%  acc_l=55.72%
[05:13:38][rank0]   New best val loss=1.1075 -> /scratch/yuvraj17/adaptive_tracing_scratch/adaptive_tracer/logs/transformer_duration_cats9_seq512_382084/model_best.pt
[05:14:05][rank0] step= 52500  epoch=6  loss=1.1267  acc_e=0.00%  lr=2.76e-04  elapsed=1:16:18
[05:14:33][rank0] step= 53000  epoch=6  loss=1.1263  acc_e=0.00%  lr=2.76e-04  elapsed=1:16:46
[05:15:01][rank0] step= 53500  epoch=6  loss=1.1257  acc_e=0.00%  lr=2.75e-04  elapsed=1:17:14
[05:15:28][rank0] step= 54000  epoch=6  loss=1.1252  acc_e=0.00%  lr=2.75e-04  elapsed=1:17:41
[05:15:28][rank0] --- Validation @ step 54000 ---
[05:16:34][rank0]   val loss=1.1064  loss_e=0.0000  acc_e=0.00%  acc_l=55.84%
[05:16:34][rank0]   New best val loss=1.1064 -> /scratch/yuvraj17/adaptive_tracing_scratch/adaptive_tracer/logs/transformer_duration_cats9_seq512_382084/model_best.pt
[05:17:01][rank0] step= 54500  epoch=6  loss=1.1250  acc_e=0.00%  lr=2.74e-04  elapsed=1:19:14
[05:17:29][rank0] step= 55000  epoch=6  loss=1.1251  acc_e=0.00%  lr=2.74e-04  elapsed=1:19:42
[05:17:56][rank0] step= 55500  epoch=6  loss=1.1251  acc_e=0.00%  lr=2.73e-04  elapsed=1:20:09
[05:18:23][rank0] step= 56000  epoch=6  loss=1.1256  acc_e=0.00%  lr=2.73e-04  elapsed=1:20:37
[05:18:23][rank0] --- Validation @ step 56000 ---
[05:19:35][rank0]   val loss=1.1053  loss_e=0.0000  acc_e=0.00%  acc_l=55.87%
[05:19:35][rank0]   New best val loss=1.1053 -> /scratch/yuvraj17/adaptive_tracing_scratch/adaptive_tracer/logs/transformer_duration_cats9_seq512_382084/model_best.pt
[05:19:48][rank0] Epoch   6/30  loss=1.1253  acc_e=0.00%  acc_l=55.00%  elapsed=1:22:01
[05:20:01][rank0] step= 56500  epoch=7  loss=1.1222  acc_e=0.00%  lr=2.72e-04  elapsed=1:22:15
[05:20:28][rank0] step= 57000  epoch=7  loss=1.1214  acc_e=0.00%  lr=2.72e-04  elapsed=1:22:41
[05:20:56][rank0] step= 57500  epoch=7  loss=1.1178  acc_e=0.00%  lr=2.71e-04  elapsed=1:23:09
[05:21:23][rank0] step= 58000  epoch=7  loss=1.1181  acc_e=0.00%  lr=2.71e-04  elapsed=1:23:36
[05:21:23][rank0] --- Validation @ step 58000 ---
[05:22:28][rank0]   val loss=1.1049  loss_e=0.0000  acc_e=0.00%  acc_l=55.91%
[05:22:28][rank0]   New best val loss=1.1049 -> /scratch/yuvraj17/adaptive_tracing_scratch/adaptive_tracer/logs/transformer_duration_cats9_seq512_382084/model_best.pt
[05:22:55][rank0] step= 58500  epoch=7  loss=1.1195  acc_e=0.00%  lr=2.70e-04  elapsed=1:25:08
[05:23:22][rank0] step= 59000  epoch=7  loss=1.1194  acc_e=0.00%  lr=2.70e-04  elapsed=1:25:35
[05:23:50][rank0] step= 59500  epoch=7  loss=1.1190  acc_e=0.00%  lr=2.69e-04  elapsed=1:26:03
[05:24:18][rank0] step= 60000  epoch=7  loss=1.1186  acc_e=0.00%  lr=2.69e-04  elapsed=1:26:31
[05:24:18][rank0] --- Validation @ step 60000 ---
[05:25:23][rank0]   val loss=1.1033  loss_e=0.0000  acc_e=0.00%  acc_l=55.95%
[05:25:23][rank0]   New best val loss=1.1033 -> /scratch/yuvraj17/adaptive_tracing_scratch/adaptive_tracer/logs/transformer_duration_cats9_seq512_382084/model_best.pt
[05:25:23][rank0]   Checkpoint -> /scratch/yuvraj17/adaptive_tracing_scratch/adaptive_tracer/logs/transformer_duration_cats9_seq512_382084/ckpt_0060000.pt
[05:25:49][rank0] step= 60500  epoch=7  loss=1.1201  acc_e=0.00%  lr=2.68e-04  elapsed=1:28:03
[05:26:17][rank0] step= 61000  epoch=7  loss=1.1208  acc_e=0.00%  lr=2.68e-04  elapsed=1:28:30
[05:26:44][rank0] step= 61500  epoch=7  loss=1.1213  acc_e=0.00%  lr=2.67e-04  elapsed=1:28:58
[05:27:11][rank0] step= 62000  epoch=7  loss=1.1220  acc_e=0.00%  lr=2.67e-04  elapsed=1:29:25
[05:27:11][rank0] --- Validation @ step 62000 ---
[05:28:17][rank0]   val loss=1.1038  loss_e=0.0000  acc_e=0.00%  acc_l=55.88%
[05:28:17][rank0]   No improvement count: 1/10
[05:28:44][rank0] step= 62500  epoch=7  loss=1.1214  acc_e=0.00%  lr=2.66e-04  elapsed=1:30:57
[05:29:12][rank0] step= 63000  epoch=7  loss=1.1207  acc_e=0.00%  lr=2.66e-04  elapsed=1:31:25
[05:29:39][rank0] step= 63500  epoch=7  loss=1.1205  acc_e=0.00%  lr=2.65e-04  elapsed=1:31:52
[05:30:06][rank0] step= 64000  epoch=7  loss=1.1204  acc_e=0.00%  lr=2.65e-04  elapsed=1:32:20
[05:30:06][rank0] --- Validation @ step 64000 ---
[05:31:12][rank0]   val loss=1.1033  loss_e=0.0000  acc_e=0.00%  acc_l=55.86%
[05:31:12][rank0]   New best val loss=1.1033 -> /scratch/yuvraj17/adaptive_tracing_scratch/adaptive_tracer/logs/transformer_duration_cats9_seq512_382084/model_best.pt
[05:31:40][rank0] step= 64500  epoch=7  loss=1.1205  acc_e=0.00%  lr=2.64e-04  elapsed=1:33:53
[05:32:07][rank0] step= 65000  epoch=7  loss=1.1207  acc_e=0.00%  lr=2.64e-04  elapsed=1:34:20
[05:32:34][rank0] step= 65500  epoch=7  loss=1.1209  acc_e=0.00%  lr=2.63e-04  elapsed=1:34:47
[05:32:40][rank0] Epoch   7/30  loss=1.1207  acc_e=0.00%  acc_l=55.19%  elapsed=1:34:53
[05:33:01][rank0] step= 66000  epoch=8  loss=1.1176  acc_e=0.00%  lr=2.63e-04  elapsed=1:35:14
[05:33:01][rank0] --- Validation @ step 66000 ---
[05:34:06][rank0]   val loss=1.1005  loss_e=0.0000  acc_e=0.00%  acc_l=56.10%
[05:34:06][rank0]   New best val loss=1.1005 -> /scratch/yuvraj17/adaptive_tracing_scratch/adaptive_tracer/logs/transformer_duration_cats9_seq512_382084/model_best.pt
[05:34:34][rank0] step= 66500  epoch=8  loss=1.1169  acc_e=0.00%  lr=2.62e-04  elapsed=1:36:47
[05:35:02][rank0] step= 67000  epoch=8  loss=1.1129  acc_e=0.00%  lr=2.62e-04  elapsed=1:37:15
[05:35:30][rank0] step= 67500  epoch=8  loss=1.1142  acc_e=0.00%  lr=2.61e-04  elapsed=1:37:43
[05:35:57][rank0] step= 68000  epoch=8  loss=1.1158  acc_e=0.00%  lr=2.60e-04  elapsed=1:38:10
[05:35:57][rank0] --- Validation @ step 68000 ---
[05:37:02][rank0]   val loss=1.1002  loss_e=0.0000  acc_e=0.00%  acc_l=56.15%
[05:37:02][rank0]   New best val loss=1.1002 -> /scratch/yuvraj17/adaptive_tracing_scratch/adaptive_tracer/logs/transformer_duration_cats9_seq512_382084/model_best.pt
[05:37:29][rank0] step= 68500  epoch=8  loss=1.1154  acc_e=0.00%  lr=2.60e-04  elapsed=1:39:43
[05:37:57][rank0] step= 69000  epoch=8  loss=1.1148  acc_e=0.00%  lr=2.59e-04  elapsed=1:40:10
[05:38:25][rank0] step= 69500  epoch=8  loss=1.1151  acc_e=0.00%  lr=2.59e-04  elapsed=1:40:38
[05:38:51][rank0] step= 70000  epoch=8  loss=1.1164  acc_e=0.00%  lr=2.58e-04  elapsed=1:41:04
[05:38:51][rank0] --- Validation @ step 70000 ---
[05:39:56][rank0]   val loss=1.0988  loss_e=0.0000  acc_e=0.00%  acc_l=56.17%
[05:39:56][rank0]   New best val loss=1.0988 -> /scratch/yuvraj17/adaptive_tracing_scratch/adaptive_tracer/logs/transformer_duration_cats9_seq512_382084/model_best.pt
[05:39:56][rank0]   Checkpoint -> /scratch/yuvraj17/adaptive_tracing_scratch/adaptive_tracer/logs/transformer_duration_cats9_seq512_382084/ckpt_0070000.pt
[05:40:24][rank0] step= 70500  epoch=8  loss=1.1166  acc_e=0.00%  lr=2.58e-04  elapsed=1:42:37
[05:40:51][rank0] step= 71000  epoch=8  loss=1.1175  acc_e=0.00%  lr=2.57e-04  elapsed=1:43:04
[05:41:18][rank0] step= 71500  epoch=8  loss=1.1180  acc_e=0.00%  lr=2.56e-04  elapsed=1:43:31
[05:41:45][rank0] step= 72000  epoch=8  loss=1.1174  acc_e=0.00%  lr=2.56e-04  elapsed=1:43:58
[05:41:45][rank0] --- Validation @ step 72000 ---
[05:42:54][rank0]   val loss=1.0986  loss_e=0.0000  acc_e=0.00%  acc_l=56.20%
[05:42:54][rank0]   New best val loss=1.0986 -> /scratch/yuvraj17/adaptive_tracing_scratch/adaptive_tracer/logs/transformer_duration_cats9_seq512_382084/model_best.pt
[05:43:22][rank0] step= 72500  epoch=8  loss=1.1166  acc_e=0.00%  lr=2.55e-04  elapsed=1:45:35
[05:43:49][rank0] step= 73000  epoch=8  loss=1.1165  acc_e=0.00%  lr=2.55e-04  elapsed=1:46:02
[05:44:16][rank0] step= 73500  epoch=8  loss=1.1165  acc_e=0.00%  lr=2.54e-04  elapsed=1:46:29
[05:44:44][rank0] step= 74000  epoch=8  loss=1.1165  acc_e=0.00%  lr=2.53e-04  elapsed=1:46:57
[05:44:44][rank0] --- Validation @ step 74000 ---
[05:45:49][rank0]   val loss=1.0984  loss_e=0.0000  acc_e=0.00%  acc_l=56.05%
[05:45:49][rank0]   New best val loss=1.0984 -> /scratch/yuvraj17/adaptive_tracing_scratch/adaptive_tracer/logs/transformer_duration_cats9_seq512_382084/model_best.pt
[05:46:15][rank0] step= 74500  epoch=8  loss=1.1170  acc_e=0.00%  lr=2.53e-04  elapsed=1:48:29
[05:46:42][rank0] Epoch   8/30  loss=1.1168  acc_e=0.00%  acc_l=55.34%  elapsed=1:48:56
[05:46:43][rank0] step= 75000  epoch=9  loss=1.1045  acc_e=0.00%  lr=2.52e-04  elapsed=1:48:56
[05:47:10][rank0] step= 75500  epoch=9  loss=1.1145  acc_e=0.00%  lr=2.52e-04  elapsed=1:49:23
[05:47:38][rank0] step= 76000  epoch=9  loss=1.1130  acc_e=0.00%  lr=2.51e-04  elapsed=1:49:51
[05:47:38][rank0] --- Validation @ step 76000 ---
[05:48:43][rank0]   val loss=1.0976  loss_e=0.0000  acc_e=0.00%  acc_l=56.25%
[05:48:43][rank0]   New best val loss=1.0976 -> /scratch/yuvraj17/adaptive_tracing_scratch/adaptive_tracer/logs/transformer_duration_cats9_seq512_382084/model_best.pt
[05:49:10][rank0] step= 76500  epoch=9  loss=1.1096  acc_e=0.00%  lr=2.50e-04  elapsed=1:51:23
[05:49:37][rank0] step= 77000  epoch=9  loss=1.1114  acc_e=0.00%  lr=2.50e-04  elapsed=1:51:50
[05:50:04][rank0] step= 77500  epoch=9  loss=1.1124  acc_e=0.00%  lr=2.49e-04  elapsed=1:52:17
[05:50:32][rank0] step= 78000  epoch=9  loss=1.1120  acc_e=0.00%  lr=2.49e-04  elapsed=1:52:45
[05:50:32][rank0] --- Validation @ step 78000 ---
[05:51:37][rank0]   val loss=1.0983  loss_e=0.0000  acc_e=0.00%  acc_l=56.09%
[05:51:37][rank0]   No improvement count: 1/10
[05:52:05][rank0] step= 78500  epoch=9  loss=1.1113  acc_e=0.00%  lr=2.48e-04  elapsed=1:54:18
[05:52:32][rank0] step= 79000  epoch=9  loss=1.1122  acc_e=0.00%  lr=2.47e-04  elapsed=1:54:45
[05:52:58][rank0] step= 79500  epoch=9  loss=1.1134  acc_e=0.00%  lr=2.47e-04  elapsed=1:55:12
[05:53:26][rank0] step= 80000  epoch=9  loss=1.1138  acc_e=0.00%  lr=2.46e-04  elapsed=1:55:40
[05:53:26][rank0] --- Validation @ step 80000 ---
[05:54:32][rank0]   val loss=1.0992  loss_e=0.0000  acc_e=0.00%  acc_l=56.07%
[05:54:32][rank0]   No improvement count: 2/10
[05:54:32][rank0]   Checkpoint -> /scratch/yuvraj17/adaptive_tracing_scratch/adaptive_tracer/logs/transformer_duration_cats9_seq512_382084/ckpt_0080000.pt
[05:54:58][rank0] step= 80500  epoch=9  loss=1.1146  acc_e=0.00%  lr=2.45e-04  elapsed=1:57:11
[05:55:25][rank0] step= 81000  epoch=9  loss=1.1145  acc_e=0.00%  lr=2.45e-04  elapsed=1:57:39
[05:55:53][rank0] step= 81500  epoch=9  loss=1.1141  acc_e=0.00%  lr=2.44e-04  elapsed=1:58:06
[05:56:21][rank0] step= 82000  epoch=9  loss=1.1132  acc_e=0.00%  lr=2.44e-04  elapsed=1:58:34
[05:56:21][rank0] --- Validation @ step 82000 ---
[05:57:29][rank0]   val loss=1.0985  loss_e=0.0000  acc_e=0.00%  acc_l=56.21%
[05:57:29][rank0]   No improvement count: 3/10
[05:57:56][rank0] step= 82500  epoch=9  loss=1.1133  acc_e=0.00%  lr=2.43e-04  elapsed=2:00:09
[05:58:23][rank0] step= 83000  epoch=9  loss=1.1134  acc_e=0.00%  lr=2.42e-04  elapsed=2:00:36
[05:58:50][rank0] step= 83500  epoch=9  loss=1.1135  acc_e=0.00%  lr=2.42e-04  elapsed=2:01:03
[05:59:17][rank0] step= 84000  epoch=9  loss=1.1141  acc_e=0.00%  lr=2.41e-04  elapsed=2:01:30
[05:59:17][rank0] --- Validation @ step 84000 ---
[06:00:22][rank0]   val loss=1.0977  loss_e=0.0000  acc_e=0.00%  acc_l=56.19%
[06:00:22][rank0]   No improvement count: 4/10
[06:00:43][rank0] Epoch   9/30  loss=1.1138  acc_e=0.00%  acc_l=55.46%  elapsed=2:02:56
[06:00:50][rank0] step= 84500  epoch=10  loss=1.1136  acc_e=0.00%  lr=2.40e-04  elapsed=2:03:03
[06:01:17][rank0] step= 85000  epoch=10  loss=1.1116  acc_e=0.00%  lr=2.40e-04  elapsed=2:03:30
[06:01:45][rank0] step= 85500  epoch=10  loss=1.1080  acc_e=0.00%  lr=2.39e-04  elapsed=2:03:58
[06:02:12][rank0] step= 86000  epoch=10  loss=1.1072  acc_e=0.00%  lr=2.38e-04  elapsed=2:04:25
[06:02:12][rank0] --- Validation @ step 86000 ---
[06:03:17][rank0]   val loss=1.0957  loss_e=0.0000  acc_e=0.00%  acc_l=56.37%
[06:03:17][rank0]   New best val loss=1.0957 -> /scratch/yuvraj17/adaptive_tracing_scratch/adaptive_tracer/logs/transformer_duration_cats9_seq512_382084/model_best.pt
[06:03:44][rank0] step= 86500  epoch=10  loss=1.1092  acc_e=0.00%  lr=2.38e-04  elapsed=2:05:57
[06:04:11][rank0] step= 87000  epoch=10  loss=1.1099  acc_e=0.00%  lr=2.37e-04  elapsed=2:06:24
[06:04:39][rank0] step= 87500  epoch=10  loss=1.1090  acc_e=0.00%  lr=2.36e-04  elapsed=2:06:52
[06:05:07][rank0] step= 88000  epoch=10  loss=1.1084  acc_e=0.00%  lr=2.36e-04  elapsed=2:07:20
[06:05:07][rank0] --- Validation @ step 88000 ---
[06:06:12][rank0]   val loss=1.0949  loss_e=0.0000  acc_e=0.00%  acc_l=56.26%
[06:06:12][rank0]   New best val loss=1.0949 -> /scratch/yuvraj17/adaptive_tracing_scratch/adaptive_tracer/logs/transformer_duration_cats9_seq512_382084/model_best.pt
[06:06:39][rank0] step= 88500  epoch=10  loss=1.1098  acc_e=0.00%  lr=2.35e-04  elapsed=2:08:52
[06:07:06][rank0] step= 89000  epoch=10  loss=1.1107  acc_e=0.00%  lr=2.34e-04  elapsed=2:09:19
[06:07:34][rank0] step= 89500  epoch=10  loss=1.1111  acc_e=0.00%  lr=2.34e-04  elapsed=2:09:47
[06:08:01][rank0] step= 90000  epoch=10  loss=1.1120  acc_e=0.00%  lr=2.33e-04  elapsed=2:10:14
[06:08:01][rank0] --- Validation @ step 90000 ---
[06:09:10][rank0]   val loss=1.0942  loss_e=0.0000  acc_e=0.00%  acc_l=56.28%
[06:09:10][rank0]   New best val loss=1.0942 -> /scratch/yuvraj17/adaptive_tracing_scratch/adaptive_tracer/logs/transformer_duration_cats9_seq512_382084/model_best.pt
[06:09:10][rank0]   Checkpoint -> /scratch/yuvraj17/adaptive_tracing_scratch/adaptive_tracer/logs/transformer_duration_cats9_seq512_382084/ckpt_0090000.pt
[06:09:38][rank0] step= 90500  epoch=10  loss=1.1116  acc_e=0.00%  lr=2.32e-04  elapsed=2:11:51
[06:10:06][rank0] step= 91000  epoch=10  loss=1.1112  acc_e=0.00%  lr=2.32e-04  elapsed=2:12:19
[06:10:34][rank0] step= 91500  epoch=10  loss=1.1107  acc_e=0.00%  lr=2.31e-04  elapsed=2:12:47
[06:11:01][rank0] step= 92000  epoch=10  loss=1.1106  acc_e=0.00%  lr=2.30e-04  elapsed=2:13:14
[06:11:01][rank0] --- Validation @ step 92000 ---
[06:12:06][rank0]   val loss=1.0965  loss_e=0.0000  acc_e=0.00%  acc_l=56.18%
[06:12:06][rank0]   No improvement count: 1/10
[06:12:34][rank0] step= 92500  epoch=10  loss=1.1107  acc_e=0.00%  lr=2.29e-04  elapsed=2:14:47
[06:13:01][rank0] step= 93000  epoch=10  loss=1.1108  acc_e=0.00%  lr=2.29e-04  elapsed=2:15:14
[06:13:28][rank0] step= 93500  epoch=10  loss=1.1114  acc_e=0.00%  lr=2.28e-04  elapsed=2:15:41
[06:13:42][rank0] Epoch  10/30  loss=1.1111  acc_e=0.00%  acc_l=55.57%  elapsed=2:15:55
[06:13:56][rank0] step= 94000  epoch=11  loss=1.1092  acc_e=0.00%  lr=2.27e-04  elapsed=2:16:09
[06:13:56][rank0] --- Validation @ step 94000 ---
[06:15:01][rank0]   val loss=1.0951  loss_e=0.0000  acc_e=0.00%  acc_l=56.30%
[06:15:01][rank0]   No improvement count: 2/10
[06:15:28][rank0] step= 94500  epoch=11  loss=1.1084  acc_e=0.00%  lr=2.27e-04  elapsed=2:17:41
[06:15:56][rank0] step= 95000  epoch=11  loss=1.1051  acc_e=0.00%  lr=2.26e-04  elapsed=2:18:09
[06:16:23][rank0] step= 95500  epoch=11  loss=1.1056  acc_e=0.00%  lr=2.25e-04  elapsed=2:18:36
[06:16:50][rank0] step= 96000  epoch=11  loss=1.1071  acc_e=0.00%  lr=2.25e-04  elapsed=2:19:03
[06:16:50][rank0] --- Validation @ step 96000 ---
[06:17:55][rank0]   val loss=1.0931  loss_e=0.0000  acc_e=0.00%  acc_l=56.42%
[06:17:55][rank0]   New best val loss=1.0931 -> /scratch/yuvraj17/adaptive_tracing_scratch/adaptive_tracer/logs/transformer_duration_cats9_seq512_382084/model_best.pt
[06:18:22][rank0] step= 96500  epoch=11  loss=1.1068  acc_e=0.00%  lr=2.24e-04  elapsed=2:20:35
[06:18:50][rank0] step= 97000  epoch=11  loss=1.1065  acc_e=0.00%  lr=2.23e-04  elapsed=2:21:03
[06:19:18][rank0] step= 97500  epoch=11  loss=1.1062  acc_e=0.00%  lr=2.22e-04  elapsed=2:21:31
[06:19:44][rank0] step= 98000  epoch=11  loss=1.1077  acc_e=0.00%  lr=2.22e-04  elapsed=2:21:58
[06:19:44][rank0] --- Validation @ step 98000 ---
[06:20:50][rank0]   val loss=1.0943  loss_e=0.0000  acc_e=0.00%  acc_l=56.24%
[06:20:50][rank0]   No improvement count: 1/10
[06:21:17][rank0] step= 98500  epoch=11  loss=1.1083  acc_e=0.00%  lr=2.21e-04  elapsed=2:23:30
[06:21:44][rank0] step= 99000  epoch=11  loss=1.1088  acc_e=0.00%  lr=2.20e-04  elapsed=2:23:57
[06:22:11][rank0] step= 99500  epoch=11  loss=1.1096  acc_e=0.00%  lr=2.20e-04  elapsed=2:24:24
[06:22:39][rank0] step=100000  epoch=11  loss=1.1091  acc_e=0.00%  lr=2.19e-04  elapsed=2:24:52
[06:22:39][rank0] --- Validation @ step 100000 ---
[06:23:44][rank0]   val loss=1.0930  loss_e=0.0000  acc_e=0.00%  acc_l=56.30%
[06:23:44][rank0]   New best val loss=1.0930 -> /scratch/yuvraj17/adaptive_tracing_scratch/adaptive_tracer/logs/transformer_duration_cats9_seq512_382084/model_best.pt
[06:23:44][rank0]   Checkpoint -> /scratch/yuvraj17/adaptive_tracing_scratch/adaptive_tracer/logs/transformer_duration_cats9_seq512_382084/ckpt_0100000.pt
[06:24:12][rank0] step=100500  epoch=11  loss=1.1085  acc_e=0.00%  lr=2.18e-04  elapsed=2:26:25
[06:24:39][rank0] step=101000  epoch=11  loss=1.1084  acc_e=0.00%  lr=2.17e-04  elapsed=2:26:52
[06:25:06][rank0] step=101500  epoch=11  loss=1.1083  acc_e=0.00%  lr=2.17e-04  elapsed=2:27:19
[06:25:34][rank0] step=102000  epoch=11  loss=1.1084  acc_e=0.00%  lr=2.16e-04  elapsed=2:27:47
[06:25:34][rank0] --- Validation @ step 102000 ---
[06:26:39][rank0]   val loss=1.0943  loss_e=0.0000  acc_e=0.00%  acc_l=56.27%
[06:26:39][rank0]   No improvement count: 1/10
[06:27:06][rank0] step=102500  epoch=11  loss=1.1086  acc_e=0.00%  lr=2.15e-04  elapsed=2:29:19
[06:27:33][rank0] step=103000  epoch=11  loss=1.1089  acc_e=0.00%  lr=2.14e-04  elapsed=2:29:46
[06:27:39][rank0] Epoch  11/30  loss=1.1087  acc_e=0.00%  acc_l=55.66%  elapsed=2:29:52
[06:28:00][rank0] step=103500  epoch=12  loss=1.1062  acc_e=0.00%  lr=2.14e-04  elapsed=2:30:13
[06:28:27][rank0] step=104000  epoch=12  loss=1.1059  acc_e=0.00%  lr=2.13e-04  elapsed=2:30:40
[06:28:27][rank0] --- Validation @ step 104000 ---
[06:29:32][rank0]   val loss=1.0927  loss_e=0.0000  acc_e=0.00%  acc_l=56.47%
[06:29:32][rank0]   New best val loss=1.0927 -> /scratch/yuvraj17/adaptive_tracing_scratch/adaptive_tracer/logs/transformer_duration_cats9_seq512_382084/model_best.pt
[06:30:00][rank0] step=104500  epoch=12  loss=1.1022  acc_e=0.00%  lr=2.12e-04  elapsed=2:32:13
[06:30:28][rank0] step=105000  epoch=12  loss=1.1037  acc_e=0.00%  lr=2.11e-04  elapsed=2:32:42
[06:30:55][rank0] step=105500  epoch=12  loss=1.1051  acc_e=0.00%  lr=2.11e-04  elapsed=2:33:08
[06:31:23][rank0] step=106000  epoch=12  loss=1.1046  acc_e=0.00%  lr=2.10e-04  elapsed=2:33:36
[06:31:23][rank0] --- Validation @ step 106000 ---
[06:32:28][rank0]   val loss=1.0920  loss_e=0.0000  acc_e=0.00%  acc_l=56.44%
[06:32:28][rank0]   New best val loss=1.0920 -> /scratch/yuvraj17/adaptive_tracing_scratch/adaptive_tracer/logs/transformer_duration_cats9_seq512_382084/model_best.pt
[06:32:56][rank0] step=106500  epoch=12  loss=1.1042  acc_e=0.00%  lr=2.09e-04  elapsed=2:35:09
[06:33:24][rank0] step=107000  epoch=12  loss=1.1045  acc_e=0.00%  lr=2.08e-04  elapsed=2:35:37
[06:33:50][rank0] step=107500  epoch=12  loss=1.1058  acc_e=0.00%  lr=2.08e-04  elapsed=2:36:03
[06:34:18][rank0] step=108000  epoch=12  loss=1.1059  acc_e=0.00%  lr=2.07e-04  elapsed=2:36:31
[06:34:18][rank0] --- Validation @ step 108000 ---
[06:35:23][rank0]   val loss=1.0934  loss_e=0.0000  acc_e=0.00%  acc_l=56.31%
[06:35:23][rank0]   No improvement count: 1/10
[06:35:50][rank0] step=108500  epoch=12  loss=1.1069  acc_e=0.00%  lr=2.06e-04  elapsed=2:38:03
[06:36:17][rank0] step=109000  epoch=12  loss=1.1073  acc_e=0.00%  lr=2.05e-04  elapsed=2:38:30
[06:36:44][rank0] step=109500  epoch=12  loss=1.1068  acc_e=0.00%  lr=2.05e-04  elapsed=2:38:57
[06:37:12][rank0] step=110000  epoch=12  loss=1.1061  acc_e=0.00%  lr=2.04e-04  elapsed=2:39:25
[06:37:12][rank0] --- Validation @ step 110000 ---
[06:38:18][rank0]   val loss=1.0938  loss_e=0.0000  acc_e=0.00%  acc_l=56.46%
[06:38:18][rank0]   No improvement count: 2/10
[06:38:18][rank0]   Checkpoint -> /scratch/yuvraj17/adaptive_tracing_scratch/adaptive_tracer/logs/transformer_duration_cats9_seq512_382084/ckpt_0110000.pt
[06:38:45][rank0] step=110500  epoch=12  loss=1.1060  acc_e=0.00%  lr=2.03e-04  elapsed=2:40:58
[06:39:12][rank0] step=111000  epoch=12  loss=1.1061  acc_e=0.00%  lr=2.02e-04  elapsed=2:41:26
[06:39:40][rank0] step=111500  epoch=12  loss=1.1061  acc_e=0.00%  lr=2.02e-04  elapsed=2:41:53
[06:40:07][rank0] step=112000  epoch=12  loss=1.1067  acc_e=0.00%  lr=2.01e-04  elapsed=2:42:20
[06:40:07][rank0] --- Validation @ step 112000 ---
[06:41:12][rank0]   val loss=1.0906  loss_e=0.0000  acc_e=0.00%  acc_l=56.54%
[06:41:12][rank0]   New best val loss=1.0906 -> /scratch/yuvraj17/adaptive_tracing_scratch/adaptive_tracer/logs/transformer_duration_cats9_seq512_382084/model_best.pt
[06:41:39][rank0] Epoch  12/30  loss=1.1065  acc_e=0.00%  acc_l=55.76%  elapsed=2:43:52
[06:41:40][rank0] step=112500  epoch=13  loss=1.0940  acc_e=0.00%  lr=2.00e-04  elapsed=2:43:53
[06:42:07][rank0] step=113000  epoch=13  loss=1.1049  acc_e=0.00%  lr=1.99e-04  elapsed=2:44:20
[06:42:34][rank0] step=113500  epoch=13  loss=1.1033  acc_e=0.00%  lr=1.99e-04  elapsed=2:44:47
[06:43:02][rank0] step=114000  epoch=13  loss=1.1002  acc_e=0.00%  lr=1.98e-04  elapsed=2:45:15
[06:43:02][rank0] --- Validation @ step 114000 ---
[06:44:07][rank0]   val loss=1.0914  loss_e=0.0000  acc_e=0.00%  acc_l=56.38%
[06:44:07][rank0]   No improvement count: 1/10
[06:44:34][rank0] step=114500  epoch=13  loss=1.1020  acc_e=0.00%  lr=1.97e-04  elapsed=2:46:48
[06:45:02][rank0] step=115000  epoch=13  loss=1.1029  acc_e=0.00%  lr=1.96e-04  elapsed=2:47:15
[06:45:29][rank0] step=115500  epoch=13  loss=1.1026  acc_e=0.00%  lr=1.95e-04  elapsed=2:47:42
[06:45:57][rank0] step=116000  epoch=13  loss=1.1019  acc_e=0.00%  lr=1.95e-04  elapsed=2:48:10
[06:45:57][rank0] --- Validation @ step 116000 ---
[06:47:02][rank0]   val loss=1.0916  loss_e=0.0000  acc_e=0.00%  acc_l=56.55%
[06:47:02][rank0]   No improvement count: 2/10
[06:47:29][rank0] step=116500  epoch=13  loss=1.1028  acc_e=0.00%  lr=1.94e-04  elapsed=2:49:42
[06:47:55][rank0] step=117000  epoch=13  loss=1.1039  acc_e=0.00%  lr=1.93e-04  elapsed=2:50:09
[06:48:23][rank0] step=117500  epoch=13  loss=1.1042  acc_e=0.00%  lr=1.92e-04  elapsed=2:50:36
[06:48:50][rank0] step=118000  epoch=13  loss=1.1050  acc_e=0.00%  lr=1.92e-04  elapsed=2:51:03
[06:48:50][rank0] --- Validation @ step 118000 ---
[06:49:55][rank0]   val loss=1.0885  loss_e=0.0000  acc_e=0.00%  acc_l=56.51%
[06:49:55][rank0]   New best val loss=1.0885 -> /scratch/yuvraj17/adaptive_tracing_scratch/adaptive_tracer/logs/transformer_duration_cats9_seq512_382084/model_best.pt
[06:50:22][rank0] step=118500  epoch=13  loss=1.1050  acc_e=0.00%  lr=1.91e-04  elapsed=2:52:35
[06:50:50][rank0] step=119000  epoch=13  loss=1.1047  acc_e=0.00%  lr=1.90e-04  elapsed=2:53:03
[06:51:18][rank0] step=119500  epoch=13  loss=1.1038  acc_e=0.00%  lr=1.89e-04  elapsed=2:53:31
[06:51:45][rank0] step=120000  epoch=13  loss=1.1039  acc_e=0.00%  lr=1.88e-04  elapsed=2:53:58
[06:51:45][rank0] --- Validation @ step 120000 ---
[06:52:50][rank0]   val loss=1.0885  loss_e=0.0000  acc_e=0.00%  acc_l=56.62%
[06:52:50][rank0]   No improvement count: 1/10
[06:52:50][rank0]   Checkpoint -> /scratch/yuvraj17/adaptive_tracing_scratch/adaptive_tracer/logs/transformer_duration_cats9_seq512_382084/ckpt_0120000.pt
[06:53:18][rank0] step=120500  epoch=13  loss=1.1040  acc_e=0.00%  lr=1.88e-04  elapsed=2:55:31
[06:53:45][rank0] step=121000  epoch=13  loss=1.1041  acc_e=0.00%  lr=1.87e-04  elapsed=2:55:58
[06:54:12][rank0] step=121500  epoch=13  loss=1.1047  acc_e=0.00%  lr=1.86e-04  elapsed=2:56:25
[06:54:32][rank0] Epoch  13/30  loss=1.1044  acc_e=0.00%  acc_l=55.84%  elapsed=2:56:45
[06:54:40][rank0] step=122000  epoch=14  loss=1.1035  acc_e=0.00%  lr=1.85e-04  elapsed=2:56:53
[06:54:40][rank0] --- Validation @ step 122000 ---
[06:55:45][rank0]   val loss=1.0890  loss_e=0.0000  acc_e=0.00%  acc_l=56.62%
[06:55:45][rank0]   No improvement count: 2/10
[06:56:11][rank0] step=122500  epoch=14  loss=1.1031  acc_e=0.00%  lr=1.84e-04  elapsed=2:58:25
[06:56:39][rank0] step=123000  epoch=14  loss=1.0995  acc_e=0.00%  lr=1.84e-04  elapsed=2:58:52
[06:57:07][rank0] step=123500  epoch=14  loss=1.0988  acc_e=0.00%  lr=1.83e-04  elapsed=2:59:20
[06:57:34][rank0] step=124000  epoch=14  loss=1.1008  acc_e=0.00%  lr=1.82e-04  elapsed=2:59:47
[06:57:34][rank0] --- Validation @ step 124000 ---
[06:58:39][rank0]   val loss=1.0885  loss_e=0.0000  acc_e=0.00%  acc_l=56.56%
[06:58:39][rank0]   No improvement count: 3/10
[06:59:06][rank0] step=124500  epoch=14  loss=1.1014  acc_e=0.00%  lr=1.81e-04  elapsed=3:01:19
[06:59:33][rank0] step=125000  epoch=14  loss=1.1004  acc_e=0.00%  lr=1.80e-04  elapsed=3:01:47
[07:00:01][rank0] step=125500  epoch=14  loss=1.1000  acc_e=0.00%  lr=1.80e-04  elapsed=3:02:14
[07:00:28][rank0] step=126000  epoch=14  loss=1.1012  acc_e=0.00%  lr=1.79e-04  elapsed=3:02:41
[07:00:28][rank0] --- Validation @ step 126000 ---
[07:01:33][rank0]   val loss=1.0893  loss_e=0.0000  acc_e=0.00%  acc_l=56.52%
[07:01:33][rank0]   No improvement count: 4/10
[07:02:00][rank0] step=126500  epoch=14  loss=1.1020  acc_e=0.00%  lr=1.78e-04  elapsed=3:04:13
[07:02:27][rank0] step=127000  epoch=14  loss=1.1025  acc_e=0.00%  lr=1.77e-04  elapsed=3:04:40
[07:02:54][rank0] step=127500  epoch=14  loss=1.1033  acc_e=0.00%  lr=1.76e-04  elapsed=3:05:07
[07:03:21][rank0] step=128000  epoch=14  loss=1.1030  acc_e=0.00%  lr=1.76e-04  elapsed=3:05:35
[07:03:21][rank0] --- Validation @ step 128000 ---
[07:04:27][rank0]   val loss=1.0894  loss_e=0.0000  acc_e=0.00%  acc_l=56.50%
[07:04:27][rank0]   No improvement count: 5/10
[07:04:55][rank0] step=128500  epoch=14  loss=1.1026  acc_e=0.00%  lr=1.75e-04  elapsed=3:07:08
[07:05:22][rank0] step=129000  epoch=14  loss=1.1022  acc_e=0.00%  lr=1.74e-04  elapsed=3:07:35
[07:05:49][rank0] step=129500  epoch=14  loss=1.1021  acc_e=0.00%  lr=1.73e-04  elapsed=3:08:02
[07:06:17][rank0] step=130000  epoch=14  loss=1.1023  acc_e=0.00%  lr=1.72e-04  elapsed=3:08:30
[07:06:17][rank0] --- Validation @ step 130000 ---
[07:07:22][rank0]   val loss=1.0880  loss_e=0.0000  acc_e=0.00%  acc_l=56.54%
[07:07:23][rank0]   New best val loss=1.0880 -> /scratch/yuvraj17/adaptive_tracing_scratch/adaptive_tracer/logs/transformer_duration_cats9_seq512_382084/model_best.pt
[07:07:23][rank0]   Checkpoint -> /scratch/yuvraj17/adaptive_tracing_scratch/adaptive_tracer/logs/transformer_duration_cats9_seq512_382084/ckpt_0130000.pt
[07:07:50][rank0] step=130500  epoch=14  loss=1.1023  acc_e=0.00%  lr=1.72e-04  elapsed=3:10:03
[07:08:17][rank0] step=131000  epoch=14  loss=1.1029  acc_e=0.00%  lr=1.71e-04  elapsed=3:10:30
[07:08:30][rank0] Epoch  14/30  loss=1.1026  acc_e=0.00%  acc_l=55.91%  elapsed=3:10:43
[07:08:45][rank0] step=131500  epoch=15  loss=1.0997  acc_e=0.00%  lr=1.70e-04  elapsed=3:10:58
[07:09:12][rank0] step=132000  epoch=15  loss=1.0998  acc_e=0.00%  lr=1.69e-04  elapsed=3:11:25
[07:09:12][rank0] --- Validation @ step 132000 ---
[07:10:17][rank0]   val loss=1.0888  loss_e=0.0000  acc_e=0.00%  acc_l=56.56%
[07:10:17][rank0]   No improvement count: 1/10
[07:10:44][rank0] step=132500  epoch=15  loss=1.0968  acc_e=0.00%  lr=1.68e-04  elapsed=3:12:57
[07:11:12][rank0] step=133000  epoch=15  loss=1.0976  acc_e=0.00%  lr=1.68e-04  elapsed=3:13:25
[07:11:39][rank0] step=133500  epoch=15  loss=1.0989  acc_e=0.00%  lr=1.67e-04  elapsed=3:13:52
[07:12:06][rank0] step=134000  epoch=15  loss=1.0987  acc_e=0.00%  lr=1.66e-04  elapsed=3:14:19
[07:12:06][rank0] --- Validation @ step 134000 ---
[07:13:11][rank0]   val loss=1.0883  loss_e=0.0000  acc_e=0.00%  acc_l=56.67%
[07:13:11][rank0]   No improvement count: 2/10
[07:13:39][rank0] step=134500  epoch=15  loss=1.0985  acc_e=0.00%  lr=1.65e-04  elapsed=3:15:52
[07:14:07][rank0] step=135000  epoch=15  loss=1.0982  acc_e=0.00%  lr=1.64e-04  elapsed=3:16:20
[07:14:33][rank0] step=135500  epoch=15  loss=1.0996  acc_e=0.00%  lr=1.64e-04  elapsed=3:16:46
[07:15:00][rank0] step=136000  epoch=15  loss=1.1002  acc_e=0.00%  lr=1.63e-04  elapsed=3:17:13
[07:15:00][rank0] --- Validation @ step 136000 ---
[07:16:05][rank0]   val loss=1.0875  loss_e=0.0000  acc_e=0.00%  acc_l=56.56%
[07:16:05][rank0]   New best val loss=1.0875 -> /scratch/yuvraj17/adaptive_tracing_scratch/adaptive_tracer/logs/transformer_duration_cats9_seq512_382084/model_best.pt
[07:16:32][rank0] step=136500  epoch=15  loss=1.1007  acc_e=0.00%  lr=1.62e-04  elapsed=3:18:45
[07:16:59][rank0] step=137000  epoch=15  loss=1.1015  acc_e=0.00%  lr=1.61e-04  elapsed=3:19:12
[07:17:26][rank0] step=137500  epoch=15  loss=1.1011  acc_e=0.00%  lr=1.60e-04  elapsed=3:19:40
[07:17:54][rank0] step=138000  epoch=15  loss=1.1006  acc_e=0.00%  lr=1.60e-04  elapsed=3:20:07
[07:17:54][rank0] --- Validation @ step 138000 ---
[07:18:59][rank0]   val loss=1.0884  loss_e=0.0000  acc_e=0.00%  acc_l=56.62%
[07:18:59][rank0]   No improvement count: 1/10
[07:19:26][rank0] step=138500  epoch=15  loss=1.1005  acc_e=0.00%  lr=1.59e-04  elapsed=3:21:40
[07:19:53][rank0] step=139000  epoch=15  loss=1.1003  acc_e=0.00%  lr=1.58e-04  elapsed=3:22:07
[07:20:21][rank0] step=139500  epoch=15  loss=1.1005  acc_e=0.00%  lr=1.57e-04  elapsed=3:22:34
[07:20:48][rank0] step=140000  epoch=15  loss=1.1008  acc_e=0.00%  lr=1.56e-04  elapsed=3:23:01
[07:20:48][rank0] --- Validation @ step 140000 ---
[07:21:53][rank0]   val loss=1.0862  loss_e=0.0000  acc_e=0.00%  acc_l=56.67%
[07:21:53][rank0]   New best val loss=1.0862 -> /scratch/yuvraj17/adaptive_tracing_scratch/adaptive_tracer/logs/transformer_duration_cats9_seq512_382084/model_best.pt
[07:21:53][rank0]   Checkpoint -> /scratch/yuvraj17/adaptive_tracing_scratch/adaptive_tracer/logs/transformer_duration_cats9_seq512_382084/ckpt_0140000.pt
[07:22:21][rank0] step=140500  epoch=15  loss=1.1010  acc_e=0.00%  lr=1.56e-04  elapsed=3:24:34
[07:22:27][rank0] Epoch  15/30  loss=1.1008  acc_e=0.00%  acc_l=55.98%  elapsed=3:24:40
[07:22:48][rank0] step=141000  epoch=16  loss=1.0984  acc_e=0.00%  lr=1.55e-04  elapsed=3:25:01
[07:23:15][rank0] step=141500  epoch=16  loss=1.0984  acc_e=0.00%  lr=1.54e-04  elapsed=3:25:28
[07:23:43][rank0] step=142000  epoch=16  loss=1.0947  acc_e=0.00%  lr=1.53e-04  elapsed=3:25:56
[07:23:43][rank0] --- Validation @ step 142000 ---
[07:24:48][rank0]   val loss=1.0882  loss_e=0.0000  acc_e=0.00%  acc_l=56.53%
[07:24:48][rank0]   No improvement count: 1/10
[07:25:16][rank0] step=142500  epoch=16  loss=1.0963  acc_e=0.00%  lr=1.52e-04  elapsed=3:27:29
[07:25:42][rank0] step=143000  epoch=16  loss=1.0978  acc_e=0.00%  lr=1.52e-04  elapsed=3:27:55
[07:26:10][rank0] step=143500  epoch=16  loss=1.0973  acc_e=0.00%  lr=1.51e-04  elapsed=3:28:23
[07:26:38][rank0] step=144000  epoch=16  loss=1.0969  acc_e=0.00%  lr=1.50e-04  elapsed=3:28:51
[07:26:38][rank0] --- Validation @ step 144000 ---
[07:27:43][rank0]   val loss=1.0872  loss_e=0.0000  acc_e=0.00%  acc_l=56.63%
[07:27:43][rank0]   No improvement count: 2/10
[07:28:10][rank0] step=144500  epoch=16  loss=1.0973  acc_e=0.00%  lr=1.49e-04  elapsed=3:30:24
[07:28:37][rank0] step=145000  epoch=16  loss=1.0985  acc_e=0.00%  lr=1.48e-04  elapsed=3:30:51
[07:29:05][rank0] step=145500  epoch=16  loss=1.0986  acc_e=0.00%  lr=1.48e-04  elapsed=3:31:18
[07:29:32][rank0] step=146000  epoch=16  loss=1.0994  acc_e=0.00%  lr=1.47e-04  elapsed=3:31:46
[07:29:32][rank0] --- Validation @ step 146000 ---
[07:30:37][rank0]   val loss=1.0863  loss_e=0.0000  acc_e=0.00%  acc_l=56.60%
[07:30:37][rank0]   No improvement count: 3/10
[07:31:04][rank0] step=146500  epoch=16  loss=1.0999  acc_e=0.00%  lr=1.46e-04  elapsed=3:33:18
[07:31:32][rank0] step=147000  epoch=16  loss=1.0995  acc_e=0.00%  lr=1.45e-04  elapsed=3:33:45
[07:32:00][rank0] step=147500  epoch=16  loss=1.0988  acc_e=0.00%  lr=1.44e-04  elapsed=3:34:13
[07:32:27][rank0] step=148000  epoch=16  loss=1.0987  acc_e=0.00%  lr=1.43e-04  elapsed=3:34:40
[07:32:27][rank0] --- Validation @ step 148000 ---
[07:33:32][rank0]   val loss=1.0868  loss_e=0.0000  acc_e=0.00%  acc_l=56.57%
[07:33:32][rank0]   No improvement count: 4/10
[07:34:00][rank0] step=148500  epoch=16  loss=1.0987  acc_e=0.00%  lr=1.43e-04  elapsed=3:36:13
[07:34:27][rank0] step=149000  epoch=16  loss=1.0989  acc_e=0.00%  lr=1.42e-04  elapsed=3:36:40
[07:34:54][rank0] step=149500  epoch=16  loss=1.0994  acc_e=0.00%  lr=1.41e-04  elapsed=3:37:07
[07:35:21][rank0] Epoch  16/30  loss=1.0993  acc_e=0.00%  acc_l=56.04%  elapsed=3:37:34
[07:35:22][rank0] step=150000  epoch=17  loss=1.0898  acc_e=0.00%  lr=1.40e-04  elapsed=3:37:35
[07:35:22][rank0] --- Validation @ step 150000 ---
[07:36:27][rank0]   val loss=1.0869  loss_e=0.0000  acc_e=0.00%  acc_l=56.62%
[07:36:27][rank0]   No improvement count: 5/10
[07:36:27][rank0]   Checkpoint -> /scratch/yuvraj17/adaptive_tracing_scratch/adaptive_tracer/logs/transformer_duration_cats9_seq512_382084/ckpt_0150000.pt
[07:36:54][rank0] step=150500  epoch=17  loss=1.0976  acc_e=0.00%  lr=1.39e-04  elapsed=3:39:07
[07:37:22][rank0] step=151000  epoch=17  loss=1.0964  acc_e=0.00%  lr=1.39e-04  elapsed=3:39:35
[07:37:49][rank0] step=151500  epoch=17  loss=1.0933  acc_e=0.00%  lr=1.38e-04  elapsed=3:40:02
[07:38:17][rank0] step=152000  epoch=17  loss=1.0950  acc_e=0.00%  lr=1.37e-04  elapsed=3:40:30
[07:38:17][rank0] --- Validation @ step 152000 ---
[07:39:22][rank0]   val loss=1.0867  loss_e=0.0000  acc_e=0.00%  acc_l=56.63%
[07:39:22][rank0]   No improvement count: 6/10
[07:39:49][rank0] step=152500  epoch=17  loss=1.0959  acc_e=0.00%  lr=1.36e-04  elapsed=3:42:02
[07:40:16][rank0] step=153000  epoch=17  loss=1.0956  acc_e=0.00%  lr=1.35e-04  elapsed=3:42:29
[07:40:44][rank0] step=153500  epoch=17  loss=1.0951  acc_e=0.00%  lr=1.35e-04  elapsed=3:42:57
[07:41:11][rank0] step=154000  epoch=17  loss=1.0959  acc_e=0.00%  lr=1.34e-04  elapsed=3:43:24
[07:41:11][rank0] --- Validation @ step 154000 ---
[07:42:16][rank0]   val loss=1.0861  loss_e=0.0000  acc_e=0.00%  acc_l=56.69%
[07:42:16][rank0]   New best val loss=1.0861 -> /scratch/yuvraj17/adaptive_tracing_scratch/adaptive_tracer/logs/transformer_duration_cats9_seq512_382084/model_best.pt
[07:42:43][rank0] step=154500  epoch=17  loss=1.0970  acc_e=0.00%  lr=1.33e-04  elapsed=3:44:56
[07:43:11][rank0] step=155000  epoch=17  loss=1.0973  acc_e=0.00%  lr=1.32e-04  elapsed=3:45:24
[07:43:37][rank0] step=155500  epoch=17  loss=1.0981  acc_e=0.00%  lr=1.32e-04  elapsed=3:45:51
[07:44:05][rank0] step=156000  epoch=17  loss=1.0981  acc_e=0.00%  lr=1.31e-04  elapsed=3:46:18
[07:44:05][rank0] --- Validation @ step 156000 ---
[07:45:10][rank0]   val loss=1.0857  loss_e=0.0000  acc_e=0.00%  acc_l=56.74%
[07:45:10][rank0]   New best val loss=1.0857 -> /scratch/yuvraj17/adaptive_tracing_scratch/adaptive_tracer/logs/transformer_duration_cats9_seq512_382084/model_best.pt
[07:45:38][rank0] step=156500  epoch=17  loss=1.0978  acc_e=0.00%  lr=1.30e-04  elapsed=3:47:51
[07:46:06][rank0] step=157000  epoch=17  loss=1.0970  acc_e=0.00%  lr=1.29e-04  elapsed=3:48:19
[07:46:33][rank0] step=157500  epoch=17  loss=1.0971  acc_e=0.00%  lr=1.28e-04  elapsed=3:48:46
[07:47:00][rank0] step=158000  epoch=17  loss=1.0972  acc_e=0.00%  lr=1.28e-04  elapsed=3:49:14
[07:47:00][rank0] --- Validation @ step 158000 ---
[07:48:05][rank0]   val loss=1.0863  loss_e=0.0000  acc_e=0.00%  acc_l=56.57%
[07:48:05][rank0]   No improvement count: 1/10
[07:48:33][rank0] step=158500  epoch=17  loss=1.0973  acc_e=0.00%  lr=1.27e-04  elapsed=3:50:46
[07:49:00][rank0] step=159000  epoch=17  loss=1.0980  acc_e=0.00%  lr=1.26e-04  elapsed=3:51:13
[07:49:19][rank0] Epoch  17/30  loss=1.0977  acc_e=0.00%  acc_l=56.11%  elapsed=3:51:33
[07:49:27][rank0] step=159500  epoch=18  loss=1.0966  acc_e=0.00%  lr=1.25e-04  elapsed=3:51:41
[07:49:54][rank0] step=160000  epoch=18  loss=1.0961  acc_e=0.00%  lr=1.24e-04  elapsed=3:52:07
[07:49:54][rank0] --- Validation @ step 160000 ---
[07:50:59][rank0]   val loss=1.0872  loss_e=0.0000  acc_e=0.00%  acc_l=56.54%
[07:50:59][rank0]   No improvement count: 2/10
[07:50:59][rank0]   Checkpoint -> /scratch/yuvraj17/adaptive_tracing_scratch/adaptive_tracer/logs/transformer_duration_cats9_seq512_382084/ckpt_0160000.pt
[07:51:28][rank0] step=160500  epoch=18  loss=1.0930  acc_e=0.00%  lr=1.24e-04  elapsed=3:53:41
[07:51:55][rank0] step=161000  epoch=18  loss=1.0924  acc_e=0.00%  lr=1.23e-04  elapsed=3:54:08
[07:52:22][rank0] step=161500  epoch=18  loss=1.0943  acc_e=0.00%  lr=1.22e-04  elapsed=3:54:35
[07:52:49][rank0] step=162000  epoch=18  loss=1.0949  acc_e=0.00%  lr=1.21e-04  elapsed=3:55:03
[07:52:49][rank0] --- Validation @ step 162000 ---
[07:53:55][rank0]   val loss=1.0843  loss_e=0.0000  acc_e=0.00%  acc_l=56.73%
[07:53:55][rank0]   New best val loss=1.0843 -> /scratch/yuvraj17/adaptive_tracing_scratch/adaptive_tracer/logs/transformer_duration_cats9_seq512_382084/model_best.pt
[07:54:23][rank0] step=162500  epoch=18  loss=1.0940  acc_e=0.00%  lr=1.21e-04  elapsed=3:56:36
[07:54:50][rank0] step=163000  epoch=18  loss=1.0936  acc_e=0.00%  lr=1.20e-04  elapsed=3:57:04
[07:55:17][rank0] step=163500  epoch=18  loss=1.0948  acc_e=0.00%  lr=1.19e-04  elapsed=3:57:30
[07:55:44][rank0] step=164000  epoch=18  loss=1.0956  acc_e=0.00%  lr=1.18e-04  elapsed=3:57:57
[07:55:44][rank0] --- Validation @ step 164000 ---
[07:56:49][rank0]   val loss=1.0833  loss_e=0.0000  acc_e=0.00%  acc_l=56.80%
[07:56:49][rank0]   New best val loss=1.0833 -> /scratch/yuvraj17/adaptive_tracing_scratch/adaptive_tracer/logs/transformer_duration_cats9_seq512_382084/model_best.pt
[07:57:16][rank0] step=164500  epoch=18  loss=1.0960  acc_e=0.00%  lr=1.17e-04  elapsed=3:59:30
[07:57:43][rank0] step=165000  epoch=18  loss=1.0969  acc_e=0.00%  lr=1.17e-04  elapsed=3:59:56
[07:58:11][rank0] step=165500  epoch=18  loss=1.0966  acc_e=0.00%  lr=1.16e-04  elapsed=4:00:24
[07:58:39][rank0] step=166000  epoch=18  loss=1.0962  acc_e=0.00%  lr=1.15e-04  elapsed=4:00:52
[07:58:39][rank0] --- Validation @ step 166000 ---
[07:59:45][rank0]   val loss=1.0843  loss_e=0.0000  acc_e=0.00%  acc_l=56.75%
[07:59:45][rank0]   No improvement count: 1/10
[08:00:12][rank0] step=166500  epoch=18  loss=1.0959  acc_e=0.00%  lr=1.14e-04  elapsed=4:02:25
[08:00:39][rank0] step=167000  epoch=18  loss=1.0957  acc_e=0.00%  lr=1.14e-04  elapsed=4:02:52
[08:01:07][rank0] step=167500  epoch=18  loss=1.0959  acc_e=0.00%  lr=1.13e-04  elapsed=4:03:21
[08:01:35][rank0] step=168000  epoch=18  loss=1.0960  acc_e=0.00%  lr=1.12e-04  elapsed=4:03:48
[08:01:35][rank0] --- Validation @ step 168000 ---
[08:02:40][rank0]   val loss=1.0835  loss_e=0.0000  acc_e=0.00%  acc_l=56.72%
[08:02:40][rank0]   No improvement count: 2/10
[08:03:07][rank0] step=168500  epoch=18  loss=1.0966  acc_e=0.00%  lr=1.11e-04  elapsed=4:05:20
[08:03:20][rank0] Epoch  18/30  loss=1.0963  acc_e=0.00%  acc_l=56.16%  elapsed=4:05:33
[08:03:35][rank0] step=169000  epoch=19  loss=1.0934  acc_e=0.00%  lr=1.11e-04  elapsed=4:05:48
[08:04:02][rank0] step=169500  epoch=19  loss=1.0935  acc_e=0.00%  lr=1.10e-04  elapsed=4:06:15
[08:04:29][rank0] step=170000  epoch=19  loss=1.0908  acc_e=0.00%  lr=1.09e-04  elapsed=4:06:42
[08:04:29][rank0] --- Validation @ step 170000 ---
[08:05:34][rank0]   val loss=1.0855  loss_e=0.0000  acc_e=0.00%  acc_l=56.80%
[08:05:34][rank0]   No improvement count: 3/10
[08:05:34][rank0]   Checkpoint -> /scratch/yuvraj17/adaptive_tracing_scratch/adaptive_tracer/logs/transformer_duration_cats9_seq512_382084/ckpt_0170000.pt
[08:06:03][rank0] step=170500  epoch=19  loss=1.0918  acc_e=0.00%  lr=1.08e-04  elapsed=4:08:16
[08:06:30][rank0] step=171000  epoch=19  loss=1.0929  acc_e=0.00%  lr=1.07e-04  elapsed=4:08:43
[08:06:57][rank0] step=171500  epoch=19  loss=1.0926  acc_e=0.00%  lr=1.07e-04  elapsed=4:09:10
[08:07:24][rank0] step=172000  epoch=19  loss=1.0924  acc_e=0.00%  lr=1.06e-04  elapsed=4:09:37
[08:07:24][rank0] --- Validation @ step 172000 ---
[08:08:30][rank0]   val loss=1.0838  loss_e=0.0000  acc_e=0.00%  acc_l=56.80%
[08:08:30][rank0]   No improvement count: 4/10
[08:08:58][rank0] step=172500  epoch=19  loss=1.0922  acc_e=0.00%  lr=1.05e-04  elapsed=4:11:11
[08:09:24][rank0] step=173000  epoch=19  loss=1.0936  acc_e=0.00%  lr=1.04e-04  elapsed=4:11:37
[08:09:51][rank0] step=173500  epoch=19  loss=1.0941  acc_e=0.00%  lr=1.04e-04  elapsed=4:12:04
[08:10:18][rank0] step=174000  epoch=19  loss=1.0947  acc_e=0.00%  lr=1.03e-04  elapsed=4:12:31
[08:10:18][rank0] --- Validation @ step 174000 ---
[08:11:25][rank0]   val loss=1.0835  loss_e=0.0000  acc_e=0.00%  acc_l=56.71%
[08:11:25][rank0]   No improvement count: 5/10
[08:11:52][rank0] step=174500  epoch=19  loss=1.0954  acc_e=0.00%  lr=1.02e-04  elapsed=4:14:05
[08:12:20][rank0] step=175000  epoch=19  loss=1.0950  acc_e=0.00%  lr=1.01e-04  elapsed=4:14:34
[08:12:49][rank0] step=175500  epoch=19  loss=1.0946  acc_e=0.00%  lr=1.01e-04  elapsed=4:15:02
[08:13:16][rank0] step=176000  epoch=19  loss=1.0944  acc_e=0.00%  lr=1.00e-04  elapsed=4:15:29
[08:13:16][rank0] --- Validation @ step 176000 ---
[08:14:21][rank0]   val loss=1.0840  loss_e=0.0000  acc_e=0.00%  acc_l=56.80%
[08:14:21][rank0]   No improvement count: 6/10
[08:14:48][rank0] step=176500  epoch=19  loss=1.0943  acc_e=0.00%  lr=9.93e-05  elapsed=4:17:02
[08:15:16][rank0] step=177000  epoch=19  loss=1.0945  acc_e=0.00%  lr=9.85e-05  elapsed=4:17:29
[08:15:43][rank0] step=177500  epoch=19  loss=1.0948  acc_e=0.00%  lr=9.78e-05  elapsed=4:17:56
[08:16:11][rank0] step=178000  epoch=19  loss=1.0950  acc_e=0.00%  lr=9.71e-05  elapsed=4:18:24
[08:16:11][rank0] --- Validation @ step 178000 ---
[08:17:16][rank0]   val loss=1.0841  loss_e=0.0000  acc_e=0.00%  acc_l=56.75%
[08:17:16][rank0]   No improvement count: 7/10
[08:17:22][rank0] Epoch  19/30  loss=1.0948  acc_e=0.00%  acc_l=56.22%  elapsed=4:19:35
[08:17:44][rank0] step=178500  epoch=20  loss=1.0917  acc_e=0.00%  lr=9.63e-05  elapsed=4:19:57
[08:18:11][rank0] step=179000  epoch=20  loss=1.0926  acc_e=0.00%  lr=9.56e-05  elapsed=4:20:24
[08:18:39][rank0] step=179500  epoch=20  loss=1.0888  acc_e=0.00%  lr=9.49e-05  elapsed=4:20:52
[08:19:07][rank0] step=180000  epoch=20  loss=1.0904  acc_e=0.00%  lr=9.42e-05  elapsed=4:21:20
[08:19:07][rank0] --- Validation @ step 180000 ---
[08:20:12][rank0]   val loss=1.0842  loss_e=0.0000  acc_e=0.00%  acc_l=56.74%
[08:20:12][rank0]   No improvement count: 8/10
[08:20:12][rank0]   Checkpoint -> /scratch/yuvraj17/adaptive_tracing_scratch/adaptive_tracer/logs/transformer_duration_cats9_seq512_382084/ckpt_0180000.pt
[08:20:39][rank0] step=180500  epoch=20  loss=1.0920  acc_e=0.00%  lr=9.34e-05  elapsed=4:22:52
[08:21:06][rank0] step=181000  epoch=20  loss=1.0914  acc_e=0.00%  lr=9.27e-05  elapsed=4:23:19
[08:21:34][rank0] step=181500  epoch=20  loss=1.0912  acc_e=0.00%  lr=9.20e-05  elapsed=4:23:47
[08:22:01][rank0] step=182000  epoch=20  loss=1.0915  acc_e=0.00%  lr=9.13e-05  elapsed=4:24:15
[08:22:01][rank0] --- Validation @ step 182000 ---
[08:23:07][rank0]   val loss=1.0828  loss_e=0.0000  acc_e=0.00%  acc_l=56.76%
[08:23:07][rank0]   New best val loss=1.0828 -> /scratch/yuvraj17/adaptive_tracing_scratch/adaptive_tracer/logs/transformer_duration_cats9_seq512_382084/model_best.pt
[08:23:34][rank0] step=182500  epoch=20  loss=1.0927  acc_e=0.00%  lr=9.06e-05  elapsed=4:25:48
[08:24:02][rank0] step=183000  epoch=20  loss=1.0928  acc_e=0.00%  lr=8.99e-05  elapsed=4:26:15
[08:24:29][rank0] step=183500  epoch=20  loss=1.0937  acc_e=0.00%  lr=8.92e-05  elapsed=4:26:42
[08:24:57][rank0] step=184000  epoch=20  loss=1.0942  acc_e=0.00%  lr=8.84e-05  elapsed=4:27:10
[08:24:57][rank0] --- Validation @ step 184000 ---
[08:26:02][rank0]   val loss=1.0823  loss_e=0.0000  acc_e=0.00%  acc_l=56.78%
[08:26:02][rank0]   New best val loss=1.0823 -> /scratch/yuvraj17/adaptive_tracing_scratch/adaptive_tracer/logs/transformer_duration_cats9_seq512_382084/model_best.pt
[08:26:29][rank0] step=184500  epoch=20  loss=1.0938  acc_e=0.00%  lr=8.77e-05  elapsed=4:28:43
[08:26:58][rank0] step=185000  epoch=20  loss=1.0931  acc_e=0.00%  lr=8.70e-05  elapsed=4:29:11
[08:27:25][rank0] step=185500  epoch=20  loss=1.0930  acc_e=0.00%  lr=8.63e-05  elapsed=4:29:38
[08:27:52][rank0] step=186000  epoch=20  loss=1.0931  acc_e=0.00%  lr=8.56e-05  elapsed=4:30:05
[08:27:52][rank0] --- Validation @ step 186000 ---
[08:28:57][rank0]   val loss=1.0824  loss_e=0.0000  acc_e=0.00%  acc_l=56.80%
[08:28:57][rank0]   No improvement count: 1/10
[08:29:25][rank0] step=186500  epoch=20  loss=1.0932  acc_e=0.00%  lr=8.50e-05  elapsed=4:31:38
[08:29:52][rank0] step=187000  epoch=20  loss=1.0937  acc_e=0.00%  lr=8.43e-05  elapsed=4:32:05
[08:30:19][rank0] Epoch  20/30  loss=1.0936  acc_e=0.00%  acc_l=56.27%  elapsed=4:32:32
[08:30:20][rank0] step=187500  epoch=21  loss=1.0863  acc_e=0.00%  lr=8.36e-05  elapsed=4:32:33
[08:30:47][rank0] step=188000  epoch=21  loss=1.0922  acc_e=0.00%  lr=8.29e-05  elapsed=4:33:00
[08:30:47][rank0] --- Validation @ step 188000 ---
[08:31:52][rank0]   val loss=1.0823  loss_e=0.0000  acc_e=0.00%  acc_l=56.86%
[08:31:52][rank0]   No improvement count: 2/10
[08:32:20][rank0] step=188500  epoch=21  loss=1.0912  acc_e=0.00%  lr=8.22e-05  elapsed=4:34:33
[08:32:47][rank0] step=189000  epoch=21  loss=1.0882  acc_e=0.00%  lr=8.15e-05  elapsed=4:35:00
[08:33:14][rank0] step=189500  epoch=21  loss=1.0899  acc_e=0.00%  lr=8.08e-05  elapsed=4:35:27
[08:33:42][rank0] step=190000  epoch=21  loss=1.0906  acc_e=0.00%  lr=8.02e-05  elapsed=4:35:55
[08:33:42][rank0] --- Validation @ step 190000 ---
[08:34:47][rank0]   val loss=1.0812  loss_e=0.0000  acc_e=0.00%  acc_l=56.84%
[08:34:47][rank0]   New best val loss=1.0812 -> /scratch/yuvraj17/adaptive_tracing_scratch/adaptive_tracer/logs/transformer_duration_cats9_seq512_382084/model_best.pt
[08:34:47][rank0]   Checkpoint -> /scratch/yuvraj17/adaptive_tracing_scratch/adaptive_tracer/logs/transformer_duration_cats9_seq512_382084/ckpt_0190000.pt
[08:35:15][rank0] step=190500  epoch=21  loss=1.0904  acc_e=0.00%  lr=7.95e-05  elapsed=4:37:28
[08:35:42][rank0] step=191000  epoch=21  loss=1.0899  acc_e=0.00%  lr=7.88e-05  elapsed=4:37:56
[08:36:09][rank0] step=191500  epoch=21  loss=1.0907  acc_e=0.00%  lr=7.81e-05  elapsed=4:38:23
[08:36:36][rank0] step=192000  epoch=21  loss=1.0918  acc_e=0.00%  lr=7.75e-05  elapsed=4:38:49
[08:36:36][rank0] --- Validation @ step 192000 ---
[08:37:42][rank0]   val loss=1.0814  loss_e=0.0000  acc_e=0.00%  acc_l=56.86%
[08:37:42][rank0]   No improvement count: 1/10
[08:38:09][rank0] step=192500  epoch=21  loss=1.0920  acc_e=0.00%  lr=7.68e-05  elapsed=4:40:22
[08:38:36][rank0] step=193000  epoch=21  loss=1.0928  acc_e=0.00%  lr=7.61e-05  elapsed=4:40:49
[08:39:03][rank0] step=193500  epoch=21  loss=1.0927  acc_e=0.00%  lr=7.55e-05  elapsed=4:41:17
[08:39:31][rank0] step=194000  epoch=21  loss=1.0925  acc_e=0.00%  lr=7.48e-05  elapsed=4:41:44
[08:39:31][rank0] --- Validation @ step 194000 ---
[08:40:40][rank0]   val loss=1.0814  loss_e=0.0000  acc_e=0.00%  acc_l=56.88%
[08:40:40][rank0]   No improvement count: 2/10
[08:41:08][rank0] step=194500  epoch=21  loss=1.0918  acc_e=0.00%  lr=7.42e-05  elapsed=4:43:21
[08:41:35][rank0] step=195000  epoch=21  loss=1.0918  acc_e=0.00%  lr=7.35e-05  elapsed=4:43:48
[08:42:02][rank0] step=195500  epoch=21  loss=1.0920  acc_e=0.00%  lr=7.29e-05  elapsed=4:44:15
[08:42:30][rank0] step=196000  epoch=21  loss=1.0920  acc_e=0.00%  lr=7.22e-05  elapsed=4:44:43
[08:42:30][rank0] --- Validation @ step 196000 ---
[08:43:35][rank0]   val loss=1.0815  loss_e=0.0000  acc_e=0.00%  acc_l=56.80%
[08:43:35][rank0]   No improvement count: 3/10
[08:44:03][rank0] step=196500  epoch=21  loss=1.0927  acc_e=0.00%  lr=7.16e-05  elapsed=4:46:16
[08:44:22][rank0] Epoch  21/30  loss=1.0924  acc_e=0.00%  acc_l=56.32%  elapsed=4:46:35
[08:44:30][rank0] step=197000  epoch=22  loss=1.0921  acc_e=0.00%  lr=7.09e-05  elapsed=4:46:43
[08:44:57][rank0] step=197500  epoch=22  loss=1.0907  acc_e=0.00%  lr=7.03e-05  elapsed=4:47:10
[08:45:25][rank0] step=198000  epoch=22  loss=1.0880  acc_e=0.00%  lr=6.96e-05  elapsed=4:47:38
[08:45:25][rank0] --- Validation @ step 198000 ---
[08:46:30][rank0]   val loss=1.0815  loss_e=0.0000  acc_e=0.00%  acc_l=56.91%
[08:46:30][rank0]   No improvement count: 4/10
[08:46:58][rank0] step=198500  epoch=22  loss=1.0876  acc_e=0.00%  lr=6.90e-05  elapsed=4:49:11
[08:47:25][rank0] step=199000  epoch=22  loss=1.0894  acc_e=0.00%  lr=6.84e-05  elapsed=4:49:38
[08:47:52][rank0] step=199500  epoch=22  loss=1.0899  acc_e=0.00%  lr=6.78e-05  elapsed=4:50:05
[08:48:20][rank0] step=200000  epoch=22  loss=1.0892  acc_e=0.00%  lr=6.71e-05  elapsed=4:50:33
[08:48:20][rank0] --- Validation @ step 200000 ---
[08:49:26][rank0]   val loss=1.0815  loss_e=0.0000  acc_e=0.00%  acc_l=56.88%
[08:49:26][rank0]   No improvement count: 5/10
[08:49:26][rank0]   Checkpoint -> /scratch/yuvraj17/adaptive_tracing_scratch/adaptive_tracer/logs/transformer_duration_cats9_seq512_382084/ckpt_0200000.pt
[08:49:53][rank0] step=200500  epoch=22  loss=1.0887  acc_e=0.00%  lr=6.65e-05  elapsed=4:52:07
[08:50:20][rank0] step=201000  epoch=22  loss=1.0898  acc_e=0.00%  lr=6.59e-05  elapsed=4:52:33
[08:50:47][rank0] step=201500  epoch=22  loss=1.0907  acc_e=0.00%  lr=6.53e-05  elapsed=4:53:00
[08:51:15][rank0] step=202000  epoch=22  loss=1.0910  acc_e=0.00%  lr=6.47e-05  elapsed=4:53:28
[08:51:15][rank0] --- Validation @ step 202000 ---
[08:52:20][rank0]   val loss=1.0815  loss_e=0.0000  acc_e=0.00%  acc_l=56.84%
[08:52:20][rank0]   No improvement count: 6/10
[08:52:47][rank0] step=202500  epoch=22  loss=1.0919  acc_e=0.00%  lr=6.40e-05  elapsed=4:55:00
[08:53:15][rank0] step=203000  epoch=22  loss=1.0916  acc_e=0.00%  lr=6.34e-05  elapsed=4:55:28
[08:53:43][rank0] step=203500  epoch=22  loss=1.0913  acc_e=0.00%  lr=6.28e-05  elapsed=4:55:56
[08:54:10][rank0] step=204000  epoch=22  loss=1.0910  acc_e=0.00%  lr=6.22e-05  elapsed=4:56:23
[08:54:10][rank0] --- Validation @ step 204000 ---
[08:55:16][rank0]   val loss=1.0811  loss_e=0.0000  acc_e=0.00%  acc_l=56.86%
[08:55:16][rank0]   New best val loss=1.0811 -> /scratch/yuvraj17/adaptive_tracing_scratch/adaptive_tracer/logs/transformer_duration_cats9_seq512_382084/model_best.pt
[08:55:43][rank0] step=204500  epoch=22  loss=1.0908  acc_e=0.00%  lr=6.16e-05  elapsed=4:57:56
[08:56:11][rank0] step=205000  epoch=22  loss=1.0911  acc_e=0.00%  lr=6.10e-05  elapsed=4:58:24
[08:56:38][rank0] step=205500  epoch=22  loss=1.0912  acc_e=0.00%  lr=6.05e-05  elapsed=4:58:51
[08:57:05][rank0] step=206000  epoch=22  loss=1.0917  acc_e=0.00%  lr=5.99e-05  elapsed=4:59:18
[08:57:05][rank0] --- Validation @ step 206000 ---
[08:58:11][rank0]   val loss=1.0810  loss_e=0.0000  acc_e=0.00%  acc_l=56.86%
[08:58:11][rank0]   New best val loss=1.0810 -> /scratch/yuvraj17/adaptive_tracing_scratch/adaptive_tracer/logs/transformer_duration_cats9_seq512_382084/model_best.pt
[08:58:23][rank0] Epoch  22/30  loss=1.0914  acc_e=0.00%  acc_l=56.36%  elapsed=5:00:36
[08:58:38][rank0] step=206500  epoch=23  loss=1.0887  acc_e=0.00%  lr=5.93e-05  elapsed=5:00:51
[08:59:05][rank0] step=207000  epoch=23  loss=1.0893  acc_e=0.00%  lr=5.87e-05  elapsed=5:01:18
[08:59:33][rank0] step=207500  epoch=23  loss=1.0863  acc_e=0.00%  lr=5.81e-05  elapsed=5:01:46
[09:00:00][rank0] step=208000  epoch=23  loss=1.0873  acc_e=0.00%  lr=5.75e-05  elapsed=5:02:14
[09:00:00][rank0] --- Validation @ step 208000 ---
[09:01:06][rank0]   val loss=1.0799  loss_e=0.0000  acc_e=0.00%  acc_l=56.95%
[09:01:06][rank0]   New best val loss=1.0799 -> /scratch/yuvraj17/adaptive_tracing_scratch/adaptive_tracer/logs/transformer_duration_cats9_seq512_382084/model_best.pt
[09:01:33][rank0] step=208500  epoch=23  loss=1.0884  acc_e=0.00%  lr=5.70e-05  elapsed=5:03:46
[09:02:00][rank0] step=209000  epoch=23  loss=1.0882  acc_e=0.00%  lr=5.64e-05  elapsed=5:04:13
[09:02:27][rank0] step=209500  epoch=23  loss=1.0879  acc_e=0.00%  lr=5.58e-05  elapsed=5:04:41
[09:02:55][rank0] step=210000  epoch=23  loss=1.0879  acc_e=0.00%  lr=5.53e-05  elapsed=5:05:09
[09:02:55][rank0] --- Validation @ step 210000 ---
[09:04:01][rank0]   val loss=1.0803  loss_e=0.0000  acc_e=0.00%  acc_l=56.94%
[09:04:01][rank0]   No improvement count: 1/10
[09:04:01][rank0]   Checkpoint -> /scratch/yuvraj17/adaptive_tracing_scratch/adaptive_tracer/logs/transformer_duration_cats9_seq512_382084/ckpt_0210000.pt
[09:04:27][rank0] step=210500  epoch=23  loss=1.0892  acc_e=0.00%  lr=5.47e-05  elapsed=5:06:40
[09:04:55][rank0] step=211000  epoch=23  loss=1.0897  acc_e=0.00%  lr=5.41e-05  elapsed=5:07:08
[09:05:22][rank0] step=211500  epoch=23  loss=1.0903  acc_e=0.00%  lr=5.36e-05  elapsed=5:07:35
[09:05:49][rank0] step=212000  epoch=23  loss=1.0910  acc_e=0.00%  lr=5.30e-05  elapsed=5:08:02
[09:05:49][rank0] --- Validation @ step 212000 ---
[09:06:59][rank0]   val loss=1.0799  loss_e=0.0000  acc_e=0.00%  acc_l=56.89%
[09:06:59][rank0]   New best val loss=1.0799 -> /scratch/yuvraj17/adaptive_tracing_scratch/adaptive_tracer/logs/transformer_duration_cats9_seq512_382084/model_best.pt
[09:07:27][rank0] step=212500  epoch=23  loss=1.0907  acc_e=0.00%  lr=5.25e-05  elapsed=5:09:40
[09:07:55][rank0] step=213000  epoch=23  loss=1.0902  acc_e=0.00%  lr=5.20e-05  elapsed=5:10:08
[09:08:22][rank0] step=213500  epoch=23  loss=1.0901  acc_e=0.00%  lr=5.14e-05  elapsed=5:10:36
[09:08:50][rank0] step=214000  epoch=23  loss=1.0900  acc_e=0.00%  lr=5.09e-05  elapsed=5:11:03
[09:08:50][rank0] --- Validation @ step 214000 ---
[09:09:55][rank0]   val loss=1.0801  loss_e=0.0000  acc_e=0.00%  acc_l=56.93%
[09:09:55][rank0]   No improvement count: 1/10
[09:10:23][rank0] step=214500  epoch=23  loss=1.0902  acc_e=0.00%  lr=5.03e-05  elapsed=5:12:36
[09:10:50][rank0] step=215000  epoch=23  loss=1.0904  acc_e=0.00%  lr=4.98e-05  elapsed=5:13:03
[09:11:17][rank0] step=215500  epoch=23  loss=1.0907  acc_e=0.00%  lr=4.93e-05  elapsed=5:13:30
[09:11:23][rank0] Epoch  23/30  loss=1.0905  acc_e=0.00%  acc_l=56.40%  elapsed=5:13:36
[09:11:44][rank0] step=216000  epoch=24  loss=1.0877  acc_e=0.00%  lr=4.88e-05  elapsed=5:13:57
[09:11:44][rank0] --- Validation @ step 216000 ---
[09:12:49][rank0]   val loss=1.0803  loss_e=0.0000  acc_e=0.00%  acc_l=56.93%
[09:12:49][rank0]   No improvement count: 2/10
[09:13:17][rank0] step=216500  epoch=24  loss=1.0886  acc_e=0.00%  lr=4.82e-05  elapsed=5:15:30
[09:13:44][rank0] step=217000  epoch=24  loss=1.0846  acc_e=0.00%  lr=4.77e-05  elapsed=5:15:57
[09:14:11][rank0] step=217500  epoch=24  loss=1.0864  acc_e=0.00%  lr=4.72e-05  elapsed=5:16:25
[09:14:38][rank0] step=218000  epoch=24  loss=1.0879  acc_e=0.00%  lr=4.67e-05  elapsed=5:16:51
[09:14:38][rank0] --- Validation @ step 218000 ---
[09:15:44][rank0]   val loss=1.0794  loss_e=0.0000  acc_e=0.00%  acc_l=56.98%
[09:15:44][rank0]   New best val loss=1.0794 -> /scratch/yuvraj17/adaptive_tracing_scratch/adaptive_tracer/logs/transformer_duration_cats9_seq512_382084/model_best.pt
[09:16:12][rank0] step=218500  epoch=24  loss=1.0873  acc_e=0.00%  lr=4.62e-05  elapsed=5:18:25
[09:16:40][rank0] step=219000  epoch=24  loss=1.0871  acc_e=0.00%  lr=4.57e-05  elapsed=5:18:53
[09:17:08][rank0] step=219500  epoch=24  loss=1.0874  acc_e=0.00%  lr=4.52e-05  elapsed=5:19:21
[09:17:34][rank0] step=220000  epoch=24  loss=1.0885  acc_e=0.00%  lr=4.47e-05  elapsed=5:19:48
[09:17:34][rank0] --- Validation @ step 220000 ---
[09:18:40][rank0]   val loss=1.0797  loss_e=0.0000  acc_e=0.00%  acc_l=56.91%
[09:18:40][rank0]   No improvement count: 1/10
[09:18:40][rank0]   Checkpoint -> /scratch/yuvraj17/adaptive_tracing_scratch/adaptive_tracer/logs/transformer_duration_cats9_seq512_382084/ckpt_0220000.pt
[09:19:07][rank0] step=220500  epoch=24  loss=1.0887  acc_e=0.00%  lr=4.42e-05  elapsed=5:21:20
[09:19:34][rank0] step=221000  epoch=24  loss=1.0895  acc_e=0.00%  lr=4.37e-05  elapsed=5:21:47
[09:20:01][rank0] step=221500  epoch=24  loss=1.0900  acc_e=0.00%  lr=4.32e-05  elapsed=5:22:14
[09:20:29][rank0] step=222000  epoch=24  loss=1.0896  acc_e=0.00%  lr=4.28e-05  elapsed=5:22:42
[09:20:29][rank0] --- Validation @ step 222000 ---
[09:21:34][rank0]   val loss=1.0789  loss_e=0.0000  acc_e=0.00%  acc_l=56.99%
[09:21:34][rank0]   New best val loss=1.0789 -> /scratch/yuvraj17/adaptive_tracing_scratch/adaptive_tracer/logs/transformer_duration_cats9_seq512_382084/model_best.pt
[09:22:02][rank0] step=222500  epoch=24  loss=1.0890  acc_e=0.00%  lr=4.23e-05  elapsed=5:24:15
[09:22:29][rank0] step=223000  epoch=24  loss=1.0890  acc_e=0.00%  lr=4.18e-05  elapsed=5:24:42
[09:22:57][rank0] step=223500  epoch=24  loss=1.0890  acc_e=0.00%  lr=4.13e-05  elapsed=5:25:10
[09:23:24][rank0] step=224000  epoch=24  loss=1.0891  acc_e=0.00%  lr=4.09e-05  elapsed=5:25:37
[09:23:24][rank0] --- Validation @ step 224000 ---
[09:24:30][rank0]   val loss=1.0795  loss_e=0.0000  acc_e=0.00%  acc_l=56.93%
[09:24:30][rank0]   No improvement count: 1/10
[09:24:56][rank0] step=224500  epoch=24  loss=1.0897  acc_e=0.00%  lr=4.04e-05  elapsed=5:27:10
[09:25:23][rank0] Epoch  24/30  loss=1.0895  acc_e=0.00%  acc_l=56.43%  elapsed=5:27:36
[09:25:24][rank0] step=225000  epoch=25  loss=1.0837  acc_e=0.00%  lr=4.00e-05  elapsed=5:27:38
[09:25:52][rank0] step=225500  epoch=25  loss=1.0882  acc_e=0.00%  lr=3.95e-05  elapsed=5:28:05
[09:26:19][rank0] step=226000  epoch=25  loss=1.0873  acc_e=0.00%  lr=3.91e-05  elapsed=5:28:32
[09:26:19][rank0] --- Validation @ step 226000 ---
[09:27:24][rank0]   val loss=1.0794  loss_e=0.0000  acc_e=0.00%  acc_l=56.96%
[09:27:24][rank0]   No improvement count: 2/10
[09:27:52][rank0] step=226500  epoch=25  loss=1.0845  acc_e=0.00%  lr=3.86e-05  elapsed=5:30:05
[09:28:19][rank0] step=227000  epoch=25  loss=1.0864  acc_e=0.00%  lr=3.82e-05  elapsed=5:30:32
[09:28:46][rank0] step=227500  epoch=25  loss=1.0867  acc_e=0.00%  lr=3.77e-05  elapsed=5:30:59
[09:29:14][rank0] step=228000  epoch=25  loss=1.0868  acc_e=0.00%  lr=3.73e-05  elapsed=5:31:27
[09:29:14][rank0] --- Validation @ step 228000 ---
[09:30:20][rank0]   val loss=1.0791  loss_e=0.0000  acc_e=0.00%  acc_l=57.00%
[09:30:20][rank0]   No improvement count: 3/10
[09:30:48][rank0] step=228500  epoch=25  loss=1.0862  acc_e=0.00%  lr=3.69e-05  elapsed=5:33:01
[09:31:15][rank0] step=229000  epoch=25  loss=1.0871  acc_e=0.00%  lr=3.64e-05  elapsed=5:33:28
[09:31:42][rank0] step=229500  epoch=25  loss=1.0881  acc_e=0.00%  lr=3.60e-05  elapsed=5:33:55
[09:32:10][rank0] step=230000  epoch=25  loss=1.0884  acc_e=0.00%  lr=3.56e-05  elapsed=5:34:23
[09:32:10][rank0] --- Validation @ step 230000 ---
[09:33:16][rank0]   val loss=1.0787  loss_e=0.0000  acc_e=0.00%  acc_l=56.95%
[09:33:16][rank0]   New best val loss=1.0787 -> /scratch/yuvraj17/adaptive_tracing_scratch/adaptive_tracer/logs/transformer_duration_cats9_seq512_382084/model_best.pt
[09:33:16][rank0]   Checkpoint -> /scratch/yuvraj17/adaptive_tracing_scratch/adaptive_tracer/logs/transformer_duration_cats9_seq512_382084/ckpt_0230000.pt
[09:33:42][rank0] step=230500  epoch=25  loss=1.0891  acc_e=0.00%  lr=3.52e-05  elapsed=5:35:55
[09:34:10][rank0] step=231000  epoch=25  loss=1.0891  acc_e=0.00%  lr=3.48e-05  elapsed=5:36:23
[09:34:38][rank0] step=231500  epoch=25  loss=1.0889  acc_e=0.00%  lr=3.44e-05  elapsed=5:36:51
[09:35:06][rank0] step=232000  epoch=25  loss=1.0882  acc_e=0.00%  lr=3.40e-05  elapsed=5:37:19
[09:35:06][rank0] --- Validation @ step 232000 ---
[09:36:11][rank0]   val loss=1.0789  loss_e=0.0000  acc_e=0.00%  acc_l=56.99%
[09:36:11][rank0]   No improvement count: 1/10
[09:36:38][rank0] step=232500  epoch=25  loss=1.0883  acc_e=0.00%  lr=3.36e-05  elapsed=5:38:51
[09:37:06][rank0] step=233000  epoch=25  loss=1.0884  acc_e=0.00%  lr=3.32e-05  elapsed=5:39:19
[09:37:34][rank0] step=233500  epoch=25  loss=1.0885  acc_e=0.00%  lr=3.28e-05  elapsed=5:39:47
[09:38:01][rank0] step=234000  epoch=25  loss=1.0891  acc_e=0.00%  lr=3.24e-05  elapsed=5:40:14
[09:38:01][rank0] --- Validation @ step 234000 ---
[09:39:06][rank0]   val loss=1.0791  loss_e=0.0000  acc_e=0.00%  acc_l=56.92%
[09:39:06][rank0]   No improvement count: 2/10
[09:39:26][rank0] Epoch  25/30  loss=1.0889  acc_e=0.00%  acc_l=56.46%  elapsed=5:41:39
[09:39:34][rank0] step=234500  epoch=26  loss=1.0892  acc_e=0.00%  lr=3.20e-05  elapsed=5:41:47
[09:40:01][rank0] step=235000  epoch=26  loss=1.0867  acc_e=0.00%  lr=3.16e-05  elapsed=5:42:14
[09:40:29][rank0] step=235500  epoch=26  loss=1.0848  acc_e=0.00%  lr=3.12e-05  elapsed=5:42:42
[09:40:57][rank0] step=236000  epoch=26  loss=1.0842  acc_e=0.00%  lr=3.09e-05  elapsed=5:43:10
[09:40:57][rank0] --- Validation @ step 236000 ---
[09:42:04][rank0]   val loss=1.0783  loss_e=0.0000  acc_e=0.00%  acc_l=56.99%
[09:42:04][rank0]   New best val loss=1.0783 -> /scratch/yuvraj17/adaptive_tracing_scratch/adaptive_tracer/logs/transformer_duration_cats9_seq512_382084/model_best.pt
[09:42:32][rank0] step=236500  epoch=26  loss=1.0861  acc_e=0.00%  lr=3.05e-05  elapsed=5:44:45
[09:42:59][rank0] step=237000  epoch=26  loss=1.0867  acc_e=0.00%  lr=3.01e-05  elapsed=5:45:12
[09:43:27][rank0] step=237500  epoch=26  loss=1.0860  acc_e=0.00%  lr=2.98e-05  elapsed=5:45:40
[09:43:55][rank0] step=238000  epoch=26  loss=1.0856  acc_e=0.00%  lr=2.94e-05  elapsed=5:46:08
[09:43:55][rank0] --- Validation @ step 238000 ---
[09:45:00][rank0]   val loss=1.0783  loss_e=0.0000  acc_e=0.00%  acc_l=57.01%
[09:45:00][rank0]   New best val loss=1.0783 -> /scratch/yuvraj17/adaptive_tracing_scratch/adaptive_tracer/logs/transformer_duration_cats9_seq512_382084/model_best.pt
[09:45:27][rank0] step=238500  epoch=26  loss=1.0866  acc_e=0.00%  lr=2.91e-05  elapsed=5:47:40
[09:45:54][rank0] step=239000  epoch=26  loss=1.0875  acc_e=0.00%  lr=2.87e-05  elapsed=5:48:07
[09:46:21][rank0] step=239500  epoch=26  loss=1.0878  acc_e=0.00%  lr=2.84e-05  elapsed=5:48:34
[09:46:48][rank0] step=240000  epoch=26  loss=1.0888  acc_e=0.00%  lr=2.80e-05  elapsed=5:49:01
[09:46:48][rank0] --- Validation @ step 240000 ---
[09:47:54][rank0]   val loss=1.0783  loss_e=0.0000  acc_e=0.00%  acc_l=56.99%
[09:47:54][rank0]   New best val loss=1.0783 -> /scratch/yuvraj17/adaptive_tracing_scratch/adaptive_tracer/logs/transformer_duration_cats9_seq512_382084/model_best.pt
[09:47:54][rank0]   Checkpoint -> /scratch/yuvraj17/adaptive_tracing_scratch/adaptive_tracer/logs/transformer_duration_cats9_seq512_382084/ckpt_0240000.pt
[09:48:21][rank0] step=240500  epoch=26  loss=1.0884  acc_e=0.00%  lr=2.77e-05  elapsed=5:50:35
[09:48:50][rank0] step=241000  epoch=26  loss=1.0882  acc_e=0.00%  lr=2.74e-05  elapsed=5:51:03
[09:49:17][rank0] step=241500  epoch=26  loss=1.0878  acc_e=0.00%  lr=2.71e-05  elapsed=5:51:30
[09:49:44][rank0] step=242000  epoch=26  loss=1.0876  acc_e=0.00%  lr=2.67e-05  elapsed=5:51:57
[09:49:44][rank0] --- Validation @ step 242000 ---
[09:50:50][rank0]   val loss=1.0781  loss_e=0.0000  acc_e=0.00%  acc_l=57.01%
[09:50:50][rank0]   New best val loss=1.0781 -> /scratch/yuvraj17/adaptive_tracing_scratch/adaptive_tracer/logs/transformer_duration_cats9_seq512_382084/model_best.pt
[09:51:18][rank0] step=242500  epoch=26  loss=1.0879  acc_e=0.00%  lr=2.64e-05  elapsed=5:53:31
[09:51:46][rank0] step=243000  epoch=26  loss=1.0880  acc_e=0.00%  lr=2.61e-05  elapsed=5:53:59
[09:52:13][rank0] step=243500  epoch=26  loss=1.0886  acc_e=0.00%  lr=2.58e-05  elapsed=5:54:27
[09:52:26][rank0] Epoch  26/30  loss=1.0883  acc_e=0.00%  acc_l=56.49%  elapsed=5:54:39
[09:52:41][rank0] step=244000  epoch=27  loss=1.0870  acc_e=0.00%  lr=2.55e-05  elapsed=5:54:54
[09:52:41][rank0] --- Validation @ step 244000 ---
[09:53:48][rank0]   val loss=1.0782  loss_e=0.0000  acc_e=0.00%  acc_l=57.03%
[09:53:48][rank0]   No improvement count: 1/10
[09:54:15][rank0] step=244500  epoch=27  loss=1.0863  acc_e=0.00%  lr=2.52e-05  elapsed=5:56:28
[09:54:42][rank0] step=245000  epoch=27  loss=1.0834  acc_e=0.00%  lr=2.49e-05  elapsed=5:56:55
[09:55:10][rank0] step=245500  epoch=27  loss=1.0845  acc_e=0.00%  lr=2.46e-05  elapsed=5:57:24
[09:55:37][rank0] step=246000  epoch=27  loss=1.0856  acc_e=0.00%  lr=2.43e-05  elapsed=5:57:51
[09:55:37][rank0] --- Validation @ step 246000 ---
[09:56:43][rank0]   val loss=1.0782  loss_e=0.0000  acc_e=0.00%  acc_l=57.01%
[09:56:43][rank0]   No improvement count: 2/10
[09:57:10][rank0] step=246500  epoch=27  loss=1.0854  acc_e=0.00%  lr=2.40e-05  elapsed=5:59:23
[09:57:38][rank0] step=247000  epoch=27  loss=1.0852  acc_e=0.00%  lr=2.37e-05  elapsed=5:59:51
[09:58:06][rank0] step=247500  epoch=27  loss=1.0852  acc_e=0.00%  lr=2.35e-05  elapsed=6:00:20
[09:58:33][rank0] step=248000  epoch=27  loss=1.0863  acc_e=0.00%  lr=2.32e-05  elapsed=6:00:46
[09:58:33][rank0] --- Validation @ step 248000 ---
[09:59:39][rank0]   val loss=1.0783  loss_e=0.0000  acc_e=0.00%  acc_l=56.95%
[09:59:39][rank0]   No improvement count: 3/10
[10:00:06][rank0] step=248500  epoch=27  loss=1.0869  acc_e=0.00%  lr=2.29e-05  elapsed=6:02:19
[10:00:33][rank0] step=249000  epoch=27  loss=1.0874  acc_e=0.00%  lr=2.27e-05  elapsed=6:02:46
[10:01:00][rank0] step=249500  epoch=27  loss=1.0882  acc_e=0.00%  lr=2.24e-05  elapsed=6:03:13
[10:01:28][rank0] step=250000  epoch=27  loss=1.0878  acc_e=0.00%  lr=2.21e-05  elapsed=6:03:41
[10:01:28][rank0] --- Validation @ step 250000 ---
[10:02:33][rank0]   val loss=1.0776  loss_e=0.0000  acc_e=0.00%  acc_l=57.02%
[10:02:33][rank0]   New best val loss=1.0776 -> /scratch/yuvraj17/adaptive_tracing_scratch/adaptive_tracer/logs/transformer_duration_cats9_seq512_382084/model_best.pt
[10:02:33][rank0]   Checkpoint -> /scratch/yuvraj17/adaptive_tracing_scratch/adaptive_tracer/logs/transformer_duration_cats9_seq512_382084/ckpt_0250000.pt
[10:03:01][rank0] step=250500  epoch=27  loss=1.0874  acc_e=0.00%  lr=2.19e-05  elapsed=6:05:14
[10:03:28][rank0] step=251000  epoch=27  loss=1.0873  acc_e=0.00%  lr=2.16e-05  elapsed=6:05:42
[10:03:56][rank0] step=251500  epoch=27  loss=1.0872  acc_e=0.00%  lr=2.14e-05  elapsed=6:06:09
[10:04:24][rank0] step=252000  epoch=27  loss=1.0874  acc_e=0.00%  lr=2.12e-05  elapsed=6:06:37
[10:04:24][rank0] --- Validation @ step 252000 ---
[10:05:30][rank0]   val loss=1.0782  loss_e=0.0000  acc_e=0.00%  acc_l=57.03%
[10:05:30][rank0]   No improvement count: 1/10
[10:05:57][rank0] step=252500  epoch=27  loss=1.0877  acc_e=0.00%  lr=2.09e-05  elapsed=6:08:10
[10:06:25][rank0] step=253000  epoch=27  loss=1.0879  acc_e=0.00%  lr=2.07e-05  elapsed=6:08:38
[10:06:30][rank0] Epoch  27/30  loss=1.0877  acc_e=0.00%  acc_l=56.51%  elapsed=6:08:44
[10:06:53][rank0] step=253500  epoch=28  loss=1.0854  acc_e=0.00%  lr=2.05e-05  elapsed=6:09:06
[10:07:20][rank0] step=254000  epoch=28  loss=1.0861  acc_e=0.00%  lr=2.03e-05  elapsed=6:09:34
[10:07:20][rank0] --- Validation @ step 254000 ---
[10:08:26][rank0]   val loss=1.0779  loss_e=0.0000  acc_e=0.00%  acc_l=57.02%
[10:08:26][rank0]   No improvement count: 2/10
[10:08:53][rank0] step=254500  epoch=28  loss=1.0823  acc_e=0.00%  lr=2.01e-05  elapsed=6:11:07
[10:09:21][rank0] step=255000  epoch=28  loss=1.0839  acc_e=0.00%  lr=1.98e-05  elapsed=6:11:34
[10:09:48][rank0] step=255500  epoch=28  loss=1.0855  acc_e=0.00%  lr=1.96e-05  elapsed=6:12:01
[10:10:16][rank0] step=256000  epoch=28  loss=1.0850  acc_e=0.00%  lr=1.94e-05  elapsed=6:12:29
[10:10:16][rank0] --- Validation @ step 256000 ---
[10:11:22][rank0]   val loss=1.0779  loss_e=0.0000  acc_e=0.00%  acc_l=57.05%
[10:11:22][rank0]   No improvement count: 3/10
[10:11:49][rank0] step=256500  epoch=28  loss=1.0848  acc_e=0.00%  lr=1.92e-05  elapsed=6:14:03
[10:12:17][rank0] step=257000  epoch=28  loss=1.0852  acc_e=0.00%  lr=1.90e-05  elapsed=6:14:30
[10:12:43][rank0] step=257500  epoch=28  loss=1.0862  acc_e=0.00%  lr=1.89e-05  elapsed=6:14:57
[10:13:11][rank0] step=258000  epoch=28  loss=1.0864  acc_e=0.00%  lr=1.87e-05  elapsed=6:15:24
[10:13:11][rank0] --- Validation @ step 258000 ---
[10:14:17][rank0]   val loss=1.0777  loss_e=0.0000  acc_e=0.00%  acc_l=57.02%
[10:14:17][rank0]   No improvement count: 4/10
[10:14:44][rank0] step=258500  epoch=28  loss=1.0872  acc_e=0.00%  lr=1.85e-05  elapsed=6:16:57
[10:15:11][rank0] step=259000  epoch=28  loss=1.0877  acc_e=0.00%  lr=1.83e-05  elapsed=6:17:24
[10:15:39][rank0] step=259500  epoch=28  loss=1.0873  acc_e=0.00%  lr=1.81e-05  elapsed=6:17:52
[10:16:06][rank0] step=260000  epoch=28  loss=1.0868  acc_e=0.00%  lr=1.80e-05  elapsed=6:18:20
[10:16:06][rank0] --- Validation @ step 260000 ---
[10:17:12][rank0]   val loss=1.0781  loss_e=0.0000  acc_e=0.00%  acc_l=57.03%
[10:17:12][rank0]   No improvement count: 5/10
[10:17:12][rank0]   Checkpoint -> /scratch/yuvraj17/adaptive_tracing_scratch/adaptive_tracer/logs/transformer_duration_cats9_seq512_382084/ckpt_0260000.pt
[10:17:39][rank0] step=260500  epoch=28  loss=1.0867  acc_e=0.00%  lr=1.78e-05  elapsed=6:19:52
[10:18:07][rank0] step=261000  epoch=28  loss=1.0868  acc_e=0.00%  lr=1.77e-05  elapsed=6:20:20
[10:18:34][rank0] step=261500  epoch=28  loss=1.0869  acc_e=0.00%  lr=1.75e-05  elapsed=6:20:48
[10:19:02][rank0] step=262000  epoch=28  loss=1.0875  acc_e=0.00%  lr=1.74e-05  elapsed=6:21:15
[10:19:02][rank0] --- Validation @ step 262000 ---
[10:20:07][rank0]   val loss=1.0777  loss_e=0.0000  acc_e=0.00%  acc_l=57.02%
[10:20:07][rank0]   No improvement count: 6/10
[10:20:33][rank0] Epoch  28/30  loss=1.0873  acc_e=0.00%  acc_l=56.52%  elapsed=6:22:47
[10:20:35][rank0] step=262500  epoch=29  loss=1.0767  acc_e=0.00%  lr=1.72e-05  elapsed=6:22:48
[10:21:02][rank0] step=263000  epoch=29  loss=1.0861  acc_e=0.00%  lr=1.71e-05  elapsed=6:23:16
[10:21:30][rank0] step=263500  epoch=29  loss=1.0853  acc_e=0.00%  lr=1.69e-05  elapsed=6:23:43
[10:21:57][rank0] step=264000  epoch=29  loss=1.0825  acc_e=0.00%  lr=1.68e-05  elapsed=6:24:11
[10:21:57][rank0] --- Validation @ step 264000 ---
[10:23:03][rank0]   val loss=1.0779  loss_e=0.0000  acc_e=0.00%  acc_l=57.02%
[10:23:03][rank0]   No improvement count: 7/10
[10:23:30][rank0] step=264500  epoch=29  loss=1.0843  acc_e=0.00%  lr=1.67e-05  elapsed=6:25:44
[10:23:57][rank0] step=265000  epoch=29  loss=1.0845  acc_e=0.00%  lr=1.66e-05  elapsed=6:26:10
[10:24:25][rank0] step=265500  epoch=29  loss=1.0847  acc_e=0.00%  lr=1.64e-05  elapsed=6:26:38
[10:24:53][rank0] step=266000  epoch=29  loss=1.0842  acc_e=0.00%  lr=1.63e-05  elapsed=6:27:06
[10:24:53][rank0] --- Validation @ step 266000 ---
[10:25:58][rank0]   val loss=1.0777  loss_e=0.0000  acc_e=0.00%  acc_l=57.09%
[10:25:58][rank0]   No improvement count: 8/10
[10:26:25][rank0] step=266500  epoch=29  loss=1.0852  acc_e=0.00%  lr=1.62e-05  elapsed=6:28:39
[10:26:52][rank0] step=267000  epoch=29  loss=1.0861  acc_e=0.00%  lr=1.61e-05  elapsed=6:29:05
[10:27:20][rank0] step=267500  epoch=29  loss=1.0865  acc_e=0.00%  lr=1.60e-05  elapsed=6:29:33
[10:27:47][rank0] step=268000  epoch=29  loss=1.0871  acc_e=0.00%  lr=1.59e-05  elapsed=6:30:00
[10:27:47][rank0] --- Validation @ step 268000 ---
[10:28:52][rank0]   val loss=1.0775  loss_e=0.0000  acc_e=0.00%  acc_l=57.03%
[10:28:52][rank0]   New best val loss=1.0775 -> /scratch/yuvraj17/adaptive_tracing_scratch/adaptive_tracer/logs/transformer_duration_cats9_seq512_382084/model_best.pt
[10:29:20][rank0] step=268500  epoch=29  loss=1.0872  acc_e=0.00%  lr=1.58e-05  elapsed=6:31:33
[10:29:48][rank0] step=269000  epoch=29  loss=1.0870  acc_e=0.00%  lr=1.58e-05  elapsed=6:32:01
[10:30:16][rank0] step=269500  epoch=29  loss=1.0863  acc_e=0.00%  lr=1.57e-05  elapsed=6:32:29
[10:30:43][rank0] step=270000  epoch=29  loss=1.0864  acc_e=0.00%  lr=1.56e-05  elapsed=6:32:56
[10:30:43][rank0] --- Validation @ step 270000 ---
[10:31:50][rank0]   val loss=1.0776  loss_e=0.0000  acc_e=0.00%  acc_l=57.06%
[10:31:50][rank0]   No improvement count: 1/10
[10:31:50][rank0]   Checkpoint -> /scratch/yuvraj17/adaptive_tracing_scratch/adaptive_tracer/logs/transformer_duration_cats9_seq512_382084/ckpt_0270000.pt
[10:32:17][rank0] step=270500  epoch=29  loss=1.0865  acc_e=0.00%  lr=1.55e-05  elapsed=6:34:31
[10:32:45][rank0] step=271000  epoch=29  loss=1.0866  acc_e=0.00%  lr=1.55e-05  elapsed=6:34:58
[10:33:12][rank0] step=271500  epoch=29  loss=1.0873  acc_e=0.00%  lr=1.54e-05  elapsed=6:35:25
[10:33:31][rank0] Epoch  29/30  loss=1.0870  acc_e=0.00%  acc_l=56.53%  elapsed=6:35:44
[10:33:40][rank0] step=272000  epoch=30  loss=1.0882  acc_e=0.00%  lr=1.53e-05  elapsed=6:35:53
[10:33:40][rank0] --- Validation @ step 272000 ---
[10:34:45][rank0]   val loss=1.0777  loss_e=0.0000  acc_e=0.00%  acc_l=57.07%
[10:34:45][rank0]   No improvement count: 2/10
[10:35:12][rank0] step=272500  epoch=30  loss=1.0853  acc_e=0.00%  lr=1.53e-05  elapsed=6:37:25
[10:35:40][rank0] step=273000  epoch=30  loss=1.0835  acc_e=0.00%  lr=1.52e-05  elapsed=6:37:53
[10:36:08][rank0] step=273500  epoch=30  loss=1.0828  acc_e=0.00%  lr=1.52e-05  elapsed=6:38:21
[10:36:35][rank0] step=274000  epoch=30  loss=1.0846  acc_e=0.00%  lr=1.52e-05  elapsed=6:38:48
[10:36:35][rank0] --- Validation @ step 274000 ---
[10:37:41][rank0]   val loss=1.0777  loss_e=0.0000  acc_e=0.00%  acc_l=57.05%
[10:37:41][rank0]   No improvement count: 3/10
[10:38:08][rank0] step=274500  epoch=30  loss=1.0852  acc_e=0.00%  lr=1.51e-05  elapsed=6:40:21
[10:38:36][rank0] step=275000  epoch=30  loss=1.0845  acc_e=0.00%  lr=1.51e-05  elapsed=6:40:49
[10:39:03][rank0] step=275500  epoch=30  loss=1.0841  acc_e=0.00%  lr=1.51e-05  elapsed=6:41:17
[10:39:30][rank0] step=276000  epoch=30  loss=1.0850  acc_e=0.00%  lr=1.50e-05  elapsed=6:41:43
[10:39:30][rank0] --- Validation @ step 276000 ---
[10:40:35][rank0]   val loss=1.0777  loss_e=0.0000  acc_e=0.00%  acc_l=57.03%
[10:40:35][rank0]   No improvement count: 4/10
[10:41:03][rank0] step=276500  epoch=30  loss=1.0860  acc_e=0.00%  lr=1.50e-05  elapsed=6:43:16
[10:41:30][rank0] step=277000  epoch=30  loss=1.0862  acc_e=0.00%  lr=1.50e-05  elapsed=6:43:43
[10:41:57][rank0] step=277500  epoch=30  loss=1.0872  acc_e=0.00%  lr=1.50e-05  elapsed=6:44:10
[10:42:24][rank0] step=278000  epoch=30  loss=1.0869  acc_e=0.00%  lr=1.50e-05  elapsed=6:44:37
[10:42:24][rank0] --- Validation @ step 278000 ---
[10:43:30][rank0]   val loss=1.0776  loss_e=0.0000  acc_e=0.00%  acc_l=57.06%
[10:43:30][rank0]   No improvement count: 5/10
[10:43:58][rank0] step=278500  epoch=30  loss=1.0867  acc_e=0.00%  lr=1.50e-05  elapsed=6:46:11
[10:44:25][rank0] step=279000  epoch=30  loss=1.0864  acc_e=0.00%  lr=1.50e-05  elapsed=6:46:39
[10:44:52][rank0] step=279500  epoch=30  loss=1.0862  acc_e=0.00%  lr=1.50e-05  elapsed=6:47:06
[10:45:21][rank0] step=280000  epoch=30  loss=1.0865  acc_e=0.00%  lr=1.50e-05  elapsed=6:47:34
[10:45:21][rank0] --- Validation @ step 280000 ---
[10:46:31][rank0]   val loss=1.0773  loss_e=0.0000  acc_e=0.00%  acc_l=57.08%
[10:46:31][rank0]   New best val loss=1.0773 -> /scratch/yuvraj17/adaptive_tracing_scratch/adaptive_tracer/logs/transformer_duration_cats9_seq512_382084/model_best.pt
[10:46:31][rank0]   Checkpoint -> /scratch/yuvraj17/adaptive_tracing_scratch/adaptive_tracer/logs/transformer_duration_cats9_seq512_382084/ckpt_0280000.pt
[10:46:59][rank0] step=280500  epoch=30  loss=1.0866  acc_e=0.00%  lr=1.51e-05  elapsed=6:49:12
[10:47:26][rank0] step=281000  epoch=30  loss=1.0872  acc_e=0.00%  lr=1.51e-05  elapsed=6:49:39
[10:47:38][rank0] Epoch  30/30  loss=1.0869  acc_e=0.00%  acc_l=56.54%  elapsed=6:49:51
[10:47:38][rank0] ======================================================================
[10:47:38][rank0] Training complete — OOD evaluation
[10:47:38][rank0] ======================================================================
[10:47:38][rank0] Loaded best model from /scratch/yuvraj17/adaptive_tracing_scratch/adaptive_tracer/logs/transformer_duration_cats9_seq512_382084/model_best.pt
[10:57:27][rank0] [OOD] global validation threshold (latency_loss) thr=1.00361 F1=0.6825 bal=197476/197476 full=197,476/646,822
[10:57:27][rank0] [OOD] cpu     AUROC=0.6759  AUPR=0.6619  bal=197044/190902  full=197,044/190,902  F1=0.6586  P=0.5938  R=0.7393  thr=1.00361
[10:57:27][rank0] [OOD] disk    AUROC=0.6591  AUPR=0.6127  bal=197044/123783  full=197,044/123,783  F1=0.5641  P=0.4727  R=0.6993  thr=1.00361
[10:57:27][rank0] [OOD] mem     AUROC=0.7271  AUPR=0.7464  bal=197044/217461  full=197,044/217,461  F1=0.7117  P=0.6424  R=0.7978  thr=1.00361
[10:57:27][rank0] [OOD] net     AUROC=0.7451  AUPR=0.6201  bal=197044/120006  full=197,044/120,006  F1=0.6299  P=0.5077  R=0.8297  thr=1.00361
[10:57:27][rank0] OOD results -> /scratch/yuvraj17/adaptive_tracing_scratch/adaptive_tracer/logs/transformer_duration_cats9_seq512_382084/ood_results.json
