[00:18:06][rank0] Vocab: 257 syscalls / 6 processes
[00:18:06][rank0] Train shards for this rank: 64  (total=64)  Valid shards: 64
[00:18:07][rank0] Model: LSTM  params=47,154,845
[00:18:07][rank0]   n_hidden=1024  n_layer=6  n_head=8
[00:18:07][rank0]   AMP(bf16)=True  compile=False  chk=False  DDP=False
[00:18:07][rank0]   batch=512  accum_steps=4  world_size=1  eff_batch=2048
[00:18:07][rank0] ======================================================================
[00:18:07][rank0] Starting training  device=cuda:0  total_steps~=15425  world_size=1
[00:18:07][rank0] ======================================================================
[00:19:40][rank0] --- Validation @ step 100 ---
[00:20:26][rank0]   val loss=2.6076  loss_e=2.5693  acc_e=33.34%  acc_l=0.13%
[00:20:26][rank0]   New best val loss=2.6076 -> /scratch/yuvraj17/adaptive_tracing_scratch/adaptive_tracer/logs/sockshop_lstm_100ep_ordinal_356191/model_best.pt
[00:21:19][rank0] Epoch   1/100  loss=3.8669  acc_e=29.73%  acc_l=8.13%  elapsed=0:03:12
[00:21:58][rank0] --- Validation @ step 200 ---
[00:22:43][rank0]   val loss=2.4482  loss_e=2.4163  acc_e=33.34%  acc_l=56.08%
[00:22:44][rank0]   New best val loss=2.4482 -> /scratch/yuvraj17/adaptive_tracing_scratch/adaptive_tracer/logs/sockshop_lstm_100ep_ordinal_356191/model_best.pt
[00:24:12][rank0] --- Validation @ step 300 ---
[00:24:57][rank0]   val loss=2.4119  loss_e=2.3819  acc_e=34.12%  acc_l=3.20%
[00:24:57][rank0]   New best val loss=2.4119 -> /scratch/yuvraj17/adaptive_tracing_scratch/adaptive_tracer/logs/sockshop_lstm_100ep_ordinal_356191/model_best.pt
[00:25:12][rank0] Epoch   2/100  loss=2.4328  acc_e=33.56%  acc_l=30.43%  elapsed=0:07:05
[00:26:29][rank0] --- Validation @ step 400 ---
[00:27:14][rank0]   val loss=2.3949  loss_e=2.3650  acc_e=34.32%  acc_l=29.34%
[00:27:14][rank0]   New best val loss=2.3949 -> /scratch/yuvraj17/adaptive_tracing_scratch/adaptive_tracer/logs/sockshop_lstm_100ep_ordinal_356191/model_best.pt
[00:28:20][rank0] Epoch   3/100  loss=2.3959  acc_e=33.93%  acc_l=23.16%  elapsed=0:10:13
[00:28:45][rank0] step=   500  epoch=4  loss=2.3704  acc_e=34.02%  lr=2.50e-04  elapsed=0:10:38
[00:28:45][rank0] --- Validation @ step 500 ---
[00:29:30][rank0]   val loss=2.3933  loss_e=2.3635  acc_e=32.85%  acc_l=16.30%
[00:29:30][rank0]   New best val loss=2.3933 -> /scratch/yuvraj17/adaptive_tracing_scratch/adaptive_tracer/logs/sockshop_lstm_100ep_ordinal_356191/model_best.pt
[00:31:00][rank0] --- Validation @ step 600 ---
[00:31:44][rank0]   val loss=2.3860  loss_e=2.3562  acc_e=34.32%  acc_l=2.97%
[00:31:44][rank0]   New best val loss=2.3860 -> /scratch/yuvraj17/adaptive_tracing_scratch/adaptive_tracer/logs/sockshop_lstm_100ep_ordinal_356191/model_best.pt
[00:32:13][rank0] Epoch   4/100  loss=2.3876  acc_e=33.88%  acc_l=21.61%  elapsed=0:14:06
[00:33:14][rank0] --- Validation @ step 700 ---
[00:33:59][rank0]   val loss=2.3966  loss_e=2.3668  acc_e=33.55%  acc_l=10.49%
[00:35:20][rank0] Epoch   5/100  loss=2.3362  acc_e=34.34%  acc_l=30.89%  elapsed=0:17:13
[00:35:30][rank0] --- Validation @ step 800 ---
[00:36:14][rank0]   val loss=2.2118  loss_e=2.1975  acc_e=35.67%  acc_l=55.47%
[00:36:15][rank0]   New best val loss=2.2118 -> /scratch/yuvraj17/adaptive_tracing_scratch/adaptive_tracer/logs/sockshop_lstm_100ep_ordinal_356191/model_best.pt
[00:37:45][rank0] --- Validation @ step 900 ---
[00:38:29][rank0]   val loss=2.1935  loss_e=2.1834  acc_e=35.72%  acc_l=4.97%
[00:38:30][rank0]   New best val loss=2.1935 -> /scratch/yuvraj17/adaptive_tracing_scratch/adaptive_tracer/logs/sockshop_lstm_100ep_ordinal_356191/model_best.pt
[00:39:13][rank0] Epoch   6/100  loss=2.1998  acc_e=35.50%  acc_l=24.96%  elapsed=0:21:06
[00:40:01][rank0] step=  1000  epoch=7  loss=2.1478  acc_e=36.35%  lr=5.00e-04  elapsed=0:21:54
[00:40:01][rank0] --- Validation @ step 1000 ---
[00:40:46][rank0]   val loss=2.1621  loss_e=2.1554  acc_e=36.13%  acc_l=8.80%
[00:40:46][rank0]   New best val loss=2.1621 -> /scratch/yuvraj17/adaptive_tracing_scratch/adaptive_tracer/logs/sockshop_lstm_100ep_ordinal_356191/model_best.pt
[00:42:15][rank0] --- Validation @ step 1100 ---
[00:43:00][rank0]   val loss=1.4272  loss_e=1.4186  acc_e=79.37%  acc_l=56.05%
[00:43:00][rank0]   New best val loss=1.4272 -> /scratch/yuvraj17/adaptive_tracing_scratch/adaptive_tracer/logs/sockshop_lstm_100ep_ordinal_356191/model_best.pt
[00:43:06][rank0] Epoch   7/100  loss=1.9586  acc_e=49.61%  acc_l=28.30%  elapsed=0:24:59
[00:44:31][rank0] --- Validation @ step 1200 ---
[00:45:17][rank0]   val loss=1.3260  loss_e=1.3196  acc_e=81.80%  acc_l=14.03%
[00:45:17][rank0]   New best val loss=1.3260 -> /scratch/yuvraj17/adaptive_tracing_scratch/adaptive_tracer/logs/sockshop_lstm_100ep_ordinal_356191/model_best.pt
[00:46:15][rank0] Epoch   8/100  loss=1.3883  acc_e=80.33%  acc_l=23.99%  elapsed=0:28:08
[00:46:49][rank0] --- Validation @ step 1300 ---
[00:47:34][rank0]   val loss=1.3144  loss_e=1.3083  acc_e=81.85%  acc_l=12.65%
[00:47:34][rank0]   New best val loss=1.3144 -> /scratch/yuvraj17/adaptive_tracing_scratch/adaptive_tracer/logs/sockshop_lstm_100ep_ordinal_356191/model_best.pt
[00:49:03][rank0] --- Validation @ step 1400 ---
[00:49:48][rank0]   val loss=1.3188  loss_e=1.3118  acc_e=82.21%  acc_l=11.46%
[00:50:08][rank0] Epoch   9/100  loss=1.3283  acc_e=81.82%  acc_l=22.17%  elapsed=0:32:01
[00:51:19][rank0] step=  1500  epoch=10  loss=1.2919  acc_e=82.36%  lr=7.50e-04  elapsed=0:33:12
[00:51:19][rank0] --- Validation @ step 1500 ---
[00:52:04][rank0]   val loss=1.2901  loss_e=1.2841  acc_e=82.21%  acc_l=17.21%
[00:52:05][rank0]   New best val loss=1.2901 -> /scratch/yuvraj17/adaptive_tracing_scratch/adaptive_tracer/logs/sockshop_lstm_100ep_ordinal_356191/model_best.pt
[00:53:16][rank0] Epoch  10/100  loss=1.2869  acc_e=82.43%  acc_l=18.00%  elapsed=0:35:09
[00:53:35][rank0] --- Validation @ step 1600 ---
[00:54:21][rank0]   val loss=1.2698  loss_e=1.2642  acc_e=83.02%  acc_l=17.44%
[00:54:21][rank0]   New best val loss=1.2698 -> /scratch/yuvraj17/adaptive_tracing_scratch/adaptive_tracer/logs/sockshop_lstm_100ep_ordinal_356191/model_best.pt
[00:55:51][rank0] --- Validation @ step 1700 ---
[00:56:36][rank0]   val loss=1.2653  loss_e=1.2620  acc_e=82.90%  acc_l=17.58%
[00:56:37][rank0]   New best val loss=1.2653 -> /scratch/yuvraj17/adaptive_tracing_scratch/adaptive_tracer/logs/sockshop_lstm_100ep_ordinal_356191/model_best.pt
[00:57:10][rank0] Epoch  11/100  loss=1.2739  acc_e=82.72%  acc_l=18.76%  elapsed=0:39:03
[00:58:06][rank0] --- Validation @ step 1800 ---
[00:58:52][rank0]   val loss=1.2421  loss_e=1.2549  acc_e=83.04%  acc_l=30.55%
[00:58:52][rank0]   New best val loss=1.2421 -> /scratch/yuvraj17/adaptive_tracing_scratch/adaptive_tracer/logs/sockshop_lstm_100ep_ordinal_356191/model_best.pt
[01:00:19][rank0] Epoch  12/100  loss=1.2385  acc_e=83.12%  acc_l=30.39%  elapsed=0:42:12
[01:00:23][rank0] --- Validation @ step 1900 ---
[01:01:08][rank0]   val loss=1.1990  loss_e=1.2473  acc_e=83.46%  acc_l=38.41%
[01:01:09][rank0]   New best val loss=1.1990 -> /scratch/yuvraj17/adaptive_tracing_scratch/adaptive_tracer/logs/sockshop_lstm_100ep_ordinal_356191/model_best.pt
[01:02:39][rank0] step=  2000  epoch=13  loss=1.1809  acc_e=83.30%  lr=1.00e-03  elapsed=0:44:31
[01:02:39][rank0] --- Validation @ step 2000 ---
[01:03:24][rank0]   val loss=1.2795  loss_e=1.2776  acc_e=82.37%  acc_l=43.74%
[01:04:12][rank0] Epoch  13/100  loss=1.1875  acc_e=83.25%  acc_l=27.00%  elapsed=0:46:05
[01:04:56][rank0] --- Validation @ step 2100 ---
[01:05:41][rank0]   val loss=1.1224  loss_e=1.2440  acc_e=83.47%  acc_l=21.44%
[01:05:41][rank0]   New best val loss=1.1224 -> /scratch/yuvraj17/adaptive_tracing_scratch/adaptive_tracer/logs/sockshop_lstm_100ep_ordinal_356191/model_best.pt
[01:07:10][rank0] --- Validation @ step 2200 ---
[01:07:55][rank0]   val loss=1.0801  loss_e=1.2525  acc_e=83.34%  acc_l=24.30%
[01:07:55][rank0]   New best val loss=1.0801 -> /scratch/yuvraj17/adaptive_tracing_scratch/adaptive_tracer/logs/sockshop_lstm_100ep_ordinal_356191/model_best.pt
[01:08:06][rank0] Epoch  14/100  loss=1.1151  acc_e=83.28%  acc_l=20.43%  elapsed=0:49:59
[01:09:27][rank0] --- Validation @ step 2300 ---
[01:10:12][rank0]   val loss=1.0005  loss_e=1.2419  acc_e=83.53%  acc_l=21.24%
[01:10:12][rank0]   New best val loss=1.0005 -> /scratch/yuvraj17/adaptive_tracing_scratch/adaptive_tracer/logs/sockshop_lstm_100ep_ordinal_356191/model_best.pt
[01:11:15][rank0] Epoch  15/100  loss=1.0220  acc_e=83.37%  acc_l=21.93%  elapsed=0:53:07
[01:11:43][rank0] --- Validation @ step 2400 ---
[01:12:28][rank0]   val loss=0.9527  loss_e=1.2486  acc_e=83.52%  acc_l=22.77%
[01:12:28][rank0]   New best val loss=0.9527 -> /scratch/yuvraj17/adaptive_tracing_scratch/adaptive_tracer/logs/sockshop_lstm_100ep_ordinal_356191/model_best.pt
[01:13:57][rank0] step=  2500  epoch=16  loss=0.9323  acc_e=83.51%  lr=9.97e-04  elapsed=0:55:50
[01:13:57][rank0] --- Validation @ step 2500 ---
[01:14:42][rank0]   val loss=0.8859  loss_e=1.2410  acc_e=83.56%  acc_l=15.25%
[01:14:42][rank0]   New best val loss=0.8859 -> /scratch/yuvraj17/adaptive_tracing_scratch/adaptive_tracer/logs/sockshop_lstm_100ep_ordinal_356191/model_best.pt
[01:15:08][rank0] Epoch  16/100  loss=0.9163  acc_e=83.59%  acc_l=18.46%  elapsed=0:57:01
[01:16:13][rank0] --- Validation @ step 2600 ---
[01:16:59][rank0]   val loss=0.8660  loss_e=1.2835  acc_e=81.78%  acc_l=19.21%
[01:16:59][rank0]   New best val loss=0.8660 -> /scratch/yuvraj17/adaptive_tracing_scratch/adaptive_tracer/logs/sockshop_lstm_100ep_ordinal_356191/model_best.pt
[01:18:16][rank0] Epoch  17/100  loss=0.8464  acc_e=82.87%  acc_l=15.65%  elapsed=1:00:09
[01:18:30][rank0] --- Validation @ step 2700 ---
[01:19:15][rank0]   val loss=0.7438  loss_e=1.2466  acc_e=83.52%  acc_l=16.34%
[01:19:15][rank0]   New best val loss=0.7438 -> /scratch/yuvraj17/adaptive_tracing_scratch/adaptive_tracer/logs/sockshop_lstm_100ep_ordinal_356191/model_best.pt
[01:20:45][rank0] --- Validation @ step 2800 ---
[01:21:30][rank0]   val loss=0.6110  loss_e=1.2430  acc_e=83.58%  acc_l=21.80%
[01:21:30][rank0]   New best val loss=0.6110 -> /scratch/yuvraj17/adaptive_tracing_scratch/adaptive_tracer/logs/sockshop_lstm_100ep_ordinal_356191/model_best.pt
[01:22:09][rank0] Epoch  18/100  loss=0.6679  acc_e=83.53%  acc_l=18.32%  elapsed=1:04:02
[01:23:00][rank0] --- Validation @ step 2900 ---
[01:23:46][rank0]   val loss=0.5502  loss_e=1.2423  acc_e=83.65%  acc_l=15.68%
[01:23:46][rank0]   New best val loss=0.5502 -> /scratch/yuvraj17/adaptive_tracing_scratch/adaptive_tracer/logs/sockshop_lstm_100ep_ordinal_356191/model_best.pt
[01:25:15][rank0] step=  3000  epoch=19  loss=0.5350  acc_e=83.61%  lr=9.87e-04  elapsed=1:07:08
[01:25:15][rank0] --- Validation @ step 3000 ---
[01:26:00][rank0]   val loss=0.4526  loss_e=1.2390  acc_e=83.65%  acc_l=17.80%
[01:26:01][rank0]   New best val loss=0.4526 -> /scratch/yuvraj17/adaptive_tracing_scratch/adaptive_tracer/logs/sockshop_lstm_100ep_ordinal_356191/model_best.pt
[01:26:03][rank0] Epoch  19/100  loss=0.5314  acc_e=83.61%  acc_l=21.51%  elapsed=1:07:55
[01:27:31][rank0] --- Validation @ step 3100 ---
[01:28:16][rank0]   val loss=0.3903  loss_e=1.2478  acc_e=83.41%  acc_l=18.26%
[01:28:16][rank0]   New best val loss=0.3903 -> /scratch/yuvraj17/adaptive_tracing_scratch/adaptive_tracer/logs/sockshop_lstm_100ep_ordinal_356191/model_best.pt
[01:29:10][rank0] Epoch  20/100  loss=0.3995  acc_e=83.71%  acc_l=21.87%  elapsed=1:11:03
[01:29:48][rank0] --- Validation @ step 3200 ---
[01:30:33][rank0]   val loss=0.3395  loss_e=1.2388  acc_e=83.72%  acc_l=22.98%
[01:30:33][rank0]   New best val loss=0.3395 -> /scratch/yuvraj17/adaptive_tracing_scratch/adaptive_tracer/logs/sockshop_lstm_100ep_ordinal_356191/model_best.pt
[01:32:01][rank0] --- Validation @ step 3300 ---
[01:32:46][rank0]   val loss=0.2442  loss_e=1.2697  acc_e=82.73%  acc_l=16.54%
[01:32:47][rank0]   New best val loss=0.2442 -> /scratch/yuvraj17/adaptive_tracing_scratch/adaptive_tracer/logs/sockshop_lstm_100ep_ordinal_356191/model_best.pt
[01:33:03][rank0] Epoch  21/100  loss=0.2777  acc_e=83.72%  acc_l=19.70%  elapsed=1:14:56
[01:34:18][rank0] --- Validation @ step 3400 ---
[01:35:03][rank0]   val loss=0.1328  loss_e=1.2435  acc_e=83.53%  acc_l=24.98%
[01:35:03][rank0]   New best val loss=0.1328 -> /scratch/yuvraj17/adaptive_tracing_scratch/adaptive_tracer/logs/sockshop_lstm_100ep_ordinal_356191/model_best.pt
[01:36:11][rank0] Epoch  22/100  loss=0.1545  acc_e=83.62%  acc_l=17.59%  elapsed=1:18:04
[01:36:34][rank0] step=  3500  epoch=23  loss=0.1662  acc_e=83.95%  lr=9.71e-04  elapsed=1:18:26
[01:36:34][rank0] --- Validation @ step 3500 ---
[01:37:19][rank0]   val loss=0.0425  loss_e=1.2357  acc_e=83.85%  acc_l=14.91%
[01:37:19][rank0]   New best val loss=0.0425 -> /scratch/yuvraj17/adaptive_tracing_scratch/adaptive_tracer/logs/sockshop_lstm_100ep_ordinal_356191/model_best.pt
[01:38:48][rank0] --- Validation @ step 3600 ---
[01:39:33][rank0]   val loss=-0.0309  loss_e=1.2381  acc_e=83.80%  acc_l=21.52%
[01:39:34][rank0]   New best val loss=-0.0309 -> /scratch/yuvraj17/adaptive_tracing_scratch/adaptive_tracer/logs/sockshop_lstm_100ep_ordinal_356191/model_best.pt
[01:40:04][rank0] Epoch  23/100  loss=0.0200  acc_e=83.77%  acc_l=19.32%  elapsed=1:21:56
[01:41:03][rank0] --- Validation @ step 3700 ---
[01:41:48][rank0]   val loss=-0.0172  loss_e=1.2526  acc_e=83.42%  acc_l=17.29%
[01:43:11][rank0] Epoch  24/100  loss=-0.1140  acc_e=83.74%  acc_l=18.49%  elapsed=1:25:04
[01:43:19][rank0] --- Validation @ step 3800 ---
[01:44:04][rank0]   val loss=-0.2302  loss_e=1.2392  acc_e=83.85%  acc_l=11.43%
[01:44:04][rank0]   New best val loss=-0.2302 -> /scratch/yuvraj17/adaptive_tracing_scratch/adaptive_tracer/logs/sockshop_lstm_100ep_ordinal_356191/model_best.pt
[01:45:34][rank0] --- Validation @ step 3900 ---
[01:46:19][rank0]   val loss=-0.2887  loss_e=1.2388  acc_e=83.69%  acc_l=16.36%
[01:46:19][rank0]   New best val loss=-0.2887 -> /scratch/yuvraj17/adaptive_tracing_scratch/adaptive_tracer/logs/sockshop_lstm_100ep_ordinal_356191/model_best.pt
[01:47:04][rank0] Epoch  25/100  loss=-0.2743  acc_e=83.83%  acc_l=18.37%  elapsed=1:28:57
[01:47:50][rank0] step=  4000  epoch=26  loss=-0.4431  acc_e=83.99%  lr=9.49e-04  elapsed=1:29:43
[01:47:50][rank0] --- Validation @ step 4000 ---
[01:48:35][rank0]   val loss=-0.4098  loss_e=1.2354  acc_e=83.84%  acc_l=18.73%
[01:48:36][rank0]   New best val loss=-0.4098 -> /scratch/yuvraj17/adaptive_tracing_scratch/adaptive_tracer/logs/sockshop_lstm_100ep_ordinal_356191/model_best.pt
[01:50:04][rank0] --- Validation @ step 4100 ---
[01:50:49][rank0]   val loss=-0.5017  loss_e=1.2349  acc_e=83.97%  acc_l=20.97%
[01:50:49][rank0]   New best val loss=-0.5017 -> /scratch/yuvraj17/adaptive_tracing_scratch/adaptive_tracer/logs/sockshop_lstm_100ep_ordinal_356191/model_best.pt
[01:50:57][rank0] Epoch  26/100  loss=-0.4256  acc_e=83.86%  acc_l=17.58%  elapsed=1:32:49
[01:52:20][rank0] --- Validation @ step 4200 ---
[01:53:05][rank0]   val loss=-0.6371  loss_e=1.2325  acc_e=83.97%  acc_l=20.28%
[01:53:05][rank0]   New best val loss=-0.6371 -> /scratch/yuvraj17/adaptive_tracing_scratch/adaptive_tracer/logs/sockshop_lstm_100ep_ordinal_356191/model_best.pt
[01:54:04][rank0] Epoch  27/100  loss=-0.5885  acc_e=83.91%  acc_l=17.73%  elapsed=1:35:57
[01:54:36][rank0] --- Validation @ step 4300 ---
[01:55:21][rank0]   val loss=-0.7333  loss_e=1.2314  acc_e=84.02%  acc_l=19.57%
[01:55:21][rank0]   New best val loss=-0.7333 -> /scratch/yuvraj17/adaptive_tracing_scratch/adaptive_tracer/logs/sockshop_lstm_100ep_ordinal_356191/model_best.pt
[01:56:49][rank0] --- Validation @ step 4400 ---
[01:57:34][rank0]   val loss=-0.8340  loss_e=1.2287  acc_e=84.08%  acc_l=21.66%
[01:57:35][rank0]   New best val loss=-0.8340 -> /scratch/yuvraj17/adaptive_tracing_scratch/adaptive_tracer/logs/sockshop_lstm_100ep_ordinal_356191/model_best.pt
[01:57:57][rank0] Epoch  28/100  loss=-0.7677  acc_e=84.04%  acc_l=19.93%  elapsed=1:39:50
[01:59:06][rank0] step=  4500  epoch=29  loss=-0.8531  acc_e=84.07%  lr=9.21e-04  elapsed=1:40:59
[01:59:06][rank0] --- Validation @ step 4500 ---
[01:59:51][rank0]   val loss=-0.8562  loss_e=1.2318  acc_e=84.07%  acc_l=12.94%
[01:59:51][rank0]   New best val loss=-0.8562 -> /scratch/yuvraj17/adaptive_tracing_scratch/adaptive_tracer/logs/sockshop_lstm_100ep_ordinal_356191/model_best.pt
[02:01:05][rank0] Epoch  29/100  loss=-0.8983  acc_e=84.07%  acc_l=15.79%  elapsed=1:42:58
[02:01:22][rank0] --- Validation @ step 4600 ---
[02:02:07][rank0]   val loss=-0.9835  loss_e=1.2313  acc_e=84.11%  acc_l=16.20%
[02:02:07][rank0]   New best val loss=-0.9835 -> /scratch/yuvraj17/adaptive_tracing_scratch/adaptive_tracer/logs/sockshop_lstm_100ep_ordinal_356191/model_best.pt
[02:03:37][rank0] --- Validation @ step 4700 ---
[02:04:22][rank0]   val loss=-1.1516  loss_e=1.2259  acc_e=84.27%  acc_l=12.30%
[02:04:22][rank0]   New best val loss=-1.1516 -> /scratch/yuvraj17/adaptive_tracing_scratch/adaptive_tracer/logs/sockshop_lstm_100ep_ordinal_356191/model_best.pt
[02:04:58][rank0] Epoch  30/100  loss=-1.0637  acc_e=84.09%  acc_l=11.91%  elapsed=1:46:51
[02:05:52][rank0] --- Validation @ step 4800 ---
[02:06:37][rank0]   val loss=-1.2627  loss_e=1.2264  acc_e=84.26%  acc_l=17.45%
[02:06:37][rank0]   New best val loss=-1.2627 -> /scratch/yuvraj17/adaptive_tracing_scratch/adaptive_tracer/logs/sockshop_lstm_100ep_ordinal_356191/model_best.pt
[02:08:05][rank0] Epoch  31/100  loss=-1.2282  acc_e=84.13%  acc_l=12.14%  elapsed=1:49:58
[02:08:07][rank0] --- Validation @ step 4900 ---
[02:08:52][rank0]   val loss=-1.3277  loss_e=1.2284  acc_e=84.16%  acc_l=13.58%
[02:08:53][rank0]   New best val loss=-1.3277 -> /scratch/yuvraj17/adaptive_tracing_scratch/adaptive_tracer/logs/sockshop_lstm_100ep_ordinal_356191/model_best.pt
[02:10:22][rank0] step=  5000  epoch=32  loss=-1.3713  acc_e=84.13%  lr=8.88e-04  elapsed=1:52:15
[02:10:22][rank0] --- Validation @ step 5000 ---
[02:11:08][rank0]   val loss=-1.4441  loss_e=1.2254  acc_e=84.20%  acc_l=9.25%
[02:11:08][rank0]   New best val loss=-1.4441 -> /scratch/yuvraj17/adaptive_tracing_scratch/adaptive_tracer/logs/sockshop_lstm_100ep_ordinal_356191/model_best.pt
[02:11:08][rank0]   Checkpoint -> /scratch/yuvraj17/adaptive_tracing_scratch/adaptive_tracer/logs/sockshop_lstm_100ep_ordinal_356191/ckpt_0005000.pt
[02:11:58][rank0] Epoch  32/100  loss=-1.3990  acc_e=84.22%  acc_l=13.58%  elapsed=1:53:51
[02:12:39][rank0] --- Validation @ step 5100 ---
[02:13:25][rank0]   val loss=-1.4989  loss_e=1.2249  acc_e=84.34%  acc_l=12.93%
[02:13:25][rank0]   New best val loss=-1.4989 -> /scratch/yuvraj17/adaptive_tracing_scratch/adaptive_tracer/logs/sockshop_lstm_100ep_ordinal_356191/model_best.pt
[02:14:53][rank0] --- Validation @ step 5200 ---
[02:15:38][rank0]   val loss=-1.7000  loss_e=1.2229  acc_e=84.35%  acc_l=15.87%
[02:15:38][rank0]   New best val loss=-1.7000 -> /scratch/yuvraj17/adaptive_tracing_scratch/adaptive_tracer/logs/sockshop_lstm_100ep_ordinal_356191/model_best.pt
[02:15:51][rank0] Epoch  33/100  loss=-1.5409  acc_e=84.25%  acc_l=14.79%  elapsed=1:57:44
[02:17:09][rank0] --- Validation @ step 5300 ---
[02:17:55][rank0]   val loss=-1.7699  loss_e=1.2282  acc_e=84.29%  acc_l=7.77%
[02:17:55][rank0]   New best val loss=-1.7699 -> /scratch/yuvraj17/adaptive_tracing_scratch/adaptive_tracer/logs/sockshop_lstm_100ep_ordinal_356191/model_best.pt
[02:18:59][rank0] Epoch  34/100  loss=-1.6999  acc_e=84.37%  acc_l=12.05%  elapsed=2:00:52
[02:19:25][rank0] --- Validation @ step 5400 ---
[02:20:10][rank0]   val loss=-1.8435  loss_e=1.2221  acc_e=84.43%  acc_l=9.43%
[02:20:11][rank0]   New best val loss=-1.8435 -> /scratch/yuvraj17/adaptive_tracing_scratch/adaptive_tracer/logs/sockshop_lstm_100ep_ordinal_356191/model_best.pt
[02:21:40][rank0] step=  5500  epoch=35  loss=-1.8341  acc_e=84.35%  lr=8.49e-04  elapsed=2:03:33
[02:21:40][rank0] --- Validation @ step 5500 ---
[02:22:25][rank0]   val loss=-1.9043  loss_e=1.2237  acc_e=84.36%  acc_l=18.20%
[02:22:25][rank0]   New best val loss=-1.9043 -> /scratch/yuvraj17/adaptive_tracing_scratch/adaptive_tracer/logs/sockshop_lstm_100ep_ordinal_356191/model_best.pt
[02:22:52][rank0] Epoch  35/100  loss=-1.8865  acc_e=84.36%  acc_l=11.18%  elapsed=2:04:45
[02:23:55][rank0] --- Validation @ step 5600 ---
[02:24:40][rank0]   val loss=-2.0223  loss_e=1.2179  acc_e=84.53%  acc_l=9.63%
[02:24:41][rank0]   New best val loss=-2.0223 -> /scratch/yuvraj17/adaptive_tracing_scratch/adaptive_tracer/logs/sockshop_lstm_100ep_ordinal_356191/model_best.pt
[02:26:00][rank0] Epoch  36/100  loss=-1.9867  acc_e=84.34%  acc_l=13.23%  elapsed=2:07:52
[02:26:11][rank0] --- Validation @ step 5700 ---
[02:26:56][rank0]   val loss=-2.1528  loss_e=1.2217  acc_e=84.40%  acc_l=11.81%
[02:26:57][rank0]   New best val loss=-2.1528 -> /scratch/yuvraj17/adaptive_tracing_scratch/adaptive_tracer/logs/sockshop_lstm_100ep_ordinal_356191/model_best.pt
[02:28:27][rank0] --- Validation @ step 5800 ---
[02:29:12][rank0]   val loss=-2.2193  loss_e=1.2195  acc_e=84.43%  acc_l=25.02%
[02:29:12][rank0]   New best val loss=-2.2193 -> /scratch/yuvraj17/adaptive_tracing_scratch/adaptive_tracer/logs/sockshop_lstm_100ep_ordinal_356191/model_best.pt
[02:29:53][rank0] Epoch  37/100  loss=-2.1674  acc_e=84.49%  acc_l=15.08%  elapsed=2:11:46
[02:30:42][rank0] --- Validation @ step 5900 ---
[02:31:28][rank0]   val loss=-2.3135  loss_e=1.2184  acc_e=84.59%  acc_l=14.10%
[02:31:28][rank0]   New best val loss=-2.3135 -> /scratch/yuvraj17/adaptive_tracing_scratch/adaptive_tracer/logs/sockshop_lstm_100ep_ordinal_356191/model_best.pt
[02:32:57][rank0] step=  6000  epoch=38  loss=-2.2953  acc_e=84.51%  lr=8.07e-04  elapsed=2:14:50
[02:32:57][rank0] --- Validation @ step 6000 ---
[02:33:42][rank0]   val loss=-2.4247  loss_e=1.2154  acc_e=84.61%  acc_l=8.51%
[02:33:42][rank0]   New best val loss=-2.4247 -> /scratch/yuvraj17/adaptive_tracing_scratch/adaptive_tracer/logs/sockshop_lstm_100ep_ordinal_356191/model_best.pt
[02:33:46][rank0] Epoch  38/100  loss=-2.3033  acc_e=84.51%  acc_l=13.53%  elapsed=2:15:39
[02:35:13][rank0] --- Validation @ step 6100 ---
[02:35:58][rank0]   val loss=-2.4730  loss_e=1.2160  acc_e=84.59%  acc_l=10.02%
[02:35:58][rank0]   New best val loss=-2.4730 -> /scratch/yuvraj17/adaptive_tracing_scratch/adaptive_tracer/logs/sockshop_lstm_100ep_ordinal_356191/model_best.pt
[02:36:54][rank0] Epoch  39/100  loss=-2.4573  acc_e=84.61%  acc_l=14.04%  elapsed=2:18:46
[02:37:29][rank0] --- Validation @ step 6200 ---
[02:38:15][rank0]   val loss=-2.6353  loss_e=1.2138  acc_e=84.73%  acc_l=12.35%
[02:38:15][rank0]   New best val loss=-2.6353 -> /scratch/yuvraj17/adaptive_tracing_scratch/adaptive_tracer/logs/sockshop_lstm_100ep_ordinal_356191/model_best.pt
[02:39:43][rank0] --- Validation @ step 6300 ---
[02:40:28][rank0]   val loss=-2.5850  loss_e=1.2130  acc_e=84.72%  acc_l=13.17%
[02:40:47][rank0] Epoch  40/100  loss=-2.5931  acc_e=84.65%  acc_l=15.78%  elapsed=2:22:40
[02:41:59][rank0] --- Validation @ step 6400 ---
[02:42:44][rank0]   val loss=-2.7558  loss_e=1.2117  acc_e=84.77%  acc_l=19.81%
[02:42:45][rank0]   New best val loss=-2.7558 -> /scratch/yuvraj17/adaptive_tracing_scratch/adaptive_tracer/logs/sockshop_lstm_100ep_ordinal_356191/model_best.pt
[02:43:55][rank0] Epoch  41/100  loss=-2.7358  acc_e=84.69%  acc_l=17.57%  elapsed=2:25:47
[02:44:15][rank0] step=  6500  epoch=42  loss=-2.6493  acc_e=84.89%  lr=7.60e-04  elapsed=2:26:08
[02:44:15][rank0] --- Validation @ step 6500 ---
[02:45:01][rank0]   val loss=-2.8113  loss_e=1.2119  acc_e=84.76%  acc_l=14.67%
[02:45:01][rank0]   New best val loss=-2.8113 -> /scratch/yuvraj17/adaptive_tracing_scratch/adaptive_tracer/logs/sockshop_lstm_100ep_ordinal_356191/model_best.pt
[02:46:31][rank0] --- Validation @ step 6600 ---
[02:47:16][rank0]   val loss=-2.9112  loss_e=1.2125  acc_e=84.69%  acc_l=24.18%
[02:47:16][rank0]   New best val loss=-2.9112 -> /scratch/yuvraj17/adaptive_tracing_scratch/adaptive_tracer/logs/sockshop_lstm_100ep_ordinal_356191/model_best.pt
[02:47:48][rank0] Epoch  42/100  loss=-2.8613  acc_e=84.72%  acc_l=16.17%  elapsed=2:29:41
[02:48:46][rank0] --- Validation @ step 6700 ---
[02:49:31][rank0]   val loss=-3.0427  loss_e=1.2097  acc_e=84.85%  acc_l=22.38%
[02:49:31][rank0]   New best val loss=-3.0427 -> /scratch/yuvraj17/adaptive_tracing_scratch/adaptive_tracer/logs/sockshop_lstm_100ep_ordinal_356191/model_best.pt
[02:50:56][rank0] Epoch  43/100  loss=-2.9558  acc_e=84.75%  acc_l=17.19%  elapsed=2:32:49
[02:51:02][rank0] --- Validation @ step 6800 ---
[02:51:47][rank0]   val loss=-2.9888  loss_e=1.2101  acc_e=84.78%  acc_l=14.81%
[02:53:17][rank0] --- Validation @ step 6900 ---
[02:54:02][rank0]   val loss=-3.0834  loss_e=1.2106  acc_e=84.76%  acc_l=12.13%
[02:54:03][rank0]   New best val loss=-3.0834 -> /scratch/yuvraj17/adaptive_tracing_scratch/adaptive_tracer/logs/sockshop_lstm_100ep_ordinal_356191/model_best.pt
[02:54:49][rank0] Epoch  44/100  loss=-3.0953  acc_e=84.76%  acc_l=14.82%  elapsed=2:36:42
[02:55:34][rank0] step=  7000  epoch=45  loss=-3.3978  acc_e=84.88%  lr=7.10e-04  elapsed=2:37:27
[02:55:34][rank0] --- Validation @ step 7000 ---
[02:56:19][rank0]   val loss=-3.2766  loss_e=1.2098  acc_e=84.86%  acc_l=8.70%
[02:56:19][rank0]   New best val loss=-3.2766 -> /scratch/yuvraj17/adaptive_tracing_scratch/adaptive_tracer/logs/sockshop_lstm_100ep_ordinal_356191/model_best.pt
[02:57:47][rank0] --- Validation @ step 7100 ---
[02:58:33][rank0]   val loss=-3.3663  loss_e=1.2092  acc_e=84.84%  acc_l=12.20%
[02:58:33][rank0]   New best val loss=-3.3663 -> /scratch/yuvraj17/adaptive_tracing_scratch/adaptive_tracer/logs/sockshop_lstm_100ep_ordinal_356191/model_best.pt
[02:58:42][rank0] Epoch  45/100  loss=-3.2617  acc_e=84.78%  acc_l=14.10%  elapsed=2:40:35
[03:00:04][rank0] --- Validation @ step 7200 ---
[03:00:49][rank0]   val loss=-3.4737  loss_e=1.2092  acc_e=84.83%  acc_l=5.47%
[03:00:50][rank0]   New best val loss=-3.4737 -> /scratch/yuvraj17/adaptive_tracing_scratch/adaptive_tracer/logs/sockshop_lstm_100ep_ordinal_356191/model_best.pt
[03:01:50][rank0] Epoch  46/100  loss=-3.3727  acc_e=84.82%  acc_l=13.42%  elapsed=2:43:43
[03:02:20][rank0] --- Validation @ step 7300 ---
[03:03:05][rank0]   val loss=-3.5111  loss_e=1.2096  acc_e=84.87%  acc_l=5.84%
[03:03:06][rank0]   New best val loss=-3.5111 -> /scratch/yuvraj17/adaptive_tracing_scratch/adaptive_tracer/logs/sockshop_lstm_100ep_ordinal_356191/model_best.pt
[03:04:34][rank0] --- Validation @ step 7400 ---
[03:05:19][rank0]   val loss=-3.5906  loss_e=1.2070  acc_e=84.92%  acc_l=6.82%
[03:05:20][rank0]   New best val loss=-3.5906 -> /scratch/yuvraj17/adaptive_tracing_scratch/adaptive_tracer/logs/sockshop_lstm_100ep_ordinal_356191/model_best.pt
[03:05:44][rank0] Epoch  47/100  loss=-3.5030  acc_e=84.86%  acc_l=14.24%  elapsed=2:47:36
[03:06:51][rank0] step=  7500  epoch=48  loss=-3.5534  acc_e=84.81%  lr=6.58e-04  elapsed=2:48:43
[03:06:51][rank0] --- Validation @ step 7500 ---
[03:07:36][rank0]   val loss=-3.5972  loss_e=1.2067  acc_e=84.93%  acc_l=3.94%
[03:07:36][rank0]   New best val loss=-3.5972 -> /scratch/yuvraj17/adaptive_tracing_scratch/adaptive_tracer/logs/sockshop_lstm_100ep_ordinal_356191/model_best.pt
[03:08:52][rank0] Epoch  48/100  loss=-3.6229  acc_e=84.82%  acc_l=14.05%  elapsed=2:50:44
[03:09:07][rank0] --- Validation @ step 7600 ---
[03:09:52][rank0]   val loss=-3.6774  loss_e=1.2095  acc_e=84.85%  acc_l=6.89%
[03:09:53][rank0]   New best val loss=-3.6774 -> /scratch/yuvraj17/adaptive_tracing_scratch/adaptive_tracer/logs/sockshop_lstm_100ep_ordinal_356191/model_best.pt
[03:11:22][rank0] --- Validation @ step 7700 ---
[03:12:08][rank0]   val loss=-3.7321  loss_e=1.2081  acc_e=84.84%  acc_l=20.51%
[03:12:08][rank0]   New best val loss=-3.7321 -> /scratch/yuvraj17/adaptive_tracing_scratch/adaptive_tracer/logs/sockshop_lstm_100ep_ordinal_356191/model_best.pt
[03:12:45][rank0] Epoch  49/100  loss=-3.7415  acc_e=84.85%  acc_l=13.07%  elapsed=2:54:38
[03:13:38][rank0] --- Validation @ step 7800 ---
[03:14:23][rank0]   val loss=-3.8910  loss_e=1.2055  acc_e=84.99%  acc_l=23.89%
[03:14:23][rank0]   New best val loss=-3.8910 -> /scratch/yuvraj17/adaptive_tracing_scratch/adaptive_tracer/logs/sockshop_lstm_100ep_ordinal_356191/model_best.pt
[03:15:53][rank0] --- Validation @ step 7900 ---
[03:16:38][rank0]   val loss=-3.9379  loss_e=1.2058  acc_e=84.93%  acc_l=6.44%
[03:16:39][rank0]   New best val loss=-3.9379 -> /scratch/yuvraj17/adaptive_tracing_scratch/adaptive_tracer/logs/sockshop_lstm_100ep_ordinal_356191/model_best.pt
[03:16:39][rank0] Epoch  50/100  loss=-3.8509  acc_e=84.90%  acc_l=14.13%  elapsed=2:58:32
[03:18:09][rank0] step=  8000  epoch=51  loss=-3.9230  acc_e=84.86%  lr=6.04e-04  elapsed=3:00:02
[03:18:09][rank0] --- Validation @ step 8000 ---
[03:18:55][rank0]   val loss=-4.0070  loss_e=1.2059  acc_e=84.97%  acc_l=8.66%
[03:18:55][rank0]   New best val loss=-4.0070 -> /scratch/yuvraj17/adaptive_tracing_scratch/adaptive_tracer/logs/sockshop_lstm_100ep_ordinal_356191/model_best.pt
[03:19:47][rank0] Epoch  51/100  loss=-3.9548  acc_e=84.92%  acc_l=15.20%  elapsed=3:01:40
[03:20:26][rank0] --- Validation @ step 8100 ---
[03:21:12][rank0]   val loss=-4.1150  loss_e=1.2055  acc_e=84.98%  acc_l=5.54%
[03:21:12][rank0]   New best val loss=-4.1150 -> /scratch/yuvraj17/adaptive_tracing_scratch/adaptive_tracer/logs/sockshop_lstm_100ep_ordinal_356191/model_best.pt
[03:22:40][rank0] --- Validation @ step 8200 ---
[03:23:25][rank0]   val loss=-4.2157  loss_e=1.2046  acc_e=85.01%  acc_l=23.16%
[03:23:26][rank0]   New best val loss=-4.2157 -> /scratch/yuvraj17/adaptive_tracing_scratch/adaptive_tracer/logs/sockshop_lstm_100ep_ordinal_356191/model_best.pt
[03:23:41][rank0] Epoch  52/100  loss=-4.1061  acc_e=84.91%  acc_l=13.22%  elapsed=3:05:33
[03:24:57][rank0] --- Validation @ step 8300 ---
[03:25:42][rank0]   val loss=-4.2707  loss_e=1.2044  acc_e=85.00%  acc_l=13.21%
[03:25:42][rank0]   New best val loss=-4.2707 -> /scratch/yuvraj17/adaptive_tracing_scratch/adaptive_tracer/logs/sockshop_lstm_100ep_ordinal_356191/model_best.pt
[03:26:49][rank0] Epoch  53/100  loss=-4.2078  acc_e=84.96%  acc_l=12.85%  elapsed=3:08:41
[03:27:13][rank0] --- Validation @ step 8400 ---
[03:27:59][rank0]   val loss=-4.3341  loss_e=1.2042  acc_e=85.02%  acc_l=9.82%
[03:27:59][rank0]   New best val loss=-4.3341 -> /scratch/yuvraj17/adaptive_tracing_scratch/adaptive_tracer/logs/sockshop_lstm_100ep_ordinal_356191/model_best.pt
[03:29:28][rank0] step=  8500  epoch=54  loss=-4.2587  acc_e=84.95%  lr=5.49e-04  elapsed=3:11:21
[03:29:28][rank0] --- Validation @ step 8500 ---
[03:30:14][rank0]   val loss=-4.3755  loss_e=1.2034  acc_e=85.05%  acc_l=21.77%
[03:30:14][rank0]   New best val loss=-4.3755 -> /scratch/yuvraj17/adaptive_tracing_scratch/adaptive_tracer/logs/sockshop_lstm_100ep_ordinal_356191/model_best.pt
[03:30:42][rank0] Epoch  54/100  loss=-4.2973  acc_e=84.97%  acc_l=13.34%  elapsed=3:12:35
[03:31:44][rank0] --- Validation @ step 8600 ---
[03:32:29][rank0]   val loss=-4.2532  loss_e=1.2036  acc_e=85.05%  acc_l=9.59%
[03:33:50][rank0] Epoch  55/100  loss=-4.3840  acc_e=85.00%  acc_l=12.87%  elapsed=3:15:43
[03:34:01][rank0] --- Validation @ step 8700 ---
[03:34:46][rank0]   val loss=-4.5178  loss_e=1.2025  acc_e=85.04%  acc_l=15.05%
[03:34:46][rank0]   New best val loss=-4.5178 -> /scratch/yuvraj17/adaptive_tracing_scratch/adaptive_tracer/logs/sockshop_lstm_100ep_ordinal_356191/model_best.pt
[03:36:16][rank0] --- Validation @ step 8800 ---
[03:37:02][rank0]   val loss=-4.6310  loss_e=1.2028  acc_e=85.09%  acc_l=6.45%
[03:37:02][rank0]   New best val loss=-4.6310 -> /scratch/yuvraj17/adaptive_tracing_scratch/adaptive_tracer/logs/sockshop_lstm_100ep_ordinal_356191/model_best.pt
[03:37:45][rank0] Epoch  56/100  loss=-4.5197  acc_e=85.02%  acc_l=12.71%  elapsed=3:19:38
[03:38:33][rank0] --- Validation @ step 8900 ---
[03:39:18][rank0]   val loss=-4.6593  loss_e=1.2017  acc_e=85.11%  acc_l=10.53%
[03:39:19][rank0]   New best val loss=-4.6593 -> /scratch/yuvraj17/adaptive_tracing_scratch/adaptive_tracer/logs/sockshop_lstm_100ep_ordinal_356191/model_best.pt
[03:40:47][rank0] step=  9000  epoch=57  loss=-4.5807  acc_e=85.04%  lr=4.93e-04  elapsed=3:22:40
[03:40:47][rank0] --- Validation @ step 9000 ---
[03:41:33][rank0]   val loss=-4.7351  loss_e=1.2014  acc_e=85.13%  acc_l=10.51%
[03:41:33][rank0]   New best val loss=-4.7351 -> /scratch/yuvraj17/adaptive_tracing_scratch/adaptive_tracer/logs/sockshop_lstm_100ep_ordinal_356191/model_best.pt
[03:41:39][rank0] Epoch  57/100  loss=-4.6041  acc_e=85.04%  acc_l=12.59%  elapsed=3:23:31
[03:43:03][rank0] --- Validation @ step 9100 ---
[03:43:49][rank0]   val loss=-4.7956  loss_e=1.2019  acc_e=85.12%  acc_l=5.98%
[03:43:49][rank0]   New best val loss=-4.7956 -> /scratch/yuvraj17/adaptive_tracing_scratch/adaptive_tracer/logs/sockshop_lstm_100ep_ordinal_356191/model_best.pt
[03:44:47][rank0] Epoch  58/100  loss=-4.7288  acc_e=85.06%  acc_l=11.75%  elapsed=3:26:40
[03:45:21][rank0] --- Validation @ step 9200 ---
[03:46:06][rank0]   val loss=-4.9089  loss_e=1.2014  acc_e=85.10%  acc_l=7.72%
[03:46:06][rank0]   New best val loss=-4.9089 -> /scratch/yuvraj17/adaptive_tracing_scratch/adaptive_tracer/logs/sockshop_lstm_100ep_ordinal_356191/model_best.pt
[03:47:34][rank0] --- Validation @ step 9300 ---
[03:48:20][rank0]   val loss=-4.9078  loss_e=1.2012  acc_e=85.15%  acc_l=9.64%
[03:48:40][rank0] Epoch  59/100  loss=-4.8456  acc_e=85.08%  acc_l=12.91%  elapsed=3:30:33
[03:49:51][rank0] --- Validation @ step 9400 ---
[03:50:36][rank0]   val loss=-4.9775  loss_e=1.2006  acc_e=85.15%  acc_l=12.67%
[03:50:37][rank0]   New best val loss=-4.9775 -> /scratch/yuvraj17/adaptive_tracing_scratch/adaptive_tracer/logs/sockshop_lstm_100ep_ordinal_356191/model_best.pt
[03:51:49][rank0] Epoch  60/100  loss=-4.9225  acc_e=85.12%  acc_l=13.75%  elapsed=3:33:41
[03:52:07][rank0] step=  9500  epoch=61  loss=-4.6944  acc_e=85.29%  lr=4.38e-04  elapsed=3:34:00
[03:52:07][rank0] --- Validation @ step 9500 ---
[03:52:53][rank0]   val loss=-5.0345  loss_e=1.1995  acc_e=85.19%  acc_l=16.26%
[03:52:53][rank0]   New best val loss=-5.0345 -> /scratch/yuvraj17/adaptive_tracing_scratch/adaptive_tracer/logs/sockshop_lstm_100ep_ordinal_356191/model_best.pt
[03:54:23][rank0] --- Validation @ step 9600 ---
[03:55:08][rank0]   val loss=-5.0755  loss_e=1.1998  acc_e=85.20%  acc_l=13.72%
[03:55:09][rank0]   New best val loss=-5.0755 -> /scratch/yuvraj17/adaptive_tracing_scratch/adaptive_tracer/logs/sockshop_lstm_100ep_ordinal_356191/model_best.pt
[03:55:43][rank0] Epoch  61/100  loss=-5.0124  acc_e=85.13%  acc_l=13.14%  elapsed=3:37:35
[03:56:38][rank0] --- Validation @ step 9700 ---
[03:57:24][rank0]   val loss=-5.0757  loss_e=1.1994  acc_e=85.21%  acc_l=6.83%
[03:57:24][rank0]   New best val loss=-5.0757 -> /scratch/yuvraj17/adaptive_tracing_scratch/adaptive_tracer/logs/sockshop_lstm_100ep_ordinal_356191/model_best.pt
[03:58:51][rank0] Epoch  62/100  loss=-5.1075  acc_e=85.13%  acc_l=12.87%  elapsed=3:40:44
[03:58:55][rank0] --- Validation @ step 9800 ---
[03:59:41][rank0]   val loss=-5.2386  loss_e=1.1991  acc_e=85.21%  acc_l=19.12%
[03:59:41][rank0]   New best val loss=-5.2386 -> /scratch/yuvraj17/adaptive_tracing_scratch/adaptive_tracer/logs/sockshop_lstm_100ep_ordinal_356191/model_best.pt
[04:01:11][rank0] --- Validation @ step 9900 ---
[04:01:56][rank0]   val loss=-5.2725  loss_e=1.1988  acc_e=85.22%  acc_l=9.99%
[04:01:57][rank0]   New best val loss=-5.2725 -> /scratch/yuvraj17/adaptive_tracing_scratch/adaptive_tracer/logs/sockshop_lstm_100ep_ordinal_356191/model_best.pt
[04:02:45][rank0] Epoch  63/100  loss=-5.2231  acc_e=85.15%  acc_l=13.31%  elapsed=3:44:38
[04:03:28][rank0] step= 10000  epoch=64  loss=-5.5356  acc_e=85.23%  lr=3.84e-04  elapsed=3:45:21
[04:03:28][rank0] --- Validation @ step 10000 ---
[04:04:13][rank0]   val loss=-5.3551  loss_e=1.1993  acc_e=85.23%  acc_l=11.47%
[04:04:14][rank0]   New best val loss=-5.3551 -> /scratch/yuvraj17/adaptive_tracing_scratch/adaptive_tracer/logs/sockshop_lstm_100ep_ordinal_356191/model_best.pt
[04:04:14][rank0]   Checkpoint -> /scratch/yuvraj17/adaptive_tracing_scratch/adaptive_tracer/logs/sockshop_lstm_100ep_ordinal_356191/ckpt_0010000.pt
[04:05:42][rank0] --- Validation @ step 10100 ---
[04:06:28][rank0]   val loss=-5.3965  loss_e=1.1988  acc_e=85.22%  acc_l=10.86%
[04:06:28][rank0]   New best val loss=-5.3965 -> /scratch/yuvraj17/adaptive_tracing_scratch/adaptive_tracer/logs/sockshop_lstm_100ep_ordinal_356191/model_best.pt
[04:06:39][rank0] Epoch  64/100  loss=-5.3062  acc_e=85.17%  acc_l=13.07%  elapsed=3:48:32
[04:07:59][rank0] --- Validation @ step 10200 ---
[04:08:45][rank0]   val loss=-5.4349  loss_e=1.1983  acc_e=85.25%  acc_l=30.38%
[04:08:45][rank0]   New best val loss=-5.4349 -> /scratch/yuvraj17/adaptive_tracing_scratch/adaptive_tracer/logs/sockshop_lstm_100ep_ordinal_356191/model_best.pt
[04:09:48][rank0] Epoch  65/100  loss=-5.3566  acc_e=85.17%  acc_l=11.86%  elapsed=3:51:41
[04:10:16][rank0] --- Validation @ step 10300 ---
[04:11:02][rank0]   val loss=-5.5121  loss_e=1.1978  acc_e=85.26%  acc_l=19.94%
[04:11:02][rank0]   New best val loss=-5.5121 -> /scratch/yuvraj17/adaptive_tracing_scratch/adaptive_tracer/logs/sockshop_lstm_100ep_ordinal_356191/model_best.pt
[04:12:31][rank0] --- Validation @ step 10400 ---
[04:13:17][rank0]   val loss=-5.5302  loss_e=1.1984  acc_e=85.25%  acc_l=24.81%
[04:13:17][rank0]   New best val loss=-5.5302 -> /scratch/yuvraj17/adaptive_tracing_scratch/adaptive_tracer/logs/sockshop_lstm_100ep_ordinal_356191/model_best.pt
[04:13:43][rank0] Epoch  66/100  loss=-5.4701  acc_e=85.20%  acc_l=14.28%  elapsed=3:55:35
[04:14:48][rank0] step= 10500  epoch=67  loss=-5.4969  acc_e=85.16%  lr=3.32e-04  elapsed=3:56:41
[04:14:48][rank0] --- Validation @ step 10500 ---
[04:15:34][rank0]   val loss=-5.6207  loss_e=1.1974  acc_e=85.27%  acc_l=26.97%
[04:15:34][rank0]   New best val loss=-5.6207 -> /scratch/yuvraj17/adaptive_tracing_scratch/adaptive_tracer/logs/sockshop_lstm_100ep_ordinal_356191/model_best.pt
[04:16:51][rank0] Epoch  67/100  loss=-5.5254  acc_e=85.21%  acc_l=11.72%  elapsed=3:58:44
[04:17:05][rank0] --- Validation @ step 10600 ---
[04:17:51][rank0]   val loss=-5.6562  loss_e=1.1974  acc_e=85.30%  acc_l=20.77%
[04:17:51][rank0]   New best val loss=-5.6562 -> /scratch/yuvraj17/adaptive_tracing_scratch/adaptive_tracer/logs/sockshop_lstm_100ep_ordinal_356191/model_best.pt
[04:19:21][rank0] --- Validation @ step 10700 ---
[04:20:07][rank0]   val loss=-5.7223  loss_e=1.1970  acc_e=85.28%  acc_l=7.85%
[04:20:07][rank0]   New best val loss=-5.7223 -> /scratch/yuvraj17/adaptive_tracing_scratch/adaptive_tracer/logs/sockshop_lstm_100ep_ordinal_356191/model_best.pt
[04:20:46][rank0] Epoch  68/100  loss=-5.6296  acc_e=85.23%  acc_l=12.13%  elapsed=4:02:39
[04:21:37][rank0] --- Validation @ step 10800 ---
[04:22:23][rank0]   val loss=-5.7008  loss_e=1.1972  acc_e=85.29%  acc_l=8.06%
[04:23:52][rank0] --- Validation @ step 10900 ---
[04:24:38][rank0]   val loss=-5.7807  loss_e=1.1968  acc_e=85.29%  acc_l=14.50%
[04:24:38][rank0]   New best val loss=-5.7807 -> /scratch/yuvraj17/adaptive_tracing_scratch/adaptive_tracer/logs/sockshop_lstm_100ep_ordinal_356191/model_best.pt
[04:24:40][rank0] Epoch  69/100  loss=-5.6997  acc_e=85.23%  acc_l=12.17%  elapsed=4:06:33
[04:26:09][rank0] step= 11000  epoch=70  loss=-5.7184  acc_e=85.18%  lr=2.83e-04  elapsed=4:08:02
[04:26:09][rank0] --- Validation @ step 11000 ---
[04:26:55][rank0]   val loss=-5.8207  loss_e=1.1968  acc_e=85.31%  acc_l=5.22%
[04:26:55][rank0]   New best val loss=-5.8207 -> /scratch/yuvraj17/adaptive_tracing_scratch/adaptive_tracer/logs/sockshop_lstm_100ep_ordinal_356191/model_best.pt
[04:27:49][rank0] Epoch  70/100  loss=-5.7472  acc_e=85.24%  acc_l=12.45%  elapsed=4:09:42
[04:28:27][rank0] --- Validation @ step 11100 ---
[04:29:12][rank0]   val loss=-5.8645  loss_e=1.1965  acc_e=85.31%  acc_l=9.32%
[04:29:13][rank0]   New best val loss=-5.8645 -> /scratch/yuvraj17/adaptive_tracing_scratch/adaptive_tracer/logs/sockshop_lstm_100ep_ordinal_356191/model_best.pt
[04:30:41][rank0] --- Validation @ step 11200 ---
[04:31:26][rank0]   val loss=-5.9546  loss_e=1.1969  acc_e=85.32%  acc_l=26.70%
[04:31:27][rank0]   New best val loss=-5.9546 -> /scratch/yuvraj17/adaptive_tracing_scratch/adaptive_tracer/logs/sockshop_lstm_100ep_ordinal_356191/model_best.pt
[04:31:44][rank0] Epoch  71/100  loss=-5.8282  acc_e=85.25%  acc_l=14.26%  elapsed=4:13:36
[04:32:58][rank0] --- Validation @ step 11300 ---
[04:33:44][rank0]   val loss=-5.9815  loss_e=1.1960  acc_e=85.33%  acc_l=5.34%
[04:33:44][rank0]   New best val loss=-5.9815 -> /scratch/yuvraj17/adaptive_tracing_scratch/adaptive_tracer/logs/sockshop_lstm_100ep_ordinal_356191/model_best.pt
[04:34:53][rank0] Epoch  72/100  loss=-5.9076  acc_e=85.26%  acc_l=12.13%  elapsed=4:16:46
[04:35:16][rank0] --- Validation @ step 11400 ---
[04:36:01][rank0]   val loss=-6.0012  loss_e=1.1960  acc_e=85.33%  acc_l=14.07%
[04:36:01][rank0]   New best val loss=-6.0012 -> /scratch/yuvraj17/adaptive_tracing_scratch/adaptive_tracer/logs/sockshop_lstm_100ep_ordinal_356191/model_best.pt
[04:37:31][rank0] step= 11500  epoch=73  loss=-5.9438  acc_e=85.27%  lr=2.37e-04  elapsed=4:19:24
[04:37:31][rank0] --- Validation @ step 11500 ---
[04:38:17][rank0]   val loss=-6.0139  loss_e=1.1957  acc_e=85.35%  acc_l=7.39%
[04:38:17][rank0]   New best val loss=-6.0139 -> /scratch/yuvraj17/adaptive_tracing_scratch/adaptive_tracer/logs/sockshop_lstm_100ep_ordinal_356191/model_best.pt
[04:38:47][rank0] Epoch  73/100  loss=-5.9633  acc_e=85.27%  acc_l=12.28%  elapsed=4:20:40
[04:39:47][rank0] --- Validation @ step 11600 ---
[04:40:33][rank0]   val loss=-6.1315  loss_e=1.1957  acc_e=85.35%  acc_l=12.65%
[04:40:33][rank0]   New best val loss=-6.1315 -> /scratch/yuvraj17/adaptive_tracing_scratch/adaptive_tracer/logs/sockshop_lstm_100ep_ordinal_356191/model_best.pt
[04:41:57][rank0] Epoch  74/100  loss=-6.0489  acc_e=85.28%  acc_l=13.15%  elapsed=4:23:49
[04:42:05][rank0] --- Validation @ step 11700 ---
[04:42:50][rank0]   val loss=-6.1388  loss_e=1.1955  acc_e=85.34%  acc_l=11.10%
[04:42:51][rank0]   New best val loss=-6.1388 -> /scratch/yuvraj17/adaptive_tracing_scratch/adaptive_tracer/logs/sockshop_lstm_100ep_ordinal_356191/model_best.pt
[04:44:21][rank0] --- Validation @ step 11800 ---
[04:45:06][rank0]   val loss=-6.1991  loss_e=1.1951  acc_e=85.36%  acc_l=4.35%
[04:45:07][rank0]   New best val loss=-6.1991 -> /scratch/yuvraj17/adaptive_tracing_scratch/adaptive_tracer/logs/sockshop_lstm_100ep_ordinal_356191/model_best.pt
[04:45:51][rank0] Epoch  75/100  loss=-6.1094  acc_e=85.29%  acc_l=14.19%  elapsed=4:27:44
[04:46:38][rank0] --- Validation @ step 11900 ---
[04:47:24][rank0]   val loss=-6.1751  loss_e=1.1956  acc_e=85.36%  acc_l=6.81%
[04:48:52][rank0] step= 12000  epoch=76  loss=-6.1056  acc_e=85.29%  lr=1.95e-04  elapsed=4:30:45
[04:48:52][rank0] --- Validation @ step 12000 ---
[04:49:38][rank0]   val loss=-6.1778  loss_e=1.1950  acc_e=85.36%  acc_l=5.45%
[04:49:45][rank0] Epoch  76/100  loss=-6.1548  acc_e=85.30%  acc_l=13.41%  elapsed=4:31:38
[04:51:09][rank0] --- Validation @ step 12100 ---
[04:51:55][rank0]   val loss=-6.3029  loss_e=1.1948  acc_e=85.39%  acc_l=11.41%
[04:51:55][rank0]   New best val loss=-6.3029 -> /scratch/yuvraj17/adaptive_tracing_scratch/adaptive_tracer/logs/sockshop_lstm_100ep_ordinal_356191/model_best.pt
[04:52:54][rank0] Epoch  77/100  loss=-6.2150  acc_e=85.30%  acc_l=14.86%  elapsed=4:34:47
[04:53:26][rank0] --- Validation @ step 12200 ---
[04:54:12][rank0]   val loss=-6.3286  loss_e=1.1949  acc_e=85.38%  acc_l=13.75%
[04:54:12][rank0]   New best val loss=-6.3286 -> /scratch/yuvraj17/adaptive_tracing_scratch/adaptive_tracer/logs/sockshop_lstm_100ep_ordinal_356191/model_best.pt
[04:55:41][rank0] --- Validation @ step 12300 ---
[04:56:26][rank0]   val loss=-6.3246  loss_e=1.1947  acc_e=85.39%  acc_l=13.79%
[04:56:49][rank0] Epoch  78/100  loss=-6.2568  acc_e=85.30%  acc_l=12.46%  elapsed=4:38:42
[04:57:58][rank0] --- Validation @ step 12400 ---
[04:58:43][rank0]   val loss=-6.3587  loss_e=1.1944  acc_e=85.39%  acc_l=14.88%
[04:58:44][rank0]   New best val loss=-6.3587 -> /scratch/yuvraj17/adaptive_tracing_scratch/adaptive_tracer/logs/sockshop_lstm_100ep_ordinal_356191/model_best.pt
[04:59:57][rank0] Epoch  79/100  loss=-6.3079  acc_e=85.31%  acc_l=10.85%  elapsed=4:41:50
[05:00:15][rank0] step= 12500  epoch=80  loss=-6.1523  acc_e=85.46%  lr=1.57e-04  elapsed=4:42:07
[05:00:15][rank0] --- Validation @ step 12500 ---
[05:01:00][rank0]   val loss=-6.4145  loss_e=1.1945  acc_e=85.39%  acc_l=18.32%
[05:01:00][rank0]   New best val loss=-6.4145 -> /scratch/yuvraj17/adaptive_tracing_scratch/adaptive_tracer/logs/sockshop_lstm_100ep_ordinal_356191/model_best.pt
[05:02:31][rank0] --- Validation @ step 12600 ---
[05:03:16][rank0]   val loss=-6.4291  loss_e=1.1943  acc_e=85.40%  acc_l=9.19%
[05:03:17][rank0]   New best val loss=-6.4291 -> /scratch/yuvraj17/adaptive_tracing_scratch/adaptive_tracer/logs/sockshop_lstm_100ep_ordinal_356191/model_best.pt
[05:03:52][rank0] Epoch  80/100  loss=-6.3424  acc_e=85.32%  acc_l=13.70%  elapsed=4:45:45
[05:04:46][rank0] --- Validation @ step 12700 ---
[05:05:32][rank0]   val loss=-6.4920  loss_e=1.1943  acc_e=85.39%  acc_l=6.54%
[05:05:32][rank0]   New best val loss=-6.4920 -> /scratch/yuvraj17/adaptive_tracing_scratch/adaptive_tracer/logs/sockshop_lstm_100ep_ordinal_356191/model_best.pt
[05:07:01][rank0] Epoch  81/100  loss=-6.3966  acc_e=85.33%  acc_l=15.44%  elapsed=4:48:54
[05:07:03][rank0] --- Validation @ step 12800 ---
[05:07:49][rank0]   val loss=-6.5010  loss_e=1.1941  acc_e=85.41%  acc_l=8.08%
[05:07:49][rank0]   New best val loss=-6.5010 -> /scratch/yuvraj17/adaptive_tracing_scratch/adaptive_tracer/logs/sockshop_lstm_100ep_ordinal_356191/model_best.pt
[05:09:19][rank0] --- Validation @ step 12900 ---
[05:10:05][rank0]   val loss=-6.5019  loss_e=1.1943  acc_e=85.40%  acc_l=7.76%
[05:10:05][rank0]   New best val loss=-6.5019 -> /scratch/yuvraj17/adaptive_tracing_scratch/adaptive_tracer/logs/sockshop_lstm_100ep_ordinal_356191/model_best.pt
[05:10:56][rank0] Epoch  82/100  loss=-6.4391  acc_e=85.33%  acc_l=8.60%  elapsed=4:52:48
[05:11:37][rank0] step= 13000  epoch=83  loss=-6.7572  acc_e=85.39%  lr=1.24e-04  elapsed=4:53:30
[05:11:37][rank0] --- Validation @ step 13000 ---
[05:12:23][rank0]   val loss=-6.5393  loss_e=1.1939  acc_e=85.41%  acc_l=11.85%
[05:12:23][rank0]   New best val loss=-6.5393 -> /scratch/yuvraj17/adaptive_tracing_scratch/adaptive_tracer/logs/sockshop_lstm_100ep_ordinal_356191/model_best.pt
[05:13:51][rank0] --- Validation @ step 13100 ---
[05:14:37][rank0]   val loss=-6.5868  loss_e=1.1939  acc_e=85.42%  acc_l=4.77%
[05:14:37][rank0]   New best val loss=-6.5868 -> /scratch/yuvraj17/adaptive_tracing_scratch/adaptive_tracer/logs/sockshop_lstm_100ep_ordinal_356191/model_best.pt
[05:14:50][rank0] Epoch  83/100  loss=-6.4873  acc_e=85.34%  acc_l=15.30%  elapsed=4:56:43
[05:16:09][rank0] --- Validation @ step 13200 ---
[05:16:54][rank0]   val loss=-6.6049  loss_e=1.1937  acc_e=85.42%  acc_l=13.14%
[05:16:54][rank0]   New best val loss=-6.6049 -> /scratch/yuvraj17/adaptive_tracing_scratch/adaptive_tracer/logs/sockshop_lstm_100ep_ordinal_356191/model_best.pt
[05:17:59][rank0] Epoch  84/100  loss=-6.5311  acc_e=85.35%  acc_l=9.43%  elapsed=4:59:52
[05:18:26][rank0] --- Validation @ step 13300 ---
[05:19:11][rank0]   val loss=-6.6347  loss_e=1.1935  acc_e=85.43%  acc_l=8.13%
[05:19:11][rank0]   New best val loss=-6.6347 -> /scratch/yuvraj17/adaptive_tracing_scratch/adaptive_tracer/logs/sockshop_lstm_100ep_ordinal_356191/model_best.pt
[05:20:41][rank0] --- Validation @ step 13400 ---
[05:21:27][rank0]   val loss=-6.6711  loss_e=1.1933  acc_e=85.44%  acc_l=4.91%
[05:21:27][rank0]   New best val loss=-6.6711 -> /scratch/yuvraj17/adaptive_tracing_scratch/adaptive_tracer/logs/sockshop_lstm_100ep_ordinal_356191/model_best.pt
[05:21:54][rank0] Epoch  85/100  loss=-6.5580  acc_e=85.35%  acc_l=16.19%  elapsed=5:03:47
[05:22:57][rank0] step= 13500  epoch=86  loss=-6.5434  acc_e=85.31%  lr=9.74e-05  elapsed=5:04:50
[05:22:57][rank0] --- Validation @ step 13500 ---
[05:23:43][rank0]   val loss=-6.6479  loss_e=1.1934  acc_e=85.43%  acc_l=11.59%
[05:25:02][rank0] Epoch  86/100  loss=-6.5851  acc_e=85.36%  acc_l=9.66%  elapsed=5:06:55
[05:25:14][rank0] --- Validation @ step 13600 ---
[05:25:59][rank0]   val loss=-6.6909  loss_e=1.1936  acc_e=85.43%  acc_l=6.29%
[05:26:00][rank0]   New best val loss=-6.6909 -> /scratch/yuvraj17/adaptive_tracing_scratch/adaptive_tracer/logs/sockshop_lstm_100ep_ordinal_356191/model_best.pt
[05:27:30][rank0] --- Validation @ step 13700 ---
[05:28:15][rank0]   val loss=-6.7009  loss_e=1.1933  acc_e=85.44%  acc_l=30.82%
[05:28:16][rank0]   New best val loss=-6.7009 -> /scratch/yuvraj17/adaptive_tracing_scratch/adaptive_tracer/logs/sockshop_lstm_100ep_ordinal_356191/model_best.pt
[05:28:57][rank0] Epoch  87/100  loss=-6.6228  acc_e=85.35%  acc_l=18.02%  elapsed=5:10:50
[05:29:46][rank0] --- Validation @ step 13800 ---
[05:30:32][rank0]   val loss=-6.7153  loss_e=1.1933  acc_e=85.45%  acc_l=4.40%
[05:30:32][rank0]   New best val loss=-6.7153 -> /scratch/yuvraj17/adaptive_tracing_scratch/adaptive_tracer/logs/sockshop_lstm_100ep_ordinal_356191/model_best.pt
[05:32:01][rank0] --- Validation @ step 13900 ---
[05:32:47][rank0]   val loss=-6.7658  loss_e=1.1932  acc_e=85.44%  acc_l=11.49%
[05:32:47][rank0]   New best val loss=-6.7658 -> /scratch/yuvraj17/adaptive_tracing_scratch/adaptive_tracer/logs/sockshop_lstm_100ep_ordinal_356191/model_best.pt
[05:32:51][rank0] Epoch  88/100  loss=-6.6605  acc_e=85.36%  acc_l=10.48%  elapsed=5:14:44
[05:34:18][rank0] step= 14000  epoch=89  loss=-6.6528  acc_e=85.31%  lr=7.62e-05  elapsed=5:16:11
[05:34:18][rank0] --- Validation @ step 14000 ---
[05:35:04][rank0]   val loss=-6.7681  loss_e=1.1932  acc_e=85.44%  acc_l=6.40%
[05:35:04][rank0]   New best val loss=-6.7681 -> /scratch/yuvraj17/adaptive_tracing_scratch/adaptive_tracer/logs/sockshop_lstm_100ep_ordinal_356191/model_best.pt
[05:36:00][rank0] Epoch  89/100  loss=-6.6801  acc_e=85.36%  acc_l=7.87%  elapsed=5:17:53
[05:36:36][rank0] --- Validation @ step 14100 ---
[05:37:21][rank0]   val loss=-6.7889  loss_e=1.1931  acc_e=85.45%  acc_l=26.48%
[05:37:21][rank0]   New best val loss=-6.7889 -> /scratch/yuvraj17/adaptive_tracing_scratch/adaptive_tracer/logs/sockshop_lstm_100ep_ordinal_356191/model_best.pt
[05:38:50][rank0] --- Validation @ step 14200 ---
[05:39:35][rank0]   val loss=-6.8187  loss_e=1.1928  acc_e=85.46%  acc_l=14.56%
[05:39:36][rank0]   New best val loss=-6.8187 -> /scratch/yuvraj17/adaptive_tracing_scratch/adaptive_tracer/logs/sockshop_lstm_100ep_ordinal_356191/model_best.pt
[05:39:54][rank0] Epoch  90/100  loss=-6.7228  acc_e=85.37%  acc_l=22.30%  elapsed=5:21:47
[05:41:07][rank0] --- Validation @ step 14300 ---
[05:41:52][rank0]   val loss=-6.8359  loss_e=1.1929  acc_e=85.45%  acc_l=9.68%
[05:41:53][rank0]   New best val loss=-6.8359 -> /scratch/yuvraj17/adaptive_tracing_scratch/adaptive_tracer/logs/sockshop_lstm_100ep_ordinal_356191/model_best.pt
[05:43:03][rank0] Epoch  91/100  loss=-6.7432  acc_e=85.37%  acc_l=10.12%  elapsed=5:24:56
[05:43:24][rank0] --- Validation @ step 14400 ---
[05:44:09][rank0]   val loss=-6.8490  loss_e=1.1930  acc_e=85.45%  acc_l=10.97%
[05:44:10][rank0]   New best val loss=-6.8490 -> /scratch/yuvraj17/adaptive_tracing_scratch/adaptive_tracer/logs/sockshop_lstm_100ep_ordinal_356191/model_best.pt
[05:45:40][rank0] step= 14500  epoch=92  loss=-6.7691  acc_e=85.36%  lr=6.11e-05  elapsed=5:27:33
[05:45:40][rank0] --- Validation @ step 14500 ---
[05:46:25][rank0]   val loss=-6.8643  loss_e=1.1929  acc_e=85.45%  acc_l=9.22%
[05:46:26][rank0]   New best val loss=-6.8643 -> /scratch/yuvraj17/adaptive_tracing_scratch/adaptive_tracer/logs/sockshop_lstm_100ep_ordinal_356191/model_best.pt
[05:46:57][rank0] Epoch  92/100  loss=-6.7706  acc_e=85.37%  acc_l=8.30%  elapsed=5:28:50
[05:47:55][rank0] --- Validation @ step 14600 ---
[05:48:41][rank0]   val loss=-6.8571  loss_e=1.1930  acc_e=85.46%  acc_l=14.45%
[05:50:06][rank0] Epoch  93/100  loss=-6.7878  acc_e=85.38%  acc_l=17.66%  elapsed=5:31:59
[05:50:12][rank0] --- Validation @ step 14700 ---
[05:50:58][rank0]   val loss=-6.8925  loss_e=1.1928  acc_e=85.46%  acc_l=20.73%
[05:50:58][rank0]   New best val loss=-6.8925 -> /scratch/yuvraj17/adaptive_tracing_scratch/adaptive_tracer/logs/sockshop_lstm_100ep_ordinal_356191/model_best.pt
[05:52:28][rank0] --- Validation @ step 14800 ---
[05:53:14][rank0]   val loss=-6.9104  loss_e=1.1929  acc_e=85.46%  acc_l=10.21%
[05:53:14][rank0]   New best val loss=-6.9104 -> /scratch/yuvraj17/adaptive_tracing_scratch/adaptive_tracer/logs/sockshop_lstm_100ep_ordinal_356191/model_best.pt
[05:54:00][rank0] Epoch  94/100  loss=-6.8059  acc_e=85.38%  acc_l=15.79%  elapsed=5:35:53
[05:54:46][rank0] --- Validation @ step 14900 ---
[05:55:31][rank0]   val loss=-6.9204  loss_e=1.1927  acc_e=85.46%  acc_l=11.52%
[05:55:32][rank0]   New best val loss=-6.9204 -> /scratch/yuvraj17/adaptive_tracing_scratch/adaptive_tracer/logs/sockshop_lstm_100ep_ordinal_356191/model_best.pt
[05:57:00][rank0] step= 15000  epoch=95  loss=-6.7573  acc_e=85.37%  lr=5.23e-05  elapsed=5:38:53
[05:57:00][rank0] --- Validation @ step 15000 ---
[05:57:45][rank0]   val loss=-6.9344  loss_e=1.1927  acc_e=85.46%  acc_l=7.77%
[05:57:46][rank0]   New best val loss=-6.9344 -> /scratch/yuvraj17/adaptive_tracing_scratch/adaptive_tracer/logs/sockshop_lstm_100ep_ordinal_356191/model_best.pt
[05:57:46][rank0]   Checkpoint -> /scratch/yuvraj17/adaptive_tracing_scratch/adaptive_tracer/logs/sockshop_lstm_100ep_ordinal_356191/ckpt_0015000.pt
[05:57:55][rank0] Epoch  95/100  loss=-6.8307  acc_e=85.38%  acc_l=10.93%  elapsed=5:39:48
[05:59:17][rank0] --- Validation @ step 15100 ---
[06:00:03][rank0]   val loss=-6.9481  loss_e=1.1927  acc_e=85.46%  acc_l=6.98%
[06:00:03][rank0]   New best val loss=-6.9481 -> /scratch/yuvraj17/adaptive_tracing_scratch/adaptive_tracer/logs/sockshop_lstm_100ep_ordinal_356191/model_best.pt
[06:01:04][rank0] Epoch  96/100  loss=-6.8433  acc_e=85.38%  acc_l=8.77%  elapsed=5:42:57
[06:01:34][rank0] --- Validation @ step 15200 ---
[06:02:20][rank0]   val loss=-6.9433  loss_e=1.1926  acc_e=85.47%  acc_l=7.11%
[06:03:48][rank0] --- Validation @ step 15300 ---
[06:04:34][rank0]   val loss=-6.9462  loss_e=1.1926  acc_e=85.47%  acc_l=24.31%
[06:04:58][rank0] Epoch  97/100  loss=-6.8600  acc_e=85.39%  acc_l=16.19%  elapsed=5:46:51
[06:06:05][rank0] --- Validation @ step 15400 ---
[06:06:51][rank0]   val loss=-6.9647  loss_e=1.1927  acc_e=85.46%  acc_l=15.96%
[06:06:51][rank0]   New best val loss=-6.9647 -> /scratch/yuvraj17/adaptive_tracing_scratch/adaptive_tracer/logs/sockshop_lstm_100ep_ordinal_356191/model_best.pt
[06:08:07][rank0] Epoch  98/100  loss=-6.8799  acc_e=85.39%  acc_l=17.30%  elapsed=5:49:59
[06:08:22][rank0] step= 15500  epoch=99  loss=-6.7824  acc_e=85.51%  lr=5.01e-05  elapsed=5:50:15
[06:08:22][rank0] --- Validation @ step 15500 ---
[06:09:07][rank0]   val loss=-6.9964  loss_e=1.1925  acc_e=85.47%  acc_l=13.15%
[06:09:08][rank0]   New best val loss=-6.9964 -> /scratch/yuvraj17/adaptive_tracing_scratch/adaptive_tracer/logs/sockshop_lstm_100ep_ordinal_356191/model_best.pt
[06:10:38][rank0] --- Validation @ step 15600 ---
[06:11:23][rank0]   val loss=-7.0010  loss_e=1.1925  acc_e=85.47%  acc_l=8.60%
[06:11:24][rank0]   New best val loss=-7.0010 -> /scratch/yuvraj17/adaptive_tracing_scratch/adaptive_tracer/logs/sockshop_lstm_100ep_ordinal_356191/model_best.pt
[06:12:01][rank0] Epoch  99/100  loss=-6.9081  acc_e=85.39%  acc_l=11.88%  elapsed=5:53:54
[06:12:54][rank0] --- Validation @ step 15700 ---
[06:13:39][rank0]   val loss=-7.0055  loss_e=1.1925  acc_e=85.47%  acc_l=9.29%
[06:13:40][rank0]   New best val loss=-7.0055 -> /scratch/yuvraj17/adaptive_tracing_scratch/adaptive_tracer/logs/sockshop_lstm_100ep_ordinal_356191/model_best.pt
[06:15:10][rank0] --- Validation @ step 15800 ---
[06:15:55][rank0]   val loss=-7.0267  loss_e=1.1925  acc_e=85.47%  acc_l=7.36%
[06:15:56][rank0]   New best val loss=-7.0267 -> /scratch/yuvraj17/adaptive_tracing_scratch/adaptive_tracer/logs/sockshop_lstm_100ep_ordinal_356191/model_best.pt
[06:15:56][rank0] Epoch 100/100  loss=-6.9212  acc_e=85.39%  acc_l=9.57%  elapsed=5:57:49
[06:15:56][rank0] ======================================================================
[06:15:56][rank0] Training complete — OOD evaluation
[06:15:56][rank0] ======================================================================
[06:15:56][rank0] Loaded best model from /scratch/yuvraj17/adaptive_tracing_scratch/adaptive_tracer/logs/sockshop_lstm_100ep_ordinal_356191/model_best.pt
[06:15:56][rank0] [OOD] Scoring test_id (normal baseline) ...
[06:16:42][rank0] [OOD] Scoring test_ood_cpu ...
[06:17:39][rank0] [OOD] cpu     AUROC=0.7487  AUPR=0.7586  (normal=316,026  ood=387,625)
[06:17:39][rank0] [OOD] Scoring test_ood_disk ...
[06:18:41][rank0] [OOD] disk    AUROC=0.8137  AUPR=0.8379  (normal=316,026  ood=425,955)
[06:18:41][rank0] [OOD] Scoring test_ood_mem ...
[06:19:39][rank0] [OOD] mem     AUROC=0.7846  AUPR=0.7920  (normal=316,026  ood=385,131)
[06:19:39][rank0] [OOD] Scoring test_ood_net ...
[06:20:11][rank0] [OOD] net     AUROC=0.6684  AUPR=0.5823  (normal=316,026  ood=220,229)
[06:20:11][rank0] OOD results -> /scratch/yuvraj17/adaptive_tracing_scratch/adaptive_tracer/logs/sockshop_lstm_100ep_ordinal_356191/ood_results.json
