======================================================================
  SOCK SHOP TRAFFIC GENERATOR — RESULTS SUMMARY
======================================================================
  Total requests : 55302
  Passed         : 53493  (96.7%)
  Failed         : 1809  (3.3%)
  Avg latency    : 92 ms
  Min latency    : 4 ms
  Max latency    : 1754 ms

  Scenario                       Requests   Pass%   Avg(ms)
  ------------------------------ -------- ------- ---------
  add_to_cart                        3647  100.0%       113
  basket_page                        3671  100.0%        89
  browse_catalogue                   5772  100.0%        74
  browse_homepage                    6172  100.0%        33
  catalogue_size                     5772  100.0%        81
  checkout_add_to_cart               2093  100.0%       107
  checkout_view_item                 2093  100.0%        81
  delete_cart_item                   1220  100.0%        89
  detail_page                        4069  100.0%        81
  get_address                        1213  100.0%        82
  get_card                           1200  100.0%        82
  get_orders                         1590  100.0%        75
  get_tags                           5772  100.0%        77
  login                              2289  100.0%       187
  place_order                        2093   13.6%       141
  register                            200  100.0%       968
  setup_address                       200  100.0%       539
  setup_card                          200  100.0%       521
  update_cart_item                   1192  100.0%        90
  view_item                          4844  100.0%        82
======================================================================

07:18:11  INFO     Results written to /home/sehgaluv17/experiments/lttng_only/run01/load_results.csv (55302 rows)

✅ LTTng-ONLY run01 COMPLETE
📊 Requests    : 55302  (in 305s)
📈 Throughput  : 181.3 req/s (approx)
📁 Output      : /home/sehgaluv17/experiments/lttng_only/run01